<?xml version="1.0" encoding="UTF-8"?>
<testsuite xmlns:xsi="http://www.w3.org/2001/XMLSchema-instance" xsi:noNamespaceSchemaLocation="https://maven.apache.org/surefire/maven-surefire-plugin/xsd/surefire-test-report.xsd" version="3.0.2" name="org.apache.commons.io.DeleteDirectoryTest" time="0.006" tests="4" errors="0" skipped="4" failures="0">
  <properties/>
  <testcase name="testDeleteDirectoryWithPathUtils" classname="org.apache.commons.io.DeleteDirectoryTest" time="0.0">
    <skipped message="Disabled on operating system: Windows 10"/>
  </testcase>
  <testcase name="testDeleteDirectoryWithPathUtilsOverrideReadOnly" classname="org.apache.commons.io.DeleteDirectoryTest" time="0.0">
    <skipped message="Disabled on operating system: Windows 10"/>
  </testcase>
  <testcase name="testDeleteDirectoryWithFileUtils" classname="org.apache.commons.io.DeleteDirectoryTest" time="0.0">
    <skipped message="Disabled on operating system: Windows 10"/>
  </testcase>
  <testcase name="testDeleteFileCheckParentAccess" classname="org.apache.commons.io.DeleteDirectoryTest" time="0.0">
    <skipped message="Disabled on operating system: Windows 10"/>
  </testcase>
</testsuite>