<?xml version="1.0" encoding="UTF-8"?>
<testsuite xmlns:xsi="http://www.w3.org/2001/XMLSchema-instance" xsi:noNamespaceSchemaLocation="https://maven.apache.org/surefire/maven-surefire-plugin/xsd/surefire-test-report.xsd" version="3.0.2" name="org.apache.commons.io.FileUtilsDeleteDirectoryLinuxTest" time="0.008" tests="11" errors="0" skipped="11" failures="0">
  <properties/>
  <testcase name="testDeletesRegular" classname="org.apache.commons.io.FileUtilsDeleteDirectoryLinuxTest" time="0.0">
    <skipped message="Disabled on operating system: Windows 10"/>
  </testcase>
  <testcase name="testDeleteDirWithSymlinkFile" classname="org.apache.commons.io.FileUtilsDeleteDirectoryLinuxTest" time="0.0">
    <skipped message="Disabled on operating system: Windows 10"/>
  </testcase>
  <testcase name="testDeleteDirWithASymlinkDir" classname="org.apache.commons.io.FileUtilsDeleteDirectoryLinuxTest" time="0.0">
    <skipped message="Disabled on operating system: Windows 10"/>
  </testcase>
  <testcase name="testDeleteDirectoryNullArgument" classname="org.apache.commons.io.FileUtilsDeleteDirectoryLinuxTest" time="0.0">
    <skipped message="Disabled on operating system: Windows 10"/>
  </testcase>
  <testcase name="testDeleteParentSymlink" classname="org.apache.commons.io.FileUtilsDeleteDirectoryLinuxTest" time="0.0">
    <skipped message="Disabled on operating system: Windows 10"/>
  </testcase>
  <testcase name="testDeletesNested" classname="org.apache.commons.io.FileUtilsDeleteDirectoryLinuxTest" time="0.0">
    <skipped message="Disabled on operating system: Windows 10"/>
  </testcase>
  <testcase name="testDeleteDirWithASymlinkDir2" classname="org.apache.commons.io.FileUtilsDeleteDirectoryLinuxTest" time="0.0">
    <skipped message="Disabled on operating system: Windows 10"/>
  </testcase>
  <testcase name="testDeleteParentSymlink2" classname="org.apache.commons.io.FileUtilsDeleteDirectoryLinuxTest" time="0.0">
    <skipped message="Disabled on operating system: Windows 10"/>
  </testcase>
  <testcase name="testDeleteInvalidLinks" classname="org.apache.commons.io.FileUtilsDeleteDirectoryLinuxTest" time="0.0">
    <skipped message="Disabled on operating system: Windows 10"/>
  </testcase>
  <testcase name="testThrowsOnNullList" classname="org.apache.commons.io.FileUtilsDeleteDirectoryLinuxTest" time="0.0">
    <skipped message="Disabled on operating system: Windows 10"/>
  </testcase>
  <testcase name="testThrowsOnCannotDeleteFile" classname="org.apache.commons.io.FileUtilsDeleteDirectoryLinuxTest" time="0.0">
    <skipped message="Disabled on operating system: Windows 10"/>
  </testcase>
</testsuite>