<?xml version="1.0" encoding="UTF-8"?>
<testsuite xmlns:xsi="http://www.w3.org/2001/XMLSchema-instance" xsi:noNamespaceSchemaLocation="https://maven.apache.org/surefire/maven-surefire-plugin/xsd/surefire-test-report.xsd" version="3.0.2" name="org.apache.commons.io.input.CharSequenceInputStreamTest" time="1.823" tests="416" errors="0" skipped="0" failures="0">
  <properties>
    <property name="sun.desktop" value="windows"/>
    <property name="awt.toolkit" value="sun.awt.windows.WToolkit"/>
    <property name="file.encoding.pkg" value="sun.io"/>
    <property name="java.specification.version" value="1.8"/>
    <property name="sun.cpu.isalist" value="amd64"/>
    <property name="sun.jnu.encoding" value="Cp1253"/>
    <property name="java.class.path" value="C:\Users\user\Code_generation_LLMs\AutoTestLab\packages\commons-io-2.17.0-src\target\test-classes;C:\Users\user\Code_generation_LLMs\AutoTestLab\packages\commons-io-2.17.0-src\target\classes;C:\Users\user\.m2\repository\org\junit\jupiter\junit-jupiter\5.11.0\junit-jupiter-5.11.0.jar;C:\Users\user\.m2\repository\org\junit\jupiter\junit-jupiter-api\5.11.0\junit-jupiter-api-5.11.0.jar;C:\Users\user\.m2\repository\org\opentest4j\opentest4j\1.3.0\opentest4j-1.3.0.jar;C:\Users\user\.m2\repository\org\junit\platform\junit-platform-commons\1.11.0\junit-platform-commons-1.11.0.jar;C:\Users\user\.m2\repository\org\apiguardian\apiguardian-api\1.1.2\apiguardian-api-1.1.2.jar;C:\Users\user\.m2\repository\org\junit\jupiter\junit-jupiter-params\5.11.0\junit-jupiter-params-5.11.0.jar;C:\Users\user\.m2\repository\org\junit\jupiter\junit-jupiter-engine\5.11.0\junit-jupiter-engine-5.11.0.jar;C:\Users\user\.m2\repository\org\junit\platform\junit-platform-engine\1.11.0\junit-platform-engine-1.11.0.jar;C:\Users\user\.m2\repository\org\junit-pioneer\junit-pioneer\1.9.1\junit-pioneer-1.9.1.jar;C:\Users\user\.m2\repository\org\junit\platform\junit-platform-launcher\1.11.0\junit-platform-launcher-1.11.0.jar;C:\Users\user\.m2\repository\net\bytebuddy\byte-buddy\1.15.1\byte-buddy-1.15.1.jar;C:\Users\user\.m2\repository\net\bytebuddy\byte-buddy-agent\1.15.1\byte-buddy-agent-1.15.1.jar;C:\Users\user\.m2\repository\org\mockito\mockito-inline\4.11.0\mockito-inline-4.11.0.jar;C:\Users\user\.m2\repository\org\mockito\mockito-core\4.11.0\mockito-core-4.11.0.jar;C:\Users\user\.m2\repository\org\objenesis\objenesis\3.3\objenesis-3.3.jar;C:\Users\user\.m2\repository\com\google\jimfs\jimfs\1.3.0\jimfs-1.3.0.jar;C:\Users\user\.m2\repository\com\google\guava\guava\32.1.1-jre\guava-32.1.1-jre.jar;C:\Users\user\.m2\repository\com\google\guava\failureaccess\1.0.1\failureaccess-1.0.1.jar;C:\Users\user\.m2\repository\com\google\guava\listenablefuture\9999.0-empty-to-avoid-conflict-with-guava\listenablefuture-9999.0-empty-to-avoid-conflict-with-guava.jar;C:\Users\user\.m2\repository\com\google\code\findbugs\jsr305\3.0.2\jsr305-3.0.2.jar;C:\Users\user\.m2\repository\org\checkerframework\checker-qual\3.33.0\checker-qual-3.33.0.jar;C:\Users\user\.m2\repository\com\google\errorprone\error_prone_annotations\2.18.0\error_prone_annotations-2.18.0.jar;C:\Users\user\.m2\repository\com\google\j2objc\j2objc-annotations\2.8\j2objc-annotations-2.8.jar;C:\Users\user\.m2\repository\org\apache\commons\commons-lang3\3.17.0\commons-lang3-3.17.0.jar;C:\Users\user\.m2\repository\commons-codec\commons-codec\1.17.1\commons-codec-1.17.1.jar;C:\Users\user\.m2\repository\org\openjdk\jmh\jmh-core\1.37\jmh-core-1.37.jar;C:\Users\user\.m2\repository\net\sf\jopt-simple\jopt-simple\5.0.4\jopt-simple-5.0.4.jar;C:\Users\user\.m2\repository\org\apache\commons\commons-math3\3.6.1\commons-math3-3.6.1.jar;C:\Users\user\.m2\repository\org\openjdk\jmh\jmh-generator-annprocess\1.37\jmh-generator-annprocess-1.37.jar;"/>
    <property name="java.vm.vendor" value="Oracle Corporation"/>
    <property name="sun.arch.data.model" value="64"/>
    <property name="user.variant" value=""/>
    <property name="java.vendor.url" value="http://java.oracle.com/"/>
    <property name="user.timezone" value="Europe/Athens"/>
    <property name="java.vm.specification.version" value="1.8"/>
    <property name="os.name" value="Windows 10"/>
    <property name="user.country" value="GR"/>
    <property name="sun.java.launcher" value="SUN_STANDARD"/>
    <property name="sun.boot.library.path" value="C:\Program Files\Java\jdk1.8.0_202\jre\bin"/>
    <property name="sun.java.command" value="C:\Users\user\AppData\Local\Temp\surefire4950206674084714886\surefirebooter-20241012120841129_357.jar C:\Users\user\AppData\Local\Temp\surefire4950206674084714886 2024-10-12T12-08-38_830-jvmRun1 surefire-20241012120841129_355tmp surefire_117-20241012120841129_356tmp"/>
    <property name="surefire.test.class.path" value="C:\Users\user\Code_generation_LLMs\AutoTestLab\packages\commons-io-2.17.0-src\target\test-classes;C:\Users\user\Code_generation_LLMs\AutoTestLab\packages\commons-io-2.17.0-src\target\classes;C:\Users\user\.m2\repository\org\junit\jupiter\junit-jupiter\5.11.0\junit-jupiter-5.11.0.jar;C:\Users\user\.m2\repository\org\junit\jupiter\junit-jupiter-api\5.11.0\junit-jupiter-api-5.11.0.jar;C:\Users\user\.m2\repository\org\opentest4j\opentest4j\1.3.0\opentest4j-1.3.0.jar;C:\Users\user\.m2\repository\org\junit\platform\junit-platform-commons\1.11.0\junit-platform-commons-1.11.0.jar;C:\Users\user\.m2\repository\org\apiguardian\apiguardian-api\1.1.2\apiguardian-api-1.1.2.jar;C:\Users\user\.m2\repository\org\junit\jupiter\junit-jupiter-params\5.11.0\junit-jupiter-params-5.11.0.jar;C:\Users\user\.m2\repository\org\junit\jupiter\junit-jupiter-engine\5.11.0\junit-jupiter-engine-5.11.0.jar;C:\Users\user\.m2\repository\org\junit\platform\junit-platform-engine\1.11.0\junit-platform-engine-1.11.0.jar;C:\Users\user\.m2\repository\org\junit-pioneer\junit-pioneer\1.9.1\junit-pioneer-1.9.1.jar;C:\Users\user\.m2\repository\org\junit\platform\junit-platform-launcher\1.11.0\junit-platform-launcher-1.11.0.jar;C:\Users\user\.m2\repository\net\bytebuddy\byte-buddy\1.15.1\byte-buddy-1.15.1.jar;C:\Users\user\.m2\repository\net\bytebuddy\byte-buddy-agent\1.15.1\byte-buddy-agent-1.15.1.jar;C:\Users\user\.m2\repository\org\mockito\mockito-inline\4.11.0\mockito-inline-4.11.0.jar;C:\Users\user\.m2\repository\org\mockito\mockito-core\4.11.0\mockito-core-4.11.0.jar;C:\Users\user\.m2\repository\org\objenesis\objenesis\3.3\objenesis-3.3.jar;C:\Users\user\.m2\repository\com\google\jimfs\jimfs\1.3.0\jimfs-1.3.0.jar;C:\Users\user\.m2\repository\com\google\guava\guava\32.1.1-jre\guava-32.1.1-jre.jar;C:\Users\user\.m2\repository\com\google\guava\failureaccess\1.0.1\failureaccess-1.0.1.jar;C:\Users\user\.m2\repository\com\google\guava\listenablefuture\9999.0-empty-to-avoid-conflict-with-guava\listenablefuture-9999.0-empty-to-avoid-conflict-with-guava.jar;C:\Users\user\.m2\repository\com\google\code\findbugs\jsr305\3.0.2\jsr305-3.0.2.jar;C:\Users\user\.m2\repository\org\checkerframework\checker-qual\3.33.0\checker-qual-3.33.0.jar;C:\Users\user\.m2\repository\com\google\errorprone\error_prone_annotations\2.18.0\error_prone_annotations-2.18.0.jar;C:\Users\user\.m2\repository\com\google\j2objc\j2objc-annotations\2.8\j2objc-annotations-2.8.jar;C:\Users\user\.m2\repository\org\apache\commons\commons-lang3\3.17.0\commons-lang3-3.17.0.jar;C:\Users\user\.m2\repository\commons-codec\commons-codec\1.17.1\commons-codec-1.17.1.jar;C:\Users\user\.m2\repository\org\openjdk\jmh\jmh-core\1.37\jmh-core-1.37.jar;C:\Users\user\.m2\repository\net\sf\jopt-simple\jopt-simple\5.0.4\jopt-simple-5.0.4.jar;C:\Users\user\.m2\repository\org\apache\commons\commons-math3\3.6.1\commons-math3-3.6.1.jar;C:\Users\user\.m2\repository\org\openjdk\jmh\jmh-generator-annprocess\1.37\jmh-generator-annprocess-1.37.jar;"/>
    <property name="sun.cpu.endian" value="little"/>
    <property name="user.home" value="C:\Users\user"/>
    <property name="user.language" value="el"/>
    <property name="java.specification.vendor" value="Oracle Corporation"/>
    <property name="java.home" value="C:\Program Files\Java\jdk1.8.0_202\jre"/>
    <property name="basedir" value="C:\Users\user\Code_generation_LLMs\AutoTestLab\packages\commons-io-2.17.0-src"/>
    <property name="file.separator" value="\"/>
    <property name="line.separator" value="&#10;"/>
    <property name="java.vm.specification.vendor" value="Oracle Corporation"/>
    <property name="java.specification.name" value="Java Platform API Specification"/>
    <property name="java.awt.graphicsenv" value="sun.awt.Win32GraphicsEnvironment"/>
    <property name="surefire.real.class.path" value="C:\Users\user\AppData\Local\Temp\surefire4950206674084714886\surefirebooter-20241012120841129_357.jar;C:\\Users\\user\\.m2\\repository\\org\\jacoco\\org.jacoco.agent\\0.8.12\\org.jacoco.agent-0.8.12-runtime.jar"/>
    <property name="sun.boot.class.path" value="C:\Program Files\Java\jdk1.8.0_202\jre\lib\resources.jar;C:\Program Files\Java\jdk1.8.0_202\jre\lib\rt.jar;C:\Program Files\Java\jdk1.8.0_202\jre\lib\sunrsasign.jar;C:\Program Files\Java\jdk1.8.0_202\jre\lib\jsse.jar;C:\Program Files\Java\jdk1.8.0_202\jre\lib\jce.jar;C:\Program Files\Java\jdk1.8.0_202\jre\lib\charsets.jar;C:\Program Files\Java\jdk1.8.0_202\jre\lib\jfr.jar;C:\Program Files\Java\jdk1.8.0_202\jre\classes"/>
    <property name="user.script" value=""/>
    <property name="sun.management.compiler" value="HotSpot 64-Bit Tiered Compilers"/>
    <property name="java.runtime.version" value="1.8.0_202-b08"/>
    <property name="user.name" value="user"/>
    <property name="path.separator" value=";"/>
    <property name="os.version" value="10.0"/>
    <property name="java.endorsed.dirs" value="C:\Program Files\Java\jdk1.8.0_202\jre\lib\endorsed"/>
    <property name="java.runtime.name" value="Java(TM) SE Runtime Environment"/>
    <property name="file.encoding" value="Cp1253"/>
    <property name="java.vm.name" value="Java HotSpot(TM) 64-Bit Server VM"/>
    <property name="localRepository" value="C:\Users\user\.m2\repository"/>
    <property name="java.vendor.url.bug" value="http://bugreport.sun.com/bugreport/"/>
    <property name="java.io.tmpdir" value="C:\Users\user\AppData\Local\Temp\"/>
    <property name="java.version" value="1.8.0_202"/>
    <property name="user.dir" value="C:\Users\user\Code_generation_LLMs\AutoTestLab\packages\commons-io-2.17.0-src"/>
    <property name="os.arch" value="amd64"/>
    <property name="java.vm.specification.name" value="Java Virtual Machine Specification"/>
    <property name="java.awt.printerjob" value="sun.awt.windows.WPrinterJob"/>
    <property name="sun.os.patch.level" value=""/>
    <property name="java.library.path" value="C:\Program Files\Java\jdk1.8.0_202\jre\bin;C:\WINDOWS\Sun\Java\bin;C:\WINDOWS\system32;C:\WINDOWS;C:\Users\user\miniconda3\envs\myenv;C:\Users\user\miniconda3\envs\myenv\Library\mingw-w64\bin;C:\Users\user\miniconda3\envs\myenv\Library\usr\bin;C:\Users\user\miniconda3\envs\myenv\Library\bin;C:\Users\user\miniconda3\envs\myenv\Scripts;C:\Users\user\miniconda3\envs\myenv\bin;C:\Program Files\NVIDIA\CUDNN\v9.0\bin;C:\Program Files\NVIDIA GPU Computing Toolkit\CUDA\v12.3\bin;C:\Program Files\NVIDIA GPU Computing Toolkit\CUDA\v12.3\libnvvp;C:\Program Files\Common Files\Oracle\Java\javapath;C:\Program Files (x86)\Common Files\Oracle\Java\java8path;C:\Program Files (x86)\Common Files\Oracle\Java\javapath;C:\WINDOWS\system32;C:\WINDOWS;C:\WINDOWS\System32\Wbem;C:\WINDOWS\System32\WindowsPowerShell\v1.0;C:\WINDOWS\System32\OpenSSH;C:\Program Files\Intel\WiFi\bin;C:\Program Files\Common Files\Intel\WirelessCommon;c:\Program Files (x86)\Intel\Intel(R) Management Engine Components\DAL;c:\Program Files\Intel\Intel(R) Management Engine Components\DAL;C:\Users\user\Desktop\Large Scale Data Management;C:\Program Files\Vagrant\bin;C:\Program Files\Git\cmd;C:\Program Files\apache-maven-3.9.6\bin;C:\Program Files\NVIDIA Corporation\Nsight Compute 2023.3.1;C:\Program Files (x86)\NVIDIA Corporation\PhysX\Common;C:\Program Files\NVIDIA Corporation\Installer2;C:\Program Files\nodejs;C:\Users\user\defects4j\framework\bin;C:\Program Files\Java\jdk1.8.0_202\bin;C:\Strawberry\c\bin;C:\Strawberry\perl\site\bin;C:\Strawberry\perl\bin;C:\Users\user\defects4j\framework\bin;C:\Windows\System32;C:\Program Files\TortoiseSVN\bin;C:\Program Files\Java\jdk1.8.0_202\bin;C:\Users\user\miniconda3\envs\ujb;C:\Users\user\miniconda3\envs\ujb\Library\mingw-w64\bin;C:\Users\user\miniconda3\envs\ujb\Library\usr\bin;C:\Users\user\miniconda3\envs\ujb\Library\bin;C:\Users\user\miniconda3\envs\ujb\Scripts;C:\Users\user\miniconda3\envs\ujb\bin;C:\Users\user\miniconda3\condabin;C:\Program Files\NVIDIA\CUDNN\v9.0\bin;C:\Program Files\NVIDIA GPU Computing Toolkit\CUDA\v12.3\bin;C:\Program Files\NVIDIA GPU Computing Toolkit\CUDA\v12.3\libnvvp;C:\Program Files\Common Files\Oracle\Java\javapath;C:\Program Files (x86)\Common Files\Oracle\Java\java8path;C:\Program Files (x86)\Common Files\Oracle\Java\javapath;C:\WINDOWS\system32;C:\WINDOWS;C:\WINDOWS\System32\Wbem;C:\WINDOWS\System32\WindowsPowerShell\v1.0;C:\WINDOWS\System32\OpenSSH;C:\Program Files\Intel\WiFi\bin;C:\Program Files\Common Files\Intel\WirelessCommon;c:\Program Files (x86)\Intel\Intel(R) Management Engine Components\DAL;c:\Program Files\Intel\Intel(R) Management Engine Components\DAL;C:\Users;C:\Users\user\AppData\Local\Programs\Microsoft VS Code\bin;."/>
    <property name="java.vm.info" value="mixed mode"/>
    <property name="java.vendor" value="Oracle Corporation"/>
    <property name="java.vm.version" value="25.202-b08"/>
    <property name="java.ext.dirs" value="C:\Program Files\Java\jdk1.8.0_202\jre\lib\ext;C:\WINDOWS\Sun\Java\lib\ext"/>
    <property name="sun.io.unicode.encoding" value="UnicodeLittle"/>
    <property name="java.class.version" value="52.0"/>
  </properties>
  <testcase name="testIO_356_B10_D10_S0_UTF8" classname="org.apache.commons.io.input.CharSequenceInputStreamTest" time="0.113"/>
  <testcase name="testLargeSingleByteRead_RequiredCharsets(String)[1]" classname="org.apache.commons.io.input.CharSequenceInputStreamTest" time="0.026"/>
  <testcase name="testLargeSingleByteRead_RequiredCharsets(String)[2]" classname="org.apache.commons.io.input.CharSequenceInputStreamTest" time="0.008"/>
  <testcase name="testLargeSingleByteRead_RequiredCharsets(String)[3]" classname="org.apache.commons.io.input.CharSequenceInputStreamTest" time="0.012"/>
  <testcase name="testLargeSingleByteRead_RequiredCharsets(String)[4]" classname="org.apache.commons.io.input.CharSequenceInputStreamTest" time="0.012"/>
  <testcase name="testLargeSingleByteRead_RequiredCharsets(String)[5]" classname="org.apache.commons.io.input.CharSequenceInputStreamTest" time="0.01"/>
  <testcase name="testLargeSingleByteRead_RequiredCharsets(String)[6]" classname="org.apache.commons.io.input.CharSequenceInputStreamTest" time="0.006"/>
  <testcase name="testIO_356_B10_D10_S1_UTF8" classname="org.apache.commons.io.input.CharSequenceInputStreamTest" time="0.028"/>
  <testcase name="testIO_356_B10_D10_S2_UTF8" classname="org.apache.commons.io.input.CharSequenceInputStreamTest" time="0.002"/>
  <testcase name="testLargeBufferedRead_UTF8" classname="org.apache.commons.io.input.CharSequenceInputStreamTest" time="0.006"/>
  <testcase name="testIO_356_B10_D10_S0_UTF16" classname="org.apache.commons.io.input.CharSequenceInputStreamTest" time="0.001"/>
  <testcase name="testCharacterCodingException" classname="org.apache.commons.io.input.CharSequenceInputStreamTest" time="0.057"/>
  <testcase name="testLargeSingleByteRead_UTF8" classname="org.apache.commons.io.input.CharSequenceInputStreamTest" time="0.004"/>
  <testcase name="testIO_356_Loop_UTF8" classname="org.apache.commons.io.input.CharSequenceInputStreamTest" time="0.004"/>
  <testcase name="testNullCharsetName" classname="org.apache.commons.io.input.CharSequenceInputStreamTest" time="0.044"/>
  <testcase name="testMarkSupported" classname="org.apache.commons.io.input.CharSequenceInputStreamTest" time="0.001"/>
  <testcase name="testResetCharsetName" classname="org.apache.commons.io.input.CharSequenceInputStreamTest" time="0.003"/>
  <testcase name="testAvailableAfterClose" classname="org.apache.commons.io.input.CharSequenceInputStreamTest" time="0.002"/>
  <testcase name="testReadZero_RequiredCharsets(String)[1]" classname="org.apache.commons.io.input.CharSequenceInputStreamTest" time="0.002"/>
  <testcase name="testReadZero_RequiredCharsets(String)[2]" classname="org.apache.commons.io.input.CharSequenceInputStreamTest" time="0.001"/>
  <testcase name="testReadZero_RequiredCharsets(String)[3]" classname="org.apache.commons.io.input.CharSequenceInputStreamTest" time="0.002"/>
  <testcase name="testReadZero_RequiredCharsets(String)[4]" classname="org.apache.commons.io.input.CharSequenceInputStreamTest" time="0.001"/>
  <testcase name="testReadZero_RequiredCharsets(String)[5]" classname="org.apache.commons.io.input.CharSequenceInputStreamTest" time="0.001"/>
  <testcase name="testReadZero_RequiredCharsets(String)[6]" classname="org.apache.commons.io.input.CharSequenceInputStreamTest" time="0.002"/>
  <testcase name="testLargeBufferedRead_RequiredCharsets(String)[1]" classname="org.apache.commons.io.input.CharSequenceInputStreamTest" time="0.006"/>
  <testcase name="testLargeBufferedRead_RequiredCharsets(String)[2]" classname="org.apache.commons.io.input.CharSequenceInputStreamTest" time="0.006"/>
  <testcase name="testLargeBufferedRead_RequiredCharsets(String)[3]" classname="org.apache.commons.io.input.CharSequenceInputStreamTest" time="0.014"/>
  <testcase name="testLargeBufferedRead_RequiredCharsets(String)[4]" classname="org.apache.commons.io.input.CharSequenceInputStreamTest" time="0.015"/>
  <testcase name="testLargeBufferedRead_RequiredCharsets(String)[5]" classname="org.apache.commons.io.input.CharSequenceInputStreamTest" time="0.013"/>
  <testcase name="testLargeBufferedRead_RequiredCharsets(String)[6]" classname="org.apache.commons.io.input.CharSequenceInputStreamTest" time="0.006"/>
  <testcase name="testMarkReset_UTF8" classname="org.apache.commons.io.input.CharSequenceInputStreamTest" time="0.001"/>
  <testcase name="testAvailable(String)[1]" classname="org.apache.commons.io.input.CharSequenceInputStreamTest" time="0.003"/>
  <testcase name="testAvailable(String)[2]" classname="org.apache.commons.io.input.CharSequenceInputStreamTest" time="0.007"/>
  <testcase name="testAvailable(String)[3]" classname="org.apache.commons.io.input.CharSequenceInputStreamTest" time="0.002"/>
  <testcase name="testAvailable(String)[4]" classname="org.apache.commons.io.input.CharSequenceInputStreamTest" time="0.004"/>
  <testcase name="testAvailable(String)[5]" classname="org.apache.commons.io.input.CharSequenceInputStreamTest" time="0.007"/>
  <testcase name="testAvailable(String)[6]" classname="org.apache.commons.io.input.CharSequenceInputStreamTest" time="0.005"/>
  <testcase name="testAvailable(String)[7]" classname="org.apache.commons.io.input.CharSequenceInputStreamTest" time="0.006"/>
  <testcase name="testAvailable(String)[8]" classname="org.apache.commons.io.input.CharSequenceInputStreamTest" time="0.002"/>
  <testcase name="testAvailable(String)[9]" classname="org.apache.commons.io.input.CharSequenceInputStreamTest" time="0.001"/>
  <testcase name="testAvailable(String)[10]" classname="org.apache.commons.io.input.CharSequenceInputStreamTest" time="0.001"/>
  <testcase name="testAvailable(String)[11]" classname="org.apache.commons.io.input.CharSequenceInputStreamTest" time="0.005"/>
  <testcase name="testAvailable(String)[12]" classname="org.apache.commons.io.input.CharSequenceInputStreamTest" time="0.001"/>
  <testcase name="testAvailable(String)[13]" classname="org.apache.commons.io.input.CharSequenceInputStreamTest" time="0.001"/>
  <testcase name="testAvailable(String)[14]" classname="org.apache.commons.io.input.CharSequenceInputStreamTest" time="0.001"/>
  <testcase name="testAvailable(String)[15]" classname="org.apache.commons.io.input.CharSequenceInputStreamTest" time="0.002"/>
  <testcase name="testAvailable(String)[16]" classname="org.apache.commons.io.input.CharSequenceInputStreamTest" time="0.003"/>
  <testcase name="testAvailable(String)[17]" classname="org.apache.commons.io.input.CharSequenceInputStreamTest" time="0.002"/>
  <testcase name="testAvailable(String)[18]" classname="org.apache.commons.io.input.CharSequenceInputStreamTest" time="0.002"/>
  <testcase name="testAvailable(String)[19]" classname="org.apache.commons.io.input.CharSequenceInputStreamTest" time="0.002"/>
  <testcase name="testAvailable(String)[20]" classname="org.apache.commons.io.input.CharSequenceInputStreamTest" time="0.002"/>
  <testcase name="testAvailable(String)[21]" classname="org.apache.commons.io.input.CharSequenceInputStreamTest" time="0.001"/>
  <testcase name="testAvailable(String)[22]" classname="org.apache.commons.io.input.CharSequenceInputStreamTest" time="0.002"/>
  <testcase name="testAvailable(String)[23]" classname="org.apache.commons.io.input.CharSequenceInputStreamTest" time="0.001"/>
  <testcase name="testAvailable(String)[24]" classname="org.apache.commons.io.input.CharSequenceInputStreamTest" time="0.001"/>
  <testcase name="testAvailable(String)[25]" classname="org.apache.commons.io.input.CharSequenceInputStreamTest" time="0.002"/>
  <testcase name="testAvailable(String)[26]" classname="org.apache.commons.io.input.CharSequenceInputStreamTest" time="0.002"/>
  <testcase name="testAvailable(String)[27]" classname="org.apache.commons.io.input.CharSequenceInputStreamTest" time="0.001"/>
  <testcase name="testAvailable(String)[28]" classname="org.apache.commons.io.input.CharSequenceInputStreamTest" time="0.001"/>
  <testcase name="testAvailable(String)[29]" classname="org.apache.commons.io.input.CharSequenceInputStreamTest" time="0.001"/>
  <testcase name="testAvailable(String)[30]" classname="org.apache.commons.io.input.CharSequenceInputStreamTest" time="0.003"/>
  <testcase name="testAvailable(String)[31]" classname="org.apache.commons.io.input.CharSequenceInputStreamTest" time="0.006"/>
  <testcase name="testAvailable(String)[32]" classname="org.apache.commons.io.input.CharSequenceInputStreamTest" time="0.002"/>
  <testcase name="testAvailable(String)[33]" classname="org.apache.commons.io.input.CharSequenceInputStreamTest" time="0.002"/>
  <testcase name="testAvailable(String)[34]" classname="org.apache.commons.io.input.CharSequenceInputStreamTest" time="0.002"/>
  <testcase name="testAvailable(String)[35]" classname="org.apache.commons.io.input.CharSequenceInputStreamTest" time="0.002"/>
  <testcase name="testAvailable(String)[36]" classname="org.apache.commons.io.input.CharSequenceInputStreamTest" time="0.002"/>
  <testcase name="testAvailable(String)[37]" classname="org.apache.commons.io.input.CharSequenceInputStreamTest" time="0.001"/>
  <testcase name="testAvailable(String)[38]" classname="org.apache.commons.io.input.CharSequenceInputStreamTest" time="0.002"/>
  <testcase name="testAvailable(String)[39]" classname="org.apache.commons.io.input.CharSequenceInputStreamTest" time="0.002"/>
  <testcase name="testAvailable(String)[40]" classname="org.apache.commons.io.input.CharSequenceInputStreamTest" time="0.002"/>
  <testcase name="testAvailable(String)[41]" classname="org.apache.commons.io.input.CharSequenceInputStreamTest" time="0.005"/>
  <testcase name="testAvailable(String)[42]" classname="org.apache.commons.io.input.CharSequenceInputStreamTest" time="0.001"/>
  <testcase name="testAvailable(String)[43]" classname="org.apache.commons.io.input.CharSequenceInputStreamTest" time="0.001"/>
  <testcase name="testAvailable(String)[44]" classname="org.apache.commons.io.input.CharSequenceInputStreamTest" time="0.001"/>
  <testcase name="testAvailable(String)[45]" classname="org.apache.commons.io.input.CharSequenceInputStreamTest" time="0.002"/>
  <testcase name="testAvailable(String)[46]" classname="org.apache.commons.io.input.CharSequenceInputStreamTest" time="0.001"/>
  <testcase name="testAvailable(String)[47]" classname="org.apache.commons.io.input.CharSequenceInputStreamTest" time="0.002"/>
  <testcase name="testAvailable(String)[48]" classname="org.apache.commons.io.input.CharSequenceInputStreamTest" time="0.002"/>
  <testcase name="testAvailable(String)[49]" classname="org.apache.commons.io.input.CharSequenceInputStreamTest" time="0.002"/>
  <testcase name="testAvailable(String)[50]" classname="org.apache.commons.io.input.CharSequenceInputStreamTest" time="0.002"/>
  <testcase name="testAvailable(String)[51]" classname="org.apache.commons.io.input.CharSequenceInputStreamTest" time="0.001"/>
  <testcase name="testAvailable(String)[52]" classname="org.apache.commons.io.input.CharSequenceInputStreamTest" time="0.001"/>
  <testcase name="testAvailable(String)[53]" classname="org.apache.commons.io.input.CharSequenceInputStreamTest" time="0.001"/>
  <testcase name="testAvailable(String)[54]" classname="org.apache.commons.io.input.CharSequenceInputStreamTest" time="0.002"/>
  <testcase name="testAvailable(String)[55]" classname="org.apache.commons.io.input.CharSequenceInputStreamTest" time="0.003"/>
  <testcase name="testAvailable(String)[56]" classname="org.apache.commons.io.input.CharSequenceInputStreamTest" time="0.004"/>
  <testcase name="testAvailable(String)[57]" classname="org.apache.commons.io.input.CharSequenceInputStreamTest" time="0.001"/>
  <testcase name="testAvailable(String)[58]" classname="org.apache.commons.io.input.CharSequenceInputStreamTest" time="0.001"/>
  <testcase name="testAvailable(String)[59]" classname="org.apache.commons.io.input.CharSequenceInputStreamTest" time="0.002"/>
  <testcase name="testAvailable(String)[60]" classname="org.apache.commons.io.input.CharSequenceInputStreamTest" time="0.001"/>
  <testcase name="testAvailable(String)[61]" classname="org.apache.commons.io.input.CharSequenceInputStreamTest" time="0.001"/>
  <testcase name="testAvailable(String)[62]" classname="org.apache.commons.io.input.CharSequenceInputStreamTest" time="0.001"/>
  <testcase name="testAvailable(String)[63]" classname="org.apache.commons.io.input.CharSequenceInputStreamTest" time="0.001"/>
  <testcase name="testAvailable(String)[64]" classname="org.apache.commons.io.input.CharSequenceInputStreamTest" time="0.002"/>
  <testcase name="testAvailable(String)[65]" classname="org.apache.commons.io.input.CharSequenceInputStreamTest" time="0.002"/>
  <testcase name="testAvailable(String)[66]" classname="org.apache.commons.io.input.CharSequenceInputStreamTest" time="0.002"/>
  <testcase name="testAvailable(String)[67]" classname="org.apache.commons.io.input.CharSequenceInputStreamTest" time="0.001"/>
  <testcase name="testAvailable(String)[68]" classname="org.apache.commons.io.input.CharSequenceInputStreamTest" time="0.002"/>
  <testcase name="testAvailable(String)[69]" classname="org.apache.commons.io.input.CharSequenceInputStreamTest" time="0.001"/>
  <testcase name="testAvailable(String)[70]" classname="org.apache.commons.io.input.CharSequenceInputStreamTest" time="0.001"/>
  <testcase name="testAvailable(String)[71]" classname="org.apache.commons.io.input.CharSequenceInputStreamTest" time="0.002"/>
  <testcase name="testAvailable(String)[72]" classname="org.apache.commons.io.input.CharSequenceInputStreamTest" time="0.001"/>
  <testcase name="testAvailable(String)[73]" classname="org.apache.commons.io.input.CharSequenceInputStreamTest" time="0.001"/>
  <testcase name="testAvailable(String)[74]" classname="org.apache.commons.io.input.CharSequenceInputStreamTest" time="0.002"/>
  <testcase name="testAvailable(String)[75]" classname="org.apache.commons.io.input.CharSequenceInputStreamTest" time="0.001"/>
  <testcase name="testAvailable(String)[76]" classname="org.apache.commons.io.input.CharSequenceInputStreamTest" time="0.002"/>
  <testcase name="testAvailable(String)[77]" classname="org.apache.commons.io.input.CharSequenceInputStreamTest" time="0.001"/>
  <testcase name="testAvailable(String)[78]" classname="org.apache.commons.io.input.CharSequenceInputStreamTest" time="0.002"/>
  <testcase name="testAvailable(String)[79]" classname="org.apache.commons.io.input.CharSequenceInputStreamTest" time="0.001"/>
  <testcase name="testAvailable(String)[80]" classname="org.apache.commons.io.input.CharSequenceInputStreamTest" time="0.001"/>
  <testcase name="testAvailable(String)[81]" classname="org.apache.commons.io.input.CharSequenceInputStreamTest" time="0.001"/>
  <testcase name="testAvailable(String)[82]" classname="org.apache.commons.io.input.CharSequenceInputStreamTest" time="0.001"/>
  <testcase name="testAvailable(String)[83]" classname="org.apache.commons.io.input.CharSequenceInputStreamTest" time="0.001"/>
  <testcase name="testAvailable(String)[84]" classname="org.apache.commons.io.input.CharSequenceInputStreamTest" time="0.001"/>
  <testcase name="testAvailable(String)[85]" classname="org.apache.commons.io.input.CharSequenceInputStreamTest" time="0.001"/>
  <testcase name="testAvailable(String)[86]" classname="org.apache.commons.io.input.CharSequenceInputStreamTest" time="0.001"/>
  <testcase name="testAvailable(String)[87]" classname="org.apache.commons.io.input.CharSequenceInputStreamTest" time="0.002"/>
  <testcase name="testAvailable(String)[88]" classname="org.apache.commons.io.input.CharSequenceInputStreamTest" time="0.001"/>
  <testcase name="testAvailable(String)[89]" classname="org.apache.commons.io.input.CharSequenceInputStreamTest" time="0.001"/>
  <testcase name="testAvailable(String)[90]" classname="org.apache.commons.io.input.CharSequenceInputStreamTest" time="0.001"/>
  <testcase name="testAvailable(String)[91]" classname="org.apache.commons.io.input.CharSequenceInputStreamTest" time="0.002"/>
  <testcase name="testAvailable(String)[92]" classname="org.apache.commons.io.input.CharSequenceInputStreamTest" time="0.007"/>
  <testcase name="testAvailable(String)[93]" classname="org.apache.commons.io.input.CharSequenceInputStreamTest" time="0.002"/>
  <testcase name="testAvailable(String)[94]" classname="org.apache.commons.io.input.CharSequenceInputStreamTest" time="0.002"/>
  <testcase name="testAvailable(String)[95]" classname="org.apache.commons.io.input.CharSequenceInputStreamTest" time="0.061"/>
  <testcase name="testAvailable(String)[96]" classname="org.apache.commons.io.input.CharSequenceInputStreamTest" time="0.003"/>
  <testcase name="testAvailable(String)[97]" classname="org.apache.commons.io.input.CharSequenceInputStreamTest" time="0.002"/>
  <testcase name="testAvailable(String)[98]" classname="org.apache.commons.io.input.CharSequenceInputStreamTest" time="0.003"/>
  <testcase name="testAvailable(String)[99]" classname="org.apache.commons.io.input.CharSequenceInputStreamTest" time="0.002"/>
  <testcase name="testAvailable(String)[100]" classname="org.apache.commons.io.input.CharSequenceInputStreamTest" time="0.001"/>
  <testcase name="testAvailable(String)[101]" classname="org.apache.commons.io.input.CharSequenceInputStreamTest" time="0.002"/>
  <testcase name="testAvailable(String)[102]" classname="org.apache.commons.io.input.CharSequenceInputStreamTest" time="0.0"/>
  <testcase name="testAvailable(String)[103]" classname="org.apache.commons.io.input.CharSequenceInputStreamTest" time="0.002"/>
  <testcase name="testAvailable(String)[104]" classname="org.apache.commons.io.input.CharSequenceInputStreamTest" time="0.001"/>
  <testcase name="testAvailable(String)[105]" classname="org.apache.commons.io.input.CharSequenceInputStreamTest" time="0.001"/>
  <testcase name="testAvailable(String)[106]" classname="org.apache.commons.io.input.CharSequenceInputStreamTest" time="0.001"/>
  <testcase name="testAvailable(String)[107]" classname="org.apache.commons.io.input.CharSequenceInputStreamTest" time="0.002"/>
  <testcase name="testAvailable(String)[108]" classname="org.apache.commons.io.input.CharSequenceInputStreamTest" time="0.001"/>
  <testcase name="testAvailable(String)[109]" classname="org.apache.commons.io.input.CharSequenceInputStreamTest" time="0.002"/>
  <testcase name="testAvailable(String)[110]" classname="org.apache.commons.io.input.CharSequenceInputStreamTest" time="0.001"/>
  <testcase name="testAvailable(String)[111]" classname="org.apache.commons.io.input.CharSequenceInputStreamTest" time="0.004"/>
  <testcase name="testAvailable(String)[112]" classname="org.apache.commons.io.input.CharSequenceInputStreamTest" time="0.002"/>
  <testcase name="testAvailable(String)[113]" classname="org.apache.commons.io.input.CharSequenceInputStreamTest" time="0.001"/>
  <testcase name="testAvailable(String)[114]" classname="org.apache.commons.io.input.CharSequenceInputStreamTest" time="0.001"/>
  <testcase name="testAvailable(String)[115]" classname="org.apache.commons.io.input.CharSequenceInputStreamTest" time="0.002"/>
  <testcase name="testAvailable(String)[116]" classname="org.apache.commons.io.input.CharSequenceInputStreamTest" time="0.001"/>
  <testcase name="testAvailable(String)[117]" classname="org.apache.commons.io.input.CharSequenceInputStreamTest" time="0.001"/>
  <testcase name="testAvailable(String)[118]" classname="org.apache.commons.io.input.CharSequenceInputStreamTest" time="0.001"/>
  <testcase name="testAvailable(String)[119]" classname="org.apache.commons.io.input.CharSequenceInputStreamTest" time="0.001"/>
  <testcase name="testAvailable(String)[120]" classname="org.apache.commons.io.input.CharSequenceInputStreamTest" time="0.001"/>
  <testcase name="testAvailable(String)[121]" classname="org.apache.commons.io.input.CharSequenceInputStreamTest" time="0.001"/>
  <testcase name="testAvailable(String)[122]" classname="org.apache.commons.io.input.CharSequenceInputStreamTest" time="0.001"/>
  <testcase name="testAvailable(String)[123]" classname="org.apache.commons.io.input.CharSequenceInputStreamTest" time="0.002"/>
  <testcase name="testAvailable(String)[124]" classname="org.apache.commons.io.input.CharSequenceInputStreamTest" time="0.001"/>
  <testcase name="testAvailable(String)[125]" classname="org.apache.commons.io.input.CharSequenceInputStreamTest" time="0.001"/>
  <testcase name="testAvailable(String)[126]" classname="org.apache.commons.io.input.CharSequenceInputStreamTest" time="0.001"/>
  <testcase name="testAvailable(String)[127]" classname="org.apache.commons.io.input.CharSequenceInputStreamTest" time="0.002"/>
  <testcase name="testAvailable(String)[128]" classname="org.apache.commons.io.input.CharSequenceInputStreamTest" time="0.001"/>
  <testcase name="testAvailable(String)[129]" classname="org.apache.commons.io.input.CharSequenceInputStreamTest" time="0.001"/>
  <testcase name="testAvailable(String)[130]" classname="org.apache.commons.io.input.CharSequenceInputStreamTest" time="0.001"/>
  <testcase name="testAvailable(String)[131]" classname="org.apache.commons.io.input.CharSequenceInputStreamTest" time="0.001"/>
  <testcase name="testAvailable(String)[132]" classname="org.apache.commons.io.input.CharSequenceInputStreamTest" time="0.002"/>
  <testcase name="testAvailable(String)[133]" classname="org.apache.commons.io.input.CharSequenceInputStreamTest" time="0.004"/>
  <testcase name="testAvailable(String)[134]" classname="org.apache.commons.io.input.CharSequenceInputStreamTest" time="0.002"/>
  <testcase name="testAvailable(String)[135]" classname="org.apache.commons.io.input.CharSequenceInputStreamTest" time="0.002"/>
  <testcase name="testAvailable(String)[136]" classname="org.apache.commons.io.input.CharSequenceInputStreamTest" time="0.001"/>
  <testcase name="testAvailable(String)[137]" classname="org.apache.commons.io.input.CharSequenceInputStreamTest" time="0.001"/>
  <testcase name="testAvailable(String)[138]" classname="org.apache.commons.io.input.CharSequenceInputStreamTest" time="0.0"/>
  <testcase name="testAvailable(String)[139]" classname="org.apache.commons.io.input.CharSequenceInputStreamTest" time="0.001"/>
  <testcase name="testAvailable(String)[140]" classname="org.apache.commons.io.input.CharSequenceInputStreamTest" time="0.001"/>
  <testcase name="testAvailable(String)[141]" classname="org.apache.commons.io.input.CharSequenceInputStreamTest" time="0.001"/>
  <testcase name="testAvailable(String)[142]" classname="org.apache.commons.io.input.CharSequenceInputStreamTest" time="0.001"/>
  <testcase name="testAvailable(String)[143]" classname="org.apache.commons.io.input.CharSequenceInputStreamTest" time="0.001"/>
  <testcase name="testAvailable(String)[144]" classname="org.apache.commons.io.input.CharSequenceInputStreamTest" time="0.001"/>
  <testcase name="testAvailable(String)[145]" classname="org.apache.commons.io.input.CharSequenceInputStreamTest" time="0.001"/>
  <testcase name="testAvailable(String)[146]" classname="org.apache.commons.io.input.CharSequenceInputStreamTest" time="0.001"/>
  <testcase name="testAvailable(String)[147]" classname="org.apache.commons.io.input.CharSequenceInputStreamTest" time="0.001"/>
  <testcase name="testAvailable(String)[148]" classname="org.apache.commons.io.input.CharSequenceInputStreamTest" time="0.001"/>
  <testcase name="testAvailable(String)[149]" classname="org.apache.commons.io.input.CharSequenceInputStreamTest" time="0.0"/>
  <testcase name="testAvailable(String)[150]" classname="org.apache.commons.io.input.CharSequenceInputStreamTest" time="0.002"/>
  <testcase name="testAvailable(String)[151]" classname="org.apache.commons.io.input.CharSequenceInputStreamTest" time="0.001"/>
  <testcase name="testAvailable(String)[152]" classname="org.apache.commons.io.input.CharSequenceInputStreamTest" time="0.0"/>
  <testcase name="testAvailable(String)[153]" classname="org.apache.commons.io.input.CharSequenceInputStreamTest" time="0.001"/>
  <testcase name="testAvailable(String)[154]" classname="org.apache.commons.io.input.CharSequenceInputStreamTest" time="0.001"/>
  <testcase name="testAvailable(String)[155]" classname="org.apache.commons.io.input.CharSequenceInputStreamTest" time="0.001"/>
  <testcase name="testAvailable(String)[156]" classname="org.apache.commons.io.input.CharSequenceInputStreamTest" time="0.003"/>
  <testcase name="testAvailable(String)[157]" classname="org.apache.commons.io.input.CharSequenceInputStreamTest" time="0.007"/>
  <testcase name="testAvailable(String)[158]" classname="org.apache.commons.io.input.CharSequenceInputStreamTest" time="0.002"/>
  <testcase name="testAvailable(String)[159]" classname="org.apache.commons.io.input.CharSequenceInputStreamTest" time="0.002"/>
  <testcase name="testAvailable(String)[160]" classname="org.apache.commons.io.input.CharSequenceInputStreamTest" time="0.002"/>
  <testcase name="testAvailable(String)[161]" classname="org.apache.commons.io.input.CharSequenceInputStreamTest" time="0.001"/>
  <testcase name="testAvailable(String)[162]" classname="org.apache.commons.io.input.CharSequenceInputStreamTest" time="0.002"/>
  <testcase name="testAvailable(String)[163]" classname="org.apache.commons.io.input.CharSequenceInputStreamTest" time="0.001"/>
  <testcase name="testAvailable(String)[164]" classname="org.apache.commons.io.input.CharSequenceInputStreamTest" time="0.001"/>
  <testcase name="testAvailable(String)[165]" classname="org.apache.commons.io.input.CharSequenceInputStreamTest" time="0.001"/>
  <testcase name="testAvailable(String)[166]" classname="org.apache.commons.io.input.CharSequenceInputStreamTest" time="0.001"/>
  <testcase name="testAvailable(String)[167]" classname="org.apache.commons.io.input.CharSequenceInputStreamTest" time="0.001"/>
  <testcase name="testAvailable(String)[168]" classname="org.apache.commons.io.input.CharSequenceInputStreamTest" time="0.001"/>
  <testcase name="testAvailable(String)[169]" classname="org.apache.commons.io.input.CharSequenceInputStreamTest" time="0.001"/>
  <testcase name="testAvailable(String)[170]" classname="org.apache.commons.io.input.CharSequenceInputStreamTest" time="0.003"/>
  <testcase name="testSingleByteRead_RequiredCharsets(String)[1]" classname="org.apache.commons.io.input.CharSequenceInputStreamTest" time="0.001"/>
  <testcase name="testSingleByteRead_RequiredCharsets(String)[2]" classname="org.apache.commons.io.input.CharSequenceInputStreamTest" time="0.001"/>
  <testcase name="testSingleByteRead_RequiredCharsets(String)[3]" classname="org.apache.commons.io.input.CharSequenceInputStreamTest" time="0.002"/>
  <testcase name="testSingleByteRead_RequiredCharsets(String)[4]" classname="org.apache.commons.io.input.CharSequenceInputStreamTest" time="0.001"/>
  <testcase name="testSingleByteRead_RequiredCharsets(String)[5]" classname="org.apache.commons.io.input.CharSequenceInputStreamTest" time="0.001"/>
  <testcase name="testSingleByteRead_RequiredCharsets(String)[6]" classname="org.apache.commons.io.input.CharSequenceInputStreamTest" time="0.002"/>
  <testcase name="testAvailableAfterOpen" classname="org.apache.commons.io.input.CharSequenceInputStreamTest" time="0.001"/>
  <testcase name="testCharsetMismatchInfiniteLoop_RequiredCharsets(String)[1]" classname="org.apache.commons.io.input.CharSequenceInputStreamTest" time="0.003"/>
  <testcase name="testCharsetMismatchInfiniteLoop_RequiredCharsets(String)[2]" classname="org.apache.commons.io.input.CharSequenceInputStreamTest" time="0.001"/>
  <testcase name="testCharsetMismatchInfiniteLoop_RequiredCharsets(String)[3]" classname="org.apache.commons.io.input.CharSequenceInputStreamTest" time="0.001"/>
  <testcase name="testCharsetMismatchInfiniteLoop_RequiredCharsets(String)[4]" classname="org.apache.commons.io.input.CharSequenceInputStreamTest" time="0.001"/>
  <testcase name="testCharsetMismatchInfiniteLoop_RequiredCharsets(String)[5]" classname="org.apache.commons.io.input.CharSequenceInputStreamTest" time="0.002"/>
  <testcase name="testCharsetMismatchInfiniteLoop_RequiredCharsets(String)[6]" classname="org.apache.commons.io.input.CharSequenceInputStreamTest" time="0.001"/>
  <testcase name="testBufferedRead_UTF8" classname="org.apache.commons.io.input.CharSequenceInputStreamTest" time="0.002"/>
  <testcase name="testResetBeforeEndSetCharSequence" classname="org.apache.commons.io.input.CharSequenceInputStreamTest" time="0.0"/>
  <testcase name="testReadZero_EmptyString" classname="org.apache.commons.io.input.CharSequenceInputStreamTest" time="0.001"/>
  <testcase name="testSingleByteRead_UTF16" classname="org.apache.commons.io.input.CharSequenceInputStreamTest" time="0.001"/>
  <testcase name="testSingleByteRead_UTF8" classname="org.apache.commons.io.input.CharSequenceInputStreamTest" time="0.001"/>
  <testcase name="testResetCharsetEncoder" classname="org.apache.commons.io.input.CharSequenceInputStreamTest" time="0.0"/>
  <testcase name="testMarkReset_USASCII" classname="org.apache.commons.io.input.CharSequenceInputStreamTest" time="0.001"/>
  <testcase name="testIO_356_B10_D13_S0_UTF8" classname="org.apache.commons.io.input.CharSequenceInputStreamTest" time="0.001"/>
  <testcase name="testResetCharset" classname="org.apache.commons.io.input.CharSequenceInputStreamTest" time="0.001"/>
  <testcase name="testIO_356_B10_D13_S1_UTF8" classname="org.apache.commons.io.input.CharSequenceInputStreamTest" time="0.001"/>
  <testcase name="testReadAfterClose" classname="org.apache.commons.io.input.CharSequenceInputStreamTest" time="0.0"/>
  <testcase name="testSkip_RequiredCharsets(String)[1]" classname="org.apache.commons.io.input.CharSequenceInputStreamTest" time="0.001"/>
  <testcase name="testSkip_RequiredCharsets(String)[2]" classname="org.apache.commons.io.input.CharSequenceInputStreamTest" time="0.001"/>
  <testcase name="testSkip_RequiredCharsets(String)[3]" classname="org.apache.commons.io.input.CharSequenceInputStreamTest" time="0.001"/>
  <testcase name="testSkip_RequiredCharsets(String)[4]" classname="org.apache.commons.io.input.CharSequenceInputStreamTest" time="0.001"/>
  <testcase name="testSkip_RequiredCharsets(String)[5]" classname="org.apache.commons.io.input.CharSequenceInputStreamTest" time="0.0"/>
  <testcase name="testSkip_RequiredCharsets(String)[6]" classname="org.apache.commons.io.input.CharSequenceInputStreamTest" time="0.001"/>
  <testcase name="testBufferedRead_RequiredCharset(String)[1]" classname="org.apache.commons.io.input.CharSequenceInputStreamTest" time="0.001"/>
  <testcase name="testBufferedRead_RequiredCharset(String)[2]" classname="org.apache.commons.io.input.CharSequenceInputStreamTest" time="0.0"/>
  <testcase name="testBufferedRead_RequiredCharset(String)[3]" classname="org.apache.commons.io.input.CharSequenceInputStreamTest" time="0.001"/>
  <testcase name="testBufferedRead_RequiredCharset(String)[4]" classname="org.apache.commons.io.input.CharSequenceInputStreamTest" time="0.0"/>
  <testcase name="testBufferedRead_RequiredCharset(String)[5]" classname="org.apache.commons.io.input.CharSequenceInputStreamTest" time="0.001"/>
  <testcase name="testBufferedRead_RequiredCharset(String)[6]" classname="org.apache.commons.io.input.CharSequenceInputStreamTest" time="0.001"/>
  <testcase name="testBufferedRead_AvailableCharset(String)[1]" classname="org.apache.commons.io.input.CharSequenceInputStreamTest" time="0.001"/>
  <testcase name="testBufferedRead_AvailableCharset(String)[2]" classname="org.apache.commons.io.input.CharSequenceInputStreamTest" time="0.001"/>
  <testcase name="testBufferedRead_AvailableCharset(String)[3]" classname="org.apache.commons.io.input.CharSequenceInputStreamTest" time="0.001"/>
  <testcase name="testBufferedRead_AvailableCharset(String)[4]" classname="org.apache.commons.io.input.CharSequenceInputStreamTest" time="0.002"/>
  <testcase name="testBufferedRead_AvailableCharset(String)[5]" classname="org.apache.commons.io.input.CharSequenceInputStreamTest" time="0.001"/>
  <testcase name="testBufferedRead_AvailableCharset(String)[6]" classname="org.apache.commons.io.input.CharSequenceInputStreamTest" time="0.001"/>
  <testcase name="testBufferedRead_AvailableCharset(String)[7]" classname="org.apache.commons.io.input.CharSequenceInputStreamTest" time="0.001"/>
  <testcase name="testBufferedRead_AvailableCharset(String)[8]" classname="org.apache.commons.io.input.CharSequenceInputStreamTest" time="0.001"/>
  <testcase name="testBufferedRead_AvailableCharset(String)[9]" classname="org.apache.commons.io.input.CharSequenceInputStreamTest" time="0.002"/>
  <testcase name="testBufferedRead_AvailableCharset(String)[10]" classname="org.apache.commons.io.input.CharSequenceInputStreamTest" time="0.001"/>
  <testcase name="testBufferedRead_AvailableCharset(String)[11]" classname="org.apache.commons.io.input.CharSequenceInputStreamTest" time="0.001"/>
  <testcase name="testBufferedRead_AvailableCharset(String)[12]" classname="org.apache.commons.io.input.CharSequenceInputStreamTest" time="0.001"/>
  <testcase name="testBufferedRead_AvailableCharset(String)[13]" classname="org.apache.commons.io.input.CharSequenceInputStreamTest" time="0.001"/>
  <testcase name="testBufferedRead_AvailableCharset(String)[14]" classname="org.apache.commons.io.input.CharSequenceInputStreamTest" time="0.001"/>
  <testcase name="testBufferedRead_AvailableCharset(String)[15]" classname="org.apache.commons.io.input.CharSequenceInputStreamTest" time="0.001"/>
  <testcase name="testBufferedRead_AvailableCharset(String)[16]" classname="org.apache.commons.io.input.CharSequenceInputStreamTest" time="0.002"/>
  <testcase name="testBufferedRead_AvailableCharset(String)[17]" classname="org.apache.commons.io.input.CharSequenceInputStreamTest" time="0.001"/>
  <testcase name="testBufferedRead_AvailableCharset(String)[18]" classname="org.apache.commons.io.input.CharSequenceInputStreamTest" time="0.001"/>
  <testcase name="testBufferedRead_AvailableCharset(String)[19]" classname="org.apache.commons.io.input.CharSequenceInputStreamTest" time="0.002"/>
  <testcase name="testBufferedRead_AvailableCharset(String)[20]" classname="org.apache.commons.io.input.CharSequenceInputStreamTest" time="0.001"/>
  <testcase name="testBufferedRead_AvailableCharset(String)[21]" classname="org.apache.commons.io.input.CharSequenceInputStreamTest" time="0.002"/>
  <testcase name="testBufferedRead_AvailableCharset(String)[22]" classname="org.apache.commons.io.input.CharSequenceInputStreamTest" time="0.001"/>
  <testcase name="testBufferedRead_AvailableCharset(String)[23]" classname="org.apache.commons.io.input.CharSequenceInputStreamTest" time="0.001"/>
  <testcase name="testBufferedRead_AvailableCharset(String)[24]" classname="org.apache.commons.io.input.CharSequenceInputStreamTest" time="0.001"/>
  <testcase name="testBufferedRead_AvailableCharset(String)[25]" classname="org.apache.commons.io.input.CharSequenceInputStreamTest" time="0.001"/>
  <testcase name="testBufferedRead_AvailableCharset(String)[26]" classname="org.apache.commons.io.input.CharSequenceInputStreamTest" time="0.002"/>
  <testcase name="testBufferedRead_AvailableCharset(String)[27]" classname="org.apache.commons.io.input.CharSequenceInputStreamTest" time="0.0"/>
  <testcase name="testBufferedRead_AvailableCharset(String)[28]" classname="org.apache.commons.io.input.CharSequenceInputStreamTest" time="0.0"/>
  <testcase name="testBufferedRead_AvailableCharset(String)[29]" classname="org.apache.commons.io.input.CharSequenceInputStreamTest" time="0.0"/>
  <testcase name="testBufferedRead_AvailableCharset(String)[30]" classname="org.apache.commons.io.input.CharSequenceInputStreamTest" time="0.0"/>
  <testcase name="testBufferedRead_AvailableCharset(String)[31]" classname="org.apache.commons.io.input.CharSequenceInputStreamTest" time="0.003"/>
  <testcase name="testBufferedRead_AvailableCharset(String)[32]" classname="org.apache.commons.io.input.CharSequenceInputStreamTest" time="0.001"/>
  <testcase name="testBufferedRead_AvailableCharset(String)[33]" classname="org.apache.commons.io.input.CharSequenceInputStreamTest" time="0.001"/>
  <testcase name="testBufferedRead_AvailableCharset(String)[34]" classname="org.apache.commons.io.input.CharSequenceInputStreamTest" time="0.001"/>
  <testcase name="testBufferedRead_AvailableCharset(String)[35]" classname="org.apache.commons.io.input.CharSequenceInputStreamTest" time="0.002"/>
  <testcase name="testBufferedRead_AvailableCharset(String)[36]" classname="org.apache.commons.io.input.CharSequenceInputStreamTest" time="0.001"/>
  <testcase name="testBufferedRead_AvailableCharset(String)[37]" classname="org.apache.commons.io.input.CharSequenceInputStreamTest" time="0.001"/>
  <testcase name="testBufferedRead_AvailableCharset(String)[38]" classname="org.apache.commons.io.input.CharSequenceInputStreamTest" time="0.001"/>
  <testcase name="testBufferedRead_AvailableCharset(String)[39]" classname="org.apache.commons.io.input.CharSequenceInputStreamTest" time="0.001"/>
  <testcase name="testBufferedRead_AvailableCharset(String)[40]" classname="org.apache.commons.io.input.CharSequenceInputStreamTest" time="0.001"/>
  <testcase name="testBufferedRead_AvailableCharset(String)[41]" classname="org.apache.commons.io.input.CharSequenceInputStreamTest" time="0.001"/>
  <testcase name="testBufferedRead_AvailableCharset(String)[42]" classname="org.apache.commons.io.input.CharSequenceInputStreamTest" time="0.001"/>
  <testcase name="testBufferedRead_AvailableCharset(String)[43]" classname="org.apache.commons.io.input.CharSequenceInputStreamTest" time="0.001"/>
  <testcase name="testBufferedRead_AvailableCharset(String)[44]" classname="org.apache.commons.io.input.CharSequenceInputStreamTest" time="0.002"/>
  <testcase name="testBufferedRead_AvailableCharset(String)[45]" classname="org.apache.commons.io.input.CharSequenceInputStreamTest" time="0.001"/>
  <testcase name="testBufferedRead_AvailableCharset(String)[46]" classname="org.apache.commons.io.input.CharSequenceInputStreamTest" time="0.001"/>
  <testcase name="testBufferedRead_AvailableCharset(String)[47]" classname="org.apache.commons.io.input.CharSequenceInputStreamTest" time="0.001"/>
  <testcase name="testBufferedRead_AvailableCharset(String)[48]" classname="org.apache.commons.io.input.CharSequenceInputStreamTest" time="0.0"/>
  <testcase name="testBufferedRead_AvailableCharset(String)[49]" classname="org.apache.commons.io.input.CharSequenceInputStreamTest" time="0.001"/>
  <testcase name="testBufferedRead_AvailableCharset(String)[50]" classname="org.apache.commons.io.input.CharSequenceInputStreamTest" time="0.001"/>
  <testcase name="testBufferedRead_AvailableCharset(String)[51]" classname="org.apache.commons.io.input.CharSequenceInputStreamTest" time="0.001"/>
  <testcase name="testBufferedRead_AvailableCharset(String)[52]" classname="org.apache.commons.io.input.CharSequenceInputStreamTest" time="0.0"/>
  <testcase name="testBufferedRead_AvailableCharset(String)[53]" classname="org.apache.commons.io.input.CharSequenceInputStreamTest" time="0.001"/>
  <testcase name="testBufferedRead_AvailableCharset(String)[54]" classname="org.apache.commons.io.input.CharSequenceInputStreamTest" time="0.0"/>
  <testcase name="testBufferedRead_AvailableCharset(String)[55]" classname="org.apache.commons.io.input.CharSequenceInputStreamTest" time="0.001"/>
  <testcase name="testBufferedRead_AvailableCharset(String)[56]" classname="org.apache.commons.io.input.CharSequenceInputStreamTest" time="0.001"/>
  <testcase name="testBufferedRead_AvailableCharset(String)[57]" classname="org.apache.commons.io.input.CharSequenceInputStreamTest" time="0.001"/>
  <testcase name="testBufferedRead_AvailableCharset(String)[58]" classname="org.apache.commons.io.input.CharSequenceInputStreamTest" time="0.001"/>
  <testcase name="testBufferedRead_AvailableCharset(String)[59]" classname="org.apache.commons.io.input.CharSequenceInputStreamTest" time="0.001"/>
  <testcase name="testBufferedRead_AvailableCharset(String)[60]" classname="org.apache.commons.io.input.CharSequenceInputStreamTest" time="0.0"/>
  <testcase name="testBufferedRead_AvailableCharset(String)[61]" classname="org.apache.commons.io.input.CharSequenceInputStreamTest" time="0.001"/>
  <testcase name="testBufferedRead_AvailableCharset(String)[62]" classname="org.apache.commons.io.input.CharSequenceInputStreamTest" time="0.001"/>
  <testcase name="testBufferedRead_AvailableCharset(String)[63]" classname="org.apache.commons.io.input.CharSequenceInputStreamTest" time="0.001"/>
  <testcase name="testBufferedRead_AvailableCharset(String)[64]" classname="org.apache.commons.io.input.CharSequenceInputStreamTest" time="0.001"/>
  <testcase name="testBufferedRead_AvailableCharset(String)[65]" classname="org.apache.commons.io.input.CharSequenceInputStreamTest" time="0.001"/>
  <testcase name="testBufferedRead_AvailableCharset(String)[66]" classname="org.apache.commons.io.input.CharSequenceInputStreamTest" time="0.001"/>
  <testcase name="testBufferedRead_AvailableCharset(String)[67]" classname="org.apache.commons.io.input.CharSequenceInputStreamTest" time="0.001"/>
  <testcase name="testBufferedRead_AvailableCharset(String)[68]" classname="org.apache.commons.io.input.CharSequenceInputStreamTest" time="0.001"/>
  <testcase name="testBufferedRead_AvailableCharset(String)[69]" classname="org.apache.commons.io.input.CharSequenceInputStreamTest" time="0.001"/>
  <testcase name="testBufferedRead_AvailableCharset(String)[70]" classname="org.apache.commons.io.input.CharSequenceInputStreamTest" time="0.001"/>
  <testcase name="testBufferedRead_AvailableCharset(String)[71]" classname="org.apache.commons.io.input.CharSequenceInputStreamTest" time="0.001"/>
  <testcase name="testBufferedRead_AvailableCharset(String)[72]" classname="org.apache.commons.io.input.CharSequenceInputStreamTest" time="0.001"/>
  <testcase name="testBufferedRead_AvailableCharset(String)[73]" classname="org.apache.commons.io.input.CharSequenceInputStreamTest" time="0.001"/>
  <testcase name="testBufferedRead_AvailableCharset(String)[74]" classname="org.apache.commons.io.input.CharSequenceInputStreamTest" time="0.001"/>
  <testcase name="testBufferedRead_AvailableCharset(String)[75]" classname="org.apache.commons.io.input.CharSequenceInputStreamTest" time="0.001"/>
  <testcase name="testBufferedRead_AvailableCharset(String)[76]" classname="org.apache.commons.io.input.CharSequenceInputStreamTest" time="0.001"/>
  <testcase name="testBufferedRead_AvailableCharset(String)[77]" classname="org.apache.commons.io.input.CharSequenceInputStreamTest" time="0.001"/>
  <testcase name="testBufferedRead_AvailableCharset(String)[78]" classname="org.apache.commons.io.input.CharSequenceInputStreamTest" time="0.001"/>
  <testcase name="testBufferedRead_AvailableCharset(String)[79]" classname="org.apache.commons.io.input.CharSequenceInputStreamTest" time="0.001"/>
  <testcase name="testBufferedRead_AvailableCharset(String)[80]" classname="org.apache.commons.io.input.CharSequenceInputStreamTest" time="0.001"/>
  <testcase name="testBufferedRead_AvailableCharset(String)[81]" classname="org.apache.commons.io.input.CharSequenceInputStreamTest" time="0.001"/>
  <testcase name="testBufferedRead_AvailableCharset(String)[82]" classname="org.apache.commons.io.input.CharSequenceInputStreamTest" time="0.001"/>
  <testcase name="testBufferedRead_AvailableCharset(String)[83]" classname="org.apache.commons.io.input.CharSequenceInputStreamTest" time="0.002"/>
  <testcase name="testBufferedRead_AvailableCharset(String)[84]" classname="org.apache.commons.io.input.CharSequenceInputStreamTest" time="0.001"/>
  <testcase name="testBufferedRead_AvailableCharset(String)[85]" classname="org.apache.commons.io.input.CharSequenceInputStreamTest" time="0.001"/>
  <testcase name="testBufferedRead_AvailableCharset(String)[86]" classname="org.apache.commons.io.input.CharSequenceInputStreamTest" time="0.002"/>
  <testcase name="testBufferedRead_AvailableCharset(String)[87]" classname="org.apache.commons.io.input.CharSequenceInputStreamTest" time="0.0"/>
  <testcase name="testBufferedRead_AvailableCharset(String)[88]" classname="org.apache.commons.io.input.CharSequenceInputStreamTest" time="0.001"/>
  <testcase name="testBufferedRead_AvailableCharset(String)[89]" classname="org.apache.commons.io.input.CharSequenceInputStreamTest" time="0.001"/>
  <testcase name="testBufferedRead_AvailableCharset(String)[90]" classname="org.apache.commons.io.input.CharSequenceInputStreamTest" time="0.001"/>
  <testcase name="testBufferedRead_AvailableCharset(String)[91]" classname="org.apache.commons.io.input.CharSequenceInputStreamTest" time="0.001"/>
  <testcase name="testBufferedRead_AvailableCharset(String)[92]" classname="org.apache.commons.io.input.CharSequenceInputStreamTest" time="0.001"/>
  <testcase name="testBufferedRead_AvailableCharset(String)[93]" classname="org.apache.commons.io.input.CharSequenceInputStreamTest" time="0.002"/>
  <testcase name="testBufferedRead_AvailableCharset(String)[94]" classname="org.apache.commons.io.input.CharSequenceInputStreamTest" time="0.001"/>
  <testcase name="testBufferedRead_AvailableCharset(String)[95]" classname="org.apache.commons.io.input.CharSequenceInputStreamTest" time="0.001"/>
  <testcase name="testBufferedRead_AvailableCharset(String)[96]" classname="org.apache.commons.io.input.CharSequenceInputStreamTest" time="0.001"/>
  <testcase name="testBufferedRead_AvailableCharset(String)[97]" classname="org.apache.commons.io.input.CharSequenceInputStreamTest" time="0.0"/>
  <testcase name="testBufferedRead_AvailableCharset(String)[98]" classname="org.apache.commons.io.input.CharSequenceInputStreamTest" time="0.001"/>
  <testcase name="testBufferedRead_AvailableCharset(String)[99]" classname="org.apache.commons.io.input.CharSequenceInputStreamTest" time="0.0"/>
  <testcase name="testBufferedRead_AvailableCharset(String)[100]" classname="org.apache.commons.io.input.CharSequenceInputStreamTest" time="0.001"/>
  <testcase name="testBufferedRead_AvailableCharset(String)[101]" classname="org.apache.commons.io.input.CharSequenceInputStreamTest" time="0.001"/>
  <testcase name="testBufferedRead_AvailableCharset(String)[102]" classname="org.apache.commons.io.input.CharSequenceInputStreamTest" time="0.001"/>
  <testcase name="testBufferedRead_AvailableCharset(String)[103]" classname="org.apache.commons.io.input.CharSequenceInputStreamTest" time="0.001"/>
  <testcase name="testBufferedRead_AvailableCharset(String)[104]" classname="org.apache.commons.io.input.CharSequenceInputStreamTest" time="0.0"/>
  <testcase name="testBufferedRead_AvailableCharset(String)[105]" classname="org.apache.commons.io.input.CharSequenceInputStreamTest" time="0.001"/>
  <testcase name="testBufferedRead_AvailableCharset(String)[106]" classname="org.apache.commons.io.input.CharSequenceInputStreamTest" time="0.001"/>
  <testcase name="testBufferedRead_AvailableCharset(String)[107]" classname="org.apache.commons.io.input.CharSequenceInputStreamTest" time="0.002"/>
  <testcase name="testBufferedRead_AvailableCharset(String)[108]" classname="org.apache.commons.io.input.CharSequenceInputStreamTest" time="0.001"/>
  <testcase name="testBufferedRead_AvailableCharset(String)[109]" classname="org.apache.commons.io.input.CharSequenceInputStreamTest" time="0.0"/>
  <testcase name="testBufferedRead_AvailableCharset(String)[110]" classname="org.apache.commons.io.input.CharSequenceInputStreamTest" time="0.001"/>
  <testcase name="testBufferedRead_AvailableCharset(String)[111]" classname="org.apache.commons.io.input.CharSequenceInputStreamTest" time="0.001"/>
  <testcase name="testBufferedRead_AvailableCharset(String)[112]" classname="org.apache.commons.io.input.CharSequenceInputStreamTest" time="0.001"/>
  <testcase name="testBufferedRead_AvailableCharset(String)[113]" classname="org.apache.commons.io.input.CharSequenceInputStreamTest" time="0.001"/>
  <testcase name="testBufferedRead_AvailableCharset(String)[114]" classname="org.apache.commons.io.input.CharSequenceInputStreamTest" time="0.001"/>
  <testcase name="testBufferedRead_AvailableCharset(String)[115]" classname="org.apache.commons.io.input.CharSequenceInputStreamTest" time="0.001"/>
  <testcase name="testBufferedRead_AvailableCharset(String)[116]" classname="org.apache.commons.io.input.CharSequenceInputStreamTest" time="0.001"/>
  <testcase name="testBufferedRead_AvailableCharset(String)[117]" classname="org.apache.commons.io.input.CharSequenceInputStreamTest" time="0.001"/>
  <testcase name="testBufferedRead_AvailableCharset(String)[118]" classname="org.apache.commons.io.input.CharSequenceInputStreamTest" time="0.001"/>
  <testcase name="testBufferedRead_AvailableCharset(String)[119]" classname="org.apache.commons.io.input.CharSequenceInputStreamTest" time="0.001"/>
  <testcase name="testBufferedRead_AvailableCharset(String)[120]" classname="org.apache.commons.io.input.CharSequenceInputStreamTest" time="0.001"/>
  <testcase name="testBufferedRead_AvailableCharset(String)[121]" classname="org.apache.commons.io.input.CharSequenceInputStreamTest" time="0.0"/>
  <testcase name="testBufferedRead_AvailableCharset(String)[122]" classname="org.apache.commons.io.input.CharSequenceInputStreamTest" time="0.001"/>
  <testcase name="testBufferedRead_AvailableCharset(String)[123]" classname="org.apache.commons.io.input.CharSequenceInputStreamTest" time="0.001"/>
  <testcase name="testBufferedRead_AvailableCharset(String)[124]" classname="org.apache.commons.io.input.CharSequenceInputStreamTest" time="0.001"/>
  <testcase name="testBufferedRead_AvailableCharset(String)[125]" classname="org.apache.commons.io.input.CharSequenceInputStreamTest" time="0.001"/>
  <testcase name="testBufferedRead_AvailableCharset(String)[126]" classname="org.apache.commons.io.input.CharSequenceInputStreamTest" time="0.001"/>
  <testcase name="testBufferedRead_AvailableCharset(String)[127]" classname="org.apache.commons.io.input.CharSequenceInputStreamTest" time="0.001"/>
  <testcase name="testBufferedRead_AvailableCharset(String)[128]" classname="org.apache.commons.io.input.CharSequenceInputStreamTest" time="0.001"/>
  <testcase name="testBufferedRead_AvailableCharset(String)[129]" classname="org.apache.commons.io.input.CharSequenceInputStreamTest" time="0.001"/>
  <testcase name="testBufferedRead_AvailableCharset(String)[130]" classname="org.apache.commons.io.input.CharSequenceInputStreamTest" time="0.0"/>
  <testcase name="testBufferedRead_AvailableCharset(String)[131]" classname="org.apache.commons.io.input.CharSequenceInputStreamTest" time="0.001"/>
  <testcase name="testBufferedRead_AvailableCharset(String)[132]" classname="org.apache.commons.io.input.CharSequenceInputStreamTest" time="0.001"/>
  <testcase name="testBufferedRead_AvailableCharset(String)[133]" classname="org.apache.commons.io.input.CharSequenceInputStreamTest" time="0.001"/>
  <testcase name="testBufferedRead_AvailableCharset(String)[134]" classname="org.apache.commons.io.input.CharSequenceInputStreamTest" time="0.001"/>
  <testcase name="testBufferedRead_AvailableCharset(String)[135]" classname="org.apache.commons.io.input.CharSequenceInputStreamTest" time="0.001"/>
  <testcase name="testBufferedRead_AvailableCharset(String)[136]" classname="org.apache.commons.io.input.CharSequenceInputStreamTest" time="0.001"/>
  <testcase name="testBufferedRead_AvailableCharset(String)[137]" classname="org.apache.commons.io.input.CharSequenceInputStreamTest" time="0.002"/>
  <testcase name="testBufferedRead_AvailableCharset(String)[138]" classname="org.apache.commons.io.input.CharSequenceInputStreamTest" time="0.001"/>
  <testcase name="testBufferedRead_AvailableCharset(String)[139]" classname="org.apache.commons.io.input.CharSequenceInputStreamTest" time="0.001"/>
  <testcase name="testBufferedRead_AvailableCharset(String)[140]" classname="org.apache.commons.io.input.CharSequenceInputStreamTest" time="0.0"/>
  <testcase name="testBufferedRead_AvailableCharset(String)[141]" classname="org.apache.commons.io.input.CharSequenceInputStreamTest" time="0.002"/>
  <testcase name="testBufferedRead_AvailableCharset(String)[142]" classname="org.apache.commons.io.input.CharSequenceInputStreamTest" time="0.0"/>
  <testcase name="testBufferedRead_AvailableCharset(String)[143]" classname="org.apache.commons.io.input.CharSequenceInputStreamTest" time="0.001"/>
  <testcase name="testBufferedRead_AvailableCharset(String)[144]" classname="org.apache.commons.io.input.CharSequenceInputStreamTest" time="0.001"/>
  <testcase name="testBufferedRead_AvailableCharset(String)[145]" classname="org.apache.commons.io.input.CharSequenceInputStreamTest" time="0.001"/>
  <testcase name="testBufferedRead_AvailableCharset(String)[146]" classname="org.apache.commons.io.input.CharSequenceInputStreamTest" time="0.001"/>
  <testcase name="testBufferedRead_AvailableCharset(String)[147]" classname="org.apache.commons.io.input.CharSequenceInputStreamTest" time="0.001"/>
  <testcase name="testBufferedRead_AvailableCharset(String)[148]" classname="org.apache.commons.io.input.CharSequenceInputStreamTest" time="0.002"/>
  <testcase name="testBufferedRead_AvailableCharset(String)[149]" classname="org.apache.commons.io.input.CharSequenceInputStreamTest" time="0.001"/>
  <testcase name="testBufferedRead_AvailableCharset(String)[150]" classname="org.apache.commons.io.input.CharSequenceInputStreamTest" time="0.001"/>
  <testcase name="testBufferedRead_AvailableCharset(String)[151]" classname="org.apache.commons.io.input.CharSequenceInputStreamTest" time="0.001"/>
  <testcase name="testBufferedRead_AvailableCharset(String)[152]" classname="org.apache.commons.io.input.CharSequenceInputStreamTest" time="0.001"/>
  <testcase name="testBufferedRead_AvailableCharset(String)[153]" classname="org.apache.commons.io.input.CharSequenceInputStreamTest" time="0.001"/>
  <testcase name="testBufferedRead_AvailableCharset(String)[154]" classname="org.apache.commons.io.input.CharSequenceInputStreamTest" time="0.001"/>
  <testcase name="testBufferedRead_AvailableCharset(String)[155]" classname="org.apache.commons.io.input.CharSequenceInputStreamTest" time="0.001"/>
  <testcase name="testBufferedRead_AvailableCharset(String)[156]" classname="org.apache.commons.io.input.CharSequenceInputStreamTest" time="0.001"/>
  <testcase name="testBufferedRead_AvailableCharset(String)[157]" classname="org.apache.commons.io.input.CharSequenceInputStreamTest" time="0.001"/>
  <testcase name="testBufferedRead_AvailableCharset(String)[158]" classname="org.apache.commons.io.input.CharSequenceInputStreamTest" time="0.001"/>
  <testcase name="testBufferedRead_AvailableCharset(String)[159]" classname="org.apache.commons.io.input.CharSequenceInputStreamTest" time="0.001"/>
  <testcase name="testBufferedRead_AvailableCharset(String)[160]" classname="org.apache.commons.io.input.CharSequenceInputStreamTest" time="0.002"/>
  <testcase name="testBufferedRead_AvailableCharset(String)[161]" classname="org.apache.commons.io.input.CharSequenceInputStreamTest" time="0.002"/>
  <testcase name="testBufferedRead_AvailableCharset(String)[162]" classname="org.apache.commons.io.input.CharSequenceInputStreamTest" time="0.001"/>
  <testcase name="testBufferedRead_AvailableCharset(String)[163]" classname="org.apache.commons.io.input.CharSequenceInputStreamTest" time="0.001"/>
  <testcase name="testBufferedRead_AvailableCharset(String)[164]" classname="org.apache.commons.io.input.CharSequenceInputStreamTest" time="0.0"/>
  <testcase name="testBufferedRead_AvailableCharset(String)[165]" classname="org.apache.commons.io.input.CharSequenceInputStreamTest" time="0.001"/>
  <testcase name="testBufferedRead_AvailableCharset(String)[166]" classname="org.apache.commons.io.input.CharSequenceInputStreamTest" time="0.001"/>
  <testcase name="testBufferedRead_AvailableCharset(String)[167]" classname="org.apache.commons.io.input.CharSequenceInputStreamTest" time="0.0"/>
  <testcase name="testBufferedRead_AvailableCharset(String)[168]" classname="org.apache.commons.io.input.CharSequenceInputStreamTest" time="0.001"/>
  <testcase name="testBufferedRead_AvailableCharset(String)[169]" classname="org.apache.commons.io.input.CharSequenceInputStreamTest" time="0.001"/>
  <testcase name="testBufferedRead_AvailableCharset(String)[170]" classname="org.apache.commons.io.input.CharSequenceInputStreamTest" time="0.0"/>
  <testcase name="testNullCharset" classname="org.apache.commons.io.input.CharSequenceInputStreamTest" time="0.001"/>
  <testcase name="testMarkReset_RequiredCharsets(String)[1]" classname="org.apache.commons.io.input.CharSequenceInputStreamTest" time="0.001"/>
  <testcase name="testMarkReset_RequiredCharsets(String)[2]" classname="org.apache.commons.io.input.CharSequenceInputStreamTest" time="0.001"/>
  <testcase name="testMarkReset_RequiredCharsets(String)[3]" classname="org.apache.commons.io.input.CharSequenceInputStreamTest" time="0.001"/>
  <testcase name="testMarkReset_RequiredCharsets(String)[4]" classname="org.apache.commons.io.input.CharSequenceInputStreamTest" time="0.0"/>
  <testcase name="testMarkReset_RequiredCharsets(String)[5]" classname="org.apache.commons.io.input.CharSequenceInputStreamTest" time="0.002"/>
  <testcase name="testMarkReset_RequiredCharsets(String)[6]" classname="org.apache.commons.io.input.CharSequenceInputStreamTest" time="0.001"/>
  <testcase name="testIO_356_Loop_UTF16" classname="org.apache.commons.io.input.CharSequenceInputStreamTest" time="0.001"/>
  <testcase name="testIO_356_B10_D20_S0_UTF8" classname="org.apache.commons.io.input.CharSequenceInputStreamTest" time="0.0"/>
</testsuite>