<?xml version="1.0" encoding="UTF-8"?>
<testsuite xmlns:xsi="http://www.w3.org/2001/XMLSchema-instance" xsi:noNamespaceSchemaLocation="https://maven.apache.org/surefire/maven-surefire-plugin/xsd/surefire-test-report.xsd" version="3.0.2" name="org.apache.commons.io.FileUtilsTest" time="3.762" tests="187" errors="10" skipped="7" failures="0">
  <properties>
    <property name="sun.desktop" value="windows"/>
    <property name="awt.toolkit" value="sun.awt.windows.WToolkit"/>
    <property name="file.encoding.pkg" value="sun.io"/>
    <property name="java.specification.version" value="1.8"/>
    <property name="sun.cpu.isalist" value="amd64"/>
    <property name="sun.jnu.encoding" value="Cp1253"/>
    <property name="java.class.path" value="C:\Users\user\Code_generation_LLMs\AutoTestLab\packages\commons-io-2.17.0-src\target\test-classes;C:\Users\user\Code_generation_LLMs\AutoTestLab\packages\commons-io-2.17.0-src\target\classes;C:\Users\user\.m2\repository\org\junit\jupiter\junit-jupiter\5.11.0\junit-jupiter-5.11.0.jar;C:\Users\user\.m2\repository\org\junit\jupiter\junit-jupiter-api\5.11.0\junit-jupiter-api-5.11.0.jar;C:\Users\user\.m2\repository\org\opentest4j\opentest4j\1.3.0\opentest4j-1.3.0.jar;C:\Users\user\.m2\repository\org\junit\platform\junit-platform-commons\1.11.0\junit-platform-commons-1.11.0.jar;C:\Users\user\.m2\repository\org\apiguardian\apiguardian-api\1.1.2\apiguardian-api-1.1.2.jar;C:\Users\user\.m2\repository\org\junit\jupiter\junit-jupiter-params\5.11.0\junit-jupiter-params-5.11.0.jar;C:\Users\user\.m2\repository\org\junit\jupiter\junit-jupiter-engine\5.11.0\junit-jupiter-engine-5.11.0.jar;C:\Users\user\.m2\repository\org\junit\platform\junit-platform-engine\1.11.0\junit-platform-engine-1.11.0.jar;C:\Users\user\.m2\repository\org\junit-pioneer\junit-pioneer\1.9.1\junit-pioneer-1.9.1.jar;C:\Users\user\.m2\repository\org\junit\platform\junit-platform-launcher\1.11.0\junit-platform-launcher-1.11.0.jar;C:\Users\user\.m2\repository\net\bytebuddy\byte-buddy\1.15.1\byte-buddy-1.15.1.jar;C:\Users\user\.m2\repository\net\bytebuddy\byte-buddy-agent\1.15.1\byte-buddy-agent-1.15.1.jar;C:\Users\user\.m2\repository\org\mockito\mockito-inline\4.11.0\mockito-inline-4.11.0.jar;C:\Users\user\.m2\repository\org\mockito\mockito-core\4.11.0\mockito-core-4.11.0.jar;C:\Users\user\.m2\repository\org\objenesis\objenesis\3.3\objenesis-3.3.jar;C:\Users\user\.m2\repository\com\google\jimfs\jimfs\1.3.0\jimfs-1.3.0.jar;C:\Users\user\.m2\repository\com\google\guava\guava\32.1.1-jre\guava-32.1.1-jre.jar;C:\Users\user\.m2\repository\com\google\guava\failureaccess\1.0.1\failureaccess-1.0.1.jar;C:\Users\user\.m2\repository\com\google\guava\listenablefuture\9999.0-empty-to-avoid-conflict-with-guava\listenablefuture-9999.0-empty-to-avoid-conflict-with-guava.jar;C:\Users\user\.m2\repository\com\google\code\findbugs\jsr305\3.0.2\jsr305-3.0.2.jar;C:\Users\user\.m2\repository\org\checkerframework\checker-qual\3.33.0\checker-qual-3.33.0.jar;C:\Users\user\.m2\repository\com\google\errorprone\error_prone_annotations\2.18.0\error_prone_annotations-2.18.0.jar;C:\Users\user\.m2\repository\com\google\j2objc\j2objc-annotations\2.8\j2objc-annotations-2.8.jar;C:\Users\user\.m2\repository\org\apache\commons\commons-lang3\3.17.0\commons-lang3-3.17.0.jar;C:\Users\user\.m2\repository\commons-codec\commons-codec\1.17.1\commons-codec-1.17.1.jar;C:\Users\user\.m2\repository\org\openjdk\jmh\jmh-core\1.37\jmh-core-1.37.jar;C:\Users\user\.m2\repository\net\sf\jopt-simple\jopt-simple\5.0.4\jopt-simple-5.0.4.jar;C:\Users\user\.m2\repository\org\apache\commons\commons-math3\3.6.1\commons-math3-3.6.1.jar;C:\Users\user\.m2\repository\org\openjdk\jmh\jmh-generator-annprocess\1.37\jmh-generator-annprocess-1.37.jar;"/>
    <property name="java.vm.vendor" value="Oracle Corporation"/>
    <property name="sun.arch.data.model" value="64"/>
    <property name="user.variant" value=""/>
    <property name="java.vendor.url" value="http://java.oracle.com/"/>
    <property name="user.timezone" value="Europe/Athens"/>
    <property name="java.vm.specification.version" value="1.8"/>
    <property name="os.name" value="Windows 10"/>
    <property name="user.country" value="GR"/>
    <property name="sun.java.launcher" value="SUN_STANDARD"/>
    <property name="sun.boot.library.path" value="C:\Program Files\Java\jdk1.8.0_202\jre\bin"/>
    <property name="sun.java.command" value="C:\Users\user\AppData\Local\Temp\surefire4950206674084714886\surefirebooter-20241012120841129_240.jar C:\Users\user\AppData\Local\Temp\surefire4950206674084714886 2024-10-12T12-08-38_830-jvmRun1 surefire-20241012120841129_238tmp surefire_78-20241012120841129_239tmp"/>
    <property name="surefire.test.class.path" value="C:\Users\user\Code_generation_LLMs\AutoTestLab\packages\commons-io-2.17.0-src\target\test-classes;C:\Users\user\Code_generation_LLMs\AutoTestLab\packages\commons-io-2.17.0-src\target\classes;C:\Users\user\.m2\repository\org\junit\jupiter\junit-jupiter\5.11.0\junit-jupiter-5.11.0.jar;C:\Users\user\.m2\repository\org\junit\jupiter\junit-jupiter-api\5.11.0\junit-jupiter-api-5.11.0.jar;C:\Users\user\.m2\repository\org\opentest4j\opentest4j\1.3.0\opentest4j-1.3.0.jar;C:\Users\user\.m2\repository\org\junit\platform\junit-platform-commons\1.11.0\junit-platform-commons-1.11.0.jar;C:\Users\user\.m2\repository\org\apiguardian\apiguardian-api\1.1.2\apiguardian-api-1.1.2.jar;C:\Users\user\.m2\repository\org\junit\jupiter\junit-jupiter-params\5.11.0\junit-jupiter-params-5.11.0.jar;C:\Users\user\.m2\repository\org\junit\jupiter\junit-jupiter-engine\5.11.0\junit-jupiter-engine-5.11.0.jar;C:\Users\user\.m2\repository\org\junit\platform\junit-platform-engine\1.11.0\junit-platform-engine-1.11.0.jar;C:\Users\user\.m2\repository\org\junit-pioneer\junit-pioneer\1.9.1\junit-pioneer-1.9.1.jar;C:\Users\user\.m2\repository\org\junit\platform\junit-platform-launcher\1.11.0\junit-platform-launcher-1.11.0.jar;C:\Users\user\.m2\repository\net\bytebuddy\byte-buddy\1.15.1\byte-buddy-1.15.1.jar;C:\Users\user\.m2\repository\net\bytebuddy\byte-buddy-agent\1.15.1\byte-buddy-agent-1.15.1.jar;C:\Users\user\.m2\repository\org\mockito\mockito-inline\4.11.0\mockito-inline-4.11.0.jar;C:\Users\user\.m2\repository\org\mockito\mockito-core\4.11.0\mockito-core-4.11.0.jar;C:\Users\user\.m2\repository\org\objenesis\objenesis\3.3\objenesis-3.3.jar;C:\Users\user\.m2\repository\com\google\jimfs\jimfs\1.3.0\jimfs-1.3.0.jar;C:\Users\user\.m2\repository\com\google\guava\guava\32.1.1-jre\guava-32.1.1-jre.jar;C:\Users\user\.m2\repository\com\google\guava\failureaccess\1.0.1\failureaccess-1.0.1.jar;C:\Users\user\.m2\repository\com\google\guava\listenablefuture\9999.0-empty-to-avoid-conflict-with-guava\listenablefuture-9999.0-empty-to-avoid-conflict-with-guava.jar;C:\Users\user\.m2\repository\com\google\code\findbugs\jsr305\3.0.2\jsr305-3.0.2.jar;C:\Users\user\.m2\repository\org\checkerframework\checker-qual\3.33.0\checker-qual-3.33.0.jar;C:\Users\user\.m2\repository\com\google\errorprone\error_prone_annotations\2.18.0\error_prone_annotations-2.18.0.jar;C:\Users\user\.m2\repository\com\google\j2objc\j2objc-annotations\2.8\j2objc-annotations-2.8.jar;C:\Users\user\.m2\repository\org\apache\commons\commons-lang3\3.17.0\commons-lang3-3.17.0.jar;C:\Users\user\.m2\repository\commons-codec\commons-codec\1.17.1\commons-codec-1.17.1.jar;C:\Users\user\.m2\repository\org\openjdk\jmh\jmh-core\1.37\jmh-core-1.37.jar;C:\Users\user\.m2\repository\net\sf\jopt-simple\jopt-simple\5.0.4\jopt-simple-5.0.4.jar;C:\Users\user\.m2\repository\org\apache\commons\commons-math3\3.6.1\commons-math3-3.6.1.jar;C:\Users\user\.m2\repository\org\openjdk\jmh\jmh-generator-annprocess\1.37\jmh-generator-annprocess-1.37.jar;"/>
    <property name="sun.cpu.endian" value="little"/>
    <property name="user.home" value="C:\Users\user"/>
    <property name="user.language" value="el"/>
    <property name="java.specification.vendor" value="Oracle Corporation"/>
    <property name="java.home" value="C:\Program Files\Java\jdk1.8.0_202\jre"/>
    <property name="basedir" value="C:\Users\user\Code_generation_LLMs\AutoTestLab\packages\commons-io-2.17.0-src"/>
    <property name="file.separator" value="\"/>
    <property name="line.separator" value="&#10;"/>
    <property name="java.vm.specification.vendor" value="Oracle Corporation"/>
    <property name="java.specification.name" value="Java Platform API Specification"/>
    <property name="java.awt.graphicsenv" value="sun.awt.Win32GraphicsEnvironment"/>
    <property name="surefire.real.class.path" value="C:\Users\user\AppData\Local\Temp\surefire4950206674084714886\surefirebooter-20241012120841129_240.jar;C:\\Users\\user\\.m2\\repository\\org\\jacoco\\org.jacoco.agent\\0.8.12\\org.jacoco.agent-0.8.12-runtime.jar"/>
    <property name="sun.boot.class.path" value="C:\Program Files\Java\jdk1.8.0_202\jre\lib\resources.jar;C:\Program Files\Java\jdk1.8.0_202\jre\lib\rt.jar;C:\Program Files\Java\jdk1.8.0_202\jre\lib\sunrsasign.jar;C:\Program Files\Java\jdk1.8.0_202\jre\lib\jsse.jar;C:\Program Files\Java\jdk1.8.0_202\jre\lib\jce.jar;C:\Program Files\Java\jdk1.8.0_202\jre\lib\charsets.jar;C:\Program Files\Java\jdk1.8.0_202\jre\lib\jfr.jar;C:\Program Files\Java\jdk1.8.0_202\jre\classes"/>
    <property name="user.script" value=""/>
    <property name="sun.management.compiler" value="HotSpot 64-Bit Tiered Compilers"/>
    <property name="java.runtime.version" value="1.8.0_202-b08"/>
    <property name="user.name" value="user"/>
    <property name="path.separator" value=";"/>
    <property name="os.version" value="10.0"/>
    <property name="java.endorsed.dirs" value="C:\Program Files\Java\jdk1.8.0_202\jre\lib\endorsed"/>
    <property name="java.runtime.name" value="Java(TM) SE Runtime Environment"/>
    <property name="file.encoding" value="Cp1253"/>
    <property name="java.vm.name" value="Java HotSpot(TM) 64-Bit Server VM"/>
    <property name="localRepository" value="C:\Users\user\.m2\repository"/>
    <property name="java.vendor.url.bug" value="http://bugreport.sun.com/bugreport/"/>
    <property name="java.io.tmpdir" value="C:\Users\user\AppData\Local\Temp\"/>
    <property name="java.version" value="1.8.0_202"/>
    <property name="user.dir" value="C:\Users\user\Code_generation_LLMs\AutoTestLab\packages\commons-io-2.17.0-src"/>
    <property name="os.arch" value="amd64"/>
    <property name="java.vm.specification.name" value="Java Virtual Machine Specification"/>
    <property name="java.awt.printerjob" value="sun.awt.windows.WPrinterJob"/>
    <property name="sun.os.patch.level" value=""/>
    <property name="java.library.path" value="C:\Program Files\Java\jdk1.8.0_202\jre\bin;C:\WINDOWS\Sun\Java\bin;C:\WINDOWS\system32;C:\WINDOWS;C:\Users\user\miniconda3\envs\myenv;C:\Users\user\miniconda3\envs\myenv\Library\mingw-w64\bin;C:\Users\user\miniconda3\envs\myenv\Library\usr\bin;C:\Users\user\miniconda3\envs\myenv\Library\bin;C:\Users\user\miniconda3\envs\myenv\Scripts;C:\Users\user\miniconda3\envs\myenv\bin;C:\Program Files\NVIDIA\CUDNN\v9.0\bin;C:\Program Files\NVIDIA GPU Computing Toolkit\CUDA\v12.3\bin;C:\Program Files\NVIDIA GPU Computing Toolkit\CUDA\v12.3\libnvvp;C:\Program Files\Common Files\Oracle\Java\javapath;C:\Program Files (x86)\Common Files\Oracle\Java\java8path;C:\Program Files (x86)\Common Files\Oracle\Java\javapath;C:\WINDOWS\system32;C:\WINDOWS;C:\WINDOWS\System32\Wbem;C:\WINDOWS\System32\WindowsPowerShell\v1.0;C:\WINDOWS\System32\OpenSSH;C:\Program Files\Intel\WiFi\bin;C:\Program Files\Common Files\Intel\WirelessCommon;c:\Program Files (x86)\Intel\Intel(R) Management Engine Components\DAL;c:\Program Files\Intel\Intel(R) Management Engine Components\DAL;C:\Users\user\Desktop\Large Scale Data Management;C:\Program Files\Vagrant\bin;C:\Program Files\Git\cmd;C:\Program Files\apache-maven-3.9.6\bin;C:\Program Files\NVIDIA Corporation\Nsight Compute 2023.3.1;C:\Program Files (x86)\NVIDIA Corporation\PhysX\Common;C:\Program Files\NVIDIA Corporation\Installer2;C:\Program Files\nodejs;C:\Users\user\defects4j\framework\bin;C:\Program Files\Java\jdk1.8.0_202\bin;C:\Strawberry\c\bin;C:\Strawberry\perl\site\bin;C:\Strawberry\perl\bin;C:\Users\user\defects4j\framework\bin;C:\Windows\System32;C:\Program Files\TortoiseSVN\bin;C:\Program Files\Java\jdk1.8.0_202\bin;C:\Users\user\miniconda3\envs\ujb;C:\Users\user\miniconda3\envs\ujb\Library\mingw-w64\bin;C:\Users\user\miniconda3\envs\ujb\Library\usr\bin;C:\Users\user\miniconda3\envs\ujb\Library\bin;C:\Users\user\miniconda3\envs\ujb\Scripts;C:\Users\user\miniconda3\envs\ujb\bin;C:\Users\user\miniconda3\condabin;C:\Program Files\NVIDIA\CUDNN\v9.0\bin;C:\Program Files\NVIDIA GPU Computing Toolkit\CUDA\v12.3\bin;C:\Program Files\NVIDIA GPU Computing Toolkit\CUDA\v12.3\libnvvp;C:\Program Files\Common Files\Oracle\Java\javapath;C:\Program Files (x86)\Common Files\Oracle\Java\java8path;C:\Program Files (x86)\Common Files\Oracle\Java\javapath;C:\WINDOWS\system32;C:\WINDOWS;C:\WINDOWS\System32\Wbem;C:\WINDOWS\System32\WindowsPowerShell\v1.0;C:\WINDOWS\System32\OpenSSH;C:\Program Files\Intel\WiFi\bin;C:\Program Files\Common Files\Intel\WirelessCommon;c:\Program Files (x86)\Intel\Intel(R) Management Engine Components\DAL;c:\Program Files\Intel\Intel(R) Management Engine Components\DAL;C:\Users;C:\Users\user\AppData\Local\Programs\Microsoft VS Code\bin;."/>
    <property name="java.vm.info" value="mixed mode"/>
    <property name="java.vendor" value="Oracle Corporation"/>
    <property name="java.vm.version" value="25.202-b08"/>
    <property name="java.ext.dirs" value="C:\Program Files\Java\jdk1.8.0_202\jre\lib\ext;C:\WINDOWS\Sun\Java\lib\ext"/>
    <property name="sun.io.unicode.encoding" value="UnicodeLittle"/>
    <property name="java.class.version" value="52.0"/>
  </properties>
  <testcase name="testCopyFile1" classname="org.apache.commons.io.FileUtilsTest" time="0.47"/>
  <testcase name="testCopyFile2" classname="org.apache.commons.io.FileUtilsTest" time="0.015"/>
  <testcase name="testCopyToDirectoryWithDirectory" classname="org.apache.commons.io.FileUtilsTest" time="0.028"/>
  <testcase name="testChecksumOnDirectory" classname="org.apache.commons.io.FileUtilsTest" time="0.012"/>
  <testcase name="testWriteLines_3arg_nullSeparator" classname="org.apache.commons.io.FileUtilsTest" time="0.044"/>
  <testcase name="testChecksum" classname="org.apache.commons.io.FileUtilsTest" time="0.014"/>
  <testcase name="testGetUserDirectoryPath" classname="org.apache.commons.io.FileUtilsTest" time="0.034"/>
  <testcase name="testForceDeleteReadOnlyFile" classname="org.apache.commons.io.FileUtilsTest" time="0.02"/>
  <testcase name="testCopyDir_symLink" classname="org.apache.commons.io.FileUtilsTest" time="0.037">
    <error message="C:\Users\user\AppData\Local\Temp\junit-6121595657633573947\FileUtilsTest2237729918460597523\link_to_directory: Το πρόγραμμα-πελάτης δεν διαθέτει κάποιο απαραίτητο δικαίωμα.&#10;" type="java.nio.file.FileSystemException"><![CDATA[java.nio.file.FileSystemException: 
C:\Users\user\AppData\Local\Temp\junit-6121595657633573947\FileUtilsTest2237729918460597523\link_to_directory: Το πρόγραμμα-πελάτης δεν διαθέτει κάποιο απαραίτητο δικαίωμα.

	at sun.nio.fs.WindowsException.translateToIOException(WindowsException.java:86)
	at sun.nio.fs.WindowsException.rethrowAsIOException(WindowsException.java:97)
	at sun.nio.fs.WindowsException.rethrowAsIOException(WindowsException.java:102)
	at sun.nio.fs.WindowsFileSystemProvider.createSymbolicLink(WindowsFileSystemProvider.java:585)
	at java.nio.file.Files.createSymbolicLink(Files.java:1043)
	at org.apache.commons.io.FileUtilsTest.testCopyDir_symLink(FileUtilsTest.java:772)
	at java.lang.reflect.Method.invoke(Method.java:498)
	at java.util.ArrayList.forEach(ArrayList.java:1257)
	at java.util.ArrayList.forEach(ArrayList.java:1257)
]]></error>
  </testcase>
  <testcase name="testCopyToDirectoryWithIterableSourceIsNull" classname="org.apache.commons.io.FileUtilsTest" time="0.011"/>
  <testcase name="testToFiles3a" classname="org.apache.commons.io.FileUtilsTest" time="0.01"/>
  <testcase name="testChecksumCRC32" classname="org.apache.commons.io.FileUtilsTest" time="0.013"/>
  <testcase name="testWriteLines_3argsWithAppendOptionTrue_ShouldNotDeletePreviousFileLines" classname="org.apache.commons.io.FileUtilsTest" time="0.017"/>
  <testcase name="testCopyDirectoryToChild" classname="org.apache.commons.io.FileUtilsTest" time="0.1"/>
  <testcase name="testCopyFileToReadOnlyDirectory" classname="org.apache.commons.io.FileUtilsTest" time="0.0">
    <skipped type="org.opentest4j.TestAbortedException"><![CDATA[org.opentest4j.TestAbortedException: Assumption failed: assumption is not true
	at org.junit.jupiter.api.Assumptions.throwAssumptionFailed(Assumptions.java:316)
	at org.junit.jupiter.api.Assumptions.assumeTrue(Assumptions.java:115)
	at org.junit.jupiter.api.Assumptions.assumeTrue(Assumptions.java:66)
	at org.apache.commons.io.FileUtilsTest.testCopyFileToReadOnlyDirectory(FileUtilsTest.java:1333)
	at java.lang.reflect.Method.invoke(Method.java:498)
	at java.util.ArrayList.forEach(ArrayList.java:1257)
	at java.util.ArrayList.forEach(ArrayList.java:1257)
]]></skipped>
  </testcase>
  <testcase name="testCopyDirectory_symLink" classname="org.apache.commons.io.FileUtilsTest" time="0.014">
    <error message="C:\Users\user\AppData\Local\Temp\junit-6786598930378354397\FileUtilsTest7044027384555296951\source_directory\linkfile: Το πρόγραμμα-πελάτης δεν διαθέτει κάποιο απαραίτητο δικαίωμα.&#10;" type="java.nio.file.FileSystemException"><![CDATA[java.nio.file.FileSystemException: 
C:\Users\user\AppData\Local\Temp\junit-6786598930378354397\FileUtilsTest7044027384555296951\source_directory\linkfile: Το πρόγραμμα-πελάτης δεν διαθέτει κάποιο απαραίτητο δικαίωμα.

	at sun.nio.fs.WindowsException.translateToIOException(WindowsException.java:86)
	at sun.nio.fs.WindowsException.rethrowAsIOException(WindowsException.java:97)
	at sun.nio.fs.WindowsException.rethrowAsIOException(WindowsException.java:102)
	at sun.nio.fs.WindowsFileSystemProvider.createSymbolicLink(WindowsFileSystemProvider.java:585)
	at java.nio.file.Files.createSymbolicLink(Files.java:1043)
	at org.apache.commons.io.FileUtilsTest.testCopyDirectory_symLink(FileUtilsTest.java:870)
	at java.lang.reflect.Method.invoke(Method.java:498)
	at java.util.ArrayList.forEach(ArrayList.java:1257)
	at java.util.ArrayList.forEach(ArrayList.java:1257)
]]></error>
  </testcase>
  <testcase name="testContentEqualsIgnoreEOL" classname="org.apache.commons.io.FileUtilsTest" time="0.044"/>
  <testcase name="testReadFileToString_Errors" classname="org.apache.commons.io.FileUtilsTest" time="0.037"/>
  <testcase name="testForceDeleteAFile1" classname="org.apache.commons.io.FileUtilsTest" time="0.009"/>
  <testcase name="testForceDeleteAFile2" classname="org.apache.commons.io.FileUtilsTest" time="0.011"/>
  <testcase name="testForceDeleteAFile3" classname="org.apache.commons.io.FileUtilsTest" time="0.011"/>
  <testcase name="testIsEmptyDirectory" classname="org.apache.commons.io.FileUtilsTest" time="0.017"/>
  <testcase name="testCopyToSelf" classname="org.apache.commons.io.FileUtilsTest" time="0.013"/>
  <testcase name="testDeleteQuietlyForNull" classname="org.apache.commons.io.FileUtilsTest" time="0.01"/>
  <testcase name="testToFile1" classname="org.apache.commons.io.FileUtilsTest" time="0.01"/>
  <testcase name="testToFile2" classname="org.apache.commons.io.FileUtilsTest" time="0.011"/>
  <testcase name="testToFile3" classname="org.apache.commons.io.FileUtilsTest" time="0.011"/>
  <testcase name="testToFile4" classname="org.apache.commons.io.FileUtilsTest" time="0.009"/>
  <testcase name="testToFile5" classname="org.apache.commons.io.FileUtilsTest" time="0.009"/>
  <testcase name="testToURLs1" classname="org.apache.commons.io.FileUtilsTest" time="0.008"/>
  <testcase name="testToURLs2" classname="org.apache.commons.io.FileUtilsTest" time="0.008"/>
  <testcase name="testToURLs3" classname="org.apache.commons.io.FileUtilsTest" time="0.008"/>
  <testcase name="testDeleteQuietlyNonExistent" classname="org.apache.commons.io.FileUtilsTest" time="0.007"/>
  <testcase name="test_openInputStream_existsButIsDirectory" classname="org.apache.commons.io.FileUtilsTest" time="0.008"/>
  <testcase name="testCopyDirectoryExceptions" classname="org.apache.commons.io.FileUtilsTest" time="0.014"/>
  <testcase name="testMoveFile_CopyDelete_WithoutFileDatePreservation" classname="org.apache.commons.io.FileUtilsTest" time="0.023"/>
  <testcase name="testListFilesOnlyNoDirs" classname="org.apache.commons.io.FileUtilsTest" time="0.042"/>
  <testcase name="testToFileUtf8" classname="org.apache.commons.io.FileUtilsTest" time="0.009"/>
  <testcase name="testCopyDirectoryToNonExistingDest" classname="org.apache.commons.io.FileUtilsTest" time="0.037"/>
  <testcase name="testToFiles1" classname="org.apache.commons.io.FileUtilsTest" time="0.009"/>
  <testcase name="testToFiles2" classname="org.apache.commons.io.FileUtilsTest" time="0.009"/>
  <testcase name="testToFiles3" classname="org.apache.commons.io.FileUtilsTest" time="0.01"/>
  <testcase name="testToFiles4" classname="org.apache.commons.io.FileUtilsTest" time="0.012"/>
  <testcase name="testWriteByteArrayToFile" classname="org.apache.commons.io.FileUtilsTest" time="0.01"/>
  <testcase name="testMoveFile_CopyDelete_Failed" classname="org.apache.commons.io.FileUtilsTest" time="0.017"/>
  <testcase name="testWriteLines_5argsWithAppendOptionTrue_ShouldNotDeletePreviousFileLines" classname="org.apache.commons.io.FileUtilsTest" time="0.011"/>
  <testcase name="testWriteLines_4arg_Writer_nullData" classname="org.apache.commons.io.FileUtilsTest" time="0.011"/>
  <testcase name="testCopyToDirectoryWithFileSourceDoesNotExist" classname="org.apache.commons.io.FileUtilsTest" time="0.011"/>
  <testcase name="testMoveFile_Errors" classname="org.apache.commons.io.FileUtilsTest" time="0.015"/>
  <testcase name="testWriteStringToFile_WithAppendOptionFalse_ShouldDeletePreviousFileLines" classname="org.apache.commons.io.FileUtilsTest" time="0.012"/>
  <testcase name="test_openOutputStream_exists" classname="org.apache.commons.io.FileUtilsTest" time="0.012"/>
  <testcase name="testListFilesWithDirs" classname="org.apache.commons.io.FileUtilsTest" time="0.037"/>
  <testcase name="testWriteLines_3argsWithAppendOptionFalse_ShouldDeletePreviousFileLines" classname="org.apache.commons.io.FileUtilsTest" time="0.023"/>
  <testcase name="testWriteLines_4argsWithAppendOptionFalse_ShouldDeletePreviousFileLines" classname="org.apache.commons.io.FileUtilsTest" time="0.011"/>
  <testcase name="testIO276" classname="org.apache.commons.io.FileUtilsTest" time="0.01"/>
  <testcase name="testIO300" classname="org.apache.commons.io.FileUtilsTest" time="0.014"/>
  <testcase name="testIO575" classname="org.apache.commons.io.FileUtilsTest" time="0.025"/>
  <testcase name="testWriteLines_5argsWithAppendOptionFalse_ShouldDeletePreviousFileLines" classname="org.apache.commons.io.FileUtilsTest" time="0.012"/>
  <testcase name="testTouch" classname="org.apache.commons.io.FileUtilsTest" time="0.018"/>
  <testcase name="testGetUserDirectory" classname="org.apache.commons.io.FileUtilsTest" time="0.008"/>
  <testcase name="testWriteStringToFileIntoSymlinkedDir" classname="org.apache.commons.io.FileUtilsTest" time="0.011">
    <error message="C:\Users\user\AppData\Local\Temp\junit-4254162173577478974\FileUtilsTest5902346084755723246\symlinked-dir: Το πρόγραμμα-πελάτης δεν διαθέτει κάποιο απαραίτητο δικαίωμα.&#10;" type="java.nio.file.FileSystemException"><![CDATA[java.nio.file.FileSystemException: 
C:\Users\user\AppData\Local\Temp\junit-4254162173577478974\FileUtilsTest5902346084755723246\symlinked-dir: Το πρόγραμμα-πελάτης δεν διαθέτει κάποιο απαραίτητο δικαίωμα.

	at sun.nio.fs.WindowsException.translateToIOException(WindowsException.java:86)
	at sun.nio.fs.WindowsException.rethrowAsIOException(WindowsException.java:97)
	at sun.nio.fs.WindowsException.rethrowAsIOException(WindowsException.java:102)
	at sun.nio.fs.WindowsFileSystemProvider.createSymbolicLink(WindowsFileSystemProvider.java:585)
	at java.nio.file.Files.createSymbolicLink(Files.java:1043)
	at org.apache.commons.io.FileUtilsTest.createTempSymlinkedRelativeDir(FileUtilsTest.java:250)
	at org.apache.commons.io.FileUtilsTest.testWriteStringToFileIntoSymlinkedDir(FileUtilsTest.java:3440)
	at java.lang.reflect.Method.invoke(Method.java:498)
	at java.util.ArrayList.forEach(ArrayList.java:1257)
	at java.util.ArrayList.forEach(ArrayList.java:1257)
]]></error>
  </testcase>
  <testcase name="testCopyToDirectoryWithFile" classname="org.apache.commons.io.FileUtilsTest" time="0.012"/>
  <testcase name="testCopyURLToFileCreatesParentDirs" classname="org.apache.commons.io.FileUtilsTest" time="0.015"/>
  <testcase name="testChecksumDouble" classname="org.apache.commons.io.FileUtilsTest" time="0.014"/>
  <testcase name="testToURLs3a" classname="org.apache.commons.io.FileUtilsTest" time="0.008"/>
  <testcase name="testWriteStringToFileWithNullCharset" classname="org.apache.commons.io.FileUtilsTest" time="0.012"/>
  <testcase name="testReadFileToByteArray_Errors" classname="org.apache.commons.io.FileUtilsTest" time="0.01"/>
  <testcase name="testMoveFile_Rename" classname="org.apache.commons.io.FileUtilsTest" time="0.01"/>
  <testcase name="testCopyFileLarge" classname="org.apache.commons.io.FileUtilsTest" time="0.0">
    <skipped message="public void org.apache.commons.io.FileUtilsTest.testCopyFileLarge() throws java.lang.Exception is @Disabled"/>
  </testcase>
  <testcase name="testWriteByteArrayToFile_WithAppendOptionFalse_ShouldDeletePreviousFileLines" classname="org.apache.commons.io.FileUtilsTest" time="0.012"/>
  <testcase name="testCopyDirectoryToDirectory_NonExistingDest" classname="org.apache.commons.io.FileUtilsTest" time="0.034"/>
  <testcase name="testMoveDirectory_CopyDelete" classname="org.apache.commons.io.FileUtilsTest" time="0.02"/>
  <testcase name="testGetFile_Parent" classname="org.apache.commons.io.FileUtilsTest" time="0.01"/>
  <testcase name="test_openOutputStream_noParentNoFile" classname="org.apache.commons.io.FileUtilsTest" time="0.022"/>
  <testcase name="testForceDeleteReadOnlyDirectory" classname="org.apache.commons.io.FileUtilsTest" time="0.0">
    <skipped message="Disabled on operating system: Windows 10"/>
  </testcase>
  <testcase name="testByteCountToDisplaySizeNumber" classname="org.apache.commons.io.FileUtilsTest" time="0.008"/>
  <testcase name="testWriteWithEncoding_WithAppendOptionFalse_ShouldDeletePreviousFileLines" classname="org.apache.commons.io.FileUtilsTest" time="0.011"/>
  <testcase name="testCopyFile2WithoutFileDatePreservation" classname="org.apache.commons.io.FileUtilsTest" time="0.011"/>
  <testcase name="testMoveFile_CopyDelete" classname="org.apache.commons.io.FileUtilsTest" time="0.011"/>
  <testcase name="testFileUtils" classname="org.apache.commons.io.FileUtilsTest" time="0.01"/>
  <testcase name="testForceMkdir" classname="org.apache.commons.io.FileUtilsTest" time="0.009"/>
  <testcase name="testCreateParentDirectories" classname="org.apache.commons.io.FileUtilsTest" time="0.006"/>
  <testcase name="testCopyFile1ToDir" classname="org.apache.commons.io.FileUtilsTest" time="0.014"/>
  <testcase name="testListFiles" classname="org.apache.commons.io.FileUtilsTest" time="0.018"/>
  <testcase name="testMoveDirectoryToDirectory_Errors" classname="org.apache.commons.io.FileUtilsTest" time="0.013"/>
  <testcase name="testCopyFile2ToDir" classname="org.apache.commons.io.FileUtilsTest" time="0.012"/>
  <testcase name="testCopyDirectory_brokenSymLink" classname="org.apache.commons.io.FileUtilsTest" time="0.011">
    <error message="C:\Users\user\AppData\Local\Temp\junit-32705591264925572\FileUtilsTest4154931050082156060\source_directory\linkfile: Το πρόγραμμα-πελάτης δεν διαθέτει κάποιο απαραίτητο δικαίωμα.&#10;" type="java.nio.file.FileSystemException"><![CDATA[java.nio.file.FileSystemException: 
C:\Users\user\AppData\Local\Temp\junit-32705591264925572\FileUtilsTest4154931050082156060\source_directory\linkfile: Το πρόγραμμα-πελάτης δεν διαθέτει κάποιο απαραίτητο δικαίωμα.

	at sun.nio.fs.WindowsException.translateToIOException(WindowsException.java:86)
	at sun.nio.fs.WindowsException.rethrowAsIOException(WindowsException.java:97)
	at sun.nio.fs.WindowsException.rethrowAsIOException(WindowsException.java:102)
	at sun.nio.fs.WindowsFileSystemProvider.createSymbolicLink(WindowsFileSystemProvider.java:585)
	at java.nio.file.Files.createSymbolicLink(Files.java:1043)
	at org.apache.commons.io.FileUtilsTest.testCopyDirectory_brokenSymLink(FileUtilsTest.java:835)
	at java.lang.reflect.Method.invoke(Method.java:498)
	at java.util.ArrayList.forEach(ArrayList.java:1257)
	at java.util.ArrayList.forEach(ArrayList.java:1257)
]]></error>
  </testcase>
  <testcase name="testForceDeleteUnwritableDirectory" classname="org.apache.commons.io.FileUtilsTest" time="0.0">
    <skipped message="Disabled on operating system: Windows 10"/>
  </testcase>
  <testcase name="testForceDeleteDir" classname="org.apache.commons.io.FileUtilsTest" time="0.01"/>
  <testcase name="testGetFile" classname="org.apache.commons.io.FileUtilsTest" time="0.01"/>
  <testcase name="testWriteByteArrayToFile_WithOffsetAndLength" classname="org.apache.commons.io.FileUtilsTest" time="0.012"/>
  <testcase name="testReadLines" classname="org.apache.commons.io.FileUtilsTest" time="0.009"/>
  <testcase name="testIsDirectory" classname="org.apache.commons.io.FileUtilsTest" time="0.008"/>
  <testcase name="testWriteStringToFileWithEncoding_WithAppendOptionTrue_ShouldNotDeletePreviousFileLines" classname="org.apache.commons.io.FileUtilsTest" time="0.012"/>
  <testcase name="testCopyToDirectoryWithIterable" classname="org.apache.commons.io.FileUtilsTest" time="0.013"/>
  <testcase name="testReadFileToString_IOExceptionOnPosixFileSystem" classname="org.apache.commons.io.FileUtilsTest" time="0.0">
    <skipped message="@EnabledIf(&quot;isPosixFilePermissionsSupported&quot;) evaluated to false"/>
  </testcase>
  <testcase name="testIsRegularFile" classname="org.apache.commons.io.FileUtilsTest" time="0.008"/>
  <testcase name="testGetTempDirectoryPath" classname="org.apache.commons.io.FileUtilsTest" time="0.008"/>
  <testcase name="testReadLines_IOExceptionOnPosixFileSystem" classname="org.apache.commons.io.FileUtilsTest" time="0.0">
    <skipped message="@EnabledIf(&quot;isPosixFilePermissionsSupported&quot;) evaluated to false"/>
  </testcase>
  <testcase name="test_openOutputStream_notExists" classname="org.apache.commons.io.FileUtilsTest" time="0.012"/>
  <testcase name="testMoveDirectory_Errors" classname="org.apache.commons.io.FileUtilsTest" time="0.015"/>
  <testcase name="testReadFileToStringWithEncoding" classname="org.apache.commons.io.FileUtilsTest" time="0.011"/>
  <testcase name="testCopyToDirectoryWithIterableSourceDoesNotExist" classname="org.apache.commons.io.FileUtilsTest" time="0.009"/>
  <testcase name="testForceDeleteUnwritableFile" classname="org.apache.commons.io.FileUtilsTest" time="0.013"/>
  <testcase name="testSizeOfAsBigInteger" classname="org.apache.commons.io.FileUtilsTest" time="0.014"/>
  <testcase name="testCopyURLToFileWithTimeout" classname="org.apache.commons.io.FileUtilsTest" time="0.013"/>
  <testcase name="testReadFileToByteArray_IOExceptionOnPosixFileSystem" classname="org.apache.commons.io.FileUtilsTest" time="0.0">
    <skipped message="@EnabledIf(&quot;isPosixFilePermissionsSupported&quot;) evaluated to false"/>
  </testcase>
  <testcase name="testMoveFile_CopyDelete_WithFileDatePreservation" classname="org.apache.commons.io.FileUtilsTest" time="0.013"/>
  <testcase name="test_openOutputStream_notExistsCannotCreate" classname="org.apache.commons.io.FileUtilsTest" time="0.009"/>
  <testcase name="testForceMkdirParent" classname="org.apache.commons.io.FileUtilsTest" time="0.022"/>
  <testcase name="testCopyDirectoryToItself" classname="org.apache.commons.io.FileUtilsTest" time="0.009"/>
  <testcase name="testWriteStringToFileWithEncoding_WithAppendOptionFalse_ShouldDeletePreviousFileLines" classname="org.apache.commons.io.FileUtilsTest" time="0.009"/>
  <testcase name="testWriteLines_4arg" classname="org.apache.commons.io.FileUtilsTest" time="0.009"/>
  <testcase name="testReadLines_Errors" classname="org.apache.commons.io.FileUtilsTest" time="0.007"/>
  <testcase name="test_openOutputStream_noParentCreateFile" classname="org.apache.commons.io.FileUtilsTest" time="0.007"/>
  <testcase name="testCopyFileToOutputStream" classname="org.apache.commons.io.FileUtilsTest" time="0.008"/>
  <testcase name="testMoveDirectory_Rename" classname="org.apache.commons.io.FileUtilsTest" time="0.013"/>
  <testcase name="testWrite_WithAppendOptionFalse_ShouldDeletePreviousFileLines" classname="org.apache.commons.io.FileUtilsTest" time="0.011"/>
  <testcase name="testCopyDirectoryToGrandChild" classname="org.apache.commons.io.FileUtilsTest" time="0.065"/>
  <testcase name="testDeleteDirectoryWithNonDirectory" classname="org.apache.commons.io.FileUtilsTest" time="0.008"/>
  <testcase name="testWriteByteArrayToFile_WithAppendOptionTrue_ShouldNotDeletePreviousFileLines" classname="org.apache.commons.io.FileUtilsTest" time="0.011"/>
  <testcase name="testReadFileToByteArray" classname="org.apache.commons.io.FileUtilsTest" time="0.009"/>
  <testcase name="testCopyDirectoryWithPotentialFalsePartialMatch" classname="org.apache.commons.io.FileUtilsTest" time="0.054"/>
  <testcase name="testCountFolders2FileSize2" classname="org.apache.commons.io.FileUtilsTest" time="0.008"/>
  <testcase name="testCountFolders2FileSize4" classname="org.apache.commons.io.FileUtilsTest" time="0.009"/>
  <testcase name="testIsFileNewerOlder(long)[1]" classname="org.apache.commons.io.FileUtilsTest" time="0.065"/>
  <testcase name="testIsFileNewerOlder(long)[2]" classname="org.apache.commons.io.FileUtilsTest" time="0.022"/>
  <testcase name="testIsFileNewerOlder(long)[3]" classname="org.apache.commons.io.FileUtilsTest" time="0.024"/>
  <testcase name="testIsFileNewerOlder(long)[4]" classname="org.apache.commons.io.FileUtilsTest" time="0.024"/>
  <testcase name="testIsFileNewerOlder(long)[5]" classname="org.apache.commons.io.FileUtilsTest" time="0.023"/>
  <testcase name="testIsFileNewerOlder(long)[6]" classname="org.apache.commons.io.FileUtilsTest" time="0.02"/>
  <testcase name="testWriteStringToFileWithNullStringCharset" classname="org.apache.commons.io.FileUtilsTest" time="0.01"/>
  <testcase name="testIterateFilesOnlyNoDirs" classname="org.apache.commons.io.FileUtilsTest" time="0.012"/>
  <testcase name="testByteCountToDisplaySizeLong" classname="org.apache.commons.io.FileUtilsTest" time="0.011"/>
  <testcase name="testCountFolders1FileSize0" classname="org.apache.commons.io.FileUtilsTest" time="0.009"/>
  <testcase name="testCountFolders1FileSize1" classname="org.apache.commons.io.FileUtilsTest" time="0.009"/>
  <testcase name="testSizeOfDirectoryAsBigInteger" classname="org.apache.commons.io.FileUtilsTest" time="0.014">
    <error message="C:\Users\user\AppData\Local\Temp\junit-3226162887216097128\FileUtilsTest514908717008775833\FileUtilsTest\cycle: Το πρόγραμμα-πελάτης δεν διαθέτει κάποιο απαραίτητο δικαίωμα.&#10;" type="java.nio.file.FileSystemException"><![CDATA[java.nio.file.FileSystemException: 
C:\Users\user\AppData\Local\Temp\junit-3226162887216097128\FileUtilsTest514908717008775833\FileUtilsTest\cycle: Το πρόγραμμα-πελάτης δεν διαθέτει κάποιο απαραίτητο δικαίωμα.

	at sun.nio.fs.WindowsException.translateToIOException(WindowsException.java:86)
	at sun.nio.fs.WindowsException.rethrowAsIOException(WindowsException.java:97)
	at sun.nio.fs.WindowsException.rethrowAsIOException(WindowsException.java:102)
	at sun.nio.fs.WindowsFileSystemProvider.createSymbolicLink(WindowsFileSystemProvider.java:585)
	at java.nio.file.Files.createSymbolicLink(Files.java:1043)
	at org.apache.commons.io.FileUtilsTest.createCircularSymLink(FileUtilsTest.java:217)
	at org.apache.commons.io.FileUtilsTest.testSizeOfDirectoryAsBigInteger(FileUtilsTest.java:2907)
	at java.lang.reflect.Method.invoke(Method.java:498)
	at java.util.ArrayList.forEach(ArrayList.java:1257)
	at java.util.ArrayList.forEach(ArrayList.java:1257)
]]></error>
  </testcase>
  <testcase name="testGetTempDirectory" classname="org.apache.commons.io.FileUtilsTest" time="0.007"/>
  <testcase name="testWriteLines_4argsWithAppendOptionTrue_ShouldNotDeletePreviousFileLines" classname="org.apache.commons.io.FileUtilsTest" time="0.011"/>
  <testcase name="testTouchDirDoesNotExist" classname="org.apache.commons.io.FileUtilsTest" time="0.009"/>
  <testcase name="testWriteStringToFileIntoNonExistentSubdir" classname="org.apache.commons.io.FileUtilsTest" time="0.048"/>
  <testcase name="testMoveToDirectory" classname="org.apache.commons.io.FileUtilsTest" time="0.019"/>
  <testcase name="testReadFileToStringWithDefaultEncoding" classname="org.apache.commons.io.FileUtilsTest" time="0.015"/>
  <testcase name="testCompareSizeOf" classname="org.apache.commons.io.FileUtilsTest" time="0.343"/>
  <testcase name="testWriteByteArrayToFile_WithOffsetAndLength_WithAppendOptionTrue_ShouldDeletePreviousFileLines" classname="org.apache.commons.io.FileUtilsTest" time="0.01"/>
  <testcase name="testMoveToDirectory_Errors" classname="org.apache.commons.io.FileUtilsTest" time="0.009"/>
  <testcase name="testSizeOfDirectory" classname="org.apache.commons.io.FileUtilsTest" time="0.01">
    <error message="C:\Users\user\AppData\Local\Temp\junit-3335621771662536762\FileUtilsTest1197658860310013034\FileUtilsTest\cycle: Το πρόγραμμα-πελάτης δεν διαθέτει κάποιο απαραίτητο δικαίωμα.&#10;" type="java.nio.file.FileSystemException"><![CDATA[java.nio.file.FileSystemException: 
C:\Users\user\AppData\Local\Temp\junit-3335621771662536762\FileUtilsTest1197658860310013034\FileUtilsTest\cycle: Το πρόγραμμα-πελάτης δεν διαθέτει κάποιο απαραίτητο δικαίωμα.

	at sun.nio.fs.WindowsException.translateToIOException(WindowsException.java:86)
	at sun.nio.fs.WindowsException.rethrowAsIOException(WindowsException.java:97)
	at sun.nio.fs.WindowsException.rethrowAsIOException(WindowsException.java:102)
	at sun.nio.fs.WindowsFileSystemProvider.createSymbolicLink(WindowsFileSystemProvider.java:585)
	at java.nio.file.Files.createSymbolicLink(Files.java:1043)
	at org.apache.commons.io.FileUtilsTest.createCircularSymLink(FileUtilsTest.java:217)
	at org.apache.commons.io.FileUtilsTest.testSizeOfDirectory(FileUtilsTest.java:2876)
	at java.lang.reflect.Method.invoke(Method.java:498)
	at java.util.ArrayList.forEach(ArrayList.java:1257)
	at java.util.ArrayList.forEach(ArrayList.java:1257)
]]></error>
  </testcase>
  <testcase name="testDecodeUrlLenient" classname="org.apache.commons.io.FileUtilsTest" time="0.007"/>
  <testcase name="testWriteCharSequence1" classname="org.apache.commons.io.FileUtilsTest" time="0.01"/>
  <testcase name="testWriteCharSequence2" classname="org.apache.commons.io.FileUtilsTest" time="0.009"/>
  <testcase name="test_openOutputStream_intoExistingSymlinkedDir" classname="org.apache.commons.io.FileUtilsTest" time="0.008">
    <error message="C:\Users\user\AppData\Local\Temp\junit-1603848077054344925\FileUtilsTest3676527887853502444\symlinked-dir: Το πρόγραμμα-πελάτης δεν διαθέτει κάποιο απαραίτητο δικαίωμα.&#10;" type="java.nio.file.FileSystemException"><![CDATA[java.nio.file.FileSystemException: 
C:\Users\user\AppData\Local\Temp\junit-1603848077054344925\FileUtilsTest3676527887853502444\symlinked-dir: Το πρόγραμμα-πελάτης δεν διαθέτει κάποιο απαραίτητο δικαίωμα.

	at sun.nio.fs.WindowsException.translateToIOException(WindowsException.java:86)
	at sun.nio.fs.WindowsException.rethrowAsIOException(WindowsException.java:97)
	at sun.nio.fs.WindowsException.rethrowAsIOException(WindowsException.java:102)
	at sun.nio.fs.WindowsFileSystemProvider.createSymbolicLink(WindowsFileSystemProvider.java:585)
	at java.nio.file.Files.createSymbolicLink(Files.java:1043)
	at org.apache.commons.io.FileUtilsTest.createTempSymlinkedRelativeDir(FileUtilsTest.java:250)
	at org.apache.commons.io.FileUtilsTest.test_openOutputStream_intoExistingSymlinkedDir(FileUtilsTest.java:405)
	at java.lang.reflect.Method.invoke(Method.java:498)
	at java.util.ArrayList.forEach(ArrayList.java:1257)
	at java.util.ArrayList.forEach(ArrayList.java:1257)
]]></error>
  </testcase>
  <testcase name="testDecodeUrlNullSafe" classname="org.apache.commons.io.FileUtilsTest" time="0.005"/>
  <testcase name="testChecksumOnNullFile" classname="org.apache.commons.io.FileUtilsTest" time="0.007"/>
  <testcase name="testWriteLinesEncoding_WithAppendOptionFalse_ShouldDeletePreviousFileLines" classname="org.apache.commons.io.FileUtilsTest" time="0.008"/>
  <testcase name="testCopyDirectoryToExistingDest" classname="org.apache.commons.io.FileUtilsTest" time="0.018"/>
  <testcase name="testDeleteQuietlyDir" classname="org.apache.commons.io.FileUtilsTest" time="0.007"/>
  <testcase name="testContentEquals" classname="org.apache.commons.io.FileUtilsTest" time="0.019"/>
  <testcase name="testDecodeUrl" classname="org.apache.commons.io.FileUtilsTest" time="0.005"/>
  <testcase name="test_openInputStream_notExists" classname="org.apache.commons.io.FileUtilsTest" time="0.006"/>
  <testcase name="testWriteLines_4arg_nullSeparator" classname="org.apache.commons.io.FileUtilsTest" time="0.01"/>
  <testcase name="testIterateFiles" classname="org.apache.commons.io.FileUtilsTest" time="0.026"/>
  <testcase name="testCopyDirectoryFiltered" classname="org.apache.commons.io.FileUtilsTest" time="0.031"/>
  <testcase name="testWriteWithEncoding_WithAppendOptionTrue_ShouldNotDeletePreviousFileLines" classname="org.apache.commons.io.FileUtilsTest" time="0.01"/>
  <testcase name="testDelete" classname="org.apache.commons.io.FileUtilsTest" time="0.006"/>
  <testcase name="testCopyDir_symLinkCycle" classname="org.apache.commons.io.FileUtilsTest" time="0.008">
    <error message="C:\Users\user\AppData\Local\Temp\junit-1796015427659316326\FileUtilsTest106175080948765325\topDirectory\child_directory\link_to_top: Το πρόγραμμα-πελάτης δεν διαθέτει κάποιο απαραίτητο δικαίωμα.&#10;" type="java.nio.file.FileSystemException"><![CDATA[java.nio.file.FileSystemException: 
C:\Users\user\AppData\Local\Temp\junit-1796015427659316326\FileUtilsTest106175080948765325\topDirectory\child_directory\link_to_top: Το πρόγραμμα-πελάτης δεν διαθέτει κάποιο απαραίτητο δικαίωμα.

	at sun.nio.fs.WindowsException.translateToIOException(WindowsException.java:86)
	at sun.nio.fs.WindowsException.rethrowAsIOException(WindowsException.java:97)
	at sun.nio.fs.WindowsException.rethrowAsIOException(WindowsException.java:102)
	at sun.nio.fs.WindowsFileSystemProvider.createSymbolicLink(WindowsFileSystemProvider.java:585)
	at java.nio.file.Files.createSymbolicLink(Files.java:1043)
	at org.apache.commons.io.FileUtilsTest.testCopyDir_symLinkCycle(FileUtilsTest.java:802)
	at java.lang.reflect.Method.invoke(Method.java:498)
	at java.util.ArrayList.forEach(ArrayList.java:1257)
	at java.util.ArrayList.forEach(ArrayList.java:1257)
]]></error>
  </testcase>
  <testcase name="testByteCountToDisplaySizeBigInteger" classname="org.apache.commons.io.FileUtilsTest" time="0.005"/>
  <testcase name="testCopyDirectory_symLinkExternalFile" classname="org.apache.commons.io.FileUtilsTest" time="0.007">
    <error message="C:\Users\user\AppData\Local\Temp\junit-650246699266633890\FileUtilsTest8810262707047887836\real_directory\link_to_file: Το πρόγραμμα-πελάτης δεν διαθέτει κάποιο απαραίτητο δικαίωμα.&#10;" type="java.nio.file.FileSystemException"><![CDATA[java.nio.file.FileSystemException: 
C:\Users\user\AppData\Local\Temp\junit-650246699266633890\FileUtilsTest8810262707047887836\real_directory\link_to_file: Το πρόγραμμα-πελάτης δεν διαθέτει κάποιο απαραίτητο δικαίωμα.

	at sun.nio.fs.WindowsException.translateToIOException(WindowsException.java:86)
	at sun.nio.fs.WindowsException.rethrowAsIOException(WindowsException.java:97)
	at sun.nio.fs.WindowsException.rethrowAsIOException(WindowsException.java:102)
	at sun.nio.fs.WindowsFileSystemProvider.createSymbolicLink(WindowsFileSystemProvider.java:585)
	at java.nio.file.Files.createSymbolicLink(Files.java:1043)
	at org.apache.commons.io.FileUtilsTest.testCopyDirectory_symLinkExternalFile(FileUtilsTest.java:902)
	at java.lang.reflect.Method.invoke(Method.java:498)
	at java.util.ArrayList.forEach(ArrayList.java:1257)
	at java.util.ArrayList.forEach(ArrayList.java:1257)
]]></error>
  </testcase>
  <testcase name="testWriteByteArrayToFile_WithOffsetAndLength_WithAppendOptionTrue_ShouldNotDeletePreviousFileLines" classname="org.apache.commons.io.FileUtilsTest" time="0.009"/>
  <testcase name="testChecksumOnNullChecksum" classname="org.apache.commons.io.FileUtilsTest" time="0.007"/>
  <testcase name="testCopyFile_symLink" classname="org.apache.commons.io.FileUtilsTest" time="0.008">
    <error message="C:\Users\user\AppData\Local\Temp\junit-7033840173716680216\FileUtilsTest2732786136891245444\source_directory\linkfile: Το πρόγραμμα-πελάτης δεν διαθέτει κάποιο απαραίτητο δικαίωμα.&#10;" type="java.nio.file.FileSystemException"><![CDATA[java.nio.file.FileSystemException: 
C:\Users\user\AppData\Local\Temp\junit-7033840173716680216\FileUtilsTest2732786136891245444\source_directory\linkfile: Το πρόγραμμα-πελάτης δεν διαθέτει κάποιο απαραίτητο δικαίωμα.

	at sun.nio.fs.WindowsException.translateToIOException(WindowsException.java:86)
	at sun.nio.fs.WindowsException.rethrowAsIOException(WindowsException.java:97)
	at sun.nio.fs.WindowsException.rethrowAsIOException(WindowsException.java:102)
	at sun.nio.fs.WindowsFileSystemProvider.createSymbolicLink(WindowsFileSystemProvider.java:585)
	at java.nio.file.Files.createSymbolicLink(Files.java:1043)
	at org.apache.commons.io.FileUtilsTest.testCopyFile_symLink(FileUtilsTest.java:1206)
	at java.lang.reflect.Method.invoke(Method.java:498)
	at java.util.ArrayList.forEach(ArrayList.java:1257)
	at java.util.ArrayList.forEach(ArrayList.java:1257)
]]></error>
  </testcase>
  <testcase name="testIterateFilesAndDirs" classname="org.apache.commons.io.FileUtilsTest" time="0.014"/>
  <testcase name="testDeleteQuietlyFile" classname="org.apache.commons.io.FileUtilsTest" time="0.007"/>
  <testcase name="testWriteStringToFile_WithAppendOptionTrue_ShouldNotDeletePreviousFileLines" classname="org.apache.commons.io.FileUtilsTest" time="0.008"/>
  <testcase name="testWriteStringToFileWithCharset" classname="org.apache.commons.io.FileUtilsTest" time="0.007"/>
  <testcase name="test_openOutputStream_existsButIsDirectory" classname="org.apache.commons.io.FileUtilsTest" time="0.006"/>
  <testcase name="testMoveDirectoryToDirectory" classname="org.apache.commons.io.FileUtilsTest" time="0.01"/>
  <testcase name="testSizeOf" classname="org.apache.commons.io.FileUtilsTest" time="0.009"/>
  <testcase name="testMoveFileToDirectory_Errors" classname="org.apache.commons.io.FileUtilsTest" time="0.008"/>
  <testcase name="testCopyURLToFile" classname="org.apache.commons.io.FileUtilsTest" time="0.008"/>
  <testcase name="testWriteLinesEncoding_WithAppendOptionTrue_ShouldNotDeletePreviousFileLines" classname="org.apache.commons.io.FileUtilsTest" time="0.007"/>
  <testcase name="testCopyToDirectoryWithFileSourceIsNull" classname="org.apache.commons.io.FileUtilsTest" time="0.006"/>
  <testcase name="test_openInputStream_exists" classname="org.apache.commons.io.FileUtilsTest" time="0.007"/>
  <testcase name="testCopyURLToFileReplacesExisting" classname="org.apache.commons.io.FileUtilsTest" time="0.014"/>
  <testcase name="testMoveFileToDirectory" classname="org.apache.commons.io.FileUtilsTest" time="0.007"/>
  <testcase name="testCopyDirectoryPreserveDates" classname="org.apache.commons.io.FileUtilsTest" time="0.032"/>
  <testcase name="testDecodeUrlEncodingUtf8" classname="org.apache.commons.io.FileUtilsTest" time="0.008"/>
  <testcase name="testWrite_WithAppendOptionTrue_ShouldNotDeletePreviousFileLines" classname="org.apache.commons.io.FileUtilsTest" time="0.04"/>
</testsuite>