<?xml version="1.0" encoding="UTF-8"?>
<testsuite xmlns:xsi="http://www.w3.org/2001/XMLSchema-instance" xsi:noNamespaceSchemaLocation="https://maven.apache.org/surefire/maven-surefire-plugin/xsd/surefire-test-report.xsd" version="3.0.2" name="org.apache.commons.io.input.XmlStreamReaderTest" time="7.073" tests="197" errors="0" skipped="0" failures="0">
  <properties>
    <property name="sun.desktop" value="windows"/>
    <property name="awt.toolkit" value="sun.awt.windows.WToolkit"/>
    <property name="file.encoding.pkg" value="sun.io"/>
    <property name="java.specification.version" value="1.8"/>
    <property name="sun.cpu.isalist" value="amd64"/>
    <property name="sun.jnu.encoding" value="Cp1253"/>
    <property name="java.class.path" value="C:\Users\user\Code_generation_LLMs\AutoTestLab\packages\commons-io-2.17.0-src\target\test-classes;C:\Users\user\Code_generation_LLMs\AutoTestLab\packages\commons-io-2.17.0-src\target\classes;C:\Users\user\.m2\repository\org\junit\jupiter\junit-jupiter\5.11.0\junit-jupiter-5.11.0.jar;C:\Users\user\.m2\repository\org\junit\jupiter\junit-jupiter-api\5.11.0\junit-jupiter-api-5.11.0.jar;C:\Users\user\.m2\repository\org\opentest4j\opentest4j\1.3.0\opentest4j-1.3.0.jar;C:\Users\user\.m2\repository\org\junit\platform\junit-platform-commons\1.11.0\junit-platform-commons-1.11.0.jar;C:\Users\user\.m2\repository\org\apiguardian\apiguardian-api\1.1.2\apiguardian-api-1.1.2.jar;C:\Users\user\.m2\repository\org\junit\jupiter\junit-jupiter-params\5.11.0\junit-jupiter-params-5.11.0.jar;C:\Users\user\.m2\repository\org\junit\jupiter\junit-jupiter-engine\5.11.0\junit-jupiter-engine-5.11.0.jar;C:\Users\user\.m2\repository\org\junit\platform\junit-platform-engine\1.11.0\junit-platform-engine-1.11.0.jar;C:\Users\user\.m2\repository\org\junit-pioneer\junit-pioneer\1.9.1\junit-pioneer-1.9.1.jar;C:\Users\user\.m2\repository\org\junit\platform\junit-platform-launcher\1.11.0\junit-platform-launcher-1.11.0.jar;C:\Users\user\.m2\repository\net\bytebuddy\byte-buddy\1.15.1\byte-buddy-1.15.1.jar;C:\Users\user\.m2\repository\net\bytebuddy\byte-buddy-agent\1.15.1\byte-buddy-agent-1.15.1.jar;C:\Users\user\.m2\repository\org\mockito\mockito-inline\4.11.0\mockito-inline-4.11.0.jar;C:\Users\user\.m2\repository\org\mockito\mockito-core\4.11.0\mockito-core-4.11.0.jar;C:\Users\user\.m2\repository\org\objenesis\objenesis\3.3\objenesis-3.3.jar;C:\Users\user\.m2\repository\com\google\jimfs\jimfs\1.3.0\jimfs-1.3.0.jar;C:\Users\user\.m2\repository\com\google\guava\guava\32.1.1-jre\guava-32.1.1-jre.jar;C:\Users\user\.m2\repository\com\google\guava\failureaccess\1.0.1\failureaccess-1.0.1.jar;C:\Users\user\.m2\repository\com\google\guava\listenablefuture\9999.0-empty-to-avoid-conflict-with-guava\listenablefuture-9999.0-empty-to-avoid-conflict-with-guava.jar;C:\Users\user\.m2\repository\com\google\code\findbugs\jsr305\3.0.2\jsr305-3.0.2.jar;C:\Users\user\.m2\repository\org\checkerframework\checker-qual\3.33.0\checker-qual-3.33.0.jar;C:\Users\user\.m2\repository\com\google\errorprone\error_prone_annotations\2.18.0\error_prone_annotations-2.18.0.jar;C:\Users\user\.m2\repository\com\google\j2objc\j2objc-annotations\2.8\j2objc-annotations-2.8.jar;C:\Users\user\.m2\repository\org\apache\commons\commons-lang3\3.17.0\commons-lang3-3.17.0.jar;C:\Users\user\.m2\repository\commons-codec\commons-codec\1.17.1\commons-codec-1.17.1.jar;C:\Users\user\.m2\repository\org\openjdk\jmh\jmh-core\1.37\jmh-core-1.37.jar;C:\Users\user\.m2\repository\net\sf\jopt-simple\jopt-simple\5.0.4\jopt-simple-5.0.4.jar;C:\Users\user\.m2\repository\org\apache\commons\commons-math3\3.6.1\commons-math3-3.6.1.jar;C:\Users\user\.m2\repository\org\openjdk\jmh\jmh-generator-annprocess\1.37\jmh-generator-annprocess-1.37.jar;"/>
    <property name="java.vm.vendor" value="Oracle Corporation"/>
    <property name="sun.arch.data.model" value="64"/>
    <property name="user.variant" value=""/>
    <property name="java.vendor.url" value="http://java.oracle.com/"/>
    <property name="user.timezone" value="Europe/Athens"/>
    <property name="java.vm.specification.version" value="1.8"/>
    <property name="os.name" value="Windows 10"/>
    <property name="user.country" value="GR"/>
    <property name="sun.java.launcher" value="SUN_STANDARD"/>
    <property name="sun.boot.library.path" value="C:\Program Files\Java\jdk1.8.0_202\jre\bin"/>
    <property name="sun.java.command" value="C:\Users\user\AppData\Local\Temp\surefire4950206674084714886\surefirebooter-20241012120841129_497.jar C:\Users\user\AppData\Local\Temp\surefire4950206674084714886 2024-10-12T12-08-38_830-jvmRun1 surefire-20241012120841129_495tmp surefire_163-20241012120841129_496tmp"/>
    <property name="surefire.test.class.path" value="C:\Users\user\Code_generation_LLMs\AutoTestLab\packages\commons-io-2.17.0-src\target\test-classes;C:\Users\user\Code_generation_LLMs\AutoTestLab\packages\commons-io-2.17.0-src\target\classes;C:\Users\user\.m2\repository\org\junit\jupiter\junit-jupiter\5.11.0\junit-jupiter-5.11.0.jar;C:\Users\user\.m2\repository\org\junit\jupiter\junit-jupiter-api\5.11.0\junit-jupiter-api-5.11.0.jar;C:\Users\user\.m2\repository\org\opentest4j\opentest4j\1.3.0\opentest4j-1.3.0.jar;C:\Users\user\.m2\repository\org\junit\platform\junit-platform-commons\1.11.0\junit-platform-commons-1.11.0.jar;C:\Users\user\.m2\repository\org\apiguardian\apiguardian-api\1.1.2\apiguardian-api-1.1.2.jar;C:\Users\user\.m2\repository\org\junit\jupiter\junit-jupiter-params\5.11.0\junit-jupiter-params-5.11.0.jar;C:\Users\user\.m2\repository\org\junit\jupiter\junit-jupiter-engine\5.11.0\junit-jupiter-engine-5.11.0.jar;C:\Users\user\.m2\repository\org\junit\platform\junit-platform-engine\1.11.0\junit-platform-engine-1.11.0.jar;C:\Users\user\.m2\repository\org\junit-pioneer\junit-pioneer\1.9.1\junit-pioneer-1.9.1.jar;C:\Users\user\.m2\repository\org\junit\platform\junit-platform-launcher\1.11.0\junit-platform-launcher-1.11.0.jar;C:\Users\user\.m2\repository\net\bytebuddy\byte-buddy\1.15.1\byte-buddy-1.15.1.jar;C:\Users\user\.m2\repository\net\bytebuddy\byte-buddy-agent\1.15.1\byte-buddy-agent-1.15.1.jar;C:\Users\user\.m2\repository\org\mockito\mockito-inline\4.11.0\mockito-inline-4.11.0.jar;C:\Users\user\.m2\repository\org\mockito\mockito-core\4.11.0\mockito-core-4.11.0.jar;C:\Users\user\.m2\repository\org\objenesis\objenesis\3.3\objenesis-3.3.jar;C:\Users\user\.m2\repository\com\google\jimfs\jimfs\1.3.0\jimfs-1.3.0.jar;C:\Users\user\.m2\repository\com\google\guava\guava\32.1.1-jre\guava-32.1.1-jre.jar;C:\Users\user\.m2\repository\com\google\guava\failureaccess\1.0.1\failureaccess-1.0.1.jar;C:\Users\user\.m2\repository\com\google\guava\listenablefuture\9999.0-empty-to-avoid-conflict-with-guava\listenablefuture-9999.0-empty-to-avoid-conflict-with-guava.jar;C:\Users\user\.m2\repository\com\google\code\findbugs\jsr305\3.0.2\jsr305-3.0.2.jar;C:\Users\user\.m2\repository\org\checkerframework\checker-qual\3.33.0\checker-qual-3.33.0.jar;C:\Users\user\.m2\repository\com\google\errorprone\error_prone_annotations\2.18.0\error_prone_annotations-2.18.0.jar;C:\Users\user\.m2\repository\com\google\j2objc\j2objc-annotations\2.8\j2objc-annotations-2.8.jar;C:\Users\user\.m2\repository\org\apache\commons\commons-lang3\3.17.0\commons-lang3-3.17.0.jar;C:\Users\user\.m2\repository\commons-codec\commons-codec\1.17.1\commons-codec-1.17.1.jar;C:\Users\user\.m2\repository\org\openjdk\jmh\jmh-core\1.37\jmh-core-1.37.jar;C:\Users\user\.m2\repository\net\sf\jopt-simple\jopt-simple\5.0.4\jopt-simple-5.0.4.jar;C:\Users\user\.m2\repository\org\apache\commons\commons-math3\3.6.1\commons-math3-3.6.1.jar;C:\Users\user\.m2\repository\org\openjdk\jmh\jmh-generator-annprocess\1.37\jmh-generator-annprocess-1.37.jar;"/>
    <property name="sun.cpu.endian" value="little"/>
    <property name="user.home" value="C:\Users\user"/>
    <property name="user.language" value="el"/>
    <property name="java.specification.vendor" value="Oracle Corporation"/>
    <property name="java.home" value="C:\Program Files\Java\jdk1.8.0_202\jre"/>
    <property name="basedir" value="C:\Users\user\Code_generation_LLMs\AutoTestLab\packages\commons-io-2.17.0-src"/>
    <property name="file.separator" value="\"/>
    <property name="line.separator" value="&#10;"/>
    <property name="java.vm.specification.vendor" value="Oracle Corporation"/>
    <property name="java.specification.name" value="Java Platform API Specification"/>
    <property name="java.awt.graphicsenv" value="sun.awt.Win32GraphicsEnvironment"/>
    <property name="surefire.real.class.path" value="C:\Users\user\AppData\Local\Temp\surefire4950206674084714886\surefirebooter-20241012120841129_497.jar;C:\\Users\\user\\.m2\\repository\\org\\jacoco\\org.jacoco.agent\\0.8.12\\org.jacoco.agent-0.8.12-runtime.jar"/>
    <property name="sun.boot.class.path" value="C:\Program Files\Java\jdk1.8.0_202\jre\lib\resources.jar;C:\Program Files\Java\jdk1.8.0_202\jre\lib\rt.jar;C:\Program Files\Java\jdk1.8.0_202\jre\lib\sunrsasign.jar;C:\Program Files\Java\jdk1.8.0_202\jre\lib\jsse.jar;C:\Program Files\Java\jdk1.8.0_202\jre\lib\jce.jar;C:\Program Files\Java\jdk1.8.0_202\jre\lib\charsets.jar;C:\Program Files\Java\jdk1.8.0_202\jre\lib\jfr.jar;C:\Program Files\Java\jdk1.8.0_202\jre\classes"/>
    <property name="user.script" value=""/>
    <property name="sun.management.compiler" value="HotSpot 64-Bit Tiered Compilers"/>
    <property name="java.runtime.version" value="1.8.0_202-b08"/>
    <property name="user.name" value="user"/>
    <property name="path.separator" value=";"/>
    <property name="os.version" value="10.0"/>
    <property name="java.endorsed.dirs" value="C:\Program Files\Java\jdk1.8.0_202\jre\lib\endorsed"/>
    <property name="java.runtime.name" value="Java(TM) SE Runtime Environment"/>
    <property name="file.encoding" value="Cp1253"/>
    <property name="java.vm.name" value="Java HotSpot(TM) 64-Bit Server VM"/>
    <property name="localRepository" value="C:\Users\user\.m2\repository"/>
    <property name="java.vendor.url.bug" value="http://bugreport.sun.com/bugreport/"/>
    <property name="java.io.tmpdir" value="C:\Users\user\AppData\Local\Temp\"/>
    <property name="java.version" value="1.8.0_202"/>
    <property name="user.dir" value="C:\Users\user\Code_generation_LLMs\AutoTestLab\packages\commons-io-2.17.0-src"/>
    <property name="os.arch" value="amd64"/>
    <property name="java.vm.specification.name" value="Java Virtual Machine Specification"/>
    <property name="java.awt.printerjob" value="sun.awt.windows.WPrinterJob"/>
    <property name="sun.os.patch.level" value=""/>
    <property name="java.library.path" value="C:\Program Files\Java\jdk1.8.0_202\jre\bin;C:\WINDOWS\Sun\Java\bin;C:\WINDOWS\system32;C:\WINDOWS;C:\Users\user\miniconda3\envs\myenv;C:\Users\user\miniconda3\envs\myenv\Library\mingw-w64\bin;C:\Users\user\miniconda3\envs\myenv\Library\usr\bin;C:\Users\user\miniconda3\envs\myenv\Library\bin;C:\Users\user\miniconda3\envs\myenv\Scripts;C:\Users\user\miniconda3\envs\myenv\bin;C:\Program Files\NVIDIA\CUDNN\v9.0\bin;C:\Program Files\NVIDIA GPU Computing Toolkit\CUDA\v12.3\bin;C:\Program Files\NVIDIA GPU Computing Toolkit\CUDA\v12.3\libnvvp;C:\Program Files\Common Files\Oracle\Java\javapath;C:\Program Files (x86)\Common Files\Oracle\Java\java8path;C:\Program Files (x86)\Common Files\Oracle\Java\javapath;C:\WINDOWS\system32;C:\WINDOWS;C:\WINDOWS\System32\Wbem;C:\WINDOWS\System32\WindowsPowerShell\v1.0;C:\WINDOWS\System32\OpenSSH;C:\Program Files\Intel\WiFi\bin;C:\Program Files\Common Files\Intel\WirelessCommon;c:\Program Files (x86)\Intel\Intel(R) Management Engine Components\DAL;c:\Program Files\Intel\Intel(R) Management Engine Components\DAL;C:\Users\user\Desktop\Large Scale Data Management;C:\Program Files\Vagrant\bin;C:\Program Files\Git\cmd;C:\Program Files\apache-maven-3.9.6\bin;C:\Program Files\NVIDIA Corporation\Nsight Compute 2023.3.1;C:\Program Files (x86)\NVIDIA Corporation\PhysX\Common;C:\Program Files\NVIDIA Corporation\Installer2;C:\Program Files\nodejs;C:\Users\user\defects4j\framework\bin;C:\Program Files\Java\jdk1.8.0_202\bin;C:\Strawberry\c\bin;C:\Strawberry\perl\site\bin;C:\Strawberry\perl\bin;C:\Users\user\defects4j\framework\bin;C:\Windows\System32;C:\Program Files\TortoiseSVN\bin;C:\Program Files\Java\jdk1.8.0_202\bin;C:\Users\user\miniconda3\envs\ujb;C:\Users\user\miniconda3\envs\ujb\Library\mingw-w64\bin;C:\Users\user\miniconda3\envs\ujb\Library\usr\bin;C:\Users\user\miniconda3\envs\ujb\Library\bin;C:\Users\user\miniconda3\envs\ujb\Scripts;C:\Users\user\miniconda3\envs\ujb\bin;C:\Users\user\miniconda3\condabin;C:\Program Files\NVIDIA\CUDNN\v9.0\bin;C:\Program Files\NVIDIA GPU Computing Toolkit\CUDA\v12.3\bin;C:\Program Files\NVIDIA GPU Computing Toolkit\CUDA\v12.3\libnvvp;C:\Program Files\Common Files\Oracle\Java\javapath;C:\Program Files (x86)\Common Files\Oracle\Java\java8path;C:\Program Files (x86)\Common Files\Oracle\Java\javapath;C:\WINDOWS\system32;C:\WINDOWS;C:\WINDOWS\System32\Wbem;C:\WINDOWS\System32\WindowsPowerShell\v1.0;C:\WINDOWS\System32\OpenSSH;C:\Program Files\Intel\WiFi\bin;C:\Program Files\Common Files\Intel\WirelessCommon;c:\Program Files (x86)\Intel\Intel(R) Management Engine Components\DAL;c:\Program Files\Intel\Intel(R) Management Engine Components\DAL;C:\Users;C:\Users\user\AppData\Local\Programs\Microsoft VS Code\bin;."/>
    <property name="java.vm.info" value="mixed mode"/>
    <property name="java.vendor" value="Oracle Corporation"/>
    <property name="java.vm.version" value="25.202-b08"/>
    <property name="java.ext.dirs" value="C:\Program Files\Java\jdk1.8.0_202\jre\lib\ext;C:\WINDOWS\Sun\Java\lib\ext"/>
    <property name="sun.io.unicode.encoding" value="UnicodeLittle"/>
    <property name="java.class.version" value="52.0"/>
  </properties>
  <testcase name="testConstructorURLConnectionInputNull" classname="org.apache.commons.io.input.XmlStreamReaderTest" time="0.201"/>
  <testcase name="testConstructorFileInputOpenOptions" classname="org.apache.commons.io.input.XmlStreamReaderTest" time="0.515"/>
  <testcase name="testRawNoBomIso8859_1" classname="org.apache.commons.io.input.XmlStreamReaderTest" time="0.089"/>
  <testcase name="testRawContent" classname="org.apache.commons.io.input.XmlStreamReaderTest" time="0.027"/>
  <testcase name="testHttp" classname="org.apache.commons.io.input.XmlStreamReaderTest" time="0.545"/>
  <testcase name="testConstructorFileInput" classname="org.apache.commons.io.input.XmlStreamReaderTest" time="0.005"/>
  <testcase name="testRawNoBomCp1047" classname="org.apache.commons.io.input.XmlStreamReaderTest" time="0.176"/>
  <testcase name="testConstructorURLInputNull" classname="org.apache.commons.io.input.XmlStreamReaderTest" time="0.002"/>
  <testcase name="testConstructorFileInputNull" classname="org.apache.commons.io.input.XmlStreamReaderTest" time="0.031"/>
  <testcase name="testConstructorURLConnectionInput" classname="org.apache.commons.io.input.XmlStreamReaderTest" time="2.779"/>
  <testcase name="testConstructorPathInput" classname="org.apache.commons.io.input.XmlStreamReaderTest" time="0.022"/>
  <testcase name="testConstructorURLInput" classname="org.apache.commons.io.input.XmlStreamReaderTest" time="0.112"/>
  <testcase name="testRawBomUtf16" classname="org.apache.commons.io.input.XmlStreamReaderTest" time="0.14"/>
  <testcase name="testRawBomUtf32" classname="org.apache.commons.io.input.XmlStreamReaderTest" time="0.133"/>
  <testcase name="testRawNoBomUsAscii" classname="org.apache.commons.io.input.XmlStreamReaderTest" time="0.056"/>
  <testcase name="testEncodingAttributeXML" classname="org.apache.commons.io.input.XmlStreamReaderTest" time="0.004"/>
  <testcase name="testRawNoBomUtf16BE" classname="org.apache.commons.io.input.XmlStreamReaderTest" time="0.049"/>
  <testcase name="testRawNoBomUtf16LE" classname="org.apache.commons.io.input.XmlStreamReaderTest" time="0.019"/>
  <testcase name="testRawNoBomUtf32BE" classname="org.apache.commons.io.input.XmlStreamReaderTest" time="0.028"/>
  <testcase name="testRawNoBomUtf32LE" classname="org.apache.commons.io.input.XmlStreamReaderTest" time="0.031"/>
  <testcase name="testRawNoBomUtf8" classname="org.apache.commons.io.input.XmlStreamReaderTest" time="0.016"/>
  <testcase name="testHttpContent" classname="org.apache.commons.io.input.XmlStreamReaderTest" time="0.003"/>
  <testcase name="testIO_815(String)[1]" classname="org.apache.commons.io.input.XmlStreamReaderTest" time="0.043"/>
  <testcase name="testIO_815(String)[2]" classname="org.apache.commons.io.input.XmlStreamReaderTest" time="0.011"/>
  <testcase name="testIO_815(String)[3]" classname="org.apache.commons.io.input.XmlStreamReaderTest" time="0.006"/>
  <testcase name="testIO_815(String)[4]" classname="org.apache.commons.io.input.XmlStreamReaderTest" time="0.028"/>
  <testcase name="testIO_815(String)[5]" classname="org.apache.commons.io.input.XmlStreamReaderTest" time="0.023"/>
  <testcase name="testIO_815(String)[6]" classname="org.apache.commons.io.input.XmlStreamReaderTest" time="0.01"/>
  <testcase name="testIO_815(String)[7]" classname="org.apache.commons.io.input.XmlStreamReaderTest" time="0.013"/>
  <testcase name="testIO_815(String)[8]" classname="org.apache.commons.io.input.XmlStreamReaderTest" time="0.014"/>
  <testcase name="testIO_815(String)[9]" classname="org.apache.commons.io.input.XmlStreamReaderTest" time="0.004"/>
  <testcase name="testIO_815(String)[10]" classname="org.apache.commons.io.input.XmlStreamReaderTest" time="0.009"/>
  <testcase name="testIO_815(String)[11]" classname="org.apache.commons.io.input.XmlStreamReaderTest" time="0.007"/>
  <testcase name="testIO_815(String)[12]" classname="org.apache.commons.io.input.XmlStreamReaderTest" time="0.003"/>
  <testcase name="testIO_815(String)[13]" classname="org.apache.commons.io.input.XmlStreamReaderTest" time="0.006"/>
  <testcase name="testIO_815(String)[14]" classname="org.apache.commons.io.input.XmlStreamReaderTest" time="0.004"/>
  <testcase name="testIO_815(String)[15]" classname="org.apache.commons.io.input.XmlStreamReaderTest" time="0.008"/>
  <testcase name="testIO_815(String)[16]" classname="org.apache.commons.io.input.XmlStreamReaderTest" time="0.038"/>
  <testcase name="testIO_815(String)[17]" classname="org.apache.commons.io.input.XmlStreamReaderTest" time="0.003"/>
  <testcase name="testIO_815(String)[18]" classname="org.apache.commons.io.input.XmlStreamReaderTest" time="0.013"/>
  <testcase name="testIO_815(String)[19]" classname="org.apache.commons.io.input.XmlStreamReaderTest" time="0.005"/>
  <testcase name="testIO_815(String)[20]" classname="org.apache.commons.io.input.XmlStreamReaderTest" time="0.008"/>
  <testcase name="testIO_815(String)[21]" classname="org.apache.commons.io.input.XmlStreamReaderTest" time="0.009"/>
  <testcase name="testIO_815(String)[22]" classname="org.apache.commons.io.input.XmlStreamReaderTest" time="0.003"/>
  <testcase name="testIO_815(String)[23]" classname="org.apache.commons.io.input.XmlStreamReaderTest" time="0.008"/>
  <testcase name="testIO_815(String)[24]" classname="org.apache.commons.io.input.XmlStreamReaderTest" time="0.016"/>
  <testcase name="testIO_815(String)[25]" classname="org.apache.commons.io.input.XmlStreamReaderTest" time="0.003"/>
  <testcase name="testIO_815(String)[26]" classname="org.apache.commons.io.input.XmlStreamReaderTest" time="0.002"/>
  <testcase name="testIO_815(String)[27]" classname="org.apache.commons.io.input.XmlStreamReaderTest" time="0.005"/>
  <testcase name="testIO_815(String)[28]" classname="org.apache.commons.io.input.XmlStreamReaderTest" time="0.003"/>
  <testcase name="testIO_815(String)[29]" classname="org.apache.commons.io.input.XmlStreamReaderTest" time="0.008"/>
  <testcase name="testIO_815(String)[30]" classname="org.apache.commons.io.input.XmlStreamReaderTest" time="0.011"/>
  <testcase name="testIO_815(String)[31]" classname="org.apache.commons.io.input.XmlStreamReaderTest" time="0.011"/>
  <testcase name="testIO_815(String)[32]" classname="org.apache.commons.io.input.XmlStreamReaderTest" time="0.005"/>
  <testcase name="testIO_815(String)[33]" classname="org.apache.commons.io.input.XmlStreamReaderTest" time="0.004"/>
  <testcase name="testIO_815(String)[34]" classname="org.apache.commons.io.input.XmlStreamReaderTest" time="0.002"/>
  <testcase name="testIO_815(String)[35]" classname="org.apache.commons.io.input.XmlStreamReaderTest" time="0.004"/>
  <testcase name="testIO_815(String)[36]" classname="org.apache.commons.io.input.XmlStreamReaderTest" time="0.018"/>
  <testcase name="testIO_815(String)[37]" classname="org.apache.commons.io.input.XmlStreamReaderTest" time="0.006"/>
  <testcase name="testIO_815(String)[38]" classname="org.apache.commons.io.input.XmlStreamReaderTest" time="0.013"/>
  <testcase name="testIO_815(String)[39]" classname="org.apache.commons.io.input.XmlStreamReaderTest" time="0.003"/>
  <testcase name="testIO_815(String)[40]" classname="org.apache.commons.io.input.XmlStreamReaderTest" time="0.003"/>
  <testcase name="testIO_815(String)[41]" classname="org.apache.commons.io.input.XmlStreamReaderTest" time="0.003"/>
  <testcase name="testIO_815(String)[42]" classname="org.apache.commons.io.input.XmlStreamReaderTest" time="0.02"/>
  <testcase name="testIO_815(String)[43]" classname="org.apache.commons.io.input.XmlStreamReaderTest" time="0.002"/>
  <testcase name="testIO_815(String)[44]" classname="org.apache.commons.io.input.XmlStreamReaderTest" time="0.003"/>
  <testcase name="testIO_815(String)[45]" classname="org.apache.commons.io.input.XmlStreamReaderTest" time="0.017"/>
  <testcase name="testIO_815(String)[46]" classname="org.apache.commons.io.input.XmlStreamReaderTest" time="0.003"/>
  <testcase name="testIO_815(String)[47]" classname="org.apache.commons.io.input.XmlStreamReaderTest" time="0.003"/>
  <testcase name="testIO_815(String)[48]" classname="org.apache.commons.io.input.XmlStreamReaderTest" time="0.007"/>
  <testcase name="testIO_815(String)[49]" classname="org.apache.commons.io.input.XmlStreamReaderTest" time="0.003"/>
  <testcase name="testIO_815(String)[50]" classname="org.apache.commons.io.input.XmlStreamReaderTest" time="0.004"/>
  <testcase name="testIO_815(String)[51]" classname="org.apache.commons.io.input.XmlStreamReaderTest" time="0.03"/>
  <testcase name="testIO_815(String)[52]" classname="org.apache.commons.io.input.XmlStreamReaderTest" time="0.002"/>
  <testcase name="testIO_815(String)[53]" classname="org.apache.commons.io.input.XmlStreamReaderTest" time="0.008"/>
  <testcase name="testIO_815(String)[54]" classname="org.apache.commons.io.input.XmlStreamReaderTest" time="0.004"/>
  <testcase name="testIO_815(String)[55]" classname="org.apache.commons.io.input.XmlStreamReaderTest" time="0.004"/>
  <testcase name="testIO_815(String)[56]" classname="org.apache.commons.io.input.XmlStreamReaderTest" time="0.003"/>
  <testcase name="testIO_815(String)[57]" classname="org.apache.commons.io.input.XmlStreamReaderTest" time="0.003"/>
  <testcase name="testIO_815(String)[58]" classname="org.apache.commons.io.input.XmlStreamReaderTest" time="0.006"/>
  <testcase name="testIO_815(String)[59]" classname="org.apache.commons.io.input.XmlStreamReaderTest" time="0.005"/>
  <testcase name="testIO_815(String)[60]" classname="org.apache.commons.io.input.XmlStreamReaderTest" time="0.003"/>
  <testcase name="testIO_815(String)[61]" classname="org.apache.commons.io.input.XmlStreamReaderTest" time="0.003"/>
  <testcase name="testIO_815(String)[62]" classname="org.apache.commons.io.input.XmlStreamReaderTest" time="0.03"/>
  <testcase name="testIO_815(String)[63]" classname="org.apache.commons.io.input.XmlStreamReaderTest" time="0.005"/>
  <testcase name="testIO_815(String)[64]" classname="org.apache.commons.io.input.XmlStreamReaderTest" time="0.003"/>
  <testcase name="testIO_815(String)[65]" classname="org.apache.commons.io.input.XmlStreamReaderTest" time="0.01"/>
  <testcase name="testIO_815(String)[66]" classname="org.apache.commons.io.input.XmlStreamReaderTest" time="0.005"/>
  <testcase name="testIO_815(String)[67]" classname="org.apache.commons.io.input.XmlStreamReaderTest" time="0.031"/>
  <testcase name="testIO_815(String)[68]" classname="org.apache.commons.io.input.XmlStreamReaderTest" time="0.01"/>
  <testcase name="testIO_815(String)[69]" classname="org.apache.commons.io.input.XmlStreamReaderTest" time="0.005"/>
  <testcase name="testIO_815(String)[70]" classname="org.apache.commons.io.input.XmlStreamReaderTest" time="0.005"/>
  <testcase name="testIO_815(String)[71]" classname="org.apache.commons.io.input.XmlStreamReaderTest" time="0.001"/>
  <testcase name="testIO_815(String)[72]" classname="org.apache.commons.io.input.XmlStreamReaderTest" time="0.002"/>
  <testcase name="testIO_815(String)[73]" classname="org.apache.commons.io.input.XmlStreamReaderTest" time="0.002"/>
  <testcase name="testIO_815(String)[74]" classname="org.apache.commons.io.input.XmlStreamReaderTest" time="0.004"/>
  <testcase name="testIO_815(String)[75]" classname="org.apache.commons.io.input.XmlStreamReaderTest" time="0.005"/>
  <testcase name="testIO_815(String)[76]" classname="org.apache.commons.io.input.XmlStreamReaderTest" time="0.02"/>
  <testcase name="testIO_815(String)[77]" classname="org.apache.commons.io.input.XmlStreamReaderTest" time="0.002"/>
  <testcase name="testIO_815(String)[78]" classname="org.apache.commons.io.input.XmlStreamReaderTest" time="0.003"/>
  <testcase name="testIO_815(String)[79]" classname="org.apache.commons.io.input.XmlStreamReaderTest" time="0.003"/>
  <testcase name="testIO_815(String)[80]" classname="org.apache.commons.io.input.XmlStreamReaderTest" time="0.002"/>
  <testcase name="testIO_815(String)[81]" classname="org.apache.commons.io.input.XmlStreamReaderTest" time="0.004"/>
  <testcase name="testIO_815(String)[82]" classname="org.apache.commons.io.input.XmlStreamReaderTest" time="0.002"/>
  <testcase name="testIO_815(String)[83]" classname="org.apache.commons.io.input.XmlStreamReaderTest" time="0.001"/>
  <testcase name="testIO_815(String)[84]" classname="org.apache.commons.io.input.XmlStreamReaderTest" time="0.002"/>
  <testcase name="testIO_815(String)[85]" classname="org.apache.commons.io.input.XmlStreamReaderTest" time="0.003"/>
  <testcase name="testIO_815(String)[86]" classname="org.apache.commons.io.input.XmlStreamReaderTest" time="0.002"/>
  <testcase name="testIO_815(String)[87]" classname="org.apache.commons.io.input.XmlStreamReaderTest" time="0.007"/>
  <testcase name="testIO_815(String)[88]" classname="org.apache.commons.io.input.XmlStreamReaderTest" time="0.008"/>
  <testcase name="testIO_815(String)[89]" classname="org.apache.commons.io.input.XmlStreamReaderTest" time="0.002"/>
  <testcase name="testIO_815(String)[90]" classname="org.apache.commons.io.input.XmlStreamReaderTest" time="0.002"/>
  <testcase name="testIO_815(String)[91]" classname="org.apache.commons.io.input.XmlStreamReaderTest" time="0.003"/>
  <testcase name="testIO_815(String)[92]" classname="org.apache.commons.io.input.XmlStreamReaderTest" time="0.006"/>
  <testcase name="testIO_815(String)[93]" classname="org.apache.commons.io.input.XmlStreamReaderTest" time="0.01"/>
  <testcase name="testIO_815(String)[94]" classname="org.apache.commons.io.input.XmlStreamReaderTest" time="0.003"/>
  <testcase name="testIO_815(String)[95]" classname="org.apache.commons.io.input.XmlStreamReaderTest" time="0.001"/>
  <testcase name="testIO_815(String)[96]" classname="org.apache.commons.io.input.XmlStreamReaderTest" time="0.006"/>
  <testcase name="testIO_815(String)[97]" classname="org.apache.commons.io.input.XmlStreamReaderTest" time="0.003"/>
  <testcase name="testIO_815(String)[98]" classname="org.apache.commons.io.input.XmlStreamReaderTest" time="0.002"/>
  <testcase name="testIO_815(String)[99]" classname="org.apache.commons.io.input.XmlStreamReaderTest" time="0.003"/>
  <testcase name="testIO_815(String)[100]" classname="org.apache.commons.io.input.XmlStreamReaderTest" time="0.003"/>
  <testcase name="testIO_815(String)[101]" classname="org.apache.commons.io.input.XmlStreamReaderTest" time="0.002"/>
  <testcase name="testIO_815(String)[102]" classname="org.apache.commons.io.input.XmlStreamReaderTest" time="0.002"/>
  <testcase name="testIO_815(String)[103]" classname="org.apache.commons.io.input.XmlStreamReaderTest" time="0.002"/>
  <testcase name="testIO_815(String)[104]" classname="org.apache.commons.io.input.XmlStreamReaderTest" time="0.003"/>
  <testcase name="testIO_815(String)[105]" classname="org.apache.commons.io.input.XmlStreamReaderTest" time="0.002"/>
  <testcase name="testIO_815(String)[106]" classname="org.apache.commons.io.input.XmlStreamReaderTest" time="0.008"/>
  <testcase name="testIO_815(String)[107]" classname="org.apache.commons.io.input.XmlStreamReaderTest" time="0.003"/>
  <testcase name="testIO_815(String)[108]" classname="org.apache.commons.io.input.XmlStreamReaderTest" time="0.002"/>
  <testcase name="testIO_815(String)[109]" classname="org.apache.commons.io.input.XmlStreamReaderTest" time="0.002"/>
  <testcase name="testIO_815(String)[110]" classname="org.apache.commons.io.input.XmlStreamReaderTest" time="0.002"/>
  <testcase name="testIO_815(String)[111]" classname="org.apache.commons.io.input.XmlStreamReaderTest" time="0.004"/>
  <testcase name="testIO_815(String)[112]" classname="org.apache.commons.io.input.XmlStreamReaderTest" time="0.002"/>
  <testcase name="testIO_815(String)[113]" classname="org.apache.commons.io.input.XmlStreamReaderTest" time="0.001"/>
  <testcase name="testIO_815(String)[114]" classname="org.apache.commons.io.input.XmlStreamReaderTest" time="0.005"/>
  <testcase name="testIO_815(String)[115]" classname="org.apache.commons.io.input.XmlStreamReaderTest" time="0.001"/>
  <testcase name="testIO_815(String)[116]" classname="org.apache.commons.io.input.XmlStreamReaderTest" time="0.006"/>
  <testcase name="testIO_815(String)[117]" classname="org.apache.commons.io.input.XmlStreamReaderTest" time="0.004"/>
  <testcase name="testIO_815(String)[118]" classname="org.apache.commons.io.input.XmlStreamReaderTest" time="0.002"/>
  <testcase name="testIO_815(String)[119]" classname="org.apache.commons.io.input.XmlStreamReaderTest" time="0.003"/>
  <testcase name="testIO_815(String)[120]" classname="org.apache.commons.io.input.XmlStreamReaderTest" time="0.002"/>
  <testcase name="testIO_815(String)[121]" classname="org.apache.commons.io.input.XmlStreamReaderTest" time="0.002"/>
  <testcase name="testIO_815(String)[122]" classname="org.apache.commons.io.input.XmlStreamReaderTest" time="0.002"/>
  <testcase name="testIO_815(String)[123]" classname="org.apache.commons.io.input.XmlStreamReaderTest" time="0.004"/>
  <testcase name="testIO_815(String)[124]" classname="org.apache.commons.io.input.XmlStreamReaderTest" time="0.002"/>
  <testcase name="testIO_815(String)[125]" classname="org.apache.commons.io.input.XmlStreamReaderTest" time="0.003"/>
  <testcase name="testIO_815(String)[126]" classname="org.apache.commons.io.input.XmlStreamReaderTest" time="0.002"/>
  <testcase name="testIO_815(String)[127]" classname="org.apache.commons.io.input.XmlStreamReaderTest" time="0.003"/>
  <testcase name="testIO_815(String)[128]" classname="org.apache.commons.io.input.XmlStreamReaderTest" time="0.004"/>
  <testcase name="testIO_815(String)[129]" classname="org.apache.commons.io.input.XmlStreamReaderTest" time="0.002"/>
  <testcase name="testIO_815(String)[130]" classname="org.apache.commons.io.input.XmlStreamReaderTest" time="0.001"/>
  <testcase name="testIO_815(String)[131]" classname="org.apache.commons.io.input.XmlStreamReaderTest" time="0.002"/>
  <testcase name="testIO_815(String)[132]" classname="org.apache.commons.io.input.XmlStreamReaderTest" time="0.001"/>
  <testcase name="testIO_815(String)[133]" classname="org.apache.commons.io.input.XmlStreamReaderTest" time="0.004"/>
  <testcase name="testIO_815(String)[134]" classname="org.apache.commons.io.input.XmlStreamReaderTest" time="0.003"/>
  <testcase name="testIO_815(String)[135]" classname="org.apache.commons.io.input.XmlStreamReaderTest" time="0.003"/>
  <testcase name="testIO_815(String)[136]" classname="org.apache.commons.io.input.XmlStreamReaderTest" time="0.002"/>
  <testcase name="testIO_815(String)[137]" classname="org.apache.commons.io.input.XmlStreamReaderTest" time="0.003"/>
  <testcase name="testIO_815(String)[138]" classname="org.apache.commons.io.input.XmlStreamReaderTest" time="0.002"/>
  <testcase name="testIO_815(String)[139]" classname="org.apache.commons.io.input.XmlStreamReaderTest" time="0.001"/>
  <testcase name="testIO_815(String)[140]" classname="org.apache.commons.io.input.XmlStreamReaderTest" time="0.003"/>
  <testcase name="testIO_815(String)[141]" classname="org.apache.commons.io.input.XmlStreamReaderTest" time="0.001"/>
  <testcase name="testIO_815(String)[142]" classname="org.apache.commons.io.input.XmlStreamReaderTest" time="0.002"/>
  <testcase name="testIO_815(String)[143]" classname="org.apache.commons.io.input.XmlStreamReaderTest" time="0.003"/>
  <testcase name="testIO_815(String)[144]" classname="org.apache.commons.io.input.XmlStreamReaderTest" time="0.002"/>
  <testcase name="testIO_815(String)[145]" classname="org.apache.commons.io.input.XmlStreamReaderTest" time="0.0"/>
  <testcase name="testIO_815(String)[146]" classname="org.apache.commons.io.input.XmlStreamReaderTest" time="0.001"/>
  <testcase name="testIO_815(String)[147]" classname="org.apache.commons.io.input.XmlStreamReaderTest" time="0.002"/>
  <testcase name="testIO_815(String)[148]" classname="org.apache.commons.io.input.XmlStreamReaderTest" time="0.001"/>
  <testcase name="testIO_815(String)[149]" classname="org.apache.commons.io.input.XmlStreamReaderTest" time="0.002"/>
  <testcase name="testIO_815(String)[150]" classname="org.apache.commons.io.input.XmlStreamReaderTest" time="0.003"/>
  <testcase name="testIO_815(String)[151]" classname="org.apache.commons.io.input.XmlStreamReaderTest" time="0.001"/>
  <testcase name="testIO_815(String)[152]" classname="org.apache.commons.io.input.XmlStreamReaderTest" time="0.001"/>
  <testcase name="testIO_815(String)[153]" classname="org.apache.commons.io.input.XmlStreamReaderTest" time="0.005"/>
  <testcase name="testIO_815(String)[154]" classname="org.apache.commons.io.input.XmlStreamReaderTest" time="0.002"/>
  <testcase name="testIO_815(String)[155]" classname="org.apache.commons.io.input.XmlStreamReaderTest" time="0.002"/>
  <testcase name="testIO_815(String)[156]" classname="org.apache.commons.io.input.XmlStreamReaderTest" time="0.002"/>
  <testcase name="testIO_815(String)[157]" classname="org.apache.commons.io.input.XmlStreamReaderTest" time="0.002"/>
  <testcase name="testIO_815(String)[158]" classname="org.apache.commons.io.input.XmlStreamReaderTest" time="0.002"/>
  <testcase name="testIO_815(String)[159]" classname="org.apache.commons.io.input.XmlStreamReaderTest" time="0.004"/>
  <testcase name="testIO_815(String)[160]" classname="org.apache.commons.io.input.XmlStreamReaderTest" time="0.002"/>
  <testcase name="testIO_815(String)[161]" classname="org.apache.commons.io.input.XmlStreamReaderTest" time="0.001"/>
  <testcase name="testIO_815(String)[162]" classname="org.apache.commons.io.input.XmlStreamReaderTest" time="0.003"/>
  <testcase name="testIO_815(String)[163]" classname="org.apache.commons.io.input.XmlStreamReaderTest" time="0.002"/>
  <testcase name="testIO_815(String)[164]" classname="org.apache.commons.io.input.XmlStreamReaderTest" time="0.002"/>
  <testcase name="testIO_815(String)[165]" classname="org.apache.commons.io.input.XmlStreamReaderTest" time="0.001"/>
  <testcase name="testIO_815(String)[166]" classname="org.apache.commons.io.input.XmlStreamReaderTest" time="0.002"/>
  <testcase name="testIO_815(String)[167]" classname="org.apache.commons.io.input.XmlStreamReaderTest" time="0.001"/>
  <testcase name="testIO_815(String)[168]" classname="org.apache.commons.io.input.XmlStreamReaderTest" time="0.002"/>
  <testcase name="testIO_815(String)[169]" classname="org.apache.commons.io.input.XmlStreamReaderTest" time="0.002"/>
  <testcase name="testIO_815(String)[170]" classname="org.apache.commons.io.input.XmlStreamReaderTest" time="0.005"/>
  <testcase name="testLowerCaseEncodingWithTurkishLocale_IO_557" classname="org.apache.commons.io.input.XmlStreamReaderTest" time="0.006"/>
  <testcase name="testConstructorInputStreamInputNull" classname="org.apache.commons.io.input.XmlStreamReaderTest" time="0.002"/>
  <testcase name="testConstructorPathInputNull" classname="org.apache.commons.io.input.XmlStreamReaderTest" time="0.001"/>
  <testcase name="testConstructorInputStreamInput" classname="org.apache.commons.io.input.XmlStreamReaderTest" time="0.002"/>
  <testcase name="testRawBomUtf8" classname="org.apache.commons.io.input.XmlStreamReaderTest" time="0.023"/>
</testsuite>