<?xml version="1.0" encoding="UTF-8"?>
<testsuite xmlns:xsi="http://www.w3.org/2001/XMLSchema-instance" xsi:noNamespaceSchemaLocation="https://maven.apache.org/surefire/maven-surefire-plugin/xsd/surefire-test-report-3.0.xsd" version="3.0" name="org.apache.commons.dbcp2.managed.TestConnectionWithNarayana" time="14.043" tests="3" errors="0" skipped="0" failures="0">
  <properties>
    <property name="sun.desktop" value="windows"/>
    <property name="awt.toolkit" value="sun.awt.windows.WToolkit"/>
    <property name="file.encoding.pkg" value="sun.io"/>
    <property name="java.specification.version" value="1.8"/>
    <property name="sun.cpu.isalist" value="amd64"/>
    <property name="sun.jnu.encoding" value="Cp1253"/>
    <property name="java.class.path" value="C:\Users\user\Code_generation_LLMs\AutoTestLab\packages\commons-dbcp2-2.12.0-src\target\test-classes;C:\Users\user\Code_generation_LLMs\AutoTestLab\packages\commons-dbcp2-2.12.0-src\target\classes;C:\Users\user\.m2\repository\org\apache\commons\commons-pool2\2.12.0\commons-pool2-2.12.0.jar;C:\Users\user\.m2\repository\commons-logging\commons-logging\1.3.0\commons-logging-1.3.0.jar;C:\Users\user\.m2\repository\org\junit\jupiter\junit-jupiter\5.10.1\junit-jupiter-5.10.1.jar;C:\Users\user\.m2\repository\org\junit\jupiter\junit-jupiter-api\5.10.1\junit-jupiter-api-5.10.1.jar;C:\Users\user\.m2\repository\org\opentest4j\opentest4j\1.3.0\opentest4j-1.3.0.jar;C:\Users\user\.m2\repository\org\junit\platform\junit-platform-commons\1.10.1\junit-platform-commons-1.10.1.jar;C:\Users\user\.m2\repository\org\apiguardian\apiguardian-api\1.1.2\apiguardian-api-1.1.2.jar;C:\Users\user\.m2\repository\org\junit\jupiter\junit-jupiter-params\5.10.1\junit-jupiter-params-5.10.1.jar;C:\Users\user\.m2\repository\org\junit\jupiter\junit-jupiter-engine\5.10.1\junit-jupiter-engine-5.10.1.jar;C:\Users\user\.m2\repository\org\junit\platform\junit-platform-engine\1.10.1\junit-platform-engine-1.10.1.jar;C:\Users\user\.m2\repository\org\hamcrest\hamcrest\2.2\hamcrest-2.2.jar;C:\Users\user\.m2\repository\org\mockito\mockito-core\4.11.0\mockito-core-4.11.0.jar;C:\Users\user\.m2\repository\net\bytebuddy\byte-buddy\1.12.19\byte-buddy-1.12.19.jar;C:\Users\user\.m2\repository\net\bytebuddy\byte-buddy-agent\1.12.19\byte-buddy-agent-1.12.19.jar;C:\Users\user\.m2\repository\org\objenesis\objenesis\3.3\objenesis-3.3.jar;C:\Users\user\.m2\repository\org\apache\commons\commons-lang3\3.14.0\commons-lang3-3.14.0.jar;C:\Users\user\.m2\repository\jakarta\transaction\jakarta.transaction-api\1.3.3\jakarta.transaction-api-1.3.3.jar;C:\Users\user\.m2\repository\tomcat\naming-common\5.0.28\naming-common-5.0.28.jar;C:\Users\user\.m2\repository\tomcat\naming-java\5.0.28\naming-java-5.0.28.jar;C:\Users\user\.m2\repository\org\apache\geronimo\modules\geronimo-transaction\2.2.1\geronimo-transaction-2.2.1.jar;C:\Users\user\.m2\repository\org\apache\geronimo\components\geronimo-transaction\2.2.1\geronimo-transaction-2.2.1.jar;C:\Users\user\.m2\repository\org\apache\geronimo\specs\geronimo-jta_1.1_spec\1.1.1\geronimo-jta_1.1_spec-1.1.1.jar;C:\Users\user\.m2\repository\org\apache\geronimo\specs\geronimo-j2ee-connector_1.5_spec\2.0.0\geronimo-j2ee-connector_1.5_spec-2.0.0.jar;C:\Users\user\.m2\repository\org\apache\geronimo\framework\geronimo-core\2.2.1\geronimo-core-2.2.1.jar;C:\Users\user\.m2\repository\org\apache\geronimo\framework\geronimo-system\2.2.1\geronimo-system-2.2.1.jar;C:\Users\user\.m2\repository\org\apache\geronimo\framework\geronimo-cli\2.2.1\geronimo-cli-2.2.1.jar;C:\Users\user\.m2\repository\commons-cli\commons-cli\1.0\commons-cli-1.0.jar;C:\Users\user\.m2\repository\org\apache\geronimo\framework\geronimo-common\2.2.1\geronimo-common-2.2.1.jar;C:\Users\user\.m2\repository\org\apache\geronimo\framework\geronimo-crypto\2.2.1\geronimo-crypto-2.2.1.jar;C:\Users\user\.m2\repository\org\apache\geronimo\framework\geronimo-kernel\2.2.1\geronimo-kernel-2.2.1.jar;C:\Users\user\.m2\repository\asm\asm\3.1\asm-3.1.jar;C:\Users\user\.m2\repository\asm\asm-commons\3.1\asm-commons-3.1.jar;C:\Users\user\.m2\repository\cglib\cglib-nodep\2.1_3\cglib-nodep-2.1_3.jar;C:\Users\user\.m2\repository\org\apache\xbean\xbean-reflect\3.7\xbean-reflect-3.7.jar;C:\Users\user\.m2\repository\com\thoughtworks\xstream\xstream\1.3\xstream-1.3.jar;C:\Users\user\.m2\repository\xpp3\xpp3_min\1.1.4c\xpp3_min-1.1.4c.jar;C:\Users\user\.m2\repository\commons-jexl\commons-jexl\1.1\commons-jexl-1.1.jar;C:\Users\user\.m2\repository\log4j\log4j\1.2.15\log4j-1.2.15.jar;C:\Users\user\.m2\repository\org\apache\geronimo\specs\geronimo-jaxb_2.1_spec\1.0\geronimo-jaxb_2.1_spec-1.0.jar;C:\Users\user\.m2\repository\org\apache\geronimo\specs\geronimo-stax-api_1.0_spec\1.0.1\geronimo-stax-api_1.0_spec-1.0.1.jar;C:\Users\user\.m2\repository\org\apache\geronimo\framework\geronimo-management\2.2.1\geronimo-management-2.2.1.jar;C:\Users\user\.m2\repository\org\apache\geronimo\specs\geronimo-j2ee-management_1.1_spec\1.0.1\geronimo-j2ee-management_1.1_spec-1.0.1.jar;C:\Users\user\.m2\repository\org\apache\geronimo\modules\geronimo-j2ee\2.2.1\geronimo-j2ee-2.2.1.jar;C:\Users\user\.m2\repository\org\objectweb\howl\howl\1.0.1-1\howl-1.0.1-1.jar;C:\Users\user\.m2\repository\org\slf4j\slf4j-simple\2.0.12\slf4j-simple-2.0.12.jar;C:\Users\user\.m2\repository\org\slf4j\slf4j-api\2.0.12\slf4j-api-2.0.12.jar;C:\Users\user\.m2\repository\com\h2database\h2\2.2.224\h2-2.2.224.jar;C:\Users\user\.m2\repository\org\jboss\narayana\jta\narayana-jta\5.12.7.Final\narayana-jta-5.12.7.Final.jar;C:\Users\user\.m2\repository\org\jboss\spec\javax\resource\jboss-connector-api_1.7_spec\1.0.0.Final\jboss-connector-api_1.7_spec-1.0.0.Final.jar;C:\Users\user\.m2\repository\org\jboss\jboss-transaction-spi\8.0.0.Final\jboss-transaction-spi-8.0.0.Final.jar;C:\Users\user\.m2\repository\jakarta\resource\jakarta.resource-api\2.0.0\jakarta.resource-api-2.0.0.jar;C:\Users\user\.m2\repository\jakarta\annotation\jakarta.annotation-api\2.0.0\jakarta.annotation-api-2.0.0.jar;C:\Users\user\.m2\repository\org\jboss\logging\jboss-logging\3.4.3.Final\jboss-logging-3.4.3.Final.jar;"/>
    <property name="java.vm.vendor" value="Oracle Corporation"/>
    <property name="sun.arch.data.model" value="64"/>
    <property name="user.variant" value=""/>
    <property name="java.vendor.url" value="http://java.oracle.com/"/>
    <property name="user.timezone" value="Europe/Athens"/>
    <property name="java.vm.specification.version" value="1.8"/>
    <property name="os.name" value="Windows 10"/>
    <property name="user.country" value="GR"/>
    <property name="sun.java.launcher" value="SUN_STANDARD"/>
    <property name="sun.boot.library.path" value="C:\Program Files\Java\jdk1.8.0_202\jre\bin"/>
    <property name="sun.java.command" value="C:\Users\user\AppData\Local\Temp\surefire2042535869705336250\surefirebooter-20241012120333633_3.jar C:\Users\user\AppData\Local\Temp\surefire2042535869705336250 2024-10-12T12-03-32_574-jvmRun1 surefire-20241012120333633_1tmp surefire_0-20241012120333633_2tmp"/>
    <property name="surefire.test.class.path" value="C:\Users\user\Code_generation_LLMs\AutoTestLab\packages\commons-dbcp2-2.12.0-src\target\test-classes;C:\Users\user\Code_generation_LLMs\AutoTestLab\packages\commons-dbcp2-2.12.0-src\target\classes;C:\Users\user\.m2\repository\org\apache\commons\commons-pool2\2.12.0\commons-pool2-2.12.0.jar;C:\Users\user\.m2\repository\commons-logging\commons-logging\1.3.0\commons-logging-1.3.0.jar;C:\Users\user\.m2\repository\org\junit\jupiter\junit-jupiter\5.10.1\junit-jupiter-5.10.1.jar;C:\Users\user\.m2\repository\org\junit\jupiter\junit-jupiter-api\5.10.1\junit-jupiter-api-5.10.1.jar;C:\Users\user\.m2\repository\org\opentest4j\opentest4j\1.3.0\opentest4j-1.3.0.jar;C:\Users\user\.m2\repository\org\junit\platform\junit-platform-commons\1.10.1\junit-platform-commons-1.10.1.jar;C:\Users\user\.m2\repository\org\apiguardian\apiguardian-api\1.1.2\apiguardian-api-1.1.2.jar;C:\Users\user\.m2\repository\org\junit\jupiter\junit-jupiter-params\5.10.1\junit-jupiter-params-5.10.1.jar;C:\Users\user\.m2\repository\org\junit\jupiter\junit-jupiter-engine\5.10.1\junit-jupiter-engine-5.10.1.jar;C:\Users\user\.m2\repository\org\junit\platform\junit-platform-engine\1.10.1\junit-platform-engine-1.10.1.jar;C:\Users\user\.m2\repository\org\hamcrest\hamcrest\2.2\hamcrest-2.2.jar;C:\Users\user\.m2\repository\org\mockito\mockito-core\4.11.0\mockito-core-4.11.0.jar;C:\Users\user\.m2\repository\net\bytebuddy\byte-buddy\1.12.19\byte-buddy-1.12.19.jar;C:\Users\user\.m2\repository\net\bytebuddy\byte-buddy-agent\1.12.19\byte-buddy-agent-1.12.19.jar;C:\Users\user\.m2\repository\org\objenesis\objenesis\3.3\objenesis-3.3.jar;C:\Users\user\.m2\repository\org\apache\commons\commons-lang3\3.14.0\commons-lang3-3.14.0.jar;C:\Users\user\.m2\repository\jakarta\transaction\jakarta.transaction-api\1.3.3\jakarta.transaction-api-1.3.3.jar;C:\Users\user\.m2\repository\tomcat\naming-common\5.0.28\naming-common-5.0.28.jar;C:\Users\user\.m2\repository\tomcat\naming-java\5.0.28\naming-java-5.0.28.jar;C:\Users\user\.m2\repository\org\apache\geronimo\modules\geronimo-transaction\2.2.1\geronimo-transaction-2.2.1.jar;C:\Users\user\.m2\repository\org\apache\geronimo\components\geronimo-transaction\2.2.1\geronimo-transaction-2.2.1.jar;C:\Users\user\.m2\repository\org\apache\geronimo\specs\geronimo-jta_1.1_spec\1.1.1\geronimo-jta_1.1_spec-1.1.1.jar;C:\Users\user\.m2\repository\org\apache\geronimo\specs\geronimo-j2ee-connector_1.5_spec\2.0.0\geronimo-j2ee-connector_1.5_spec-2.0.0.jar;C:\Users\user\.m2\repository\org\apache\geronimo\framework\geronimo-core\2.2.1\geronimo-core-2.2.1.jar;C:\Users\user\.m2\repository\org\apache\geronimo\framework\geronimo-system\2.2.1\geronimo-system-2.2.1.jar;C:\Users\user\.m2\repository\org\apache\geronimo\framework\geronimo-cli\2.2.1\geronimo-cli-2.2.1.jar;C:\Users\user\.m2\repository\commons-cli\commons-cli\1.0\commons-cli-1.0.jar;C:\Users\user\.m2\repository\org\apache\geronimo\framework\geronimo-common\2.2.1\geronimo-common-2.2.1.jar;C:\Users\user\.m2\repository\org\apache\geronimo\framework\geronimo-crypto\2.2.1\geronimo-crypto-2.2.1.jar;C:\Users\user\.m2\repository\org\apache\geronimo\framework\geronimo-kernel\2.2.1\geronimo-kernel-2.2.1.jar;C:\Users\user\.m2\repository\asm\asm\3.1\asm-3.1.jar;C:\Users\user\.m2\repository\asm\asm-commons\3.1\asm-commons-3.1.jar;C:\Users\user\.m2\repository\cglib\cglib-nodep\2.1_3\cglib-nodep-2.1_3.jar;C:\Users\user\.m2\repository\org\apache\xbean\xbean-reflect\3.7\xbean-reflect-3.7.jar;C:\Users\user\.m2\repository\com\thoughtworks\xstream\xstream\1.3\xstream-1.3.jar;C:\Users\user\.m2\repository\xpp3\xpp3_min\1.1.4c\xpp3_min-1.1.4c.jar;C:\Users\user\.m2\repository\commons-jexl\commons-jexl\1.1\commons-jexl-1.1.jar;C:\Users\user\.m2\repository\log4j\log4j\1.2.15\log4j-1.2.15.jar;C:\Users\user\.m2\repository\org\apache\geronimo\specs\geronimo-jaxb_2.1_spec\1.0\geronimo-jaxb_2.1_spec-1.0.jar;C:\Users\user\.m2\repository\org\apache\geronimo\specs\geronimo-stax-api_1.0_spec\1.0.1\geronimo-stax-api_1.0_spec-1.0.1.jar;C:\Users\user\.m2\repository\org\apache\geronimo\framework\geronimo-management\2.2.1\geronimo-management-2.2.1.jar;C:\Users\user\.m2\repository\org\apache\geronimo\specs\geronimo-j2ee-management_1.1_spec\1.0.1\geronimo-j2ee-management_1.1_spec-1.0.1.jar;C:\Users\user\.m2\repository\org\apache\geronimo\modules\geronimo-j2ee\2.2.1\geronimo-j2ee-2.2.1.jar;C:\Users\user\.m2\repository\org\objectweb\howl\howl\1.0.1-1\howl-1.0.1-1.jar;C:\Users\user\.m2\repository\org\slf4j\slf4j-simple\2.0.12\slf4j-simple-2.0.12.jar;C:\Users\user\.m2\repository\org\slf4j\slf4j-api\2.0.12\slf4j-api-2.0.12.jar;C:\Users\user\.m2\repository\com\h2database\h2\2.2.224\h2-2.2.224.jar;C:\Users\user\.m2\repository\org\jboss\narayana\jta\narayana-jta\5.12.7.Final\narayana-jta-5.12.7.Final.jar;C:\Users\user\.m2\repository\org\jboss\spec\javax\resource\jboss-connector-api_1.7_spec\1.0.0.Final\jboss-connector-api_1.7_spec-1.0.0.Final.jar;C:\Users\user\.m2\repository\org\jboss\jboss-transaction-spi\8.0.0.Final\jboss-transaction-spi-8.0.0.Final.jar;C:\Users\user\.m2\repository\jakarta\resource\jakarta.resource-api\2.0.0\jakarta.resource-api-2.0.0.jar;C:\Users\user\.m2\repository\jakarta\annotation\jakarta.annotation-api\2.0.0\jakarta.annotation-api-2.0.0.jar;C:\Users\user\.m2\repository\org\jboss\logging\jboss-logging\3.4.3.Final\jboss-logging-3.4.3.Final.jar;"/>
    <property name="sun.cpu.endian" value="little"/>
    <property name="user.home" value="C:\Users\user"/>
    <property name="user.language" value="el"/>
    <property name="java.specification.vendor" value="Oracle Corporation"/>
    <property name="java.home" value="C:\Program Files\Java\jdk1.8.0_202\jre"/>
    <property name="basedir" value="C:\Users\user\Code_generation_LLMs\AutoTestLab\packages\commons-dbcp2-2.12.0-src"/>
    <property name="file.separator" value="\"/>
    <property name="line.separator" value="&#10;"/>
    <property name="java.vm.specification.vendor" value="Oracle Corporation"/>
    <property name="java.specification.name" value="Java Platform API Specification"/>
    <property name="java.awt.graphicsenv" value="sun.awt.Win32GraphicsEnvironment"/>
    <property name="surefire.real.class.path" value="C:\Users\user\AppData\Local\Temp\surefire2042535869705336250\surefirebooter-20241012120333633_3.jar;C:\\Users\\user\\.m2\\repository\\org\\jacoco\\org.jacoco.agent\\0.8.12\\org.jacoco.agent-0.8.12-runtime.jar"/>
    <property name="sun.boot.class.path" value="C:\Program Files\Java\jdk1.8.0_202\jre\lib\resources.jar;C:\Program Files\Java\jdk1.8.0_202\jre\lib\rt.jar;C:\Program Files\Java\jdk1.8.0_202\jre\lib\sunrsasign.jar;C:\Program Files\Java\jdk1.8.0_202\jre\lib\jsse.jar;C:\Program Files\Java\jdk1.8.0_202\jre\lib\jce.jar;C:\Program Files\Java\jdk1.8.0_202\jre\lib\charsets.jar;C:\Program Files\Java\jdk1.8.0_202\jre\lib\jfr.jar;C:\Program Files\Java\jdk1.8.0_202\jre\classes"/>
    <property name="user.script" value=""/>
    <property name="sun.management.compiler" value="HotSpot 64-Bit Tiered Compilers"/>
    <property name="java.runtime.version" value="1.8.0_202-b08"/>
    <property name="user.name" value="user"/>
    <property name="path.separator" value=";"/>
    <property name="os.version" value="10.0"/>
    <property name="java.endorsed.dirs" value="C:\Program Files\Java\jdk1.8.0_202\jre\lib\endorsed"/>
    <property name="java.runtime.name" value="Java(TM) SE Runtime Environment"/>
    <property name="file.encoding" value="Cp1253"/>
    <property name="java.vm.name" value="Java HotSpot(TM) 64-Bit Server VM"/>
    <property name="localRepository" value="C:\Users\user\.m2\repository"/>
    <property name="java.vendor.url.bug" value="http://bugreport.sun.com/bugreport/"/>
    <property name="java.io.tmpdir" value="C:\Users\user\AppData\Local\Temp\"/>
    <property name="java.version" value="1.8.0_202"/>
    <property name="user.dir" value="C:\Users\user\Code_generation_LLMs\AutoTestLab\packages\commons-dbcp2-2.12.0-src"/>
    <property name="os.arch" value="amd64"/>
    <property name="java.vm.specification.name" value="Java Virtual Machine Specification"/>
    <property name="java.awt.printerjob" value="sun.awt.windows.WPrinterJob"/>
    <property name="sun.os.patch.level" value=""/>
    <property name="java.library.path" value="C:\Program Files\Java\jdk1.8.0_202\jre\bin;C:\WINDOWS\Sun\Java\bin;C:\WINDOWS\system32;C:\WINDOWS;C:\Users\user\miniconda3\envs\myenv;C:\Users\user\miniconda3\envs\myenv\Library\mingw-w64\bin;C:\Users\user\miniconda3\envs\myenv\Library\usr\bin;C:\Users\user\miniconda3\envs\myenv\Library\bin;C:\Users\user\miniconda3\envs\myenv\Scripts;C:\Users\user\miniconda3\envs\myenv\bin;C:\Program Files\NVIDIA\CUDNN\v9.0\bin;C:\Program Files\NVIDIA GPU Computing Toolkit\CUDA\v12.3\bin;C:\Program Files\NVIDIA GPU Computing Toolkit\CUDA\v12.3\libnvvp;C:\Program Files\Common Files\Oracle\Java\javapath;C:\Program Files (x86)\Common Files\Oracle\Java\java8path;C:\Program Files (x86)\Common Files\Oracle\Java\javapath;C:\WINDOWS\system32;C:\WINDOWS;C:\WINDOWS\System32\Wbem;C:\WINDOWS\System32\WindowsPowerShell\v1.0;C:\WINDOWS\System32\OpenSSH;C:\Program Files\Intel\WiFi\bin;C:\Program Files\Common Files\Intel\WirelessCommon;c:\Program Files (x86)\Intel\Intel(R) Management Engine Components\DAL;c:\Program Files\Intel\Intel(R) Management Engine Components\DAL;C:\Users\user\Desktop\Large Scale Data Management;C:\Program Files\Vagrant\bin;C:\Program Files\Git\cmd;C:\Program Files\apache-maven-3.9.6\bin;C:\Program Files\NVIDIA Corporation\Nsight Compute 2023.3.1;C:\Program Files (x86)\NVIDIA Corporation\PhysX\Common;C:\Program Files\NVIDIA Corporation\Installer2;C:\Program Files\nodejs;C:\Users\user\defects4j\framework\bin;C:\Program Files\Java\jdk1.8.0_202\bin;C:\Strawberry\c\bin;C:\Strawberry\perl\site\bin;C:\Strawberry\perl\bin;C:\Users\user\defects4j\framework\bin;C:\Windows\System32;C:\Program Files\TortoiseSVN\bin;C:\Program Files\Java\jdk1.8.0_202\bin;C:\Users\user\miniconda3\envs\ujb;C:\Users\user\miniconda3\envs\ujb\Library\mingw-w64\bin;C:\Users\user\miniconda3\envs\ujb\Library\usr\bin;C:\Users\user\miniconda3\envs\ujb\Library\bin;C:\Users\user\miniconda3\envs\ujb\Scripts;C:\Users\user\miniconda3\envs\ujb\bin;C:\Users\user\miniconda3\condabin;C:\Program Files\NVIDIA\CUDNN\v9.0\bin;C:\Program Files\NVIDIA GPU Computing Toolkit\CUDA\v12.3\bin;C:\Program Files\NVIDIA GPU Computing Toolkit\CUDA\v12.3\libnvvp;C:\Program Files\Common Files\Oracle\Java\javapath;C:\Program Files (x86)\Common Files\Oracle\Java\java8path;C:\Program Files (x86)\Common Files\Oracle\Java\javapath;C:\WINDOWS\system32;C:\WINDOWS;C:\WINDOWS\System32\Wbem;C:\WINDOWS\System32\WindowsPowerShell\v1.0;C:\WINDOWS\System32\OpenSSH;C:\Program Files\Intel\WiFi\bin;C:\Program Files\Common Files\Intel\WirelessCommon;c:\Program Files (x86)\Intel\Intel(R) Management Engine Components\DAL;c:\Program Files\Intel\Intel(R) Management Engine Components\DAL;C:\Users;C:\Users\user\AppData\Local\Programs\Microsoft VS Code\bin;."/>
    <property name="java.vm.info" value="mixed mode"/>
    <property name="java.vendor" value="Oracle Corporation"/>
    <property name="java.vm.version" value="25.202-b08"/>
    <property name="java.ext.dirs" value="C:\Program Files\Java\jdk1.8.0_202\jre\lib\ext;C:\WINDOWS\Sun\Java\lib\ext"/>
    <property name="sun.io.unicode.encoding" value="UnicodeLittle"/>
    <property name="java.class.version" value="52.0"/>
  </properties>
  <testcase name="testConnectionInTimeout" classname="org.apache.commons.dbcp2.managed.TestConnectionWithNarayana" time="7.965">
    <system-out><![CDATA[12:04:03,896 WARN  [arjuna] ARJUNA012117: TransactionReaper::check processing TX 0:ffffc0a83801:e3fb:670a3b82:8 in state  RUN
12:04:03,899 WARN  [arjuna] ARJUNA012095: Abort of action id 0:ffffc0a83801:e3fb:670a3b82:8 invoked while multiple threads active within it.
12:04:03,902 WARN  [arjuna] ARJUNA012381: Action id 0:ffffc0a83801:e3fb:670a3b82:8 completed with multiple threads - thread main was in progress with java.lang.Object.<init>(Object.java:37)
org.apache.commons.dbcp2.AbandonedTrace.<init>(AbandonedTrace.java:65)
org.apache.commons.dbcp2.DelegatingStatement.<init>(DelegatingStatement.java:58)
org.apache.commons.dbcp2.DelegatingPreparedStatement.<init>(DelegatingPreparedStatement.java:65)
org.apache.commons.dbcp2.DelegatingConnection.prepareStatement(DelegatingConnection.java:713)
org.apache.commons.dbcp2.DelegatingConnection.prepareStatement(DelegatingConnection.java:713)
org.apache.commons.dbcp2.managed.TestConnectionWithNarayana.testConnectionInTimeout(TestConnectionWithNarayana.java:153)
sun.reflect.NativeMethodAccessorImpl.invoke0(Native Method)
sun.reflect.NativeMethodAccessorImpl.invoke(NativeMethodAccessorImpl.java:62)
sun.reflect.DelegatingMethodAccessorImpl.invoke(DelegatingMethodAccessorImpl.java:43)
java.lang.reflect.Method.invoke(Method.java:498)
org.junit.platform.commons.util.ReflectionUtils.invokeMethod(ReflectionUtils.java:728)
org.junit.jupiter.engine.execution.MethodInvocation.proceed(MethodInvocation.java:60)
org.junit.jupiter.engine.execution.InvocationInterceptorChain$ValidatingInvocation.proceed(InvocationInterceptorChain.java:131)
org.junit.jupiter.engine.extension.TimeoutExtension.intercept(TimeoutExtension.java:156)
org.junit.jupiter.engine.extension.TimeoutExtension.interceptTestableMethod(TimeoutExtension.java:147)
org.junit.jupiter.engine.extension.TimeoutExtension.interceptTestMethod(TimeoutExtension.java:86)
org.junit.jupiter.engine.descriptor.TestMethodTestDescriptor$$Lambda$148/334099170.apply(Unknown Source)
org.junit.jupiter.engine.execution.InterceptingExecutableInvoker$ReflectiveInterceptorCall.lambda$ofVoidMethod$0(InterceptingExecutableInvoker.java:103)
org.junit.jupiter.engine.execution.InterceptingExecutableInvoker$ReflectiveInterceptorCall$$Lambda$149/109065770.apply(Unknown Source)
org.junit.jupiter.engine.execution.InterceptingExecutableInvoker.lambda$invoke$0(InterceptingExecutableInvoker.java:93)
org.junit.jupiter.engine.execution.InterceptingExecutableInvoker$$Lambda$328/924067193.apply(Unknown Source)
org.junit.jupiter.engine.execution.InvocationInterceptorChain$InterceptedInvocation.proceed(InvocationInterceptorChain.java:106)
org.junit.jupiter.engine.execution.InvocationInterceptorChain.proceed(InvocationInterceptorChain.java:64)
org.junit.jupiter.engine.execution.InvocationInterceptorChain.chainAndInvoke(InvocationInterceptorChain.java:45)
org.junit.jupiter.engine.execution.InvocationInterceptorChain.invoke(InvocationInterceptorChain.java:37)
org.junit.jupiter.engine.execution.InterceptingExecutableInvoker.invoke(InterceptingExecutableInvoker.java:92)
org.junit.jupiter.engine.execution.InterceptingExecutableInvoker.invoke(InterceptingExecutableInvoker.java:86)
org.junit.jupiter.engine.descriptor.TestMethodTestDescriptor.lambda$invokeTestMethod$7(TestMethodTestDescriptor.java:218)
org.junit.jupiter.engine.descriptor.TestMethodTestDescriptor$$Lambda$359/285646508.execute(Unknown Source)
org.junit.platform.engine.support.hierarchical.ThrowableCollector.execute(ThrowableCollector.java:73)
org.junit.jupiter.engine.descriptor.TestMethodTestDescriptor.invokeTestMethod(TestMethodTestDescriptor.java:214)
org.junit.jupiter.engine.descriptor.TestMethodTestDescriptor.execute(TestMethodTestDescriptor.java:139)
org.junit.jupiter.engine.descriptor.TestMethodTestDescriptor.execute(TestMethodTestDescriptor.java:69)
org.junit.platform.engine.support.hierarchical.NodeTestTask.lambda$executeRecursively$6(NodeTestTask.java:151)
org.junit.platform.engine.support.hierarchical.NodeTestTask$$Lambda$252/848419266.execute(Unknown Source)
org.junit.platform.engine.support.hierarchical.ThrowableCollector.execute(ThrowableCollector.java:73)
org.junit.platform.engine.support.hierarchical.NodeTestTask.lambda$executeRecursively$8(NodeTestTask.java:141)
org.junit.platform.engine.support.hierarchical.NodeTestTask$$Lambda$251/1081819622.invoke(Unknown Source)
org.junit.platform.engine.support.hierarchical.Node.around(Node.java:137)
org.junit.platform.engine.support.hierarchical.NodeTestTask.lambda$executeRecursively$9(NodeTestTask.java:139)
org.junit.platform.engine.support.hierarchical.NodeTestTask$$Lambda$250/2050277878.execute(Unknown Source)
org.junit.platform.engine.support.hierarchical.ThrowableCollector.execute(ThrowableCollector.java:73)
org.junit.platform.engine.support.hierarchical.NodeTestTask.executeRecursively(NodeTestTask.java:138)
org.junit.platform.engine.support.hierarchical.NodeTestTask.execute(NodeTestTask.java:95)
org.junit.platform.engine.support.hierarchical.SameThreadHierarchicalTestExecutorService$$Lambda$256/568564610.accept(Unknown Source)
java.util.ArrayList.forEach(ArrayList.java:1257)
org.junit.platform.engine.support.hierarchical.SameThreadHierarchicalTestExecutorService.invokeAll(SameThreadHierarchicalTestExecutorService.java:41)
org.junit.platform.engine.support.hierarchical.NodeTestTask.lambda$executeRecursively$6(NodeTestTask.java:155)
org.junit.platform.engine.support.hierarchical.NodeTestTask$$Lambda$252/848419266.execute(Unknown Source)
org.junit.platform.engine.support.hierarchical.ThrowableCollector.execute(ThrowableCollector.java:73)
org.junit.platform.engine.support.hierarchical.NodeTestTask.lambda$executeRecursively$8(NodeTestTask.java:141)
org.junit.platform.engine.support.hierarchical.NodeTestTask$$Lambda$251/1081819622.invoke(Unknown Source)
org.junit.platform.engine.support.hierarchical.Node.around(Node.java:137)
org.junit.platform.engine.support.hierarchical.NodeTestTask.lambda$executeRecursively$9(NodeTestTask.java:139)
org.junit.platform.engine.support.hierarchical.NodeTestTask$$Lambda$250/2050277878.execute(Unknown Source)
org.junit.platform.engine.support.hierarchical.ThrowableCollector.execute(ThrowableCollector.java:73)
org.junit.platform.engine.support.hierarchical.NodeTestTask.executeRecursively(NodeTestTask.java:138)
org.junit.platform.engine.support.hierarchical.NodeTestTask.execute(NodeTestTask.java:95)
org.junit.platform.engine.support.hierarchical.SameThreadHierarchicalTestExecutorService$$Lambda$256/568564610.accept(Unknown Source)
java.util.ArrayList.forEach(ArrayList.java:1257)
org.junit.platform.engine.support.hierarchical.SameThreadHierarchicalTestExecutorService.invokeAll(SameThreadHierarchicalTestExecutorService.java:41)
org.junit.platform.engine.support.hierarchical.NodeTestTask.lambda$executeRecursively$6(NodeTestTask.java:155)
org.junit.platform.engine.support.hierarchical.NodeTestTask$$Lambda$252/848419266.execute(Unknown Source)
org.junit.platform.engine.support.hierarchical.ThrowableCollector.execute(ThrowableCollector.java:73)
org.junit.platform.engine.support.hierarchical.NodeTestTask.lambda$executeRecursively$8(NodeTestTask.java:141)
org.junit.platform.engine.support.hierarchical.NodeTestTask$$Lambda$251/1081819622.invoke(Unknown Source)
org.junit.platform.engine.support.hierarchical.Node.around(Node.java:137)
org.junit.platform.engine.support.hierarchical.NodeTestTask.lambda$executeRecursively$9(NodeTestTask.java:139)
org.junit.platform.engine.support.hierarchical.NodeTestTask$$Lambda$250/2050277878.execute(Unknown Source)
org.junit.platform.engine.support.hierarchical.ThrowableCollector.execute(ThrowableCollector.java:73)
org.junit.platform.engine.support.hierarchical.NodeTestTask.executeRecursively(NodeTestTask.java:138)
org.junit.platform.engine.support.hierarchical.NodeTestTask.execute(NodeTestTask.java:95)
org.junit.platform.engine.support.hierarchical.SameThreadHierarchicalTestExecutorService.submit(SameThreadHierarchicalTestExecutorService.java:35)
org.junit.platform.engine.support.hierarchical.HierarchicalTestExecutor.execute(HierarchicalTestExecutor.java:57)
org.junit.platform.engine.support.hierarchical.HierarchicalTestEngine.execute(HierarchicalTestEngine.java:54)
org.junit.platform.launcher.core.EngineExecutionOrchestrator.execute(EngineExecutionOrchestrator.java:198)
org.junit.platform.launcher.core.EngineExecutionOrchestrator.execute(EngineExecutionOrchestrator.java:169)
org.junit.platform.launcher.core.EngineExecutionOrchestrator.execute(EngineExecutionOrchestrator.java:93)
org.junit.platform.launcher.core.EngineExecutionOrchestrator.lambda$execute$0(EngineExecutionOrchestrator.java:58)
org.junit.platform.launcher.core.EngineExecutionOrchestrator$$Lambda$202/1120917396.accept(Unknown Source)
org.junit.platform.launcher.core.EngineExecutionOrchestrator.withInterceptedStreams(EngineExecutionOrchestrator.java:141)
org.junit.platform.launcher.core.EngineExecutionOrchestrator.execute(EngineExecutionOrchestrator.java:57)
org.junit.platform.launcher.core.DefaultLauncher.execute(DefaultLauncher.java:103)
org.junit.platform.launcher.core.DefaultLauncher.execute(DefaultLauncher.java:85)
org.junit.platform.launcher.core.DelegatingLauncher.execute(DelegatingLauncher.java:47)
org.apache.maven.surefire.junitplatform.LazyLauncher.execute(LazyLauncher.java:56)
org.apache.maven.surefire.junitplatform.JUnitPlatformProvider.execute(JUnitPlatformProvider.java:184)
org.apache.maven.surefire.junitplatform.JUnitPlatformProvider.invokeAllTests(JUnitPlatformProvider.java:148)
org.apache.maven.surefire.junitplatform.JUnitPlatformProvider.invoke(JUnitPlatformProvider.java:122)
org.apache.maven.surefire.booter.ForkedBooter.runSuitesInProcess(ForkedBooter.java:385)
org.apache.maven.surefire.booter.ForkedBooter.execute(ForkedBooter.java:162)
org.apache.maven.surefire.booter.ForkedBooter.run(ForkedBooter.java:507)
org.apache.maven.surefire.booter.ForkedBooter.main(ForkedBooter.java:495)

12:04:03,904 WARN  [arjuna] ARJUNA012108: CheckedAction::check - atomic action 0:ffffc0a83801:e3fb:670a3b82:8 aborting with 1 threads active!
12:04:03,908 WARN  [arjuna] ARJUNA012077: Abort called on already aborted atomic action 0:ffffc0a83801:e3fb:670a3b82:8
12:04:03,957 WARN  [arjuna] ARJUNA012121: TransactionReaper::doCancellations worker Thread[Transaction Reaper Worker 0,5,main] successfully canceled TX 0:ffffc0a83801:e3fb:670a3b82:8
12:04:05,264 WARN  [arjuna] ARJUNA012117: TransactionReaper::check processing TX 0:ffffc0a83801:e3fb:670a3b82:12420 in state  RUN
12:04:05,277 WARN  [arjuna] ARJUNA012095: Abort of action id 0:ffffc0a83801:e3fb:670a3b82:12420 invoked while multiple threads active within it.
12:04:05,280 WARN  [arjuna] ARJUNA012381: Action id 0:ffffc0a83801:e3fb:670a3b82:12420 completed with multiple threads - thread main was in progress with org.apache.commons.dbcp2.AbandonedTrace.addTrace(AbandonedTrace.java:79)
org.apache.commons.dbcp2.AbandonedTrace.add(AbandonedTrace.java:42)
org.apache.commons.dbcp2.AbandonedTrace.init(AbandonedTrace.java:161)
org.apache.commons.dbcp2.AbandonedTrace.<init>(AbandonedTrace.java:66)
org.apache.commons.dbcp2.DelegatingResultSet.<init>(DelegatingResultSet.java:129)
org.apache.commons.dbcp2.DelegatingResultSet.wrapResultSet(DelegatingResultSet.java:86)
org.apache.commons.dbcp2.DelegatingPreparedStatement.executeQuery(DelegatingPreparedStatement.java:123)
org.apache.commons.dbcp2.DelegatingPreparedStatement.executeQuery(DelegatingPreparedStatement.java:123)
org.apache.commons.dbcp2.managed.TestConnectionWithNarayana.testConnectionInTimeout(TestConnectionWithNarayana.java:153)
sun.reflect.NativeMethodAccessorImpl.invoke0(Native Method)
sun.reflect.NativeMethodAccessorImpl.invoke(NativeMethodAccessorImpl.java:62)
sun.reflect.DelegatingMethodAccessorImpl.invoke(DelegatingMethodAccessorImpl.java:43)
java.lang.reflect.Method.invoke(Method.java:498)
org.junit.platform.commons.util.ReflectionUtils.invokeMethod(ReflectionUtils.java:728)
org.junit.jupiter.engine.execution.MethodInvocation.proceed(MethodInvocation.java:60)
org.junit.jupiter.engine.execution.InvocationInterceptorChain$ValidatingInvocation.proceed(InvocationInterceptorChain.java:131)
org.junit.jupiter.engine.extension.TimeoutExtension.intercept(TimeoutExtension.java:156)
org.junit.jupiter.engine.extension.TimeoutExtension.interceptTestableMethod(TimeoutExtension.java:147)
org.junit.jupiter.engine.extension.TimeoutExtension.interceptTestMethod(TimeoutExtension.java:86)
org.junit.jupiter.engine.descriptor.TestMethodTestDescriptor$$Lambda$148/334099170.apply(Unknown Source)
org.junit.jupiter.engine.execution.InterceptingExecutableInvoker$ReflectiveInterceptorCall.lambda$ofVoidMethod$0(InterceptingExecutableInvoker.java:103)
org.junit.jupiter.engine.execution.InterceptingExecutableInvoker$ReflectiveInterceptorCall$$Lambda$149/109065770.apply(Unknown Source)
org.junit.jupiter.engine.execution.InterceptingExecutableInvoker.lambda$invoke$0(InterceptingExecutableInvoker.java:93)
org.junit.jupiter.engine.execution.InterceptingExecutableInvoker$$Lambda$328/924067193.apply(Unknown Source)
org.junit.jupiter.engine.execution.InvocationInterceptorChain$InterceptedInvocation.proceed(InvocationInterceptorChain.java:106)
org.junit.jupiter.engine.execution.InvocationInterceptorChain.proceed(InvocationInterceptorChain.java:64)
org.junit.jupiter.engine.execution.InvocationInterceptorChain.chainAndInvoke(InvocationInterceptorChain.java:45)
org.junit.jupiter.engine.execution.InvocationInterceptorChain.invoke(InvocationInterceptorChain.java:37)
org.junit.jupiter.engine.execution.InterceptingExecutableInvoker.invoke(InterceptingExecutableInvoker.java:92)
org.junit.jupiter.engine.execution.InterceptingExecutableInvoker.invoke(InterceptingExecutableInvoker.java:86)
org.junit.jupiter.engine.descriptor.TestMethodTestDescriptor.lambda$invokeTestMethod$7(TestMethodTestDescriptor.java:218)
org.junit.jupiter.engine.descriptor.TestMethodTestDescriptor$$Lambda$359/285646508.execute(Unknown Source)
org.junit.platform.engine.support.hierarchical.ThrowableCollector.execute(ThrowableCollector.java:73)
org.junit.jupiter.engine.descriptor.TestMethodTestDescriptor.invokeTestMethod(TestMethodTestDescriptor.java:214)
org.junit.jupiter.engine.descriptor.TestMethodTestDescriptor.execute(TestMethodTestDescriptor.java:139)
org.junit.jupiter.engine.descriptor.TestMethodTestDescriptor.execute(TestMethodTestDescriptor.java:69)
org.junit.platform.engine.support.hierarchical.NodeTestTask.lambda$executeRecursively$6(NodeTestTask.java:151)
org.junit.platform.engine.support.hierarchical.NodeTestTask$$Lambda$252/848419266.execute(Unknown Source)
org.junit.platform.engine.support.hierarchical.ThrowableCollector.execute(ThrowableCollector.java:73)
org.junit.platform.engine.support.hierarchical.NodeTestTask.lambda$executeRecursively$8(NodeTestTask.java:141)
org.junit.platform.engine.support.hierarchical.NodeTestTask$$Lambda$251/1081819622.invoke(Unknown Source)
org.junit.platform.engine.support.hierarchical.Node.around(Node.java:137)
org.junit.platform.engine.support.hierarchical.NodeTestTask.lambda$executeRecursively$9(NodeTestTask.java:139)
org.junit.platform.engine.support.hierarchical.NodeTestTask$$Lambda$250/2050277878.execute(Unknown Source)
org.junit.platform.engine.support.hierarchical.ThrowableCollector.execute(ThrowableCollector.java:73)
org.junit.platform.engine.support.hierarchical.NodeTestTask.executeRecursively(NodeTestTask.java:138)
org.junit.platform.engine.support.hierarchical.NodeTestTask.execute(NodeTestTask.java:95)
org.junit.platform.engine.support.hierarchical.SameThreadHierarchicalTestExecutorService$$Lambda$256/568564610.accept(Unknown Source)
java.util.ArrayList.forEach(ArrayList.java:1257)
org.junit.platform.engine.support.hierarchical.SameThreadHierarchicalTestExecutorService.invokeAll(SameThreadHierarchicalTestExecutorService.java:41)
org.junit.platform.engine.support.hierarchical.NodeTestTask.lambda$executeRecursively$6(NodeTestTask.java:155)
org.junit.platform.engine.support.hierarchical.NodeTestTask$$Lambda$252/848419266.execute(Unknown Source)
org.junit.platform.engine.support.hierarchical.ThrowableCollector.execute(ThrowableCollector.java:73)
org.junit.platform.engine.support.hierarchical.NodeTestTask.lambda$executeRecursively$8(NodeTestTask.java:141)
org.junit.platform.engine.support.hierarchical.NodeTestTask$$Lambda$251/1081819622.invoke(Unknown Source)
org.junit.platform.engine.support.hierarchical.Node.around(Node.java:137)
org.junit.platform.engine.support.hierarchical.NodeTestTask.lambda$executeRecursively$9(NodeTestTask.java:139)
org.junit.platform.engine.support.hierarchical.NodeTestTask$$Lambda$250/2050277878.execute(Unknown Source)
org.junit.platform.engine.support.hierarchical.ThrowableCollector.execute(ThrowableCollector.java:73)
org.junit.platform.engine.support.hierarchical.NodeTestTask.executeRecursively(NodeTestTask.java:138)
org.junit.platform.engine.support.hierarchical.NodeTestTask.execute(NodeTestTask.java:95)
org.junit.platform.engine.support.hierarchical.SameThreadHierarchicalTestExecutorService$$Lambda$256/568564610.accept(Unknown Source)
java.util.ArrayList.forEach(ArrayList.java:1257)
org.junit.platform.engine.support.hierarchical.SameThreadHierarchicalTestExecutorService.invokeAll(SameThreadHierarchicalTestExecutorService.java:41)
org.junit.platform.engine.support.hierarchical.NodeTestTask.lambda$executeRecursively$6(NodeTestTask.java:155)
org.junit.platform.engine.support.hierarchical.NodeTestTask$$Lambda$252/848419266.execute(Unknown Source)
org.junit.platform.engine.support.hierarchical.ThrowableCollector.execute(ThrowableCollector.java:73)
org.junit.platform.engine.support.hierarchical.NodeTestTask.lambda$executeRecursively$8(NodeTestTask.java:141)
org.junit.platform.engine.support.hierarchical.NodeTestTask$$Lambda$251/1081819622.invoke(Unknown Source)
org.junit.platform.engine.support.hierarchical.Node.around(Node.java:137)
org.junit.platform.engine.support.hierarchical.NodeTestTask.lambda$executeRecursively$9(NodeTestTask.java:139)
org.junit.platform.engine.support.hierarchical.NodeTestTask$$Lambda$250/2050277878.execute(Unknown Source)
org.junit.platform.engine.support.hierarchical.ThrowableCollector.execute(ThrowableCollector.java:73)
org.junit.platform.engine.support.hierarchical.NodeTestTask.executeRecursively(NodeTestTask.java:138)
org.junit.platform.engine.support.hierarchical.NodeTestTask.execute(NodeTestTask.java:95)
org.junit.platform.engine.support.hierarchical.SameThreadHierarchicalTestExecutorService.submit(SameThreadHierarchicalTestExecutorService.java:35)
org.junit.platform.engine.support.hierarchical.HierarchicalTestExecutor.execute(HierarchicalTestExecutor.java:57)
org.junit.platform.engine.support.hierarchical.HierarchicalTestEngine.execute(HierarchicalTestEngine.java:54)
org.junit.platform.launcher.core.EngineExecutionOrchestrator.execute(EngineExecutionOrchestrator.java:198)
org.junit.platform.launcher.core.EngineExecutionOrchestrator.execute(EngineExecutionOrchestrator.java:169)
org.junit.platform.launcher.core.EngineExecutionOrchestrator.execute(EngineExecutionOrchestrator.java:93)
org.junit.platform.launcher.core.EngineExecutionOrchestrator.lambda$execute$0(EngineExecutionOrchestrator.java:58)
org.junit.platform.launcher.core.EngineExecutionOrchestrator$$Lambda$202/1120917396.accept(Unknown Source)
org.junit.platform.launcher.core.EngineExecutionOrchestrator.withInterceptedStreams(EngineExecutionOrchestrator.java:141)
org.junit.platform.launcher.core.EngineExecutionOrchestrator.execute(EngineExecutionOrchestrator.java:57)
org.junit.platform.launcher.core.DefaultLauncher.execute(DefaultLauncher.java:103)
org.junit.platform.launcher.core.DefaultLauncher.execute(DefaultLauncher.java:85)
org.junit.platform.launcher.core.DelegatingLauncher.execute(DelegatingLauncher.java:47)
org.apache.maven.surefire.junitplatform.LazyLauncher.execute(LazyLauncher.java:56)
org.apache.maven.surefire.junitplatform.JUnitPlatformProvider.execute(JUnitPlatformProvider.java:184)
org.apache.maven.surefire.junitplatform.JUnitPlatformProvider.invokeAllTests(JUnitPlatformProvider.java:148)
org.apache.maven.surefire.junitplatform.JUnitPlatformProvider.invoke(JUnitPlatformProvider.java:122)
org.apache.maven.surefire.booter.ForkedBooter.runSuitesInProcess(ForkedBooter.java:385)
org.apache.maven.surefire.booter.ForkedBooter.execute(ForkedBooter.java:162)
org.apache.maven.surefire.booter.ForkedBooter.run(ForkedBooter.java:507)
org.apache.maven.surefire.booter.ForkedBooter.main(ForkedBooter.java:495)

12:04:05,287 WARN  [arjuna] ARJUNA012108: CheckedAction::check - atomic action 0:ffffc0a83801:e3fb:670a3b82:12420 aborting with 1 threads active!
12:04:05,320 WARN  [arjuna] ARJUNA012077: Abort called on already aborted atomic action 0:ffffc0a83801:e3fb:670a3b82:12420
12:04:05,333 WARN  [arjuna] ARJUNA012121: TransactionReaper::doCancellations worker Thread[Transaction Reaper Worker 0,5,main] successfully canceled TX 0:ffffc0a83801:e3fb:670a3b82:12420
12:04:08,640 WARN  [arjuna] ARJUNA012117: TransactionReaper::check processing TX 0:ffffc0a83801:e3fb:670a3b82:25c6d in state  RUN
12:04:08,642 WARN  [arjuna] ARJUNA012095: Abort of action id 0:ffffc0a83801:e3fb:670a3b82:25c6d invoked while multiple threads active within it.
12:04:08,645 WARN  [arjuna] ARJUNA012381: Action id 0:ffffc0a83801:e3fb:670a3b82:25c6d completed with multiple threads - thread main was in progress with java.lang.Object.<init>(Object.java:37)
org.apache.commons.dbcp2.AbandonedTrace.<init>(AbandonedTrace.java:65)
org.apache.commons.dbcp2.DelegatingStatement.<init>(DelegatingStatement.java:58)
org.apache.commons.dbcp2.DelegatingPreparedStatement.<init>(DelegatingPreparedStatement.java:65)
org.apache.commons.dbcp2.DelegatingConnection.prepareStatement(DelegatingConnection.java:713)
org.apache.commons.dbcp2.DelegatingConnection.prepareStatement(DelegatingConnection.java:713)
org.apache.commons.dbcp2.managed.TestConnectionWithNarayana.testConnectionInTimeout(TestConnectionWithNarayana.java:153)
sun.reflect.NativeMethodAccessorImpl.invoke0(Native Method)
sun.reflect.NativeMethodAccessorImpl.invoke(NativeMethodAccessorImpl.java:62)
sun.reflect.DelegatingMethodAccessorImpl.invoke(DelegatingMethodAccessorImpl.java:43)
java.lang.reflect.Method.invoke(Method.java:498)
org.junit.platform.commons.util.ReflectionUtils.invokeMethod(ReflectionUtils.java:728)
org.junit.jupiter.engine.execution.MethodInvocation.proceed(MethodInvocation.java:60)
org.junit.jupiter.engine.execution.InvocationInterceptorChain$ValidatingInvocation.proceed(InvocationInterceptorChain.java:131)
org.junit.jupiter.engine.extension.TimeoutExtension.intercept(TimeoutExtension.java:156)
org.junit.jupiter.engine.extension.TimeoutExtension.interceptTestableMethod(TimeoutExtension.java:147)
org.junit.jupiter.engine.extension.TimeoutExtension.interceptTestMethod(TimeoutExtension.java:86)
org.junit.jupiter.engine.descriptor.TestMethodTestDescriptor$$Lambda$148/334099170.apply(Unknown Source)
org.junit.jupiter.engine.execution.InterceptingExecutableInvoker$ReflectiveInterceptorCall.lambda$ofVoidMethod$0(InterceptingExecutableInvoker.java:103)
org.junit.jupiter.engine.execution.InterceptingExecutableInvoker$ReflectiveInterceptorCall$$Lambda$149/109065770.apply(Unknown Source)
org.junit.jupiter.engine.execution.InterceptingExecutableInvoker.lambda$invoke$0(InterceptingExecutableInvoker.java:93)
org.junit.jupiter.engine.execution.InterceptingExecutableInvoker$$Lambda$328/924067193.apply(Unknown Source)
org.junit.jupiter.engine.execution.InvocationInterceptorChain$InterceptedInvocation.proceed(InvocationInterceptorChain.java:106)
org.junit.jupiter.engine.execution.InvocationInterceptorChain.proceed(InvocationInterceptorChain.java:64)
org.junit.jupiter.engine.execution.InvocationInterceptorChain.chainAndInvoke(InvocationInterceptorChain.java:45)
org.junit.jupiter.engine.execution.InvocationInterceptorChain.invoke(InvocationInterceptorChain.java:37)
org.junit.jupiter.engine.execution.InterceptingExecutableInvoker.invoke(InterceptingExecutableInvoker.java:92)
org.junit.jupiter.engine.execution.InterceptingExecutableInvoker.invoke(InterceptingExecutableInvoker.java:86)
org.junit.jupiter.engine.descriptor.TestMethodTestDescriptor.lambda$invokeTestMethod$7(TestMethodTestDescriptor.java:218)
org.junit.jupiter.engine.descriptor.TestMethodTestDescriptor$$Lambda$359/285646508.execute(Unknown Source)
org.junit.platform.engine.support.hierarchical.ThrowableCollector.execute(ThrowableCollector.java:73)
org.junit.jupiter.engine.descriptor.TestMethodTestDescriptor.invokeTestMethod(TestMethodTestDescriptor.java:214)
org.junit.jupiter.engine.descriptor.TestMethodTestDescriptor.execute(TestMethodTestDescriptor.java:139)
org.junit.jupiter.engine.descriptor.TestMethodTestDescriptor.execute(TestMethodTestDescriptor.java:69)
org.junit.platform.engine.support.hierarchical.NodeTestTask.lambda$executeRecursively$6(NodeTestTask.java:151)
org.junit.platform.engine.support.hierarchical.NodeTestTask$$Lambda$252/848419266.execute(Unknown Source)
org.junit.platform.engine.support.hierarchical.ThrowableCollector.execute(ThrowableCollector.java:73)
org.junit.platform.engine.support.hierarchical.NodeTestTask.lambda$executeRecursively$8(NodeTestTask.java:141)
org.junit.platform.engine.support.hierarchical.NodeTestTask$$Lambda$251/1081819622.invoke(Unknown Source)
org.junit.platform.engine.support.hierarchical.Node.around(Node.java:137)
org.junit.platform.engine.support.hierarchical.NodeTestTask.lambda$executeRecursively$9(NodeTestTask.java:139)
org.junit.platform.engine.support.hierarchical.NodeTestTask$$Lambda$250/2050277878.execute(Unknown Source)
org.junit.platform.engine.support.hierarchical.ThrowableCollector.execute(ThrowableCollector.java:73)
org.junit.platform.engine.support.hierarchical.NodeTestTask.executeRecursively(NodeTestTask.java:138)
org.junit.platform.engine.support.hierarchical.NodeTestTask.execute(NodeTestTask.java:95)
org.junit.platform.engine.support.hierarchical.SameThreadHierarchicalTestExecutorService$$Lambda$256/568564610.accept(Unknown Source)
java.util.ArrayList.forEach(ArrayList.java:1257)
org.junit.platform.engine.support.hierarchical.SameThreadHierarchicalTestExecutorService.invokeAll(SameThreadHierarchicalTestExecutorService.java:41)
org.junit.platform.engine.support.hierarchical.NodeTestTask.lambda$executeRecursively$6(NodeTestTask.java:155)
org.junit.platform.engine.support.hierarchical.NodeTestTask$$Lambda$252/848419266.execute(Unknown Source)
org.junit.platform.engine.support.hierarchical.ThrowableCollector.execute(ThrowableCollector.java:73)
org.junit.platform.engine.support.hierarchical.NodeTestTask.lambda$executeRecursively$8(NodeTestTask.java:141)
org.junit.platform.engine.support.hierarchical.NodeTestTask$$Lambda$251/1081819622.invoke(Unknown Source)
org.junit.platform.engine.support.hierarchical.Node.around(Node.java:137)
org.junit.platform.engine.support.hierarchical.NodeTestTask.lambda$executeRecursively$9(NodeTestTask.java:139)
org.junit.platform.engine.support.hierarchical.NodeTestTask$$Lambda$250/2050277878.execute(Unknown Source)
org.junit.platform.engine.support.hierarchical.ThrowableCollector.execute(ThrowableCollector.java:73)
org.junit.platform.engine.support.hierarchical.NodeTestTask.executeRecursively(NodeTestTask.java:138)
org.junit.platform.engine.support.hierarchical.NodeTestTask.execute(NodeTestTask.java:95)
org.junit.platform.engine.support.hierarchical.SameThreadHierarchicalTestExecutorService$$Lambda$256/568564610.accept(Unknown Source)
java.util.ArrayList.forEach(ArrayList.java:1257)
org.junit.platform.engine.support.hierarchical.SameThreadHierarchicalTestExecutorService.invokeAll(SameThreadHierarchicalTestExecutorService.java:41)
org.junit.platform.engine.support.hierarchical.NodeTestTask.lambda$executeRecursively$6(NodeTestTask.java:155)
org.junit.platform.engine.support.hierarchical.NodeTestTask$$Lambda$252/848419266.execute(Unknown Source)
org.junit.platform.engine.support.hierarchical.ThrowableCollector.execute(ThrowableCollector.java:73)
org.junit.platform.engine.support.hierarchical.NodeTestTask.lambda$executeRecursively$8(NodeTestTask.java:141)
org.junit.platform.engine.support.hierarchical.NodeTestTask$$Lambda$251/1081819622.invoke(Unknown Source)
org.junit.platform.engine.support.hierarchical.Node.around(Node.java:137)
org.junit.platform.engine.support.hierarchical.NodeTestTask.lambda$executeRecursively$9(NodeTestTask.java:139)
org.junit.platform.engine.support.hierarchical.NodeTestTask$$Lambda$250/2050277878.execute(Unknown Source)
org.junit.platform.engine.support.hierarchical.ThrowableCollector.execute(ThrowableCollector.java:73)
org.junit.platform.engine.support.hierarchical.NodeTestTask.executeRecursively(NodeTestTask.java:138)
org.junit.platform.engine.support.hierarchical.NodeTestTask.execute(NodeTestTask.java:95)
org.junit.platform.engine.support.hierarchical.SameThreadHierarchicalTestExecutorService.submit(SameThreadHierarchicalTestExecutorService.java:35)
org.junit.platform.engine.support.hierarchical.HierarchicalTestExecutor.execute(HierarchicalTestExecutor.java:57)
org.junit.platform.engine.support.hierarchical.HierarchicalTestEngine.execute(HierarchicalTestEngine.java:54)
org.junit.platform.launcher.core.EngineExecutionOrchestrator.execute(EngineExecutionOrchestrator.java:198)
org.junit.platform.launcher.core.EngineExecutionOrchestrator.execute(EngineExecutionOrchestrator.java:169)
org.junit.platform.launcher.core.EngineExecutionOrchestrator.execute(EngineExecutionOrchestrator.java:93)
org.junit.platform.launcher.core.EngineExecutionOrchestrator.lambda$execute$0(EngineExecutionOrchestrator.java:58)
org.junit.platform.launcher.core.EngineExecutionOrchestrator$$Lambda$202/1120917396.accept(Unknown Source)
org.junit.platform.launcher.core.EngineExecutionOrchestrator.withInterceptedStreams(EngineExecutionOrchestrator.java:141)
org.junit.platform.launcher.core.EngineExecutionOrchestrator.execute(EngineExecutionOrchestrator.java:57)
org.junit.platform.launcher.core.DefaultLauncher.execute(DefaultLauncher.java:103)
org.junit.platform.launcher.core.DefaultLauncher.execute(DefaultLauncher.java:85)
org.junit.platform.launcher.core.DelegatingLauncher.execute(DelegatingLauncher.java:47)
org.apache.maven.surefire.junitplatform.LazyLauncher.execute(LazyLauncher.java:56)
org.apache.maven.surefire.junitplatform.JUnitPlatformProvider.execute(JUnitPlatformProvider.java:184)
org.apache.maven.surefire.junitplatform.JUnitPlatformProvider.invokeAllTests(JUnitPlatformProvider.java:148)
org.apache.maven.surefire.junitplatform.JUnitPlatformProvider.invoke(JUnitPlatformProvider.java:122)
org.apache.maven.surefire.booter.ForkedBooter.runSuitesInProcess(ForkedBooter.java:385)
org.apache.maven.surefire.booter.ForkedBooter.execute(ForkedBooter.java:162)
org.apache.maven.surefire.booter.ForkedBooter.run(ForkedBooter.java:507)
org.apache.maven.surefire.booter.ForkedBooter.main(ForkedBooter.java:495)

12:04:08,647 WARN  [arjuna] ARJUNA012108: CheckedAction::check - atomic action 0:ffffc0a83801:e3fb:670a3b82:25c6d aborting with 1 threads active!
12:04:08,650 WARN  [arjuna] ARJUNA012077: Abort called on already aborted atomic action 0:ffffc0a83801:e3fb:670a3b82:25c6d
12:04:08,703 WARN  [arjuna] ARJUNA012121: TransactionReaper::doCancellations worker Thread[Transaction Reaper Worker 0,5,main] successfully canceled TX 0:ffffc0a83801:e3fb:670a3b82:25c6d
12:04:09,707 WARN  [arjuna] ARJUNA012117: TransactionReaper::check processing TX 0:ffffc0a83801:e3fb:670a3b82:5fbf3 in state  RUN
12:04:09,707 WARN  [arjuna] ARJUNA012095: Abort of action id 0:ffffc0a83801:e3fb:670a3b82:5fbf3 invoked while multiple threads active within it.
12:04:09,708 WARN  [arjuna] ARJUNA012381: Action id 0:ffffc0a83801:e3fb:670a3b82:5fbf3 completed with multiple threads - thread main was in progress with java.util.TreeMap.put(TreeMap.java:568)
java.util.TreeSet.add(TreeSet.java:255)
com.arjuna.ats.arjuna.coordinator.TwoPhaseCoordinator.addSynchronization(TwoPhaseCoordinator.java:179)
com.arjuna.ats.internal.jta.transaction.arjunacore.TransactionImple.registerSynchronizationImple(TransactionImple.java:387)
com.arjuna.ats.internal.jta.transaction.arjunacore.TransactionImple.registerSynchronization(TransactionImple.java:376)
org.apache.commons.dbcp2.managed.TransactionContext.addTransactionContextListener(TransactionContext.java:103)
org.apache.commons.dbcp2.managed.ManagedConnection.updateTransactionStatus(ManagedConnection.java:279)
org.apache.commons.dbcp2.managed.ManagedConnection.<init>(ManagedConnection.java:88)
org.apache.commons.dbcp2.managed.ManagedDataSource.getConnection(ManagedDataSource.java:63)
org.apache.commons.dbcp2.BasicDataSource.getConnection(BasicDataSource.java:714)
org.apache.commons.dbcp2.managed.TestConnectionWithNarayana.testConnectionInTimeout(TestConnectionWithNarayana.java:153)
sun.reflect.NativeMethodAccessorImpl.invoke0(Native Method)
sun.reflect.NativeMethodAccessorImpl.invoke(NativeMethodAccessorImpl.java:62)
sun.reflect.DelegatingMethodAccessorImpl.invoke(DelegatingMethodAccessorImpl.java:43)
java.lang.reflect.Method.invoke(Method.java:498)
org.junit.platform.commons.util.ReflectionUtils.invokeMethod(ReflectionUtils.java:728)
org.junit.jupiter.engine.execution.MethodInvocation.proceed(MethodInvocation.java:60)
org.junit.jupiter.engine.execution.InvocationInterceptorChain$ValidatingInvocation.proceed(InvocationInterceptorChain.java:131)
org.junit.jupiter.engine.extension.TimeoutExtension.intercept(TimeoutExtension.java:156)
org.junit.jupiter.engine.extension.TimeoutExtension.interceptTestableMethod(TimeoutExtension.java:147)
org.junit.jupiter.engine.extension.TimeoutExtension.interceptTestMethod(TimeoutExtension.java:86)
org.junit.jupiter.engine.descriptor.TestMethodTestDescriptor$$Lambda$148/334099170.apply(Unknown Source)
org.junit.jupiter.engine.execution.InterceptingExecutableInvoker$ReflectiveInterceptorCall.lambda$ofVoidMethod$0(InterceptingExecutableInvoker.java:103)
org.junit.jupiter.engine.execution.InterceptingExecutableInvoker$ReflectiveInterceptorCall$$Lambda$149/109065770.apply(Unknown Source)
org.junit.jupiter.engine.execution.InterceptingExecutableInvoker.lambda$invoke$0(InterceptingExecutableInvoker.java:93)
org.junit.jupiter.engine.execution.InterceptingExecutableInvoker$$Lambda$328/924067193.apply(Unknown Source)
org.junit.jupiter.engine.execution.InvocationInterceptorChain$InterceptedInvocation.proceed(InvocationInterceptorChain.java:106)
org.junit.jupiter.engine.execution.InvocationInterceptorChain.proceed(InvocationInterceptorChain.java:64)
org.junit.jupiter.engine.execution.InvocationInterceptorChain.chainAndInvoke(InvocationInterceptorChain.java:45)
org.junit.jupiter.engine.execution.InvocationInterceptorChain.invoke(InvocationInterceptorChain.java:37)
org.junit.jupiter.engine.execution.InterceptingExecutableInvoker.invoke(InterceptingExecutableInvoker.java:92)
org.junit.jupiter.engine.execution.InterceptingExecutableInvoker.invoke(InterceptingExecutableInvoker.java:86)
org.junit.jupiter.engine.descriptor.TestMethodTestDescriptor.lambda$invokeTestMethod$7(TestMethodTestDescriptor.java:218)
org.junit.jupiter.engine.descriptor.TestMethodTestDescriptor$$Lambda$359/285646508.execute(Unknown Source)
org.junit.platform.engine.support.hierarchical.ThrowableCollector.execute(ThrowableCollector.java:73)
org.junit.jupiter.engine.descriptor.TestMethodTestDescriptor.invokeTestMethod(TestMethodTestDescriptor.java:214)
org.junit.jupiter.engine.descriptor.TestMethodTestDescriptor.execute(TestMethodTestDescriptor.java:139)
org.junit.jupiter.engine.descriptor.TestMethodTestDescriptor.execute(TestMethodTestDescriptor.java:69)
org.junit.platform.engine.support.hierarchical.NodeTestTask.lambda$executeRecursively$6(NodeTestTask.java:151)
org.junit.platform.engine.support.hierarchical.NodeTestTask$$Lambda$252/848419266.execute(Unknown Source)
org.junit.platform.engine.support.hierarchical.ThrowableCollector.execute(ThrowableCollector.java:73)
org.junit.platform.engine.support.hierarchical.NodeTestTask.lambda$executeRecursively$8(NodeTestTask.java:141)
org.junit.platform.engine.support.hierarchical.NodeTestTask$$Lambda$251/1081819622.invoke(Unknown Source)
org.junit.platform.engine.support.hierarchical.Node.around(Node.java:137)
org.junit.platform.engine.support.hierarchical.NodeTestTask.lambda$executeRecursively$9(NodeTestTask.java:139)
org.junit.platform.engine.support.hierarchical.NodeTestTask$$Lambda$250/2050277878.execute(Unknown Source)
org.junit.platform.engine.support.hierarchical.ThrowableCollector.execute(ThrowableCollector.java:73)
org.junit.platform.engine.support.hierarchical.NodeTestTask.executeRecursively(NodeTestTask.java:138)
org.junit.platform.engine.support.hierarchical.NodeTestTask.execute(NodeTestTask.java:95)
org.junit.platform.engine.support.hierarchical.SameThreadHierarchicalTestExecutorService$$Lambda$256/568564610.accept(Unknown Source)
java.util.ArrayList.forEach(ArrayList.java:1257)
org.junit.platform.engine.support.hierarchical.SameThreadHierarchicalTestExecutorService.invokeAll(SameThreadHierarchicalTestExecutorService.java:41)
org.junit.platform.engine.support.hierarchical.NodeTestTask.lambda$executeRecursively$6(NodeTestTask.java:155)
org.junit.platform.engine.support.hierarchical.NodeTestTask$$Lambda$252/848419266.execute(Unknown Source)
org.junit.platform.engine.support.hierarchical.ThrowableCollector.execute(ThrowableCollector.java:73)
org.junit.platform.engine.support.hierarchical.NodeTestTask.lambda$executeRecursively$8(NodeTestTask.java:141)
org.junit.platform.engine.support.hierarchical.NodeTestTask$$Lambda$251/1081819622.invoke(Unknown Source)
org.junit.platform.engine.support.hierarchical.Node.around(Node.java:137)
org.junit.platform.engine.support.hierarchical.NodeTestTask.lambda$executeRecursively$9(NodeTestTask.java:139)
org.junit.platform.engine.support.hierarchical.NodeTestTask$$Lambda$250/2050277878.execute(Unknown Source)
org.junit.platform.engine.support.hierarchical.ThrowableCollector.execute(ThrowableCollector.java:73)
org.junit.platform.engine.support.hierarchical.NodeTestTask.executeRecursively(NodeTestTask.java:138)
org.junit.platform.engine.support.hierarchical.NodeTestTask.execute(NodeTestTask.java:95)
org.junit.platform.engine.support.hierarchical.SameThreadHierarchicalTestExecutorService$$Lambda$256/568564610.accept(Unknown Source)
java.util.ArrayList.forEach(ArrayList.java:1257)
org.junit.platform.engine.support.hierarchical.SameThreadHierarchicalTestExecutorService.invokeAll(SameThreadHierarchicalTestExecutorService.java:41)
org.junit.platform.engine.support.hierarchical.NodeTestTask.lambda$executeRecursively$6(NodeTestTask.java:155)
org.junit.platform.engine.support.hierarchical.NodeTestTask$$Lambda$252/848419266.execute(Unknown Source)
org.junit.platform.engine.support.hierarchical.ThrowableCollector.execute(ThrowableCollector.java:73)
org.junit.platform.engine.support.hierarchical.NodeTestTask.lambda$executeRecursively$8(NodeTestTask.java:141)
org.junit.platform.engine.support.hierarchical.NodeTestTask$$Lambda$251/1081819622.invoke(Unknown Source)
org.junit.platform.engine.support.hierarchical.Node.around(Node.java:137)
org.junit.platform.engine.support.hierarchical.NodeTestTask.lambda$executeRecursively$9(NodeTestTask.java:139)
org.junit.platform.engine.support.hierarchical.NodeTestTask$$Lambda$250/2050277878.execute(Unknown Source)
org.junit.platform.engine.support.hierarchical.ThrowableCollector.execute(ThrowableCollector.java:73)
org.junit.platform.engine.support.hierarchical.NodeTestTask.executeRecursively(NodeTestTask.java:138)
org.junit.platform.engine.support.hierarchical.NodeTestTask.execute(NodeTestTask.java:95)
org.junit.platform.engine.support.hierarchical.SameThreadHierarchicalTestExecutorService.submit(SameThreadHierarchicalTestExecutorService.java:35)
org.junit.platform.engine.support.hierarchical.HierarchicalTestExecutor.execute(HierarchicalTestExecutor.java:57)
org.junit.platform.engine.support.hierarchical.HierarchicalTestEngine.execute(HierarchicalTestEngine.java:54)
org.junit.platform.launcher.core.EngineExecutionOrchestrator.execute(EngineExecutionOrchestrator.java:198)
org.junit.platform.launcher.core.EngineExecutionOrchestrator.execute(EngineExecutionOrchestrator.java:169)
org.junit.platform.launcher.core.EngineExecutionOrchestrator.execute(EngineExecutionOrchestrator.java:93)
org.junit.platform.launcher.core.EngineExecutionOrchestrator.lambda$execute$0(EngineExecutionOrchestrator.java:58)
org.junit.platform.launcher.core.EngineExecutionOrchestrator$$Lambda$202/1120917396.accept(Unknown Source)
org.junit.platform.launcher.core.EngineExecutionOrchestrator.withInterceptedStreams(EngineExecutionOrchestrator.java:141)
org.junit.platform.launcher.core.EngineExecutionOrchestrator.execute(EngineExecutionOrchestrator.java:57)
org.junit.platform.launcher.core.DefaultLauncher.execute(DefaultLauncher.java:103)
org.junit.platform.launcher.core.DefaultLauncher.execute(DefaultLauncher.java:85)
org.junit.platform.launcher.core.DelegatingLauncher.execute(DelegatingLauncher.java:47)
org.apache.maven.surefire.junitplatform.LazyLauncher.execute(LazyLauncher.java:56)
org.apache.maven.surefire.junitplatform.JUnitPlatformProvider.execute(JUnitPlatformProvider.java:184)
org.apache.maven.surefire.junitplatform.JUnitPlatformProvider.invokeAllTests(JUnitPlatformProvider.java:148)
org.apache.maven.surefire.junitplatform.JUnitPlatformProvider.invoke(JUnitPlatformProvider.java:122)
org.apache.maven.surefire.booter.ForkedBooter.runSuitesInProcess(ForkedBooter.java:385)
org.apache.maven.surefire.booter.ForkedBooter.execute(ForkedBooter.java:162)
org.apache.maven.surefire.booter.ForkedBooter.run(ForkedBooter.java:507)
org.apache.maven.surefire.booter.ForkedBooter.main(ForkedBooter.java:495)

12:04:09,710 WARN  [arjuna] ARJUNA012108: CheckedAction::check - atomic action 0:ffffc0a83801:e3fb:670a3b82:5fbf3 aborting with 1 threads active!
12:04:09,711 WARN  [arjuna] ARJUNA012077: Abort called on already aborted atomic action 0:ffffc0a83801:e3fb:670a3b82:5fbf3
12:04:09,747 WARN  [arjuna] ARJUNA012121: TransactionReaper::doCancellations worker Thread[Transaction Reaper Worker 0,5,main] successfully canceled TX 0:ffffc0a83801:e3fb:670a3b82:5fbf3
12:04:10,757 WARN  [arjuna] ARJUNA012117: TransactionReaper::check processing TX 0:ffffc0a83801:e3fb:670a3b82:8eee9 in state  RUN
12:04:10,758 WARN  [arjuna] ARJUNA012095: Abort of action id 0:ffffc0a83801:e3fb:670a3b82:8eee9 invoked while multiple threads active within it.
12:04:10,759 WARN  [arjuna] ARJUNA012381: Action id 0:ffffc0a83801:e3fb:670a3b82:8eee9 completed with multiple threads - thread main was in progress with java.lang.Object.<init>(Object.java:37)
org.apache.commons.dbcp2.AbandonedTrace.<init>(AbandonedTrace.java:65)
org.apache.commons.dbcp2.DelegatingStatement.<init>(DelegatingStatement.java:58)
org.apache.commons.dbcp2.DelegatingPreparedStatement.<init>(DelegatingPreparedStatement.java:65)
org.apache.commons.dbcp2.DelegatingConnection.prepareStatement(DelegatingConnection.java:713)
org.apache.commons.dbcp2.DelegatingConnection.prepareStatement(DelegatingConnection.java:713)
org.apache.commons.dbcp2.managed.TestConnectionWithNarayana.testConnectionInTimeout(TestConnectionWithNarayana.java:153)
sun.reflect.NativeMethodAccessorImpl.invoke0(Native Method)
sun.reflect.NativeMethodAccessorImpl.invoke(NativeMethodAccessorImpl.java:62)
sun.reflect.DelegatingMethodAccessorImpl.invoke(DelegatingMethodAccessorImpl.java:43)
java.lang.reflect.Method.invoke(Method.java:498)
org.junit.platform.commons.util.ReflectionUtils.invokeMethod(ReflectionUtils.java:728)
org.junit.jupiter.engine.execution.MethodInvocation.proceed(MethodInvocation.java:60)
org.junit.jupiter.engine.execution.InvocationInterceptorChain$ValidatingInvocation.proceed(InvocationInterceptorChain.java:131)
org.junit.jupiter.engine.extension.TimeoutExtension.intercept(TimeoutExtension.java:156)
org.junit.jupiter.engine.extension.TimeoutExtension.interceptTestableMethod(TimeoutExtension.java:147)
org.junit.jupiter.engine.extension.TimeoutExtension.interceptTestMethod(TimeoutExtension.java:86)
org.junit.jupiter.engine.descriptor.TestMethodTestDescriptor$$Lambda$148/334099170.apply(Unknown Source)
org.junit.jupiter.engine.execution.InterceptingExecutableInvoker$ReflectiveInterceptorCall.lambda$ofVoidMethod$0(InterceptingExecutableInvoker.java:103)
org.junit.jupiter.engine.execution.InterceptingExecutableInvoker$ReflectiveInterceptorCall$$Lambda$149/109065770.apply(Unknown Source)
org.junit.jupiter.engine.execution.InterceptingExecutableInvoker.lambda$invoke$0(InterceptingExecutableInvoker.java:93)
org.junit.jupiter.engine.execution.InterceptingExecutableInvoker$$Lambda$328/924067193.apply(Unknown Source)
org.junit.jupiter.engine.execution.InvocationInterceptorChain$InterceptedInvocation.proceed(InvocationInterceptorChain.java:106)
org.junit.jupiter.engine.execution.InvocationInterceptorChain.proceed(InvocationInterceptorChain.java:64)
org.junit.jupiter.engine.execution.InvocationInterceptorChain.chainAndInvoke(InvocationInterceptorChain.java:45)
org.junit.jupiter.engine.execution.InvocationInterceptorChain.invoke(InvocationInterceptorChain.java:37)
org.junit.jupiter.engine.execution.InterceptingExecutableInvoker.invoke(InterceptingExecutableInvoker.java:92)
org.junit.jupiter.engine.execution.InterceptingExecutableInvoker.invoke(InterceptingExecutableInvoker.java:86)
org.junit.jupiter.engine.descriptor.TestMethodTestDescriptor.lambda$invokeTestMethod$7(TestMethodTestDescriptor.java:218)
org.junit.jupiter.engine.descriptor.TestMethodTestDescriptor$$Lambda$359/285646508.execute(Unknown Source)
org.junit.platform.engine.support.hierarchical.ThrowableCollector.execute(ThrowableCollector.java:73)
org.junit.jupiter.engine.descriptor.TestMethodTestDescriptor.invokeTestMethod(TestMethodTestDescriptor.java:214)
org.junit.jupiter.engine.descriptor.TestMethodTestDescriptor.execute(TestMethodTestDescriptor.java:139)
org.junit.jupiter.engine.descriptor.TestMethodTestDescriptor.execute(TestMethodTestDescriptor.java:69)
org.junit.platform.engine.support.hierarchical.NodeTestTask.lambda$executeRecursively$6(NodeTestTask.java:151)
org.junit.platform.engine.support.hierarchical.NodeTestTask$$Lambda$252/848419266.execute(Unknown Source)
org.junit.platform.engine.support.hierarchical.ThrowableCollector.execute(ThrowableCollector.java:73)
org.junit.platform.engine.support.hierarchical.NodeTestTask.lambda$executeRecursively$8(NodeTestTask.java:141)
org.junit.platform.engine.support.hierarchical.NodeTestTask$$Lambda$251/1081819622.invoke(Unknown Source)
org.junit.platform.engine.support.hierarchical.Node.around(Node.java:137)
org.junit.platform.engine.support.hierarchical.NodeTestTask.lambda$executeRecursively$9(NodeTestTask.java:139)
org.junit.platform.engine.support.hierarchical.NodeTestTask$$Lambda$250/2050277878.execute(Unknown Source)
org.junit.platform.engine.support.hierarchical.ThrowableCollector.execute(ThrowableCollector.java:73)
org.junit.platform.engine.support.hierarchical.NodeTestTask.executeRecursively(NodeTestTask.java:138)
org.junit.platform.engine.support.hierarchical.NodeTestTask.execute(NodeTestTask.java:95)
org.junit.platform.engine.support.hierarchical.SameThreadHierarchicalTestExecutorService$$Lambda$256/568564610.accept(Unknown Source)
java.util.ArrayList.forEach(ArrayList.java:1257)
org.junit.platform.engine.support.hierarchical.SameThreadHierarchicalTestExecutorService.invokeAll(SameThreadHierarchicalTestExecutorService.java:41)
org.junit.platform.engine.support.hierarchical.NodeTestTask.lambda$executeRecursively$6(NodeTestTask.java:155)
org.junit.platform.engine.support.hierarchical.NodeTestTask$$Lambda$252/848419266.execute(Unknown Source)
org.junit.platform.engine.support.hierarchical.ThrowableCollector.execute(ThrowableCollector.java:73)
org.junit.platform.engine.support.hierarchical.NodeTestTask.lambda$executeRecursively$8(NodeTestTask.java:141)
org.junit.platform.engine.support.hierarchical.NodeTestTask$$Lambda$251/1081819622.invoke(Unknown Source)
org.junit.platform.engine.support.hierarchical.Node.around(Node.java:137)
org.junit.platform.engine.support.hierarchical.NodeTestTask.lambda$executeRecursively$9(NodeTestTask.java:139)
org.junit.platform.engine.support.hierarchical.NodeTestTask$$Lambda$250/2050277878.execute(Unknown Source)
org.junit.platform.engine.support.hierarchical.ThrowableCollector.execute(ThrowableCollector.java:73)
org.junit.platform.engine.support.hierarchical.NodeTestTask.executeRecursively(NodeTestTask.java:138)
org.junit.platform.engine.support.hierarchical.NodeTestTask.execute(NodeTestTask.java:95)
org.junit.platform.engine.support.hierarchical.SameThreadHierarchicalTestExecutorService$$Lambda$256/568564610.accept(Unknown Source)
java.util.ArrayList.forEach(ArrayList.java:1257)
org.junit.platform.engine.support.hierarchical.SameThreadHierarchicalTestExecutorService.invokeAll(SameThreadHierarchicalTestExecutorService.java:41)
org.junit.platform.engine.support.hierarchical.NodeTestTask.lambda$executeRecursively$6(NodeTestTask.java:155)
org.junit.platform.engine.support.hierarchical.NodeTestTask$$Lambda$252/848419266.execute(Unknown Source)
org.junit.platform.engine.support.hierarchical.ThrowableCollector.execute(ThrowableCollector.java:73)
org.junit.platform.engine.support.hierarchical.NodeTestTask.lambda$executeRecursively$8(NodeTestTask.java:141)
org.junit.platform.engine.support.hierarchical.NodeTestTask$$Lambda$251/1081819622.invoke(Unknown Source)
org.junit.platform.engine.support.hierarchical.Node.around(Node.java:137)
org.junit.platform.engine.support.hierarchical.NodeTestTask.lambda$executeRecursively$9(NodeTestTask.java:139)
org.junit.platform.engine.support.hierarchical.NodeTestTask$$Lambda$250/2050277878.execute(Unknown Source)
org.junit.platform.engine.support.hierarchical.ThrowableCollector.execute(ThrowableCollector.java:73)
org.junit.platform.engine.support.hierarchical.NodeTestTask.executeRecursively(NodeTestTask.java:138)
org.junit.platform.engine.support.hierarchical.NodeTestTask.execute(NodeTestTask.java:95)
org.junit.platform.engine.support.hierarchical.SameThreadHierarchicalTestExecutorService.submit(SameThreadHierarchicalTestExecutorService.java:35)
org.junit.platform.engine.support.hierarchical.HierarchicalTestExecutor.execute(HierarchicalTestExecutor.java:57)
org.junit.platform.engine.support.hierarchical.HierarchicalTestEngine.execute(HierarchicalTestEngine.java:54)
org.junit.platform.launcher.core.EngineExecutionOrchestrator.execute(EngineExecutionOrchestrator.java:198)
org.junit.platform.launcher.core.EngineExecutionOrchestrator.execute(EngineExecutionOrchestrator.java:169)
org.junit.platform.launcher.core.EngineExecutionOrchestrator.execute(EngineExecutionOrchestrator.java:93)
org.junit.platform.launcher.core.EngineExecutionOrchestrator.lambda$execute$0(EngineExecutionOrchestrator.java:58)
org.junit.platform.launcher.core.EngineExecutionOrchestrator$$Lambda$202/1120917396.accept(Unknown Source)
org.junit.platform.launcher.core.EngineExecutionOrchestrator.withInterceptedStreams(EngineExecutionOrchestrator.java:141)
org.junit.platform.launcher.core.EngineExecutionOrchestrator.execute(EngineExecutionOrchestrator.java:57)
org.junit.platform.launcher.core.DefaultLauncher.execute(DefaultLauncher.java:103)
org.junit.platform.launcher.core.DefaultLauncher.execute(DefaultLauncher.java:85)
org.junit.platform.launcher.core.DelegatingLauncher.execute(DelegatingLauncher.java:47)
org.apache.maven.surefire.junitplatform.LazyLauncher.execute(LazyLauncher.java:56)
org.apache.maven.surefire.junitplatform.JUnitPlatformProvider.execute(JUnitPlatformProvider.java:184)
org.apache.maven.surefire.junitplatform.JUnitPlatformProvider.invokeAllTests(JUnitPlatformProvider.java:148)
org.apache.maven.surefire.junitplatform.JUnitPlatformProvider.invoke(JUnitPlatformProvider.java:122)
org.apache.maven.surefire.booter.ForkedBooter.runSuitesInProcess(ForkedBooter.java:385)
org.apache.maven.surefire.booter.ForkedBooter.execute(ForkedBooter.java:162)
org.apache.maven.surefire.booter.ForkedBooter.run(ForkedBooter.java:507)
org.apache.maven.surefire.booter.ForkedBooter.main(ForkedBooter.java:495)

12:04:10,760 WARN  [arjuna] ARJUNA012108: CheckedAction::check - atomic action 0:ffffc0a83801:e3fb:670a3b82:8eee9 aborting with 1 threads active!
12:04:10,770 WARN  [arjuna] ARJUNA012077: Abort called on already aborted atomic action 0:ffffc0a83801:e3fb:670a3b82:8eee9
12:04:10,807 WARN  [arjuna] ARJUNA012121: TransactionReaper::doCancellations worker Thread[Transaction Reaper Worker 0,5,main] successfully canceled TX 0:ffffc0a83801:e3fb:670a3b82:8eee9
]]></system-out>
  </testcase>
  <testcase name="testConnectionCommitAfterTimeout" classname="org.apache.commons.dbcp2.managed.TestConnectionWithNarayana" time="3.019">
    <system-out><![CDATA[12:04:11,820 WARN  [arjuna] ARJUNA012117: TransactionReaper::check processing TX 0:ffffc0a83801:e3fb:670a3b82:c0044 in state  RUN
12:04:11,821 WARN  [arjuna] ARJUNA012095: Abort of action id 0:ffffc0a83801:e3fb:670a3b82:c0044 invoked while multiple threads active within it.
12:04:11,822 WARN  [arjuna] ARJUNA012381: Action id 0:ffffc0a83801:e3fb:670a3b82:c0044 completed with multiple threads - thread main was in progress with java.lang.Thread.sleep(Native Method)
org.apache.commons.dbcp2.managed.TestConnectionWithNarayana.testConnectionCommitAfterTimeout(TestConnectionWithNarayana.java:113)
sun.reflect.NativeMethodAccessorImpl.invoke0(Native Method)
sun.reflect.NativeMethodAccessorImpl.invoke(NativeMethodAccessorImpl.java:62)
sun.reflect.DelegatingMethodAccessorImpl.invoke(DelegatingMethodAccessorImpl.java:43)
java.lang.reflect.Method.invoke(Method.java:498)
org.junit.platform.commons.util.ReflectionUtils.invokeMethod(ReflectionUtils.java:728)
org.junit.jupiter.engine.execution.MethodInvocation.proceed(MethodInvocation.java:60)
org.junit.jupiter.engine.execution.InvocationInterceptorChain$ValidatingInvocation.proceed(InvocationInterceptorChain.java:131)
org.junit.jupiter.engine.extension.TimeoutExtension.intercept(TimeoutExtension.java:156)
org.junit.jupiter.engine.extension.TimeoutExtension.interceptTestableMethod(TimeoutExtension.java:147)
org.junit.jupiter.engine.extension.TimeoutExtension.interceptTestMethod(TimeoutExtension.java:86)
org.junit.jupiter.engine.descriptor.TestMethodTestDescriptor$$Lambda$148/334099170.apply(Unknown Source)
org.junit.jupiter.engine.execution.InterceptingExecutableInvoker$ReflectiveInterceptorCall.lambda$ofVoidMethod$0(InterceptingExecutableInvoker.java:103)
org.junit.jupiter.engine.execution.InterceptingExecutableInvoker$ReflectiveInterceptorCall$$Lambda$149/109065770.apply(Unknown Source)
org.junit.jupiter.engine.execution.InterceptingExecutableInvoker.lambda$invoke$0(InterceptingExecutableInvoker.java:93)
org.junit.jupiter.engine.execution.InterceptingExecutableInvoker$$Lambda$328/924067193.apply(Unknown Source)
org.junit.jupiter.engine.execution.InvocationInterceptorChain$InterceptedInvocation.proceed(InvocationInterceptorChain.java:106)
org.junit.jupiter.engine.execution.InvocationInterceptorChain.proceed(InvocationInterceptorChain.java:64)
org.junit.jupiter.engine.execution.InvocationInterceptorChain.chainAndInvoke(InvocationInterceptorChain.java:45)
org.junit.jupiter.engine.execution.InvocationInterceptorChain.invoke(InvocationInterceptorChain.java:37)
org.junit.jupiter.engine.execution.InterceptingExecutableInvoker.invoke(InterceptingExecutableInvoker.java:92)
org.junit.jupiter.engine.execution.InterceptingExecutableInvoker.invoke(InterceptingExecutableInvoker.java:86)
org.junit.jupiter.engine.descriptor.TestMethodTestDescriptor.lambda$invokeTestMethod$7(TestMethodTestDescriptor.java:218)
org.junit.jupiter.engine.descriptor.TestMethodTestDescriptor$$Lambda$359/285646508.execute(Unknown Source)
org.junit.platform.engine.support.hierarchical.ThrowableCollector.execute(ThrowableCollector.java:73)
org.junit.jupiter.engine.descriptor.TestMethodTestDescriptor.invokeTestMethod(TestMethodTestDescriptor.java:214)
org.junit.jupiter.engine.descriptor.TestMethodTestDescriptor.execute(TestMethodTestDescriptor.java:139)
org.junit.jupiter.engine.descriptor.TestMethodTestDescriptor.execute(TestMethodTestDescriptor.java:69)
org.junit.platform.engine.support.hierarchical.NodeTestTask.lambda$executeRecursively$6(NodeTestTask.java:151)
org.junit.platform.engine.support.hierarchical.NodeTestTask$$Lambda$252/848419266.execute(Unknown Source)
org.junit.platform.engine.support.hierarchical.ThrowableCollector.execute(ThrowableCollector.java:73)
org.junit.platform.engine.support.hierarchical.NodeTestTask.lambda$executeRecursively$8(NodeTestTask.java:141)
org.junit.platform.engine.support.hierarchical.NodeTestTask$$Lambda$251/1081819622.invoke(Unknown Source)
org.junit.platform.engine.support.hierarchical.Node.around(Node.java:137)
org.junit.platform.engine.support.hierarchical.NodeTestTask.lambda$executeRecursively$9(NodeTestTask.java:139)
org.junit.platform.engine.support.hierarchical.NodeTestTask$$Lambda$250/2050277878.execute(Unknown Source)
org.junit.platform.engine.support.hierarchical.ThrowableCollector.execute(ThrowableCollector.java:73)
org.junit.platform.engine.support.hierarchical.NodeTestTask.executeRecursively(NodeTestTask.java:138)
org.junit.platform.engine.support.hierarchical.NodeTestTask.execute(NodeTestTask.java:95)
org.junit.platform.engine.support.hierarchical.SameThreadHierarchicalTestExecutorService$$Lambda$256/568564610.accept(Unknown Source)
java.util.ArrayList.forEach(ArrayList.java:1257)
org.junit.platform.engine.support.hierarchical.SameThreadHierarchicalTestExecutorService.invokeAll(SameThreadHierarchicalTestExecutorService.java:41)
org.junit.platform.engine.support.hierarchical.NodeTestTask.lambda$executeRecursively$6(NodeTestTask.java:155)
org.junit.platform.engine.support.hierarchical.NodeTestTask$$Lambda$252/848419266.execute(Unknown Source)
org.junit.platform.engine.support.hierarchical.ThrowableCollector.execute(ThrowableCollector.java:73)
org.junit.platform.engine.support.hierarchical.NodeTestTask.lambda$executeRecursively$8(NodeTestTask.java:141)
org.junit.platform.engine.support.hierarchical.NodeTestTask$$Lambda$251/1081819622.invoke(Unknown Source)
org.junit.platform.engine.support.hierarchical.Node.around(Node.java:137)
org.junit.platform.engine.support.hierarchical.NodeTestTask.lambda$executeRecursively$9(NodeTestTask.java:139)
org.junit.platform.engine.support.hierarchical.NodeTestTask$$Lambda$250/2050277878.execute(Unknown Source)
org.junit.platform.engine.support.hierarchical.ThrowableCollector.execute(ThrowableCollector.java:73)
org.junit.platform.engine.support.hierarchical.NodeTestTask.executeRecursively(NodeTestTask.java:138)
org.junit.platform.engine.support.hierarchical.NodeTestTask.execute(NodeTestTask.java:95)
org.junit.platform.engine.support.hierarchical.SameThreadHierarchicalTestExecutorService$$Lambda$256/568564610.accept(Unknown Source)
java.util.ArrayList.forEach(ArrayList.java:1257)
org.junit.platform.engine.support.hierarchical.SameThreadHierarchicalTestExecutorService.invokeAll(SameThreadHierarchicalTestExecutorService.java:41)
org.junit.platform.engine.support.hierarchical.NodeTestTask.lambda$executeRecursively$6(NodeTestTask.java:155)
org.junit.platform.engine.support.hierarchical.NodeTestTask$$Lambda$252/848419266.execute(Unknown Source)
org.junit.platform.engine.support.hierarchical.ThrowableCollector.execute(ThrowableCollector.java:73)
org.junit.platform.engine.support.hierarchical.NodeTestTask.lambda$executeRecursively$8(NodeTestTask.java:141)
org.junit.platform.engine.support.hierarchical.NodeTestTask$$Lambda$251/1081819622.invoke(Unknown Source)
org.junit.platform.engine.support.hierarchical.Node.around(Node.java:137)
org.junit.platform.engine.support.hierarchical.NodeTestTask.lambda$executeRecursively$9(NodeTestTask.java:139)
org.junit.platform.engine.support.hierarchical.NodeTestTask$$Lambda$250/2050277878.execute(Unknown Source)
org.junit.platform.engine.support.hierarchical.ThrowableCollector.execute(ThrowableCollector.java:73)
org.junit.platform.engine.support.hierarchical.NodeTestTask.executeRecursively(NodeTestTask.java:138)
org.junit.platform.engine.support.hierarchical.NodeTestTask.execute(NodeTestTask.java:95)
org.junit.platform.engine.support.hierarchical.SameThreadHierarchicalTestExecutorService.submit(SameThreadHierarchicalTestExecutorService.java:35)
org.junit.platform.engine.support.hierarchical.HierarchicalTestExecutor.execute(HierarchicalTestExecutor.java:57)
org.junit.platform.engine.support.hierarchical.HierarchicalTestEngine.execute(HierarchicalTestEngine.java:54)
org.junit.platform.launcher.core.EngineExecutionOrchestrator.execute(EngineExecutionOrchestrator.java:198)
org.junit.platform.launcher.core.EngineExecutionOrchestrator.execute(EngineExecutionOrchestrator.java:169)
org.junit.platform.launcher.core.EngineExecutionOrchestrator.execute(EngineExecutionOrchestrator.java:93)
org.junit.platform.launcher.core.EngineExecutionOrchestrator.lambda$execute$0(EngineExecutionOrchestrator.java:58)
org.junit.platform.launcher.core.EngineExecutionOrchestrator$$Lambda$202/1120917396.accept(Unknown Source)
org.junit.platform.launcher.core.EngineExecutionOrchestrator.withInterceptedStreams(EngineExecutionOrchestrator.java:141)
org.junit.platform.launcher.core.EngineExecutionOrchestrator.execute(EngineExecutionOrchestrator.java:57)
org.junit.platform.launcher.core.DefaultLauncher.execute(DefaultLauncher.java:103)
org.junit.platform.launcher.core.DefaultLauncher.execute(DefaultLauncher.java:85)
org.junit.platform.launcher.core.DelegatingLauncher.execute(DelegatingLauncher.java:47)
org.apache.maven.surefire.junitplatform.LazyLauncher.execute(LazyLauncher.java:56)
org.apache.maven.surefire.junitplatform.JUnitPlatformProvider.execute(JUnitPlatformProvider.java:184)
org.apache.maven.surefire.junitplatform.JUnitPlatformProvider.invokeAllTests(JUnitPlatformProvider.java:148)
org.apache.maven.surefire.junitplatform.JUnitPlatformProvider.invoke(JUnitPlatformProvider.java:122)
org.apache.maven.surefire.booter.ForkedBooter.runSuitesInProcess(ForkedBooter.java:385)
org.apache.maven.surefire.booter.ForkedBooter.execute(ForkedBooter.java:162)
org.apache.maven.surefire.booter.ForkedBooter.run(ForkedBooter.java:507)
org.apache.maven.surefire.booter.ForkedBooter.main(ForkedBooter.java:495)

12:04:11,823 WARN  [arjuna] ARJUNA012108: CheckedAction::check - atomic action 0:ffffc0a83801:e3fb:670a3b82:c0044 aborting with 1 threads active!
12:04:11,824 WARN  [arjuna] ARJUNA012121: TransactionReaper::doCancellations worker Thread[Transaction Reaper Worker 0,5,main] successfully canceled TX 0:ffffc0a83801:e3fb:670a3b82:c0044
12:04:13,826 WARN  [arjuna] ARJUNA012077: Abort called on already aborted atomic action 0:ffffc0a83801:e3fb:670a3b82:c0044
]]></system-out>
  </testcase>
  <testcase name="testRepeatedGetConnectionInTimeout" classname="org.apache.commons.dbcp2.managed.TestConnectionWithNarayana" time="3.051">
    <system-out><![CDATA[12:04:14,849 WARN  [arjuna] ARJUNA012117: TransactionReaper::check processing TX 0:ffffc0a83801:e3fb:670a3b82:c0049 in state  RUN
12:04:14,853 WARN  [arjuna] ARJUNA012095: Abort of action id 0:ffffc0a83801:e3fb:670a3b82:c0049 invoked while multiple threads active within it.
12:04:14,856 WARN  [arjuna] ARJUNA012381: Action id 0:ffffc0a83801:e3fb:670a3b82:c0049 completed with multiple threads - thread main was in progress with java.lang.Thread.sleep(Native Method)
org.apache.commons.dbcp2.managed.TestConnectionWithNarayana.testRepeatedGetConnectionInTimeout(TestConnectionWithNarayana.java:197)
sun.reflect.NativeMethodAccessorImpl.invoke0(Native Method)
sun.reflect.NativeMethodAccessorImpl.invoke(NativeMethodAccessorImpl.java:62)
sun.reflect.DelegatingMethodAccessorImpl.invoke(DelegatingMethodAccessorImpl.java:43)
java.lang.reflect.Method.invoke(Method.java:498)
org.junit.platform.commons.util.ReflectionUtils.invokeMethod(ReflectionUtils.java:728)
org.junit.jupiter.engine.execution.MethodInvocation.proceed(MethodInvocation.java:60)
org.junit.jupiter.engine.execution.InvocationInterceptorChain$ValidatingInvocation.proceed(InvocationInterceptorChain.java:131)
org.junit.jupiter.engine.extension.TimeoutExtension.intercept(TimeoutExtension.java:156)
org.junit.jupiter.engine.extension.TimeoutExtension.interceptTestableMethod(TimeoutExtension.java:147)
org.junit.jupiter.engine.extension.TimeoutExtension.interceptTestMethod(TimeoutExtension.java:86)
org.junit.jupiter.engine.descriptor.TestMethodTestDescriptor$$Lambda$148/334099170.apply(Unknown Source)
org.junit.jupiter.engine.execution.InterceptingExecutableInvoker$ReflectiveInterceptorCall.lambda$ofVoidMethod$0(InterceptingExecutableInvoker.java:103)
org.junit.jupiter.engine.execution.InterceptingExecutableInvoker$ReflectiveInterceptorCall$$Lambda$149/109065770.apply(Unknown Source)
org.junit.jupiter.engine.execution.InterceptingExecutableInvoker.lambda$invoke$0(InterceptingExecutableInvoker.java:93)
org.junit.jupiter.engine.execution.InterceptingExecutableInvoker$$Lambda$328/924067193.apply(Unknown Source)
org.junit.jupiter.engine.execution.InvocationInterceptorChain$InterceptedInvocation.proceed(InvocationInterceptorChain.java:106)
org.junit.jupiter.engine.execution.InvocationInterceptorChain.proceed(InvocationInterceptorChain.java:64)
org.junit.jupiter.engine.execution.InvocationInterceptorChain.chainAndInvoke(InvocationInterceptorChain.java:45)
org.junit.jupiter.engine.execution.InvocationInterceptorChain.invoke(InvocationInterceptorChain.java:37)
org.junit.jupiter.engine.execution.InterceptingExecutableInvoker.invoke(InterceptingExecutableInvoker.java:92)
org.junit.jupiter.engine.execution.InterceptingExecutableInvoker.invoke(InterceptingExecutableInvoker.java:86)
org.junit.jupiter.engine.descriptor.TestMethodTestDescriptor.lambda$invokeTestMethod$7(TestMethodTestDescriptor.java:218)
org.junit.jupiter.engine.descriptor.TestMethodTestDescriptor$$Lambda$359/285646508.execute(Unknown Source)
org.junit.platform.engine.support.hierarchical.ThrowableCollector.execute(ThrowableCollector.java:73)
org.junit.jupiter.engine.descriptor.TestMethodTestDescriptor.invokeTestMethod(TestMethodTestDescriptor.java:214)
org.junit.jupiter.engine.descriptor.TestMethodTestDescriptor.execute(TestMethodTestDescriptor.java:139)
org.junit.jupiter.engine.descriptor.TestMethodTestDescriptor.execute(TestMethodTestDescriptor.java:69)
org.junit.platform.engine.support.hierarchical.NodeTestTask.lambda$executeRecursively$6(NodeTestTask.java:151)
org.junit.platform.engine.support.hierarchical.NodeTestTask$$Lambda$252/848419266.execute(Unknown Source)
org.junit.platform.engine.support.hierarchical.ThrowableCollector.execute(ThrowableCollector.java:73)
org.junit.platform.engine.support.hierarchical.NodeTestTask.lambda$executeRecursively$8(NodeTestTask.java:141)
org.junit.platform.engine.support.hierarchical.NodeTestTask$$Lambda$251/1081819622.invoke(Unknown Source)
org.junit.platform.engine.support.hierarchical.Node.around(Node.java:137)
org.junit.platform.engine.support.hierarchical.NodeTestTask.lambda$executeRecursively$9(NodeTestTask.java:139)
org.junit.platform.engine.support.hierarchical.NodeTestTask$$Lambda$250/2050277878.execute(Unknown Source)
org.junit.platform.engine.support.hierarchical.ThrowableCollector.execute(ThrowableCollector.java:73)
org.junit.platform.engine.support.hierarchical.NodeTestTask.executeRecursively(NodeTestTask.java:138)
org.junit.platform.engine.support.hierarchical.NodeTestTask.execute(NodeTestTask.java:95)
org.junit.platform.engine.support.hierarchical.SameThreadHierarchicalTestExecutorService$$Lambda$256/568564610.accept(Unknown Source)
java.util.ArrayList.forEach(ArrayList.java:1257)
org.junit.platform.engine.support.hierarchical.SameThreadHierarchicalTestExecutorService.invokeAll(SameThreadHierarchicalTestExecutorService.java:41)
org.junit.platform.engine.support.hierarchical.NodeTestTask.lambda$executeRecursively$6(NodeTestTask.java:155)
org.junit.platform.engine.support.hierarchical.NodeTestTask$$Lambda$252/848419266.execute(Unknown Source)
org.junit.platform.engine.support.hierarchical.ThrowableCollector.execute(ThrowableCollector.java:73)
org.junit.platform.engine.support.hierarchical.NodeTestTask.lambda$executeRecursively$8(NodeTestTask.java:141)
org.junit.platform.engine.support.hierarchical.NodeTestTask$$Lambda$251/1081819622.invoke(Unknown Source)
org.junit.platform.engine.support.hierarchical.Node.around(Node.java:137)
org.junit.platform.engine.support.hierarchical.NodeTestTask.lambda$executeRecursively$9(NodeTestTask.java:139)
org.junit.platform.engine.support.hierarchical.NodeTestTask$$Lambda$250/2050277878.execute(Unknown Source)
org.junit.platform.engine.support.hierarchical.ThrowableCollector.execute(ThrowableCollector.java:73)
org.junit.platform.engine.support.hierarchical.NodeTestTask.executeRecursively(NodeTestTask.java:138)
org.junit.platform.engine.support.hierarchical.NodeTestTask.execute(NodeTestTask.java:95)
org.junit.platform.engine.support.hierarchical.SameThreadHierarchicalTestExecutorService$$Lambda$256/568564610.accept(Unknown Source)
java.util.ArrayList.forEach(ArrayList.java:1257)
org.junit.platform.engine.support.hierarchical.SameThreadHierarchicalTestExecutorService.invokeAll(SameThreadHierarchicalTestExecutorService.java:41)
org.junit.platform.engine.support.hierarchical.NodeTestTask.lambda$executeRecursively$6(NodeTestTask.java:155)
org.junit.platform.engine.support.hierarchical.NodeTestTask$$Lambda$252/848419266.execute(Unknown Source)
org.junit.platform.engine.support.hierarchical.ThrowableCollector.execute(ThrowableCollector.java:73)
org.junit.platform.engine.support.hierarchical.NodeTestTask.lambda$executeRecursively$8(NodeTestTask.java:141)
org.junit.platform.engine.support.hierarchical.NodeTestTask$$Lambda$251/1081819622.invoke(Unknown Source)
org.junit.platform.engine.support.hierarchical.Node.around(Node.java:137)
org.junit.platform.engine.support.hierarchical.NodeTestTask.lambda$executeRecursively$9(NodeTestTask.java:139)
org.junit.platform.engine.support.hierarchical.NodeTestTask$$Lambda$250/2050277878.execute(Unknown Source)
org.junit.platform.engine.support.hierarchical.ThrowableCollector.execute(ThrowableCollector.java:73)
org.junit.platform.engine.support.hierarchical.NodeTestTask.executeRecursively(NodeTestTask.java:138)
org.junit.platform.engine.support.hierarchical.NodeTestTask.execute(NodeTestTask.java:95)
org.junit.platform.engine.support.hierarchical.SameThreadHierarchicalTestExecutorService.submit(SameThreadHierarchicalTestExecutorService.java:35)
org.junit.platform.engine.support.hierarchical.HierarchicalTestExecutor.execute(HierarchicalTestExecutor.java:57)
org.junit.platform.engine.support.hierarchical.HierarchicalTestEngine.execute(HierarchicalTestEngine.java:54)
org.junit.platform.launcher.core.EngineExecutionOrchestrator.execute(EngineExecutionOrchestrator.java:198)
org.junit.platform.launcher.core.EngineExecutionOrchestrator.execute(EngineExecutionOrchestrator.java:169)
org.junit.platform.launcher.core.EngineExecutionOrchestrator.execute(EngineExecutionOrchestrator.java:93)
org.junit.platform.launcher.core.EngineExecutionOrchestrator.lambda$execute$0(EngineExecutionOrchestrator.java:58)
org.junit.platform.launcher.core.EngineExecutionOrchestrator$$Lambda$202/1120917396.accept(Unknown Source)
org.junit.platform.launcher.core.EngineExecutionOrchestrator.withInterceptedStreams(EngineExecutionOrchestrator.java:141)
org.junit.platform.launcher.core.EngineExecutionOrchestrator.execute(EngineExecutionOrchestrator.java:57)
org.junit.platform.launcher.core.DefaultLauncher.execute(DefaultLauncher.java:103)
org.junit.platform.launcher.core.DefaultLauncher.execute(DefaultLauncher.java:85)
org.junit.platform.launcher.core.DelegatingLauncher.execute(DelegatingLauncher.java:47)
org.apache.maven.surefire.junitplatform.LazyLauncher.execute(LazyLauncher.java:56)
org.apache.maven.surefire.junitplatform.JUnitPlatformProvider.execute(JUnitPlatformProvider.java:184)
org.apache.maven.surefire.junitplatform.JUnitPlatformProvider.invokeAllTests(JUnitPlatformProvider.java:148)
org.apache.maven.surefire.junitplatform.JUnitPlatformProvider.invoke(JUnitPlatformProvider.java:122)
org.apache.maven.surefire.booter.ForkedBooter.runSuitesInProcess(ForkedBooter.java:385)
org.apache.maven.surefire.booter.ForkedBooter.execute(ForkedBooter.java:162)
org.apache.maven.surefire.booter.ForkedBooter.run(ForkedBooter.java:507)
org.apache.maven.surefire.booter.ForkedBooter.main(ForkedBooter.java:495)

12:04:14,859 WARN  [arjuna] ARJUNA012108: CheckedAction::check - atomic action 0:ffffc0a83801:e3fb:670a3b82:c0049 aborting with 1 threads active!
12:04:14,860 WARN  [arjuna] ARJUNA012121: TransactionReaper::doCancellations worker Thread[Transaction Reaper Worker 0,5,main] successfully canceled TX 0:ffffc0a83801:e3fb:670a3b82:c0049
12:04:16,876 WARN  [arjuna] ARJUNA012077: Abort called on already aborted atomic action 0:ffffc0a83801:e3fb:670a3b82:c0049
]]></system-out>
  </testcase>
</testsuite>