<?xml version="1.0" encoding="UTF-8"?>
<testsuite xmlns:xsi="http://www.w3.org/2001/XMLSchema-instance" xsi:noNamespaceSchemaLocation="https://maven.apache.org/surefire/maven-surefire-plugin/xsd/surefire-test-report-3.0.xsd" version="3.0" name="org.apache.commons.dbcp2.TestDelegatingResultSet" time="0.33" tests="196" errors="0" skipped="4" failures="0">
  <properties>
    <property name="sun.desktop" value="windows"/>
    <property name="awt.toolkit" value="sun.awt.windows.WToolkit"/>
    <property name="file.encoding.pkg" value="sun.io"/>
    <property name="java.specification.version" value="1.8"/>
    <property name="sun.cpu.isalist" value="amd64"/>
    <property name="sun.jnu.encoding" value="Cp1253"/>
    <property name="java.class.path" value="C:\Users\user\Code_generation_LLMs\AutoTestLab\packages\commons-dbcp2-2.12.0-src\target\test-classes;C:\Users\user\Code_generation_LLMs\AutoTestLab\packages\commons-dbcp2-2.12.0-src\target\classes;C:\Users\user\.m2\repository\org\apache\commons\commons-pool2\2.12.0\commons-pool2-2.12.0.jar;C:\Users\user\.m2\repository\commons-logging\commons-logging\1.3.0\commons-logging-1.3.0.jar;C:\Users\user\.m2\repository\org\junit\jupiter\junit-jupiter\5.10.1\junit-jupiter-5.10.1.jar;C:\Users\user\.m2\repository\org\junit\jupiter\junit-jupiter-api\5.10.1\junit-jupiter-api-5.10.1.jar;C:\Users\user\.m2\repository\org\opentest4j\opentest4j\1.3.0\opentest4j-1.3.0.jar;C:\Users\user\.m2\repository\org\junit\platform\junit-platform-commons\1.10.1\junit-platform-commons-1.10.1.jar;C:\Users\user\.m2\repository\org\apiguardian\apiguardian-api\1.1.2\apiguardian-api-1.1.2.jar;C:\Users\user\.m2\repository\org\junit\jupiter\junit-jupiter-params\5.10.1\junit-jupiter-params-5.10.1.jar;C:\Users\user\.m2\repository\org\junit\jupiter\junit-jupiter-engine\5.10.1\junit-jupiter-engine-5.10.1.jar;C:\Users\user\.m2\repository\org\junit\platform\junit-platform-engine\1.10.1\junit-platform-engine-1.10.1.jar;C:\Users\user\.m2\repository\org\hamcrest\hamcrest\2.2\hamcrest-2.2.jar;C:\Users\user\.m2\repository\org\mockito\mockito-core\4.11.0\mockito-core-4.11.0.jar;C:\Users\user\.m2\repository\net\bytebuddy\byte-buddy\1.12.19\byte-buddy-1.12.19.jar;C:\Users\user\.m2\repository\net\bytebuddy\byte-buddy-agent\1.12.19\byte-buddy-agent-1.12.19.jar;C:\Users\user\.m2\repository\org\objenesis\objenesis\3.3\objenesis-3.3.jar;C:\Users\user\.m2\repository\org\apache\commons\commons-lang3\3.14.0\commons-lang3-3.14.0.jar;C:\Users\user\.m2\repository\jakarta\transaction\jakarta.transaction-api\1.3.3\jakarta.transaction-api-1.3.3.jar;C:\Users\user\.m2\repository\tomcat\naming-common\5.0.28\naming-common-5.0.28.jar;C:\Users\user\.m2\repository\tomcat\naming-java\5.0.28\naming-java-5.0.28.jar;C:\Users\user\.m2\repository\org\apache\geronimo\modules\geronimo-transaction\2.2.1\geronimo-transaction-2.2.1.jar;C:\Users\user\.m2\repository\org\apache\geronimo\components\geronimo-transaction\2.2.1\geronimo-transaction-2.2.1.jar;C:\Users\user\.m2\repository\org\apache\geronimo\specs\geronimo-jta_1.1_spec\1.1.1\geronimo-jta_1.1_spec-1.1.1.jar;C:\Users\user\.m2\repository\org\apache\geronimo\specs\geronimo-j2ee-connector_1.5_spec\2.0.0\geronimo-j2ee-connector_1.5_spec-2.0.0.jar;C:\Users\user\.m2\repository\org\apache\geronimo\framework\geronimo-core\2.2.1\geronimo-core-2.2.1.jar;C:\Users\user\.m2\repository\org\apache\geronimo\framework\geronimo-system\2.2.1\geronimo-system-2.2.1.jar;C:\Users\user\.m2\repository\org\apache\geronimo\framework\geronimo-cli\2.2.1\geronimo-cli-2.2.1.jar;C:\Users\user\.m2\repository\commons-cli\commons-cli\1.0\commons-cli-1.0.jar;C:\Users\user\.m2\repository\org\apache\geronimo\framework\geronimo-common\2.2.1\geronimo-common-2.2.1.jar;C:\Users\user\.m2\repository\org\apache\geronimo\framework\geronimo-crypto\2.2.1\geronimo-crypto-2.2.1.jar;C:\Users\user\.m2\repository\org\apache\geronimo\framework\geronimo-kernel\2.2.1\geronimo-kernel-2.2.1.jar;C:\Users\user\.m2\repository\asm\asm\3.1\asm-3.1.jar;C:\Users\user\.m2\repository\asm\asm-commons\3.1\asm-commons-3.1.jar;C:\Users\user\.m2\repository\cglib\cglib-nodep\2.1_3\cglib-nodep-2.1_3.jar;C:\Users\user\.m2\repository\org\apache\xbean\xbean-reflect\3.7\xbean-reflect-3.7.jar;C:\Users\user\.m2\repository\com\thoughtworks\xstream\xstream\1.3\xstream-1.3.jar;C:\Users\user\.m2\repository\xpp3\xpp3_min\1.1.4c\xpp3_min-1.1.4c.jar;C:\Users\user\.m2\repository\commons-jexl\commons-jexl\1.1\commons-jexl-1.1.jar;C:\Users\user\.m2\repository\log4j\log4j\1.2.15\log4j-1.2.15.jar;C:\Users\user\.m2\repository\org\apache\geronimo\specs\geronimo-jaxb_2.1_spec\1.0\geronimo-jaxb_2.1_spec-1.0.jar;C:\Users\user\.m2\repository\org\apache\geronimo\specs\geronimo-stax-api_1.0_spec\1.0.1\geronimo-stax-api_1.0_spec-1.0.1.jar;C:\Users\user\.m2\repository\org\apache\geronimo\framework\geronimo-management\2.2.1\geronimo-management-2.2.1.jar;C:\Users\user\.m2\repository\org\apache\geronimo\specs\geronimo-j2ee-management_1.1_spec\1.0.1\geronimo-j2ee-management_1.1_spec-1.0.1.jar;C:\Users\user\.m2\repository\org\apache\geronimo\modules\geronimo-j2ee\2.2.1\geronimo-j2ee-2.2.1.jar;C:\Users\user\.m2\repository\org\objectweb\howl\howl\1.0.1-1\howl-1.0.1-1.jar;C:\Users\user\.m2\repository\org\slf4j\slf4j-simple\2.0.12\slf4j-simple-2.0.12.jar;C:\Users\user\.m2\repository\org\slf4j\slf4j-api\2.0.12\slf4j-api-2.0.12.jar;C:\Users\user\.m2\repository\com\h2database\h2\2.2.224\h2-2.2.224.jar;C:\Users\user\.m2\repository\org\jboss\narayana\jta\narayana-jta\5.12.7.Final\narayana-jta-5.12.7.Final.jar;C:\Users\user\.m2\repository\org\jboss\spec\javax\resource\jboss-connector-api_1.7_spec\1.0.0.Final\jboss-connector-api_1.7_spec-1.0.0.Final.jar;C:\Users\user\.m2\repository\org\jboss\jboss-transaction-spi\8.0.0.Final\jboss-transaction-spi-8.0.0.Final.jar;C:\Users\user\.m2\repository\jakarta\resource\jakarta.resource-api\2.0.0\jakarta.resource-api-2.0.0.jar;C:\Users\user\.m2\repository\jakarta\annotation\jakarta.annotation-api\2.0.0\jakarta.annotation-api-2.0.0.jar;C:\Users\user\.m2\repository\org\jboss\logging\jboss-logging\3.4.3.Final\jboss-logging-3.4.3.Final.jar;"/>
    <property name="java.vm.vendor" value="Oracle Corporation"/>
    <property name="sun.arch.data.model" value="64"/>
    <property name="user.variant" value=""/>
    <property name="java.vendor.url" value="http://java.oracle.com/"/>
    <property name="user.timezone" value="Europe/Athens"/>
    <property name="java.vm.specification.version" value="1.8"/>
    <property name="os.name" value="Windows 10"/>
    <property name="user.country" value="GR"/>
    <property name="sun.java.launcher" value="SUN_STANDARD"/>
    <property name="sun.boot.library.path" value="C:\Program Files\Java\jdk1.8.0_202\jre\bin"/>
    <property name="sun.java.command" value="C:\Users\user\AppData\Local\Temp\surefire2042535869705336250\surefirebooter-20241012120333633_3.jar C:\Users\user\AppData\Local\Temp\surefire2042535869705336250 2024-10-12T12-03-32_574-jvmRun1 surefire-20241012120333633_1tmp surefire_0-20241012120333633_2tmp"/>
    <property name="surefire.test.class.path" value="C:\Users\user\Code_generation_LLMs\AutoTestLab\packages\commons-dbcp2-2.12.0-src\target\test-classes;C:\Users\user\Code_generation_LLMs\AutoTestLab\packages\commons-dbcp2-2.12.0-src\target\classes;C:\Users\user\.m2\repository\org\apache\commons\commons-pool2\2.12.0\commons-pool2-2.12.0.jar;C:\Users\user\.m2\repository\commons-logging\commons-logging\1.3.0\commons-logging-1.3.0.jar;C:\Users\user\.m2\repository\org\junit\jupiter\junit-jupiter\5.10.1\junit-jupiter-5.10.1.jar;C:\Users\user\.m2\repository\org\junit\jupiter\junit-jupiter-api\5.10.1\junit-jupiter-api-5.10.1.jar;C:\Users\user\.m2\repository\org\opentest4j\opentest4j\1.3.0\opentest4j-1.3.0.jar;C:\Users\user\.m2\repository\org\junit\platform\junit-platform-commons\1.10.1\junit-platform-commons-1.10.1.jar;C:\Users\user\.m2\repository\org\apiguardian\apiguardian-api\1.1.2\apiguardian-api-1.1.2.jar;C:\Users\user\.m2\repository\org\junit\jupiter\junit-jupiter-params\5.10.1\junit-jupiter-params-5.10.1.jar;C:\Users\user\.m2\repository\org\junit\jupiter\junit-jupiter-engine\5.10.1\junit-jupiter-engine-5.10.1.jar;C:\Users\user\.m2\repository\org\junit\platform\junit-platform-engine\1.10.1\junit-platform-engine-1.10.1.jar;C:\Users\user\.m2\repository\org\hamcrest\hamcrest\2.2\hamcrest-2.2.jar;C:\Users\user\.m2\repository\org\mockito\mockito-core\4.11.0\mockito-core-4.11.0.jar;C:\Users\user\.m2\repository\net\bytebuddy\byte-buddy\1.12.19\byte-buddy-1.12.19.jar;C:\Users\user\.m2\repository\net\bytebuddy\byte-buddy-agent\1.12.19\byte-buddy-agent-1.12.19.jar;C:\Users\user\.m2\repository\org\objenesis\objenesis\3.3\objenesis-3.3.jar;C:\Users\user\.m2\repository\org\apache\commons\commons-lang3\3.14.0\commons-lang3-3.14.0.jar;C:\Users\user\.m2\repository\jakarta\transaction\jakarta.transaction-api\1.3.3\jakarta.transaction-api-1.3.3.jar;C:\Users\user\.m2\repository\tomcat\naming-common\5.0.28\naming-common-5.0.28.jar;C:\Users\user\.m2\repository\tomcat\naming-java\5.0.28\naming-java-5.0.28.jar;C:\Users\user\.m2\repository\org\apache\geronimo\modules\geronimo-transaction\2.2.1\geronimo-transaction-2.2.1.jar;C:\Users\user\.m2\repository\org\apache\geronimo\components\geronimo-transaction\2.2.1\geronimo-transaction-2.2.1.jar;C:\Users\user\.m2\repository\org\apache\geronimo\specs\geronimo-jta_1.1_spec\1.1.1\geronimo-jta_1.1_spec-1.1.1.jar;C:\Users\user\.m2\repository\org\apache\geronimo\specs\geronimo-j2ee-connector_1.5_spec\2.0.0\geronimo-j2ee-connector_1.5_spec-2.0.0.jar;C:\Users\user\.m2\repository\org\apache\geronimo\framework\geronimo-core\2.2.1\geronimo-core-2.2.1.jar;C:\Users\user\.m2\repository\org\apache\geronimo\framework\geronimo-system\2.2.1\geronimo-system-2.2.1.jar;C:\Users\user\.m2\repository\org\apache\geronimo\framework\geronimo-cli\2.2.1\geronimo-cli-2.2.1.jar;C:\Users\user\.m2\repository\commons-cli\commons-cli\1.0\commons-cli-1.0.jar;C:\Users\user\.m2\repository\org\apache\geronimo\framework\geronimo-common\2.2.1\geronimo-common-2.2.1.jar;C:\Users\user\.m2\repository\org\apache\geronimo\framework\geronimo-crypto\2.2.1\geronimo-crypto-2.2.1.jar;C:\Users\user\.m2\repository\org\apache\geronimo\framework\geronimo-kernel\2.2.1\geronimo-kernel-2.2.1.jar;C:\Users\user\.m2\repository\asm\asm\3.1\asm-3.1.jar;C:\Users\user\.m2\repository\asm\asm-commons\3.1\asm-commons-3.1.jar;C:\Users\user\.m2\repository\cglib\cglib-nodep\2.1_3\cglib-nodep-2.1_3.jar;C:\Users\user\.m2\repository\org\apache\xbean\xbean-reflect\3.7\xbean-reflect-3.7.jar;C:\Users\user\.m2\repository\com\thoughtworks\xstream\xstream\1.3\xstream-1.3.jar;C:\Users\user\.m2\repository\xpp3\xpp3_min\1.1.4c\xpp3_min-1.1.4c.jar;C:\Users\user\.m2\repository\commons-jexl\commons-jexl\1.1\commons-jexl-1.1.jar;C:\Users\user\.m2\repository\log4j\log4j\1.2.15\log4j-1.2.15.jar;C:\Users\user\.m2\repository\org\apache\geronimo\specs\geronimo-jaxb_2.1_spec\1.0\geronimo-jaxb_2.1_spec-1.0.jar;C:\Users\user\.m2\repository\org\apache\geronimo\specs\geronimo-stax-api_1.0_spec\1.0.1\geronimo-stax-api_1.0_spec-1.0.1.jar;C:\Users\user\.m2\repository\org\apache\geronimo\framework\geronimo-management\2.2.1\geronimo-management-2.2.1.jar;C:\Users\user\.m2\repository\org\apache\geronimo\specs\geronimo-j2ee-management_1.1_spec\1.0.1\geronimo-j2ee-management_1.1_spec-1.0.1.jar;C:\Users\user\.m2\repository\org\apache\geronimo\modules\geronimo-j2ee\2.2.1\geronimo-j2ee-2.2.1.jar;C:\Users\user\.m2\repository\org\objectweb\howl\howl\1.0.1-1\howl-1.0.1-1.jar;C:\Users\user\.m2\repository\org\slf4j\slf4j-simple\2.0.12\slf4j-simple-2.0.12.jar;C:\Users\user\.m2\repository\org\slf4j\slf4j-api\2.0.12\slf4j-api-2.0.12.jar;C:\Users\user\.m2\repository\com\h2database\h2\2.2.224\h2-2.2.224.jar;C:\Users\user\.m2\repository\org\jboss\narayana\jta\narayana-jta\5.12.7.Final\narayana-jta-5.12.7.Final.jar;C:\Users\user\.m2\repository\org\jboss\spec\javax\resource\jboss-connector-api_1.7_spec\1.0.0.Final\jboss-connector-api_1.7_spec-1.0.0.Final.jar;C:\Users\user\.m2\repository\org\jboss\jboss-transaction-spi\8.0.0.Final\jboss-transaction-spi-8.0.0.Final.jar;C:\Users\user\.m2\repository\jakarta\resource\jakarta.resource-api\2.0.0\jakarta.resource-api-2.0.0.jar;C:\Users\user\.m2\repository\jakarta\annotation\jakarta.annotation-api\2.0.0\jakarta.annotation-api-2.0.0.jar;C:\Users\user\.m2\repository\org\jboss\logging\jboss-logging\3.4.3.Final\jboss-logging-3.4.3.Final.jar;"/>
    <property name="sun.cpu.endian" value="little"/>
    <property name="user.home" value="C:\Users\user"/>
    <property name="user.language" value="el"/>
    <property name="java.specification.vendor" value="Oracle Corporation"/>
    <property name="java.home" value="C:\Program Files\Java\jdk1.8.0_202\jre"/>
    <property name="basedir" value="C:\Users\user\Code_generation_LLMs\AutoTestLab\packages\commons-dbcp2-2.12.0-src"/>
    <property name="file.separator" value="\"/>
    <property name="line.separator" value="&#10;"/>
    <property name="java.vm.specification.vendor" value="Oracle Corporation"/>
    <property name="java.specification.name" value="Java Platform API Specification"/>
    <property name="java.awt.graphicsenv" value="sun.awt.Win32GraphicsEnvironment"/>
    <property name="surefire.real.class.path" value="C:\Users\user\AppData\Local\Temp\surefire2042535869705336250\surefirebooter-20241012120333633_3.jar;C:\\Users\\user\\.m2\\repository\\org\\jacoco\\org.jacoco.agent\\0.8.12\\org.jacoco.agent-0.8.12-runtime.jar"/>
    <property name="sun.boot.class.path" value="C:\Program Files\Java\jdk1.8.0_202\jre\lib\resources.jar;C:\Program Files\Java\jdk1.8.0_202\jre\lib\rt.jar;C:\Program Files\Java\jdk1.8.0_202\jre\lib\sunrsasign.jar;C:\Program Files\Java\jdk1.8.0_202\jre\lib\jsse.jar;C:\Program Files\Java\jdk1.8.0_202\jre\lib\jce.jar;C:\Program Files\Java\jdk1.8.0_202\jre\lib\charsets.jar;C:\Program Files\Java\jdk1.8.0_202\jre\lib\jfr.jar;C:\Program Files\Java\jdk1.8.0_202\jre\classes"/>
    <property name="user.script" value=""/>
    <property name="sun.management.compiler" value="HotSpot 64-Bit Tiered Compilers"/>
    <property name="java.runtime.version" value="1.8.0_202-b08"/>
    <property name="user.name" value="user"/>
    <property name="path.separator" value=";"/>
    <property name="os.version" value="10.0"/>
    <property name="java.endorsed.dirs" value="C:\Program Files\Java\jdk1.8.0_202\jre\lib\endorsed"/>
    <property name="java.runtime.name" value="Java(TM) SE Runtime Environment"/>
    <property name="file.encoding" value="Cp1253"/>
    <property name="java.vm.name" value="Java HotSpot(TM) 64-Bit Server VM"/>
    <property name="localRepository" value="C:\Users\user\.m2\repository"/>
    <property name="java.vendor.url.bug" value="http://bugreport.sun.com/bugreport/"/>
    <property name="java.io.tmpdir" value="C:\Users\user\AppData\Local\Temp\"/>
    <property name="java.version" value="1.8.0_202"/>
    <property name="user.dir" value="C:\Users\user\Code_generation_LLMs\AutoTestLab\packages\commons-dbcp2-2.12.0-src"/>
    <property name="os.arch" value="amd64"/>
    <property name="java.vm.specification.name" value="Java Virtual Machine Specification"/>
    <property name="java.awt.printerjob" value="sun.awt.windows.WPrinterJob"/>
    <property name="sun.os.patch.level" value=""/>
    <property name="java.library.path" value="C:\Program Files\Java\jdk1.8.0_202\jre\bin;C:\WINDOWS\Sun\Java\bin;C:\WINDOWS\system32;C:\WINDOWS;C:\Users\user\miniconda3\envs\myenv;C:\Users\user\miniconda3\envs\myenv\Library\mingw-w64\bin;C:\Users\user\miniconda3\envs\myenv\Library\usr\bin;C:\Users\user\miniconda3\envs\myenv\Library\bin;C:\Users\user\miniconda3\envs\myenv\Scripts;C:\Users\user\miniconda3\envs\myenv\bin;C:\Program Files\NVIDIA\CUDNN\v9.0\bin;C:\Program Files\NVIDIA GPU Computing Toolkit\CUDA\v12.3\bin;C:\Program Files\NVIDIA GPU Computing Toolkit\CUDA\v12.3\libnvvp;C:\Program Files\Common Files\Oracle\Java\javapath;C:\Program Files (x86)\Common Files\Oracle\Java\java8path;C:\Program Files (x86)\Common Files\Oracle\Java\javapath;C:\WINDOWS\system32;C:\WINDOWS;C:\WINDOWS\System32\Wbem;C:\WINDOWS\System32\WindowsPowerShell\v1.0;C:\WINDOWS\System32\OpenSSH;C:\Program Files\Intel\WiFi\bin;C:\Program Files\Common Files\Intel\WirelessCommon;c:\Program Files (x86)\Intel\Intel(R) Management Engine Components\DAL;c:\Program Files\Intel\Intel(R) Management Engine Components\DAL;C:\Users\user\Desktop\Large Scale Data Management;C:\Program Files\Vagrant\bin;C:\Program Files\Git\cmd;C:\Program Files\apache-maven-3.9.6\bin;C:\Program Files\NVIDIA Corporation\Nsight Compute 2023.3.1;C:\Program Files (x86)\NVIDIA Corporation\PhysX\Common;C:\Program Files\NVIDIA Corporation\Installer2;C:\Program Files\nodejs;C:\Users\user\defects4j\framework\bin;C:\Program Files\Java\jdk1.8.0_202\bin;C:\Strawberry\c\bin;C:\Strawberry\perl\site\bin;C:\Strawberry\perl\bin;C:\Users\user\defects4j\framework\bin;C:\Windows\System32;C:\Program Files\TortoiseSVN\bin;C:\Program Files\Java\jdk1.8.0_202\bin;C:\Users\user\miniconda3\envs\ujb;C:\Users\user\miniconda3\envs\ujb\Library\mingw-w64\bin;C:\Users\user\miniconda3\envs\ujb\Library\usr\bin;C:\Users\user\miniconda3\envs\ujb\Library\bin;C:\Users\user\miniconda3\envs\ujb\Scripts;C:\Users\user\miniconda3\envs\ujb\bin;C:\Users\user\miniconda3\condabin;C:\Program Files\NVIDIA\CUDNN\v9.0\bin;C:\Program Files\NVIDIA GPU Computing Toolkit\CUDA\v12.3\bin;C:\Program Files\NVIDIA GPU Computing Toolkit\CUDA\v12.3\libnvvp;C:\Program Files\Common Files\Oracle\Java\javapath;C:\Program Files (x86)\Common Files\Oracle\Java\java8path;C:\Program Files (x86)\Common Files\Oracle\Java\javapath;C:\WINDOWS\system32;C:\WINDOWS;C:\WINDOWS\System32\Wbem;C:\WINDOWS\System32\WindowsPowerShell\v1.0;C:\WINDOWS\System32\OpenSSH;C:\Program Files\Intel\WiFi\bin;C:\Program Files\Common Files\Intel\WirelessCommon;c:\Program Files (x86)\Intel\Intel(R) Management Engine Components\DAL;c:\Program Files\Intel\Intel(R) Management Engine Components\DAL;C:\Users;C:\Users\user\AppData\Local\Programs\Microsoft VS Code\bin;."/>
    <property name="java.vm.info" value="mixed mode"/>
    <property name="java.vendor" value="Oracle Corporation"/>
    <property name="java.vm.version" value="25.202-b08"/>
    <property name="java.ext.dirs" value="C:\Program Files\Java\jdk1.8.0_202\jre\lib\ext;C:\WINDOWS\Sun\Java\lib\ext"/>
    <property name="sun.io.unicode.encoding" value="UnicodeLittle"/>
    <property name="java.class.version" value="52.0"/>
  </properties>
  <testcase name="testGetUnicodeStreamInteger" classname="org.apache.commons.dbcp2.TestDelegatingResultSet" time="0.141"/>
  <testcase name="testGetBlobInteger" classname="org.apache.commons.dbcp2.TestDelegatingResultSet" time="0.002"/>
  <testcase name="testGetDateStringCalendar" classname="org.apache.commons.dbcp2.TestDelegatingResultSet" time="0.002"/>
  <testcase name="testGetBigDecimalInteger" classname="org.apache.commons.dbcp2.TestDelegatingResultSet" time="0.001"/>
  <testcase name="testRowUpdated" classname="org.apache.commons.dbcp2.TestDelegatingResultSet" time="0.001"/>
  <testcase name="testUpdateClobStringReader" classname="org.apache.commons.dbcp2.TestDelegatingResultSet" time="0.0"/>
  <testcase name="testGetSQLXMLInteger" classname="org.apache.commons.dbcp2.TestDelegatingResultSet" time="0.0"/>
  <testcase name="testGetBytesString" classname="org.apache.commons.dbcp2.TestDelegatingResultSet" time="0.0"/>
  <testcase name="testUpdateNClobIntegerReader" classname="org.apache.commons.dbcp2.TestDelegatingResultSet" time="0.0"/>
  <testcase name="testUpdateObjectStringObjectSQLType" classname="org.apache.commons.dbcp2.TestDelegatingResultSet" time="0.0"/>
  <testcase name="testGetObjectIntegerMap" classname="org.apache.commons.dbcp2.TestDelegatingResultSet" time="0.0"/>
  <testcase name="testUpdateBlobIntegerInputStream" classname="org.apache.commons.dbcp2.TestDelegatingResultSet" time="0.0"/>
  <testcase name="testUpdateDateIntegerSqlDate" classname="org.apache.commons.dbcp2.TestDelegatingResultSet" time="0.0"/>
  <testcase name="testUpdateRowIdStringRowId" classname="org.apache.commons.dbcp2.TestDelegatingResultSet" time="0.01"/>
  <testcase name="testUpdateTimeStringTime" classname="org.apache.commons.dbcp2.TestDelegatingResultSet" time="0.002"/>
  <testcase name="testGetTimeString" classname="org.apache.commons.dbcp2.TestDelegatingResultSet" time="0.001"/>
  <testcase name="testGetURLString" classname="org.apache.commons.dbcp2.TestDelegatingResultSet" time="0.001"/>
  <testcase name="testUpdateObjectIntegerObjectSQLTypeInteger" classname="org.apache.commons.dbcp2.TestDelegatingResultSet" time="0.001"/>
  <testcase name="testGetNCharacterStreamInteger" classname="org.apache.commons.dbcp2.TestDelegatingResultSet" time="0.001"/>
  <testcase name="testUpdateBinaryStreamIntegerInputStreamLong" classname="org.apache.commons.dbcp2.TestDelegatingResultSet" time="0.001"/>
  <testcase name="testGetNClobInteger" classname="org.apache.commons.dbcp2.TestDelegatingResultSet" time="0.0"/>
  <testcase name="testGetRowIdString" classname="org.apache.commons.dbcp2.TestDelegatingResultSet" time="0.001"/>
  <testcase name="testGetTimeIntegerCalendar" classname="org.apache.commons.dbcp2.TestDelegatingResultSet" time="0.001"/>
  <testcase name="testGetRowIdInteger" classname="org.apache.commons.dbcp2.TestDelegatingResultSet" time="0.002"/>
  <testcase name="testGetDoubleString" classname="org.apache.commons.dbcp2.TestDelegatingResultSet" time="0.0"/>
  <testcase name="testBeforeFirst" classname="org.apache.commons.dbcp2.TestDelegatingResultSet" time="0.0"/>
  <testcase name="testUpdateAsciiStreamStringInputStreamLong" classname="org.apache.commons.dbcp2.TestDelegatingResultSet" time="0.001"/>
  <testcase name="testUpdateShortStringShort" classname="org.apache.commons.dbcp2.TestDelegatingResultSet" time="0.001"/>
  <testcase name="testUpdateAsciiStreamIntegerInputStreamInteger" classname="org.apache.commons.dbcp2.TestDelegatingResultSet" time="0.001"/>
  <testcase name="testUpdateObjectIntegerObject" classname="org.apache.commons.dbcp2.TestDelegatingResultSet" time="0.001"/>
  <testcase name="testAbsolutes" classname="org.apache.commons.dbcp2.TestDelegatingResultSet" time="0.0"/>
  <testcase name="testFindColumnString" classname="org.apache.commons.dbcp2.TestDelegatingResultSet" time="0.0"/>
  <testcase name="testGetLongInteger" classname="org.apache.commons.dbcp2.TestDelegatingResultSet" time="0.001"/>
  <testcase name="testUpdateBinaryStreamStringInputStream" classname="org.apache.commons.dbcp2.TestDelegatingResultSet" time="0.001"/>
  <testcase name="testGetTimestampStringCalendar" classname="org.apache.commons.dbcp2.TestDelegatingResultSet" time="0.0"/>
  <testcase name="testUpdateDateStringSqlDate" classname="org.apache.commons.dbcp2.TestDelegatingResultSet" time="0.0"/>
  <testcase name="testUpdateClobStringClob" classname="org.apache.commons.dbcp2.TestDelegatingResultSet" time="0.001"/>
  <testcase name="testUpdateStringStringString" classname="org.apache.commons.dbcp2.TestDelegatingResultSet" time="0.001"/>
  <testcase name="testUpdateObjectStringObjectInteger" classname="org.apache.commons.dbcp2.TestDelegatingResultSet" time="0.0">
    <skipped message="public void org.apache.commons.dbcp2.TestDelegatingResultSet.testUpdateObjectStringObjectInteger() throws java.lang.Exception is @Disabled"/>
  </testcase>
  <testcase name="testUpdateTimestampIntegerTimestamp" classname="org.apache.commons.dbcp2.TestDelegatingResultSet" time="0.0"/>
  <testcase name="testUpdateCharacterStreamIntegerReader" classname="org.apache.commons.dbcp2.TestDelegatingResultSet" time="0.0"/>
  <testcase name="testUpdateRow" classname="org.apache.commons.dbcp2.TestDelegatingResultSet" time="0.001"/>
  <testcase name="testUpdateFloatStringFloat" classname="org.apache.commons.dbcp2.TestDelegatingResultSet" time="0.0"/>
  <testcase name="testClose" classname="org.apache.commons.dbcp2.TestDelegatingResultSet" time="0.0"/>
  <testcase name="testFirst" classname="org.apache.commons.dbcp2.TestDelegatingResultSet" time="0.001"/>
  <testcase name="testGetArrayString" classname="org.apache.commons.dbcp2.TestDelegatingResultSet" time="0.0"/>
  <testcase name="testLast" classname="org.apache.commons.dbcp2.TestDelegatingResultSet" time="0.001"/>
  <testcase name="testNext" classname="org.apache.commons.dbcp2.TestDelegatingResultSet" time="0.0"/>
  <testcase name="testWrap" classname="org.apache.commons.dbcp2.TestDelegatingResultSet" time="0.001"/>
  <testcase name="testUpdateBinaryStreamIntegerInputStreamInteger" classname="org.apache.commons.dbcp2.TestDelegatingResultSet" time="0.0"/>
  <testcase name="testGetStatement" classname="org.apache.commons.dbcp2.TestDelegatingResultSet" time="0.0"/>
  <testcase name="testToString" classname="org.apache.commons.dbcp2.TestDelegatingResultSet" time="0.001"/>
  <testcase name="testUpdateNClobIntegerNClob" classname="org.apache.commons.dbcp2.TestDelegatingResultSet" time="0.0"/>
  <testcase name="testRefreshRow" classname="org.apache.commons.dbcp2.TestDelegatingResultSet" time="0.0"/>
  <testcase name="testUpdateBinaryStreamIntegerInputStream" classname="org.apache.commons.dbcp2.TestDelegatingResultSet" time="0.0"/>
  <testcase name="testUpdateCharacterStreamStringReaderLong" classname="org.apache.commons.dbcp2.TestDelegatingResultSet" time="0.0"/>
  <testcase name="testUpdateBytesIntegerByteArray" classname="org.apache.commons.dbcp2.TestDelegatingResultSet" time="0.001"/>
  <testcase name="testGetDateIntegerCalendar" classname="org.apache.commons.dbcp2.TestDelegatingResultSet" time="0.001"/>
  <testcase name="testUpdateTimeIntegerTime" classname="org.apache.commons.dbcp2.TestDelegatingResultSet" time="0.0"/>
  <testcase name="testGetShortString" classname="org.apache.commons.dbcp2.TestDelegatingResultSet" time="0.001"/>
  <testcase name="testUpdateBlobStringBlob" classname="org.apache.commons.dbcp2.TestDelegatingResultSet" time="0.001"/>
  <testcase name="testUpdateObjectStringObjectSQLTypeInteger" classname="org.apache.commons.dbcp2.TestDelegatingResultSet" time="0.001"/>
  <testcase name="testGetAsciiStreamString" classname="org.apache.commons.dbcp2.TestDelegatingResultSet" time="0.0"/>
  <testcase name="testUpdateTimestampStringTimestamp" classname="org.apache.commons.dbcp2.TestDelegatingResultSet" time="0.0"/>
  <testcase name="testUpdateByteStringByte" classname="org.apache.commons.dbcp2.TestDelegatingResultSet" time="0.001"/>
  <testcase name="testGetBigDecimalStringInteger" classname="org.apache.commons.dbcp2.TestDelegatingResultSet" time="0.0">
    <skipped message="public void org.apache.commons.dbcp2.TestDelegatingResultSet.testGetBigDecimalStringInteger() throws java.lang.Exception is @Disabled"/>
  </testcase>
  <testcase name="testUpdateAsciiStreamIntegerInputStream" classname="org.apache.commons.dbcp2.TestDelegatingResultSet" time="0.0"/>
  <testcase name="testGetHoldability" classname="org.apache.commons.dbcp2.TestDelegatingResultSet" time="0.0"/>
  <testcase name="testUpdateClobIntegerReader" classname="org.apache.commons.dbcp2.TestDelegatingResultSet" time="0.001"/>
  <testcase name="testUpdateNStringStringString" classname="org.apache.commons.dbcp2.TestDelegatingResultSet" time="0.001"/>
  <testcase name="testUpdateFloatIntegerFloat" classname="org.apache.commons.dbcp2.TestDelegatingResultSet" time="0.0"/>
  <testcase name="testUpdateIntIntegerInteger" classname="org.apache.commons.dbcp2.TestDelegatingResultSet" time="0.001"/>
  <testcase name="testIsBeforeFirst" classname="org.apache.commons.dbcp2.TestDelegatingResultSet" time="0.0"/>
  <testcase name="testUpdateObjectStringObject" classname="org.apache.commons.dbcp2.TestDelegatingResultSet" time="0.001"/>
  <testcase name="testPrevious" classname="org.apache.commons.dbcp2.TestDelegatingResultSet" time="0.0"/>
  <testcase name="testUpdateNStringIntegerString" classname="org.apache.commons.dbcp2.TestDelegatingResultSet" time="0.0"/>
  <testcase name="testUpdateSQLXMLIntegerSQLXML" classname="org.apache.commons.dbcp2.TestDelegatingResultSet" time="0.002"/>
  <testcase name="testUpdateBlobIntegerBlob" classname="org.apache.commons.dbcp2.TestDelegatingResultSet" time="0.001"/>
  <testcase name="testGetRefInteger" classname="org.apache.commons.dbcp2.TestDelegatingResultSet" time="0.002"/>
  <testcase name="testSetFetchSizeInteger" classname="org.apache.commons.dbcp2.TestDelegatingResultSet" time="0.001"/>
  <testcase name="testGetType" classname="org.apache.commons.dbcp2.TestDelegatingResultSet" time="0.0"/>
  <testcase name="testGetBigDecimalString" classname="org.apache.commons.dbcp2.TestDelegatingResultSet" time="0.0"/>
  <testcase name="testGetNClobString" classname="org.apache.commons.dbcp2.TestDelegatingResultSet" time="0.001"/>
  <testcase name="testUpdateNCharacterStreamIntegerReader" classname="org.apache.commons.dbcp2.TestDelegatingResultSet" time="0.0"/>
  <testcase name="testGetRefString" classname="org.apache.commons.dbcp2.TestDelegatingResultSet" time="0.0"/>
  <testcase name="testGetConcurrency" classname="org.apache.commons.dbcp2.TestDelegatingResultSet" time="0.001"/>
  <testcase name="testUpdateNullString" classname="org.apache.commons.dbcp2.TestDelegatingResultSet" time="0.0"/>
  <testcase name="testUpdateSQLXMLStringSQLXML" classname="org.apache.commons.dbcp2.TestDelegatingResultSet" time="0.0"/>
  <testcase name="testGetBooleanString" classname="org.apache.commons.dbcp2.TestDelegatingResultSet" time="0.001"/>
  <testcase name="testGetSQLXMLString" classname="org.apache.commons.dbcp2.TestDelegatingResultSet" time="0.0"/>
  <testcase name="testUpdateBytesStringByteArray" classname="org.apache.commons.dbcp2.TestDelegatingResultSet" time="0.0"/>
  <testcase name="testUpdateBinaryStreamStringInputStreamLong" classname="org.apache.commons.dbcp2.TestDelegatingResultSet" time="0.001"/>
  <testcase name="testRowDeleted" classname="org.apache.commons.dbcp2.TestDelegatingResultSet" time="0.0"/>
  <testcase name="testGetDoubleInteger" classname="org.apache.commons.dbcp2.TestDelegatingResultSet" time="0.0"/>
  <testcase name="testGetFetchSize" classname="org.apache.commons.dbcp2.TestDelegatingResultSet" time="0.001"/>
  <testcase name="testUpdateAsciiStreamStringInputStreamInteger" classname="org.apache.commons.dbcp2.TestDelegatingResultSet" time="0.001"/>
  <testcase name="testGetStringInteger" classname="org.apache.commons.dbcp2.TestDelegatingResultSet" time="0.001"/>
  <testcase name="testGetCharacterStreamString" classname="org.apache.commons.dbcp2.TestDelegatingResultSet" time="0.001"/>
  <testcase name="testUpdateRowIdIntegerRowId" classname="org.apache.commons.dbcp2.TestDelegatingResultSet" time="0.002"/>
  <testcase name="testUpdateNCharacterStreamStringReaderLong" classname="org.apache.commons.dbcp2.TestDelegatingResultSet" time="0.001"/>
  <testcase name="testUpdateNClobStringReader" classname="org.apache.commons.dbcp2.TestDelegatingResultSet" time="0.001"/>
  <testcase name="testIsClosed" classname="org.apache.commons.dbcp2.TestDelegatingResultSet" time="0.0"/>
  <testcase name="testGetByteInteger" classname="org.apache.commons.dbcp2.TestDelegatingResultSet" time="0.0"/>
  <testcase name="testGetNStringString" classname="org.apache.commons.dbcp2.TestDelegatingResultSet" time="0.001"/>
  <testcase name="testUpdateClobIntegerReaderLong" classname="org.apache.commons.dbcp2.TestDelegatingResultSet" time="0.0"/>
  <testcase name="testUpdateDoubleStringDouble" classname="org.apache.commons.dbcp2.TestDelegatingResultSet" time="0.001"/>
  <testcase name="testGetObjectString" classname="org.apache.commons.dbcp2.TestDelegatingResultSet" time="0.0"/>
  <testcase name="testGetFetchDirection" classname="org.apache.commons.dbcp2.TestDelegatingResultSet" time="0.0"/>
  <testcase name="testUpdateNullInteger" classname="org.apache.commons.dbcp2.TestDelegatingResultSet" time="0.001"/>
  <testcase name="testSetFetchDirectionInteger" classname="org.apache.commons.dbcp2.TestDelegatingResultSet" time="0.0"/>
  <testcase name="testInsertRow" classname="org.apache.commons.dbcp2.TestDelegatingResultSet" time="0.001"/>
  <testcase name="testDeleteRow" classname="org.apache.commons.dbcp2.TestDelegatingResultSet" time="0.001"/>
  <testcase name="testUpdateObjectIntegerObjectSQLType" classname="org.apache.commons.dbcp2.TestDelegatingResultSet" time="0.0"/>
  <testcase name="testUpdateBlobIntegerInputStreamLong" classname="org.apache.commons.dbcp2.TestDelegatingResultSet" time="0.001"/>
  <testcase name="testGetBigDecimalIntegerInteger" classname="org.apache.commons.dbcp2.TestDelegatingResultSet" time="0.0">
    <skipped message="public void org.apache.commons.dbcp2.TestDelegatingResultSet.testGetBigDecimalIntegerInteger() throws java.lang.Exception is @Disabled"/>
  </testcase>
  <testcase name="testGetClobInteger" classname="org.apache.commons.dbcp2.TestDelegatingResultSet" time="0.001"/>
  <testcase name="testUpdateCharacterStreamIntegerReaderInteger" classname="org.apache.commons.dbcp2.TestDelegatingResultSet" time="0.001"/>
  <testcase name="testUpdateByteIntegerByte" classname="org.apache.commons.dbcp2.TestDelegatingResultSet" time="0.001"/>
  <testcase name="testUpdateClobStringReaderLong" classname="org.apache.commons.dbcp2.TestDelegatingResultSet" time="0.001"/>
  <testcase name="testGetUnicodeStreamString" classname="org.apache.commons.dbcp2.TestDelegatingResultSet" time="0.0"/>
  <testcase name="testUpdateNCharacterStreamIntegerReaderLong" classname="org.apache.commons.dbcp2.TestDelegatingResultSet" time="0.001"/>
  <testcase name="testGetNStringInteger" classname="org.apache.commons.dbcp2.TestDelegatingResultSet" time="0.001"/>
  <testcase name="testUpdateStringIntegerString" classname="org.apache.commons.dbcp2.TestDelegatingResultSet" time="0.0"/>
  <testcase name="testRowInserted" classname="org.apache.commons.dbcp2.TestDelegatingResultSet" time="0.001"/>
  <testcase name="testGetTimestampIntegerCalendar" classname="org.apache.commons.dbcp2.TestDelegatingResultSet" time="0.0"/>
  <testcase name="testGetFloatString" classname="org.apache.commons.dbcp2.TestDelegatingResultSet" time="0.0"/>
  <testcase name="testGetObjectInteger" classname="org.apache.commons.dbcp2.TestDelegatingResultSet" time="0.001"/>
  <testcase name="testGetShortInteger" classname="org.apache.commons.dbcp2.TestDelegatingResultSet" time="0.0"/>
  <testcase name="testGetTimestampString" classname="org.apache.commons.dbcp2.TestDelegatingResultSet" time="0.0"/>
  <testcase name="testUpdateBooleanStringBoolean" classname="org.apache.commons.dbcp2.TestDelegatingResultSet" time="0.001"/>
  <testcase name="testGetTimeStringCalendar" classname="org.apache.commons.dbcp2.TestDelegatingResultSet" time="0.001"/>
  <testcase name="testUpdateBinaryStreamStringInputStreamInteger" classname="org.apache.commons.dbcp2.TestDelegatingResultSet" time="0.0"/>
  <testcase name="testWasNull" classname="org.apache.commons.dbcp2.TestDelegatingResultSet" time="0.001"/>
  <testcase name="testUpdateAsciiStreamIntegerInputStreamLong" classname="org.apache.commons.dbcp2.TestDelegatingResultSet" time="0.0"/>
  <testcase name="testGetTimeInteger" classname="org.apache.commons.dbcp2.TestDelegatingResultSet" time="0.0"/>
  <testcase name="testUpdateBigDecimalIntegerBigDecimal" classname="org.apache.commons.dbcp2.TestDelegatingResultSet" time="0.0"/>
  <testcase name="testUpdateRefIntegerRef" classname="org.apache.commons.dbcp2.TestDelegatingResultSet" time="0.001"/>
  <testcase name="testGetIntInteger" classname="org.apache.commons.dbcp2.TestDelegatingResultSet" time="0.002"/>
  <testcase name="testGetURLInteger" classname="org.apache.commons.dbcp2.TestDelegatingResultSet" time="0.0"/>
  <testcase name="testUpdateArrayStringArray" classname="org.apache.commons.dbcp2.TestDelegatingResultSet" time="0.0"/>
  <testcase name="testUpdateBlobStringInputStreamLong" classname="org.apache.commons.dbcp2.TestDelegatingResultSet" time="0.0"/>
  <testcase name="testUpdateObjectIntegerObjectInteger" classname="org.apache.commons.dbcp2.TestDelegatingResultSet" time="0.0">
    <skipped message="public void org.apache.commons.dbcp2.TestDelegatingResultSet.testUpdateObjectIntegerObjectInteger() throws java.lang.Exception is @Disabled"/>
  </testcase>
  <testcase name="testGetLongString" classname="org.apache.commons.dbcp2.TestDelegatingResultSet" time="0.0"/>
  <testcase name="testUpdateNClobStringNClob" classname="org.apache.commons.dbcp2.TestDelegatingResultSet" time="0.001"/>
  <testcase name="testGetMetaData" classname="org.apache.commons.dbcp2.TestDelegatingResultSet" time="0.001"/>
  <testcase name="testGetFloatInteger" classname="org.apache.commons.dbcp2.TestDelegatingResultSet" time="0.0"/>
  <testcase name="testUpdateClobIntegerClob" classname="org.apache.commons.dbcp2.TestDelegatingResultSet" time="0.0"/>
  <testcase name="testGetIntString" classname="org.apache.commons.dbcp2.TestDelegatingResultSet" time="0.001"/>
  <testcase name="testUpdateIntStringInteger" classname="org.apache.commons.dbcp2.TestDelegatingResultSet" time="0.001"/>
  <testcase name="testUpdateNClobIntegerReaderLong" classname="org.apache.commons.dbcp2.TestDelegatingResultSet" time="0.001"/>
  <testcase name="testUpdateCharacterStreamIntegerReaderLong" classname="org.apache.commons.dbcp2.TestDelegatingResultSet" time="0.001"/>
  <testcase name="testUpdateArrayIntegerArray" classname="org.apache.commons.dbcp2.TestDelegatingResultSet" time="0.001"/>
  <testcase name="testUpdateLongIntegerLong" classname="org.apache.commons.dbcp2.TestDelegatingResultSet" time="0.001"/>
  <testcase name="testGetClobString" classname="org.apache.commons.dbcp2.TestDelegatingResultSet" time="0.001"/>
  <testcase name="testMoveToCurrentRow" classname="org.apache.commons.dbcp2.TestDelegatingResultSet" time="0.001"/>
  <testcase name="testUpdateLongStringLong" classname="org.apache.commons.dbcp2.TestDelegatingResultSet" time="0.001"/>
  <testcase name="testMoveToInsertRow" classname="org.apache.commons.dbcp2.TestDelegatingResultSet" time="0.0"/>
  <testcase name="testGetObjectIntegerClass" classname="org.apache.commons.dbcp2.TestDelegatingResultSet" time="0.0"/>
  <testcase name="testGetDateInteger" classname="org.apache.commons.dbcp2.TestDelegatingResultSet" time="0.0"/>
  <testcase name="testUpdateRefStringRef" classname="org.apache.commons.dbcp2.TestDelegatingResultSet" time="0.001"/>
  <testcase name="testGetAsciiStreamInteger" classname="org.apache.commons.dbcp2.TestDelegatingResultSet" time="0.001"/>
  <testcase name="testGetBlobString" classname="org.apache.commons.dbcp2.TestDelegatingResultSet" time="0.001"/>
  <testcase name="testGetRow" classname="org.apache.commons.dbcp2.TestDelegatingResultSet" time="0.001"/>
  <testcase name="testUpdateCharacterStreamStringReaderInteger" classname="org.apache.commons.dbcp2.TestDelegatingResultSet" time="0.0"/>
  <testcase name="testUpdateBooleanIntegerBoolean" classname="org.apache.commons.dbcp2.TestDelegatingResultSet" time="0.001"/>
  <testcase name="testCancelRowUpdates" classname="org.apache.commons.dbcp2.TestDelegatingResultSet" time="0.001"/>
  <testcase name="testIsLast" classname="org.apache.commons.dbcp2.TestDelegatingResultSet" time="0.001"/>
  <testcase name="testUpdateNClobStringReaderLong" classname="org.apache.commons.dbcp2.TestDelegatingResultSet" time="0.001"/>
  <testcase name="testGetBinaryStreamInteger" classname="org.apache.commons.dbcp2.TestDelegatingResultSet" time="0.001"/>
  <testcase name="testGetBytesInteger" classname="org.apache.commons.dbcp2.TestDelegatingResultSet" time="0.0"/>
  <testcase name="testGetStringString" classname="org.apache.commons.dbcp2.TestDelegatingResultSet" time="0.0"/>
  <testcase name="testIsAfterLast" classname="org.apache.commons.dbcp2.TestDelegatingResultSet" time="0.001"/>
  <testcase name="testGetCharacterStreamInteger" classname="org.apache.commons.dbcp2.TestDelegatingResultSet" time="0.001"/>
  <testcase name="testUpdateNCharacterStreamStringReader" classname="org.apache.commons.dbcp2.TestDelegatingResultSet" time="0.0"/>
  <testcase name="testGetObjectStringClass" classname="org.apache.commons.dbcp2.TestDelegatingResultSet" time="0.0"/>
  <testcase name="testUpdateBigDecimalStringBigDecimal" classname="org.apache.commons.dbcp2.TestDelegatingResultSet" time="0.001"/>
  <testcase name="testUpdateBlobStringInputStream" classname="org.apache.commons.dbcp2.TestDelegatingResultSet" time="0.0"/>
  <testcase name="testClearWarnings" classname="org.apache.commons.dbcp2.TestDelegatingResultSet" time="0.001"/>
  <testcase name="testIsFirst" classname="org.apache.commons.dbcp2.TestDelegatingResultSet" time="0.0"/>
  <testcase name="testAfterLast" classname="org.apache.commons.dbcp2.TestDelegatingResultSet" time="0.0"/>
  <testcase name="testGetCursorName" classname="org.apache.commons.dbcp2.TestDelegatingResultSet" time="0.001"/>
  <testcase name="testUpdateShortIntegerShort" classname="org.apache.commons.dbcp2.TestDelegatingResultSet" time="0.0"/>
  <testcase name="testGetObjectStringMap" classname="org.apache.commons.dbcp2.TestDelegatingResultSet" time="0.0"/>
  <testcase name="testGetNCharacterStreamString" classname="org.apache.commons.dbcp2.TestDelegatingResultSet" time="0.001"/>
  <testcase name="testAbsoluteInteger" classname="org.apache.commons.dbcp2.TestDelegatingResultSet" time="0.001"/>
  <testcase name="testUpdateCharacterStreamStringReader" classname="org.apache.commons.dbcp2.TestDelegatingResultSet" time="0.001"/>
  <testcase name="testGetBinaryStreamString" classname="org.apache.commons.dbcp2.TestDelegatingResultSet" time="0.0"/>
  <testcase name="testUpdateDoubleIntegerDouble" classname="org.apache.commons.dbcp2.TestDelegatingResultSet" time="0.0"/>
  <testcase name="testGetWarnings" classname="org.apache.commons.dbcp2.TestDelegatingResultSet" time="0.001"/>
  <testcase name="testRelativeInteger" classname="org.apache.commons.dbcp2.TestDelegatingResultSet" time="0.001"/>
  <testcase name="testGetArrayInteger" classname="org.apache.commons.dbcp2.TestDelegatingResultSet" time="0.001"/>
  <testcase name="testGetBooleanInteger" classname="org.apache.commons.dbcp2.TestDelegatingResultSet" time="0.0"/>
  <testcase name="testGetByteString" classname="org.apache.commons.dbcp2.TestDelegatingResultSet" time="0.0"/>
  <testcase name="testUpdateAsciiStreamStringInputStream" classname="org.apache.commons.dbcp2.TestDelegatingResultSet" time="0.001"/>
  <testcase name="testGetDateString" classname="org.apache.commons.dbcp2.TestDelegatingResultSet" time="0.001"/>
  <testcase name="testGetTimestampInteger" classname="org.apache.commons.dbcp2.TestDelegatingResultSet" time="0.0"/>
</testsuite>