<?xml version="1.0" encoding="UTF-8"?>
<testsuite xmlns:xsi="http://www.w3.org/2001/XMLSchema-instance" xsi:noNamespaceSchemaLocation="https://maven.apache.org/surefire/maven-surefire-plugin/xsd/surefire-test-report-3.0.xsd" version="3.0" name="org.apache.commons.dbcp2.TestDelegatingCallableStatement" time="1.595" tests="124" errors="0" skipped="0" failures="0">
  <properties>
    <property name="sun.desktop" value="windows"/>
    <property name="awt.toolkit" value="sun.awt.windows.WToolkit"/>
    <property name="file.encoding.pkg" value="sun.io"/>
    <property name="java.specification.version" value="1.8"/>
    <property name="sun.cpu.isalist" value="amd64"/>
    <property name="sun.jnu.encoding" value="Cp1253"/>
    <property name="java.class.path" value="C:\Users\user\Code_generation_LLMs\AutoTestLab\packages\commons-dbcp2-2.12.0-src\target\test-classes;C:\Users\user\Code_generation_LLMs\AutoTestLab\packages\commons-dbcp2-2.12.0-src\target\classes;C:\Users\user\.m2\repository\org\apache\commons\commons-pool2\2.12.0\commons-pool2-2.12.0.jar;C:\Users\user\.m2\repository\commons-logging\commons-logging\1.3.0\commons-logging-1.3.0.jar;C:\Users\user\.m2\repository\org\junit\jupiter\junit-jupiter\5.10.1\junit-jupiter-5.10.1.jar;C:\Users\user\.m2\repository\org\junit\jupiter\junit-jupiter-api\5.10.1\junit-jupiter-api-5.10.1.jar;C:\Users\user\.m2\repository\org\opentest4j\opentest4j\1.3.0\opentest4j-1.3.0.jar;C:\Users\user\.m2\repository\org\junit\platform\junit-platform-commons\1.10.1\junit-platform-commons-1.10.1.jar;C:\Users\user\.m2\repository\org\apiguardian\apiguardian-api\1.1.2\apiguardian-api-1.1.2.jar;C:\Users\user\.m2\repository\org\junit\jupiter\junit-jupiter-params\5.10.1\junit-jupiter-params-5.10.1.jar;C:\Users\user\.m2\repository\org\junit\jupiter\junit-jupiter-engine\5.10.1\junit-jupiter-engine-5.10.1.jar;C:\Users\user\.m2\repository\org\junit\platform\junit-platform-engine\1.10.1\junit-platform-engine-1.10.1.jar;C:\Users\user\.m2\repository\org\hamcrest\hamcrest\2.2\hamcrest-2.2.jar;C:\Users\user\.m2\repository\org\mockito\mockito-core\4.11.0\mockito-core-4.11.0.jar;C:\Users\user\.m2\repository\net\bytebuddy\byte-buddy\1.12.19\byte-buddy-1.12.19.jar;C:\Users\user\.m2\repository\net\bytebuddy\byte-buddy-agent\1.12.19\byte-buddy-agent-1.12.19.jar;C:\Users\user\.m2\repository\org\objenesis\objenesis\3.3\objenesis-3.3.jar;C:\Users\user\.m2\repository\org\apache\commons\commons-lang3\3.14.0\commons-lang3-3.14.0.jar;C:\Users\user\.m2\repository\jakarta\transaction\jakarta.transaction-api\1.3.3\jakarta.transaction-api-1.3.3.jar;C:\Users\user\.m2\repository\tomcat\naming-common\5.0.28\naming-common-5.0.28.jar;C:\Users\user\.m2\repository\tomcat\naming-java\5.0.28\naming-java-5.0.28.jar;C:\Users\user\.m2\repository\org\apache\geronimo\modules\geronimo-transaction\2.2.1\geronimo-transaction-2.2.1.jar;C:\Users\user\.m2\repository\org\apache\geronimo\components\geronimo-transaction\2.2.1\geronimo-transaction-2.2.1.jar;C:\Users\user\.m2\repository\org\apache\geronimo\specs\geronimo-jta_1.1_spec\1.1.1\geronimo-jta_1.1_spec-1.1.1.jar;C:\Users\user\.m2\repository\org\apache\geronimo\specs\geronimo-j2ee-connector_1.5_spec\2.0.0\geronimo-j2ee-connector_1.5_spec-2.0.0.jar;C:\Users\user\.m2\repository\org\apache\geronimo\framework\geronimo-core\2.2.1\geronimo-core-2.2.1.jar;C:\Users\user\.m2\repository\org\apache\geronimo\framework\geronimo-system\2.2.1\geronimo-system-2.2.1.jar;C:\Users\user\.m2\repository\org\apache\geronimo\framework\geronimo-cli\2.2.1\geronimo-cli-2.2.1.jar;C:\Users\user\.m2\repository\commons-cli\commons-cli\1.0\commons-cli-1.0.jar;C:\Users\user\.m2\repository\org\apache\geronimo\framework\geronimo-common\2.2.1\geronimo-common-2.2.1.jar;C:\Users\user\.m2\repository\org\apache\geronimo\framework\geronimo-crypto\2.2.1\geronimo-crypto-2.2.1.jar;C:\Users\user\.m2\repository\org\apache\geronimo\framework\geronimo-kernel\2.2.1\geronimo-kernel-2.2.1.jar;C:\Users\user\.m2\repository\asm\asm\3.1\asm-3.1.jar;C:\Users\user\.m2\repository\asm\asm-commons\3.1\asm-commons-3.1.jar;C:\Users\user\.m2\repository\cglib\cglib-nodep\2.1_3\cglib-nodep-2.1_3.jar;C:\Users\user\.m2\repository\org\apache\xbean\xbean-reflect\3.7\xbean-reflect-3.7.jar;C:\Users\user\.m2\repository\com\thoughtworks\xstream\xstream\1.3\xstream-1.3.jar;C:\Users\user\.m2\repository\xpp3\xpp3_min\1.1.4c\xpp3_min-1.1.4c.jar;C:\Users\user\.m2\repository\commons-jexl\commons-jexl\1.1\commons-jexl-1.1.jar;C:\Users\user\.m2\repository\log4j\log4j\1.2.15\log4j-1.2.15.jar;C:\Users\user\.m2\repository\org\apache\geronimo\specs\geronimo-jaxb_2.1_spec\1.0\geronimo-jaxb_2.1_spec-1.0.jar;C:\Users\user\.m2\repository\org\apache\geronimo\specs\geronimo-stax-api_1.0_spec\1.0.1\geronimo-stax-api_1.0_spec-1.0.1.jar;C:\Users\user\.m2\repository\org\apache\geronimo\framework\geronimo-management\2.2.1\geronimo-management-2.2.1.jar;C:\Users\user\.m2\repository\org\apache\geronimo\specs\geronimo-j2ee-management_1.1_spec\1.0.1\geronimo-j2ee-management_1.1_spec-1.0.1.jar;C:\Users\user\.m2\repository\org\apache\geronimo\modules\geronimo-j2ee\2.2.1\geronimo-j2ee-2.2.1.jar;C:\Users\user\.m2\repository\org\objectweb\howl\howl\1.0.1-1\howl-1.0.1-1.jar;C:\Users\user\.m2\repository\org\slf4j\slf4j-simple\2.0.12\slf4j-simple-2.0.12.jar;C:\Users\user\.m2\repository\org\slf4j\slf4j-api\2.0.12\slf4j-api-2.0.12.jar;C:\Users\user\.m2\repository\com\h2database\h2\2.2.224\h2-2.2.224.jar;C:\Users\user\.m2\repository\org\jboss\narayana\jta\narayana-jta\5.12.7.Final\narayana-jta-5.12.7.Final.jar;C:\Users\user\.m2\repository\org\jboss\spec\javax\resource\jboss-connector-api_1.7_spec\1.0.0.Final\jboss-connector-api_1.7_spec-1.0.0.Final.jar;C:\Users\user\.m2\repository\org\jboss\jboss-transaction-spi\8.0.0.Final\jboss-transaction-spi-8.0.0.Final.jar;C:\Users\user\.m2\repository\jakarta\resource\jakarta.resource-api\2.0.0\jakarta.resource-api-2.0.0.jar;C:\Users\user\.m2\repository\jakarta\annotation\jakarta.annotation-api\2.0.0\jakarta.annotation-api-2.0.0.jar;C:\Users\user\.m2\repository\org\jboss\logging\jboss-logging\3.4.3.Final\jboss-logging-3.4.3.Final.jar;"/>
    <property name="java.vm.vendor" value="Oracle Corporation"/>
    <property name="sun.arch.data.model" value="64"/>
    <property name="user.variant" value=""/>
    <property name="java.vendor.url" value="http://java.oracle.com/"/>
    <property name="user.timezone" value="Europe/Athens"/>
    <property name="java.vm.specification.version" value="1.8"/>
    <property name="os.name" value="Windows 10"/>
    <property name="user.country" value="GR"/>
    <property name="sun.java.launcher" value="SUN_STANDARD"/>
    <property name="sun.boot.library.path" value="C:\Program Files\Java\jdk1.8.0_202\jre\bin"/>
    <property name="sun.java.command" value="C:\Users\user\AppData\Local\Temp\surefire2042535869705336250\surefirebooter-20241012120333633_3.jar C:\Users\user\AppData\Local\Temp\surefire2042535869705336250 2024-10-12T12-03-32_574-jvmRun1 surefire-20241012120333633_1tmp surefire_0-20241012120333633_2tmp"/>
    <property name="surefire.test.class.path" value="C:\Users\user\Code_generation_LLMs\AutoTestLab\packages\commons-dbcp2-2.12.0-src\target\test-classes;C:\Users\user\Code_generation_LLMs\AutoTestLab\packages\commons-dbcp2-2.12.0-src\target\classes;C:\Users\user\.m2\repository\org\apache\commons\commons-pool2\2.12.0\commons-pool2-2.12.0.jar;C:\Users\user\.m2\repository\commons-logging\commons-logging\1.3.0\commons-logging-1.3.0.jar;C:\Users\user\.m2\repository\org\junit\jupiter\junit-jupiter\5.10.1\junit-jupiter-5.10.1.jar;C:\Users\user\.m2\repository\org\junit\jupiter\junit-jupiter-api\5.10.1\junit-jupiter-api-5.10.1.jar;C:\Users\user\.m2\repository\org\opentest4j\opentest4j\1.3.0\opentest4j-1.3.0.jar;C:\Users\user\.m2\repository\org\junit\platform\junit-platform-commons\1.10.1\junit-platform-commons-1.10.1.jar;C:\Users\user\.m2\repository\org\apiguardian\apiguardian-api\1.1.2\apiguardian-api-1.1.2.jar;C:\Users\user\.m2\repository\org\junit\jupiter\junit-jupiter-params\5.10.1\junit-jupiter-params-5.10.1.jar;C:\Users\user\.m2\repository\org\junit\jupiter\junit-jupiter-engine\5.10.1\junit-jupiter-engine-5.10.1.jar;C:\Users\user\.m2\repository\org\junit\platform\junit-platform-engine\1.10.1\junit-platform-engine-1.10.1.jar;C:\Users\user\.m2\repository\org\hamcrest\hamcrest\2.2\hamcrest-2.2.jar;C:\Users\user\.m2\repository\org\mockito\mockito-core\4.11.0\mockito-core-4.11.0.jar;C:\Users\user\.m2\repository\net\bytebuddy\byte-buddy\1.12.19\byte-buddy-1.12.19.jar;C:\Users\user\.m2\repository\net\bytebuddy\byte-buddy-agent\1.12.19\byte-buddy-agent-1.12.19.jar;C:\Users\user\.m2\repository\org\objenesis\objenesis\3.3\objenesis-3.3.jar;C:\Users\user\.m2\repository\org\apache\commons\commons-lang3\3.14.0\commons-lang3-3.14.0.jar;C:\Users\user\.m2\repository\jakarta\transaction\jakarta.transaction-api\1.3.3\jakarta.transaction-api-1.3.3.jar;C:\Users\user\.m2\repository\tomcat\naming-common\5.0.28\naming-common-5.0.28.jar;C:\Users\user\.m2\repository\tomcat\naming-java\5.0.28\naming-java-5.0.28.jar;C:\Users\user\.m2\repository\org\apache\geronimo\modules\geronimo-transaction\2.2.1\geronimo-transaction-2.2.1.jar;C:\Users\user\.m2\repository\org\apache\geronimo\components\geronimo-transaction\2.2.1\geronimo-transaction-2.2.1.jar;C:\Users\user\.m2\repository\org\apache\geronimo\specs\geronimo-jta_1.1_spec\1.1.1\geronimo-jta_1.1_spec-1.1.1.jar;C:\Users\user\.m2\repository\org\apache\geronimo\specs\geronimo-j2ee-connector_1.5_spec\2.0.0\geronimo-j2ee-connector_1.5_spec-2.0.0.jar;C:\Users\user\.m2\repository\org\apache\geronimo\framework\geronimo-core\2.2.1\geronimo-core-2.2.1.jar;C:\Users\user\.m2\repository\org\apache\geronimo\framework\geronimo-system\2.2.1\geronimo-system-2.2.1.jar;C:\Users\user\.m2\repository\org\apache\geronimo\framework\geronimo-cli\2.2.1\geronimo-cli-2.2.1.jar;C:\Users\user\.m2\repository\commons-cli\commons-cli\1.0\commons-cli-1.0.jar;C:\Users\user\.m2\repository\org\apache\geronimo\framework\geronimo-common\2.2.1\geronimo-common-2.2.1.jar;C:\Users\user\.m2\repository\org\apache\geronimo\framework\geronimo-crypto\2.2.1\geronimo-crypto-2.2.1.jar;C:\Users\user\.m2\repository\org\apache\geronimo\framework\geronimo-kernel\2.2.1\geronimo-kernel-2.2.1.jar;C:\Users\user\.m2\repository\asm\asm\3.1\asm-3.1.jar;C:\Users\user\.m2\repository\asm\asm-commons\3.1\asm-commons-3.1.jar;C:\Users\user\.m2\repository\cglib\cglib-nodep\2.1_3\cglib-nodep-2.1_3.jar;C:\Users\user\.m2\repository\org\apache\xbean\xbean-reflect\3.7\xbean-reflect-3.7.jar;C:\Users\user\.m2\repository\com\thoughtworks\xstream\xstream\1.3\xstream-1.3.jar;C:\Users\user\.m2\repository\xpp3\xpp3_min\1.1.4c\xpp3_min-1.1.4c.jar;C:\Users\user\.m2\repository\commons-jexl\commons-jexl\1.1\commons-jexl-1.1.jar;C:\Users\user\.m2\repository\log4j\log4j\1.2.15\log4j-1.2.15.jar;C:\Users\user\.m2\repository\org\apache\geronimo\specs\geronimo-jaxb_2.1_spec\1.0\geronimo-jaxb_2.1_spec-1.0.jar;C:\Users\user\.m2\repository\org\apache\geronimo\specs\geronimo-stax-api_1.0_spec\1.0.1\geronimo-stax-api_1.0_spec-1.0.1.jar;C:\Users\user\.m2\repository\org\apache\geronimo\framework\geronimo-management\2.2.1\geronimo-management-2.2.1.jar;C:\Users\user\.m2\repository\org\apache\geronimo\specs\geronimo-j2ee-management_1.1_spec\1.0.1\geronimo-j2ee-management_1.1_spec-1.0.1.jar;C:\Users\user\.m2\repository\org\apache\geronimo\modules\geronimo-j2ee\2.2.1\geronimo-j2ee-2.2.1.jar;C:\Users\user\.m2\repository\org\objectweb\howl\howl\1.0.1-1\howl-1.0.1-1.jar;C:\Users\user\.m2\repository\org\slf4j\slf4j-simple\2.0.12\slf4j-simple-2.0.12.jar;C:\Users\user\.m2\repository\org\slf4j\slf4j-api\2.0.12\slf4j-api-2.0.12.jar;C:\Users\user\.m2\repository\com\h2database\h2\2.2.224\h2-2.2.224.jar;C:\Users\user\.m2\repository\org\jboss\narayana\jta\narayana-jta\5.12.7.Final\narayana-jta-5.12.7.Final.jar;C:\Users\user\.m2\repository\org\jboss\spec\javax\resource\jboss-connector-api_1.7_spec\1.0.0.Final\jboss-connector-api_1.7_spec-1.0.0.Final.jar;C:\Users\user\.m2\repository\org\jboss\jboss-transaction-spi\8.0.0.Final\jboss-transaction-spi-8.0.0.Final.jar;C:\Users\user\.m2\repository\jakarta\resource\jakarta.resource-api\2.0.0\jakarta.resource-api-2.0.0.jar;C:\Users\user\.m2\repository\jakarta\annotation\jakarta.annotation-api\2.0.0\jakarta.annotation-api-2.0.0.jar;C:\Users\user\.m2\repository\org\jboss\logging\jboss-logging\3.4.3.Final\jboss-logging-3.4.3.Final.jar;"/>
    <property name="sun.cpu.endian" value="little"/>
    <property name="user.home" value="C:\Users\user"/>
    <property name="user.language" value="el"/>
    <property name="java.specification.vendor" value="Oracle Corporation"/>
    <property name="java.home" value="C:\Program Files\Java\jdk1.8.0_202\jre"/>
    <property name="basedir" value="C:\Users\user\Code_generation_LLMs\AutoTestLab\packages\commons-dbcp2-2.12.0-src"/>
    <property name="file.separator" value="\"/>
    <property name="line.separator" value="&#10;"/>
    <property name="java.vm.specification.vendor" value="Oracle Corporation"/>
    <property name="java.specification.name" value="Java Platform API Specification"/>
    <property name="java.awt.graphicsenv" value="sun.awt.Win32GraphicsEnvironment"/>
    <property name="surefire.real.class.path" value="C:\Users\user\AppData\Local\Temp\surefire2042535869705336250\surefirebooter-20241012120333633_3.jar;C:\\Users\\user\\.m2\\repository\\org\\jacoco\\org.jacoco.agent\\0.8.12\\org.jacoco.agent-0.8.12-runtime.jar"/>
    <property name="sun.boot.class.path" value="C:\Program Files\Java\jdk1.8.0_202\jre\lib\resources.jar;C:\Program Files\Java\jdk1.8.0_202\jre\lib\rt.jar;C:\Program Files\Java\jdk1.8.0_202\jre\lib\sunrsasign.jar;C:\Program Files\Java\jdk1.8.0_202\jre\lib\jsse.jar;C:\Program Files\Java\jdk1.8.0_202\jre\lib\jce.jar;C:\Program Files\Java\jdk1.8.0_202\jre\lib\charsets.jar;C:\Program Files\Java\jdk1.8.0_202\jre\lib\jfr.jar;C:\Program Files\Java\jdk1.8.0_202\jre\classes"/>
    <property name="user.script" value=""/>
    <property name="sun.management.compiler" value="HotSpot 64-Bit Tiered Compilers"/>
    <property name="java.runtime.version" value="1.8.0_202-b08"/>
    <property name="user.name" value="user"/>
    <property name="path.separator" value=";"/>
    <property name="os.version" value="10.0"/>
    <property name="java.endorsed.dirs" value="C:\Program Files\Java\jdk1.8.0_202\jre\lib\endorsed"/>
    <property name="java.runtime.name" value="Java(TM) SE Runtime Environment"/>
    <property name="file.encoding" value="Cp1253"/>
    <property name="java.vm.name" value="Java HotSpot(TM) 64-Bit Server VM"/>
    <property name="localRepository" value="C:\Users\user\.m2\repository"/>
    <property name="java.vendor.url.bug" value="http://bugreport.sun.com/bugreport/"/>
    <property name="java.io.tmpdir" value="C:\Users\user\AppData\Local\Temp\"/>
    <property name="java.version" value="1.8.0_202"/>
    <property name="user.dir" value="C:\Users\user\Code_generation_LLMs\AutoTestLab\packages\commons-dbcp2-2.12.0-src"/>
    <property name="os.arch" value="amd64"/>
    <property name="java.vm.specification.name" value="Java Virtual Machine Specification"/>
    <property name="java.awt.printerjob" value="sun.awt.windows.WPrinterJob"/>
    <property name="sun.os.patch.level" value=""/>
    <property name="java.library.path" value="C:\Program Files\Java\jdk1.8.0_202\jre\bin;C:\WINDOWS\Sun\Java\bin;C:\WINDOWS\system32;C:\WINDOWS;C:\Users\user\miniconda3\envs\myenv;C:\Users\user\miniconda3\envs\myenv\Library\mingw-w64\bin;C:\Users\user\miniconda3\envs\myenv\Library\usr\bin;C:\Users\user\miniconda3\envs\myenv\Library\bin;C:\Users\user\miniconda3\envs\myenv\Scripts;C:\Users\user\miniconda3\envs\myenv\bin;C:\Program Files\NVIDIA\CUDNN\v9.0\bin;C:\Program Files\NVIDIA GPU Computing Toolkit\CUDA\v12.3\bin;C:\Program Files\NVIDIA GPU Computing Toolkit\CUDA\v12.3\libnvvp;C:\Program Files\Common Files\Oracle\Java\javapath;C:\Program Files (x86)\Common Files\Oracle\Java\java8path;C:\Program Files (x86)\Common Files\Oracle\Java\javapath;C:\WINDOWS\system32;C:\WINDOWS;C:\WINDOWS\System32\Wbem;C:\WINDOWS\System32\WindowsPowerShell\v1.0;C:\WINDOWS\System32\OpenSSH;C:\Program Files\Intel\WiFi\bin;C:\Program Files\Common Files\Intel\WirelessCommon;c:\Program Files (x86)\Intel\Intel(R) Management Engine Components\DAL;c:\Program Files\Intel\Intel(R) Management Engine Components\DAL;C:\Users\user\Desktop\Large Scale Data Management;C:\Program Files\Vagrant\bin;C:\Program Files\Git\cmd;C:\Program Files\apache-maven-3.9.6\bin;C:\Program Files\NVIDIA Corporation\Nsight Compute 2023.3.1;C:\Program Files (x86)\NVIDIA Corporation\PhysX\Common;C:\Program Files\NVIDIA Corporation\Installer2;C:\Program Files\nodejs;C:\Users\user\defects4j\framework\bin;C:\Program Files\Java\jdk1.8.0_202\bin;C:\Strawberry\c\bin;C:\Strawberry\perl\site\bin;C:\Strawberry\perl\bin;C:\Users\user\defects4j\framework\bin;C:\Windows\System32;C:\Program Files\TortoiseSVN\bin;C:\Program Files\Java\jdk1.8.0_202\bin;C:\Users\user\miniconda3\envs\ujb;C:\Users\user\miniconda3\envs\ujb\Library\mingw-w64\bin;C:\Users\user\miniconda3\envs\ujb\Library\usr\bin;C:\Users\user\miniconda3\envs\ujb\Library\bin;C:\Users\user\miniconda3\envs\ujb\Scripts;C:\Users\user\miniconda3\envs\ujb\bin;C:\Users\user\miniconda3\condabin;C:\Program Files\NVIDIA\CUDNN\v9.0\bin;C:\Program Files\NVIDIA GPU Computing Toolkit\CUDA\v12.3\bin;C:\Program Files\NVIDIA GPU Computing Toolkit\CUDA\v12.3\libnvvp;C:\Program Files\Common Files\Oracle\Java\javapath;C:\Program Files (x86)\Common Files\Oracle\Java\java8path;C:\Program Files (x86)\Common Files\Oracle\Java\javapath;C:\WINDOWS\system32;C:\WINDOWS;C:\WINDOWS\System32\Wbem;C:\WINDOWS\System32\WindowsPowerShell\v1.0;C:\WINDOWS\System32\OpenSSH;C:\Program Files\Intel\WiFi\bin;C:\Program Files\Common Files\Intel\WirelessCommon;c:\Program Files (x86)\Intel\Intel(R) Management Engine Components\DAL;c:\Program Files\Intel\Intel(R) Management Engine Components\DAL;C:\Users;C:\Users\user\AppData\Local\Programs\Microsoft VS Code\bin;."/>
    <property name="java.vm.info" value="mixed mode"/>
    <property name="java.vendor" value="Oracle Corporation"/>
    <property name="java.vm.version" value="25.202-b08"/>
    <property name="java.ext.dirs" value="C:\Program Files\Java\jdk1.8.0_202\jre\lib\ext;C:\WINDOWS\Sun\Java\lib\ext"/>
    <property name="sun.io.unicode.encoding" value="UnicodeLittle"/>
    <property name="java.class.version" value="52.0"/>
  </properties>
  <testcase name="testSetFloatStringFloat" classname="org.apache.commons.dbcp2.TestDelegatingCallableStatement" time="1.434"/>
  <testcase name="testGetBlobInteger" classname="org.apache.commons.dbcp2.TestDelegatingCallableStatement" time="0.0"/>
  <testcase name="testGetDateStringCalendar" classname="org.apache.commons.dbcp2.TestDelegatingCallableStatement" time="0.001"/>
  <testcase name="testGetDelegate" classname="org.apache.commons.dbcp2.TestDelegatingCallableStatement" time="0.0"/>
  <testcase name="testGetBigDecimalInteger" classname="org.apache.commons.dbcp2.TestDelegatingCallableStatement" time="0.0"/>
  <testcase name="testGetSQLXMLInteger" classname="org.apache.commons.dbcp2.TestDelegatingCallableStatement" time="0.002"/>
  <testcase name="testGetBytesString" classname="org.apache.commons.dbcp2.TestDelegatingCallableStatement" time="0.003"/>
  <testcase name="testSetClobStringReaderLong" classname="org.apache.commons.dbcp2.TestDelegatingCallableStatement" time="0.001"/>
  <testcase name="testGetObjectIntegerMap" classname="org.apache.commons.dbcp2.TestDelegatingCallableStatement" time="0.0"/>
  <testcase name="testRegisterOutParameterIntegerIntegerString" classname="org.apache.commons.dbcp2.TestDelegatingCallableStatement" time="0.0"/>
  <testcase name="testSetDateStringSqlDateCalendar" classname="org.apache.commons.dbcp2.TestDelegatingCallableStatement" time="0.0"/>
  <testcase name="testGetTimeString" classname="org.apache.commons.dbcp2.TestDelegatingCallableStatement" time="0.001"/>
  <testcase name="testGetURLString" classname="org.apache.commons.dbcp2.TestDelegatingCallableStatement" time="0.001"/>
  <testcase name="testSetBinaryStreamStringInputStreamInteger" classname="org.apache.commons.dbcp2.TestDelegatingCallableStatement" time="0.0"/>
  <testcase name="testSetObjectStringObjectSQLTypeInteger" classname="org.apache.commons.dbcp2.TestDelegatingCallableStatement" time="0.002"/>
  <testcase name="testGetNCharacterStreamInteger" classname="org.apache.commons.dbcp2.TestDelegatingCallableStatement" time="0.001"/>
  <testcase name="testGetNClobInteger" classname="org.apache.commons.dbcp2.TestDelegatingCallableStatement" time="0.001"/>
  <testcase name="testGetRowIdString" classname="org.apache.commons.dbcp2.TestDelegatingCallableStatement" time="0.002"/>
  <testcase name="testGetTimeIntegerCalendar" classname="org.apache.commons.dbcp2.TestDelegatingCallableStatement" time="0.001"/>
  <testcase name="testSetObjectStringObjectIntegerInteger" classname="org.apache.commons.dbcp2.TestDelegatingCallableStatement" time="0.001"/>
  <testcase name="testGetRowIdInteger" classname="org.apache.commons.dbcp2.TestDelegatingCallableStatement" time="0.001"/>
  <testcase name="testSetBooleanStringBoolean" classname="org.apache.commons.dbcp2.TestDelegatingCallableStatement" time="0.001"/>
  <testcase name="testGetDoubleString" classname="org.apache.commons.dbcp2.TestDelegatingCallableStatement" time="0.001"/>
  <testcase name="testSetClobStringClob" classname="org.apache.commons.dbcp2.TestDelegatingCallableStatement" time="0.001"/>
  <testcase name="testExecuteQueryReturnsNotNull" classname="org.apache.commons.dbcp2.TestDelegatingCallableStatement" time="0.0"/>
  <testcase name="testRegisterOutParameterStringIntegerString" classname="org.apache.commons.dbcp2.TestDelegatingCallableStatement" time="0.001"/>
  <testcase name="testGetLongInteger" classname="org.apache.commons.dbcp2.TestDelegatingCallableStatement" time="0.001"/>
  <testcase name="testGetTimestampStringCalendar" classname="org.apache.commons.dbcp2.TestDelegatingCallableStatement" time="0.001"/>
  <testcase name="testSetCharacterStreamStringReaderLong" classname="org.apache.commons.dbcp2.TestDelegatingCallableStatement" time="0.001"/>
  <testcase name="testSetNClobStringReaderLong" classname="org.apache.commons.dbcp2.TestDelegatingCallableStatement" time="0.001"/>
  <testcase name="testSetNStringStringString" classname="org.apache.commons.dbcp2.TestDelegatingCallableStatement" time="0.001"/>
  <testcase name="testSetBlobStringBlob" classname="org.apache.commons.dbcp2.TestDelegatingCallableStatement" time="0.003"/>
  <testcase name="testSetBlobStringInputStream" classname="org.apache.commons.dbcp2.TestDelegatingCallableStatement" time="0.001"/>
  <testcase name="testSetURLStringUrl" classname="org.apache.commons.dbcp2.TestDelegatingCallableStatement" time="0.0"/>
  <testcase name="testRegisterOutParameterIntegerSQLTypeString" classname="org.apache.commons.dbcp2.TestDelegatingCallableStatement" time="0.001"/>
  <testcase name="testSetByteStringByte" classname="org.apache.commons.dbcp2.TestDelegatingCallableStatement" time="0.0"/>
  <testcase name="testSetAsciiStreamStringInputStreamInteger" classname="org.apache.commons.dbcp2.TestDelegatingCallableStatement" time="0.0"/>
  <testcase name="testSetBinaryStreamStringInputStream" classname="org.apache.commons.dbcp2.TestDelegatingCallableStatement" time="0.0"/>
  <testcase name="testSetNClobStringReader" classname="org.apache.commons.dbcp2.TestDelegatingCallableStatement" time="0.001"/>
  <testcase name="testGetArrayString" classname="org.apache.commons.dbcp2.TestDelegatingCallableStatement" time="0.001"/>
  <testcase name="testSetNCharacterStreamStringReaderLong" classname="org.apache.commons.dbcp2.TestDelegatingCallableStatement" time="0.001"/>
  <testcase name="testSetObjectStringObjectSQLType" classname="org.apache.commons.dbcp2.TestDelegatingCallableStatement" time="0.0"/>
  <testcase name="testGetDateIntegerCalendar" classname="org.apache.commons.dbcp2.TestDelegatingCallableStatement" time="0.0"/>
  <testcase name="testGetShortString" classname="org.apache.commons.dbcp2.TestDelegatingCallableStatement" time="0.002"/>
  <testcase name="testRegisterOutParameterStringSQLTypeString" classname="org.apache.commons.dbcp2.TestDelegatingCallableStatement" time="0.004"/>
  <testcase name="testRegisterOutParameterIntegerSQLTypeInteger" classname="org.apache.commons.dbcp2.TestDelegatingCallableStatement" time="0.001"/>
  <testcase name="testRegisterOutParameterIntegerIntegerInteger" classname="org.apache.commons.dbcp2.TestDelegatingCallableStatement" time="0.001"/>
  <testcase name="testSetCharacterStreamStringReader" classname="org.apache.commons.dbcp2.TestDelegatingCallableStatement" time="0.001"/>
  <testcase name="testGetRefInteger" classname="org.apache.commons.dbcp2.TestDelegatingCallableStatement" time="0.001"/>
  <testcase name="testGetBigDecimalString" classname="org.apache.commons.dbcp2.TestDelegatingCallableStatement" time="0.001"/>
  <testcase name="testGetNClobString" classname="org.apache.commons.dbcp2.TestDelegatingCallableStatement" time="0.001"/>
  <testcase name="testGetRefString" classname="org.apache.commons.dbcp2.TestDelegatingCallableStatement" time="0.001"/>
  <testcase name="testSetObjectStringObjectInteger" classname="org.apache.commons.dbcp2.TestDelegatingCallableStatement" time="0.0"/>
  <testcase name="testGetBooleanString" classname="org.apache.commons.dbcp2.TestDelegatingCallableStatement" time="0.001"/>
  <testcase name="testGetSQLXMLString" classname="org.apache.commons.dbcp2.TestDelegatingCallableStatement" time="0.002"/>
  <testcase name="testSetStringStringString" classname="org.apache.commons.dbcp2.TestDelegatingCallableStatement" time="0.001"/>
  <testcase name="testGetDoubleInteger" classname="org.apache.commons.dbcp2.TestDelegatingCallableStatement" time="0.002"/>
  <testcase name="testSetTimeStringTimeCalendar" classname="org.apache.commons.dbcp2.TestDelegatingCallableStatement" time="0.001"/>
  <testcase name="testGetStringInteger" classname="org.apache.commons.dbcp2.TestDelegatingCallableStatement" time="0.0"/>
  <testcase name="testGetCharacterStreamString" classname="org.apache.commons.dbcp2.TestDelegatingCallableStatement" time="0.0"/>
  <testcase name="testSetNClobStringNClob" classname="org.apache.commons.dbcp2.TestDelegatingCallableStatement" time="0.001"/>
  <testcase name="testGetByteInteger" classname="org.apache.commons.dbcp2.TestDelegatingCallableStatement" time="0.001"/>
  <testcase name="testSetIntStringInteger" classname="org.apache.commons.dbcp2.TestDelegatingCallableStatement" time="0.0"/>
  <testcase name="testGetNStringString" classname="org.apache.commons.dbcp2.TestDelegatingCallableStatement" time="0.0"/>
  <testcase name="testGetObjectString" classname="org.apache.commons.dbcp2.TestDelegatingCallableStatement" time="0.0"/>
  <testcase name="testSetTimestampStringTimestampCalendar" classname="org.apache.commons.dbcp2.TestDelegatingCallableStatement" time="0.0"/>
  <testcase name="testGetBigDecimalIntegerInteger" classname="org.apache.commons.dbcp2.TestDelegatingCallableStatement" time="0.002"/>
  <testcase name="testSetBinaryStreamStringInputStreamLong" classname="org.apache.commons.dbcp2.TestDelegatingCallableStatement" time="0.003"/>
  <testcase name="testRegisterOutParameterIntegerSQLType" classname="org.apache.commons.dbcp2.TestDelegatingCallableStatement" time="0.001"/>
  <testcase name="testGetClobInteger" classname="org.apache.commons.dbcp2.TestDelegatingCallableStatement" time="0.001"/>
  <testcase name="testSetObjectStringObject" classname="org.apache.commons.dbcp2.TestDelegatingCallableStatement" time="0.001"/>
  <testcase name="testGetNStringInteger" classname="org.apache.commons.dbcp2.TestDelegatingCallableStatement" time="0.0"/>
  <testcase name="testGetTimestampIntegerCalendar" classname="org.apache.commons.dbcp2.TestDelegatingCallableStatement" time="0.0"/>
  <testcase name="testGetFloatString" classname="org.apache.commons.dbcp2.TestDelegatingCallableStatement" time="0.001"/>
  <testcase name="testGetObjectInteger" classname="org.apache.commons.dbcp2.TestDelegatingCallableStatement" time="0.001"/>
  <testcase name="testGetShortInteger" classname="org.apache.commons.dbcp2.TestDelegatingCallableStatement" time="0.001"/>
  <testcase name="testGetTimestampString" classname="org.apache.commons.dbcp2.TestDelegatingCallableStatement" time="0.001"/>
  <testcase name="testGetTimeStringCalendar" classname="org.apache.commons.dbcp2.TestDelegatingCallableStatement" time="0.0"/>
  <testcase name="testWasNull" classname="org.apache.commons.dbcp2.TestDelegatingCallableStatement" time="0.0"/>
  <testcase name="testSetSQLXMLStringSQLXML" classname="org.apache.commons.dbcp2.TestDelegatingCallableStatement" time="0.002"/>
  <testcase name="testGetTimeInteger" classname="org.apache.commons.dbcp2.TestDelegatingCallableStatement" time="0.003"/>
  <testcase name="testGetIntInteger" classname="org.apache.commons.dbcp2.TestDelegatingCallableStatement" time="0.001"/>
  <testcase name="testGetURLInteger" classname="org.apache.commons.dbcp2.TestDelegatingCallableStatement" time="0.001"/>
  <testcase name="testSetLongStringLong" classname="org.apache.commons.dbcp2.TestDelegatingCallableStatement" time="0.001"/>
  <testcase name="testExecuteQueryReturnsNull" classname="org.apache.commons.dbcp2.TestDelegatingCallableStatement" time="0.0"/>
  <testcase name="testGetLongString" classname="org.apache.commons.dbcp2.TestDelegatingCallableStatement" time="0.001"/>
  <testcase name="testRegisterOutParameterIntegerInteger" classname="org.apache.commons.dbcp2.TestDelegatingCallableStatement" time="0.0"/>
  <testcase name="testGetFloatInteger" classname="org.apache.commons.dbcp2.TestDelegatingCallableStatement" time="0.001"/>
  <testcase name="testGetIntString" classname="org.apache.commons.dbcp2.TestDelegatingCallableStatement" time="0.001"/>
  <testcase name="testSetCharacterStreamStringReaderInteger" classname="org.apache.commons.dbcp2.TestDelegatingCallableStatement" time="0.002"/>
  <testcase name="testGetClobString" classname="org.apache.commons.dbcp2.TestDelegatingCallableStatement" time="0.002"/>
  <testcase name="testRegisterOutParameterStringSQLType" classname="org.apache.commons.dbcp2.TestDelegatingCallableStatement" time="0.002"/>
  <testcase name="testGetObjectIntegerClass" classname="org.apache.commons.dbcp2.TestDelegatingCallableStatement" time="0.002"/>
  <testcase name="testSetDoubleStringDouble" classname="org.apache.commons.dbcp2.TestDelegatingCallableStatement" time="0.0"/>
  <testcase name="testGetDateInteger" classname="org.apache.commons.dbcp2.TestDelegatingCallableStatement" time="0.001"/>
  <testcase name="testGetBlobString" classname="org.apache.commons.dbcp2.TestDelegatingCallableStatement" time="0.001"/>
  <testcase name="testSetClobStringReader" classname="org.apache.commons.dbcp2.TestDelegatingCallableStatement" time="0.001"/>
  <testcase name="testSetNCharacterStreamStringReader" classname="org.apache.commons.dbcp2.TestDelegatingCallableStatement" time="0.001"/>
  <testcase name="testSetTimestampStringTimestamp" classname="org.apache.commons.dbcp2.TestDelegatingCallableStatement" time="0.001"/>
  <testcase name="testSetRowIdStringRowId" classname="org.apache.commons.dbcp2.TestDelegatingCallableStatement" time="0.001"/>
  <testcase name="testSetBytesStringByteArray" classname="org.apache.commons.dbcp2.TestDelegatingCallableStatement" time="0.003"/>
  <testcase name="testGetBytesInteger" classname="org.apache.commons.dbcp2.TestDelegatingCallableStatement" time="0.0"/>
  <testcase name="testGetStringString" classname="org.apache.commons.dbcp2.TestDelegatingCallableStatement" time="0.0"/>
  <testcase name="testGetCharacterStreamInteger" classname="org.apache.commons.dbcp2.TestDelegatingCallableStatement" time="0.0"/>
  <testcase name="testGetObjectStringClass" classname="org.apache.commons.dbcp2.TestDelegatingCallableStatement" time="0.001"/>
  <testcase name="testSetAsciiStreamStringInputStreamLong" classname="org.apache.commons.dbcp2.TestDelegatingCallableStatement" time="0.001"/>
  <testcase name="testSetDateStringSqlDate" classname="org.apache.commons.dbcp2.TestDelegatingCallableStatement" time="0.001"/>
  <testcase name="testSetShortStringShort" classname="org.apache.commons.dbcp2.TestDelegatingCallableStatement" time="0.001"/>
  <testcase name="testGetObjectStringMap" classname="org.apache.commons.dbcp2.TestDelegatingCallableStatement" time="0.0"/>
  <testcase name="testGetNCharacterStreamString" classname="org.apache.commons.dbcp2.TestDelegatingCallableStatement" time="0.0"/>
  <testcase name="testRegisterOutParameterStringInteger" classname="org.apache.commons.dbcp2.TestDelegatingCallableStatement" time="0.001"/>
  <testcase name="testSetNullStringIntegerString" classname="org.apache.commons.dbcp2.TestDelegatingCallableStatement" time="0.0"/>
  <testcase name="testSetBlobStringInputStreamLong" classname="org.apache.commons.dbcp2.TestDelegatingCallableStatement" time="0.0"/>
  <testcase name="testSetNullStringInteger" classname="org.apache.commons.dbcp2.TestDelegatingCallableStatement" time="0.0"/>
  <testcase name="testSetAsciiStreamStringInputStream" classname="org.apache.commons.dbcp2.TestDelegatingCallableStatement" time="0.0"/>
  <testcase name="testSetBigDecimalStringBigDecimal" classname="org.apache.commons.dbcp2.TestDelegatingCallableStatement" time="0.001"/>
  <testcase name="testGetArrayInteger" classname="org.apache.commons.dbcp2.TestDelegatingCallableStatement" time="0.001"/>
  <testcase name="testGetBooleanInteger" classname="org.apache.commons.dbcp2.TestDelegatingCallableStatement" time="0.001"/>
  <testcase name="testSetTimeStringTime" classname="org.apache.commons.dbcp2.TestDelegatingCallableStatement" time="0.0"/>
  <testcase name="testRegisterOutParameterStringSQLTypeInteger" classname="org.apache.commons.dbcp2.TestDelegatingCallableStatement" time="0.0"/>
  <testcase name="testGetByteString" classname="org.apache.commons.dbcp2.TestDelegatingCallableStatement" time="0.0"/>
  <testcase name="testGetDateString" classname="org.apache.commons.dbcp2.TestDelegatingCallableStatement" time="0.001"/>
  <testcase name="testRegisterOutParameterStringIntegerInteger" classname="org.apache.commons.dbcp2.TestDelegatingCallableStatement" time="0.001"/>
  <testcase name="testGetTimestampInteger" classname="org.apache.commons.dbcp2.TestDelegatingCallableStatement" time="0.0"/>
</testsuite>