<?xml version="1.0" encoding="UTF-8"?>
<testsuite xmlns:xsi="http://www.w3.org/2001/XMLSchema-instance" xsi:noNamespaceSchemaLocation="https://maven.apache.org/surefire/maven-surefire-plugin/xsd/surefire-test-report.xsd" name="org.apache.commons.beanutils.PropertyUtilsTestCase" time="0.683" tests="116" errors="0" skipped="0" failures="0">
  <properties>
    <property name="java.specification.version" value="21"/>
    <property name="sun.cpu.isalist" value="amd64"/>
    <property name="sun.jnu.encoding" value="Cp1253"/>
    <property name="java.class.path" value="C:\Users\user\Code_generation_LLMs\AutoTestLab\packages\commons-beanutils-1.9.4-src\target\test-classes;C:\Users\user\Code_generation_LLMs\AutoTestLab\packages\commons-beanutils-1.9.4-src\target\classes;C:\Users\user\.m2\repository\commons-logging\commons-logging\1.2\commons-logging-1.2.jar;C:\Users\user\.m2\repository\commons-collections\commons-collections\3.2.2\commons-collections-3.2.2.jar;C:\Users\user\.m2\repository\commons-collections\commons-collections-testframework\3.2.1\commons-collections-testframework-3.2.1.jar;C:\Users\user\.m2\repository\junit\junit\4.12\junit-4.12.jar;C:\Users\user\.m2\repository\org\hamcrest\hamcrest-core\1.3\hamcrest-core-1.3.jar;"/>
    <property name="java.vm.vendor" value="Oracle Corporation"/>
    <property name="sun.arch.data.model" value="64"/>
    <property name="user.variant" value=""/>
    <property name="java.vendor.url" value="https://java.oracle.com/"/>
    <property name="user.timezone" value="Europe/Athens"/>
    <property name="os.name" value="Windows 10"/>
    <property name="java.vm.specification.version" value="21"/>
    <property name="sun.java.launcher" value="SUN_STANDARD"/>
    <property name="user.country" value="GR"/>
    <property name="sun.boot.library.path" value="C:\Program Files\Java\jdk-21\bin"/>
    <property name="sun.java.command" value="C:\Users\user\AppData\Local\Temp\surefire4423302103706779584\surefirebooter2876469040728665408.jar C:\Users\user\AppData\Local\Temp\surefire4423302103706779584 2024-10-11T17-15-43_226-jvmRun1 surefire11433064494544309667tmp surefire_9410785073767306380028tmp"/>
    <property name="jdk.debug" value="release"/>
    <property name="surefire.test.class.path" value="C:\Users\user\Code_generation_LLMs\AutoTestLab\packages\commons-beanutils-1.9.4-src\target\test-classes;C:\Users\user\Code_generation_LLMs\AutoTestLab\packages\commons-beanutils-1.9.4-src\target\classes;C:\Users\user\.m2\repository\commons-logging\commons-logging\1.2\commons-logging-1.2.jar;C:\Users\user\.m2\repository\commons-collections\commons-collections\3.2.2\commons-collections-3.2.2.jar;C:\Users\user\.m2\repository\commons-collections\commons-collections-testframework\3.2.1\commons-collections-testframework-3.2.1.jar;C:\Users\user\.m2\repository\junit\junit\4.12\junit-4.12.jar;C:\Users\user\.m2\repository\org\hamcrest\hamcrest-core\1.3\hamcrest-core-1.3.jar;"/>
    <property name="sun.cpu.endian" value="little"/>
    <property name="user.home" value="C:\Users\user"/>
    <property name="user.language" value="el"/>
    <property name="java.specification.vendor" value="Oracle Corporation"/>
    <property name="java.version.date" value="2024-01-16"/>
    <property name="java.home" value="C:\Program Files\Java\jdk-21"/>
    <property name="file.separator" value="\"/>
    <property name="basedir" value="C:\Users\user\Code_generation_LLMs\AutoTestLab\packages\commons-beanutils-1.9.4-src"/>
    <property name="java.vm.compressedOopsMode" value="32-bit"/>
    <property name="line.separator" value="&#10;"/>
    <property name="java.vm.specification.vendor" value="Oracle Corporation"/>
    <property name="java.specification.name" value="Java Platform API Specification"/>
    <property name="org.apache.commons.logging.LogFactory" value="org.apache.commons.logging.impl.LogFactoryImpl"/>
    <property name="surefire.real.class.path" value="C:\Users\user\AppData\Local\Temp\surefire4423302103706779584\surefirebooter2876469040728665408.jar"/>
    <property name="user.script" value=""/>
    <property name="sun.management.compiler" value="HotSpot 64-Bit Tiered Compilers"/>
    <property name="java.runtime.version" value="21.0.2+13-LTS-58"/>
    <property name="user.name" value="user"/>
    <property name="stdout.encoding" value="UTF-8"/>
    <property name="path.separator" value=";"/>
    <property name="os.version" value="10.0"/>
    <property name="java.runtime.name" value="Java(TM) SE Runtime Environment"/>
    <property name="file.encoding" value="UTF-8"/>
    <property name="java.vm.name" value="Java HotSpot(TM) 64-Bit Server VM"/>
    <property name="localRepository" value="C:\Users\user\.m2\repository"/>
    <property name="java.vendor.url.bug" value="https://bugreport.java.com/bugreport/"/>
    <property name="java.io.tmpdir" value="C:\Users\user\AppData\Local\Temp\"/>
    <property name="java.version" value="21.0.2"/>
    <property name="user.dir" value="C:\Users\user\Code_generation_LLMs\AutoTestLab\packages\commons-beanutils-1.9.4-src"/>
    <property name="os.arch" value="amd64"/>
    <property name="java.vm.specification.name" value="Java Virtual Machine Specification"/>
    <property name="sun.os.patch.level" value=""/>
    <property name="native.encoding" value="Cp1253"/>
    <property name="java.library.path" value="C:\Program Files\Java\jdk-21\bin;C:\WINDOWS\Sun\Java\bin;C:\WINDOWS\system32;C:\WINDOWS;C:\Users\user\miniconda3\envs\myenv;C:\Users\user\miniconda3\envs\myenv\Library\mingw-w64\bin;C:\Users\user\miniconda3\envs\myenv\Library\usr\bin;C:\Users\user\miniconda3\envs\myenv\Library\bin;C:\Users\user\miniconda3\envs\myenv\Scripts;C:\Users\user\miniconda3\envs\myenv\bin;C:\Users\user\AppData\Roaming\Code\User\globalStorage\pleiades.java-extension-pack-jdk\gradle\latest\bin;C:\Users\user\AppData\Roaming\Code\User\globalStorage\pleiades.java-extension-pack-jdk\maven\latest\bin;C:\Program Files\Java\jdk-21\bin;C:\Program Files\NVIDIA\CUDNN\v9.0\bin;C:\Program Files\NVIDIA GPU Computing Toolkit\CUDA\v12.3\bin;C:\Program Files\NVIDIA GPU Computing Toolkit\CUDA\v12.3\libnvvp;C:\Program Files\Common Files\Oracle\Java\javapath;C:\Program Files (x86)\Common Files\Oracle\Java\java8path;C:\Program Files (x86)\Common Files\Oracle\Java\javapath;C:\WINDOWS\system32;C:\WINDOWS;C:\WINDOWS\System32\Wbem;C:\WINDOWS\System32\WindowsPowerShell\v1.0;C:\WINDOWS\System32\OpenSSH;C:\Program Files\Intel\WiFi\bin;C:\Program Files\Common Files\Intel\WirelessCommon;c:\Program Files (x86)\Intel\Intel(R) Management Engine Components\DAL;c:\Program Files\Intel\Intel(R) Management Engine Components\DAL;C:\Users\user\Desktop\Large Scale Data Management;C:\Program Files\Vagrant\bin;C:\Program Files\Git\cmd;C:\Program Files\apache-maven-3.9.6\bin;C:\Program Files\NVIDIA Corporation\Nsight Compute 2023.3.1;C:\Program Files (x86)\NVIDIA Corporation\PhysX\Common;C:\Program Files\NVIDIA Corporation\Installer2;C:\Program Files\nodejs;C:\Users\user\defects4j\framework\bin;C:\Program Files\Java\jdk1.8.0_202\bin;C:\Strawberry\c\bin;C:\Strawberry\perl\site\bin;C:\Strawberry\perl\bin;C:\Users\user\defects4j\framework\bin;C:\Windows\System32;C:\Program Files\TortoiseSVN\bin;C:\Program Files\Java\jdk1.8.0_202\bin;C:\Users\user\miniconda3\envs\ujb;C:\Users\user\miniconda3\envs\ujb\Library\mingw-w64\bin;C:\Users\user\miniconda3\envs\ujb\Library\usr\bin;C:\Users\user\miniconda3\envs\ujb\Library\bin;C:\Users\user\miniconda3\envs\ujb\Scripts;C:\Users\user\miniconda3\envs\ujb\bin;C:\Users\user\miniconda3\condabin;C:\Program Files\NVIDIA\CUDNN\v9.0\bin;C:\Program Files\NVIDIA GPU Computing Toolkit\CUDA\v12.3\bin;C:\Program Files\NVIDIA GPU Computing Toolkit\CUDA\v12.3\libnvvp;C:\Program Files\Common Files\Oracle\Java\javapath;C:\Program Files (x86)\Common Files\Oracle\Java\java8path;C:\Program Files (x86)\Common Files\Oracle\Java\javapath;C:\WINDOWS\system32;C:\WINDOWS;C:\WINDOWS\System32\Wbem;C:\WINDOWS\System32\WindowsPowerShell\v1.0;C:\WINDOWS\System32\OpenSSH;C:\Program Files\Intel\WiFi\bin;C:\Program Files\Common Files\Intel\WirelessCommon;c:\Program Files (x86)\Intel\Intel(R) Management Engine Components\DAL;c:\Program Files\Intel\Intel(R) Management Engine Components\DAL;C:\Users;C:\Users\user\AppData\Local\Programs\Microsoft VS Code\bin;."/>
    <property name="java.vm.info" value="mixed mode, sharing"/>
    <property name="stderr.encoding" value="UTF-8"/>
    <property name="java.vendor" value="Oracle Corporation"/>
    <property name="java.vm.version" value="21.0.2+13-LTS-58"/>
    <property name="org.apache.commons.logging.simplelog.defaultlog" value="WARN"/>
    <property name="sun.io.unicode.encoding" value="UnicodeLittle"/>
    <property name="org.apache.commons.logging.Log" value="org.apache.commons.logging.impl.SimpleLog"/>
    <property name="java.class.version" value="65.0"/>
    <property name="maven.test.failure.ignore" value="true"/>
  </properties>
  <testcase name="testMapExtensionCustom" classname="org.apache.commons.beanutils.PropertyUtilsTestCase" time="0.135"/>
  <testcase name="testGetDescriptorArguments" classname="org.apache.commons.beanutils.PropertyUtilsTestCase" time="0"/>
  <testcase name="testGetNestedString" classname="org.apache.commons.beanutils.PropertyUtilsTestCase" time="0.007"/>
  <testcase name="testGetDescriptorLong" classname="org.apache.commons.beanutils.PropertyUtilsTestCase" time="0.004"/>
  <testcase name="testGetIndexedMap" classname="org.apache.commons.beanutils.PropertyUtilsTestCase" time="0.005"/>
  <testcase name="testGetSetParentBean" classname="org.apache.commons.beanutils.PropertyUtilsTestCase" time="0.006"/>
  <testcase name="testSetNestedUnknown" classname="org.apache.commons.beanutils.PropertyUtilsTestCase" time="0.005"/>
  <testcase name="testAddBeanIntrospectorNull" classname="org.apache.commons.beanutils.PropertyUtilsTestCase" time="0"/>
  <testcase name="testGetSetInnerBean" classname="org.apache.commons.beanutils.PropertyUtilsTestCase" time="0.011"/>
  <testcase name="testSetIndexedList" classname="org.apache.commons.beanutils.PropertyUtilsTestCase" time="0.004"/>
  <testcase name="testSetSimpleBoolean" classname="org.apache.commons.beanutils.PropertyUtilsTestCase" time="0.012"/>
  <testcase name="testSetPublicSubBean_of_PackageBean" classname="org.apache.commons.beanutils.PropertyUtilsTestCase" time="0.007"/>
  <testcase name="testGetNestedReadOnly" classname="org.apache.commons.beanutils.PropertyUtilsTestCase" time="0.009"/>
  <testcase name="testGetWriteMethodPackageSubclass" classname="org.apache.commons.beanutils.PropertyUtilsTestCase" time="0.006"/>
  <testcase name="testGetPublicSubBean_of_PackageBean" classname="org.apache.commons.beanutils.PropertyUtilsTestCase" time="0.004"/>
  <testcase name="testGetSimpleArguments" classname="org.apache.commons.beanutils.PropertyUtilsTestCase" time="0"/>
  <testcase name="testGetDescriptorInt" classname="org.apache.commons.beanutils.PropertyUtilsTestCase" time="0.004"/>
  <testcase name="testGetIndexedArray" classname="org.apache.commons.beanutils.PropertyUtilsTestCase" time="0.005"/>
  <testcase name="testGetMappedMap" classname="org.apache.commons.beanutils.PropertyUtilsTestCase" time="0.004"/>
  <testcase name="testSetNestedBoolean" classname="org.apache.commons.beanutils.PropertyUtilsTestCase" time="0.004"/>
  <testcase name="testSetNestedDouble" classname="org.apache.commons.beanutils.PropertyUtilsTestCase" time="0.008"/>
  <testcase name="testGetDescriptorWriteOnly" classname="org.apache.commons.beanutils.PropertyUtilsTestCase" time="0.004"/>
  <testcase name="testGetWriteMethodPublicSubclass" classname="org.apache.commons.beanutils.PropertyUtilsTestCase" time="0.004"/>
  <testcase name="testSetIndexedMap" classname="org.apache.commons.beanutils.PropertyUtilsTestCase" time="0.004"/>
  <testcase name="testSetNestedFloat" classname="org.apache.commons.beanutils.PropertyUtilsTestCase" time="0.007"/>
  <testcase name="testSetNestedShort" classname="org.apache.commons.beanutils.PropertyUtilsTestCase" time="0.004"/>
  <testcase name="testGetSimpleInt" classname="org.apache.commons.beanutils.PropertyUtilsTestCase" time="0.004"/>
  <testcase name="testSetNestedString" classname="org.apache.commons.beanutils.PropertyUtilsTestCase" time="0.004"/>
  <testcase name="testGetSimpleWriteOnly" classname="org.apache.commons.beanutils.PropertyUtilsTestCase" time="0.004"/>
  <testcase name="testExceptionFromInvoke" classname="org.apache.commons.beanutils.PropertyUtilsTestCase" time="0.011"/>
  <testcase name="testIsWriteable" classname="org.apache.commons.beanutils.PropertyUtilsTestCase" time="0.004"/>
  <testcase name="testGetDescriptorReadOnly" classname="org.apache.commons.beanutils.PropertyUtilsTestCase" time="0.004"/>
  <testcase name="testGetReadMethodPublicSubclass" classname="org.apache.commons.beanutils.PropertyUtilsTestCase" time="0.015"/>
  <testcase name="testGetReadMethodPackageSubclass" classname="org.apache.commons.beanutils.PropertyUtilsTestCase" time="0.005"/>
  <testcase name="testSetSimpleFloat" classname="org.apache.commons.beanutils.PropertyUtilsTestCase" time="0.003"/>
  <testcase name="testSetSimpleShort" classname="org.apache.commons.beanutils.PropertyUtilsTestCase" time="0.003"/>
  <testcase name="testSetSimpleArguments" classname="org.apache.commons.beanutils.PropertyUtilsTestCase" time="0"/>
  <testcase name="testCustomIntrospectionEx" classname="org.apache.commons.beanutils.PropertyUtilsTestCase" time="0.005"/>
  <testcase name="testSetNestedInt" classname="org.apache.commons.beanutils.PropertyUtilsTestCase" time="0.003"/>
  <testcase name="testSetIndexedArray" classname="org.apache.commons.beanutils.PropertyUtilsTestCase" time="0.002"/>
  <testcase name="testGetMappedList" classname="org.apache.commons.beanutils.PropertyUtilsTestCase" time="0.003"/>
  <testcase name="testGetDescriptorMappedPeriods" classname="org.apache.commons.beanutils.PropertyUtilsTestCase" time="0.002"/>
  <testcase name="testSetMappedPeriods" classname="org.apache.commons.beanutils.PropertyUtilsTestCase" time="0.004"/>
  <testcase name="testGetIndexedValues" classname="org.apache.commons.beanutils.PropertyUtilsTestCase" time="0.008"/>
  <testcase name="testCustomIntrospection" classname="org.apache.commons.beanutils.PropertyUtilsTestCase" time="0.006"/>
  <testcase name="testGetSimpleDouble" classname="org.apache.commons.beanutils.PropertyUtilsTestCase" time="0.002"/>
  <testcase name="testGetSimpleUnknown" classname="org.apache.commons.beanutils.PropertyUtilsTestCase" time="0.003"/>
  <testcase name="testGetReadMethodPublicInterface" classname="org.apache.commons.beanutils.PropertyUtilsTestCase" time="0.003"/>
  <testcase name="testGetMappedSlashes" classname="org.apache.commons.beanutils.PropertyUtilsTestCase" time="0.004"/>
  <testcase name="testSetSimpleWriteOnly" classname="org.apache.commons.beanutils.PropertyUtilsTestCase" time="0.005"/>
  <testcase name="testSetMappedArray" classname="org.apache.commons.beanutils.PropertyUtilsTestCase" time="0.001"/>
  <testcase name="testGetDescriptorFloat" classname="org.apache.commons.beanutils.PropertyUtilsTestCase" time="0.004"/>
  <testcase name="testGetDescriptorShort" classname="org.apache.commons.beanutils.PropertyUtilsTestCase" time="0.004"/>
  <testcase name="testMappedPropertyType" classname="org.apache.commons.beanutils.PropertyUtilsTestCase" time="0.003"/>
  <testcase name="testGetSimpleNested" classname="org.apache.commons.beanutils.PropertyUtilsTestCase" time="0.001"/>
  <testcase name="testGetIndexedList" classname="org.apache.commons.beanutils.PropertyUtilsTestCase" time="0.006"/>
  <testcase name="testGetNestedUnknown" classname="org.apache.commons.beanutils.PropertyUtilsTestCase" time="0.003"/>
  <testcase name="testSetMappedMap" classname="org.apache.commons.beanutils.PropertyUtilsTestCase" time="0.003"/>
  <testcase name="testGetNestedArguments" classname="org.apache.commons.beanutils.PropertyUtilsTestCase" time="0"/>
  <testcase name="testGetSimpleBoolean" classname="org.apache.commons.beanutils.PropertyUtilsTestCase" time="0.003"/>
  <testcase name="testSetSimpleIndexed" classname="org.apache.commons.beanutils.PropertyUtilsTestCase" time="0.002"/>
  <testcase name="testGetMappedValues" classname="org.apache.commons.beanutils.PropertyUtilsTestCase" time="0.004"/>
  <testcase name="testGetSimpleString" classname="org.apache.commons.beanutils.PropertyUtilsTestCase" time="0.004"/>
  <testcase name="testSetMappedList" classname="org.apache.commons.beanutils.PropertyUtilsTestCase" time="0.004"/>
  <testcase name="testGetDescriptorInvalidBoolean" classname="org.apache.commons.beanutils.PropertyUtilsTestCase" time="0.013"/>
  <testcase name="testGetSimpleLong" classname="org.apache.commons.beanutils.PropertyUtilsTestCase" time="0"/>
  <testcase name="testGetWriteMethodBasic" classname="org.apache.commons.beanutils.PropertyUtilsTestCase" time="0"/>
  <testcase name="testGetNestedBoolean" classname="org.apache.commons.beanutils.PropertyUtilsTestCase" time="0.002"/>
  <testcase name="testSetSimpleInt" classname="org.apache.commons.beanutils.PropertyUtilsTestCase" time="0.002"/>
  <testcase name="testSetIndexedArguments" classname="org.apache.commons.beanutils.PropertyUtilsTestCase" time="0.004"/>
  <testcase name="testSetSimpleDouble" classname="org.apache.commons.beanutils.PropertyUtilsTestCase" time="0.004"/>
  <testcase name="testGetPropertyType" classname="org.apache.commons.beanutils.PropertyUtilsTestCase" time="0.004"/>
  <testcase name="testGetNestedFloat" classname="org.apache.commons.beanutils.PropertyUtilsTestCase" time="0.004"/>
  <testcase name="testGetNestedShort" classname="org.apache.commons.beanutils.PropertyUtilsTestCase" time="0.004"/>
  <testcase name="testGetNestedWriteOnly" classname="org.apache.commons.beanutils.PropertyUtilsTestCase" time="0.004"/>
  <testcase name="testGetDescriptorDouble" classname="org.apache.commons.beanutils.PropertyUtilsTestCase" time="0.004"/>
  <testcase name="testNestedWithIndex" classname="org.apache.commons.beanutils.PropertyUtilsTestCase" time="0.004"/>
  <testcase name="testGetDescriptors" classname="org.apache.commons.beanutils.PropertyUtilsTestCase" time="0.004"/>
  <testcase name="testGetReadMethodBasic" classname="org.apache.commons.beanutils.PropertyUtilsTestCase" time="0.004"/>
  <testcase name="testGetNestedLong" classname="org.apache.commons.beanutils.PropertyUtilsTestCase" time="0.012"/>
  <testcase name="testSetSimpleNested" classname="org.apache.commons.beanutils.PropertyUtilsTestCase" time="0"/>
  <testcase name="testGetMappedArguments" classname="org.apache.commons.beanutils.PropertyUtilsTestCase" time="0.001"/>
  <testcase name="testSetNestedArguments" classname="org.apache.commons.beanutils.PropertyUtilsTestCase" time="0.001"/>
  <testcase name="testSetSimpleLong" classname="org.apache.commons.beanutils.PropertyUtilsTestCase" time="0.006"/>
  <testcase name="testGetSimpleFloat" classname="org.apache.commons.beanutils.PropertyUtilsTestCase" time="0.004"/>
  <testcase name="testGetSimpleShort" classname="org.apache.commons.beanutils.PropertyUtilsTestCase" time="0.001"/>
  <testcase name="testSetMappedValues" classname="org.apache.commons.beanutils.PropertyUtilsTestCase" time="0.003"/>
  <testcase name="testSetSimpleString" classname="org.apache.commons.beanutils.PropertyUtilsTestCase" time="0.003"/>
  <testcase name="testRemoveBeanIntrospector" classname="org.apache.commons.beanutils.PropertyUtilsTestCase" time="0.001"/>
  <testcase name="testGetDescriptorSecond" classname="org.apache.commons.beanutils.PropertyUtilsTestCase" time="0.002"/>
  <testcase name="testGetDescriptorString" classname="org.apache.commons.beanutils.PropertyUtilsTestCase" time="0.003"/>
  <testcase name="testGetDescriptorUnknown" classname="org.apache.commons.beanutils.PropertyUtilsTestCase" time="0.003"/>
  <testcase name="testSetSimpleReadOnly" classname="org.apache.commons.beanutils.PropertyUtilsTestCase" time="0.002"/>
  <testcase name="testGetMappedPeriods" classname="org.apache.commons.beanutils.PropertyUtilsTestCase" time="0.005"/>
  <testcase name="testNestedPropertyKeyOrIndexOnBeanImplementingMap" classname="org.apache.commons.beanutils.PropertyUtilsTestCase" time="0.002"/>
  <testcase name="testGetDescriptorBoolean" classname="org.apache.commons.beanutils.PropertyUtilsTestCase" time="0.002"/>
  <testcase name="testSetNestedLong" classname="org.apache.commons.beanutils.PropertyUtilsTestCase" time="0.003"/>
  <testcase name="testMapExtensionDefault" classname="org.apache.commons.beanutils.PropertyUtilsTestCase" time="0.006"/>
  <testcase name="testGetDescriptorsArguments" classname="org.apache.commons.beanutils.PropertyUtilsTestCase" time="0"/>
  <testcase name="testSetNestedWriteOnly" classname="org.apache.commons.beanutils.PropertyUtilsTestCase" time="0.003"/>
  <testcase name="testSetNestedReadOnly" classname="org.apache.commons.beanutils.PropertyUtilsTestCase" time="0.004"/>
  <testcase name="testSetNoGetter" classname="org.apache.commons.beanutils.PropertyUtilsTestCase" time="0.003"/>
  <testcase name="testGetMappedArray" classname="org.apache.commons.beanutils.PropertyUtilsTestCase" time="0.005"/>
  <testcase name="testCopyPropertiesMap" classname="org.apache.commons.beanutils.PropertyUtilsTestCase" time="0.01"/>
  <testcase name="testResetBeanIntrospectors" classname="org.apache.commons.beanutils.PropertyUtilsTestCase" time="0"/>
  <testcase name="testDescribe" classname="org.apache.commons.beanutils.PropertyUtilsTestCase" time="0"/>
  <testcase name="testSetMappedArguments" classname="org.apache.commons.beanutils.PropertyUtilsTestCase" time="0.003"/>
  <testcase name="testGetNestedDouble" classname="org.apache.commons.beanutils.PropertyUtilsTestCase" time="0.002"/>
  <testcase name="testGetSimpleIndexed" classname="org.apache.commons.beanutils.PropertyUtilsTestCase" time="0.001"/>
  <testcase name="testIsReadable" classname="org.apache.commons.beanutils.PropertyUtilsTestCase" time="0.004"/>
  <testcase name="testThrowNestedNull" classname="org.apache.commons.beanutils.PropertyUtilsTestCase" time="0.001"/>
  <testcase name="testGetSimpleReadOnly" classname="org.apache.commons.beanutils.PropertyUtilsTestCase" time="0.003"/>
  <testcase name="testGetIndexedArguments" classname="org.apache.commons.beanutils.PropertyUtilsTestCase" time="0.004"/>
  <testcase name="testSetIndexedValues" classname="org.apache.commons.beanutils.PropertyUtilsTestCase" time="0.01"/>
  <testcase name="testGetNestedInt" classname="org.apache.commons.beanutils.PropertyUtilsTestCase" time="0.003"/>
  <testcase name="testSetSimpleUnknown" classname="org.apache.commons.beanutils.PropertyUtilsTestCase" time="0.001"/>
</testsuite>