<?xml version="1.0" encoding="UTF-8"?>
<testsuite xmlns:xsi="http://www.w3.org/2001/XMLSchema-instance" xsi:noNamespaceSchemaLocation="https://maven.apache.org/surefire/maven-surefire-plugin/xsd/surefire-test-report.xsd" version="3.0.2" name="org.apache.commons.lang3.ArrayUtilsTest" time="0.855" tests="341" errors="0" skipped="0" failures="0">
  <properties>
    <property name="java.specification.version" value="21"/>
    <property name="sun.cpu.isalist" value="amd64"/>
    <property name="sun.jnu.encoding" value="Cp1253"/>
    <property name="java.class.path" value="C:\Users\user\Code_generation_LLMs\AutoTestLab\packages\commons-lang3-3.17.0-src\target\test-classes;C:\Users\user\Code_generation_LLMs\AutoTestLab\packages\commons-lang3-3.17.0-src\target\classes;C:\Users\user\.m2\repository\org\junit\jupiter\junit-jupiter\5.11.0\junit-jupiter-5.11.0.jar;C:\Users\user\.m2\repository\org\junit\jupiter\junit-jupiter-api\5.11.0\junit-jupiter-api-5.11.0.jar;C:\Users\user\.m2\repository\org\opentest4j\opentest4j\1.3.0\opentest4j-1.3.0.jar;C:\Users\user\.m2\repository\org\junit\platform\junit-platform-commons\1.11.0\junit-platform-commons-1.11.0.jar;C:\Users\user\.m2\repository\org\apiguardian\apiguardian-api\1.1.2\apiguardian-api-1.1.2.jar;C:\Users\user\.m2\repository\org\junit\jupiter\junit-jupiter-params\5.11.0\junit-jupiter-params-5.11.0.jar;C:\Users\user\.m2\repository\org\junit\jupiter\junit-jupiter-engine\5.11.0\junit-jupiter-engine-5.11.0.jar;C:\Users\user\.m2\repository\org\junit\platform\junit-platform-engine\1.11.0\junit-platform-engine-1.11.0.jar;C:\Users\user\.m2\repository\org\junit-pioneer\junit-pioneer\1.9.1\junit-pioneer-1.9.1.jar;C:\Users\user\.m2\repository\org\junit\platform\junit-platform-launcher\1.11.0\junit-platform-launcher-1.11.0.jar;C:\Users\user\.m2\repository\org\hamcrest\hamcrest\3.0\hamcrest-3.0.jar;C:\Users\user\.m2\repository\org\easymock\easymock\5.4.0\easymock-5.4.0.jar;C:\Users\user\.m2\repository\net\bytebuddy\byte-buddy\1.14.18\byte-buddy-1.14.18.jar;C:\Users\user\.m2\repository\org\ow2\asm\asm\9.7\asm-9.7.jar;C:\Users\user\.m2\repository\org\objenesis\objenesis\3.4\objenesis-3.4.jar;C:\Users\user\.m2\repository\org\apache\commons\commons-text\1.12.0\commons-text-1.12.0.jar;C:\Users\user\.m2\repository\org\apache\commons\commons-lang3\3.14.0\commons-lang3-3.14.0.jar;C:\Users\user\.m2\repository\org\openjdk\jmh\jmh-core\1.37\jmh-core-1.37.jar;C:\Users\user\.m2\repository\net\sf\jopt-simple\jopt-simple\5.0.4\jopt-simple-5.0.4.jar;C:\Users\user\.m2\repository\org\apache\commons\commons-math3\3.6.1\commons-math3-3.6.1.jar;C:\Users\user\.m2\repository\org\openjdk\jmh\jmh-generator-annprocess\1.37\jmh-generator-annprocess-1.37.jar;C:\Users\user\.m2\repository\com\google\code\findbugs\jsr305\3.0.2\jsr305-3.0.2.jar;"/>
    <property name="java.vm.vendor" value="Oracle Corporation"/>
    <property name="sun.arch.data.model" value="64"/>
    <property name="user.variant" value=""/>
    <property name="java.vendor.url" value="https://java.oracle.com/"/>
    <property name="user.timezone" value="Europe/Athens"/>
    <property name="os.name" value="Windows 10"/>
    <property name="java.vm.specification.version" value="21"/>
    <property name="sun.java.launcher" value="SUN_STANDARD"/>
    <property name="user.country" value="GR"/>
    <property name="sun.boot.library.path" value="C:\Program Files\Java\jdk-21\bin"/>
    <property name="sun.java.command" value="C:\Users\user\AppData\Local\Temp\surefire16562866153069575988\surefirebooter-20241011161714472_3.jar C:\Users\user\AppData\Local\Temp\surefire16562866153069575988 2024-10-11T16-17-14_121-jvmRun1 surefire-20241011161714472_1tmp surefire_0-20241011161714472_2tmp"/>
    <property name="jdk.debug" value="release"/>
    <property name="surefire.test.class.path" value="C:\Users\user\Code_generation_LLMs\AutoTestLab\packages\commons-lang3-3.17.0-src\target\test-classes;C:\Users\user\Code_generation_LLMs\AutoTestLab\packages\commons-lang3-3.17.0-src\target\classes;C:\Users\user\.m2\repository\org\junit\jupiter\junit-jupiter\5.11.0\junit-jupiter-5.11.0.jar;C:\Users\user\.m2\repository\org\junit\jupiter\junit-jupiter-api\5.11.0\junit-jupiter-api-5.11.0.jar;C:\Users\user\.m2\repository\org\opentest4j\opentest4j\1.3.0\opentest4j-1.3.0.jar;C:\Users\user\.m2\repository\org\junit\platform\junit-platform-commons\1.11.0\junit-platform-commons-1.11.0.jar;C:\Users\user\.m2\repository\org\apiguardian\apiguardian-api\1.1.2\apiguardian-api-1.1.2.jar;C:\Users\user\.m2\repository\org\junit\jupiter\junit-jupiter-params\5.11.0\junit-jupiter-params-5.11.0.jar;C:\Users\user\.m2\repository\org\junit\jupiter\junit-jupiter-engine\5.11.0\junit-jupiter-engine-5.11.0.jar;C:\Users\user\.m2\repository\org\junit\platform\junit-platform-engine\1.11.0\junit-platform-engine-1.11.0.jar;C:\Users\user\.m2\repository\org\junit-pioneer\junit-pioneer\1.9.1\junit-pioneer-1.9.1.jar;C:\Users\user\.m2\repository\org\junit\platform\junit-platform-launcher\1.11.0\junit-platform-launcher-1.11.0.jar;C:\Users\user\.m2\repository\org\hamcrest\hamcrest\3.0\hamcrest-3.0.jar;C:\Users\user\.m2\repository\org\easymock\easymock\5.4.0\easymock-5.4.0.jar;C:\Users\user\.m2\repository\net\bytebuddy\byte-buddy\1.14.18\byte-buddy-1.14.18.jar;C:\Users\user\.m2\repository\org\ow2\asm\asm\9.7\asm-9.7.jar;C:\Users\user\.m2\repository\org\objenesis\objenesis\3.4\objenesis-3.4.jar;C:\Users\user\.m2\repository\org\apache\commons\commons-text\1.12.0\commons-text-1.12.0.jar;C:\Users\user\.m2\repository\org\apache\commons\commons-lang3\3.14.0\commons-lang3-3.14.0.jar;C:\Users\user\.m2\repository\org\openjdk\jmh\jmh-core\1.37\jmh-core-1.37.jar;C:\Users\user\.m2\repository\net\sf\jopt-simple\jopt-simple\5.0.4\jopt-simple-5.0.4.jar;C:\Users\user\.m2\repository\org\apache\commons\commons-math3\3.6.1\commons-math3-3.6.1.jar;C:\Users\user\.m2\repository\org\openjdk\jmh\jmh-generator-annprocess\1.37\jmh-generator-annprocess-1.37.jar;C:\Users\user\.m2\repository\com\google\code\findbugs\jsr305\3.0.2\jsr305-3.0.2.jar;"/>
    <property name="sun.cpu.endian" value="little"/>
    <property name="user.home" value="C:\Users\user"/>
    <property name="user.language" value="el"/>
    <property name="java.specification.vendor" value="Oracle Corporation"/>
    <property name="java.version.date" value="2024-01-16"/>
    <property name="java.home" value="C:\Program Files\Java\jdk-21"/>
    <property name="file.separator" value="\"/>
    <property name="basedir" value="C:\Users\user\Code_generation_LLMs\AutoTestLab\packages\commons-lang3-3.17.0-src"/>
    <property name="java.vm.compressedOopsMode" value="32-bit"/>
    <property name="line.separator" value="&#10;"/>
    <property name="java.vm.specification.vendor" value="Oracle Corporation"/>
    <property name="java.specification.name" value="Java Platform API Specification"/>
    <property name="surefire.real.class.path" value="C:\Users\user\AppData\Local\Temp\surefire16562866153069575988\surefirebooter-20241011161714472_3.jar"/>
    <property name="user.script" value=""/>
    <property name="sun.management.compiler" value="HotSpot 64-Bit Tiered Compilers"/>
    <property name="java.runtime.version" value="21.0.2+13-LTS-58"/>
    <property name="user.name" value="user"/>
    <property name="stdout.encoding" value="UTF-8"/>
    <property name="path.separator" value=";"/>
    <property name="os.version" value="10.0"/>
    <property name="java.runtime.name" value="Java(TM) SE Runtime Environment"/>
    <property name="file.encoding" value="UTF-8"/>
    <property name="java.vm.name" value="Java HotSpot(TM) 64-Bit Server VM"/>
    <property name="localRepository" value="C:\Users\user\.m2\repository"/>
    <property name="java.vendor.url.bug" value="https://bugreport.java.com/bugreport/"/>
    <property name="java.io.tmpdir" value="C:\Users\user\AppData\Local\Temp\"/>
    <property name="java.version" value="21.0.2"/>
    <property name="user.dir" value="C:\Users\user\Code_generation_LLMs\AutoTestLab\packages\commons-lang3-3.17.0-src"/>
    <property name="os.arch" value="amd64"/>
    <property name="java.vm.specification.name" value="Java Virtual Machine Specification"/>
    <property name="sun.os.patch.level" value=""/>
    <property name="native.encoding" value="Cp1253"/>
    <property name="java.library.path" value="C:\Program Files\Java\jdk-21\bin;C:\WINDOWS\Sun\Java\bin;C:\WINDOWS\system32;C:\WINDOWS;C:\Users\user\miniconda3\envs\myenv;C:\Users\user\miniconda3\envs\myenv\Library\mingw-w64\bin;C:\Users\user\miniconda3\envs\myenv\Library\usr\bin;C:\Users\user\miniconda3\envs\myenv\Library\bin;C:\Users\user\miniconda3\envs\myenv\Scripts;C:\Users\user\miniconda3\envs\myenv\bin;C:\Users\user\AppData\Roaming\Code\User\globalStorage\pleiades.java-extension-pack-jdk\gradle\latest\bin;C:\Users\user\AppData\Roaming\Code\User\globalStorage\pleiades.java-extension-pack-jdk\maven\latest\bin;C:\Program Files\Java\jdk-21\bin;C:\Program Files\NVIDIA\CUDNN\v9.0\bin;C:\Program Files\NVIDIA GPU Computing Toolkit\CUDA\v12.3\bin;C:\Program Files\NVIDIA GPU Computing Toolkit\CUDA\v12.3\libnvvp;C:\Program Files\Common Files\Oracle\Java\javapath;C:\Program Files (x86)\Common Files\Oracle\Java\java8path;C:\Program Files (x86)\Common Files\Oracle\Java\javapath;C:\WINDOWS\system32;C:\WINDOWS;C:\WINDOWS\System32\Wbem;C:\WINDOWS\System32\WindowsPowerShell\v1.0;C:\WINDOWS\System32\OpenSSH;C:\Program Files\Intel\WiFi\bin;C:\Program Files\Common Files\Intel\WirelessCommon;c:\Program Files (x86)\Intel\Intel(R) Management Engine Components\DAL;c:\Program Files\Intel\Intel(R) Management Engine Components\DAL;C:\Users\user\Desktop\Large Scale Data Management;C:\Program Files\Vagrant\bin;C:\Program Files\Git\cmd;C:\Program Files\apache-maven-3.9.6\bin;C:\Program Files\NVIDIA Corporation\Nsight Compute 2023.3.1;C:\Program Files (x86)\NVIDIA Corporation\PhysX\Common;C:\Program Files\NVIDIA Corporation\Installer2;C:\Program Files\nodejs;C:\Users\user\defects4j\framework\bin;C:\Program Files\Java\jdk1.8.0_202\bin;C:\Strawberry\c\bin;C:\Strawberry\perl\site\bin;C:\Strawberry\perl\bin;C:\Users\user\defects4j\framework\bin;C:\Windows\System32;C:\Program Files\TortoiseSVN\bin;C:\Program Files\Java\jdk1.8.0_202\bin;C:\Users\user\miniconda3\envs\ujb;C:\Users\user\miniconda3\envs\ujb\Library\mingw-w64\bin;C:\Users\user\miniconda3\envs\ujb\Library\usr\bin;C:\Users\user\miniconda3\envs\ujb\Library\bin;C:\Users\user\miniconda3\envs\ujb\Scripts;C:\Users\user\miniconda3\envs\ujb\bin;C:\Users\user\miniconda3\condabin;C:\Program Files\NVIDIA\CUDNN\v9.0\bin;C:\Program Files\NVIDIA GPU Computing Toolkit\CUDA\v12.3\bin;C:\Program Files\NVIDIA GPU Computing Toolkit\CUDA\v12.3\libnvvp;C:\Program Files\Common Files\Oracle\Java\javapath;C:\Program Files (x86)\Common Files\Oracle\Java\java8path;C:\Program Files (x86)\Common Files\Oracle\Java\javapath;C:\WINDOWS\system32;C:\WINDOWS;C:\WINDOWS\System32\Wbem;C:\WINDOWS\System32\WindowsPowerShell\v1.0;C:\WINDOWS\System32\OpenSSH;C:\Program Files\Intel\WiFi\bin;C:\Program Files\Common Files\Intel\WirelessCommon;c:\Program Files (x86)\Intel\Intel(R) Management Engine Components\DAL;c:\Program Files\Intel\Intel(R) Management Engine Components\DAL;C:\Users;C:\Users\user\AppData\Local\Programs\Microsoft VS Code\bin;."/>
    <property name="java.vm.info" value="mixed mode, sharing"/>
    <property name="stderr.encoding" value="UTF-8"/>
    <property name="java.vendor" value="Oracle Corporation"/>
    <property name="java.vm.version" value="21.0.2+13-LTS-58"/>
    <property name="sun.io.unicode.encoding" value="UnicodeLittle"/>
    <property name="java.class.version" value="65.0"/>
  </properties>
  <testcase name="testShiftAllDouble" classname="org.apache.commons.lang3.ArrayUtilsTest" time="0.003"/>
  <testcase name="testNullToEmptyCharObject" classname="org.apache.commons.lang3.ArrayUtilsTest" time="0.002"/>
  <testcase name="testToPrimitive_double_double" classname="org.apache.commons.lang3.ArrayUtilsTest" time="0.009"/>
  <testcase name="testNullToEmptyDoubleNull" classname="org.apache.commons.lang3.ArrayUtilsTest" time="0.002"/>
  <testcase name="testNullToEmptyGeneric" classname="org.apache.commons.lang3.ArrayUtilsTest" time="0.015"/>
  <testcase name="testShiftRangeByte" classname="org.apache.commons.lang3.ArrayUtilsTest" time="0.001"/>
  <testcase name="testShiftRangeChar" classname="org.apache.commons.lang3.ArrayUtilsTest" time="0.004"/>
  <testcase name="testShiftRangeLong" classname="org.apache.commons.lang3.ArrayUtilsTest" time="0.002"/>
  <testcase name="testNullToEmptyShortEmptyArray" classname="org.apache.commons.lang3.ArrayUtilsTest" time="0.003"/>
  <testcase name="testNullToEmptyDoubleObject" classname="org.apache.commons.lang3.ArrayUtilsTest" time="0.002"/>
  <testcase name="testShiftRangeNullFloat" classname="org.apache.commons.lang3.ArrayUtilsTest" time="0.001"/>
  <testcase name="testShiftNullBoolean" classname="org.apache.commons.lang3.ArrayUtilsTest" time="0.001"/>
  <testcase name="testShiftRangeNullShort" classname="org.apache.commons.lang3.ArrayUtilsTest" time="0.001"/>
  <testcase name="testSubarrayBoolean" classname="org.apache.commons.lang3.ArrayUtilsTest" time="0.011"/>
  <testcase name="testReverseByteRange" classname="org.apache.commons.lang3.ArrayUtilsTest" time="0.009"/>
  <testcase name="testSwapObject" classname="org.apache.commons.lang3.ArrayUtilsTest" time="0.003"/>
  <testcase name="testReverseFloatRange" classname="org.apache.commons.lang3.ArrayUtilsTest" time="0.001"/>
  <testcase name="testNullToEmptyBoolean" classname="org.apache.commons.lang3.ArrayUtilsTest" time="0.001"/>
  <testcase name="testNullToEmptyBooleanObjectEmptyArray" classname="org.apache.commons.lang3.ArrayUtilsTest" time="0.003"/>
  <testcase name="testNullToEmptyInt" classname="org.apache.commons.lang3.ArrayUtilsTest" time="0.001"/>
  <testcase name="testSwapNullBooleanArray" classname="org.apache.commons.lang3.ArrayUtilsTest" time="0.001"/>
  <testcase name="testIsSortedFloat" classname="org.apache.commons.lang3.ArrayUtilsTest" time="0.001"/>
  <testcase name="testIsSortedShort" classname="org.apache.commons.lang3.ArrayUtilsTest" time="0.013"/>
  <testcase name="testToPrimitive_float" classname="org.apache.commons.lang3.ArrayUtilsTest" time="0.001"/>
  <testcase name="testShiftAllObject" classname="org.apache.commons.lang3.ArrayUtilsTest" time="0.0"/>
  <testcase name="testNullToEmptyBooleanObjectNull" classname="org.apache.commons.lang3.ArrayUtilsTest" time="0.001"/>
  <testcase name="testToPrimitive_short" classname="org.apache.commons.lang3.ArrayUtilsTest" time="0.001"/>
  <testcase name="testNullToEmptyByte" classname="org.apache.commons.lang3.ArrayUtilsTest" time="0.001"/>
  <testcase name="testNullToEmptyChar" classname="org.apache.commons.lang3.ArrayUtilsTest" time="0.001"/>
  <testcase name="testNullToEmptyLong" classname="org.apache.commons.lang3.ArrayUtilsTest" time="0.003"/>
  <testcase name="testNullToEmptyDouble" classname="org.apache.commons.lang3.ArrayUtilsTest" time="0.001"/>
  <testcase name="testSwapBooleanRange" classname="org.apache.commons.lang3.ArrayUtilsTest" time="0.0"/>
  <testcase name="testNullToEmptyObjectNull" classname="org.apache.commons.lang3.ArrayUtilsTest" time="0.001"/>
  <testcase name="testContainsDoubleTolerance" classname="org.apache.commons.lang3.ArrayUtilsTest" time="0.001"/>
  <testcase name="testNullToShortObject" classname="org.apache.commons.lang3.ArrayUtilsTest" time="0.001"/>
  <testcase name="testToPrimitive_byte_byte" classname="org.apache.commons.lang3.ArrayUtilsTest" time="0.0"/>
  <testcase name="testToPrimitive_short_short" classname="org.apache.commons.lang3.ArrayUtilsTest" time="0.0"/>
  <testcase name="testShiftAllInt" classname="org.apache.commons.lang3.ArrayUtilsTest" time="0.001"/>
  <testcase name="testLastIndexOfShortWithStartIndex" classname="org.apache.commons.lang3.ArrayUtilsTest" time="0.001"/>
  <testcase name="testIndexOfDoubleWithStartIndex" classname="org.apache.commons.lang3.ArrayUtilsTest" time="0.001"/>
  <testcase name="testIndexesOfLongWithStartIndex" classname="org.apache.commons.lang3.ArrayUtilsTest" time="0.001"/>
  <testcase name="testSameType" classname="org.apache.commons.lang3.ArrayUtilsTest" time="0.001"/>
  <testcase name="testShiftDouble" classname="org.apache.commons.lang3.ArrayUtilsTest" time="0.001"/>
  <testcase name="testArrayCreation" classname="org.apache.commons.lang3.ArrayUtilsTest" time="0.001"/>
  <testcase name="testIndexOfBoolean" classname="org.apache.commons.lang3.ArrayUtilsTest" time="0.001"/>
  <testcase name="testIsSortedDouble" classname="org.apache.commons.lang3.ArrayUtilsTest" time="0.003"/>
  <testcase name="testArraycopyFunction" classname="org.apache.commons.lang3.ArrayUtilsTest" time="0.004"/>
  <testcase name="testShiftRangeNoElemByte" classname="org.apache.commons.lang3.ArrayUtilsTest" time="0.002"/>
  <testcase name="testShiftRangeNoElemChar" classname="org.apache.commons.lang3.ArrayUtilsTest" time="0.002"/>
  <testcase name="testShiftRangeNoElemLong" classname="org.apache.commons.lang3.ArrayUtilsTest" time="0.001"/>
  <testcase name="testNullToEmptyObject" classname="org.apache.commons.lang3.ArrayUtilsTest" time="0.002"/>
  <testcase name="testToStringArray_array_string" classname="org.apache.commons.lang3.ArrayUtilsTest" time="0.001"/>
  <testcase name="testReverseInt" classname="org.apache.commons.lang3.ArrayUtilsTest" time="0.003"/>
  <testcase name="testLastIndexOfDouble" classname="org.apache.commons.lang3.ArrayUtilsTest" time="0.001"/>
  <testcase name="testSwapEmptyDoubleArray" classname="org.apache.commons.lang3.ArrayUtilsTest" time="0.001"/>
  <testcase name="testGet" classname="org.apache.commons.lang3.ArrayUtilsTest" time="0.001"/>
  <testcase name="testNullToEmptyByteObjectEmptyArray" classname="org.apache.commons.lang3.ArrayUtilsTest" time="0.001"/>
  <testcase name="testIndexesOfByteWithStartIndex" classname="org.apache.commons.lang3.ArrayUtilsTest" time="0.003"/>
  <testcase name="testIsSortedComparator" classname="org.apache.commons.lang3.ArrayUtilsTest" time="0.001"/>
  <testcase name="testShiftRangeNullInt" classname="org.apache.commons.lang3.ArrayUtilsTest" time="0.001"/>
  <testcase name="testNullToEmptyString" classname="org.apache.commons.lang3.ArrayUtilsTest" time="0.001"/>
  <testcase name="testNullToEmptyShortObject" classname="org.apache.commons.lang3.ArrayUtilsTest" time="0.001"/>
  <testcase name="testIndexesOfBooleanWithStartIndex" classname="org.apache.commons.lang3.ArrayUtilsTest" time="0.001"/>
  <testcase name="testShiftObject" classname="org.apache.commons.lang3.ArrayUtilsTest" time="0.004"/>
  <testcase name="testIsSortedBool" classname="org.apache.commons.lang3.ArrayUtilsTest" time="0.005"/>
  <testcase name="testIsSortedByte" classname="org.apache.commons.lang3.ArrayUtilsTest" time="0.006"/>
  <testcase name="testIsSortedChar" classname="org.apache.commons.lang3.ArrayUtilsTest" time="0.005"/>
  <testcase name="testIsSortedLong" classname="org.apache.commons.lang3.ArrayUtilsTest" time="0.001"/>
  <testcase name="testShiftAllByte" classname="org.apache.commons.lang3.ArrayUtilsTest" time="0.001"/>
  <testcase name="testShiftAllChar" classname="org.apache.commons.lang3.ArrayUtilsTest" time="0.002"/>
  <testcase name="testShiftAllLong" classname="org.apache.commons.lang3.ArrayUtilsTest" time="0.002"/>
  <testcase name="testIsEmptyPrimitives" classname="org.apache.commons.lang3.ArrayUtilsTest" time="0.001"/>
  <testcase name="testNullToEmptyLongObjectEmptyArray" classname="org.apache.commons.lang3.ArrayUtilsTest" time="0.001"/>
  <testcase name="testClone" classname="org.apache.commons.lang3.ArrayUtilsTest" time="0.002"/>
  <testcase name="testSameLengthAll" classname="org.apache.commons.lang3.ArrayUtilsTest" time="0.003"/>
  <testcase name="testSameLengthInt" classname="org.apache.commons.lang3.ArrayUtilsTest" time="0.001"/>
  <testcase name="testToMap" classname="org.apache.commons.lang3.ArrayUtilsTest" time="0.004"/>
  <testcase name="testShiftAllFloat" classname="org.apache.commons.lang3.ArrayUtilsTest" time="0.001"/>
  <testcase name="testShiftRangeNullDouble" classname="org.apache.commons.lang3.ArrayUtilsTest" time="0.001"/>
  <testcase name="testShiftAllShort" classname="org.apache.commons.lang3.ArrayUtilsTest" time="0.001"/>
  <testcase name="testSwapEmptyCharArray" classname="org.apache.commons.lang3.ArrayUtilsTest" time="0.004"/>
  <testcase name="testLastIndexOf" classname="org.apache.commons.lang3.ArrayUtilsTest" time="0.001"/>
  <testcase name="testReverseDouble" classname="org.apache.commons.lang3.ArrayUtilsTest" time="0.003"/>
  <testcase name="testContainsByte" classname="org.apache.commons.lang3.ArrayUtilsTest" time="0.002"/>
  <testcase name="testContainsChar" classname="org.apache.commons.lang3.ArrayUtilsTest" time="0.0"/>
  <testcase name="testContainsLong" classname="org.apache.commons.lang3.ArrayUtilsTest" time="0.001"/>
  <testcase name="testIndexOfLongWithStartIndex" classname="org.apache.commons.lang3.ArrayUtilsTest" time="0.001"/>
  <testcase name="testReverseIntRange" classname="org.apache.commons.lang3.ArrayUtilsTest" time="0.001"/>
  <testcase name="testShiftRangeNoElemDouble" classname="org.apache.commons.lang3.ArrayUtilsTest" time="0.0"/>
  <testcase name="testSwapEmptyObjectArray" classname="org.apache.commons.lang3.ArrayUtilsTest" time="0.001"/>
  <testcase name="testNullToEmptyGenericNull" classname="org.apache.commons.lang3.ArrayUtilsTest" time="0.0"/>
  <testcase name="testToPrimitive_boolean" classname="org.apache.commons.lang3.ArrayUtilsTest" time="0.001"/>
  <testcase name="testLastIndexOfByte" classname="org.apache.commons.lang3.ArrayUtilsTest" time="0.0"/>
  <testcase name="testLastIndexOfChar" classname="org.apache.commons.lang3.ArrayUtilsTest" time="0.001"/>
  <testcase name="testLastIndexOfLong" classname="org.apache.commons.lang3.ArrayUtilsTest" time="0.0"/>
  <testcase name="testToString" classname="org.apache.commons.lang3.ArrayUtilsTest" time="0.001"/>
  <testcase name="testCloneDouble" classname="org.apache.commons.lang3.ArrayUtilsTest" time="0.0"/>
  <testcase name="testIndexesOfDoubleWithStartIndex" classname="org.apache.commons.lang3.ArrayUtilsTest" time="0.0"/>
  <testcase name="testIndexOfDoubleTolerance" classname="org.apache.commons.lang3.ArrayUtilsTest" time="0.0"/>
  <testcase name="testNullToEmptyDoubleObjectNull" classname="org.apache.commons.lang3.ArrayUtilsTest" time="0.001"/>
  <testcase name="testShiftRangeNullObject" classname="org.apache.commons.lang3.ArrayUtilsTest" time="0.001"/>
  <testcase name="testIndexOfByteWithStartIndex" classname="org.apache.commons.lang3.ArrayUtilsTest" time="0.0"/>
  <testcase name="testIndexesOfWithStartIndex" classname="org.apache.commons.lang3.ArrayUtilsTest" time="0.001"/>
  <testcase name="testIndexOfFloatNaN" classname="org.apache.commons.lang3.ArrayUtilsTest" time="0.001"/>
  <testcase name="testNullToEmptyFloatNull" classname="org.apache.commons.lang3.ArrayUtilsTest" time="0.0"/>
  <testcase name="testTextIndexesOfInt" classname="org.apache.commons.lang3.ArrayUtilsTest" time="0.001"/>
  <testcase name="testToPrimitive_double" classname="org.apache.commons.lang3.ArrayUtilsTest" time="0.002"/>
  <testcase name="testSubarrayFloat" classname="org.apache.commons.lang3.ArrayUtilsTest" time="0.001"/>
  <testcase name="testShiftRangeNoElemObject" classname="org.apache.commons.lang3.ArrayUtilsTest" time="0.001"/>
  <testcase name="testSubarrayShort" classname="org.apache.commons.lang3.ArrayUtilsTest" time="0.002"/>
  <testcase name="testNullToEmptyShortNull" classname="org.apache.commons.lang3.ArrayUtilsTest" time="0.001"/>
  <testcase name="testLastIndexOfBoolean" classname="org.apache.commons.lang3.ArrayUtilsTest" time="0.0"/>
  <testcase name="testSubarrayInt" classname="org.apache.commons.lang3.ArrayUtilsTest" time="0.002"/>
  <testcase name="testLastIndexOfIntWithStartIndex" classname="org.apache.commons.lang3.ArrayUtilsTest" time="0.0"/>
  <testcase name="testArrayCreationWithDifferentTypes" classname="org.apache.commons.lang3.ArrayUtilsTest" time="0.001"/>
  <testcase name="testNullToEmptyClassEmptyArray" classname="org.apache.commons.lang3.ArrayUtilsTest" time="0.0"/>
  <testcase name="testIndexOfDoubleWithStartIndexTolerance" classname="org.apache.commons.lang3.ArrayUtilsTest" time="0.001"/>
  <testcase name="testIndexesOfBoolean" classname="org.apache.commons.lang3.ArrayUtilsTest" time="0.001"/>
  <testcase name="testSwapFloat" classname="org.apache.commons.lang3.ArrayUtilsTest" time="0.001"/>
  <testcase name="testShiftRangeDouble" classname="org.apache.commons.lang3.ArrayUtilsTest" time="0.001"/>
  <testcase name="testSwapShort" classname="org.apache.commons.lang3.ArrayUtilsTest" time="0.0"/>
  <testcase name="testArrayCreationWithGeneralReturnType" classname="org.apache.commons.lang3.ArrayUtilsTest" time="0.001"/>
  <testcase name="testShiftNullLong" classname="org.apache.commons.lang3.ArrayUtilsTest" time="0.0"/>
  <testcase name="testNullToEmptyLongObjectNull" classname="org.apache.commons.lang3.ArrayUtilsTest" time="0.001"/>
  <testcase name="testNullToEmptyIntEmptyArray" classname="org.apache.commons.lang3.ArrayUtilsTest" time="0.001"/>
  <testcase name="testSwapNullShortArray" classname="org.apache.commons.lang3.ArrayUtilsTest" time="0.001"/>
  <testcase name="testSwapEmptyByteArray" classname="org.apache.commons.lang3.ArrayUtilsTest" time="0.0"/>
  <testcase name="testNullToEmptyByteEmptyArray" classname="org.apache.commons.lang3.ArrayUtilsTest" time="0.001"/>
  <testcase name="testGetComponentType" classname="org.apache.commons.lang3.ArrayUtilsTest" time="0.001"/>
  <testcase name="testContainsAny" classname="org.apache.commons.lang3.ArrayUtilsTest" time="0.002"/>
  <testcase name="testContainsInt" classname="org.apache.commons.lang3.ArrayUtilsTest" time="0.001"/>
  <testcase name="testIndexesOfCharWithStartIndex" classname="org.apache.commons.lang3.ArrayUtilsTest" time="0.0"/>
  <testcase name="testIndexesOfByte" classname="org.apache.commons.lang3.ArrayUtilsTest" time="0.0"/>
  <testcase name="testIndexesOfChar" classname="org.apache.commons.lang3.ArrayUtilsTest" time="0.0"/>
  <testcase name="testIndexesOfLong" classname="org.apache.commons.lang3.ArrayUtilsTest" time="0.001"/>
  <testcase name="testLastIndexOfDoubleWithStartIndexTolerance" classname="org.apache.commons.lang3.ArrayUtilsTest" time="0.0"/>
  <testcase name="testToObject_double" classname="org.apache.commons.lang3.ArrayUtilsTest" time="0.001"/>
  <testcase name="testSwapShortRange" classname="org.apache.commons.lang3.ArrayUtilsTest" time="0.0"/>
  <testcase name="testNullToEmptyCharEmptyArray" classname="org.apache.commons.lang3.ArrayUtilsTest" time="0.001"/>
  <testcase name="testLastIndexOfInt" classname="org.apache.commons.lang3.ArrayUtilsTest" time="0.001"/>
  <testcase name="testShiftRangeObject" classname="org.apache.commons.lang3.ArrayUtilsTest" time="0.0"/>
  <testcase name="testNUllToEmptyCharObjectNull" classname="org.apache.commons.lang3.ArrayUtilsTest" time="0.001"/>
  <testcase name="testShiftBoolean" classname="org.apache.commons.lang3.ArrayUtilsTest" time="0.001"/>
  <testcase name="testSubarrayByte" classname="org.apache.commons.lang3.ArrayUtilsTest" time="0.003"/>
  <testcase name="testSubarrayLong" classname="org.apache.commons.lang3.ArrayUtilsTest" time="0.002"/>
  <testcase name="testSwapNullIntArray" classname="org.apache.commons.lang3.ArrayUtilsTest" time="0.001"/>
  <testcase name="testSubarrChar" classname="org.apache.commons.lang3.ArrayUtilsTest" time="0.002"/>
  <testcase name="testArraycopySupplier" classname="org.apache.commons.lang3.ArrayUtilsTest" time="0.002"/>
  <testcase name="testIsNotEmptyPrimitives" classname="org.apache.commons.lang3.ArrayUtilsTest" time="0.0"/>
  <testcase name="testShiftNullFloat" classname="org.apache.commons.lang3.ArrayUtilsTest" time="0.001"/>
  <testcase name="testToObject_byte" classname="org.apache.commons.lang3.ArrayUtilsTest" time="0.0"/>
  <testcase name="testToObject_char" classname="org.apache.commons.lang3.ArrayUtilsTest" time="0.001"/>
  <testcase name="testToObject_long" classname="org.apache.commons.lang3.ArrayUtilsTest" time="0.001"/>
  <testcase name="testShuffleByte" classname="org.apache.commons.lang3.ArrayUtilsTest" time="0.002"/>
  <testcase name="testShuffleChar" classname="org.apache.commons.lang3.ArrayUtilsTest" time="0.002"/>
  <testcase name="testShuffleLong" classname="org.apache.commons.lang3.ArrayUtilsTest" time="0.001"/>
  <testcase name="testShiftNullShort" classname="org.apache.commons.lang3.ArrayUtilsTest" time="0.001"/>
  <testcase name="testSwapLongRange" classname="org.apache.commons.lang3.ArrayUtilsTest" time="0.001"/>
  <testcase name="testContainsDoubleNaN" classname="org.apache.commons.lang3.ArrayUtilsTest" time="0.001"/>
  <testcase name="testNullToEmptyClass" classname="org.apache.commons.lang3.ArrayUtilsTest" time="0.001"/>
  <testcase name="testNullToEmptyFloat" classname="org.apache.commons.lang3.ArrayUtilsTest" time="0.0"/>
  <testcase name="testToPrimitive_float_float" classname="org.apache.commons.lang3.ArrayUtilsTest" time="0.001"/>
  <testcase name="testNullToEmptyShort" classname="org.apache.commons.lang3.ArrayUtilsTest" time="0.0"/>
  <testcase name="testIndexesOfIntWithStartIndex" classname="org.apache.commons.lang3.ArrayUtilsTest" time="0.001"/>
  <testcase name="testNullToEmptyObjectEmptyArray" classname="org.apache.commons.lang3.ArrayUtilsTest" time="0.001"/>
  <testcase name="testIndexesOf" classname="org.apache.commons.lang3.ArrayUtilsTest" time="0.001"/>
  <testcase name="testNullToEmptyStringNull" classname="org.apache.commons.lang3.ArrayUtilsTest" time="0.001"/>
  <testcase name="testLastIndexOfLongWithStartIndex" classname="org.apache.commons.lang3.ArrayUtilsTest" time="0.001"/>
  <testcase name="testSwapNullLongArray" classname="org.apache.commons.lang3.ArrayUtilsTest" time="0.001"/>
  <testcase name="testContainsFloat" classname="org.apache.commons.lang3.ArrayUtilsTest" time="0.001"/>
  <testcase name="testShiftRangeNullByte" classname="org.apache.commons.lang3.ArrayUtilsTest" time="0.0"/>
  <testcase name="testShiftRangeNullChar" classname="org.apache.commons.lang3.ArrayUtilsTest" time="0.0"/>
  <testcase name="testShiftRangeNullLong" classname="org.apache.commons.lang3.ArrayUtilsTest" time="0.001"/>
  <testcase name="testContainsShort" classname="org.apache.commons.lang3.ArrayUtilsTest" time="0.001"/>
  <testcase name="testNullToEmptyFloatEmptyArray" classname="org.apache.commons.lang3.ArrayUtilsTest" time="0.001"/>
  <testcase name="testCreatePrimitiveArray" classname="org.apache.commons.lang3.ArrayUtilsTest" time="0.001"/>
  <testcase name="testIsNotEmptyObject" classname="org.apache.commons.lang3.ArrayUtilsTest" time="0.001"/>
  <testcase name="testToObject_int" classname="org.apache.commons.lang3.ArrayUtilsTest" time="0.001"/>
  <testcase name="testNullToEmptyIntNull" classname="org.apache.commons.lang3.ArrayUtilsTest" time="0.001"/>
  <testcase name="testContainsBoolean" classname="org.apache.commons.lang3.ArrayUtilsTest" time="0.001"/>
  <testcase name="testIndexOfInt" classname="org.apache.commons.lang3.ArrayUtilsTest" time="0.001"/>
  <testcase name="testIndexOfFloat" classname="org.apache.commons.lang3.ArrayUtilsTest" time="0.001"/>
  <testcase name="testIndexOfFloatWithStartIndex" classname="org.apache.commons.lang3.ArrayUtilsTest" time="0.0"/>
  <testcase name="testCloneByte" classname="org.apache.commons.lang3.ArrayUtilsTest" time="0.0"/>
  <testcase name="testCloneChar" classname="org.apache.commons.lang3.ArrayUtilsTest" time="0.001"/>
  <testcase name="testCloneLong" classname="org.apache.commons.lang3.ArrayUtilsTest" time="0.002"/>
  <testcase name="testIndexOfShort" classname="org.apache.commons.lang3.ArrayUtilsTest" time="0.0"/>
  <testcase name="testIsEquals" classname="org.apache.commons.lang3.ArrayUtilsTest" time="0.0"/>
  <testcase name="testEmptyArrayCreation" classname="org.apache.commons.lang3.ArrayUtilsTest" time="0.0"/>
  <testcase name="testIndexOfCharWithStartIndex" classname="org.apache.commons.lang3.ArrayUtilsTest" time="0.001"/>
  <testcase name="testLastIndexOfByteWithStartIndex" classname="org.apache.commons.lang3.ArrayUtilsTest" time="0.0"/>
  <testcase name="testNullToEmptyShortObjectNull" classname="org.apache.commons.lang3.ArrayUtilsTest" time="0.001"/>
  <testcase name="testContains" classname="org.apache.commons.lang3.ArrayUtilsTest" time="0.002"/>
  <testcase name="testSwapEmptyShortArray" classname="org.apache.commons.lang3.ArrayUtilsTest" time="0.001"/>
  <testcase name="testSwapEmptyIntArray" classname="org.apache.commons.lang3.ArrayUtilsTest" time="0.001"/>
  <testcase name="testToPrimitive_int" classname="org.apache.commons.lang3.ArrayUtilsTest" time="0.002"/>
  <testcase name="testShiftInt" classname="org.apache.commons.lang3.ArrayUtilsTest" time="0.001"/>
  <testcase name="testNullToEmptyFloatObject" classname="org.apache.commons.lang3.ArrayUtilsTest" time="0.001"/>
  <testcase name="testCloneBoolean" classname="org.apache.commons.lang3.ArrayUtilsTest" time="0.001"/>
  <testcase name="testReverseLongRange" classname="org.apache.commons.lang3.ArrayUtilsTest" time="0.001"/>
  <testcase name="testShiftRangeNoElemInt" classname="org.apache.commons.lang3.ArrayUtilsTest" time="0.0"/>
  <testcase name="testShiftRangeNoElemFloat" classname="org.apache.commons.lang3.ArrayUtilsTest" time="0.001"/>
  <testcase name="testShiftRangeNoElemShort" classname="org.apache.commons.lang3.ArrayUtilsTest" time="0.0"/>
  <testcase name="testShuffleInt" classname="org.apache.commons.lang3.ArrayUtilsTest" time="0.001"/>
  <testcase name="testSwapDoubleRange" classname="org.apache.commons.lang3.ArrayUtilsTest" time="0.0"/>
  <testcase name="testNullToEmptyBooleanNull" classname="org.apache.commons.lang3.ArrayUtilsTest" time="0.001"/>
  <testcase name="testIndirectArrayCreation" classname="org.apache.commons.lang3.ArrayUtilsTest" time="0.001"/>
  <testcase name="testSwapIntExchangedOffsets" classname="org.apache.commons.lang3.ArrayUtilsTest" time="0.001"/>
  <testcase name="testNullToEmptyBooleanEmptyArray" classname="org.apache.commons.lang3.ArrayUtilsTest" time="0.0"/>
  <testcase name="testNullToEmptyGenericNullType" classname="org.apache.commons.lang3.ArrayUtilsTest" time="0.001"/>
  <testcase name="testToObject_boolean" classname="org.apache.commons.lang3.ArrayUtilsTest" time="0.001"/>
  <testcase name="testSwapByte" classname="org.apache.commons.lang3.ArrayUtilsTest" time="0.001"/>
  <testcase name="testSwapChar" classname="org.apache.commons.lang3.ArrayUtilsTest" time="0.0"/>
  <testcase name="testSwapLong" classname="org.apache.commons.lang3.ArrayUtilsTest" time="0.001"/>
  <testcase name="testSameLengthDouble" classname="org.apache.commons.lang3.ArrayUtilsTest" time="0.0"/>
  <testcase name="testSwapNullDoubleArray" classname="org.apache.commons.lang3.ArrayUtilsTest" time="0.001"/>
  <testcase name="testToPrimitive_long_long" classname="org.apache.commons.lang3.ArrayUtilsTest" time="0.001"/>
  <testcase name="testIsSorted" classname="org.apache.commons.lang3.ArrayUtilsTest" time="0.001"/>
  <testcase name="testContainsFloatNaN" classname="org.apache.commons.lang3.ArrayUtilsTest" time="0.0"/>
  <testcase name="testIsSortedInt" classname="org.apache.commons.lang3.ArrayUtilsTest" time="0.001"/>
  <testcase name="testIndexOfBooleanWithStartIndex" classname="org.apache.commons.lang3.ArrayUtilsTest" time="0.001"/>
  <testcase name="testIndexOfByte" classname="org.apache.commons.lang3.ArrayUtilsTest" time="0.001"/>
  <testcase name="testIndexOfChar" classname="org.apache.commons.lang3.ArrayUtilsTest" time="0.001"/>
  <testcase name="testIndexOfLong" classname="org.apache.commons.lang3.ArrayUtilsTest" time="0.0"/>
  <testcase name="testIndexesOfFloatWithStartIndex" classname="org.apache.commons.lang3.ArrayUtilsTest" time="0.0"/>
  <testcase name="testSwapObjectRange" classname="org.apache.commons.lang3.ArrayUtilsTest" time="0.001"/>
  <testcase name="testNullToEmptyLongObject" classname="org.apache.commons.lang3.ArrayUtilsTest" time="0.001"/>
  <testcase name="testReverseShortRange" classname="org.apache.commons.lang3.ArrayUtilsTest" time="0.0"/>
  <testcase name="testReverseDoubleRange" classname="org.apache.commons.lang3.ArrayUtilsTest" time="0.001"/>
  <testcase name="testReverse" classname="org.apache.commons.lang3.ArrayUtilsTest" time="0.001"/>
  <testcase name="testIndexesOfDoubleTolerance" classname="org.apache.commons.lang3.ArrayUtilsTest" time="0.001"/>
  <testcase name="testSwapNullObjectArray" classname="org.apache.commons.lang3.ArrayUtilsTest" time="0.0"/>
  <testcase name="testLastIndexOfDoubleTolerance" classname="org.apache.commons.lang3.ArrayUtilsTest" time="0.001"/>
  <testcase name="testShuffleBoolean" classname="org.apache.commons.lang3.ArrayUtilsTest" time="0.001"/>
  <testcase name="testToPrimitive_intNull" classname="org.apache.commons.lang3.ArrayUtilsTest" time="0.001"/>
  <testcase name="testToPrimitive_int_int" classname="org.apache.commons.lang3.ArrayUtilsTest" time="0.001"/>
  <testcase name="testSubarrayDouble" classname="org.apache.commons.lang3.ArrayUtilsTest" time="0.001"/>
  <testcase name="testReverseByte" classname="org.apache.commons.lang3.ArrayUtilsTest" time="0.001"/>
  <testcase name="testReverseChar" classname="org.apache.commons.lang3.ArrayUtilsTest" time="0.0"/>
  <testcase name="testReverseLong" classname="org.apache.commons.lang3.ArrayUtilsTest" time="0.001"/>
  <testcase name="testHashCode" classname="org.apache.commons.lang3.ArrayUtilsTest" time="0.004"/>
  <testcase name="testReverseFloat" classname="org.apache.commons.lang3.ArrayUtilsTest" time="0.0"/>
  <testcase name="testLastIndexOfWithStartIndex" classname="org.apache.commons.lang3.ArrayUtilsTest" time="0.001"/>
  <testcase name="testReverseShort" classname="org.apache.commons.lang3.ArrayUtilsTest" time="0.0"/>
  <testcase name="testIndexOfDouble" classname="org.apache.commons.lang3.ArrayUtilsTest" time="0.001"/>
  <testcase name="testReverseObjectRange" classname="org.apache.commons.lang3.ArrayUtilsTest" time="0.001"/>
  <testcase name="testLastIndexOfBooleanWithStartIndex" classname="org.apache.commons.lang3.ArrayUtilsTest" time="0.0"/>
  <testcase name="testNullToEmptyCharNull" classname="org.apache.commons.lang3.ArrayUtilsTest" time="0.0"/>
  <testcase name="testShiftNullDouble" classname="org.apache.commons.lang3.ArrayUtilsTest" time="0.001"/>
  <testcase name="testLastIndexOfFloatWithStartIndex" classname="org.apache.commons.lang3.ArrayUtilsTest" time="0.001"/>
  <testcase name="testNullToEmptyGenericEmpty" classname="org.apache.commons.lang3.ArrayUtilsTest" time="0.001"/>
  <testcase name="testToStringArray_array" classname="org.apache.commons.lang3.ArrayUtilsTest" time="0.001"/>
  <testcase name="testSwapEmptyBooleanArray" classname="org.apache.commons.lang3.ArrayUtilsTest" time="0.001"/>
  <testcase name="testNullToEmptyFloatObjectEmptyArray" classname="org.apache.commons.lang3.ArrayUtilsTest" time="0.001"/>
  <testcase name="testSameLengthFloat" classname="org.apache.commons.lang3.ArrayUtilsTest" time="0.001"/>
  <testcase name="testSubarrayObject" classname="org.apache.commons.lang3.ArrayUtilsTest" time="0.011">
    <system-err><![CDATA[java.lang.instrument.IllegalClassFormatException: Error while instrumenting java/sql/Date.
	at org.jacoco.agent.rt.internal_3570298.CoverageTransformer.transform(CoverageTransformer.java:94)
	at java.instrument/java.lang.instrument.ClassFileTransformer.transform(ClassFileTransformer.java:244)
	at java.instrument/sun.instrument.TransformerManager.transform(TransformerManager.java:188)
	at java.instrument/sun.instrument.InstrumentationImpl.transform(InstrumentationImpl.java:610)
	at java.base/java.lang.ClassLoader.defineClass2(Native Method)
	at java.base/java.lang.ClassLoader.defineClass(ClassLoader.java:1118)
	at java.base/java.security.SecureClassLoader.defineClass(SecureClassLoader.java:182)
	at java.base/jdk.internal.loader.BuiltinClassLoader.defineClass(BuiltinClassLoader.java:821)
	at java.base/jdk.internal.loader.BuiltinClassLoader.findClassInModuleOrNull(BuiltinClassLoader.java:741)
	at java.base/jdk.internal.loader.BuiltinClassLoader.loadClassOrNull(BuiltinClassLoader.java:665)
	at java.base/jdk.internal.loader.BuiltinClassLoader.loadClassOrNull(BuiltinClassLoader.java:700)
	at java.base/jdk.internal.loader.BuiltinClassLoader.loadClassOrNull(BuiltinClassLoader.java:669)
	at java.base/jdk.internal.loader.BuiltinClassLoader.loadClass(BuiltinClassLoader.java:639)
	at java.base/jdk.internal.loader.ClassLoaders$AppClassLoader.loadClass(ClassLoaders.java:188)
	at java.base/java.lang.ClassLoader.loadClass(ClassLoader.java:526)
	at org.apache.commons.lang3.ArrayUtilsTest.testSubarrayObject(ArrayUtilsTest.java:5450)
	at java.base/jdk.internal.reflect.DirectMethodHandleAccessor.invoke(DirectMethodHandleAccessor.java:103)
	at java.base/java.lang.reflect.Method.invoke(Method.java:580)
	at org.junit.platform.commons.util.ReflectionUtils.invokeMethod(ReflectionUtils.java:766)
	at org.junit.jupiter.engine.execution.MethodInvocation.proceed(MethodInvocation.java:60)
	at org.junit.jupiter.engine.execution.InvocationInterceptorChain$ValidatingInvocation.proceed(InvocationInterceptorChain.java:131)
	at org.junit.jupiter.engine.extension.TimeoutExtension.intercept(TimeoutExtension.java:156)
	at org.junit.jupiter.engine.extension.TimeoutExtension.interceptTestableMethod(TimeoutExtension.java:147)
	at org.junit.jupiter.engine.extension.TimeoutExtension.interceptTestMethod(TimeoutExtension.java:86)
	at org.junit.jupiter.engine.execution.InterceptingExecutableInvoker$ReflectiveInterceptorCall.lambda$ofVoidMethod$0(InterceptingExecutableInvoker.java:103)
	at org.junit.jupiter.engine.execution.InterceptingExecutableInvoker.lambda$invoke$0(InterceptingExecutableInvoker.java:93)
	at org.junit.jupiter.engine.execution.InvocationInterceptorChain$InterceptedInvocation.proceed(InvocationInterceptorChain.java:106)
	at org.junit.jupiter.engine.execution.InvocationInterceptorChain.proceed(InvocationInterceptorChain.java:64)
	at org.junit.jupiter.engine.execution.InvocationInterceptorChain.chainAndInvoke(InvocationInterceptorChain.java:45)
	at org.junit.jupiter.engine.execution.InvocationInterceptorChain.invoke(InvocationInterceptorChain.java:37)
	at org.junit.jupiter.engine.execution.InterceptingExecutableInvoker.invoke(InterceptingExecutableInvoker.java:92)
	at org.junit.jupiter.engine.execution.InterceptingExecutableInvoker.invoke(InterceptingExecutableInvoker.java:86)
	at org.junit.jupiter.engine.descriptor.TestMethodTestDescriptor.lambda$invokeTestMethod$8(TestMethodTestDescriptor.java:217)
	at org.junit.platform.engine.support.hierarchical.ThrowableCollector.execute(ThrowableCollector.java:73)
	at org.junit.jupiter.engine.descriptor.TestMethodTestDescriptor.invokeTestMethod(TestMethodTestDescriptor.java:213)
	at org.junit.jupiter.engine.descriptor.TestMethodTestDescriptor.execute(TestMethodTestDescriptor.java:138)
	at org.junit.jupiter.engine.descriptor.TestMethodTestDescriptor.execute(TestMethodTestDescriptor.java:68)
	at org.junit.platform.engine.support.hierarchical.NodeTestTask.lambda$executeRecursively$6(NodeTestTask.java:151)
	at org.junit.platform.engine.support.hierarchical.ThrowableCollector.execute(ThrowableCollector.java:73)
	at org.junit.platform.engine.support.hierarchical.NodeTestTask.lambda$executeRecursively$8(NodeTestTask.java:141)
	at org.junit.platform.engine.support.hierarchical.Node.around(Node.java:137)
	at org.junit.platform.engine.support.hierarchical.NodeTestTask.lambda$executeRecursively$9(NodeTestTask.java:139)
	at org.junit.platform.engine.support.hierarchical.ThrowableCollector.execute(ThrowableCollector.java:73)
	at org.junit.platform.engine.support.hierarchical.NodeTestTask.executeRecursively(NodeTestTask.java:138)
	at org.junit.platform.engine.support.hierarchical.NodeTestTask.execute(NodeTestTask.java:95)
	at java.base/java.util.ArrayList.forEach(ArrayList.java:1596)
	at org.junit.platform.engine.support.hierarchical.SameThreadHierarchicalTestExecutorService.invokeAll(SameThreadHierarchicalTestExecutorService.java:41)
	at org.junit.platform.engine.support.hierarchical.NodeTestTask.lambda$executeRecursively$6(NodeTestTask.java:155)
	at org.junit.platform.engine.support.hierarchical.ThrowableCollector.execute(ThrowableCollector.java:73)
	at org.junit.platform.engine.support.hierarchical.NodeTestTask.lambda$executeRecursively$8(NodeTestTask.java:141)
	at org.junit.platform.engine.support.hierarchical.Node.around(Node.java:137)
	at org.junit.platform.engine.support.hierarchical.NodeTestTask.lambda$executeRecursively$9(NodeTestTask.java:139)
	at org.junit.platform.engine.support.hierarchical.ThrowableCollector.execute(ThrowableCollector.java:73)
	at org.junit.platform.engine.support.hierarchical.NodeTestTask.executeRecursively(NodeTestTask.java:138)
	at org.junit.platform.engine.support.hierarchical.NodeTestTask.execute(NodeTestTask.java:95)
	at java.base/java.util.ArrayList.forEach(ArrayList.java:1596)
	at org.junit.platform.engine.support.hierarchical.SameThreadHierarchicalTestExecutorService.invokeAll(SameThreadHierarchicalTestExecutorService.java:41)
	at org.junit.platform.engine.support.hierarchical.NodeTestTask.lambda$executeRecursively$6(NodeTestTask.java:155)
	at org.junit.platform.engine.support.hierarchical.ThrowableCollector.execute(ThrowableCollector.java:73)
	at org.junit.platform.engine.support.hierarchical.NodeTestTask.lambda$executeRecursively$8(NodeTestTask.java:141)
	at org.junit.platform.engine.support.hierarchical.Node.around(Node.java:137)
	at org.junit.platform.engine.support.hierarchical.NodeTestTask.lambda$executeRecursively$9(NodeTestTask.java:139)
	at org.junit.platform.engine.support.hierarchical.ThrowableCollector.execute(ThrowableCollector.java:73)
	at org.junit.platform.engine.support.hierarchical.NodeTestTask.executeRecursively(NodeTestTask.java:138)
	at org.junit.platform.engine.support.hierarchical.NodeTestTask.execute(NodeTestTask.java:95)
	at org.junit.platform.engine.support.hierarchical.SameThreadHierarchicalTestExecutorService.submit(SameThreadHierarchicalTestExecutorService.java:35)
	at org.junit.platform.engine.support.hierarchical.HierarchicalTestExecutor.execute(HierarchicalTestExecutor.java:57)
	at org.junit.platform.engine.support.hierarchical.HierarchicalTestEngine.execute(HierarchicalTestEngine.java:54)
	at org.junit.platform.launcher.core.EngineExecutionOrchestrator.execute(EngineExecutionOrchestrator.java:198)
	at org.junit.platform.launcher.core.EngineExecutionOrchestrator.execute(EngineExecutionOrchestrator.java:169)
	at org.junit.platform.launcher.core.EngineExecutionOrchestrator.execute(EngineExecutionOrchestrator.java:93)
	at org.junit.platform.launcher.core.EngineExecutionOrchestrator.lambda$execute$0(EngineExecutionOrchestrator.java:58)
	at org.junit.platform.launcher.core.EngineExecutionOrchestrator.withInterceptedStreams(EngineExecutionOrchestrator.java:141)
	at org.junit.platform.launcher.core.EngineExecutionOrchestrator.execute(EngineExecutionOrchestrator.java:57)
	at org.junit.platform.launcher.core.DefaultLauncher.execute(DefaultLauncher.java:103)
	at org.junit.platform.launcher.core.DefaultLauncher.execute(DefaultLauncher.java:85)
	at org.junit.platform.launcher.core.DelegatingLauncher.execute(DelegatingLauncher.java:47)
	at org.apache.maven.surefire.junitplatform.LazyLauncher.execute(LazyLauncher.java:56)
	at org.apache.maven.surefire.junitplatform.JUnitPlatformProvider.execute(JUnitPlatformProvider.java:184)
	at org.apache.maven.surefire.junitplatform.JUnitPlatformProvider.invokeAllTests(JUnitPlatformProvider.java:148)
	at org.apache.maven.surefire.junitplatform.JUnitPlatformProvider.invoke(JUnitPlatformProvider.java:122)
	at org.apache.maven.surefire.booter.ForkedBooter.runSuitesInProcess(ForkedBooter.java:385)
	at org.apache.maven.surefire.booter.ForkedBooter.execute(ForkedBooter.java:162)
	at org.apache.maven.surefire.booter.ForkedBooter.run(ForkedBooter.java:507)
	at org.apache.maven.surefire.booter.ForkedBooter.main(ForkedBooter.java:495)
Caused by: java.io.IOException: Error while instrumenting java/sql/Date.
	at org.jacoco.agent.rt.internal_3570298.core.instr.Instrumenter.instrumentError(Instrumenter.java:160)
	at org.jacoco.agent.rt.internal_3570298.core.instr.Instrumenter.instrument(Instrumenter.java:110)
	at org.jacoco.agent.rt.internal_3570298.CoverageTransformer.transform(CoverageTransformer.java:92)
	... 84 more
Caused by: java.lang.IllegalArgumentException: Unsupported class file major version 65
	at org.jacoco.agent.rt.internal_3570298.asm.ClassReader.<init>(ClassReader.java:196)
	at org.jacoco.agent.rt.internal_3570298.asm.ClassReader.<init>(ClassReader.java:177)
	at org.jacoco.agent.rt.internal_3570298.asm.ClassReader.<init>(ClassReader.java:163)
	at org.jacoco.agent.rt.internal_3570298.core.internal.instr.InstrSupport.classReaderFor(InstrSupport.java:280)
	at org.jacoco.agent.rt.internal_3570298.core.instr.Instrumenter.instrument(Instrumenter.java:76)
	at org.jacoco.agent.rt.internal_3570298.core.instr.Instrumenter.instrument(Instrumenter.java:108)
	... 85 more
]]></system-err>
  </testcase>
  <testcase name="testSameLengthShort" classname="org.apache.commons.lang3.ArrayUtilsTest" time="0.002"/>
  <testcase name="testLastIndexOfCharWithStartIndex" classname="org.apache.commons.lang3.ArrayUtilsTest" time="0.001"/>
  <testcase name="testNullToEmptyIntObject" classname="org.apache.commons.lang3.ArrayUtilsTest" time="0.002"/>
  <testcase name="testIndexesOfFloat" classname="org.apache.commons.lang3.ArrayUtilsTest" time="0.001"/>
  <testcase name="testIndexesOfShort" classname="org.apache.commons.lang3.ArrayUtilsTest" time="0.004"/>
  <testcase name="testShiftFloat" classname="org.apache.commons.lang3.ArrayUtilsTest" time="0.002"/>
  <testcase name="testShiftShort" classname="org.apache.commons.lang3.ArrayUtilsTest" time="0.002"/>
  <testcase name="testSwapCharRange" classname="org.apache.commons.lang3.ArrayUtilsTest" time="0.001"/>
  <testcase name="testNullToEmptyIntObjectEmptyArray" classname="org.apache.commons.lang3.ArrayUtilsTest" time="0.006"/>
  <testcase name="testReverseBooleanRange" classname="org.apache.commons.lang3.ArrayUtilsTest" time="0.002"/>
  <testcase name="testToObject_float" classname="org.apache.commons.lang3.ArrayUtilsTest" time="0.005"/>
  <testcase name="testSwapNullFloatArray" classname="org.apache.commons.lang3.ArrayUtilsTest" time="0.0"/>
  <testcase name="testNullToEmptyDoubleEmptyArray" classname="org.apache.commons.lang3.ArrayUtilsTest" time="0.0"/>
  <testcase name="testToObject_short" classname="org.apache.commons.lang3.ArrayUtilsTest" time="0.002"/>
  <testcase name="testGetLength" classname="org.apache.commons.lang3.ArrayUtilsTest" time="0.003"/>
  <testcase name="testLastIndexOfDoubleWithStartIndex" classname="org.apache.commons.lang3.ArrayUtilsTest" time="0.002"/>
  <testcase name="testSameLengthByte" classname="org.apache.commons.lang3.ArrayUtilsTest" time="0.002"/>
  <testcase name="testSameLengthChar" classname="org.apache.commons.lang3.ArrayUtilsTest" time="0.001"/>
  <testcase name="testSameLengthLong" classname="org.apache.commons.lang3.ArrayUtilsTest" time="0.002"/>
  <testcase name="testNullToEmptyClassNull" classname="org.apache.commons.lang3.ArrayUtilsTest" time="0.002"/>
  <testcase name="testShuffleFloat" classname="org.apache.commons.lang3.ArrayUtilsTest" time="0.001"/>
  <testcase name="testShuffleShort" classname="org.apache.commons.lang3.ArrayUtilsTest" time="0.001"/>
  <testcase name="testSwapNullCharArray" classname="org.apache.commons.lang3.ArrayUtilsTest" time="0.003"/>
  <testcase name="testLastIndexOfFloat" classname="org.apache.commons.lang3.ArrayUtilsTest" time="0.002"/>
  <testcase name="testLastIndexOfShort" classname="org.apache.commons.lang3.ArrayUtilsTest" time="0.001"/>
  <testcase name="testCloneFloat" classname="org.apache.commons.lang3.ArrayUtilsTest" time="0.003"/>
  <testcase name="testSwapBoolean" classname="org.apache.commons.lang3.ArrayUtilsTest" time="0.001"/>
  <testcase name="testCloneShort" classname="org.apache.commons.lang3.ArrayUtilsTest" time="0.009"/>
  <testcase name="testSwapFloatRange" classname="org.apache.commons.lang3.ArrayUtilsTest" time="0.004"/>
  <testcase name="testShiftNullObject" classname="org.apache.commons.lang3.ArrayUtilsTest" time="0.001"/>
  <testcase name="testNullToEmptyShortObjectEmptyArray" classname="org.apache.commons.lang3.ArrayUtilsTest" time="0.002"/>
  <testcase name="testToPrimitive_byte" classname="org.apache.commons.lang3.ArrayUtilsTest" time="0.006"/>
  <testcase name="testToPrimitive_char" classname="org.apache.commons.lang3.ArrayUtilsTest" time="0.005"/>
  <testcase name="testToPrimitive_long" classname="org.apache.commons.lang3.ArrayUtilsTest" time="0.007"/>
  <testcase name="testShuffleDouble" classname="org.apache.commons.lang3.ArrayUtilsTest" time="0.001"/>
  <testcase name="testIsEmptyObject" classname="org.apache.commons.lang3.ArrayUtilsTest" time="0.003"/>
  <testcase name="testNullToEmptyStringEmptyArray" classname="org.apache.commons.lang3.ArrayUtilsTest" time="0.026"/>
  <testcase name="testIndexOf" classname="org.apache.commons.lang3.ArrayUtilsTest" time="0.002"/>
  <testcase name="testIndexOfShortWithStartIndex" classname="org.apache.commons.lang3.ArrayUtilsTest" time="0.006"/>
  <testcase name="testShiftByte" classname="org.apache.commons.lang3.ArrayUtilsTest" time="0.002"/>
  <testcase name="testShiftChar" classname="org.apache.commons.lang3.ArrayUtilsTest" time="0.004"/>
  <testcase name="testShiftLong" classname="org.apache.commons.lang3.ArrayUtilsTest" time="0.011"/>
  <testcase name="testShiftRangeInt" classname="org.apache.commons.lang3.ArrayUtilsTest" time="0.001"/>
  <testcase name="testSameLength" classname="org.apache.commons.lang3.ArrayUtilsTest" time="0.005"/>
  <testcase name="testIndexOfDoubleNaN" classname="org.apache.commons.lang3.ArrayUtilsTest" time="0.002"/>
  <testcase name="testNullToEmptyLongEmptyArray" classname="org.apache.commons.lang3.ArrayUtilsTest" time="0.001"/>
  <testcase name="testIndexOfIntWithStartIndex" classname="org.apache.commons.lang3.ArrayUtilsTest" time="0.001"/>
  <testcase name="testNullToEmptyIntObjectNull" classname="org.apache.commons.lang3.ArrayUtilsTest" time="0.001"/>
  <testcase name="testReverseCharRange" classname="org.apache.commons.lang3.ArrayUtilsTest" time="0.001"/>
  <testcase name="testShuffle" classname="org.apache.commons.lang3.ArrayUtilsTest" time="0.001"/>
  <testcase name="testNullToEmptyByteObjectNull" classname="org.apache.commons.lang3.ArrayUtilsTest" time="0.001"/>
  <testcase name="testSwapEmptyLongArray" classname="org.apache.commons.lang3.ArrayUtilsTest" time="0.001"/>
  <testcase name="testCloneInt" classname="org.apache.commons.lang3.ArrayUtilsTest" time="0.0"/>
  <testcase name="testIsArrayIndexValid" classname="org.apache.commons.lang3.ArrayUtilsTest" time="0.0"/>
  <testcase name="testNullToEmptyByteObject" classname="org.apache.commons.lang3.ArrayUtilsTest" time="0.001"/>
  <testcase name="testNullToEmptyCharObjectEmptyArray" classname="org.apache.commons.lang3.ArrayUtilsTest" time="0.001"/>
  <testcase name="testNullToEmptyLongNull" classname="org.apache.commons.lang3.ArrayUtilsTest" time="0.001"/>
  <testcase name="testGetDefault" classname="org.apache.commons.lang3.ArrayUtilsTest" time="0.001"/>
  <testcase name="testSwapEmptyFloatArray" classname="org.apache.commons.lang3.ArrayUtilsTest" time="0.001"/>
  <testcase name="testSwapByteRange" classname="org.apache.commons.lang3.ArrayUtilsTest" time="0.001"/>
  <testcase name="testSameLengthBoolean" classname="org.apache.commons.lang3.ArrayUtilsTest" time="0.0"/>
  <testcase name="testToPrimitive_char_char" classname="org.apache.commons.lang3.ArrayUtilsTest" time="0.001"/>
  <testcase name="testIsSortedNullComparator" classname="org.apache.commons.lang3.ArrayUtilsTest" time="0.001"/>
  <testcase name="testShiftNullInt" classname="org.apache.commons.lang3.ArrayUtilsTest" time="0.003"/>
  <testcase name="testIndexesOfDoubleWithStartIndexTolerance" classname="org.apache.commons.lang3.ArrayUtilsTest" time="0.001"/>
  <testcase name="testIndirectEmptyArrayCreation" classname="org.apache.commons.lang3.ArrayUtilsTest" time="0.001"/>
  <testcase name="testReverseBoolean" classname="org.apache.commons.lang3.ArrayUtilsTest" time="0.001"/>
  <testcase name="testToPrimitive_boolean_boolean" classname="org.apache.commons.lang3.ArrayUtilsTest" time="0.001"/>
  <testcase name="testIndexesOfDouble" classname="org.apache.commons.lang3.ArrayUtilsTest" time="0.002"/>
  <testcase name="testCreatePrimitiveArrayViaObjectArray" classname="org.apache.commons.lang3.ArrayUtilsTest" time="0.002"/>
  <testcase name="testNullToEmptyBooleanObject" classname="org.apache.commons.lang3.ArrayUtilsTest" time="0.001"/>
  <testcase name="testSwapNullByteArray" classname="org.apache.commons.lang3.ArrayUtilsTest" time="0.001"/>
  <testcase name="testSwapDouble" classname="org.apache.commons.lang3.ArrayUtilsTest" time="0.0"/>
  <testcase name="testConstructor" classname="org.apache.commons.lang3.ArrayUtilsTest" time="0.001"/>
  <testcase name="testNullToEmptyByteNull" classname="org.apache.commons.lang3.ArrayUtilsTest" time="0.001"/>
  <testcase name="testShiftRangeFloat" classname="org.apache.commons.lang3.ArrayUtilsTest" time="0.001"/>
  <testcase name="testSwapIntRange" classname="org.apache.commons.lang3.ArrayUtilsTest" time="0.001"/>
  <testcase name="testShiftRangeShort" classname="org.apache.commons.lang3.ArrayUtilsTest" time="0.001"/>
  <testcase name="testNullToEmptyDoubleObjectEmptyArray" classname="org.apache.commons.lang3.ArrayUtilsTest" time="0.001"/>
  <testcase name="testSwapInt" classname="org.apache.commons.lang3.ArrayUtilsTest" time="0.001"/>
  <testcase name="testNullToEmptyFloatObjectNull" classname="org.apache.commons.lang3.ArrayUtilsTest" time="0.001"/>
  <testcase name="testContains_LANG_1261" classname="org.apache.commons.lang3.ArrayUtilsTest" time="0.004"/>
  <testcase name="testIndexesOfShortWithStartIndex" classname="org.apache.commons.lang3.ArrayUtilsTest" time="0.0"/>
  <testcase name="testIndexOfWithStartIndex" classname="org.apache.commons.lang3.ArrayUtilsTest" time="0.001"/>
  <testcase name="testContainsDouble" classname="org.apache.commons.lang3.ArrayUtilsTest" time="0.001"/>
</testsuite>