<?xml version="1.0" encoding="UTF-8"?>
<testsuite xmlns:xsi="http://www.w3.org/2001/XMLSchema-instance" xsi:noNamespaceSchemaLocation="https://maven.apache.org/surefire/maven-surefire-plugin/xsd/surefire-test-report.xsd" version="3.0.2" name="org.apache.commons.lang3.time.CalendarUtilsTest" time="3.843" tests="1899" errors="0" skipped="0" failures="0">
  <properties>
    <property name="java.specification.version" value="21"/>
    <property name="sun.cpu.isalist" value="amd64"/>
    <property name="sun.jnu.encoding" value="Cp1253"/>
    <property name="java.class.path" value="C:\Users\user\Code_generation_LLMs\AutoTestLab\packages\commons-lang3-3.17.0-src\target\test-classes;C:\Users\user\Code_generation_LLMs\AutoTestLab\packages\commons-lang3-3.17.0-src\target\classes;C:\Users\user\.m2\repository\org\junit\jupiter\junit-jupiter\5.11.0\junit-jupiter-5.11.0.jar;C:\Users\user\.m2\repository\org\junit\jupiter\junit-jupiter-api\5.11.0\junit-jupiter-api-5.11.0.jar;C:\Users\user\.m2\repository\org\opentest4j\opentest4j\1.3.0\opentest4j-1.3.0.jar;C:\Users\user\.m2\repository\org\junit\platform\junit-platform-commons\1.11.0\junit-platform-commons-1.11.0.jar;C:\Users\user\.m2\repository\org\apiguardian\apiguardian-api\1.1.2\apiguardian-api-1.1.2.jar;C:\Users\user\.m2\repository\org\junit\jupiter\junit-jupiter-params\5.11.0\junit-jupiter-params-5.11.0.jar;C:\Users\user\.m2\repository\org\junit\jupiter\junit-jupiter-engine\5.11.0\junit-jupiter-engine-5.11.0.jar;C:\Users\user\.m2\repository\org\junit\platform\junit-platform-engine\1.11.0\junit-platform-engine-1.11.0.jar;C:\Users\user\.m2\repository\org\junit-pioneer\junit-pioneer\1.9.1\junit-pioneer-1.9.1.jar;C:\Users\user\.m2\repository\org\junit\platform\junit-platform-launcher\1.11.0\junit-platform-launcher-1.11.0.jar;C:\Users\user\.m2\repository\org\hamcrest\hamcrest\3.0\hamcrest-3.0.jar;C:\Users\user\.m2\repository\org\easymock\easymock\5.4.0\easymock-5.4.0.jar;C:\Users\user\.m2\repository\net\bytebuddy\byte-buddy\1.14.18\byte-buddy-1.14.18.jar;C:\Users\user\.m2\repository\org\ow2\asm\asm\9.7\asm-9.7.jar;C:\Users\user\.m2\repository\org\objenesis\objenesis\3.4\objenesis-3.4.jar;C:\Users\user\.m2\repository\org\apache\commons\commons-text\1.12.0\commons-text-1.12.0.jar;C:\Users\user\.m2\repository\org\apache\commons\commons-lang3\3.14.0\commons-lang3-3.14.0.jar;C:\Users\user\.m2\repository\org\openjdk\jmh\jmh-core\1.37\jmh-core-1.37.jar;C:\Users\user\.m2\repository\net\sf\jopt-simple\jopt-simple\5.0.4\jopt-simple-5.0.4.jar;C:\Users\user\.m2\repository\org\apache\commons\commons-math3\3.6.1\commons-math3-3.6.1.jar;C:\Users\user\.m2\repository\org\openjdk\jmh\jmh-generator-annprocess\1.37\jmh-generator-annprocess-1.37.jar;C:\Users\user\.m2\repository\com\google\code\findbugs\jsr305\3.0.2\jsr305-3.0.2.jar;"/>
    <property name="java.vm.vendor" value="Oracle Corporation"/>
    <property name="doesnotwork" value="It works!"/>
    <property name="sun.arch.data.model" value="64"/>
    <property name="user.variant" value=""/>
    <property name="java.vendor.url" value="https://java.oracle.com/"/>
    <property name="user.timezone" value="Europe/Athens"/>
    <property name="test_key" value="test_value"/>
    <property name="os.name" value="Windows 10"/>
    <property name="java.vm.specification.version" value="21"/>
    <property name="sun.java.launcher" value="SUN_STANDARD"/>
    <property name="user.country" value="GR"/>
    <property name="sun.boot.library.path" value="C:\Program Files\Java\jdk-21\bin"/>
    <property name="sun.java.command" value="C:\Users\user\AppData\Local\Temp\surefire16562866153069575988\surefirebooter-20241011161714472_3.jar C:\Users\user\AppData\Local\Temp\surefire16562866153069575988 2024-10-11T16-17-14_121-jvmRun1 surefire-20241011161714472_1tmp surefire_0-20241011161714472_2tmp"/>
    <property name="jdk.debug" value="release"/>
    <property name="surefire.test.class.path" value="C:\Users\user\Code_generation_LLMs\AutoTestLab\packages\commons-lang3-3.17.0-src\target\test-classes;C:\Users\user\Code_generation_LLMs\AutoTestLab\packages\commons-lang3-3.17.0-src\target\classes;C:\Users\user\.m2\repository\org\junit\jupiter\junit-jupiter\5.11.0\junit-jupiter-5.11.0.jar;C:\Users\user\.m2\repository\org\junit\jupiter\junit-jupiter-api\5.11.0\junit-jupiter-api-5.11.0.jar;C:\Users\user\.m2\repository\org\opentest4j\opentest4j\1.3.0\opentest4j-1.3.0.jar;C:\Users\user\.m2\repository\org\junit\platform\junit-platform-commons\1.11.0\junit-platform-commons-1.11.0.jar;C:\Users\user\.m2\repository\org\apiguardian\apiguardian-api\1.1.2\apiguardian-api-1.1.2.jar;C:\Users\user\.m2\repository\org\junit\jupiter\junit-jupiter-params\5.11.0\junit-jupiter-params-5.11.0.jar;C:\Users\user\.m2\repository\org\junit\jupiter\junit-jupiter-engine\5.11.0\junit-jupiter-engine-5.11.0.jar;C:\Users\user\.m2\repository\org\junit\platform\junit-platform-engine\1.11.0\junit-platform-engine-1.11.0.jar;C:\Users\user\.m2\repository\org\junit-pioneer\junit-pioneer\1.9.1\junit-pioneer-1.9.1.jar;C:\Users\user\.m2\repository\org\junit\platform\junit-platform-launcher\1.11.0\junit-platform-launcher-1.11.0.jar;C:\Users\user\.m2\repository\org\hamcrest\hamcrest\3.0\hamcrest-3.0.jar;C:\Users\user\.m2\repository\org\easymock\easymock\5.4.0\easymock-5.4.0.jar;C:\Users\user\.m2\repository\net\bytebuddy\byte-buddy\1.14.18\byte-buddy-1.14.18.jar;C:\Users\user\.m2\repository\org\ow2\asm\asm\9.7\asm-9.7.jar;C:\Users\user\.m2\repository\org\objenesis\objenesis\3.4\objenesis-3.4.jar;C:\Users\user\.m2\repository\org\apache\commons\commons-text\1.12.0\commons-text-1.12.0.jar;C:\Users\user\.m2\repository\org\apache\commons\commons-lang3\3.14.0\commons-lang3-3.14.0.jar;C:\Users\user\.m2\repository\org\openjdk\jmh\jmh-core\1.37\jmh-core-1.37.jar;C:\Users\user\.m2\repository\net\sf\jopt-simple\jopt-simple\5.0.4\jopt-simple-5.0.4.jar;C:\Users\user\.m2\repository\org\apache\commons\commons-math3\3.6.1\commons-math3-3.6.1.jar;C:\Users\user\.m2\repository\org\openjdk\jmh\jmh-generator-annprocess\1.37\jmh-generator-annprocess-1.37.jar;C:\Users\user\.m2\repository\com\google\code\findbugs\jsr305\3.0.2\jsr305-3.0.2.jar;"/>
    <property name="sun.cpu.endian" value="little"/>
    <property name="user.home" value="C:\Users\user"/>
    <property name="user.language" value="el"/>
    <property name="java.specification.vendor" value="Oracle Corporation"/>
    <property name="java.version.date" value="2024-01-16"/>
    <property name="java.home" value="C:\Program Files\Java\jdk-21"/>
    <property name="file.separator" value="\"/>
    <property name="basedir" value="C:\Users\user\Code_generation_LLMs\AutoTestLab\packages\commons-lang3-3.17.0-src"/>
    <property name="java.vm.compressedOopsMode" value="32-bit"/>
    <property name="line.separator" value="&#10;"/>
    <property name="java.vm.specification.vendor" value="Oracle Corporation"/>
    <property name="java.specification.name" value="Java Platform API Specification"/>
    <property name="surefire.real.class.path" value="C:\Users\user\AppData\Local\Temp\surefire16562866153069575988\surefirebooter-20241011161714472_3.jar"/>
    <property name="user.script" value=""/>
    <property name="sun.management.compiler" value="HotSpot 64-Bit Tiered Compilers"/>
    <property name="java.runtime.version" value="21.0.2+13-LTS-58"/>
    <property name="user.name" value="user"/>
    <property name="stdout.encoding" value="UTF-8"/>
    <property name="path.separator" value=";"/>
    <property name="os.version" value="10.0"/>
    <property name="java.runtime.name" value="Java(TM) SE Runtime Environment"/>
    <property name="file.encoding" value="UTF-8"/>
    <property name="java.vm.name" value="Java HotSpot(TM) 64-Bit Server VM"/>
    <property name="localRepository" value="C:\Users\user\.m2\repository"/>
    <property name="java.vendor.url.bug" value="https://bugreport.java.com/bugreport/"/>
    <property name="java.io.tmpdir" value="C:\Users\user\AppData\Local\Temp\"/>
    <property name="java.version" value="21.0.2"/>
    <property name="user.dir" value="C:\Users\user\Code_generation_LLMs\AutoTestLab\packages\commons-lang3-3.17.0-src"/>
    <property name="os.arch" value="amd64"/>
    <property name="java.vm.specification.name" value="Java Virtual Machine Specification"/>
    <property name="sun.os.patch.level" value=""/>
    <property name="native.encoding" value="Cp1253"/>
    <property name="java.library.path" value="C:\Program Files\Java\jdk-21\bin;C:\WINDOWS\Sun\Java\bin;C:\WINDOWS\system32;C:\WINDOWS;C:\Users\user\miniconda3\envs\myenv;C:\Users\user\miniconda3\envs\myenv\Library\mingw-w64\bin;C:\Users\user\miniconda3\envs\myenv\Library\usr\bin;C:\Users\user\miniconda3\envs\myenv\Library\bin;C:\Users\user\miniconda3\envs\myenv\Scripts;C:\Users\user\miniconda3\envs\myenv\bin;C:\Users\user\AppData\Roaming\Code\User\globalStorage\pleiades.java-extension-pack-jdk\gradle\latest\bin;C:\Users\user\AppData\Roaming\Code\User\globalStorage\pleiades.java-extension-pack-jdk\maven\latest\bin;C:\Program Files\Java\jdk-21\bin;C:\Program Files\NVIDIA\CUDNN\v9.0\bin;C:\Program Files\NVIDIA GPU Computing Toolkit\CUDA\v12.3\bin;C:\Program Files\NVIDIA GPU Computing Toolkit\CUDA\v12.3\libnvvp;C:\Program Files\Common Files\Oracle\Java\javapath;C:\Program Files (x86)\Common Files\Oracle\Java\java8path;C:\Program Files (x86)\Common Files\Oracle\Java\javapath;C:\WINDOWS\system32;C:\WINDOWS;C:\WINDOWS\System32\Wbem;C:\WINDOWS\System32\WindowsPowerShell\v1.0;C:\WINDOWS\System32\OpenSSH;C:\Program Files\Intel\WiFi\bin;C:\Program Files\Common Files\Intel\WirelessCommon;c:\Program Files (x86)\Intel\Intel(R) Management Engine Components\DAL;c:\Program Files\Intel\Intel(R) Management Engine Components\DAL;C:\Users\user\Desktop\Large Scale Data Management;C:\Program Files\Vagrant\bin;C:\Program Files\Git\cmd;C:\Program Files\apache-maven-3.9.6\bin;C:\Program Files\NVIDIA Corporation\Nsight Compute 2023.3.1;C:\Program Files (x86)\NVIDIA Corporation\PhysX\Common;C:\Program Files\NVIDIA Corporation\Installer2;C:\Program Files\nodejs;C:\Users\user\defects4j\framework\bin;C:\Program Files\Java\jdk1.8.0_202\bin;C:\Strawberry\c\bin;C:\Strawberry\perl\site\bin;C:\Strawberry\perl\bin;C:\Users\user\defects4j\framework\bin;C:\Windows\System32;C:\Program Files\TortoiseSVN\bin;C:\Program Files\Java\jdk1.8.0_202\bin;C:\Users\user\miniconda3\envs\ujb;C:\Users\user\miniconda3\envs\ujb\Library\mingw-w64\bin;C:\Users\user\miniconda3\envs\ujb\Library\usr\bin;C:\Users\user\miniconda3\envs\ujb\Library\bin;C:\Users\user\miniconda3\envs\ujb\Scripts;C:\Users\user\miniconda3\envs\ujb\bin;C:\Users\user\miniconda3\condabin;C:\Program Files\NVIDIA\CUDNN\v9.0\bin;C:\Program Files\NVIDIA GPU Computing Toolkit\CUDA\v12.3\bin;C:\Program Files\NVIDIA GPU Computing Toolkit\CUDA\v12.3\libnvvp;C:\Program Files\Common Files\Oracle\Java\javapath;C:\Program Files (x86)\Common Files\Oracle\Java\java8path;C:\Program Files (x86)\Common Files\Oracle\Java\javapath;C:\WINDOWS\system32;C:\WINDOWS;C:\WINDOWS\System32\Wbem;C:\WINDOWS\System32\WindowsPowerShell\v1.0;C:\WINDOWS\System32\OpenSSH;C:\Program Files\Intel\WiFi\bin;C:\Program Files\Common Files\Intel\WirelessCommon;c:\Program Files (x86)\Intel\Intel(R) Management Engine Components\DAL;c:\Program Files\Intel\Intel(R) Management Engine Components\DAL;C:\Users;C:\Users\user\AppData\Local\Programs\Microsoft VS Code\bin;."/>
    <property name="java.vm.info" value="mixed mode, sharing"/>
    <property name="stderr.encoding" value="UTF-8"/>
    <property name="java.vendor" value="Oracle Corporation"/>
    <property name="java.vm.version" value="21.0.2+13-LTS-58"/>
    <property name="sun.io.unicode.encoding" value="UnicodeLittle"/>
    <property name="java.class.version" value="65.0"/>
  </properties>
  <testcase name="testToZonedDateTime(String)[1]" classname="org.apache.commons.lang3.time.CalendarUtilsTest" time="0.011"/>
  <testcase name="testToZonedDateTime(String)[2]" classname="org.apache.commons.lang3.time.CalendarUtilsTest" time="0.001"/>
  <testcase name="testToZonedDateTime(String)[3]" classname="org.apache.commons.lang3.time.CalendarUtilsTest" time="0.001"/>
  <testcase name="testToZonedDateTime(String)[4]" classname="org.apache.commons.lang3.time.CalendarUtilsTest" time="0.001"/>
  <testcase name="testToZonedDateTime(String)[5]" classname="org.apache.commons.lang3.time.CalendarUtilsTest" time="0.0"/>
  <testcase name="testToZonedDateTime(String)[6]" classname="org.apache.commons.lang3.time.CalendarUtilsTest" time="0.001"/>
  <testcase name="testToZonedDateTime(String)[7]" classname="org.apache.commons.lang3.time.CalendarUtilsTest" time="0.001"/>
  <testcase name="testToZonedDateTime(String)[8]" classname="org.apache.commons.lang3.time.CalendarUtilsTest" time="0.0"/>
  <testcase name="testToZonedDateTime(String)[9]" classname="org.apache.commons.lang3.time.CalendarUtilsTest" time="0.001"/>
  <testcase name="testToZonedDateTime(String)[10]" classname="org.apache.commons.lang3.time.CalendarUtilsTest" time="0.001"/>
  <testcase name="testToZonedDateTime(String)[11]" classname="org.apache.commons.lang3.time.CalendarUtilsTest" time="0.001"/>
  <testcase name="testToZonedDateTime(String)[12]" classname="org.apache.commons.lang3.time.CalendarUtilsTest" time="0.001"/>
  <testcase name="testToZonedDateTime(String)[13]" classname="org.apache.commons.lang3.time.CalendarUtilsTest" time="0.001"/>
  <testcase name="testToZonedDateTime(String)[14]" classname="org.apache.commons.lang3.time.CalendarUtilsTest" time="0.001"/>
  <testcase name="testToZonedDateTime(String)[15]" classname="org.apache.commons.lang3.time.CalendarUtilsTest" time="0.001"/>
  <testcase name="testToZonedDateTime(String)[16]" classname="org.apache.commons.lang3.time.CalendarUtilsTest" time="0.001"/>
  <testcase name="testToZonedDateTime(String)[17]" classname="org.apache.commons.lang3.time.CalendarUtilsTest" time="0.0"/>
  <testcase name="testToZonedDateTime(String)[18]" classname="org.apache.commons.lang3.time.CalendarUtilsTest" time="0.001"/>
  <testcase name="testToZonedDateTime(String)[19]" classname="org.apache.commons.lang3.time.CalendarUtilsTest" time="0.001"/>
  <testcase name="testToZonedDateTime(String)[20]" classname="org.apache.commons.lang3.time.CalendarUtilsTest" time="0.001"/>
  <testcase name="testToZonedDateTime(String)[21]" classname="org.apache.commons.lang3.time.CalendarUtilsTest" time="0.001"/>
  <testcase name="testToZonedDateTime(String)[22]" classname="org.apache.commons.lang3.time.CalendarUtilsTest" time="0.0"/>
  <testcase name="testToZonedDateTime(String)[23]" classname="org.apache.commons.lang3.time.CalendarUtilsTest" time="0.001"/>
  <testcase name="testToZonedDateTime(String)[24]" classname="org.apache.commons.lang3.time.CalendarUtilsTest" time="0.001"/>
  <testcase name="testToZonedDateTime(String)[25]" classname="org.apache.commons.lang3.time.CalendarUtilsTest" time="0.001"/>
  <testcase name="testToZonedDateTime(String)[26]" classname="org.apache.commons.lang3.time.CalendarUtilsTest" time="0.001"/>
  <testcase name="testToZonedDateTime(String)[27]" classname="org.apache.commons.lang3.time.CalendarUtilsTest" time="0.001"/>
  <testcase name="testToZonedDateTime(String)[28]" classname="org.apache.commons.lang3.time.CalendarUtilsTest" time="0.001"/>
  <testcase name="testToZonedDateTime(String)[29]" classname="org.apache.commons.lang3.time.CalendarUtilsTest" time="0.001"/>
  <testcase name="testToZonedDateTime(String)[30]" classname="org.apache.commons.lang3.time.CalendarUtilsTest" time="0.001"/>
  <testcase name="testToZonedDateTime(String)[31]" classname="org.apache.commons.lang3.time.CalendarUtilsTest" time="0.001"/>
  <testcase name="testToZonedDateTime(String)[32]" classname="org.apache.commons.lang3.time.CalendarUtilsTest" time="0.0"/>
  <testcase name="testToZonedDateTime(String)[33]" classname="org.apache.commons.lang3.time.CalendarUtilsTest" time="0.001"/>
  <testcase name="testToZonedDateTime(String)[34]" classname="org.apache.commons.lang3.time.CalendarUtilsTest" time="0.001"/>
  <testcase name="testToZonedDateTime(String)[35]" classname="org.apache.commons.lang3.time.CalendarUtilsTest" time="0.001"/>
  <testcase name="testToZonedDateTime(String)[36]" classname="org.apache.commons.lang3.time.CalendarUtilsTest" time="0.001"/>
  <testcase name="testToZonedDateTime(String)[37]" classname="org.apache.commons.lang3.time.CalendarUtilsTest" time="0.001"/>
  <testcase name="testToZonedDateTime(String)[38]" classname="org.apache.commons.lang3.time.CalendarUtilsTest" time="0.001"/>
  <testcase name="testToZonedDateTime(String)[39]" classname="org.apache.commons.lang3.time.CalendarUtilsTest" time="0.001"/>
  <testcase name="testToZonedDateTime(String)[40]" classname="org.apache.commons.lang3.time.CalendarUtilsTest" time="0.001"/>
  <testcase name="testToZonedDateTime(String)[41]" classname="org.apache.commons.lang3.time.CalendarUtilsTest" time="0.002"/>
  <testcase name="testToZonedDateTime(String)[42]" classname="org.apache.commons.lang3.time.CalendarUtilsTest" time="0.001"/>
  <testcase name="testToZonedDateTime(String)[43]" classname="org.apache.commons.lang3.time.CalendarUtilsTest" time="0.001"/>
  <testcase name="testToZonedDateTime(String)[44]" classname="org.apache.commons.lang3.time.CalendarUtilsTest" time="0.001"/>
  <testcase name="testToZonedDateTime(String)[45]" classname="org.apache.commons.lang3.time.CalendarUtilsTest" time="0.001"/>
  <testcase name="testToZonedDateTime(String)[46]" classname="org.apache.commons.lang3.time.CalendarUtilsTest" time="0.0"/>
  <testcase name="testToZonedDateTime(String)[47]" classname="org.apache.commons.lang3.time.CalendarUtilsTest" time="0.001"/>
  <testcase name="testToZonedDateTime(String)[48]" classname="org.apache.commons.lang3.time.CalendarUtilsTest" time="0.001"/>
  <testcase name="testToZonedDateTime(String)[49]" classname="org.apache.commons.lang3.time.CalendarUtilsTest" time="0.001"/>
  <testcase name="testToZonedDateTime(String)[50]" classname="org.apache.commons.lang3.time.CalendarUtilsTest" time="0.001"/>
  <testcase name="testToZonedDateTime(String)[51]" classname="org.apache.commons.lang3.time.CalendarUtilsTest" time="0.002"/>
  <testcase name="testToZonedDateTime(String)[52]" classname="org.apache.commons.lang3.time.CalendarUtilsTest" time="0.001"/>
  <testcase name="testToZonedDateTime(String)[53]" classname="org.apache.commons.lang3.time.CalendarUtilsTest" time="0.001"/>
  <testcase name="testToZonedDateTime(String)[54]" classname="org.apache.commons.lang3.time.CalendarUtilsTest" time="0.001"/>
  <testcase name="testToZonedDateTime(String)[55]" classname="org.apache.commons.lang3.time.CalendarUtilsTest" time="0.0"/>
  <testcase name="testToZonedDateTime(String)[56]" classname="org.apache.commons.lang3.time.CalendarUtilsTest" time="0.001"/>
  <testcase name="testToZonedDateTime(String)[57]" classname="org.apache.commons.lang3.time.CalendarUtilsTest" time="0.001"/>
  <testcase name="testToZonedDateTime(String)[58]" classname="org.apache.commons.lang3.time.CalendarUtilsTest" time="0.001"/>
  <testcase name="testToZonedDateTime(String)[59]" classname="org.apache.commons.lang3.time.CalendarUtilsTest" time="0.001"/>
  <testcase name="testToZonedDateTime(String)[60]" classname="org.apache.commons.lang3.time.CalendarUtilsTest" time="0.0"/>
  <testcase name="testToZonedDateTime(String)[61]" classname="org.apache.commons.lang3.time.CalendarUtilsTest" time="0.0"/>
  <testcase name="testToZonedDateTime(String)[62]" classname="org.apache.commons.lang3.time.CalendarUtilsTest" time="0.001"/>
  <testcase name="testToZonedDateTime(String)[63]" classname="org.apache.commons.lang3.time.CalendarUtilsTest" time="0.002"/>
  <testcase name="testToZonedDateTime(String)[64]" classname="org.apache.commons.lang3.time.CalendarUtilsTest" time="0.001"/>
  <testcase name="testToZonedDateTime(String)[65]" classname="org.apache.commons.lang3.time.CalendarUtilsTest" time="0.001"/>
  <testcase name="testToZonedDateTime(String)[66]" classname="org.apache.commons.lang3.time.CalendarUtilsTest" time="0.0"/>
  <testcase name="testToZonedDateTime(String)[67]" classname="org.apache.commons.lang3.time.CalendarUtilsTest" time="0.001"/>
  <testcase name="testToZonedDateTime(String)[68]" classname="org.apache.commons.lang3.time.CalendarUtilsTest" time="0.001"/>
  <testcase name="testToZonedDateTime(String)[69]" classname="org.apache.commons.lang3.time.CalendarUtilsTest" time="0.001"/>
  <testcase name="testToZonedDateTime(String)[70]" classname="org.apache.commons.lang3.time.CalendarUtilsTest" time="0.001"/>
  <testcase name="testToZonedDateTime(String)[71]" classname="org.apache.commons.lang3.time.CalendarUtilsTest" time="0.001"/>
  <testcase name="testToZonedDateTime(String)[72]" classname="org.apache.commons.lang3.time.CalendarUtilsTest" time="0.001"/>
  <testcase name="testToZonedDateTime(String)[73]" classname="org.apache.commons.lang3.time.CalendarUtilsTest" time="0.001"/>
  <testcase name="testToZonedDateTime(String)[74]" classname="org.apache.commons.lang3.time.CalendarUtilsTest" time="0.001"/>
  <testcase name="testToZonedDateTime(String)[75]" classname="org.apache.commons.lang3.time.CalendarUtilsTest" time="0.0"/>
  <testcase name="testToZonedDateTime(String)[76]" classname="org.apache.commons.lang3.time.CalendarUtilsTest" time="0.001"/>
  <testcase name="testToZonedDateTime(String)[77]" classname="org.apache.commons.lang3.time.CalendarUtilsTest" time="0.001"/>
  <testcase name="testToZonedDateTime(String)[78]" classname="org.apache.commons.lang3.time.CalendarUtilsTest" time="0.001"/>
  <testcase name="testToZonedDateTime(String)[79]" classname="org.apache.commons.lang3.time.CalendarUtilsTest" time="0.001"/>
  <testcase name="testToZonedDateTime(String)[80]" classname="org.apache.commons.lang3.time.CalendarUtilsTest" time="0.001"/>
  <testcase name="testToZonedDateTime(String)[81]" classname="org.apache.commons.lang3.time.CalendarUtilsTest" time="0.001"/>
  <testcase name="testToZonedDateTime(String)[82]" classname="org.apache.commons.lang3.time.CalendarUtilsTest" time="0.001"/>
  <testcase name="testToZonedDateTime(String)[83]" classname="org.apache.commons.lang3.time.CalendarUtilsTest" time="0.001"/>
  <testcase name="testToZonedDateTime(String)[84]" classname="org.apache.commons.lang3.time.CalendarUtilsTest" time="0.001"/>
  <testcase name="testToZonedDateTime(String)[85]" classname="org.apache.commons.lang3.time.CalendarUtilsTest" time="0.001"/>
  <testcase name="testToZonedDateTime(String)[86]" classname="org.apache.commons.lang3.time.CalendarUtilsTest" time="0.001"/>
  <testcase name="testToZonedDateTime(String)[87]" classname="org.apache.commons.lang3.time.CalendarUtilsTest" time="0.001"/>
  <testcase name="testToZonedDateTime(String)[88]" classname="org.apache.commons.lang3.time.CalendarUtilsTest" time="0.001"/>
  <testcase name="testToZonedDateTime(String)[89]" classname="org.apache.commons.lang3.time.CalendarUtilsTest" time="0.001"/>
  <testcase name="testToZonedDateTime(String)[90]" classname="org.apache.commons.lang3.time.CalendarUtilsTest" time="0.0"/>
  <testcase name="testToZonedDateTime(String)[91]" classname="org.apache.commons.lang3.time.CalendarUtilsTest" time="0.001"/>
  <testcase name="testToZonedDateTime(String)[92]" classname="org.apache.commons.lang3.time.CalendarUtilsTest" time="0.001"/>
  <testcase name="testToZonedDateTime(String)[93]" classname="org.apache.commons.lang3.time.CalendarUtilsTest" time="0.001"/>
  <testcase name="testToZonedDateTime(String)[94]" classname="org.apache.commons.lang3.time.CalendarUtilsTest" time="0.001"/>
  <testcase name="testToZonedDateTime(String)[95]" classname="org.apache.commons.lang3.time.CalendarUtilsTest" time="0.001"/>
  <testcase name="testToZonedDateTime(String)[96]" classname="org.apache.commons.lang3.time.CalendarUtilsTest" time="0.001"/>
  <testcase name="testToZonedDateTime(String)[97]" classname="org.apache.commons.lang3.time.CalendarUtilsTest" time="0.001"/>
  <testcase name="testToZonedDateTime(String)[98]" classname="org.apache.commons.lang3.time.CalendarUtilsTest" time="0.001"/>
  <testcase name="testToZonedDateTime(String)[99]" classname="org.apache.commons.lang3.time.CalendarUtilsTest" time="0.001"/>
  <testcase name="testToZonedDateTime(String)[100]" classname="org.apache.commons.lang3.time.CalendarUtilsTest" time="0.001"/>
  <testcase name="testToZonedDateTime(String)[101]" classname="org.apache.commons.lang3.time.CalendarUtilsTest" time="0.001"/>
  <testcase name="testToZonedDateTime(String)[102]" classname="org.apache.commons.lang3.time.CalendarUtilsTest" time="0.001"/>
  <testcase name="testToZonedDateTime(String)[103]" classname="org.apache.commons.lang3.time.CalendarUtilsTest" time="0.0"/>
  <testcase name="testToZonedDateTime(String)[104]" classname="org.apache.commons.lang3.time.CalendarUtilsTest" time="0.001"/>
  <testcase name="testToZonedDateTime(String)[105]" classname="org.apache.commons.lang3.time.CalendarUtilsTest" time="0.0"/>
  <testcase name="testToZonedDateTime(String)[106]" classname="org.apache.commons.lang3.time.CalendarUtilsTest" time="0.001"/>
  <testcase name="testToZonedDateTime(String)[107]" classname="org.apache.commons.lang3.time.CalendarUtilsTest" time="0.001"/>
  <testcase name="testToZonedDateTime(String)[108]" classname="org.apache.commons.lang3.time.CalendarUtilsTest" time="0.001"/>
  <testcase name="testToZonedDateTime(String)[109]" classname="org.apache.commons.lang3.time.CalendarUtilsTest" time="0.001"/>
  <testcase name="testToZonedDateTime(String)[110]" classname="org.apache.commons.lang3.time.CalendarUtilsTest" time="0.001"/>
  <testcase name="testToZonedDateTime(String)[111]" classname="org.apache.commons.lang3.time.CalendarUtilsTest" time="0.001"/>
  <testcase name="testToZonedDateTime(String)[112]" classname="org.apache.commons.lang3.time.CalendarUtilsTest" time="0.001"/>
  <testcase name="testToZonedDateTime(String)[113]" classname="org.apache.commons.lang3.time.CalendarUtilsTest" time="0.0"/>
  <testcase name="testToZonedDateTime(String)[114]" classname="org.apache.commons.lang3.time.CalendarUtilsTest" time="0.001"/>
  <testcase name="testToZonedDateTime(String)[115]" classname="org.apache.commons.lang3.time.CalendarUtilsTest" time="0.001"/>
  <testcase name="testToZonedDateTime(String)[116]" classname="org.apache.commons.lang3.time.CalendarUtilsTest" time="0.0"/>
  <testcase name="testToZonedDateTime(String)[117]" classname="org.apache.commons.lang3.time.CalendarUtilsTest" time="0.001"/>
  <testcase name="testToZonedDateTime(String)[118]" classname="org.apache.commons.lang3.time.CalendarUtilsTest" time="0.001"/>
  <testcase name="testToZonedDateTime(String)[119]" classname="org.apache.commons.lang3.time.CalendarUtilsTest" time="0.001"/>
  <testcase name="testToZonedDateTime(String)[120]" classname="org.apache.commons.lang3.time.CalendarUtilsTest" time="0.001"/>
  <testcase name="testToZonedDateTime(String)[121]" classname="org.apache.commons.lang3.time.CalendarUtilsTest" time="0.0"/>
  <testcase name="testToZonedDateTime(String)[122]" classname="org.apache.commons.lang3.time.CalendarUtilsTest" time="0.001"/>
  <testcase name="testToZonedDateTime(String)[123]" classname="org.apache.commons.lang3.time.CalendarUtilsTest" time="0.001"/>
  <testcase name="testToZonedDateTime(String)[124]" classname="org.apache.commons.lang3.time.CalendarUtilsTest" time="0.001"/>
  <testcase name="testToZonedDateTime(String)[125]" classname="org.apache.commons.lang3.time.CalendarUtilsTest" time="0.0"/>
  <testcase name="testToZonedDateTime(String)[126]" classname="org.apache.commons.lang3.time.CalendarUtilsTest" time="0.0"/>
  <testcase name="testToZonedDateTime(String)[127]" classname="org.apache.commons.lang3.time.CalendarUtilsTest" time="0.0"/>
  <testcase name="testToZonedDateTime(String)[128]" classname="org.apache.commons.lang3.time.CalendarUtilsTest" time="0.002"/>
  <testcase name="testToZonedDateTime(String)[129]" classname="org.apache.commons.lang3.time.CalendarUtilsTest" time="0.0"/>
  <testcase name="testToZonedDateTime(String)[130]" classname="org.apache.commons.lang3.time.CalendarUtilsTest" time="0.001"/>
  <testcase name="testToZonedDateTime(String)[131]" classname="org.apache.commons.lang3.time.CalendarUtilsTest" time="0.001"/>
  <testcase name="testToZonedDateTime(String)[132]" classname="org.apache.commons.lang3.time.CalendarUtilsTest" time="0.0"/>
  <testcase name="testToZonedDateTime(String)[133]" classname="org.apache.commons.lang3.time.CalendarUtilsTest" time="0.0"/>
  <testcase name="testToZonedDateTime(String)[134]" classname="org.apache.commons.lang3.time.CalendarUtilsTest" time="0.0"/>
  <testcase name="testToZonedDateTime(String)[135]" classname="org.apache.commons.lang3.time.CalendarUtilsTest" time="0.0"/>
  <testcase name="testToZonedDateTime(String)[136]" classname="org.apache.commons.lang3.time.CalendarUtilsTest" time="0.0"/>
  <testcase name="testToZonedDateTime(String)[137]" classname="org.apache.commons.lang3.time.CalendarUtilsTest" time="0.0"/>
  <testcase name="testToZonedDateTime(String)[138]" classname="org.apache.commons.lang3.time.CalendarUtilsTest" time="0.0"/>
  <testcase name="testToZonedDateTime(String)[139]" classname="org.apache.commons.lang3.time.CalendarUtilsTest" time="0.0"/>
  <testcase name="testToZonedDateTime(String)[140]" classname="org.apache.commons.lang3.time.CalendarUtilsTest" time="0.001"/>
  <testcase name="testToZonedDateTime(String)[141]" classname="org.apache.commons.lang3.time.CalendarUtilsTest" time="0.001"/>
  <testcase name="testToZonedDateTime(String)[142]" classname="org.apache.commons.lang3.time.CalendarUtilsTest" time="0.001"/>
  <testcase name="testToZonedDateTime(String)[143]" classname="org.apache.commons.lang3.time.CalendarUtilsTest" time="0.0"/>
  <testcase name="testToZonedDateTime(String)[144]" classname="org.apache.commons.lang3.time.CalendarUtilsTest" time="0.0"/>
  <testcase name="testToZonedDateTime(String)[145]" classname="org.apache.commons.lang3.time.CalendarUtilsTest" time="0.001"/>
  <testcase name="testToZonedDateTime(String)[146]" classname="org.apache.commons.lang3.time.CalendarUtilsTest" time="0.001"/>
  <testcase name="testToZonedDateTime(String)[147]" classname="org.apache.commons.lang3.time.CalendarUtilsTest" time="0.001"/>
  <testcase name="testToZonedDateTime(String)[148]" classname="org.apache.commons.lang3.time.CalendarUtilsTest" time="0.001"/>
  <testcase name="testToZonedDateTime(String)[149]" classname="org.apache.commons.lang3.time.CalendarUtilsTest" time="0.0"/>
  <testcase name="testToZonedDateTime(String)[150]" classname="org.apache.commons.lang3.time.CalendarUtilsTest" time="0.0"/>
  <testcase name="testToZonedDateTime(String)[151]" classname="org.apache.commons.lang3.time.CalendarUtilsTest" time="0.001"/>
  <testcase name="testToZonedDateTime(String)[152]" classname="org.apache.commons.lang3.time.CalendarUtilsTest" time="0.001"/>
  <testcase name="testToZonedDateTime(String)[153]" classname="org.apache.commons.lang3.time.CalendarUtilsTest" time="0.002"/>
  <testcase name="testToZonedDateTime(String)[154]" classname="org.apache.commons.lang3.time.CalendarUtilsTest" time="0.001"/>
  <testcase name="testToZonedDateTime(String)[155]" classname="org.apache.commons.lang3.time.CalendarUtilsTest" time="0.001"/>
  <testcase name="testToZonedDateTime(String)[156]" classname="org.apache.commons.lang3.time.CalendarUtilsTest" time="0.0"/>
  <testcase name="testToZonedDateTime(String)[157]" classname="org.apache.commons.lang3.time.CalendarUtilsTest" time="0.0"/>
  <testcase name="testToZonedDateTime(String)[158]" classname="org.apache.commons.lang3.time.CalendarUtilsTest" time="0.001"/>
  <testcase name="testToZonedDateTime(String)[159]" classname="org.apache.commons.lang3.time.CalendarUtilsTest" time="0.001"/>
  <testcase name="testToZonedDateTime(String)[160]" classname="org.apache.commons.lang3.time.CalendarUtilsTest" time="0.001"/>
  <testcase name="testToZonedDateTime(String)[161]" classname="org.apache.commons.lang3.time.CalendarUtilsTest" time="0.001"/>
  <testcase name="testToZonedDateTime(String)[162]" classname="org.apache.commons.lang3.time.CalendarUtilsTest" time="0.0"/>
  <testcase name="testToZonedDateTime(String)[163]" classname="org.apache.commons.lang3.time.CalendarUtilsTest" time="0.0"/>
  <testcase name="testToZonedDateTime(String)[164]" classname="org.apache.commons.lang3.time.CalendarUtilsTest" time="0.001"/>
  <testcase name="testToZonedDateTime(String)[165]" classname="org.apache.commons.lang3.time.CalendarUtilsTest" time="0.001"/>
  <testcase name="testToZonedDateTime(String)[166]" classname="org.apache.commons.lang3.time.CalendarUtilsTest" time="0.002"/>
  <testcase name="testToZonedDateTime(String)[167]" classname="org.apache.commons.lang3.time.CalendarUtilsTest" time="0.001"/>
  <testcase name="testToZonedDateTime(String)[168]" classname="org.apache.commons.lang3.time.CalendarUtilsTest" time="0.001"/>
  <testcase name="testToZonedDateTime(String)[169]" classname="org.apache.commons.lang3.time.CalendarUtilsTest" time="0.0"/>
  <testcase name="testToZonedDateTime(String)[170]" classname="org.apache.commons.lang3.time.CalendarUtilsTest" time="0.001"/>
  <testcase name="testToZonedDateTime(String)[171]" classname="org.apache.commons.lang3.time.CalendarUtilsTest" time="0.001"/>
  <testcase name="testToZonedDateTime(String)[172]" classname="org.apache.commons.lang3.time.CalendarUtilsTest" time="0.001"/>
  <testcase name="testToZonedDateTime(String)[173]" classname="org.apache.commons.lang3.time.CalendarUtilsTest" time="0.001"/>
  <testcase name="testToZonedDateTime(String)[174]" classname="org.apache.commons.lang3.time.CalendarUtilsTest" time="0.0"/>
  <testcase name="testToZonedDateTime(String)[175]" classname="org.apache.commons.lang3.time.CalendarUtilsTest" time="0.0"/>
  <testcase name="testToZonedDateTime(String)[176]" classname="org.apache.commons.lang3.time.CalendarUtilsTest" time="0.0"/>
  <testcase name="testToZonedDateTime(String)[177]" classname="org.apache.commons.lang3.time.CalendarUtilsTest" time="0.0"/>
  <testcase name="testToZonedDateTime(String)[178]" classname="org.apache.commons.lang3.time.CalendarUtilsTest" time="0.001"/>
  <testcase name="testToZonedDateTime(String)[179]" classname="org.apache.commons.lang3.time.CalendarUtilsTest" time="0.001"/>
  <testcase name="testToZonedDateTime(String)[180]" classname="org.apache.commons.lang3.time.CalendarUtilsTest" time="0.0"/>
  <testcase name="testToZonedDateTime(String)[181]" classname="org.apache.commons.lang3.time.CalendarUtilsTest" time="0.0"/>
  <testcase name="testToZonedDateTime(String)[182]" classname="org.apache.commons.lang3.time.CalendarUtilsTest" time="0.001"/>
  <testcase name="testToZonedDateTime(String)[183]" classname="org.apache.commons.lang3.time.CalendarUtilsTest" time="0.001"/>
  <testcase name="testToZonedDateTime(String)[184]" classname="org.apache.commons.lang3.time.CalendarUtilsTest" time="0.001"/>
  <testcase name="testToZonedDateTime(String)[185]" classname="org.apache.commons.lang3.time.CalendarUtilsTest" time="0.001"/>
  <testcase name="testToZonedDateTime(String)[186]" classname="org.apache.commons.lang3.time.CalendarUtilsTest" time="0.001"/>
  <testcase name="testToZonedDateTime(String)[187]" classname="org.apache.commons.lang3.time.CalendarUtilsTest" time="0.0"/>
  <testcase name="testToZonedDateTime(String)[188]" classname="org.apache.commons.lang3.time.CalendarUtilsTest" time="0.001"/>
  <testcase name="testToZonedDateTime(String)[189]" classname="org.apache.commons.lang3.time.CalendarUtilsTest" time="0.0"/>
  <testcase name="testToZonedDateTime(String)[190]" classname="org.apache.commons.lang3.time.CalendarUtilsTest" time="0.001"/>
  <testcase name="testToZonedDateTime(String)[191]" classname="org.apache.commons.lang3.time.CalendarUtilsTest" time="0.001"/>
  <testcase name="testToZonedDateTime(String)[192]" classname="org.apache.commons.lang3.time.CalendarUtilsTest" time="0.001"/>
  <testcase name="testToZonedDateTime(String)[193]" classname="org.apache.commons.lang3.time.CalendarUtilsTest" time="0.002"/>
  <testcase name="testToZonedDateTime(String)[194]" classname="org.apache.commons.lang3.time.CalendarUtilsTest" time="0.001"/>
  <testcase name="testToZonedDateTime(String)[195]" classname="org.apache.commons.lang3.time.CalendarUtilsTest" time="0.0"/>
  <testcase name="testToZonedDateTime(String)[196]" classname="org.apache.commons.lang3.time.CalendarUtilsTest" time="0.0"/>
  <testcase name="testToZonedDateTime(String)[197]" classname="org.apache.commons.lang3.time.CalendarUtilsTest" time="0.0"/>
  <testcase name="testToZonedDateTime(String)[198]" classname="org.apache.commons.lang3.time.CalendarUtilsTest" time="0.0"/>
  <testcase name="testToZonedDateTime(String)[199]" classname="org.apache.commons.lang3.time.CalendarUtilsTest" time="0.001"/>
  <testcase name="testToZonedDateTime(String)[200]" classname="org.apache.commons.lang3.time.CalendarUtilsTest" time="0.001"/>
  <testcase name="testToZonedDateTime(String)[201]" classname="org.apache.commons.lang3.time.CalendarUtilsTest" time="0.001"/>
  <testcase name="testToZonedDateTime(String)[202]" classname="org.apache.commons.lang3.time.CalendarUtilsTest" time="0.001"/>
  <testcase name="testToZonedDateTime(String)[203]" classname="org.apache.commons.lang3.time.CalendarUtilsTest" time="0.001"/>
  <testcase name="testToZonedDateTime(String)[204]" classname="org.apache.commons.lang3.time.CalendarUtilsTest" time="0.0"/>
  <testcase name="testToZonedDateTime(String)[205]" classname="org.apache.commons.lang3.time.CalendarUtilsTest" time="0.0"/>
  <testcase name="testToZonedDateTime(String)[206]" classname="org.apache.commons.lang3.time.CalendarUtilsTest" time="0.0"/>
  <testcase name="testToZonedDateTime(String)[207]" classname="org.apache.commons.lang3.time.CalendarUtilsTest" time="0.0"/>
  <testcase name="testToZonedDateTime(String)[208]" classname="org.apache.commons.lang3.time.CalendarUtilsTest" time="0.0"/>
  <testcase name="testToZonedDateTime(String)[209]" classname="org.apache.commons.lang3.time.CalendarUtilsTest" time="0.001"/>
  <testcase name="testToZonedDateTime(String)[210]" classname="org.apache.commons.lang3.time.CalendarUtilsTest" time="0.001"/>
  <testcase name="testToZonedDateTime(String)[211]" classname="org.apache.commons.lang3.time.CalendarUtilsTest" time="0.001"/>
  <testcase name="testToZonedDateTime(String)[212]" classname="org.apache.commons.lang3.time.CalendarUtilsTest" time="0.001"/>
  <testcase name="testToZonedDateTime(String)[213]" classname="org.apache.commons.lang3.time.CalendarUtilsTest" time="0.001"/>
  <testcase name="testToZonedDateTime(String)[214]" classname="org.apache.commons.lang3.time.CalendarUtilsTest" time="0.001"/>
  <testcase name="testToZonedDateTime(String)[215]" classname="org.apache.commons.lang3.time.CalendarUtilsTest" time="0.001"/>
  <testcase name="testToZonedDateTime(String)[216]" classname="org.apache.commons.lang3.time.CalendarUtilsTest" time="0.001"/>
  <testcase name="testToZonedDateTime(String)[217]" classname="org.apache.commons.lang3.time.CalendarUtilsTest" time="0.001"/>
  <testcase name="testToZonedDateTime(String)[218]" classname="org.apache.commons.lang3.time.CalendarUtilsTest" time="0.002"/>
  <testcase name="testToZonedDateTime(String)[219]" classname="org.apache.commons.lang3.time.CalendarUtilsTest" time="0.001"/>
  <testcase name="testToZonedDateTime(String)[220]" classname="org.apache.commons.lang3.time.CalendarUtilsTest" time="0.001"/>
  <testcase name="testToZonedDateTime(String)[221]" classname="org.apache.commons.lang3.time.CalendarUtilsTest" time="0.001"/>
  <testcase name="testToZonedDateTime(String)[222]" classname="org.apache.commons.lang3.time.CalendarUtilsTest" time="0.002"/>
  <testcase name="testToZonedDateTime(String)[223]" classname="org.apache.commons.lang3.time.CalendarUtilsTest" time="0.0"/>
  <testcase name="testToZonedDateTime(String)[224]" classname="org.apache.commons.lang3.time.CalendarUtilsTest" time="0.001"/>
  <testcase name="testToZonedDateTime(String)[225]" classname="org.apache.commons.lang3.time.CalendarUtilsTest" time="0.001"/>
  <testcase name="testToZonedDateTime(String)[226]" classname="org.apache.commons.lang3.time.CalendarUtilsTest" time="0.0"/>
  <testcase name="testToZonedDateTime(String)[227]" classname="org.apache.commons.lang3.time.CalendarUtilsTest" time="0.0"/>
  <testcase name="testToZonedDateTime(String)[228]" classname="org.apache.commons.lang3.time.CalendarUtilsTest" time="0.001"/>
  <testcase name="testToZonedDateTime(String)[229]" classname="org.apache.commons.lang3.time.CalendarUtilsTest" time="0.001"/>
  <testcase name="testToZonedDateTime(String)[230]" classname="org.apache.commons.lang3.time.CalendarUtilsTest" time="0.001"/>
  <testcase name="testToZonedDateTime(String)[231]" classname="org.apache.commons.lang3.time.CalendarUtilsTest" time="0.0"/>
  <testcase name="testToZonedDateTime(String)[232]" classname="org.apache.commons.lang3.time.CalendarUtilsTest" time="0.001"/>
  <testcase name="testToZonedDateTime(String)[233]" classname="org.apache.commons.lang3.time.CalendarUtilsTest" time="0.0"/>
  <testcase name="testToZonedDateTime(String)[234]" classname="org.apache.commons.lang3.time.CalendarUtilsTest" time="0.001"/>
  <testcase name="testToZonedDateTime(String)[235]" classname="org.apache.commons.lang3.time.CalendarUtilsTest" time="0.001"/>
  <testcase name="testToZonedDateTime(String)[236]" classname="org.apache.commons.lang3.time.CalendarUtilsTest" time="0.001"/>
  <testcase name="testToZonedDateTime(String)[237]" classname="org.apache.commons.lang3.time.CalendarUtilsTest" time="0.001"/>
  <testcase name="testToZonedDateTime(String)[238]" classname="org.apache.commons.lang3.time.CalendarUtilsTest" time="0.0"/>
  <testcase name="testToZonedDateTime(String)[239]" classname="org.apache.commons.lang3.time.CalendarUtilsTest" time="0.0"/>
  <testcase name="testToZonedDateTime(String)[240]" classname="org.apache.commons.lang3.time.CalendarUtilsTest" time="0.001"/>
  <testcase name="testToZonedDateTime(String)[241]" classname="org.apache.commons.lang3.time.CalendarUtilsTest" time="0.001"/>
  <testcase name="testToZonedDateTime(String)[242]" classname="org.apache.commons.lang3.time.CalendarUtilsTest" time="0.001"/>
  <testcase name="testToZonedDateTime(String)[243]" classname="org.apache.commons.lang3.time.CalendarUtilsTest" time="0.001"/>
  <testcase name="testToZonedDateTime(String)[244]" classname="org.apache.commons.lang3.time.CalendarUtilsTest" time="0.001"/>
  <testcase name="testToZonedDateTime(String)[245]" classname="org.apache.commons.lang3.time.CalendarUtilsTest" time="0.001"/>
  <testcase name="testToZonedDateTime(String)[246]" classname="org.apache.commons.lang3.time.CalendarUtilsTest" time="0.001"/>
  <testcase name="testToZonedDateTime(String)[247]" classname="org.apache.commons.lang3.time.CalendarUtilsTest" time="0.001"/>
  <testcase name="testToZonedDateTime(String)[248]" classname="org.apache.commons.lang3.time.CalendarUtilsTest" time="0.001"/>
  <testcase name="testToZonedDateTime(String)[249]" classname="org.apache.commons.lang3.time.CalendarUtilsTest" time="0.001"/>
  <testcase name="testToZonedDateTime(String)[250]" classname="org.apache.commons.lang3.time.CalendarUtilsTest" time="0.0"/>
  <testcase name="testToZonedDateTime(String)[251]" classname="org.apache.commons.lang3.time.CalendarUtilsTest" time="0.0"/>
  <testcase name="testToZonedDateTime(String)[252]" classname="org.apache.commons.lang3.time.CalendarUtilsTest" time="0.0"/>
  <testcase name="testToZonedDateTime(String)[253]" classname="org.apache.commons.lang3.time.CalendarUtilsTest" time="0.001"/>
  <testcase name="testToZonedDateTime(String)[254]" classname="org.apache.commons.lang3.time.CalendarUtilsTest" time="0.0"/>
  <testcase name="testToZonedDateTime(String)[255]" classname="org.apache.commons.lang3.time.CalendarUtilsTest" time="0.001"/>
  <testcase name="testToZonedDateTime(String)[256]" classname="org.apache.commons.lang3.time.CalendarUtilsTest" time="0.001"/>
  <testcase name="testToZonedDateTime(String)[257]" classname="org.apache.commons.lang3.time.CalendarUtilsTest" time="0.0"/>
  <testcase name="testToZonedDateTime(String)[258]" classname="org.apache.commons.lang3.time.CalendarUtilsTest" time="0.0"/>
  <testcase name="testToZonedDateTime(String)[259]" classname="org.apache.commons.lang3.time.CalendarUtilsTest" time="0.0"/>
  <testcase name="testToZonedDateTime(String)[260]" classname="org.apache.commons.lang3.time.CalendarUtilsTest" time="0.0"/>
  <testcase name="testToZonedDateTime(String)[261]" classname="org.apache.commons.lang3.time.CalendarUtilsTest" time="0.0"/>
  <testcase name="testToZonedDateTime(String)[262]" classname="org.apache.commons.lang3.time.CalendarUtilsTest" time="0.0"/>
  <testcase name="testToZonedDateTime(String)[263]" classname="org.apache.commons.lang3.time.CalendarUtilsTest" time="0.001"/>
  <testcase name="testToZonedDateTime(String)[264]" classname="org.apache.commons.lang3.time.CalendarUtilsTest" time="0.0"/>
  <testcase name="testToZonedDateTime(String)[265]" classname="org.apache.commons.lang3.time.CalendarUtilsTest" time="0.0"/>
  <testcase name="testToZonedDateTime(String)[266]" classname="org.apache.commons.lang3.time.CalendarUtilsTest" time="0.0"/>
  <testcase name="testToZonedDateTime(String)[267]" classname="org.apache.commons.lang3.time.CalendarUtilsTest" time="0.0"/>
  <testcase name="testToZonedDateTime(String)[268]" classname="org.apache.commons.lang3.time.CalendarUtilsTest" time="0.001"/>
  <testcase name="testToZonedDateTime(String)[269]" classname="org.apache.commons.lang3.time.CalendarUtilsTest" time="0.001"/>
  <testcase name="testToZonedDateTime(String)[270]" classname="org.apache.commons.lang3.time.CalendarUtilsTest" time="0.001"/>
  <testcase name="testToZonedDateTime(String)[271]" classname="org.apache.commons.lang3.time.CalendarUtilsTest" time="0.001"/>
  <testcase name="testToZonedDateTime(String)[272]" classname="org.apache.commons.lang3.time.CalendarUtilsTest" time="0.001"/>
  <testcase name="testToZonedDateTime(String)[273]" classname="org.apache.commons.lang3.time.CalendarUtilsTest" time="0.001"/>
  <testcase name="testToZonedDateTime(String)[274]" classname="org.apache.commons.lang3.time.CalendarUtilsTest" time="0.001"/>
  <testcase name="testToZonedDateTime(String)[275]" classname="org.apache.commons.lang3.time.CalendarUtilsTest" time="0.001"/>
  <testcase name="testToZonedDateTime(String)[276]" classname="org.apache.commons.lang3.time.CalendarUtilsTest" time="0.001"/>
  <testcase name="testToZonedDateTime(String)[277]" classname="org.apache.commons.lang3.time.CalendarUtilsTest" time="0.001"/>
  <testcase name="testToZonedDateTime(String)[278]" classname="org.apache.commons.lang3.time.CalendarUtilsTest" time="0.001"/>
  <testcase name="testToZonedDateTime(String)[279]" classname="org.apache.commons.lang3.time.CalendarUtilsTest" time="0.0"/>
  <testcase name="testToZonedDateTime(String)[280]" classname="org.apache.commons.lang3.time.CalendarUtilsTest" time="0.0"/>
  <testcase name="testToZonedDateTime(String)[281]" classname="org.apache.commons.lang3.time.CalendarUtilsTest" time="0.001"/>
  <testcase name="testToZonedDateTime(String)[282]" classname="org.apache.commons.lang3.time.CalendarUtilsTest" time="0.001"/>
  <testcase name="testToZonedDateTime(String)[283]" classname="org.apache.commons.lang3.time.CalendarUtilsTest" time="0.001"/>
  <testcase name="testToZonedDateTime(String)[284]" classname="org.apache.commons.lang3.time.CalendarUtilsTest" time="0.001"/>
  <testcase name="testToZonedDateTime(String)[285]" classname="org.apache.commons.lang3.time.CalendarUtilsTest" time="0.001"/>
  <testcase name="testToZonedDateTime(String)[286]" classname="org.apache.commons.lang3.time.CalendarUtilsTest" time="0.001"/>
  <testcase name="testToZonedDateTime(String)[287]" classname="org.apache.commons.lang3.time.CalendarUtilsTest" time="0.001"/>
  <testcase name="testToZonedDateTime(String)[288]" classname="org.apache.commons.lang3.time.CalendarUtilsTest" time="0.001"/>
  <testcase name="testToZonedDateTime(String)[289]" classname="org.apache.commons.lang3.time.CalendarUtilsTest" time="0.001"/>
  <testcase name="testToZonedDateTime(String)[290]" classname="org.apache.commons.lang3.time.CalendarUtilsTest" time="0.001"/>
  <testcase name="testToZonedDateTime(String)[291]" classname="org.apache.commons.lang3.time.CalendarUtilsTest" time="0.001"/>
  <testcase name="testToZonedDateTime(String)[292]" classname="org.apache.commons.lang3.time.CalendarUtilsTest" time="0.0"/>
  <testcase name="testToZonedDateTime(String)[293]" classname="org.apache.commons.lang3.time.CalendarUtilsTest" time="0.001"/>
  <testcase name="testToZonedDateTime(String)[294]" classname="org.apache.commons.lang3.time.CalendarUtilsTest" time="0.001"/>
  <testcase name="testToZonedDateTime(String)[295]" classname="org.apache.commons.lang3.time.CalendarUtilsTest" time="0.001"/>
  <testcase name="testToZonedDateTime(String)[296]" classname="org.apache.commons.lang3.time.CalendarUtilsTest" time="0.001"/>
  <testcase name="testToZonedDateTime(String)[297]" classname="org.apache.commons.lang3.time.CalendarUtilsTest" time="0.001"/>
  <testcase name="testToZonedDateTime(String)[298]" classname="org.apache.commons.lang3.time.CalendarUtilsTest" time="0.001"/>
  <testcase name="testToZonedDateTime(String)[299]" classname="org.apache.commons.lang3.time.CalendarUtilsTest" time="0.002"/>
  <testcase name="testToZonedDateTime(String)[300]" classname="org.apache.commons.lang3.time.CalendarUtilsTest" time="0.001"/>
  <testcase name="testToZonedDateTime(String)[301]" classname="org.apache.commons.lang3.time.CalendarUtilsTest" time="0.001"/>
  <testcase name="testToZonedDateTime(String)[302]" classname="org.apache.commons.lang3.time.CalendarUtilsTest" time="0.001"/>
  <testcase name="testToZonedDateTime(String)[303]" classname="org.apache.commons.lang3.time.CalendarUtilsTest" time="0.0"/>
  <testcase name="testToZonedDateTime(String)[304]" classname="org.apache.commons.lang3.time.CalendarUtilsTest" time="0.001"/>
  <testcase name="testToZonedDateTime(String)[305]" classname="org.apache.commons.lang3.time.CalendarUtilsTest" time="0.001"/>
  <testcase name="testToZonedDateTime(String)[306]" classname="org.apache.commons.lang3.time.CalendarUtilsTest" time="0.001"/>
  <testcase name="testToZonedDateTime(String)[307]" classname="org.apache.commons.lang3.time.CalendarUtilsTest" time="0.001"/>
  <testcase name="testToZonedDateTime(String)[308]" classname="org.apache.commons.lang3.time.CalendarUtilsTest" time="0.002"/>
  <testcase name="testToZonedDateTime(String)[309]" classname="org.apache.commons.lang3.time.CalendarUtilsTest" time="0.001"/>
  <testcase name="testToZonedDateTime(String)[310]" classname="org.apache.commons.lang3.time.CalendarUtilsTest" time="0.002"/>
  <testcase name="testToZonedDateTime(String)[311]" classname="org.apache.commons.lang3.time.CalendarUtilsTest" time="0.001"/>
  <testcase name="testToZonedDateTime(String)[312]" classname="org.apache.commons.lang3.time.CalendarUtilsTest" time="0.001"/>
  <testcase name="testToZonedDateTime(String)[313]" classname="org.apache.commons.lang3.time.CalendarUtilsTest" time="0.001"/>
  <testcase name="testToZonedDateTime(String)[314]" classname="org.apache.commons.lang3.time.CalendarUtilsTest" time="0.001"/>
  <testcase name="testToZonedDateTime(String)[315]" classname="org.apache.commons.lang3.time.CalendarUtilsTest" time="0.001"/>
  <testcase name="testToZonedDateTime(String)[316]" classname="org.apache.commons.lang3.time.CalendarUtilsTest" time="0.0"/>
  <testcase name="testToZonedDateTime(String)[317]" classname="org.apache.commons.lang3.time.CalendarUtilsTest" time="0.0"/>
  <testcase name="testToZonedDateTime(String)[318]" classname="org.apache.commons.lang3.time.CalendarUtilsTest" time="0.001"/>
  <testcase name="testToZonedDateTime(String)[319]" classname="org.apache.commons.lang3.time.CalendarUtilsTest" time="0.001"/>
  <testcase name="testToZonedDateTime(String)[320]" classname="org.apache.commons.lang3.time.CalendarUtilsTest" time="0.001"/>
  <testcase name="testToZonedDateTime(String)[321]" classname="org.apache.commons.lang3.time.CalendarUtilsTest" time="0.001"/>
  <testcase name="testToZonedDateTime(String)[322]" classname="org.apache.commons.lang3.time.CalendarUtilsTest" time="0.002"/>
  <testcase name="testToZonedDateTime(String)[323]" classname="org.apache.commons.lang3.time.CalendarUtilsTest" time="0.001"/>
  <testcase name="testToZonedDateTime(String)[324]" classname="org.apache.commons.lang3.time.CalendarUtilsTest" time="0.001"/>
  <testcase name="testToZonedDateTime(String)[325]" classname="org.apache.commons.lang3.time.CalendarUtilsTest" time="0.001"/>
  <testcase name="testToZonedDateTime(String)[326]" classname="org.apache.commons.lang3.time.CalendarUtilsTest" time="0.001"/>
  <testcase name="testToZonedDateTime(String)[327]" classname="org.apache.commons.lang3.time.CalendarUtilsTest" time="0.001"/>
  <testcase name="testToZonedDateTime(String)[328]" classname="org.apache.commons.lang3.time.CalendarUtilsTest" time="0.0"/>
  <testcase name="testToZonedDateTime(String)[329]" classname="org.apache.commons.lang3.time.CalendarUtilsTest" time="0.0"/>
  <testcase name="testToZonedDateTime(String)[330]" classname="org.apache.commons.lang3.time.CalendarUtilsTest" time="0.001"/>
  <testcase name="testToZonedDateTime(String)[331]" classname="org.apache.commons.lang3.time.CalendarUtilsTest" time="0.001"/>
  <testcase name="testToZonedDateTime(String)[332]" classname="org.apache.commons.lang3.time.CalendarUtilsTest" time="0.001"/>
  <testcase name="testToZonedDateTime(String)[333]" classname="org.apache.commons.lang3.time.CalendarUtilsTest" time="0.001"/>
  <testcase name="testToZonedDateTime(String)[334]" classname="org.apache.commons.lang3.time.CalendarUtilsTest" time="0.001"/>
  <testcase name="testToZonedDateTime(String)[335]" classname="org.apache.commons.lang3.time.CalendarUtilsTest" time="0.001"/>
  <testcase name="testToZonedDateTime(String)[336]" classname="org.apache.commons.lang3.time.CalendarUtilsTest" time="0.001"/>
  <testcase name="testToZonedDateTime(String)[337]" classname="org.apache.commons.lang3.time.CalendarUtilsTest" time="0.0"/>
  <testcase name="testToZonedDateTime(String)[338]" classname="org.apache.commons.lang3.time.CalendarUtilsTest" time="0.001"/>
  <testcase name="testToZonedDateTime(String)[339]" classname="org.apache.commons.lang3.time.CalendarUtilsTest" time="0.001"/>
  <testcase name="testToZonedDateTime(String)[340]" classname="org.apache.commons.lang3.time.CalendarUtilsTest" time="0.001"/>
  <testcase name="testToZonedDateTime(String)[341]" classname="org.apache.commons.lang3.time.CalendarUtilsTest" time="0.001"/>
  <testcase name="testToZonedDateTime(String)[342]" classname="org.apache.commons.lang3.time.CalendarUtilsTest" time="0.002"/>
  <testcase name="testToZonedDateTime(String)[343]" classname="org.apache.commons.lang3.time.CalendarUtilsTest" time="0.001"/>
  <testcase name="testToZonedDateTime(String)[344]" classname="org.apache.commons.lang3.time.CalendarUtilsTest" time="0.001"/>
  <testcase name="testToZonedDateTime(String)[345]" classname="org.apache.commons.lang3.time.CalendarUtilsTest" time="0.001"/>
  <testcase name="testToZonedDateTime(String)[346]" classname="org.apache.commons.lang3.time.CalendarUtilsTest" time="0.001"/>
  <testcase name="testToZonedDateTime(String)[347]" classname="org.apache.commons.lang3.time.CalendarUtilsTest" time="0.001"/>
  <testcase name="testToZonedDateTime(String)[348]" classname="org.apache.commons.lang3.time.CalendarUtilsTest" time="0.001"/>
  <testcase name="testToZonedDateTime(String)[349]" classname="org.apache.commons.lang3.time.CalendarUtilsTest" time="0.001"/>
  <testcase name="testToZonedDateTime(String)[350]" classname="org.apache.commons.lang3.time.CalendarUtilsTest" time="0.001"/>
  <testcase name="testToZonedDateTime(String)[351]" classname="org.apache.commons.lang3.time.CalendarUtilsTest" time="0.001"/>
  <testcase name="testToZonedDateTime(String)[352]" classname="org.apache.commons.lang3.time.CalendarUtilsTest" time="0.001"/>
  <testcase name="testToZonedDateTime(String)[353]" classname="org.apache.commons.lang3.time.CalendarUtilsTest" time="0.001"/>
  <testcase name="testToZonedDateTime(String)[354]" classname="org.apache.commons.lang3.time.CalendarUtilsTest" time="0.002"/>
  <testcase name="testToZonedDateTime(String)[355]" classname="org.apache.commons.lang3.time.CalendarUtilsTest" time="0.002"/>
  <testcase name="testToZonedDateTime(String)[356]" classname="org.apache.commons.lang3.time.CalendarUtilsTest" time="0.001"/>
  <testcase name="testToZonedDateTime(String)[357]" classname="org.apache.commons.lang3.time.CalendarUtilsTest" time="0.001"/>
  <testcase name="testToZonedDateTime(String)[358]" classname="org.apache.commons.lang3.time.CalendarUtilsTest" time="0.001"/>
  <testcase name="testToZonedDateTime(String)[359]" classname="org.apache.commons.lang3.time.CalendarUtilsTest" time="0.001"/>
  <testcase name="testToZonedDateTime(String)[360]" classname="org.apache.commons.lang3.time.CalendarUtilsTest" time="0.002"/>
  <testcase name="testToZonedDateTime(String)[361]" classname="org.apache.commons.lang3.time.CalendarUtilsTest" time="0.001"/>
  <testcase name="testToZonedDateTime(String)[362]" classname="org.apache.commons.lang3.time.CalendarUtilsTest" time="0.001"/>
  <testcase name="testToZonedDateTime(String)[363]" classname="org.apache.commons.lang3.time.CalendarUtilsTest" time="0.0"/>
  <testcase name="testToZonedDateTime(String)[364]" classname="org.apache.commons.lang3.time.CalendarUtilsTest" time="0.001"/>
  <testcase name="testToZonedDateTime(String)[365]" classname="org.apache.commons.lang3.time.CalendarUtilsTest" time="0.0"/>
  <testcase name="testToZonedDateTime(String)[366]" classname="org.apache.commons.lang3.time.CalendarUtilsTest" time="0.002"/>
  <testcase name="testToZonedDateTime(String)[367]" classname="org.apache.commons.lang3.time.CalendarUtilsTest" time="0.001"/>
  <testcase name="testToZonedDateTime(String)[368]" classname="org.apache.commons.lang3.time.CalendarUtilsTest" time="0.001"/>
  <testcase name="testToZonedDateTime(String)[369]" classname="org.apache.commons.lang3.time.CalendarUtilsTest" time="0.002"/>
  <testcase name="testToZonedDateTime(String)[370]" classname="org.apache.commons.lang3.time.CalendarUtilsTest" time="0.0"/>
  <testcase name="testToZonedDateTime(String)[371]" classname="org.apache.commons.lang3.time.CalendarUtilsTest" time="0.002"/>
  <testcase name="testToZonedDateTime(String)[372]" classname="org.apache.commons.lang3.time.CalendarUtilsTest" time="0.002"/>
  <testcase name="testToZonedDateTime(String)[373]" classname="org.apache.commons.lang3.time.CalendarUtilsTest" time="0.001"/>
  <testcase name="testToZonedDateTime(String)[374]" classname="org.apache.commons.lang3.time.CalendarUtilsTest" time="0.001"/>
  <testcase name="testToZonedDateTime(String)[375]" classname="org.apache.commons.lang3.time.CalendarUtilsTest" time="0.001"/>
  <testcase name="testToZonedDateTime(String)[376]" classname="org.apache.commons.lang3.time.CalendarUtilsTest" time="0.001"/>
  <testcase name="testToZonedDateTime(String)[377]" classname="org.apache.commons.lang3.time.CalendarUtilsTest" time="0.002"/>
  <testcase name="testToZonedDateTime(String)[378]" classname="org.apache.commons.lang3.time.CalendarUtilsTest" time="0.0"/>
  <testcase name="testToZonedDateTime(String)[379]" classname="org.apache.commons.lang3.time.CalendarUtilsTest" time="0.001"/>
  <testcase name="testToZonedDateTime(String)[380]" classname="org.apache.commons.lang3.time.CalendarUtilsTest" time="0.001"/>
  <testcase name="testToZonedDateTime(String)[381]" classname="org.apache.commons.lang3.time.CalendarUtilsTest" time="0.001"/>
  <testcase name="testToZonedDateTime(String)[382]" classname="org.apache.commons.lang3.time.CalendarUtilsTest" time="0.001"/>
  <testcase name="testToZonedDateTime(String)[383]" classname="org.apache.commons.lang3.time.CalendarUtilsTest" time="0.0"/>
  <testcase name="testToZonedDateTime(String)[384]" classname="org.apache.commons.lang3.time.CalendarUtilsTest" time="0.002"/>
  <testcase name="testToZonedDateTime(String)[385]" classname="org.apache.commons.lang3.time.CalendarUtilsTest" time="0.001"/>
  <testcase name="testToZonedDateTime(String)[386]" classname="org.apache.commons.lang3.time.CalendarUtilsTest" time="0.001"/>
  <testcase name="testToZonedDateTime(String)[387]" classname="org.apache.commons.lang3.time.CalendarUtilsTest" time="0.0"/>
  <testcase name="testToZonedDateTime(String)[388]" classname="org.apache.commons.lang3.time.CalendarUtilsTest" time="0.001"/>
  <testcase name="testToZonedDateTime(String)[389]" classname="org.apache.commons.lang3.time.CalendarUtilsTest" time="0.001"/>
  <testcase name="testToZonedDateTime(String)[390]" classname="org.apache.commons.lang3.time.CalendarUtilsTest" time="0.001"/>
  <testcase name="testToZonedDateTime(String)[391]" classname="org.apache.commons.lang3.time.CalendarUtilsTest" time="0.001"/>
  <testcase name="testToZonedDateTime(String)[392]" classname="org.apache.commons.lang3.time.CalendarUtilsTest" time="0.002"/>
  <testcase name="testToZonedDateTime(String)[393]" classname="org.apache.commons.lang3.time.CalendarUtilsTest" time="0.001"/>
  <testcase name="testToZonedDateTime(String)[394]" classname="org.apache.commons.lang3.time.CalendarUtilsTest" time="0.001"/>
  <testcase name="testToZonedDateTime(String)[395]" classname="org.apache.commons.lang3.time.CalendarUtilsTest" time="0.0"/>
  <testcase name="testToZonedDateTime(String)[396]" classname="org.apache.commons.lang3.time.CalendarUtilsTest" time="0.001"/>
  <testcase name="testToZonedDateTime(String)[397]" classname="org.apache.commons.lang3.time.CalendarUtilsTest" time="0.002"/>
  <testcase name="testToZonedDateTime(String)[398]" classname="org.apache.commons.lang3.time.CalendarUtilsTest" time="0.001"/>
  <testcase name="testToZonedDateTime(String)[399]" classname="org.apache.commons.lang3.time.CalendarUtilsTest" time="0.002"/>
  <testcase name="testToZonedDateTime(String)[400]" classname="org.apache.commons.lang3.time.CalendarUtilsTest" time="0.0"/>
  <testcase name="testToZonedDateTime(String)[401]" classname="org.apache.commons.lang3.time.CalendarUtilsTest" time="0.001"/>
  <testcase name="testToZonedDateTime(String)[402]" classname="org.apache.commons.lang3.time.CalendarUtilsTest" time="0.001"/>
  <testcase name="testToZonedDateTime(String)[403]" classname="org.apache.commons.lang3.time.CalendarUtilsTest" time="0.0"/>
  <testcase name="testToZonedDateTime(String)[404]" classname="org.apache.commons.lang3.time.CalendarUtilsTest" time="0.001"/>
  <testcase name="testToZonedDateTime(String)[405]" classname="org.apache.commons.lang3.time.CalendarUtilsTest" time="0.001"/>
  <testcase name="testToZonedDateTime(String)[406]" classname="org.apache.commons.lang3.time.CalendarUtilsTest" time="0.001"/>
  <testcase name="testToZonedDateTime(String)[407]" classname="org.apache.commons.lang3.time.CalendarUtilsTest" time="0.002"/>
  <testcase name="testToZonedDateTime(String)[408]" classname="org.apache.commons.lang3.time.CalendarUtilsTest" time="0.001"/>
  <testcase name="testToZonedDateTime(String)[409]" classname="org.apache.commons.lang3.time.CalendarUtilsTest" time="0.002"/>
  <testcase name="testToZonedDateTime(String)[410]" classname="org.apache.commons.lang3.time.CalendarUtilsTest" time="0.002"/>
  <testcase name="testToZonedDateTime(String)[411]" classname="org.apache.commons.lang3.time.CalendarUtilsTest" time="0.002"/>
  <testcase name="testToZonedDateTime(String)[412]" classname="org.apache.commons.lang3.time.CalendarUtilsTest" time="0.002"/>
  <testcase name="testToZonedDateTime(String)[413]" classname="org.apache.commons.lang3.time.CalendarUtilsTest" time="0.001"/>
  <testcase name="testToZonedDateTime(String)[414]" classname="org.apache.commons.lang3.time.CalendarUtilsTest" time="0.001"/>
  <testcase name="testToZonedDateTime(String)[415]" classname="org.apache.commons.lang3.time.CalendarUtilsTest" time="0.001"/>
  <testcase name="testToZonedDateTime(String)[416]" classname="org.apache.commons.lang3.time.CalendarUtilsTest" time="0.001"/>
  <testcase name="testToZonedDateTime(String)[417]" classname="org.apache.commons.lang3.time.CalendarUtilsTest" time="0.002"/>
  <testcase name="testToZonedDateTime(String)[418]" classname="org.apache.commons.lang3.time.CalendarUtilsTest" time="0.002"/>
  <testcase name="testToZonedDateTime(String)[419]" classname="org.apache.commons.lang3.time.CalendarUtilsTest" time="0.001"/>
  <testcase name="testToZonedDateTime(String)[420]" classname="org.apache.commons.lang3.time.CalendarUtilsTest" time="0.001"/>
  <testcase name="testToZonedDateTime(String)[421]" classname="org.apache.commons.lang3.time.CalendarUtilsTest" time="0.001"/>
  <testcase name="testToZonedDateTime(String)[422]" classname="org.apache.commons.lang3.time.CalendarUtilsTest" time="0.001"/>
  <testcase name="testToZonedDateTime(String)[423]" classname="org.apache.commons.lang3.time.CalendarUtilsTest" time="0.001"/>
  <testcase name="testToZonedDateTime(String)[424]" classname="org.apache.commons.lang3.time.CalendarUtilsTest" time="0.001"/>
  <testcase name="testToZonedDateTime(String)[425]" classname="org.apache.commons.lang3.time.CalendarUtilsTest" time="0.001"/>
  <testcase name="testToZonedDateTime(String)[426]" classname="org.apache.commons.lang3.time.CalendarUtilsTest" time="0.001"/>
  <testcase name="testToZonedDateTime(String)[427]" classname="org.apache.commons.lang3.time.CalendarUtilsTest" time="0.002"/>
  <testcase name="testToZonedDateTime(String)[428]" classname="org.apache.commons.lang3.time.CalendarUtilsTest" time="0.001"/>
  <testcase name="testToZonedDateTime(String)[429]" classname="org.apache.commons.lang3.time.CalendarUtilsTest" time="0.001"/>
  <testcase name="testToZonedDateTime(String)[430]" classname="org.apache.commons.lang3.time.CalendarUtilsTest" time="0.001"/>
  <testcase name="testToZonedDateTime(String)[431]" classname="org.apache.commons.lang3.time.CalendarUtilsTest" time="0.001"/>
  <testcase name="testToZonedDateTime(String)[432]" classname="org.apache.commons.lang3.time.CalendarUtilsTest" time="0.001"/>
  <testcase name="testToZonedDateTime(String)[433]" classname="org.apache.commons.lang3.time.CalendarUtilsTest" time="0.0"/>
  <testcase name="testToZonedDateTime(String)[434]" classname="org.apache.commons.lang3.time.CalendarUtilsTest" time="0.002"/>
  <testcase name="testToZonedDateTime(String)[435]" classname="org.apache.commons.lang3.time.CalendarUtilsTest" time="0.001"/>
  <testcase name="testToZonedDateTime(String)[436]" classname="org.apache.commons.lang3.time.CalendarUtilsTest" time="0.002"/>
  <testcase name="testToZonedDateTime(String)[437]" classname="org.apache.commons.lang3.time.CalendarUtilsTest" time="0.001"/>
  <testcase name="testToZonedDateTime(String)[438]" classname="org.apache.commons.lang3.time.CalendarUtilsTest" time="0.002"/>
  <testcase name="testToZonedDateTime(String)[439]" classname="org.apache.commons.lang3.time.CalendarUtilsTest" time="0.001"/>
  <testcase name="testToZonedDateTime(String)[440]" classname="org.apache.commons.lang3.time.CalendarUtilsTest" time="0.001"/>
  <testcase name="testToZonedDateTime(String)[441]" classname="org.apache.commons.lang3.time.CalendarUtilsTest" time="0.001"/>
  <testcase name="testToZonedDateTime(String)[442]" classname="org.apache.commons.lang3.time.CalendarUtilsTest" time="0.001"/>
  <testcase name="testToZonedDateTime(String)[443]" classname="org.apache.commons.lang3.time.CalendarUtilsTest" time="0.001"/>
  <testcase name="testToZonedDateTime(String)[444]" classname="org.apache.commons.lang3.time.CalendarUtilsTest" time="0.0"/>
  <testcase name="testToZonedDateTime(String)[445]" classname="org.apache.commons.lang3.time.CalendarUtilsTest" time="0.001"/>
  <testcase name="testToZonedDateTime(String)[446]" classname="org.apache.commons.lang3.time.CalendarUtilsTest" time="0.002"/>
  <testcase name="testToZonedDateTime(String)[447]" classname="org.apache.commons.lang3.time.CalendarUtilsTest" time="0.001"/>
  <testcase name="testToZonedDateTime(String)[448]" classname="org.apache.commons.lang3.time.CalendarUtilsTest" time="0.001"/>
  <testcase name="testToZonedDateTime(String)[449]" classname="org.apache.commons.lang3.time.CalendarUtilsTest" time="0.002"/>
  <testcase name="testToZonedDateTime(String)[450]" classname="org.apache.commons.lang3.time.CalendarUtilsTest" time="0.001"/>
  <testcase name="testToZonedDateTime(String)[451]" classname="org.apache.commons.lang3.time.CalendarUtilsTest" time="0.0"/>
  <testcase name="testToZonedDateTime(String)[452]" classname="org.apache.commons.lang3.time.CalendarUtilsTest" time="0.001"/>
  <testcase name="testToZonedDateTime(String)[453]" classname="org.apache.commons.lang3.time.CalendarUtilsTest" time="0.001"/>
  <testcase name="testToZonedDateTime(String)[454]" classname="org.apache.commons.lang3.time.CalendarUtilsTest" time="0.002"/>
  <testcase name="testToZonedDateTime(String)[455]" classname="org.apache.commons.lang3.time.CalendarUtilsTest" time="0.0"/>
  <testcase name="testToZonedDateTime(String)[456]" classname="org.apache.commons.lang3.time.CalendarUtilsTest" time="0.002"/>
  <testcase name="testToZonedDateTime(String)[457]" classname="org.apache.commons.lang3.time.CalendarUtilsTest" time="0.001"/>
  <testcase name="testToZonedDateTime(String)[458]" classname="org.apache.commons.lang3.time.CalendarUtilsTest" time="0.001"/>
  <testcase name="testToZonedDateTime(String)[459]" classname="org.apache.commons.lang3.time.CalendarUtilsTest" time="0.001"/>
  <testcase name="testToZonedDateTime(String)[460]" classname="org.apache.commons.lang3.time.CalendarUtilsTest" time="0.002"/>
  <testcase name="testToZonedDateTime(String)[461]" classname="org.apache.commons.lang3.time.CalendarUtilsTest" time="0.002"/>
  <testcase name="testToZonedDateTime(String)[462]" classname="org.apache.commons.lang3.time.CalendarUtilsTest" time="0.001"/>
  <testcase name="testToZonedDateTime(String)[463]" classname="org.apache.commons.lang3.time.CalendarUtilsTest" time="0.004"/>
  <testcase name="testToZonedDateTime(String)[464]" classname="org.apache.commons.lang3.time.CalendarUtilsTest" time="0.001"/>
  <testcase name="testToZonedDateTime(String)[465]" classname="org.apache.commons.lang3.time.CalendarUtilsTest" time="0.001"/>
  <testcase name="testToZonedDateTime(String)[466]" classname="org.apache.commons.lang3.time.CalendarUtilsTest" time="0.001"/>
  <testcase name="testToZonedDateTime(String)[467]" classname="org.apache.commons.lang3.time.CalendarUtilsTest" time="0.001"/>
  <testcase name="testToZonedDateTime(String)[468]" classname="org.apache.commons.lang3.time.CalendarUtilsTest" time="0.001"/>
  <testcase name="testToZonedDateTime(String)[469]" classname="org.apache.commons.lang3.time.CalendarUtilsTest" time="0.002"/>
  <testcase name="testToZonedDateTime(String)[470]" classname="org.apache.commons.lang3.time.CalendarUtilsTest" time="0.002"/>
  <testcase name="testToZonedDateTime(String)[471]" classname="org.apache.commons.lang3.time.CalendarUtilsTest" time="0.001"/>
  <testcase name="testToZonedDateTime(String)[472]" classname="org.apache.commons.lang3.time.CalendarUtilsTest" time="0.001"/>
  <testcase name="testToZonedDateTime(String)[473]" classname="org.apache.commons.lang3.time.CalendarUtilsTest" time="0.001"/>
  <testcase name="testToZonedDateTime(String)[474]" classname="org.apache.commons.lang3.time.CalendarUtilsTest" time="0.001"/>
  <testcase name="testToZonedDateTime(String)[475]" classname="org.apache.commons.lang3.time.CalendarUtilsTest" time="0.001"/>
  <testcase name="testToZonedDateTime(String)[476]" classname="org.apache.commons.lang3.time.CalendarUtilsTest" time="0.0"/>
  <testcase name="testToZonedDateTime(String)[477]" classname="org.apache.commons.lang3.time.CalendarUtilsTest" time="0.001"/>
  <testcase name="testToZonedDateTime(String)[478]" classname="org.apache.commons.lang3.time.CalendarUtilsTest" time="0.001"/>
  <testcase name="testToZonedDateTime(String)[479]" classname="org.apache.commons.lang3.time.CalendarUtilsTest" time="0.003"/>
  <testcase name="testToZonedDateTime(String)[480]" classname="org.apache.commons.lang3.time.CalendarUtilsTest" time="0.002"/>
  <testcase name="testToZonedDateTime(String)[481]" classname="org.apache.commons.lang3.time.CalendarUtilsTest" time="0.001"/>
  <testcase name="testToZonedDateTime(String)[482]" classname="org.apache.commons.lang3.time.CalendarUtilsTest" time="0.001"/>
  <testcase name="testToZonedDateTime(String)[483]" classname="org.apache.commons.lang3.time.CalendarUtilsTest" time="0.001"/>
  <testcase name="testToZonedDateTime(String)[484]" classname="org.apache.commons.lang3.time.CalendarUtilsTest" time="0.001"/>
  <testcase name="testToZonedDateTime(String)[485]" classname="org.apache.commons.lang3.time.CalendarUtilsTest" time="0.003"/>
  <testcase name="testToZonedDateTime(String)[486]" classname="org.apache.commons.lang3.time.CalendarUtilsTest" time="0.003"/>
  <testcase name="testToZonedDateTime(String)[487]" classname="org.apache.commons.lang3.time.CalendarUtilsTest" time="0.001"/>
  <testcase name="testToZonedDateTime(String)[488]" classname="org.apache.commons.lang3.time.CalendarUtilsTest" time="0.002"/>
  <testcase name="testToZonedDateTime(String)[489]" classname="org.apache.commons.lang3.time.CalendarUtilsTest" time="0.001"/>
  <testcase name="testToZonedDateTime(String)[490]" classname="org.apache.commons.lang3.time.CalendarUtilsTest" time="0.002"/>
  <testcase name="testToZonedDateTime(String)[491]" classname="org.apache.commons.lang3.time.CalendarUtilsTest" time="0.002"/>
  <testcase name="testToZonedDateTime(String)[492]" classname="org.apache.commons.lang3.time.CalendarUtilsTest" time="0.004"/>
  <testcase name="testToZonedDateTime(String)[493]" classname="org.apache.commons.lang3.time.CalendarUtilsTest" time="0.002"/>
  <testcase name="testToZonedDateTime(String)[494]" classname="org.apache.commons.lang3.time.CalendarUtilsTest" time="0.002"/>
  <testcase name="testToZonedDateTime(String)[495]" classname="org.apache.commons.lang3.time.CalendarUtilsTest" time="0.001"/>
  <testcase name="testToZonedDateTime(String)[496]" classname="org.apache.commons.lang3.time.CalendarUtilsTest" time="0.001"/>
  <testcase name="testToZonedDateTime(String)[497]" classname="org.apache.commons.lang3.time.CalendarUtilsTest" time="0.001"/>
  <testcase name="testToZonedDateTime(String)[498]" classname="org.apache.commons.lang3.time.CalendarUtilsTest" time="0.0"/>
  <testcase name="testToZonedDateTime(String)[499]" classname="org.apache.commons.lang3.time.CalendarUtilsTest" time="0.0"/>
  <testcase name="testToZonedDateTime(String)[500]" classname="org.apache.commons.lang3.time.CalendarUtilsTest" time="0.001"/>
  <testcase name="testToZonedDateTime(String)[501]" classname="org.apache.commons.lang3.time.CalendarUtilsTest" time="0.001"/>
  <testcase name="testToZonedDateTime(String)[502]" classname="org.apache.commons.lang3.time.CalendarUtilsTest" time="0.003"/>
  <testcase name="testToZonedDateTime(String)[503]" classname="org.apache.commons.lang3.time.CalendarUtilsTest" time="0.001"/>
  <testcase name="testToZonedDateTime(String)[504]" classname="org.apache.commons.lang3.time.CalendarUtilsTest" time="0.001"/>
  <testcase name="testToZonedDateTime(String)[505]" classname="org.apache.commons.lang3.time.CalendarUtilsTest" time="0.0"/>
  <testcase name="testToZonedDateTime(String)[506]" classname="org.apache.commons.lang3.time.CalendarUtilsTest" time="0.001"/>
  <testcase name="testToZonedDateTime(String)[507]" classname="org.apache.commons.lang3.time.CalendarUtilsTest" time="0.001"/>
  <testcase name="testToZonedDateTime(String)[508]" classname="org.apache.commons.lang3.time.CalendarUtilsTest" time="0.0"/>
  <testcase name="testToZonedDateTime(String)[509]" classname="org.apache.commons.lang3.time.CalendarUtilsTest" time="0.001"/>
  <testcase name="testToZonedDateTime(String)[510]" classname="org.apache.commons.lang3.time.CalendarUtilsTest" time="0.002"/>
  <testcase name="testToZonedDateTime(String)[511]" classname="org.apache.commons.lang3.time.CalendarUtilsTest" time="0.001"/>
  <testcase name="testToZonedDateTime(String)[512]" classname="org.apache.commons.lang3.time.CalendarUtilsTest" time="0.0"/>
  <testcase name="testToZonedDateTime(String)[513]" classname="org.apache.commons.lang3.time.CalendarUtilsTest" time="0.0"/>
  <testcase name="testToZonedDateTime(String)[514]" classname="org.apache.commons.lang3.time.CalendarUtilsTest" time="0.001"/>
  <testcase name="testToZonedDateTime(String)[515]" classname="org.apache.commons.lang3.time.CalendarUtilsTest" time="0.0"/>
  <testcase name="testToZonedDateTime(String)[516]" classname="org.apache.commons.lang3.time.CalendarUtilsTest" time="0.002"/>
  <testcase name="testToZonedDateTime(String)[517]" classname="org.apache.commons.lang3.time.CalendarUtilsTest" time="0.001"/>
  <testcase name="testToZonedDateTime(String)[518]" classname="org.apache.commons.lang3.time.CalendarUtilsTest" time="0.001"/>
  <testcase name="testToZonedDateTime(String)[519]" classname="org.apache.commons.lang3.time.CalendarUtilsTest" time="0.002"/>
  <testcase name="testToZonedDateTime(String)[520]" classname="org.apache.commons.lang3.time.CalendarUtilsTest" time="0.001"/>
  <testcase name="testToZonedDateTime(String)[521]" classname="org.apache.commons.lang3.time.CalendarUtilsTest" time="0.001"/>
  <testcase name="testToZonedDateTime(String)[522]" classname="org.apache.commons.lang3.time.CalendarUtilsTest" time="0.0"/>
  <testcase name="testToZonedDateTime(String)[523]" classname="org.apache.commons.lang3.time.CalendarUtilsTest" time="0.001"/>
  <testcase name="testToZonedDateTime(String)[524]" classname="org.apache.commons.lang3.time.CalendarUtilsTest" time="0.0"/>
  <testcase name="testToZonedDateTime(String)[525]" classname="org.apache.commons.lang3.time.CalendarUtilsTest" time="0.001"/>
  <testcase name="testToZonedDateTime(String)[526]" classname="org.apache.commons.lang3.time.CalendarUtilsTest" time="0.001"/>
  <testcase name="testToZonedDateTime(String)[527]" classname="org.apache.commons.lang3.time.CalendarUtilsTest" time="0.002"/>
  <testcase name="testToZonedDateTime(String)[528]" classname="org.apache.commons.lang3.time.CalendarUtilsTest" time="0.001"/>
  <testcase name="testToZonedDateTime(String)[529]" classname="org.apache.commons.lang3.time.CalendarUtilsTest" time="0.002"/>
  <testcase name="testToZonedDateTime(String)[530]" classname="org.apache.commons.lang3.time.CalendarUtilsTest" time="0.002"/>
  <testcase name="testToZonedDateTime(String)[531]" classname="org.apache.commons.lang3.time.CalendarUtilsTest" time="0.003"/>
  <testcase name="testToZonedDateTime(String)[532]" classname="org.apache.commons.lang3.time.CalendarUtilsTest" time="0.002"/>
  <testcase name="testToZonedDateTime(String)[533]" classname="org.apache.commons.lang3.time.CalendarUtilsTest" time="0.003"/>
  <testcase name="testToZonedDateTime(String)[534]" classname="org.apache.commons.lang3.time.CalendarUtilsTest" time="0.003"/>
  <testcase name="testToZonedDateTime(String)[535]" classname="org.apache.commons.lang3.time.CalendarUtilsTest" time="0.002"/>
  <testcase name="testToZonedDateTime(String)[536]" classname="org.apache.commons.lang3.time.CalendarUtilsTest" time="0.002"/>
  <testcase name="testToZonedDateTime(String)[537]" classname="org.apache.commons.lang3.time.CalendarUtilsTest" time="0.003"/>
  <testcase name="testToZonedDateTime(String)[538]" classname="org.apache.commons.lang3.time.CalendarUtilsTest" time="0.004"/>
  <testcase name="testToZonedDateTime(String)[539]" classname="org.apache.commons.lang3.time.CalendarUtilsTest" time="0.001"/>
  <testcase name="testToZonedDateTime(String)[540]" classname="org.apache.commons.lang3.time.CalendarUtilsTest" time="0.002"/>
  <testcase name="testToZonedDateTime(String)[541]" classname="org.apache.commons.lang3.time.CalendarUtilsTest" time="0.001"/>
  <testcase name="testToZonedDateTime(String)[542]" classname="org.apache.commons.lang3.time.CalendarUtilsTest" time="0.002"/>
  <testcase name="testToZonedDateTime(String)[543]" classname="org.apache.commons.lang3.time.CalendarUtilsTest" time="0.0"/>
  <testcase name="testToZonedDateTime(String)[544]" classname="org.apache.commons.lang3.time.CalendarUtilsTest" time="0.0"/>
  <testcase name="testToZonedDateTime(String)[545]" classname="org.apache.commons.lang3.time.CalendarUtilsTest" time="0.0"/>
  <testcase name="testToZonedDateTime(String)[546]" classname="org.apache.commons.lang3.time.CalendarUtilsTest" time="0.001"/>
  <testcase name="testToZonedDateTime(String)[547]" classname="org.apache.commons.lang3.time.CalendarUtilsTest" time="0.002"/>
  <testcase name="testToZonedDateTime(String)[548]" classname="org.apache.commons.lang3.time.CalendarUtilsTest" time="0.001"/>
  <testcase name="testToZonedDateTime(String)[549]" classname="org.apache.commons.lang3.time.CalendarUtilsTest" time="0.003"/>
  <testcase name="testToZonedDateTime(String)[550]" classname="org.apache.commons.lang3.time.CalendarUtilsTest" time="0.002"/>
  <testcase name="testToZonedDateTime(String)[551]" classname="org.apache.commons.lang3.time.CalendarUtilsTest" time="0.001"/>
  <testcase name="testToZonedDateTime(String)[552]" classname="org.apache.commons.lang3.time.CalendarUtilsTest" time="0.002"/>
  <testcase name="testToZonedDateTime(String)[553]" classname="org.apache.commons.lang3.time.CalendarUtilsTest" time="0.001"/>
  <testcase name="testToZonedDateTime(String)[554]" classname="org.apache.commons.lang3.time.CalendarUtilsTest" time="0.004"/>
  <testcase name="testToZonedDateTime(String)[555]" classname="org.apache.commons.lang3.time.CalendarUtilsTest" time="0.002"/>
  <testcase name="testToZonedDateTime(String)[556]" classname="org.apache.commons.lang3.time.CalendarUtilsTest" time="0.003"/>
  <testcase name="testToZonedDateTime(String)[557]" classname="org.apache.commons.lang3.time.CalendarUtilsTest" time="0.003"/>
  <testcase name="testToZonedDateTime(String)[558]" classname="org.apache.commons.lang3.time.CalendarUtilsTest" time="0.002"/>
  <testcase name="testToZonedDateTime(String)[559]" classname="org.apache.commons.lang3.time.CalendarUtilsTest" time="0.002"/>
  <testcase name="testToZonedDateTime(String)[560]" classname="org.apache.commons.lang3.time.CalendarUtilsTest" time="0.003"/>
  <testcase name="testToZonedDateTime(String)[561]" classname="org.apache.commons.lang3.time.CalendarUtilsTest" time="0.001"/>
  <testcase name="testToZonedDateTime(String)[562]" classname="org.apache.commons.lang3.time.CalendarUtilsTest" time="0.001"/>
  <testcase name="testToZonedDateTime(String)[563]" classname="org.apache.commons.lang3.time.CalendarUtilsTest" time="0.002"/>
  <testcase name="testToZonedDateTime(String)[564]" classname="org.apache.commons.lang3.time.CalendarUtilsTest" time="0.002"/>
  <testcase name="testToZonedDateTime(String)[565]" classname="org.apache.commons.lang3.time.CalendarUtilsTest" time="0.002"/>
  <testcase name="testToZonedDateTime(String)[566]" classname="org.apache.commons.lang3.time.CalendarUtilsTest" time="0.004"/>
  <testcase name="testToZonedDateTime(String)[567]" classname="org.apache.commons.lang3.time.CalendarUtilsTest" time="0.002"/>
  <testcase name="testToZonedDateTime(String)[568]" classname="org.apache.commons.lang3.time.CalendarUtilsTest" time="0.002"/>
  <testcase name="testToZonedDateTime(String)[569]" classname="org.apache.commons.lang3.time.CalendarUtilsTest" time="0.002"/>
  <testcase name="testToZonedDateTime(String)[570]" classname="org.apache.commons.lang3.time.CalendarUtilsTest" time="0.002"/>
  <testcase name="testToZonedDateTime(String)[571]" classname="org.apache.commons.lang3.time.CalendarUtilsTest" time="0.003"/>
  <testcase name="testToZonedDateTime(String)[572]" classname="org.apache.commons.lang3.time.CalendarUtilsTest" time="0.003"/>
  <testcase name="testToZonedDateTime(String)[573]" classname="org.apache.commons.lang3.time.CalendarUtilsTest" time="0.002"/>
  <testcase name="testToZonedDateTime(String)[574]" classname="org.apache.commons.lang3.time.CalendarUtilsTest" time="0.0"/>
  <testcase name="testToZonedDateTime(String)[575]" classname="org.apache.commons.lang3.time.CalendarUtilsTest" time="0.0"/>
  <testcase name="testToZonedDateTime(String)[576]" classname="org.apache.commons.lang3.time.CalendarUtilsTest" time="0.002"/>
  <testcase name="testToZonedDateTime(String)[577]" classname="org.apache.commons.lang3.time.CalendarUtilsTest" time="0.001"/>
  <testcase name="testToZonedDateTime(String)[578]" classname="org.apache.commons.lang3.time.CalendarUtilsTest" time="0.001"/>
  <testcase name="testToZonedDateTime(String)[579]" classname="org.apache.commons.lang3.time.CalendarUtilsTest" time="0.001"/>
  <testcase name="testToZonedDateTime(String)[580]" classname="org.apache.commons.lang3.time.CalendarUtilsTest" time="0.001"/>
  <testcase name="testToZonedDateTime(String)[581]" classname="org.apache.commons.lang3.time.CalendarUtilsTest" time="0.003"/>
  <testcase name="testToZonedDateTime(String)[582]" classname="org.apache.commons.lang3.time.CalendarUtilsTest" time="0.003"/>
  <testcase name="testToZonedDateTime(String)[583]" classname="org.apache.commons.lang3.time.CalendarUtilsTest" time="0.002"/>
  <testcase name="testToZonedDateTime(String)[584]" classname="org.apache.commons.lang3.time.CalendarUtilsTest" time="0.003"/>
  <testcase name="testToZonedDateTime(String)[585]" classname="org.apache.commons.lang3.time.CalendarUtilsTest" time="0.002"/>
  <testcase name="testToZonedDateTime(String)[586]" classname="org.apache.commons.lang3.time.CalendarUtilsTest" time="0.002"/>
  <testcase name="testToZonedDateTime(String)[587]" classname="org.apache.commons.lang3.time.CalendarUtilsTest" time="0.002"/>
  <testcase name="testToZonedDateTime(String)[588]" classname="org.apache.commons.lang3.time.CalendarUtilsTest" time="0.004"/>
  <testcase name="testToZonedDateTime(String)[589]" classname="org.apache.commons.lang3.time.CalendarUtilsTest" time="0.001"/>
  <testcase name="testToZonedDateTime(String)[590]" classname="org.apache.commons.lang3.time.CalendarUtilsTest" time="0.0"/>
  <testcase name="testToZonedDateTime(String)[591]" classname="org.apache.commons.lang3.time.CalendarUtilsTest" time="0.0"/>
  <testcase name="testToZonedDateTime(String)[592]" classname="org.apache.commons.lang3.time.CalendarUtilsTest" time="0.0"/>
  <testcase name="testToZonedDateTime(String)[593]" classname="org.apache.commons.lang3.time.CalendarUtilsTest" time="0.0"/>
  <testcase name="testToZonedDateTime(String)[594]" classname="org.apache.commons.lang3.time.CalendarUtilsTest" time="0.0"/>
  <testcase name="testToZonedDateTime(String)[595]" classname="org.apache.commons.lang3.time.CalendarUtilsTest" time="0.001"/>
  <testcase name="testToZonedDateTime(String)[596]" classname="org.apache.commons.lang3.time.CalendarUtilsTest" time="0.001"/>
  <testcase name="testToZonedDateTime(String)[597]" classname="org.apache.commons.lang3.time.CalendarUtilsTest" time="0.002"/>
  <testcase name="testToZonedDateTime(String)[598]" classname="org.apache.commons.lang3.time.CalendarUtilsTest" time="0.002"/>
  <testcase name="testToZonedDateTime(String)[599]" classname="org.apache.commons.lang3.time.CalendarUtilsTest" time="0.002"/>
  <testcase name="testToZonedDateTime(String)[600]" classname="org.apache.commons.lang3.time.CalendarUtilsTest" time="0.002"/>
  <testcase name="testToZonedDateTime(String)[601]" classname="org.apache.commons.lang3.time.CalendarUtilsTest" time="0.001"/>
  <testcase name="testToZonedDateTime(String)[602]" classname="org.apache.commons.lang3.time.CalendarUtilsTest" time="0.0"/>
  <testcase name="testToZonedDateTime(String)[603]" classname="org.apache.commons.lang3.time.CalendarUtilsTest" time="0.001"/>
  <testcase name="testToZonedDateTime(String)[604]" classname="org.apache.commons.lang3.time.CalendarUtilsTest" time="0.004"/>
  <testcase name="testToZonedDateTime(String)[605]" classname="org.apache.commons.lang3.time.CalendarUtilsTest" time="0.0"/>
  <testcase name="testToZonedDateTime(String)[606]" classname="org.apache.commons.lang3.time.CalendarUtilsTest" time="0.0"/>
  <testcase name="testToZonedDateTime(String)[607]" classname="org.apache.commons.lang3.time.CalendarUtilsTest" time="0.0"/>
  <testcase name="testToZonedDateTime(String)[608]" classname="org.apache.commons.lang3.time.CalendarUtilsTest" time="0.001"/>
  <testcase name="testToZonedDateTime(String)[609]" classname="org.apache.commons.lang3.time.CalendarUtilsTest" time="0.001"/>
  <testcase name="testToZonedDateTime(String)[610]" classname="org.apache.commons.lang3.time.CalendarUtilsTest" time="0.0"/>
  <testcase name="testToZonedDateTime(String)[611]" classname="org.apache.commons.lang3.time.CalendarUtilsTest" time="0.001"/>
  <testcase name="testToZonedDateTime(String)[612]" classname="org.apache.commons.lang3.time.CalendarUtilsTest" time="0.001"/>
  <testcase name="testToZonedDateTime(String)[613]" classname="org.apache.commons.lang3.time.CalendarUtilsTest" time="0.0"/>
  <testcase name="testToZonedDateTime(String)[614]" classname="org.apache.commons.lang3.time.CalendarUtilsTest" time="0.002"/>
  <testcase name="testToZonedDateTime(String)[615]" classname="org.apache.commons.lang3.time.CalendarUtilsTest" time="0.001"/>
  <testcase name="testToZonedDateTime(String)[616]" classname="org.apache.commons.lang3.time.CalendarUtilsTest" time="0.003"/>
  <testcase name="testToZonedDateTime(String)[617]" classname="org.apache.commons.lang3.time.CalendarUtilsTest" time="0.002"/>
  <testcase name="testToZonedDateTime(String)[618]" classname="org.apache.commons.lang3.time.CalendarUtilsTest" time="0.003"/>
  <testcase name="testToZonedDateTime(String)[619]" classname="org.apache.commons.lang3.time.CalendarUtilsTest" time="0.001"/>
  <testcase name="testToZonedDateTime(String)[620]" classname="org.apache.commons.lang3.time.CalendarUtilsTest" time="0.001"/>
  <testcase name="testToZonedDateTime(String)[621]" classname="org.apache.commons.lang3.time.CalendarUtilsTest" time="0.001"/>
  <testcase name="testToZonedDateTime(String)[622]" classname="org.apache.commons.lang3.time.CalendarUtilsTest" time="0.002"/>
  <testcase name="testToZonedDateTime(String)[623]" classname="org.apache.commons.lang3.time.CalendarUtilsTest" time="0.002"/>
  <testcase name="testToZonedDateTime(String)[624]" classname="org.apache.commons.lang3.time.CalendarUtilsTest" time="0.002"/>
  <testcase name="testToZonedDateTime(String)[625]" classname="org.apache.commons.lang3.time.CalendarUtilsTest" time="0.002"/>
  <testcase name="testToZonedDateTime(String)[626]" classname="org.apache.commons.lang3.time.CalendarUtilsTest" time="0.0"/>
  <testcase name="testToZonedDateTime(String)[627]" classname="org.apache.commons.lang3.time.CalendarUtilsTest" time="0.002"/>
  <testcase name="testToZonedDateTime(String)[628]" classname="org.apache.commons.lang3.time.CalendarUtilsTest" time="0.001"/>
  <testcase name="testToZonedDateTime(String)[629]" classname="org.apache.commons.lang3.time.CalendarUtilsTest" time="0.001"/>
  <testcase name="testToZonedDateTime(String)[630]" classname="org.apache.commons.lang3.time.CalendarUtilsTest" time="0.001"/>
  <testcase name="testToZonedDateTime(String)[631]" classname="org.apache.commons.lang3.time.CalendarUtilsTest" time="0.0"/>
  <testcase name="testToOffsetDateTime(String)[1]" classname="org.apache.commons.lang3.time.CalendarUtilsTest" time="0.002"/>
  <testcase name="testToOffsetDateTime(String)[2]" classname="org.apache.commons.lang3.time.CalendarUtilsTest" time="0.0"/>
  <testcase name="testToOffsetDateTime(String)[3]" classname="org.apache.commons.lang3.time.CalendarUtilsTest" time="0.001"/>
  <testcase name="testToOffsetDateTime(String)[4]" classname="org.apache.commons.lang3.time.CalendarUtilsTest" time="0.002"/>
  <testcase name="testToOffsetDateTime(String)[5]" classname="org.apache.commons.lang3.time.CalendarUtilsTest" time="0.003"/>
  <testcase name="testToOffsetDateTime(String)[6]" classname="org.apache.commons.lang3.time.CalendarUtilsTest" time="0.002"/>
  <testcase name="testToOffsetDateTime(String)[7]" classname="org.apache.commons.lang3.time.CalendarUtilsTest" time="0.003"/>
  <testcase name="testToOffsetDateTime(String)[8]" classname="org.apache.commons.lang3.time.CalendarUtilsTest" time="0.002"/>
  <testcase name="testToOffsetDateTime(String)[9]" classname="org.apache.commons.lang3.time.CalendarUtilsTest" time="0.002"/>
  <testcase name="testToOffsetDateTime(String)[10]" classname="org.apache.commons.lang3.time.CalendarUtilsTest" time="0.003"/>
  <testcase name="testToOffsetDateTime(String)[11]" classname="org.apache.commons.lang3.time.CalendarUtilsTest" time="0.001"/>
  <testcase name="testToOffsetDateTime(String)[12]" classname="org.apache.commons.lang3.time.CalendarUtilsTest" time="0.003"/>
  <testcase name="testToOffsetDateTime(String)[13]" classname="org.apache.commons.lang3.time.CalendarUtilsTest" time="0.002"/>
  <testcase name="testToOffsetDateTime(String)[14]" classname="org.apache.commons.lang3.time.CalendarUtilsTest" time="0.0"/>
  <testcase name="testToOffsetDateTime(String)[15]" classname="org.apache.commons.lang3.time.CalendarUtilsTest" time="0.001"/>
  <testcase name="testToOffsetDateTime(String)[16]" classname="org.apache.commons.lang3.time.CalendarUtilsTest" time="0.001"/>
  <testcase name="testToOffsetDateTime(String)[17]" classname="org.apache.commons.lang3.time.CalendarUtilsTest" time="0.003"/>
  <testcase name="testToOffsetDateTime(String)[18]" classname="org.apache.commons.lang3.time.CalendarUtilsTest" time="0.002"/>
  <testcase name="testToOffsetDateTime(String)[19]" classname="org.apache.commons.lang3.time.CalendarUtilsTest" time="0.001"/>
  <testcase name="testToOffsetDateTime(String)[20]" classname="org.apache.commons.lang3.time.CalendarUtilsTest" time="0.002"/>
  <testcase name="testToOffsetDateTime(String)[21]" classname="org.apache.commons.lang3.time.CalendarUtilsTest" time="0.003"/>
  <testcase name="testToOffsetDateTime(String)[22]" classname="org.apache.commons.lang3.time.CalendarUtilsTest" time="0.0"/>
  <testcase name="testToOffsetDateTime(String)[23]" classname="org.apache.commons.lang3.time.CalendarUtilsTest" time="0.003"/>
  <testcase name="testToOffsetDateTime(String)[24]" classname="org.apache.commons.lang3.time.CalendarUtilsTest" time="0.004"/>
  <testcase name="testToOffsetDateTime(String)[25]" classname="org.apache.commons.lang3.time.CalendarUtilsTest" time="0.004"/>
  <testcase name="testToOffsetDateTime(String)[26]" classname="org.apache.commons.lang3.time.CalendarUtilsTest" time="0.001"/>
  <testcase name="testToOffsetDateTime(String)[27]" classname="org.apache.commons.lang3.time.CalendarUtilsTest" time="0.001"/>
  <testcase name="testToOffsetDateTime(String)[28]" classname="org.apache.commons.lang3.time.CalendarUtilsTest" time="0.002"/>
  <testcase name="testToOffsetDateTime(String)[29]" classname="org.apache.commons.lang3.time.CalendarUtilsTest" time="0.003"/>
  <testcase name="testToOffsetDateTime(String)[30]" classname="org.apache.commons.lang3.time.CalendarUtilsTest" time="0.002"/>
  <testcase name="testToOffsetDateTime(String)[31]" classname="org.apache.commons.lang3.time.CalendarUtilsTest" time="0.003"/>
  <testcase name="testToOffsetDateTime(String)[32]" classname="org.apache.commons.lang3.time.CalendarUtilsTest" time="0.002"/>
  <testcase name="testToOffsetDateTime(String)[33]" classname="org.apache.commons.lang3.time.CalendarUtilsTest" time="0.001"/>
  <testcase name="testToOffsetDateTime(String)[34]" classname="org.apache.commons.lang3.time.CalendarUtilsTest" time="0.002"/>
  <testcase name="testToOffsetDateTime(String)[35]" classname="org.apache.commons.lang3.time.CalendarUtilsTest" time="0.001"/>
  <testcase name="testToOffsetDateTime(String)[36]" classname="org.apache.commons.lang3.time.CalendarUtilsTest" time="0.001"/>
  <testcase name="testToOffsetDateTime(String)[37]" classname="org.apache.commons.lang3.time.CalendarUtilsTest" time="0.001"/>
  <testcase name="testToOffsetDateTime(String)[38]" classname="org.apache.commons.lang3.time.CalendarUtilsTest" time="0.001"/>
  <testcase name="testToOffsetDateTime(String)[39]" classname="org.apache.commons.lang3.time.CalendarUtilsTest" time="0.001"/>
  <testcase name="testToOffsetDateTime(String)[40]" classname="org.apache.commons.lang3.time.CalendarUtilsTest" time="0.001"/>
  <testcase name="testToOffsetDateTime(String)[41]" classname="org.apache.commons.lang3.time.CalendarUtilsTest" time="0.001"/>
  <testcase name="testToOffsetDateTime(String)[42]" classname="org.apache.commons.lang3.time.CalendarUtilsTest" time="0.001"/>
  <testcase name="testToOffsetDateTime(String)[43]" classname="org.apache.commons.lang3.time.CalendarUtilsTest" time="0.0"/>
  <testcase name="testToOffsetDateTime(String)[44]" classname="org.apache.commons.lang3.time.CalendarUtilsTest" time="0.0"/>
  <testcase name="testToOffsetDateTime(String)[45]" classname="org.apache.commons.lang3.time.CalendarUtilsTest" time="0.001"/>
  <testcase name="testToOffsetDateTime(String)[46]" classname="org.apache.commons.lang3.time.CalendarUtilsTest" time="0.002"/>
  <testcase name="testToOffsetDateTime(String)[47]" classname="org.apache.commons.lang3.time.CalendarUtilsTest" time="0.002"/>
  <testcase name="testToOffsetDateTime(String)[48]" classname="org.apache.commons.lang3.time.CalendarUtilsTest" time="0.001"/>
  <testcase name="testToOffsetDateTime(String)[49]" classname="org.apache.commons.lang3.time.CalendarUtilsTest" time="0.0"/>
  <testcase name="testToOffsetDateTime(String)[50]" classname="org.apache.commons.lang3.time.CalendarUtilsTest" time="0.0"/>
  <testcase name="testToOffsetDateTime(String)[51]" classname="org.apache.commons.lang3.time.CalendarUtilsTest" time="0.0"/>
  <testcase name="testToOffsetDateTime(String)[52]" classname="org.apache.commons.lang3.time.CalendarUtilsTest" time="0.001"/>
  <testcase name="testToOffsetDateTime(String)[53]" classname="org.apache.commons.lang3.time.CalendarUtilsTest" time="0.001"/>
  <testcase name="testToOffsetDateTime(String)[54]" classname="org.apache.commons.lang3.time.CalendarUtilsTest" time="0.002"/>
  <testcase name="testToOffsetDateTime(String)[55]" classname="org.apache.commons.lang3.time.CalendarUtilsTest" time="0.001"/>
  <testcase name="testToOffsetDateTime(String)[56]" classname="org.apache.commons.lang3.time.CalendarUtilsTest" time="0.001"/>
  <testcase name="testToOffsetDateTime(String)[57]" classname="org.apache.commons.lang3.time.CalendarUtilsTest" time="0.001"/>
  <testcase name="testToOffsetDateTime(String)[58]" classname="org.apache.commons.lang3.time.CalendarUtilsTest" time="0.001"/>
  <testcase name="testToOffsetDateTime(String)[59]" classname="org.apache.commons.lang3.time.CalendarUtilsTest" time="0.001"/>
  <testcase name="testToOffsetDateTime(String)[60]" classname="org.apache.commons.lang3.time.CalendarUtilsTest" time="0.002"/>
  <testcase name="testToOffsetDateTime(String)[61]" classname="org.apache.commons.lang3.time.CalendarUtilsTest" time="0.001"/>
  <testcase name="testToOffsetDateTime(String)[62]" classname="org.apache.commons.lang3.time.CalendarUtilsTest" time="0.002"/>
  <testcase name="testToOffsetDateTime(String)[63]" classname="org.apache.commons.lang3.time.CalendarUtilsTest" time="0.002"/>
  <testcase name="testToOffsetDateTime(String)[64]" classname="org.apache.commons.lang3.time.CalendarUtilsTest" time="0.001"/>
  <testcase name="testToOffsetDateTime(String)[65]" classname="org.apache.commons.lang3.time.CalendarUtilsTest" time="0.0"/>
  <testcase name="testToOffsetDateTime(String)[66]" classname="org.apache.commons.lang3.time.CalendarUtilsTest" time="0.001"/>
  <testcase name="testToOffsetDateTime(String)[67]" classname="org.apache.commons.lang3.time.CalendarUtilsTest" time="0.001"/>
  <testcase name="testToOffsetDateTime(String)[68]" classname="org.apache.commons.lang3.time.CalendarUtilsTest" time="0.001"/>
  <testcase name="testToOffsetDateTime(String)[69]" classname="org.apache.commons.lang3.time.CalendarUtilsTest" time="0.001"/>
  <testcase name="testToOffsetDateTime(String)[70]" classname="org.apache.commons.lang3.time.CalendarUtilsTest" time="0.001"/>
  <testcase name="testToOffsetDateTime(String)[71]" classname="org.apache.commons.lang3.time.CalendarUtilsTest" time="0.001"/>
  <testcase name="testToOffsetDateTime(String)[72]" classname="org.apache.commons.lang3.time.CalendarUtilsTest" time="0.002"/>
  <testcase name="testToOffsetDateTime(String)[73]" classname="org.apache.commons.lang3.time.CalendarUtilsTest" time="0.001"/>
  <testcase name="testToOffsetDateTime(String)[74]" classname="org.apache.commons.lang3.time.CalendarUtilsTest" time="0.001"/>
  <testcase name="testToOffsetDateTime(String)[75]" classname="org.apache.commons.lang3.time.CalendarUtilsTest" time="0.001"/>
  <testcase name="testToOffsetDateTime(String)[76]" classname="org.apache.commons.lang3.time.CalendarUtilsTest" time="0.001"/>
  <testcase name="testToOffsetDateTime(String)[77]" classname="org.apache.commons.lang3.time.CalendarUtilsTest" time="0.002"/>
  <testcase name="testToOffsetDateTime(String)[78]" classname="org.apache.commons.lang3.time.CalendarUtilsTest" time="0.0"/>
  <testcase name="testToOffsetDateTime(String)[79]" classname="org.apache.commons.lang3.time.CalendarUtilsTest" time="0.001"/>
  <testcase name="testToOffsetDateTime(String)[80]" classname="org.apache.commons.lang3.time.CalendarUtilsTest" time="0.001"/>
  <testcase name="testToOffsetDateTime(String)[81]" classname="org.apache.commons.lang3.time.CalendarUtilsTest" time="0.001"/>
  <testcase name="testToOffsetDateTime(String)[82]" classname="org.apache.commons.lang3.time.CalendarUtilsTest" time="0.002"/>
  <testcase name="testToOffsetDateTime(String)[83]" classname="org.apache.commons.lang3.time.CalendarUtilsTest" time="0.001"/>
  <testcase name="testToOffsetDateTime(String)[84]" classname="org.apache.commons.lang3.time.CalendarUtilsTest" time="0.002"/>
  <testcase name="testToOffsetDateTime(String)[85]" classname="org.apache.commons.lang3.time.CalendarUtilsTest" time="0.0"/>
  <testcase name="testToOffsetDateTime(String)[86]" classname="org.apache.commons.lang3.time.CalendarUtilsTest" time="0.001"/>
  <testcase name="testToOffsetDateTime(String)[87]" classname="org.apache.commons.lang3.time.CalendarUtilsTest" time="0.0"/>
  <testcase name="testToOffsetDateTime(String)[88]" classname="org.apache.commons.lang3.time.CalendarUtilsTest" time="0.001"/>
  <testcase name="testToOffsetDateTime(String)[89]" classname="org.apache.commons.lang3.time.CalendarUtilsTest" time="0.001"/>
  <testcase name="testToOffsetDateTime(String)[90]" classname="org.apache.commons.lang3.time.CalendarUtilsTest" time="0.002"/>
  <testcase name="testToOffsetDateTime(String)[91]" classname="org.apache.commons.lang3.time.CalendarUtilsTest" time="0.002"/>
  <testcase name="testToOffsetDateTime(String)[92]" classname="org.apache.commons.lang3.time.CalendarUtilsTest" time="0.001"/>
  <testcase name="testToOffsetDateTime(String)[93]" classname="org.apache.commons.lang3.time.CalendarUtilsTest" time="0.001"/>
  <testcase name="testToOffsetDateTime(String)[94]" classname="org.apache.commons.lang3.time.CalendarUtilsTest" time="0.002"/>
  <testcase name="testToOffsetDateTime(String)[95]" classname="org.apache.commons.lang3.time.CalendarUtilsTest" time="0.001"/>
  <testcase name="testToOffsetDateTime(String)[96]" classname="org.apache.commons.lang3.time.CalendarUtilsTest" time="0.002"/>
  <testcase name="testToOffsetDateTime(String)[97]" classname="org.apache.commons.lang3.time.CalendarUtilsTest" time="0.001"/>
  <testcase name="testToOffsetDateTime(String)[98]" classname="org.apache.commons.lang3.time.CalendarUtilsTest" time="0.002"/>
  <testcase name="testToOffsetDateTime(String)[99]" classname="org.apache.commons.lang3.time.CalendarUtilsTest" time="0.001"/>
  <testcase name="testToOffsetDateTime(String)[100]" classname="org.apache.commons.lang3.time.CalendarUtilsTest" time="0.001"/>
  <testcase name="testToOffsetDateTime(String)[101]" classname="org.apache.commons.lang3.time.CalendarUtilsTest" time="0.001"/>
  <testcase name="testToOffsetDateTime(String)[102]" classname="org.apache.commons.lang3.time.CalendarUtilsTest" time="0.0"/>
  <testcase name="testToOffsetDateTime(String)[103]" classname="org.apache.commons.lang3.time.CalendarUtilsTest" time="0.001"/>
  <testcase name="testToOffsetDateTime(String)[104]" classname="org.apache.commons.lang3.time.CalendarUtilsTest" time="0.0"/>
  <testcase name="testToOffsetDateTime(String)[105]" classname="org.apache.commons.lang3.time.CalendarUtilsTest" time="0.002"/>
  <testcase name="testToOffsetDateTime(String)[106]" classname="org.apache.commons.lang3.time.CalendarUtilsTest" time="0.047"/>
  <testcase name="testToOffsetDateTime(String)[107]" classname="org.apache.commons.lang3.time.CalendarUtilsTest" time="0.001"/>
  <testcase name="testToOffsetDateTime(String)[108]" classname="org.apache.commons.lang3.time.CalendarUtilsTest" time="0.001"/>
  <testcase name="testToOffsetDateTime(String)[109]" classname="org.apache.commons.lang3.time.CalendarUtilsTest" time="0.002"/>
  <testcase name="testToOffsetDateTime(String)[110]" classname="org.apache.commons.lang3.time.CalendarUtilsTest" time="0.001"/>
  <testcase name="testToOffsetDateTime(String)[111]" classname="org.apache.commons.lang3.time.CalendarUtilsTest" time="0.033"/>
  <testcase name="testToOffsetDateTime(String)[112]" classname="org.apache.commons.lang3.time.CalendarUtilsTest" time="0.001"/>
  <testcase name="testToOffsetDateTime(String)[113]" classname="org.apache.commons.lang3.time.CalendarUtilsTest" time="0.001"/>
  <testcase name="testToOffsetDateTime(String)[114]" classname="org.apache.commons.lang3.time.CalendarUtilsTest" time="0.001"/>
  <testcase name="testToOffsetDateTime(String)[115]" classname="org.apache.commons.lang3.time.CalendarUtilsTest" time="0.001"/>
  <testcase name="testToOffsetDateTime(String)[116]" classname="org.apache.commons.lang3.time.CalendarUtilsTest" time="0.001"/>
  <testcase name="testToOffsetDateTime(String)[117]" classname="org.apache.commons.lang3.time.CalendarUtilsTest" time="0.001"/>
  <testcase name="testToOffsetDateTime(String)[118]" classname="org.apache.commons.lang3.time.CalendarUtilsTest" time="0.002"/>
  <testcase name="testToOffsetDateTime(String)[119]" classname="org.apache.commons.lang3.time.CalendarUtilsTest" time="0.001"/>
  <testcase name="testToOffsetDateTime(String)[120]" classname="org.apache.commons.lang3.time.CalendarUtilsTest" time="0.001"/>
  <testcase name="testToOffsetDateTime(String)[121]" classname="org.apache.commons.lang3.time.CalendarUtilsTest" time="0.0"/>
  <testcase name="testToOffsetDateTime(String)[122]" classname="org.apache.commons.lang3.time.CalendarUtilsTest" time="0.001"/>
  <testcase name="testToOffsetDateTime(String)[123]" classname="org.apache.commons.lang3.time.CalendarUtilsTest" time="0.001"/>
  <testcase name="testToOffsetDateTime(String)[124]" classname="org.apache.commons.lang3.time.CalendarUtilsTest" time="0.0"/>
  <testcase name="testToOffsetDateTime(String)[125]" classname="org.apache.commons.lang3.time.CalendarUtilsTest" time="0.001"/>
  <testcase name="testToOffsetDateTime(String)[126]" classname="org.apache.commons.lang3.time.CalendarUtilsTest" time="0.001"/>
  <testcase name="testToOffsetDateTime(String)[127]" classname="org.apache.commons.lang3.time.CalendarUtilsTest" time="0.028"/>
  <testcase name="testToOffsetDateTime(String)[128]" classname="org.apache.commons.lang3.time.CalendarUtilsTest" time="0.002"/>
  <testcase name="testToOffsetDateTime(String)[129]" classname="org.apache.commons.lang3.time.CalendarUtilsTest" time="0.0"/>
  <testcase name="testToOffsetDateTime(String)[130]" classname="org.apache.commons.lang3.time.CalendarUtilsTest" time="0.001"/>
  <testcase name="testToOffsetDateTime(String)[131]" classname="org.apache.commons.lang3.time.CalendarUtilsTest" time="0.001"/>
  <testcase name="testToOffsetDateTime(String)[132]" classname="org.apache.commons.lang3.time.CalendarUtilsTest" time="0.0"/>
  <testcase name="testToOffsetDateTime(String)[133]" classname="org.apache.commons.lang3.time.CalendarUtilsTest" time="0.001"/>
  <testcase name="testToOffsetDateTime(String)[134]" classname="org.apache.commons.lang3.time.CalendarUtilsTest" time="0.0"/>
  <testcase name="testToOffsetDateTime(String)[135]" classname="org.apache.commons.lang3.time.CalendarUtilsTest" time="0.001"/>
  <testcase name="testToOffsetDateTime(String)[136]" classname="org.apache.commons.lang3.time.CalendarUtilsTest" time="0.001"/>
  <testcase name="testToOffsetDateTime(String)[137]" classname="org.apache.commons.lang3.time.CalendarUtilsTest" time="0.001"/>
  <testcase name="testToOffsetDateTime(String)[138]" classname="org.apache.commons.lang3.time.CalendarUtilsTest" time="0.001"/>
  <testcase name="testToOffsetDateTime(String)[139]" classname="org.apache.commons.lang3.time.CalendarUtilsTest" time="0.0"/>
  <testcase name="testToOffsetDateTime(String)[140]" classname="org.apache.commons.lang3.time.CalendarUtilsTest" time="0.0"/>
  <testcase name="testToOffsetDateTime(String)[141]" classname="org.apache.commons.lang3.time.CalendarUtilsTest" time="0.0"/>
  <testcase name="testToOffsetDateTime(String)[142]" classname="org.apache.commons.lang3.time.CalendarUtilsTest" time="0.001"/>
  <testcase name="testToOffsetDateTime(String)[143]" classname="org.apache.commons.lang3.time.CalendarUtilsTest" time="0.001"/>
  <testcase name="testToOffsetDateTime(String)[144]" classname="org.apache.commons.lang3.time.CalendarUtilsTest" time="0.001"/>
  <testcase name="testToOffsetDateTime(String)[145]" classname="org.apache.commons.lang3.time.CalendarUtilsTest" time="0.001"/>
  <testcase name="testToOffsetDateTime(String)[146]" classname="org.apache.commons.lang3.time.CalendarUtilsTest" time="0.0"/>
  <testcase name="testToOffsetDateTime(String)[147]" classname="org.apache.commons.lang3.time.CalendarUtilsTest" time="0.001"/>
  <testcase name="testToOffsetDateTime(String)[148]" classname="org.apache.commons.lang3.time.CalendarUtilsTest" time="0.001"/>
  <testcase name="testToOffsetDateTime(String)[149]" classname="org.apache.commons.lang3.time.CalendarUtilsTest" time="0.001"/>
  <testcase name="testToOffsetDateTime(String)[150]" classname="org.apache.commons.lang3.time.CalendarUtilsTest" time="0.001"/>
  <testcase name="testToOffsetDateTime(String)[151]" classname="org.apache.commons.lang3.time.CalendarUtilsTest" time="0.001"/>
  <testcase name="testToOffsetDateTime(String)[152]" classname="org.apache.commons.lang3.time.CalendarUtilsTest" time="0.001"/>
  <testcase name="testToOffsetDateTime(String)[153]" classname="org.apache.commons.lang3.time.CalendarUtilsTest" time="0.001"/>
  <testcase name="testToOffsetDateTime(String)[154]" classname="org.apache.commons.lang3.time.CalendarUtilsTest" time="0.001"/>
  <testcase name="testToOffsetDateTime(String)[155]" classname="org.apache.commons.lang3.time.CalendarUtilsTest" time="0.001"/>
  <testcase name="testToOffsetDateTime(String)[156]" classname="org.apache.commons.lang3.time.CalendarUtilsTest" time="0.001"/>
  <testcase name="testToOffsetDateTime(String)[157]" classname="org.apache.commons.lang3.time.CalendarUtilsTest" time="0.047"/>
  <testcase name="testToOffsetDateTime(String)[158]" classname="org.apache.commons.lang3.time.CalendarUtilsTest" time="0.001"/>
  <testcase name="testToOffsetDateTime(String)[159]" classname="org.apache.commons.lang3.time.CalendarUtilsTest" time="0.0"/>
  <testcase name="testToOffsetDateTime(String)[160]" classname="org.apache.commons.lang3.time.CalendarUtilsTest" time="0.0"/>
  <testcase name="testToOffsetDateTime(String)[161]" classname="org.apache.commons.lang3.time.CalendarUtilsTest" time="0.0"/>
  <testcase name="testToOffsetDateTime(String)[162]" classname="org.apache.commons.lang3.time.CalendarUtilsTest" time="0.0"/>
  <testcase name="testToOffsetDateTime(String)[163]" classname="org.apache.commons.lang3.time.CalendarUtilsTest" time="0.001"/>
  <testcase name="testToOffsetDateTime(String)[164]" classname="org.apache.commons.lang3.time.CalendarUtilsTest" time="0.001"/>
  <testcase name="testToOffsetDateTime(String)[165]" classname="org.apache.commons.lang3.time.CalendarUtilsTest" time="0.0"/>
  <testcase name="testToOffsetDateTime(String)[166]" classname="org.apache.commons.lang3.time.CalendarUtilsTest" time="0.001"/>
  <testcase name="testToOffsetDateTime(String)[167]" classname="org.apache.commons.lang3.time.CalendarUtilsTest" time="0.001"/>
  <testcase name="testToOffsetDateTime(String)[168]" classname="org.apache.commons.lang3.time.CalendarUtilsTest" time="0.001"/>
  <testcase name="testToOffsetDateTime(String)[169]" classname="org.apache.commons.lang3.time.CalendarUtilsTest" time="0.001"/>
  <testcase name="testToOffsetDateTime(String)[170]" classname="org.apache.commons.lang3.time.CalendarUtilsTest" time="0.0"/>
  <testcase name="testToOffsetDateTime(String)[171]" classname="org.apache.commons.lang3.time.CalendarUtilsTest" time="0.0"/>
  <testcase name="testToOffsetDateTime(String)[172]" classname="org.apache.commons.lang3.time.CalendarUtilsTest" time="0.0"/>
  <testcase name="testToOffsetDateTime(String)[173]" classname="org.apache.commons.lang3.time.CalendarUtilsTest" time="0.001"/>
  <testcase name="testToOffsetDateTime(String)[174]" classname="org.apache.commons.lang3.time.CalendarUtilsTest" time="0.001"/>
  <testcase name="testToOffsetDateTime(String)[175]" classname="org.apache.commons.lang3.time.CalendarUtilsTest" time="0.001"/>
  <testcase name="testToOffsetDateTime(String)[176]" classname="org.apache.commons.lang3.time.CalendarUtilsTest" time="0.001"/>
  <testcase name="testToOffsetDateTime(String)[177]" classname="org.apache.commons.lang3.time.CalendarUtilsTest" time="0.003"/>
  <testcase name="testToOffsetDateTime(String)[178]" classname="org.apache.commons.lang3.time.CalendarUtilsTest" time="0.0"/>
  <testcase name="testToOffsetDateTime(String)[179]" classname="org.apache.commons.lang3.time.CalendarUtilsTest" time="0.006"/>
  <testcase name="testToOffsetDateTime(String)[180]" classname="org.apache.commons.lang3.time.CalendarUtilsTest" time="0.001"/>
  <testcase name="testToOffsetDateTime(String)[181]" classname="org.apache.commons.lang3.time.CalendarUtilsTest" time="0.001"/>
  <testcase name="testToOffsetDateTime(String)[182]" classname="org.apache.commons.lang3.time.CalendarUtilsTest" time="0.0"/>
  <testcase name="testToOffsetDateTime(String)[183]" classname="org.apache.commons.lang3.time.CalendarUtilsTest" time="0.001"/>
  <testcase name="testToOffsetDateTime(String)[184]" classname="org.apache.commons.lang3.time.CalendarUtilsTest" time="0.0"/>
  <testcase name="testToOffsetDateTime(String)[185]" classname="org.apache.commons.lang3.time.CalendarUtilsTest" time="0.001"/>
  <testcase name="testToOffsetDateTime(String)[186]" classname="org.apache.commons.lang3.time.CalendarUtilsTest" time="0.001"/>
  <testcase name="testToOffsetDateTime(String)[187]" classname="org.apache.commons.lang3.time.CalendarUtilsTest" time="0.063"/>
  <testcase name="testToOffsetDateTime(String)[188]" classname="org.apache.commons.lang3.time.CalendarUtilsTest" time="0.001"/>
  <testcase name="testToOffsetDateTime(String)[189]" classname="org.apache.commons.lang3.time.CalendarUtilsTest" time="0.001"/>
  <testcase name="testToOffsetDateTime(String)[190]" classname="org.apache.commons.lang3.time.CalendarUtilsTest" time="0.002"/>
  <testcase name="testToOffsetDateTime(String)[191]" classname="org.apache.commons.lang3.time.CalendarUtilsTest" time="0.0"/>
  <testcase name="testToOffsetDateTime(String)[192]" classname="org.apache.commons.lang3.time.CalendarUtilsTest" time="0.0"/>
  <testcase name="testToOffsetDateTime(String)[193]" classname="org.apache.commons.lang3.time.CalendarUtilsTest" time="0.001"/>
  <testcase name="testToOffsetDateTime(String)[194]" classname="org.apache.commons.lang3.time.CalendarUtilsTest" time="0.0"/>
  <testcase name="testToOffsetDateTime(String)[195]" classname="org.apache.commons.lang3.time.CalendarUtilsTest" time="0.002"/>
  <testcase name="testToOffsetDateTime(String)[196]" classname="org.apache.commons.lang3.time.CalendarUtilsTest" time="0.001"/>
  <testcase name="testToOffsetDateTime(String)[197]" classname="org.apache.commons.lang3.time.CalendarUtilsTest" time="0.0"/>
  <testcase name="testToOffsetDateTime(String)[198]" classname="org.apache.commons.lang3.time.CalendarUtilsTest" time="0.0"/>
  <testcase name="testToOffsetDateTime(String)[199]" classname="org.apache.commons.lang3.time.CalendarUtilsTest" time="0.0"/>
  <testcase name="testToOffsetDateTime(String)[200]" classname="org.apache.commons.lang3.time.CalendarUtilsTest" time="0.001"/>
  <testcase name="testToOffsetDateTime(String)[201]" classname="org.apache.commons.lang3.time.CalendarUtilsTest" time="0.001"/>
  <testcase name="testToOffsetDateTime(String)[202]" classname="org.apache.commons.lang3.time.CalendarUtilsTest" time="0.001"/>
  <testcase name="testToOffsetDateTime(String)[203]" classname="org.apache.commons.lang3.time.CalendarUtilsTest" time="0.001"/>
  <testcase name="testToOffsetDateTime(String)[204]" classname="org.apache.commons.lang3.time.CalendarUtilsTest" time="0.0"/>
  <testcase name="testToOffsetDateTime(String)[205]" classname="org.apache.commons.lang3.time.CalendarUtilsTest" time="0.001"/>
  <testcase name="testToOffsetDateTime(String)[206]" classname="org.apache.commons.lang3.time.CalendarUtilsTest" time="0.001"/>
  <testcase name="testToOffsetDateTime(String)[207]" classname="org.apache.commons.lang3.time.CalendarUtilsTest" time="0.0"/>
  <testcase name="testToOffsetDateTime(String)[208]" classname="org.apache.commons.lang3.time.CalendarUtilsTest" time="0.001"/>
  <testcase name="testToOffsetDateTime(String)[209]" classname="org.apache.commons.lang3.time.CalendarUtilsTest" time="0.001"/>
  <testcase name="testToOffsetDateTime(String)[210]" classname="org.apache.commons.lang3.time.CalendarUtilsTest" time="0.001"/>
  <testcase name="testToOffsetDateTime(String)[211]" classname="org.apache.commons.lang3.time.CalendarUtilsTest" time="0.0"/>
  <testcase name="testToOffsetDateTime(String)[212]" classname="org.apache.commons.lang3.time.CalendarUtilsTest" time="0.001"/>
  <testcase name="testToOffsetDateTime(String)[213]" classname="org.apache.commons.lang3.time.CalendarUtilsTest" time="0.001"/>
  <testcase name="testToOffsetDateTime(String)[214]" classname="org.apache.commons.lang3.time.CalendarUtilsTest" time="0.001"/>
  <testcase name="testToOffsetDateTime(String)[215]" classname="org.apache.commons.lang3.time.CalendarUtilsTest" time="0.001"/>
  <testcase name="testToOffsetDateTime(String)[216]" classname="org.apache.commons.lang3.time.CalendarUtilsTest" time="0.0"/>
  <testcase name="testToOffsetDateTime(String)[217]" classname="org.apache.commons.lang3.time.CalendarUtilsTest" time="0.002"/>
  <testcase name="testToOffsetDateTime(String)[218]" classname="org.apache.commons.lang3.time.CalendarUtilsTest" time="0.001"/>
  <testcase name="testToOffsetDateTime(String)[219]" classname="org.apache.commons.lang3.time.CalendarUtilsTest" time="0.001"/>
  <testcase name="testToOffsetDateTime(String)[220]" classname="org.apache.commons.lang3.time.CalendarUtilsTest" time="0.0"/>
  <testcase name="testToOffsetDateTime(String)[221]" classname="org.apache.commons.lang3.time.CalendarUtilsTest" time="0.0"/>
  <testcase name="testToOffsetDateTime(String)[222]" classname="org.apache.commons.lang3.time.CalendarUtilsTest" time="0.001"/>
  <testcase name="testToOffsetDateTime(String)[223]" classname="org.apache.commons.lang3.time.CalendarUtilsTest" time="0.0"/>
  <testcase name="testToOffsetDateTime(String)[224]" classname="org.apache.commons.lang3.time.CalendarUtilsTest" time="0.001"/>
  <testcase name="testToOffsetDateTime(String)[225]" classname="org.apache.commons.lang3.time.CalendarUtilsTest" time="0.0"/>
  <testcase name="testToOffsetDateTime(String)[226]" classname="org.apache.commons.lang3.time.CalendarUtilsTest" time="0.001"/>
  <testcase name="testToOffsetDateTime(String)[227]" classname="org.apache.commons.lang3.time.CalendarUtilsTest" time="0.001"/>
  <testcase name="testToOffsetDateTime(String)[228]" classname="org.apache.commons.lang3.time.CalendarUtilsTest" time="0.001"/>
  <testcase name="testToOffsetDateTime(String)[229]" classname="org.apache.commons.lang3.time.CalendarUtilsTest" time="0.0"/>
  <testcase name="testToOffsetDateTime(String)[230]" classname="org.apache.commons.lang3.time.CalendarUtilsTest" time="0.0"/>
  <testcase name="testToOffsetDateTime(String)[231]" classname="org.apache.commons.lang3.time.CalendarUtilsTest" time="0.0"/>
  <testcase name="testToOffsetDateTime(String)[232]" classname="org.apache.commons.lang3.time.CalendarUtilsTest" time="0.001"/>
  <testcase name="testToOffsetDateTime(String)[233]" classname="org.apache.commons.lang3.time.CalendarUtilsTest" time="0.001"/>
  <testcase name="testToOffsetDateTime(String)[234]" classname="org.apache.commons.lang3.time.CalendarUtilsTest" time="0.0"/>
  <testcase name="testToOffsetDateTime(String)[235]" classname="org.apache.commons.lang3.time.CalendarUtilsTest" time="0.0"/>
  <testcase name="testToOffsetDateTime(String)[236]" classname="org.apache.commons.lang3.time.CalendarUtilsTest" time="0.0"/>
  <testcase name="testToOffsetDateTime(String)[237]" classname="org.apache.commons.lang3.time.CalendarUtilsTest" time="0.0"/>
  <testcase name="testToOffsetDateTime(String)[238]" classname="org.apache.commons.lang3.time.CalendarUtilsTest" time="0.001"/>
  <testcase name="testToOffsetDateTime(String)[239]" classname="org.apache.commons.lang3.time.CalendarUtilsTest" time="0.0"/>
  <testcase name="testToOffsetDateTime(String)[240]" classname="org.apache.commons.lang3.time.CalendarUtilsTest" time="0.0"/>
  <testcase name="testToOffsetDateTime(String)[241]" classname="org.apache.commons.lang3.time.CalendarUtilsTest" time="0.0"/>
  <testcase name="testToOffsetDateTime(String)[242]" classname="org.apache.commons.lang3.time.CalendarUtilsTest" time="0.0"/>
  <testcase name="testToOffsetDateTime(String)[243]" classname="org.apache.commons.lang3.time.CalendarUtilsTest" time="0.001"/>
  <testcase name="testToOffsetDateTime(String)[244]" classname="org.apache.commons.lang3.time.CalendarUtilsTest" time="0.0"/>
  <testcase name="testToOffsetDateTime(String)[245]" classname="org.apache.commons.lang3.time.CalendarUtilsTest" time="0.0"/>
  <testcase name="testToOffsetDateTime(String)[246]" classname="org.apache.commons.lang3.time.CalendarUtilsTest" time="0.0"/>
  <testcase name="testToOffsetDateTime(String)[247]" classname="org.apache.commons.lang3.time.CalendarUtilsTest" time="0.0"/>
  <testcase name="testToOffsetDateTime(String)[248]" classname="org.apache.commons.lang3.time.CalendarUtilsTest" time="0.0"/>
  <testcase name="testToOffsetDateTime(String)[249]" classname="org.apache.commons.lang3.time.CalendarUtilsTest" time="0.0"/>
  <testcase name="testToOffsetDateTime(String)[250]" classname="org.apache.commons.lang3.time.CalendarUtilsTest" time="0.0"/>
  <testcase name="testToOffsetDateTime(String)[251]" classname="org.apache.commons.lang3.time.CalendarUtilsTest" time="0.0"/>
  <testcase name="testToOffsetDateTime(String)[252]" classname="org.apache.commons.lang3.time.CalendarUtilsTest" time="0.0"/>
  <testcase name="testToOffsetDateTime(String)[253]" classname="org.apache.commons.lang3.time.CalendarUtilsTest" time="0.001"/>
  <testcase name="testToOffsetDateTime(String)[254]" classname="org.apache.commons.lang3.time.CalendarUtilsTest" time="0.001"/>
  <testcase name="testToOffsetDateTime(String)[255]" classname="org.apache.commons.lang3.time.CalendarUtilsTest" time="0.001"/>
  <testcase name="testToOffsetDateTime(String)[256]" classname="org.apache.commons.lang3.time.CalendarUtilsTest" time="0.001"/>
  <testcase name="testToOffsetDateTime(String)[257]" classname="org.apache.commons.lang3.time.CalendarUtilsTest" time="0.0"/>
  <testcase name="testToOffsetDateTime(String)[258]" classname="org.apache.commons.lang3.time.CalendarUtilsTest" time="0.001"/>
  <testcase name="testToOffsetDateTime(String)[259]" classname="org.apache.commons.lang3.time.CalendarUtilsTest" time="0.001"/>
  <testcase name="testToOffsetDateTime(String)[260]" classname="org.apache.commons.lang3.time.CalendarUtilsTest" time="0.001"/>
  <testcase name="testToOffsetDateTime(String)[261]" classname="org.apache.commons.lang3.time.CalendarUtilsTest" time="0.0"/>
  <testcase name="testToOffsetDateTime(String)[262]" classname="org.apache.commons.lang3.time.CalendarUtilsTest" time="0.001"/>
  <testcase name="testToOffsetDateTime(String)[263]" classname="org.apache.commons.lang3.time.CalendarUtilsTest" time="0.001"/>
  <testcase name="testToOffsetDateTime(String)[264]" classname="org.apache.commons.lang3.time.CalendarUtilsTest" time="0.001"/>
  <testcase name="testToOffsetDateTime(String)[265]" classname="org.apache.commons.lang3.time.CalendarUtilsTest" time="0.001"/>
  <testcase name="testToOffsetDateTime(String)[266]" classname="org.apache.commons.lang3.time.CalendarUtilsTest" time="0.0"/>
  <testcase name="testToOffsetDateTime(String)[267]" classname="org.apache.commons.lang3.time.CalendarUtilsTest" time="0.0"/>
  <testcase name="testToOffsetDateTime(String)[268]" classname="org.apache.commons.lang3.time.CalendarUtilsTest" time="0.001"/>
  <testcase name="testToOffsetDateTime(String)[269]" classname="org.apache.commons.lang3.time.CalendarUtilsTest" time="0.001"/>
  <testcase name="testToOffsetDateTime(String)[270]" classname="org.apache.commons.lang3.time.CalendarUtilsTest" time="0.001"/>
  <testcase name="testToOffsetDateTime(String)[271]" classname="org.apache.commons.lang3.time.CalendarUtilsTest" time="0.001"/>
  <testcase name="testToOffsetDateTime(String)[272]" classname="org.apache.commons.lang3.time.CalendarUtilsTest" time="0.001"/>
  <testcase name="testToOffsetDateTime(String)[273]" classname="org.apache.commons.lang3.time.CalendarUtilsTest" time="0.001"/>
  <testcase name="testToOffsetDateTime(String)[274]" classname="org.apache.commons.lang3.time.CalendarUtilsTest" time="0.001"/>
  <testcase name="testToOffsetDateTime(String)[275]" classname="org.apache.commons.lang3.time.CalendarUtilsTest" time="0.0"/>
  <testcase name="testToOffsetDateTime(String)[276]" classname="org.apache.commons.lang3.time.CalendarUtilsTest" time="0.001"/>
  <testcase name="testToOffsetDateTime(String)[277]" classname="org.apache.commons.lang3.time.CalendarUtilsTest" time="0.001"/>
  <testcase name="testToOffsetDateTime(String)[278]" classname="org.apache.commons.lang3.time.CalendarUtilsTest" time="0.001"/>
  <testcase name="testToOffsetDateTime(String)[279]" classname="org.apache.commons.lang3.time.CalendarUtilsTest" time="0.002"/>
  <testcase name="testToOffsetDateTime(String)[280]" classname="org.apache.commons.lang3.time.CalendarUtilsTest" time="0.001"/>
  <testcase name="testToOffsetDateTime(String)[281]" classname="org.apache.commons.lang3.time.CalendarUtilsTest" time="0.0"/>
  <testcase name="testToOffsetDateTime(String)[282]" classname="org.apache.commons.lang3.time.CalendarUtilsTest" time="0.002"/>
  <testcase name="testToOffsetDateTime(String)[283]" classname="org.apache.commons.lang3.time.CalendarUtilsTest" time="0.001"/>
  <testcase name="testToOffsetDateTime(String)[284]" classname="org.apache.commons.lang3.time.CalendarUtilsTest" time="0.0"/>
  <testcase name="testToOffsetDateTime(String)[285]" classname="org.apache.commons.lang3.time.CalendarUtilsTest" time="0.001"/>
  <testcase name="testToOffsetDateTime(String)[286]" classname="org.apache.commons.lang3.time.CalendarUtilsTest" time="0.001"/>
  <testcase name="testToOffsetDateTime(String)[287]" classname="org.apache.commons.lang3.time.CalendarUtilsTest" time="0.0"/>
  <testcase name="testToOffsetDateTime(String)[288]" classname="org.apache.commons.lang3.time.CalendarUtilsTest" time="0.001"/>
  <testcase name="testToOffsetDateTime(String)[289]" classname="org.apache.commons.lang3.time.CalendarUtilsTest" time="0.0"/>
  <testcase name="testToOffsetDateTime(String)[290]" classname="org.apache.commons.lang3.time.CalendarUtilsTest" time="0.001"/>
  <testcase name="testToOffsetDateTime(String)[291]" classname="org.apache.commons.lang3.time.CalendarUtilsTest" time="0.002"/>
  <testcase name="testToOffsetDateTime(String)[292]" classname="org.apache.commons.lang3.time.CalendarUtilsTest" time="0.002"/>
  <testcase name="testToOffsetDateTime(String)[293]" classname="org.apache.commons.lang3.time.CalendarUtilsTest" time="0.002"/>
  <testcase name="testToOffsetDateTime(String)[294]" classname="org.apache.commons.lang3.time.CalendarUtilsTest" time="0.003"/>
  <testcase name="testToOffsetDateTime(String)[295]" classname="org.apache.commons.lang3.time.CalendarUtilsTest" time="0.001"/>
  <testcase name="testToOffsetDateTime(String)[296]" classname="org.apache.commons.lang3.time.CalendarUtilsTest" time="0.002"/>
  <testcase name="testToOffsetDateTime(String)[297]" classname="org.apache.commons.lang3.time.CalendarUtilsTest" time="0.001"/>
  <testcase name="testToOffsetDateTime(String)[298]" classname="org.apache.commons.lang3.time.CalendarUtilsTest" time="0.001"/>
  <testcase name="testToOffsetDateTime(String)[299]" classname="org.apache.commons.lang3.time.CalendarUtilsTest" time="0.001"/>
  <testcase name="testToOffsetDateTime(String)[300]" classname="org.apache.commons.lang3.time.CalendarUtilsTest" time="0.002"/>
  <testcase name="testToOffsetDateTime(String)[301]" classname="org.apache.commons.lang3.time.CalendarUtilsTest" time="0.0"/>
  <testcase name="testToOffsetDateTime(String)[302]" classname="org.apache.commons.lang3.time.CalendarUtilsTest" time="0.001"/>
  <testcase name="testToOffsetDateTime(String)[303]" classname="org.apache.commons.lang3.time.CalendarUtilsTest" time="0.001"/>
  <testcase name="testToOffsetDateTime(String)[304]" classname="org.apache.commons.lang3.time.CalendarUtilsTest" time="0.001"/>
  <testcase name="testToOffsetDateTime(String)[305]" classname="org.apache.commons.lang3.time.CalendarUtilsTest" time="0.001"/>
  <testcase name="testToOffsetDateTime(String)[306]" classname="org.apache.commons.lang3.time.CalendarUtilsTest" time="0.0"/>
  <testcase name="testToOffsetDateTime(String)[307]" classname="org.apache.commons.lang3.time.CalendarUtilsTest" time="0.001"/>
  <testcase name="testToOffsetDateTime(String)[308]" classname="org.apache.commons.lang3.time.CalendarUtilsTest" time="0.0"/>
  <testcase name="testToOffsetDateTime(String)[309]" classname="org.apache.commons.lang3.time.CalendarUtilsTest" time="0.001"/>
  <testcase name="testToOffsetDateTime(String)[310]" classname="org.apache.commons.lang3.time.CalendarUtilsTest" time="0.001"/>
  <testcase name="testToOffsetDateTime(String)[311]" classname="org.apache.commons.lang3.time.CalendarUtilsTest" time="0.0"/>
  <testcase name="testToOffsetDateTime(String)[312]" classname="org.apache.commons.lang3.time.CalendarUtilsTest" time="0.002"/>
  <testcase name="testToOffsetDateTime(String)[313]" classname="org.apache.commons.lang3.time.CalendarUtilsTest" time="0.002"/>
  <testcase name="testToOffsetDateTime(String)[314]" classname="org.apache.commons.lang3.time.CalendarUtilsTest" time="0.001"/>
  <testcase name="testToOffsetDateTime(String)[315]" classname="org.apache.commons.lang3.time.CalendarUtilsTest" time="0.002"/>
  <testcase name="testToOffsetDateTime(String)[316]" classname="org.apache.commons.lang3.time.CalendarUtilsTest" time="0.002"/>
  <testcase name="testToOffsetDateTime(String)[317]" classname="org.apache.commons.lang3.time.CalendarUtilsTest" time="0.002"/>
  <testcase name="testToOffsetDateTime(String)[318]" classname="org.apache.commons.lang3.time.CalendarUtilsTest" time="0.001"/>
  <testcase name="testToOffsetDateTime(String)[319]" classname="org.apache.commons.lang3.time.CalendarUtilsTest" time="0.002"/>
  <testcase name="testToOffsetDateTime(String)[320]" classname="org.apache.commons.lang3.time.CalendarUtilsTest" time="0.003"/>
  <testcase name="testToOffsetDateTime(String)[321]" classname="org.apache.commons.lang3.time.CalendarUtilsTest" time="0.002"/>
  <testcase name="testToOffsetDateTime(String)[322]" classname="org.apache.commons.lang3.time.CalendarUtilsTest" time="0.001"/>
  <testcase name="testToOffsetDateTime(String)[323]" classname="org.apache.commons.lang3.time.CalendarUtilsTest" time="0.002"/>
  <testcase name="testToOffsetDateTime(String)[324]" classname="org.apache.commons.lang3.time.CalendarUtilsTest" time="0.002"/>
  <testcase name="testToOffsetDateTime(String)[325]" classname="org.apache.commons.lang3.time.CalendarUtilsTest" time="0.0"/>
  <testcase name="testToOffsetDateTime(String)[326]" classname="org.apache.commons.lang3.time.CalendarUtilsTest" time="0.0"/>
  <testcase name="testToOffsetDateTime(String)[327]" classname="org.apache.commons.lang3.time.CalendarUtilsTest" time="0.001"/>
  <testcase name="testToOffsetDateTime(String)[328]" classname="org.apache.commons.lang3.time.CalendarUtilsTest" time="0.001"/>
  <testcase name="testToOffsetDateTime(String)[329]" classname="org.apache.commons.lang3.time.CalendarUtilsTest" time="0.001"/>
  <testcase name="testToOffsetDateTime(String)[330]" classname="org.apache.commons.lang3.time.CalendarUtilsTest" time="0.002"/>
  <testcase name="testToOffsetDateTime(String)[331]" classname="org.apache.commons.lang3.time.CalendarUtilsTest" time="0.004"/>
  <testcase name="testToOffsetDateTime(String)[332]" classname="org.apache.commons.lang3.time.CalendarUtilsTest" time="0.002"/>
  <testcase name="testToOffsetDateTime(String)[333]" classname="org.apache.commons.lang3.time.CalendarUtilsTest" time="0.002"/>
  <testcase name="testToOffsetDateTime(String)[334]" classname="org.apache.commons.lang3.time.CalendarUtilsTest" time="0.002"/>
  <testcase name="testToOffsetDateTime(String)[335]" classname="org.apache.commons.lang3.time.CalendarUtilsTest" time="0.0"/>
  <testcase name="testToOffsetDateTime(String)[336]" classname="org.apache.commons.lang3.time.CalendarUtilsTest" time="0.001"/>
  <testcase name="testToOffsetDateTime(String)[337]" classname="org.apache.commons.lang3.time.CalendarUtilsTest" time="0.001"/>
  <testcase name="testToOffsetDateTime(String)[338]" classname="org.apache.commons.lang3.time.CalendarUtilsTest" time="0.001"/>
  <testcase name="testToOffsetDateTime(String)[339]" classname="org.apache.commons.lang3.time.CalendarUtilsTest" time="0.001"/>
  <testcase name="testToOffsetDateTime(String)[340]" classname="org.apache.commons.lang3.time.CalendarUtilsTest" time="0.001"/>
  <testcase name="testToOffsetDateTime(String)[341]" classname="org.apache.commons.lang3.time.CalendarUtilsTest" time="0.001"/>
  <testcase name="testToOffsetDateTime(String)[342]" classname="org.apache.commons.lang3.time.CalendarUtilsTest" time="0.0"/>
  <testcase name="testToOffsetDateTime(String)[343]" classname="org.apache.commons.lang3.time.CalendarUtilsTest" time="0.0"/>
  <testcase name="testToOffsetDateTime(String)[344]" classname="org.apache.commons.lang3.time.CalendarUtilsTest" time="0.0"/>
  <testcase name="testToOffsetDateTime(String)[345]" classname="org.apache.commons.lang3.time.CalendarUtilsTest" time="0.0"/>
  <testcase name="testToOffsetDateTime(String)[346]" classname="org.apache.commons.lang3.time.CalendarUtilsTest" time="0.001"/>
  <testcase name="testToOffsetDateTime(String)[347]" classname="org.apache.commons.lang3.time.CalendarUtilsTest" time="0.0"/>
  <testcase name="testToOffsetDateTime(String)[348]" classname="org.apache.commons.lang3.time.CalendarUtilsTest" time="0.0"/>
  <testcase name="testToOffsetDateTime(String)[349]" classname="org.apache.commons.lang3.time.CalendarUtilsTest" time="0.0"/>
  <testcase name="testToOffsetDateTime(String)[350]" classname="org.apache.commons.lang3.time.CalendarUtilsTest" time="0.003"/>
  <testcase name="testToOffsetDateTime(String)[351]" classname="org.apache.commons.lang3.time.CalendarUtilsTest" time="0.0"/>
  <testcase name="testToOffsetDateTime(String)[352]" classname="org.apache.commons.lang3.time.CalendarUtilsTest" time="0.0"/>
  <testcase name="testToOffsetDateTime(String)[353]" classname="org.apache.commons.lang3.time.CalendarUtilsTest" time="0.0"/>
  <testcase name="testToOffsetDateTime(String)[354]" classname="org.apache.commons.lang3.time.CalendarUtilsTest" time="0.0"/>
  <testcase name="testToOffsetDateTime(String)[355]" classname="org.apache.commons.lang3.time.CalendarUtilsTest" time="0.0"/>
  <testcase name="testToOffsetDateTime(String)[356]" classname="org.apache.commons.lang3.time.CalendarUtilsTest" time="0.0"/>
  <testcase name="testToOffsetDateTime(String)[357]" classname="org.apache.commons.lang3.time.CalendarUtilsTest" time="0.0"/>
  <testcase name="testToOffsetDateTime(String)[358]" classname="org.apache.commons.lang3.time.CalendarUtilsTest" time="0.004"/>
  <testcase name="testToOffsetDateTime(String)[359]" classname="org.apache.commons.lang3.time.CalendarUtilsTest" time="0.003"/>
  <testcase name="testToOffsetDateTime(String)[360]" classname="org.apache.commons.lang3.time.CalendarUtilsTest" time="0.003"/>
  <testcase name="testToOffsetDateTime(String)[361]" classname="org.apache.commons.lang3.time.CalendarUtilsTest" time="0.003"/>
  <testcase name="testToOffsetDateTime(String)[362]" classname="org.apache.commons.lang3.time.CalendarUtilsTest" time="0.0"/>
  <testcase name="testToOffsetDateTime(String)[363]" classname="org.apache.commons.lang3.time.CalendarUtilsTest" time="0.0"/>
  <testcase name="testToOffsetDateTime(String)[364]" classname="org.apache.commons.lang3.time.CalendarUtilsTest" time="0.0"/>
  <testcase name="testToOffsetDateTime(String)[365]" classname="org.apache.commons.lang3.time.CalendarUtilsTest" time="0.0"/>
  <testcase name="testToOffsetDateTime(String)[366]" classname="org.apache.commons.lang3.time.CalendarUtilsTest" time="0.0"/>
  <testcase name="testToOffsetDateTime(String)[367]" classname="org.apache.commons.lang3.time.CalendarUtilsTest" time="0.001"/>
  <testcase name="testToOffsetDateTime(String)[368]" classname="org.apache.commons.lang3.time.CalendarUtilsTest" time="0.0"/>
  <testcase name="testToOffsetDateTime(String)[369]" classname="org.apache.commons.lang3.time.CalendarUtilsTest" time="0.001"/>
  <testcase name="testToOffsetDateTime(String)[370]" classname="org.apache.commons.lang3.time.CalendarUtilsTest" time="0.001"/>
  <testcase name="testToOffsetDateTime(String)[371]" classname="org.apache.commons.lang3.time.CalendarUtilsTest" time="0.001"/>
  <testcase name="testToOffsetDateTime(String)[372]" classname="org.apache.commons.lang3.time.CalendarUtilsTest" time="0.001"/>
  <testcase name="testToOffsetDateTime(String)[373]" classname="org.apache.commons.lang3.time.CalendarUtilsTest" time="0.001"/>
  <testcase name="testToOffsetDateTime(String)[374]" classname="org.apache.commons.lang3.time.CalendarUtilsTest" time="0.001"/>
  <testcase name="testToOffsetDateTime(String)[375]" classname="org.apache.commons.lang3.time.CalendarUtilsTest" time="0.001"/>
  <testcase name="testToOffsetDateTime(String)[376]" classname="org.apache.commons.lang3.time.CalendarUtilsTest" time="0.0"/>
  <testcase name="testToOffsetDateTime(String)[377]" classname="org.apache.commons.lang3.time.CalendarUtilsTest" time="0.0"/>
  <testcase name="testToOffsetDateTime(String)[378]" classname="org.apache.commons.lang3.time.CalendarUtilsTest" time="0.0"/>
  <testcase name="testToOffsetDateTime(String)[379]" classname="org.apache.commons.lang3.time.CalendarUtilsTest" time="0.0"/>
  <testcase name="testToOffsetDateTime(String)[380]" classname="org.apache.commons.lang3.time.CalendarUtilsTest" time="0.001"/>
  <testcase name="testToOffsetDateTime(String)[381]" classname="org.apache.commons.lang3.time.CalendarUtilsTest" time="0.001"/>
  <testcase name="testToOffsetDateTime(String)[382]" classname="org.apache.commons.lang3.time.CalendarUtilsTest" time="0.001"/>
  <testcase name="testToOffsetDateTime(String)[383]" classname="org.apache.commons.lang3.time.CalendarUtilsTest" time="0.0"/>
  <testcase name="testToOffsetDateTime(String)[384]" classname="org.apache.commons.lang3.time.CalendarUtilsTest" time="0.001"/>
  <testcase name="testToOffsetDateTime(String)[385]" classname="org.apache.commons.lang3.time.CalendarUtilsTest" time="0.001"/>
  <testcase name="testToOffsetDateTime(String)[386]" classname="org.apache.commons.lang3.time.CalendarUtilsTest" time="0.001"/>
  <testcase name="testToOffsetDateTime(String)[387]" classname="org.apache.commons.lang3.time.CalendarUtilsTest" time="0.05"/>
  <testcase name="testToOffsetDateTime(String)[388]" classname="org.apache.commons.lang3.time.CalendarUtilsTest" time="0.003"/>
  <testcase name="testToOffsetDateTime(String)[389]" classname="org.apache.commons.lang3.time.CalendarUtilsTest" time="0.001"/>
  <testcase name="testToOffsetDateTime(String)[390]" classname="org.apache.commons.lang3.time.CalendarUtilsTest" time="0.001"/>
  <testcase name="testToOffsetDateTime(String)[391]" classname="org.apache.commons.lang3.time.CalendarUtilsTest" time="0.0"/>
  <testcase name="testToOffsetDateTime(String)[392]" classname="org.apache.commons.lang3.time.CalendarUtilsTest" time="0.0"/>
  <testcase name="testToOffsetDateTime(String)[393]" classname="org.apache.commons.lang3.time.CalendarUtilsTest" time="0.0"/>
  <testcase name="testToOffsetDateTime(String)[394]" classname="org.apache.commons.lang3.time.CalendarUtilsTest" time="0.0"/>
  <testcase name="testToOffsetDateTime(String)[395]" classname="org.apache.commons.lang3.time.CalendarUtilsTest" time="0.0"/>
  <testcase name="testToOffsetDateTime(String)[396]" classname="org.apache.commons.lang3.time.CalendarUtilsTest" time="0.0"/>
  <testcase name="testToOffsetDateTime(String)[397]" classname="org.apache.commons.lang3.time.CalendarUtilsTest" time="0.001"/>
  <testcase name="testToOffsetDateTime(String)[398]" classname="org.apache.commons.lang3.time.CalendarUtilsTest" time="0.001"/>
  <testcase name="testToOffsetDateTime(String)[399]" classname="org.apache.commons.lang3.time.CalendarUtilsTest" time="0.001"/>
  <testcase name="testToOffsetDateTime(String)[400]" classname="org.apache.commons.lang3.time.CalendarUtilsTest" time="0.001"/>
  <testcase name="testToOffsetDateTime(String)[401]" classname="org.apache.commons.lang3.time.CalendarUtilsTest" time="0.001"/>
  <testcase name="testToOffsetDateTime(String)[402]" classname="org.apache.commons.lang3.time.CalendarUtilsTest" time="0.0"/>
  <testcase name="testToOffsetDateTime(String)[403]" classname="org.apache.commons.lang3.time.CalendarUtilsTest" time="0.0"/>
  <testcase name="testToOffsetDateTime(String)[404]" classname="org.apache.commons.lang3.time.CalendarUtilsTest" time="0.0"/>
  <testcase name="testToOffsetDateTime(String)[405]" classname="org.apache.commons.lang3.time.CalendarUtilsTest" time="0.0"/>
  <testcase name="testToOffsetDateTime(String)[406]" classname="org.apache.commons.lang3.time.CalendarUtilsTest" time="0.0"/>
  <testcase name="testToOffsetDateTime(String)[407]" classname="org.apache.commons.lang3.time.CalendarUtilsTest" time="0.0"/>
  <testcase name="testToOffsetDateTime(String)[408]" classname="org.apache.commons.lang3.time.CalendarUtilsTest" time="0.0"/>
  <testcase name="testToOffsetDateTime(String)[409]" classname="org.apache.commons.lang3.time.CalendarUtilsTest" time="0.0"/>
  <testcase name="testToOffsetDateTime(String)[410]" classname="org.apache.commons.lang3.time.CalendarUtilsTest" time="0.0"/>
  <testcase name="testToOffsetDateTime(String)[411]" classname="org.apache.commons.lang3.time.CalendarUtilsTest" time="0.001"/>
  <testcase name="testToOffsetDateTime(String)[412]" classname="org.apache.commons.lang3.time.CalendarUtilsTest" time="0.001"/>
  <testcase name="testToOffsetDateTime(String)[413]" classname="org.apache.commons.lang3.time.CalendarUtilsTest" time="0.001"/>
  <testcase name="testToOffsetDateTime(String)[414]" classname="org.apache.commons.lang3.time.CalendarUtilsTest" time="0.001"/>
  <testcase name="testToOffsetDateTime(String)[415]" classname="org.apache.commons.lang3.time.CalendarUtilsTest" time="0.001"/>
  <testcase name="testToOffsetDateTime(String)[416]" classname="org.apache.commons.lang3.time.CalendarUtilsTest" time="0.001"/>
  <testcase name="testToOffsetDateTime(String)[417]" classname="org.apache.commons.lang3.time.CalendarUtilsTest" time="0.001"/>
  <testcase name="testToOffsetDateTime(String)[418]" classname="org.apache.commons.lang3.time.CalendarUtilsTest" time="0.016"/>
  <testcase name="testToOffsetDateTime(String)[419]" classname="org.apache.commons.lang3.time.CalendarUtilsTest" time="0.0"/>
  <testcase name="testToOffsetDateTime(String)[420]" classname="org.apache.commons.lang3.time.CalendarUtilsTest" time="0.001"/>
  <testcase name="testToOffsetDateTime(String)[421]" classname="org.apache.commons.lang3.time.CalendarUtilsTest" time="0.001"/>
  <testcase name="testToOffsetDateTime(String)[422]" classname="org.apache.commons.lang3.time.CalendarUtilsTest" time="0.001"/>
  <testcase name="testToOffsetDateTime(String)[423]" classname="org.apache.commons.lang3.time.CalendarUtilsTest" time="0.001"/>
  <testcase name="testToOffsetDateTime(String)[424]" classname="org.apache.commons.lang3.time.CalendarUtilsTest" time="0.001"/>
  <testcase name="testToOffsetDateTime(String)[425]" classname="org.apache.commons.lang3.time.CalendarUtilsTest" time="0.0"/>
  <testcase name="testToOffsetDateTime(String)[426]" classname="org.apache.commons.lang3.time.CalendarUtilsTest" time="0.002"/>
  <testcase name="testToOffsetDateTime(String)[427]" classname="org.apache.commons.lang3.time.CalendarUtilsTest" time="0.001"/>
  <testcase name="testToOffsetDateTime(String)[428]" classname="org.apache.commons.lang3.time.CalendarUtilsTest" time="0.0"/>
  <testcase name="testToOffsetDateTime(String)[429]" classname="org.apache.commons.lang3.time.CalendarUtilsTest" time="0.001"/>
  <testcase name="testToOffsetDateTime(String)[430]" classname="org.apache.commons.lang3.time.CalendarUtilsTest" time="0.001"/>
  <testcase name="testToOffsetDateTime(String)[431]" classname="org.apache.commons.lang3.time.CalendarUtilsTest" time="0.001"/>
  <testcase name="testToOffsetDateTime(String)[432]" classname="org.apache.commons.lang3.time.CalendarUtilsTest" time="0.001"/>
  <testcase name="testToOffsetDateTime(String)[433]" classname="org.apache.commons.lang3.time.CalendarUtilsTest" time="0.001"/>
  <testcase name="testToOffsetDateTime(String)[434]" classname="org.apache.commons.lang3.time.CalendarUtilsTest" time="0.001"/>
  <testcase name="testToOffsetDateTime(String)[435]" classname="org.apache.commons.lang3.time.CalendarUtilsTest" time="0.002"/>
  <testcase name="testToOffsetDateTime(String)[436]" classname="org.apache.commons.lang3.time.CalendarUtilsTest" time="0.001"/>
  <testcase name="testToOffsetDateTime(String)[437]" classname="org.apache.commons.lang3.time.CalendarUtilsTest" time="0.001"/>
  <testcase name="testToOffsetDateTime(String)[438]" classname="org.apache.commons.lang3.time.CalendarUtilsTest" time="0.001"/>
  <testcase name="testToOffsetDateTime(String)[439]" classname="org.apache.commons.lang3.time.CalendarUtilsTest" time="0.001"/>
  <testcase name="testToOffsetDateTime(String)[440]" classname="org.apache.commons.lang3.time.CalendarUtilsTest" time="0.001"/>
  <testcase name="testToOffsetDateTime(String)[441]" classname="org.apache.commons.lang3.time.CalendarUtilsTest" time="0.001"/>
  <testcase name="testToOffsetDateTime(String)[442]" classname="org.apache.commons.lang3.time.CalendarUtilsTest" time="0.002"/>
  <testcase name="testToOffsetDateTime(String)[443]" classname="org.apache.commons.lang3.time.CalendarUtilsTest" time="0.001"/>
  <testcase name="testToOffsetDateTime(String)[444]" classname="org.apache.commons.lang3.time.CalendarUtilsTest" time="0.001"/>
  <testcase name="testToOffsetDateTime(String)[445]" classname="org.apache.commons.lang3.time.CalendarUtilsTest" time="0.0"/>
  <testcase name="testToOffsetDateTime(String)[446]" classname="org.apache.commons.lang3.time.CalendarUtilsTest" time="0.001"/>
  <testcase name="testToOffsetDateTime(String)[447]" classname="org.apache.commons.lang3.time.CalendarUtilsTest" time="0.001"/>
  <testcase name="testToOffsetDateTime(String)[448]" classname="org.apache.commons.lang3.time.CalendarUtilsTest" time="0.001"/>
  <testcase name="testToOffsetDateTime(String)[449]" classname="org.apache.commons.lang3.time.CalendarUtilsTest" time="0.001"/>
  <testcase name="testToOffsetDateTime(String)[450]" classname="org.apache.commons.lang3.time.CalendarUtilsTest" time="0.0"/>
  <testcase name="testToOffsetDateTime(String)[451]" classname="org.apache.commons.lang3.time.CalendarUtilsTest" time="0.001"/>
  <testcase name="testToOffsetDateTime(String)[452]" classname="org.apache.commons.lang3.time.CalendarUtilsTest" time="0.001"/>
  <testcase name="testToOffsetDateTime(String)[453]" classname="org.apache.commons.lang3.time.CalendarUtilsTest" time="0.001"/>
  <testcase name="testToOffsetDateTime(String)[454]" classname="org.apache.commons.lang3.time.CalendarUtilsTest" time="0.001"/>
  <testcase name="testToOffsetDateTime(String)[455]" classname="org.apache.commons.lang3.time.CalendarUtilsTest" time="0.001"/>
  <testcase name="testToOffsetDateTime(String)[456]" classname="org.apache.commons.lang3.time.CalendarUtilsTest" time="0.0"/>
  <testcase name="testToOffsetDateTime(String)[457]" classname="org.apache.commons.lang3.time.CalendarUtilsTest" time="0.001"/>
  <testcase name="testToOffsetDateTime(String)[458]" classname="org.apache.commons.lang3.time.CalendarUtilsTest" time="0.001"/>
  <testcase name="testToOffsetDateTime(String)[459]" classname="org.apache.commons.lang3.time.CalendarUtilsTest" time="0.001"/>
  <testcase name="testToOffsetDateTime(String)[460]" classname="org.apache.commons.lang3.time.CalendarUtilsTest" time="0.001"/>
  <testcase name="testToOffsetDateTime(String)[461]" classname="org.apache.commons.lang3.time.CalendarUtilsTest" time="0.001"/>
  <testcase name="testToOffsetDateTime(String)[462]" classname="org.apache.commons.lang3.time.CalendarUtilsTest" time="0.0"/>
  <testcase name="testToOffsetDateTime(String)[463]" classname="org.apache.commons.lang3.time.CalendarUtilsTest" time="0.001"/>
  <testcase name="testToOffsetDateTime(String)[464]" classname="org.apache.commons.lang3.time.CalendarUtilsTest" time="0.001"/>
  <testcase name="testToOffsetDateTime(String)[465]" classname="org.apache.commons.lang3.time.CalendarUtilsTest" time="0.001"/>
  <testcase name="testToOffsetDateTime(String)[466]" classname="org.apache.commons.lang3.time.CalendarUtilsTest" time="0.0"/>
  <testcase name="testToOffsetDateTime(String)[467]" classname="org.apache.commons.lang3.time.CalendarUtilsTest" time="0.001"/>
  <testcase name="testToOffsetDateTime(String)[468]" classname="org.apache.commons.lang3.time.CalendarUtilsTest" time="0.001"/>
  <testcase name="testToOffsetDateTime(String)[469]" classname="org.apache.commons.lang3.time.CalendarUtilsTest" time="0.001"/>
  <testcase name="testToOffsetDateTime(String)[470]" classname="org.apache.commons.lang3.time.CalendarUtilsTest" time="0.002"/>
  <testcase name="testToOffsetDateTime(String)[471]" classname="org.apache.commons.lang3.time.CalendarUtilsTest" time="0.001"/>
  <testcase name="testToOffsetDateTime(String)[472]" classname="org.apache.commons.lang3.time.CalendarUtilsTest" time="0.0"/>
  <testcase name="testToOffsetDateTime(String)[473]" classname="org.apache.commons.lang3.time.CalendarUtilsTest" time="0.001"/>
  <testcase name="testToOffsetDateTime(String)[474]" classname="org.apache.commons.lang3.time.CalendarUtilsTest" time="0.001"/>
  <testcase name="testToOffsetDateTime(String)[475]" classname="org.apache.commons.lang3.time.CalendarUtilsTest" time="0.001"/>
  <testcase name="testToOffsetDateTime(String)[476]" classname="org.apache.commons.lang3.time.CalendarUtilsTest" time="0.001"/>
  <testcase name="testToOffsetDateTime(String)[477]" classname="org.apache.commons.lang3.time.CalendarUtilsTest" time="0.001"/>
  <testcase name="testToOffsetDateTime(String)[478]" classname="org.apache.commons.lang3.time.CalendarUtilsTest" time="0.001"/>
  <testcase name="testToOffsetDateTime(String)[479]" classname="org.apache.commons.lang3.time.CalendarUtilsTest" time="0.001"/>
  <testcase name="testToOffsetDateTime(String)[480]" classname="org.apache.commons.lang3.time.CalendarUtilsTest" time="0.001"/>
  <testcase name="testToOffsetDateTime(String)[481]" classname="org.apache.commons.lang3.time.CalendarUtilsTest" time="0.0"/>
  <testcase name="testToOffsetDateTime(String)[482]" classname="org.apache.commons.lang3.time.CalendarUtilsTest" time="0.001"/>
  <testcase name="testToOffsetDateTime(String)[483]" classname="org.apache.commons.lang3.time.CalendarUtilsTest" time="0.001"/>
  <testcase name="testToOffsetDateTime(String)[484]" classname="org.apache.commons.lang3.time.CalendarUtilsTest" time="0.001"/>
  <testcase name="testToOffsetDateTime(String)[485]" classname="org.apache.commons.lang3.time.CalendarUtilsTest" time="0.001"/>
  <testcase name="testToOffsetDateTime(String)[486]" classname="org.apache.commons.lang3.time.CalendarUtilsTest" time="0.001"/>
  <testcase name="testToOffsetDateTime(String)[487]" classname="org.apache.commons.lang3.time.CalendarUtilsTest" time="0.0"/>
  <testcase name="testToOffsetDateTime(String)[488]" classname="org.apache.commons.lang3.time.CalendarUtilsTest" time="0.001"/>
  <testcase name="testToOffsetDateTime(String)[489]" classname="org.apache.commons.lang3.time.CalendarUtilsTest" time="0.002"/>
  <testcase name="testToOffsetDateTime(String)[490]" classname="org.apache.commons.lang3.time.CalendarUtilsTest" time="0.001"/>
  <testcase name="testToOffsetDateTime(String)[491]" classname="org.apache.commons.lang3.time.CalendarUtilsTest" time="0.001"/>
  <testcase name="testToOffsetDateTime(String)[492]" classname="org.apache.commons.lang3.time.CalendarUtilsTest" time="0.001"/>
  <testcase name="testToOffsetDateTime(String)[493]" classname="org.apache.commons.lang3.time.CalendarUtilsTest" time="0.001"/>
  <testcase name="testToOffsetDateTime(String)[494]" classname="org.apache.commons.lang3.time.CalendarUtilsTest" time="0.001"/>
  <testcase name="testToOffsetDateTime(String)[495]" classname="org.apache.commons.lang3.time.CalendarUtilsTest" time="0.001"/>
  <testcase name="testToOffsetDateTime(String)[496]" classname="org.apache.commons.lang3.time.CalendarUtilsTest" time="0.001"/>
  <testcase name="testToOffsetDateTime(String)[497]" classname="org.apache.commons.lang3.time.CalendarUtilsTest" time="0.0"/>
  <testcase name="testToOffsetDateTime(String)[498]" classname="org.apache.commons.lang3.time.CalendarUtilsTest" time="0.001"/>
  <testcase name="testToOffsetDateTime(String)[499]" classname="org.apache.commons.lang3.time.CalendarUtilsTest" time="0.001"/>
  <testcase name="testToOffsetDateTime(String)[500]" classname="org.apache.commons.lang3.time.CalendarUtilsTest" time="0.0"/>
  <testcase name="testToOffsetDateTime(String)[501]" classname="org.apache.commons.lang3.time.CalendarUtilsTest" time="0.001"/>
  <testcase name="testToOffsetDateTime(String)[502]" classname="org.apache.commons.lang3.time.CalendarUtilsTest" time="0.001"/>
  <testcase name="testToOffsetDateTime(String)[503]" classname="org.apache.commons.lang3.time.CalendarUtilsTest" time="0.0"/>
  <testcase name="testToOffsetDateTime(String)[504]" classname="org.apache.commons.lang3.time.CalendarUtilsTest" time="0.001"/>
  <testcase name="testToOffsetDateTime(String)[505]" classname="org.apache.commons.lang3.time.CalendarUtilsTest" time="0.001"/>
  <testcase name="testToOffsetDateTime(String)[506]" classname="org.apache.commons.lang3.time.CalendarUtilsTest" time="0.002"/>
  <testcase name="testToOffsetDateTime(String)[507]" classname="org.apache.commons.lang3.time.CalendarUtilsTest" time="0.001"/>
  <testcase name="testToOffsetDateTime(String)[508]" classname="org.apache.commons.lang3.time.CalendarUtilsTest" time="0.001"/>
  <testcase name="testToOffsetDateTime(String)[509]" classname="org.apache.commons.lang3.time.CalendarUtilsTest" time="0.002"/>
  <testcase name="testToOffsetDateTime(String)[510]" classname="org.apache.commons.lang3.time.CalendarUtilsTest" time="0.002"/>
  <testcase name="testToOffsetDateTime(String)[511]" classname="org.apache.commons.lang3.time.CalendarUtilsTest" time="0.001"/>
  <testcase name="testToOffsetDateTime(String)[512]" classname="org.apache.commons.lang3.time.CalendarUtilsTest" time="0.001"/>
  <testcase name="testToOffsetDateTime(String)[513]" classname="org.apache.commons.lang3.time.CalendarUtilsTest" time="0.001"/>
  <testcase name="testToOffsetDateTime(String)[514]" classname="org.apache.commons.lang3.time.CalendarUtilsTest" time="0.001"/>
  <testcase name="testToOffsetDateTime(String)[515]" classname="org.apache.commons.lang3.time.CalendarUtilsTest" time="0.002"/>
  <testcase name="testToOffsetDateTime(String)[516]" classname="org.apache.commons.lang3.time.CalendarUtilsTest" time="0.001"/>
  <testcase name="testToOffsetDateTime(String)[517]" classname="org.apache.commons.lang3.time.CalendarUtilsTest" time="0.001"/>
  <testcase name="testToOffsetDateTime(String)[518]" classname="org.apache.commons.lang3.time.CalendarUtilsTest" time="0.001"/>
  <testcase name="testToOffsetDateTime(String)[519]" classname="org.apache.commons.lang3.time.CalendarUtilsTest" time="0.001"/>
  <testcase name="testToOffsetDateTime(String)[520]" classname="org.apache.commons.lang3.time.CalendarUtilsTest" time="0.001"/>
  <testcase name="testToOffsetDateTime(String)[521]" classname="org.apache.commons.lang3.time.CalendarUtilsTest" time="0.001"/>
  <testcase name="testToOffsetDateTime(String)[522]" classname="org.apache.commons.lang3.time.CalendarUtilsTest" time="0.001"/>
  <testcase name="testToOffsetDateTime(String)[523]" classname="org.apache.commons.lang3.time.CalendarUtilsTest" time="0.001"/>
  <testcase name="testToOffsetDateTime(String)[524]" classname="org.apache.commons.lang3.time.CalendarUtilsTest" time="0.001"/>
  <testcase name="testToOffsetDateTime(String)[525]" classname="org.apache.commons.lang3.time.CalendarUtilsTest" time="0.001"/>
  <testcase name="testToOffsetDateTime(String)[526]" classname="org.apache.commons.lang3.time.CalendarUtilsTest" time="0.001"/>
  <testcase name="testToOffsetDateTime(String)[527]" classname="org.apache.commons.lang3.time.CalendarUtilsTest" time="0.001"/>
  <testcase name="testToOffsetDateTime(String)[528]" classname="org.apache.commons.lang3.time.CalendarUtilsTest" time="0.001"/>
  <testcase name="testToOffsetDateTime(String)[529]" classname="org.apache.commons.lang3.time.CalendarUtilsTest" time="0.0"/>
  <testcase name="testToOffsetDateTime(String)[530]" classname="org.apache.commons.lang3.time.CalendarUtilsTest" time="0.001"/>
  <testcase name="testToOffsetDateTime(String)[531]" classname="org.apache.commons.lang3.time.CalendarUtilsTest" time="0.001"/>
  <testcase name="testToOffsetDateTime(String)[532]" classname="org.apache.commons.lang3.time.CalendarUtilsTest" time="0.001"/>
  <testcase name="testToOffsetDateTime(String)[533]" classname="org.apache.commons.lang3.time.CalendarUtilsTest" time="0.0"/>
  <testcase name="testToOffsetDateTime(String)[534]" classname="org.apache.commons.lang3.time.CalendarUtilsTest" time="0.002"/>
  <testcase name="testToOffsetDateTime(String)[535]" classname="org.apache.commons.lang3.time.CalendarUtilsTest" time="0.001"/>
  <testcase name="testToOffsetDateTime(String)[536]" classname="org.apache.commons.lang3.time.CalendarUtilsTest" time="0.001"/>
  <testcase name="testToOffsetDateTime(String)[537]" classname="org.apache.commons.lang3.time.CalendarUtilsTest" time="0.001"/>
  <testcase name="testToOffsetDateTime(String)[538]" classname="org.apache.commons.lang3.time.CalendarUtilsTest" time="0.001"/>
  <testcase name="testToOffsetDateTime(String)[539]" classname="org.apache.commons.lang3.time.CalendarUtilsTest" time="0.001"/>
  <testcase name="testToOffsetDateTime(String)[540]" classname="org.apache.commons.lang3.time.CalendarUtilsTest" time="0.001"/>
  <testcase name="testToOffsetDateTime(String)[541]" classname="org.apache.commons.lang3.time.CalendarUtilsTest" time="0.002"/>
  <testcase name="testToOffsetDateTime(String)[542]" classname="org.apache.commons.lang3.time.CalendarUtilsTest" time="0.002"/>
  <testcase name="testToOffsetDateTime(String)[543]" classname="org.apache.commons.lang3.time.CalendarUtilsTest" time="0.001"/>
  <testcase name="testToOffsetDateTime(String)[544]" classname="org.apache.commons.lang3.time.CalendarUtilsTest" time="0.001"/>
  <testcase name="testToOffsetDateTime(String)[545]" classname="org.apache.commons.lang3.time.CalendarUtilsTest" time="0.001"/>
  <testcase name="testToOffsetDateTime(String)[546]" classname="org.apache.commons.lang3.time.CalendarUtilsTest" time="0.001"/>
  <testcase name="testToOffsetDateTime(String)[547]" classname="org.apache.commons.lang3.time.CalendarUtilsTest" time="0.001"/>
  <testcase name="testToOffsetDateTime(String)[548]" classname="org.apache.commons.lang3.time.CalendarUtilsTest" time="0.001"/>
  <testcase name="testToOffsetDateTime(String)[549]" classname="org.apache.commons.lang3.time.CalendarUtilsTest" time="0.002"/>
  <testcase name="testToOffsetDateTime(String)[550]" classname="org.apache.commons.lang3.time.CalendarUtilsTest" time="0.001"/>
  <testcase name="testToOffsetDateTime(String)[551]" classname="org.apache.commons.lang3.time.CalendarUtilsTest" time="0.001"/>
  <testcase name="testToOffsetDateTime(String)[552]" classname="org.apache.commons.lang3.time.CalendarUtilsTest" time="0.0"/>
  <testcase name="testToOffsetDateTime(String)[553]" classname="org.apache.commons.lang3.time.CalendarUtilsTest" time="0.001"/>
  <testcase name="testToOffsetDateTime(String)[554]" classname="org.apache.commons.lang3.time.CalendarUtilsTest" time="0.001"/>
  <testcase name="testToOffsetDateTime(String)[555]" classname="org.apache.commons.lang3.time.CalendarUtilsTest" time="0.001"/>
  <testcase name="testToOffsetDateTime(String)[556]" classname="org.apache.commons.lang3.time.CalendarUtilsTest" time="0.0"/>
  <testcase name="testToOffsetDateTime(String)[557]" classname="org.apache.commons.lang3.time.CalendarUtilsTest" time="0.001"/>
  <testcase name="testToOffsetDateTime(String)[558]" classname="org.apache.commons.lang3.time.CalendarUtilsTest" time="0.001"/>
  <testcase name="testToOffsetDateTime(String)[559]" classname="org.apache.commons.lang3.time.CalendarUtilsTest" time="0.001"/>
  <testcase name="testToOffsetDateTime(String)[560]" classname="org.apache.commons.lang3.time.CalendarUtilsTest" time="0.001"/>
  <testcase name="testToOffsetDateTime(String)[561]" classname="org.apache.commons.lang3.time.CalendarUtilsTest" time="0.001"/>
  <testcase name="testToOffsetDateTime(String)[562]" classname="org.apache.commons.lang3.time.CalendarUtilsTest" time="0.001"/>
  <testcase name="testToOffsetDateTime(String)[563]" classname="org.apache.commons.lang3.time.CalendarUtilsTest" time="0.002"/>
  <testcase name="testToOffsetDateTime(String)[564]" classname="org.apache.commons.lang3.time.CalendarUtilsTest" time="0.002"/>
  <testcase name="testToOffsetDateTime(String)[565]" classname="org.apache.commons.lang3.time.CalendarUtilsTest" time="0.0"/>
  <testcase name="testToOffsetDateTime(String)[566]" classname="org.apache.commons.lang3.time.CalendarUtilsTest" time="0.0"/>
  <testcase name="testToOffsetDateTime(String)[567]" classname="org.apache.commons.lang3.time.CalendarUtilsTest" time="0.001"/>
  <testcase name="testToOffsetDateTime(String)[568]" classname="org.apache.commons.lang3.time.CalendarUtilsTest" time="0.001"/>
  <testcase name="testToOffsetDateTime(String)[569]" classname="org.apache.commons.lang3.time.CalendarUtilsTest" time="0.001"/>
  <testcase name="testToOffsetDateTime(String)[570]" classname="org.apache.commons.lang3.time.CalendarUtilsTest" time="0.001"/>
  <testcase name="testToOffsetDateTime(String)[571]" classname="org.apache.commons.lang3.time.CalendarUtilsTest" time="0.001"/>
  <testcase name="testToOffsetDateTime(String)[572]" classname="org.apache.commons.lang3.time.CalendarUtilsTest" time="0.002"/>
  <testcase name="testToOffsetDateTime(String)[573]" classname="org.apache.commons.lang3.time.CalendarUtilsTest" time="0.0"/>
  <testcase name="testToOffsetDateTime(String)[574]" classname="org.apache.commons.lang3.time.CalendarUtilsTest" time="0.001"/>
  <testcase name="testToOffsetDateTime(String)[575]" classname="org.apache.commons.lang3.time.CalendarUtilsTest" time="0.002"/>
  <testcase name="testToOffsetDateTime(String)[576]" classname="org.apache.commons.lang3.time.CalendarUtilsTest" time="0.001"/>
  <testcase name="testToOffsetDateTime(String)[577]" classname="org.apache.commons.lang3.time.CalendarUtilsTest" time="0.001"/>
  <testcase name="testToOffsetDateTime(String)[578]" classname="org.apache.commons.lang3.time.CalendarUtilsTest" time="0.001"/>
  <testcase name="testToOffsetDateTime(String)[579]" classname="org.apache.commons.lang3.time.CalendarUtilsTest" time="0.001"/>
  <testcase name="testToOffsetDateTime(String)[580]" classname="org.apache.commons.lang3.time.CalendarUtilsTest" time="0.001"/>
  <testcase name="testToOffsetDateTime(String)[581]" classname="org.apache.commons.lang3.time.CalendarUtilsTest" time="0.0"/>
  <testcase name="testToOffsetDateTime(String)[582]" classname="org.apache.commons.lang3.time.CalendarUtilsTest" time="0.0"/>
  <testcase name="testToOffsetDateTime(String)[583]" classname="org.apache.commons.lang3.time.CalendarUtilsTest" time="0.0"/>
  <testcase name="testToOffsetDateTime(String)[584]" classname="org.apache.commons.lang3.time.CalendarUtilsTest" time="0.001"/>
  <testcase name="testToOffsetDateTime(String)[585]" classname="org.apache.commons.lang3.time.CalendarUtilsTest" time="0.046"/>
  <testcase name="testToOffsetDateTime(String)[586]" classname="org.apache.commons.lang3.time.CalendarUtilsTest" time="0.0"/>
  <testcase name="testToOffsetDateTime(String)[587]" classname="org.apache.commons.lang3.time.CalendarUtilsTest" time="0.0"/>
  <testcase name="testToOffsetDateTime(String)[588]" classname="org.apache.commons.lang3.time.CalendarUtilsTest" time="0.001"/>
  <testcase name="testToOffsetDateTime(String)[589]" classname="org.apache.commons.lang3.time.CalendarUtilsTest" time="0.001"/>
  <testcase name="testToOffsetDateTime(String)[590]" classname="org.apache.commons.lang3.time.CalendarUtilsTest" time="0.001"/>
  <testcase name="testToOffsetDateTime(String)[591]" classname="org.apache.commons.lang3.time.CalendarUtilsTest" time="0.001"/>
  <testcase name="testToOffsetDateTime(String)[592]" classname="org.apache.commons.lang3.time.CalendarUtilsTest" time="0.0"/>
  <testcase name="testToOffsetDateTime(String)[593]" classname="org.apache.commons.lang3.time.CalendarUtilsTest" time="0.002"/>
  <testcase name="testToOffsetDateTime(String)[594]" classname="org.apache.commons.lang3.time.CalendarUtilsTest" time="0.001"/>
  <testcase name="testToOffsetDateTime(String)[595]" classname="org.apache.commons.lang3.time.CalendarUtilsTest" time="0.036"/>
  <testcase name="testToOffsetDateTime(String)[596]" classname="org.apache.commons.lang3.time.CalendarUtilsTest" time="0.001"/>
  <testcase name="testToOffsetDateTime(String)[597]" classname="org.apache.commons.lang3.time.CalendarUtilsTest" time="0.0"/>
  <testcase name="testToOffsetDateTime(String)[598]" classname="org.apache.commons.lang3.time.CalendarUtilsTest" time="0.014"/>
  <testcase name="testToOffsetDateTime(String)[599]" classname="org.apache.commons.lang3.time.CalendarUtilsTest" time="0.001"/>
  <testcase name="testToOffsetDateTime(String)[600]" classname="org.apache.commons.lang3.time.CalendarUtilsTest" time="0.001"/>
  <testcase name="testToOffsetDateTime(String)[601]" classname="org.apache.commons.lang3.time.CalendarUtilsTest" time="0.001"/>
  <testcase name="testToOffsetDateTime(String)[602]" classname="org.apache.commons.lang3.time.CalendarUtilsTest" time="0.0"/>
  <testcase name="testToOffsetDateTime(String)[603]" classname="org.apache.commons.lang3.time.CalendarUtilsTest" time="0.0"/>
  <testcase name="testToOffsetDateTime(String)[604]" classname="org.apache.commons.lang3.time.CalendarUtilsTest" time="0.0"/>
  <testcase name="testToOffsetDateTime(String)[605]" classname="org.apache.commons.lang3.time.CalendarUtilsTest" time="0.0"/>
  <testcase name="testToOffsetDateTime(String)[606]" classname="org.apache.commons.lang3.time.CalendarUtilsTest" time="0.0"/>
  <testcase name="testToOffsetDateTime(String)[607]" classname="org.apache.commons.lang3.time.CalendarUtilsTest" time="0.0"/>
  <testcase name="testToOffsetDateTime(String)[608]" classname="org.apache.commons.lang3.time.CalendarUtilsTest" time="0.0"/>
  <testcase name="testToOffsetDateTime(String)[609]" classname="org.apache.commons.lang3.time.CalendarUtilsTest" time="0.001"/>
  <testcase name="testToOffsetDateTime(String)[610]" classname="org.apache.commons.lang3.time.CalendarUtilsTest" time="0.001"/>
  <testcase name="testToOffsetDateTime(String)[611]" classname="org.apache.commons.lang3.time.CalendarUtilsTest" time="0.002"/>
  <testcase name="testToOffsetDateTime(String)[612]" classname="org.apache.commons.lang3.time.CalendarUtilsTest" time="0.0"/>
  <testcase name="testToOffsetDateTime(String)[613]" classname="org.apache.commons.lang3.time.CalendarUtilsTest" time="0.0"/>
  <testcase name="testToOffsetDateTime(String)[614]" classname="org.apache.commons.lang3.time.CalendarUtilsTest" time="0.0"/>
  <testcase name="testToOffsetDateTime(String)[615]" classname="org.apache.commons.lang3.time.CalendarUtilsTest" time="0.0"/>
  <testcase name="testToOffsetDateTime(String)[616]" classname="org.apache.commons.lang3.time.CalendarUtilsTest" time="0.0"/>
  <testcase name="testToOffsetDateTime(String)[617]" classname="org.apache.commons.lang3.time.CalendarUtilsTest" time="0.0"/>
  <testcase name="testToOffsetDateTime(String)[618]" classname="org.apache.commons.lang3.time.CalendarUtilsTest" time="0.0"/>
  <testcase name="testToOffsetDateTime(String)[619]" classname="org.apache.commons.lang3.time.CalendarUtilsTest" time="0.035"/>
  <testcase name="testToOffsetDateTime(String)[620]" classname="org.apache.commons.lang3.time.CalendarUtilsTest" time="0.001"/>
  <testcase name="testToOffsetDateTime(String)[621]" classname="org.apache.commons.lang3.time.CalendarUtilsTest" time="0.005"/>
  <testcase name="testToOffsetDateTime(String)[622]" classname="org.apache.commons.lang3.time.CalendarUtilsTest" time="0.001"/>
  <testcase name="testToOffsetDateTime(String)[623]" classname="org.apache.commons.lang3.time.CalendarUtilsTest" time="0.001"/>
  <testcase name="testToOffsetDateTime(String)[624]" classname="org.apache.commons.lang3.time.CalendarUtilsTest" time="0.001"/>
  <testcase name="testToOffsetDateTime(String)[625]" classname="org.apache.commons.lang3.time.CalendarUtilsTest" time="0.001"/>
  <testcase name="testToOffsetDateTime(String)[626]" classname="org.apache.commons.lang3.time.CalendarUtilsTest" time="0.001"/>
  <testcase name="testToOffsetDateTime(String)[627]" classname="org.apache.commons.lang3.time.CalendarUtilsTest" time="0.001"/>
  <testcase name="testToOffsetDateTime(String)[628]" classname="org.apache.commons.lang3.time.CalendarUtilsTest" time="0.001"/>
  <testcase name="testToOffsetDateTime(String)[629]" classname="org.apache.commons.lang3.time.CalendarUtilsTest" time="0.002"/>
  <testcase name="testToOffsetDateTime(String)[630]" classname="org.apache.commons.lang3.time.CalendarUtilsTest" time="0.0"/>
  <testcase name="testToOffsetDateTime(String)[631]" classname="org.apache.commons.lang3.time.CalendarUtilsTest" time="0.001"/>
  <testcase name="testGetMonth" classname="org.apache.commons.lang3.time.CalendarUtilsTest" time="0.003"/>
  <testcase name="testGetStandaloneShortMonthNames" classname="org.apache.commons.lang3.time.CalendarUtilsTest" time="0.004"/>
  <testcase name="testToLocalDateTime(String)[1]" classname="org.apache.commons.lang3.time.CalendarUtilsTest" time="0.0"/>
  <testcase name="testToLocalDateTime(String)[2]" classname="org.apache.commons.lang3.time.CalendarUtilsTest" time="0.0"/>
  <testcase name="testToLocalDateTime(String)[3]" classname="org.apache.commons.lang3.time.CalendarUtilsTest" time="0.0"/>
  <testcase name="testToLocalDateTime(String)[4]" classname="org.apache.commons.lang3.time.CalendarUtilsTest" time="0.0"/>
  <testcase name="testToLocalDateTime(String)[5]" classname="org.apache.commons.lang3.time.CalendarUtilsTest" time="0.001"/>
  <testcase name="testToLocalDateTime(String)[6]" classname="org.apache.commons.lang3.time.CalendarUtilsTest" time="0.001"/>
  <testcase name="testToLocalDateTime(String)[7]" classname="org.apache.commons.lang3.time.CalendarUtilsTest" time="0.001"/>
  <testcase name="testToLocalDateTime(String)[8]" classname="org.apache.commons.lang3.time.CalendarUtilsTest" time="0.0"/>
  <testcase name="testToLocalDateTime(String)[9]" classname="org.apache.commons.lang3.time.CalendarUtilsTest" time="0.0"/>
  <testcase name="testToLocalDateTime(String)[10]" classname="org.apache.commons.lang3.time.CalendarUtilsTest" time="0.0"/>
  <testcase name="testToLocalDateTime(String)[11]" classname="org.apache.commons.lang3.time.CalendarUtilsTest" time="0.001"/>
  <testcase name="testToLocalDateTime(String)[12]" classname="org.apache.commons.lang3.time.CalendarUtilsTest" time="0.0"/>
  <testcase name="testToLocalDateTime(String)[13]" classname="org.apache.commons.lang3.time.CalendarUtilsTest" time="0.0"/>
  <testcase name="testToLocalDateTime(String)[14]" classname="org.apache.commons.lang3.time.CalendarUtilsTest" time="0.0"/>
  <testcase name="testToLocalDateTime(String)[15]" classname="org.apache.commons.lang3.time.CalendarUtilsTest" time="0.001"/>
  <testcase name="testToLocalDateTime(String)[16]" classname="org.apache.commons.lang3.time.CalendarUtilsTest" time="0.001"/>
  <testcase name="testToLocalDateTime(String)[17]" classname="org.apache.commons.lang3.time.CalendarUtilsTest" time="0.0"/>
  <testcase name="testToLocalDateTime(String)[18]" classname="org.apache.commons.lang3.time.CalendarUtilsTest" time="0.0"/>
  <testcase name="testToLocalDateTime(String)[19]" classname="org.apache.commons.lang3.time.CalendarUtilsTest" time="0.001"/>
  <testcase name="testToLocalDateTime(String)[20]" classname="org.apache.commons.lang3.time.CalendarUtilsTest" time="0.001"/>
  <testcase name="testToLocalDateTime(String)[21]" classname="org.apache.commons.lang3.time.CalendarUtilsTest" time="0.0"/>
  <testcase name="testToLocalDateTime(String)[22]" classname="org.apache.commons.lang3.time.CalendarUtilsTest" time="0.0"/>
  <testcase name="testToLocalDateTime(String)[23]" classname="org.apache.commons.lang3.time.CalendarUtilsTest" time="0.0"/>
  <testcase name="testToLocalDateTime(String)[24]" classname="org.apache.commons.lang3.time.CalendarUtilsTest" time="0.001"/>
  <testcase name="testToLocalDateTime(String)[25]" classname="org.apache.commons.lang3.time.CalendarUtilsTest" time="0.001"/>
  <testcase name="testToLocalDateTime(String)[26]" classname="org.apache.commons.lang3.time.CalendarUtilsTest" time="0.002"/>
  <testcase name="testToLocalDateTime(String)[27]" classname="org.apache.commons.lang3.time.CalendarUtilsTest" time="0.001"/>
  <testcase name="testToLocalDateTime(String)[28]" classname="org.apache.commons.lang3.time.CalendarUtilsTest" time="0.001"/>
  <testcase name="testToLocalDateTime(String)[29]" classname="org.apache.commons.lang3.time.CalendarUtilsTest" time="0.001"/>
  <testcase name="testToLocalDateTime(String)[30]" classname="org.apache.commons.lang3.time.CalendarUtilsTest" time="0.001"/>
  <testcase name="testToLocalDateTime(String)[31]" classname="org.apache.commons.lang3.time.CalendarUtilsTest" time="0.001"/>
  <testcase name="testToLocalDateTime(String)[32]" classname="org.apache.commons.lang3.time.CalendarUtilsTest" time="0.0"/>
  <testcase name="testToLocalDateTime(String)[33]" classname="org.apache.commons.lang3.time.CalendarUtilsTest" time="0.0"/>
  <testcase name="testToLocalDateTime(String)[34]" classname="org.apache.commons.lang3.time.CalendarUtilsTest" time="0.0"/>
  <testcase name="testToLocalDateTime(String)[35]" classname="org.apache.commons.lang3.time.CalendarUtilsTest" time="0.001"/>
  <testcase name="testToLocalDateTime(String)[36]" classname="org.apache.commons.lang3.time.CalendarUtilsTest" time="0.001"/>
  <testcase name="testToLocalDateTime(String)[37]" classname="org.apache.commons.lang3.time.CalendarUtilsTest" time="0.0"/>
  <testcase name="testToLocalDateTime(String)[38]" classname="org.apache.commons.lang3.time.CalendarUtilsTest" time="0.0"/>
  <testcase name="testToLocalDateTime(String)[39]" classname="org.apache.commons.lang3.time.CalendarUtilsTest" time="0.0"/>
  <testcase name="testToLocalDateTime(String)[40]" classname="org.apache.commons.lang3.time.CalendarUtilsTest" time="0.0"/>
  <testcase name="testToLocalDateTime(String)[41]" classname="org.apache.commons.lang3.time.CalendarUtilsTest" time="0.001"/>
  <testcase name="testToLocalDateTime(String)[42]" classname="org.apache.commons.lang3.time.CalendarUtilsTest" time="0.001"/>
  <testcase name="testToLocalDateTime(String)[43]" classname="org.apache.commons.lang3.time.CalendarUtilsTest" time="0.001"/>
  <testcase name="testToLocalDateTime(String)[44]" classname="org.apache.commons.lang3.time.CalendarUtilsTest" time="0.0"/>
  <testcase name="testToLocalDateTime(String)[45]" classname="org.apache.commons.lang3.time.CalendarUtilsTest" time="0.0"/>
  <testcase name="testToLocalDateTime(String)[46]" classname="org.apache.commons.lang3.time.CalendarUtilsTest" time="0.0"/>
  <testcase name="testToLocalDateTime(String)[47]" classname="org.apache.commons.lang3.time.CalendarUtilsTest" time="0.0"/>
  <testcase name="testToLocalDateTime(String)[48]" classname="org.apache.commons.lang3.time.CalendarUtilsTest" time="0.0"/>
  <testcase name="testToLocalDateTime(String)[49]" classname="org.apache.commons.lang3.time.CalendarUtilsTest" time="0.0"/>
  <testcase name="testToLocalDateTime(String)[50]" classname="org.apache.commons.lang3.time.CalendarUtilsTest" time="0.0"/>
  <testcase name="testToLocalDateTime(String)[51]" classname="org.apache.commons.lang3.time.CalendarUtilsTest" time="0.0"/>
  <testcase name="testToLocalDateTime(String)[52]" classname="org.apache.commons.lang3.time.CalendarUtilsTest" time="0.0"/>
  <testcase name="testToLocalDateTime(String)[53]" classname="org.apache.commons.lang3.time.CalendarUtilsTest" time="0.0"/>
  <testcase name="testToLocalDateTime(String)[54]" classname="org.apache.commons.lang3.time.CalendarUtilsTest" time="0.0"/>
  <testcase name="testToLocalDateTime(String)[55]" classname="org.apache.commons.lang3.time.CalendarUtilsTest" time="0.0"/>
  <testcase name="testToLocalDateTime(String)[56]" classname="org.apache.commons.lang3.time.CalendarUtilsTest" time="0.0"/>
  <testcase name="testToLocalDateTime(String)[57]" classname="org.apache.commons.lang3.time.CalendarUtilsTest" time="0.0"/>
  <testcase name="testToLocalDateTime(String)[58]" classname="org.apache.commons.lang3.time.CalendarUtilsTest" time="0.001"/>
  <testcase name="testToLocalDateTime(String)[59]" classname="org.apache.commons.lang3.time.CalendarUtilsTest" time="0.001"/>
  <testcase name="testToLocalDateTime(String)[60]" classname="org.apache.commons.lang3.time.CalendarUtilsTest" time="0.0"/>
  <testcase name="testToLocalDateTime(String)[61]" classname="org.apache.commons.lang3.time.CalendarUtilsTest" time="0.0"/>
  <testcase name="testToLocalDateTime(String)[62]" classname="org.apache.commons.lang3.time.CalendarUtilsTest" time="0.0"/>
  <testcase name="testToLocalDateTime(String)[63]" classname="org.apache.commons.lang3.time.CalendarUtilsTest" time="0.004"/>
  <testcase name="testToLocalDateTime(String)[64]" classname="org.apache.commons.lang3.time.CalendarUtilsTest" time="0.002"/>
  <testcase name="testToLocalDateTime(String)[65]" classname="org.apache.commons.lang3.time.CalendarUtilsTest" time="0.001"/>
  <testcase name="testToLocalDateTime(String)[66]" classname="org.apache.commons.lang3.time.CalendarUtilsTest" time="0.001"/>
  <testcase name="testToLocalDateTime(String)[67]" classname="org.apache.commons.lang3.time.CalendarUtilsTest" time="0.0"/>
  <testcase name="testToLocalDateTime(String)[68]" classname="org.apache.commons.lang3.time.CalendarUtilsTest" time="0.001"/>
  <testcase name="testToLocalDateTime(String)[69]" classname="org.apache.commons.lang3.time.CalendarUtilsTest" time="0.001"/>
  <testcase name="testToLocalDateTime(String)[70]" classname="org.apache.commons.lang3.time.CalendarUtilsTest" time="0.001"/>
  <testcase name="testToLocalDateTime(String)[71]" classname="org.apache.commons.lang3.time.CalendarUtilsTest" time="0.001"/>
  <testcase name="testToLocalDateTime(String)[72]" classname="org.apache.commons.lang3.time.CalendarUtilsTest" time="0.0"/>
  <testcase name="testToLocalDateTime(String)[73]" classname="org.apache.commons.lang3.time.CalendarUtilsTest" time="0.0"/>
  <testcase name="testToLocalDateTime(String)[74]" classname="org.apache.commons.lang3.time.CalendarUtilsTest" time="0.01"/>
  <testcase name="testToLocalDateTime(String)[75]" classname="org.apache.commons.lang3.time.CalendarUtilsTest" time="0.0"/>
  <testcase name="testToLocalDateTime(String)[76]" classname="org.apache.commons.lang3.time.CalendarUtilsTest" time="0.0"/>
  <testcase name="testToLocalDateTime(String)[77]" classname="org.apache.commons.lang3.time.CalendarUtilsTest" time="0.001"/>
  <testcase name="testToLocalDateTime(String)[78]" classname="org.apache.commons.lang3.time.CalendarUtilsTest" time="0.0"/>
  <testcase name="testToLocalDateTime(String)[79]" classname="org.apache.commons.lang3.time.CalendarUtilsTest" time="0.0"/>
  <testcase name="testToLocalDateTime(String)[80]" classname="org.apache.commons.lang3.time.CalendarUtilsTest" time="0.0"/>
  <testcase name="testToLocalDateTime(String)[81]" classname="org.apache.commons.lang3.time.CalendarUtilsTest" time="0.001"/>
  <testcase name="testToLocalDateTime(String)[82]" classname="org.apache.commons.lang3.time.CalendarUtilsTest" time="0.002"/>
  <testcase name="testToLocalDateTime(String)[83]" classname="org.apache.commons.lang3.time.CalendarUtilsTest" time="0.001"/>
  <testcase name="testToLocalDateTime(String)[84]" classname="org.apache.commons.lang3.time.CalendarUtilsTest" time="0.0"/>
  <testcase name="testToLocalDateTime(String)[85]" classname="org.apache.commons.lang3.time.CalendarUtilsTest" time="0.0"/>
  <testcase name="testToLocalDateTime(String)[86]" classname="org.apache.commons.lang3.time.CalendarUtilsTest" time="0.0"/>
  <testcase name="testToLocalDateTime(String)[87]" classname="org.apache.commons.lang3.time.CalendarUtilsTest" time="0.001"/>
  <testcase name="testToLocalDateTime(String)[88]" classname="org.apache.commons.lang3.time.CalendarUtilsTest" time="0.001"/>
  <testcase name="testToLocalDateTime(String)[89]" classname="org.apache.commons.lang3.time.CalendarUtilsTest" time="0.045"/>
  <testcase name="testToLocalDateTime(String)[90]" classname="org.apache.commons.lang3.time.CalendarUtilsTest" time="0.001"/>
  <testcase name="testToLocalDateTime(String)[91]" classname="org.apache.commons.lang3.time.CalendarUtilsTest" time="0.001"/>
  <testcase name="testToLocalDateTime(String)[92]" classname="org.apache.commons.lang3.time.CalendarUtilsTest" time="0.001"/>
  <testcase name="testToLocalDateTime(String)[93]" classname="org.apache.commons.lang3.time.CalendarUtilsTest" time="0.001"/>
  <testcase name="testToLocalDateTime(String)[94]" classname="org.apache.commons.lang3.time.CalendarUtilsTest" time="0.001"/>
  <testcase name="testToLocalDateTime(String)[95]" classname="org.apache.commons.lang3.time.CalendarUtilsTest" time="0.0"/>
  <testcase name="testToLocalDateTime(String)[96]" classname="org.apache.commons.lang3.time.CalendarUtilsTest" time="0.001"/>
  <testcase name="testToLocalDateTime(String)[97]" classname="org.apache.commons.lang3.time.CalendarUtilsTest" time="0.001"/>
  <testcase name="testToLocalDateTime(String)[98]" classname="org.apache.commons.lang3.time.CalendarUtilsTest" time="0.002"/>
  <testcase name="testToLocalDateTime(String)[99]" classname="org.apache.commons.lang3.time.CalendarUtilsTest" time="0.001"/>
  <testcase name="testToLocalDateTime(String)[100]" classname="org.apache.commons.lang3.time.CalendarUtilsTest" time="0.001"/>
  <testcase name="testToLocalDateTime(String)[101]" classname="org.apache.commons.lang3.time.CalendarUtilsTest" time="0.001"/>
  <testcase name="testToLocalDateTime(String)[102]" classname="org.apache.commons.lang3.time.CalendarUtilsTest" time="0.0"/>
  <testcase name="testToLocalDateTime(String)[103]" classname="org.apache.commons.lang3.time.CalendarUtilsTest" time="0.001"/>
  <testcase name="testToLocalDateTime(String)[104]" classname="org.apache.commons.lang3.time.CalendarUtilsTest" time="0.0"/>
  <testcase name="testToLocalDateTime(String)[105]" classname="org.apache.commons.lang3.time.CalendarUtilsTest" time="0.001"/>
  <testcase name="testToLocalDateTime(String)[106]" classname="org.apache.commons.lang3.time.CalendarUtilsTest" time="0.0"/>
  <testcase name="testToLocalDateTime(String)[107]" classname="org.apache.commons.lang3.time.CalendarUtilsTest" time="0.0"/>
  <testcase name="testToLocalDateTime(String)[108]" classname="org.apache.commons.lang3.time.CalendarUtilsTest" time="0.002"/>
  <testcase name="testToLocalDateTime(String)[109]" classname="org.apache.commons.lang3.time.CalendarUtilsTest" time="0.0"/>
  <testcase name="testToLocalDateTime(String)[110]" classname="org.apache.commons.lang3.time.CalendarUtilsTest" time="0.001"/>
  <testcase name="testToLocalDateTime(String)[111]" classname="org.apache.commons.lang3.time.CalendarUtilsTest" time="0.002"/>
  <testcase name="testToLocalDateTime(String)[112]" classname="org.apache.commons.lang3.time.CalendarUtilsTest" time="0.001"/>
  <testcase name="testToLocalDateTime(String)[113]" classname="org.apache.commons.lang3.time.CalendarUtilsTest" time="0.001"/>
  <testcase name="testToLocalDateTime(String)[114]" classname="org.apache.commons.lang3.time.CalendarUtilsTest" time="0.0"/>
  <testcase name="testToLocalDateTime(String)[115]" classname="org.apache.commons.lang3.time.CalendarUtilsTest" time="0.0"/>
  <testcase name="testToLocalDateTime(String)[116]" classname="org.apache.commons.lang3.time.CalendarUtilsTest" time="0.0"/>
  <testcase name="testToLocalDateTime(String)[117]" classname="org.apache.commons.lang3.time.CalendarUtilsTest" time="0.001"/>
  <testcase name="testToLocalDateTime(String)[118]" classname="org.apache.commons.lang3.time.CalendarUtilsTest" time="0.001"/>
  <testcase name="testToLocalDateTime(String)[119]" classname="org.apache.commons.lang3.time.CalendarUtilsTest" time="0.001"/>
  <testcase name="testToLocalDateTime(String)[120]" classname="org.apache.commons.lang3.time.CalendarUtilsTest" time="0.0"/>
  <testcase name="testToLocalDateTime(String)[121]" classname="org.apache.commons.lang3.time.CalendarUtilsTest" time="0.001"/>
  <testcase name="testToLocalDateTime(String)[122]" classname="org.apache.commons.lang3.time.CalendarUtilsTest" time="0.0"/>
  <testcase name="testToLocalDateTime(String)[123]" classname="org.apache.commons.lang3.time.CalendarUtilsTest" time="0.0"/>
  <testcase name="testToLocalDateTime(String)[124]" classname="org.apache.commons.lang3.time.CalendarUtilsTest" time="0.0"/>
  <testcase name="testToLocalDateTime(String)[125]" classname="org.apache.commons.lang3.time.CalendarUtilsTest" time="0.0"/>
  <testcase name="testToLocalDateTime(String)[126]" classname="org.apache.commons.lang3.time.CalendarUtilsTest" time="0.001"/>
  <testcase name="testToLocalDateTime(String)[127]" classname="org.apache.commons.lang3.time.CalendarUtilsTest" time="0.0"/>
  <testcase name="testToLocalDateTime(String)[128]" classname="org.apache.commons.lang3.time.CalendarUtilsTest" time="0.002"/>
  <testcase name="testToLocalDateTime(String)[129]" classname="org.apache.commons.lang3.time.CalendarUtilsTest" time="0.0"/>
  <testcase name="testToLocalDateTime(String)[130]" classname="org.apache.commons.lang3.time.CalendarUtilsTest" time="0.0"/>
  <testcase name="testToLocalDateTime(String)[131]" classname="org.apache.commons.lang3.time.CalendarUtilsTest" time="0.003"/>
  <testcase name="testToLocalDateTime(String)[132]" classname="org.apache.commons.lang3.time.CalendarUtilsTest" time="0.001"/>
  <testcase name="testToLocalDateTime(String)[133]" classname="org.apache.commons.lang3.time.CalendarUtilsTest" time="0.001"/>
  <testcase name="testToLocalDateTime(String)[134]" classname="org.apache.commons.lang3.time.CalendarUtilsTest" time="0.001"/>
  <testcase name="testToLocalDateTime(String)[135]" classname="org.apache.commons.lang3.time.CalendarUtilsTest" time="0.001"/>
  <testcase name="testToLocalDateTime(String)[136]" classname="org.apache.commons.lang3.time.CalendarUtilsTest" time="0.0"/>
  <testcase name="testToLocalDateTime(String)[137]" classname="org.apache.commons.lang3.time.CalendarUtilsTest" time="0.002"/>
  <testcase name="testToLocalDateTime(String)[138]" classname="org.apache.commons.lang3.time.CalendarUtilsTest" time="0.001"/>
  <testcase name="testToLocalDateTime(String)[139]" classname="org.apache.commons.lang3.time.CalendarUtilsTest" time="0.001"/>
  <testcase name="testToLocalDateTime(String)[140]" classname="org.apache.commons.lang3.time.CalendarUtilsTest" time="0.0"/>
  <testcase name="testToLocalDateTime(String)[141]" classname="org.apache.commons.lang3.time.CalendarUtilsTest" time="0.001"/>
  <testcase name="testToLocalDateTime(String)[142]" classname="org.apache.commons.lang3.time.CalendarUtilsTest" time="0.0"/>
  <testcase name="testToLocalDateTime(String)[143]" classname="org.apache.commons.lang3.time.CalendarUtilsTest" time="0.0"/>
  <testcase name="testToLocalDateTime(String)[144]" classname="org.apache.commons.lang3.time.CalendarUtilsTest" time="0.0"/>
  <testcase name="testToLocalDateTime(String)[145]" classname="org.apache.commons.lang3.time.CalendarUtilsTest" time="0.001"/>
  <testcase name="testToLocalDateTime(String)[146]" classname="org.apache.commons.lang3.time.CalendarUtilsTest" time="0.001"/>
  <testcase name="testToLocalDateTime(String)[147]" classname="org.apache.commons.lang3.time.CalendarUtilsTest" time="0.001"/>
  <testcase name="testToLocalDateTime(String)[148]" classname="org.apache.commons.lang3.time.CalendarUtilsTest" time="0.0"/>
  <testcase name="testToLocalDateTime(String)[149]" classname="org.apache.commons.lang3.time.CalendarUtilsTest" time="0.001"/>
  <testcase name="testToLocalDateTime(String)[150]" classname="org.apache.commons.lang3.time.CalendarUtilsTest" time="0.001"/>
  <testcase name="testToLocalDateTime(String)[151]" classname="org.apache.commons.lang3.time.CalendarUtilsTest" time="0.002"/>
  <testcase name="testToLocalDateTime(String)[152]" classname="org.apache.commons.lang3.time.CalendarUtilsTest" time="0.001"/>
  <testcase name="testToLocalDateTime(String)[153]" classname="org.apache.commons.lang3.time.CalendarUtilsTest" time="0.002"/>
  <testcase name="testToLocalDateTime(String)[154]" classname="org.apache.commons.lang3.time.CalendarUtilsTest" time="0.002"/>
  <testcase name="testToLocalDateTime(String)[155]" classname="org.apache.commons.lang3.time.CalendarUtilsTest" time="0.002"/>
  <testcase name="testToLocalDateTime(String)[156]" classname="org.apache.commons.lang3.time.CalendarUtilsTest" time="0.003"/>
  <testcase name="testToLocalDateTime(String)[157]" classname="org.apache.commons.lang3.time.CalendarUtilsTest" time="0.003"/>
  <testcase name="testToLocalDateTime(String)[158]" classname="org.apache.commons.lang3.time.CalendarUtilsTest" time="0.002"/>
  <testcase name="testToLocalDateTime(String)[159]" classname="org.apache.commons.lang3.time.CalendarUtilsTest" time="0.002"/>
  <testcase name="testToLocalDateTime(String)[160]" classname="org.apache.commons.lang3.time.CalendarUtilsTest" time="0.002"/>
  <testcase name="testToLocalDateTime(String)[161]" classname="org.apache.commons.lang3.time.CalendarUtilsTest" time="0.001"/>
  <testcase name="testToLocalDateTime(String)[162]" classname="org.apache.commons.lang3.time.CalendarUtilsTest" time="0.002"/>
  <testcase name="testToLocalDateTime(String)[163]" classname="org.apache.commons.lang3.time.CalendarUtilsTest" time="0.001"/>
  <testcase name="testToLocalDateTime(String)[164]" classname="org.apache.commons.lang3.time.CalendarUtilsTest" time="0.002"/>
  <testcase name="testToLocalDateTime(String)[165]" classname="org.apache.commons.lang3.time.CalendarUtilsTest" time="0.0"/>
  <testcase name="testToLocalDateTime(String)[166]" classname="org.apache.commons.lang3.time.CalendarUtilsTest" time="0.001"/>
  <testcase name="testToLocalDateTime(String)[167]" classname="org.apache.commons.lang3.time.CalendarUtilsTest" time="0.0"/>
  <testcase name="testToLocalDateTime(String)[168]" classname="org.apache.commons.lang3.time.CalendarUtilsTest" time="0.001"/>
  <testcase name="testToLocalDateTime(String)[169]" classname="org.apache.commons.lang3.time.CalendarUtilsTest" time="0.0"/>
  <testcase name="testToLocalDateTime(String)[170]" classname="org.apache.commons.lang3.time.CalendarUtilsTest" time="0.003"/>
  <testcase name="testToLocalDateTime(String)[171]" classname="org.apache.commons.lang3.time.CalendarUtilsTest" time="0.003"/>
  <testcase name="testToLocalDateTime(String)[172]" classname="org.apache.commons.lang3.time.CalendarUtilsTest" time="0.001"/>
  <testcase name="testToLocalDateTime(String)[173]" classname="org.apache.commons.lang3.time.CalendarUtilsTest" time="0.001"/>
  <testcase name="testToLocalDateTime(String)[174]" classname="org.apache.commons.lang3.time.CalendarUtilsTest" time="0.001"/>
  <testcase name="testToLocalDateTime(String)[175]" classname="org.apache.commons.lang3.time.CalendarUtilsTest" time="0.002"/>
  <testcase name="testToLocalDateTime(String)[176]" classname="org.apache.commons.lang3.time.CalendarUtilsTest" time="0.0"/>
  <testcase name="testToLocalDateTime(String)[177]" classname="org.apache.commons.lang3.time.CalendarUtilsTest" time="0.001"/>
  <testcase name="testToLocalDateTime(String)[178]" classname="org.apache.commons.lang3.time.CalendarUtilsTest" time="0.001"/>
  <testcase name="testToLocalDateTime(String)[179]" classname="org.apache.commons.lang3.time.CalendarUtilsTest" time="0.001"/>
  <testcase name="testToLocalDateTime(String)[180]" classname="org.apache.commons.lang3.time.CalendarUtilsTest" time="0.001"/>
  <testcase name="testToLocalDateTime(String)[181]" classname="org.apache.commons.lang3.time.CalendarUtilsTest" time="0.001"/>
  <testcase name="testToLocalDateTime(String)[182]" classname="org.apache.commons.lang3.time.CalendarUtilsTest" time="0.001"/>
  <testcase name="testToLocalDateTime(String)[183]" classname="org.apache.commons.lang3.time.CalendarUtilsTest" time="0.001"/>
  <testcase name="testToLocalDateTime(String)[184]" classname="org.apache.commons.lang3.time.CalendarUtilsTest" time="0.001"/>
  <testcase name="testToLocalDateTime(String)[185]" classname="org.apache.commons.lang3.time.CalendarUtilsTest" time="0.001"/>
  <testcase name="testToLocalDateTime(String)[186]" classname="org.apache.commons.lang3.time.CalendarUtilsTest" time="0.001"/>
  <testcase name="testToLocalDateTime(String)[187]" classname="org.apache.commons.lang3.time.CalendarUtilsTest" time="0.001"/>
  <testcase name="testToLocalDateTime(String)[188]" classname="org.apache.commons.lang3.time.CalendarUtilsTest" time="0.001"/>
  <testcase name="testToLocalDateTime(String)[189]" classname="org.apache.commons.lang3.time.CalendarUtilsTest" time="0.001"/>
  <testcase name="testToLocalDateTime(String)[190]" classname="org.apache.commons.lang3.time.CalendarUtilsTest" time="0.001"/>
  <testcase name="testToLocalDateTime(String)[191]" classname="org.apache.commons.lang3.time.CalendarUtilsTest" time="0.001"/>
  <testcase name="testToLocalDateTime(String)[192]" classname="org.apache.commons.lang3.time.CalendarUtilsTest" time="0.001"/>
  <testcase name="testToLocalDateTime(String)[193]" classname="org.apache.commons.lang3.time.CalendarUtilsTest" time="0.001"/>
  <testcase name="testToLocalDateTime(String)[194]" classname="org.apache.commons.lang3.time.CalendarUtilsTest" time="0.001"/>
  <testcase name="testToLocalDateTime(String)[195]" classname="org.apache.commons.lang3.time.CalendarUtilsTest" time="0.001"/>
  <testcase name="testToLocalDateTime(String)[196]" classname="org.apache.commons.lang3.time.CalendarUtilsTest" time="0.001"/>
  <testcase name="testToLocalDateTime(String)[197]" classname="org.apache.commons.lang3.time.CalendarUtilsTest" time="0.001"/>
  <testcase name="testToLocalDateTime(String)[198]" classname="org.apache.commons.lang3.time.CalendarUtilsTest" time="0.0"/>
  <testcase name="testToLocalDateTime(String)[199]" classname="org.apache.commons.lang3.time.CalendarUtilsTest" time="0.001"/>
  <testcase name="testToLocalDateTime(String)[200]" classname="org.apache.commons.lang3.time.CalendarUtilsTest" time="0.001"/>
  <testcase name="testToLocalDateTime(String)[201]" classname="org.apache.commons.lang3.time.CalendarUtilsTest" time="0.001"/>
  <testcase name="testToLocalDateTime(String)[202]" classname="org.apache.commons.lang3.time.CalendarUtilsTest" time="0.0"/>
  <testcase name="testToLocalDateTime(String)[203]" classname="org.apache.commons.lang3.time.CalendarUtilsTest" time="0.001"/>
  <testcase name="testToLocalDateTime(String)[204]" classname="org.apache.commons.lang3.time.CalendarUtilsTest" time="0.001"/>
  <testcase name="testToLocalDateTime(String)[205]" classname="org.apache.commons.lang3.time.CalendarUtilsTest" time="0.0"/>
  <testcase name="testToLocalDateTime(String)[206]" classname="org.apache.commons.lang3.time.CalendarUtilsTest" time="0.001"/>
  <testcase name="testToLocalDateTime(String)[207]" classname="org.apache.commons.lang3.time.CalendarUtilsTest" time="0.001"/>
  <testcase name="testToLocalDateTime(String)[208]" classname="org.apache.commons.lang3.time.CalendarUtilsTest" time="0.001"/>
  <testcase name="testToLocalDateTime(String)[209]" classname="org.apache.commons.lang3.time.CalendarUtilsTest" time="0.001"/>
  <testcase name="testToLocalDateTime(String)[210]" classname="org.apache.commons.lang3.time.CalendarUtilsTest" time="0.001"/>
  <testcase name="testToLocalDateTime(String)[211]" classname="org.apache.commons.lang3.time.CalendarUtilsTest" time="0.001"/>
  <testcase name="testToLocalDateTime(String)[212]" classname="org.apache.commons.lang3.time.CalendarUtilsTest" time="0.001"/>
  <testcase name="testToLocalDateTime(String)[213]" classname="org.apache.commons.lang3.time.CalendarUtilsTest" time="0.0"/>
  <testcase name="testToLocalDateTime(String)[214]" classname="org.apache.commons.lang3.time.CalendarUtilsTest" time="0.001"/>
  <testcase name="testToLocalDateTime(String)[215]" classname="org.apache.commons.lang3.time.CalendarUtilsTest" time="0.001"/>
  <testcase name="testToLocalDateTime(String)[216]" classname="org.apache.commons.lang3.time.CalendarUtilsTest" time="0.0"/>
  <testcase name="testToLocalDateTime(String)[217]" classname="org.apache.commons.lang3.time.CalendarUtilsTest" time="0.001"/>
  <testcase name="testToLocalDateTime(String)[218]" classname="org.apache.commons.lang3.time.CalendarUtilsTest" time="0.001"/>
  <testcase name="testToLocalDateTime(String)[219]" classname="org.apache.commons.lang3.time.CalendarUtilsTest" time="0.001"/>
  <testcase name="testToLocalDateTime(String)[220]" classname="org.apache.commons.lang3.time.CalendarUtilsTest" time="0.0"/>
  <testcase name="testToLocalDateTime(String)[221]" classname="org.apache.commons.lang3.time.CalendarUtilsTest" time="0.0"/>
  <testcase name="testToLocalDateTime(String)[222]" classname="org.apache.commons.lang3.time.CalendarUtilsTest" time="0.0"/>
  <testcase name="testToLocalDateTime(String)[223]" classname="org.apache.commons.lang3.time.CalendarUtilsTest" time="0.001"/>
  <testcase name="testToLocalDateTime(String)[224]" classname="org.apache.commons.lang3.time.CalendarUtilsTest" time="0.001"/>
  <testcase name="testToLocalDateTime(String)[225]" classname="org.apache.commons.lang3.time.CalendarUtilsTest" time="0.001"/>
  <testcase name="testToLocalDateTime(String)[226]" classname="org.apache.commons.lang3.time.CalendarUtilsTest" time="0.001"/>
  <testcase name="testToLocalDateTime(String)[227]" classname="org.apache.commons.lang3.time.CalendarUtilsTest" time="0.0"/>
  <testcase name="testToLocalDateTime(String)[228]" classname="org.apache.commons.lang3.time.CalendarUtilsTest" time="0.0"/>
  <testcase name="testToLocalDateTime(String)[229]" classname="org.apache.commons.lang3.time.CalendarUtilsTest" time="0.0"/>
  <testcase name="testToLocalDateTime(String)[230]" classname="org.apache.commons.lang3.time.CalendarUtilsTest" time="0.001"/>
  <testcase name="testToLocalDateTime(String)[231]" classname="org.apache.commons.lang3.time.CalendarUtilsTest" time="0.001"/>
  <testcase name="testToLocalDateTime(String)[232]" classname="org.apache.commons.lang3.time.CalendarUtilsTest" time="0.001"/>
  <testcase name="testToLocalDateTime(String)[233]" classname="org.apache.commons.lang3.time.CalendarUtilsTest" time="0.0"/>
  <testcase name="testToLocalDateTime(String)[234]" classname="org.apache.commons.lang3.time.CalendarUtilsTest" time="0.0"/>
  <testcase name="testToLocalDateTime(String)[235]" classname="org.apache.commons.lang3.time.CalendarUtilsTest" time="0.001"/>
  <testcase name="testToLocalDateTime(String)[236]" classname="org.apache.commons.lang3.time.CalendarUtilsTest" time="0.001"/>
  <testcase name="testToLocalDateTime(String)[237]" classname="org.apache.commons.lang3.time.CalendarUtilsTest" time="0.001"/>
  <testcase name="testToLocalDateTime(String)[238]" classname="org.apache.commons.lang3.time.CalendarUtilsTest" time="0.001"/>
  <testcase name="testToLocalDateTime(String)[239]" classname="org.apache.commons.lang3.time.CalendarUtilsTest" time="0.001"/>
  <testcase name="testToLocalDateTime(String)[240]" classname="org.apache.commons.lang3.time.CalendarUtilsTest" time="0.001"/>
  <testcase name="testToLocalDateTime(String)[241]" classname="org.apache.commons.lang3.time.CalendarUtilsTest" time="0.001"/>
  <testcase name="testToLocalDateTime(String)[242]" classname="org.apache.commons.lang3.time.CalendarUtilsTest" time="0.001"/>
  <testcase name="testToLocalDateTime(String)[243]" classname="org.apache.commons.lang3.time.CalendarUtilsTest" time="0.001"/>
  <testcase name="testToLocalDateTime(String)[244]" classname="org.apache.commons.lang3.time.CalendarUtilsTest" time="0.001"/>
  <testcase name="testToLocalDateTime(String)[245]" classname="org.apache.commons.lang3.time.CalendarUtilsTest" time="0.001"/>
  <testcase name="testToLocalDateTime(String)[246]" classname="org.apache.commons.lang3.time.CalendarUtilsTest" time="0.001"/>
  <testcase name="testToLocalDateTime(String)[247]" classname="org.apache.commons.lang3.time.CalendarUtilsTest" time="0.001"/>
  <testcase name="testToLocalDateTime(String)[248]" classname="org.apache.commons.lang3.time.CalendarUtilsTest" time="0.001"/>
  <testcase name="testToLocalDateTime(String)[249]" classname="org.apache.commons.lang3.time.CalendarUtilsTest" time="0.001"/>
  <testcase name="testToLocalDateTime(String)[250]" classname="org.apache.commons.lang3.time.CalendarUtilsTest" time="0.001"/>
  <testcase name="testToLocalDateTime(String)[251]" classname="org.apache.commons.lang3.time.CalendarUtilsTest" time="0.001"/>
  <testcase name="testToLocalDateTime(String)[252]" classname="org.apache.commons.lang3.time.CalendarUtilsTest" time="0.001"/>
  <testcase name="testToLocalDateTime(String)[253]" classname="org.apache.commons.lang3.time.CalendarUtilsTest" time="0.001"/>
  <testcase name="testToLocalDateTime(String)[254]" classname="org.apache.commons.lang3.time.CalendarUtilsTest" time="0.001"/>
  <testcase name="testToLocalDateTime(String)[255]" classname="org.apache.commons.lang3.time.CalendarUtilsTest" time="0.0"/>
  <testcase name="testToLocalDateTime(String)[256]" classname="org.apache.commons.lang3.time.CalendarUtilsTest" time="0.001"/>
  <testcase name="testToLocalDateTime(String)[257]" classname="org.apache.commons.lang3.time.CalendarUtilsTest" time="0.0"/>
  <testcase name="testToLocalDateTime(String)[258]" classname="org.apache.commons.lang3.time.CalendarUtilsTest" time="0.001"/>
  <testcase name="testToLocalDateTime(String)[259]" classname="org.apache.commons.lang3.time.CalendarUtilsTest" time="0.001"/>
  <testcase name="testToLocalDateTime(String)[260]" classname="org.apache.commons.lang3.time.CalendarUtilsTest" time="0.001"/>
  <testcase name="testToLocalDateTime(String)[261]" classname="org.apache.commons.lang3.time.CalendarUtilsTest" time="0.001"/>
  <testcase name="testToLocalDateTime(String)[262]" classname="org.apache.commons.lang3.time.CalendarUtilsTest" time="0.001"/>
  <testcase name="testToLocalDateTime(String)[263]" classname="org.apache.commons.lang3.time.CalendarUtilsTest" time="0.001"/>
  <testcase name="testToLocalDateTime(String)[264]" classname="org.apache.commons.lang3.time.CalendarUtilsTest" time="0.001"/>
  <testcase name="testToLocalDateTime(String)[265]" classname="org.apache.commons.lang3.time.CalendarUtilsTest" time="0.001"/>
  <testcase name="testToLocalDateTime(String)[266]" classname="org.apache.commons.lang3.time.CalendarUtilsTest" time="0.0"/>
  <testcase name="testToLocalDateTime(String)[267]" classname="org.apache.commons.lang3.time.CalendarUtilsTest" time="0.0"/>
  <testcase name="testToLocalDateTime(String)[268]" classname="org.apache.commons.lang3.time.CalendarUtilsTest" time="0.0"/>
  <testcase name="testToLocalDateTime(String)[269]" classname="org.apache.commons.lang3.time.CalendarUtilsTest" time="0.0"/>
  <testcase name="testToLocalDateTime(String)[270]" classname="org.apache.commons.lang3.time.CalendarUtilsTest" time="0.001"/>
  <testcase name="testToLocalDateTime(String)[271]" classname="org.apache.commons.lang3.time.CalendarUtilsTest" time="0.001"/>
  <testcase name="testToLocalDateTime(String)[272]" classname="org.apache.commons.lang3.time.CalendarUtilsTest" time="0.0"/>
  <testcase name="testToLocalDateTime(String)[273]" classname="org.apache.commons.lang3.time.CalendarUtilsTest" time="0.0"/>
  <testcase name="testToLocalDateTime(String)[274]" classname="org.apache.commons.lang3.time.CalendarUtilsTest" time="0.0"/>
  <testcase name="testToLocalDateTime(String)[275]" classname="org.apache.commons.lang3.time.CalendarUtilsTest" time="0.001"/>
  <testcase name="testToLocalDateTime(String)[276]" classname="org.apache.commons.lang3.time.CalendarUtilsTest" time="0.001"/>
  <testcase name="testToLocalDateTime(String)[277]" classname="org.apache.commons.lang3.time.CalendarUtilsTest" time="0.001"/>
  <testcase name="testToLocalDateTime(String)[278]" classname="org.apache.commons.lang3.time.CalendarUtilsTest" time="0.001"/>
  <testcase name="testToLocalDateTime(String)[279]" classname="org.apache.commons.lang3.time.CalendarUtilsTest" time="0.001"/>
  <testcase name="testToLocalDateTime(String)[280]" classname="org.apache.commons.lang3.time.CalendarUtilsTest" time="0.001"/>
  <testcase name="testToLocalDateTime(String)[281]" classname="org.apache.commons.lang3.time.CalendarUtilsTest" time="0.0"/>
  <testcase name="testToLocalDateTime(String)[282]" classname="org.apache.commons.lang3.time.CalendarUtilsTest" time="0.001"/>
  <testcase name="testToLocalDateTime(String)[283]" classname="org.apache.commons.lang3.time.CalendarUtilsTest" time="0.001"/>
  <testcase name="testToLocalDateTime(String)[284]" classname="org.apache.commons.lang3.time.CalendarUtilsTest" time="0.0"/>
  <testcase name="testToLocalDateTime(String)[285]" classname="org.apache.commons.lang3.time.CalendarUtilsTest" time="0.0"/>
  <testcase name="testToLocalDateTime(String)[286]" classname="org.apache.commons.lang3.time.CalendarUtilsTest" time="0.0"/>
  <testcase name="testToLocalDateTime(String)[287]" classname="org.apache.commons.lang3.time.CalendarUtilsTest" time="0.0"/>
  <testcase name="testToLocalDateTime(String)[288]" classname="org.apache.commons.lang3.time.CalendarUtilsTest" time="0.0"/>
  <testcase name="testToLocalDateTime(String)[289]" classname="org.apache.commons.lang3.time.CalendarUtilsTest" time="0.0"/>
  <testcase name="testToLocalDateTime(String)[290]" classname="org.apache.commons.lang3.time.CalendarUtilsTest" time="0.0"/>
  <testcase name="testToLocalDateTime(String)[291]" classname="org.apache.commons.lang3.time.CalendarUtilsTest" time="0.001"/>
  <testcase name="testToLocalDateTime(String)[292]" classname="org.apache.commons.lang3.time.CalendarUtilsTest" time="0.001"/>
  <testcase name="testToLocalDateTime(String)[293]" classname="org.apache.commons.lang3.time.CalendarUtilsTest" time="0.001"/>
  <testcase name="testToLocalDateTime(String)[294]" classname="org.apache.commons.lang3.time.CalendarUtilsTest" time="0.0"/>
  <testcase name="testToLocalDateTime(String)[295]" classname="org.apache.commons.lang3.time.CalendarUtilsTest" time="0.0"/>
  <testcase name="testToLocalDateTime(String)[296]" classname="org.apache.commons.lang3.time.CalendarUtilsTest" time="0.002"/>
  <testcase name="testToLocalDateTime(String)[297]" classname="org.apache.commons.lang3.time.CalendarUtilsTest" time="0.001"/>
  <testcase name="testToLocalDateTime(String)[298]" classname="org.apache.commons.lang3.time.CalendarUtilsTest" time="0.001"/>
  <testcase name="testToLocalDateTime(String)[299]" classname="org.apache.commons.lang3.time.CalendarUtilsTest" time="0.001"/>
  <testcase name="testToLocalDateTime(String)[300]" classname="org.apache.commons.lang3.time.CalendarUtilsTest" time="0.001"/>
  <testcase name="testToLocalDateTime(String)[301]" classname="org.apache.commons.lang3.time.CalendarUtilsTest" time="0.001"/>
  <testcase name="testToLocalDateTime(String)[302]" classname="org.apache.commons.lang3.time.CalendarUtilsTest" time="0.001"/>
  <testcase name="testToLocalDateTime(String)[303]" classname="org.apache.commons.lang3.time.CalendarUtilsTest" time="0.0"/>
  <testcase name="testToLocalDateTime(String)[304]" classname="org.apache.commons.lang3.time.CalendarUtilsTest" time="0.0"/>
  <testcase name="testToLocalDateTime(String)[305]" classname="org.apache.commons.lang3.time.CalendarUtilsTest" time="0.001"/>
  <testcase name="testToLocalDateTime(String)[306]" classname="org.apache.commons.lang3.time.CalendarUtilsTest" time="0.0"/>
  <testcase name="testToLocalDateTime(String)[307]" classname="org.apache.commons.lang3.time.CalendarUtilsTest" time="0.0"/>
  <testcase name="testToLocalDateTime(String)[308]" classname="org.apache.commons.lang3.time.CalendarUtilsTest" time="0.0"/>
  <testcase name="testToLocalDateTime(String)[309]" classname="org.apache.commons.lang3.time.CalendarUtilsTest" time="0.0"/>
  <testcase name="testToLocalDateTime(String)[310]" classname="org.apache.commons.lang3.time.CalendarUtilsTest" time="0.0"/>
  <testcase name="testToLocalDateTime(String)[311]" classname="org.apache.commons.lang3.time.CalendarUtilsTest" time="0.001"/>
  <testcase name="testToLocalDateTime(String)[312]" classname="org.apache.commons.lang3.time.CalendarUtilsTest" time="0.001"/>
  <testcase name="testToLocalDateTime(String)[313]" classname="org.apache.commons.lang3.time.CalendarUtilsTest" time="0.001"/>
  <testcase name="testToLocalDateTime(String)[314]" classname="org.apache.commons.lang3.time.CalendarUtilsTest" time="0.001"/>
  <testcase name="testToLocalDateTime(String)[315]" classname="org.apache.commons.lang3.time.CalendarUtilsTest" time="0.001"/>
  <testcase name="testToLocalDateTime(String)[316]" classname="org.apache.commons.lang3.time.CalendarUtilsTest" time="0.001"/>
  <testcase name="testToLocalDateTime(String)[317]" classname="org.apache.commons.lang3.time.CalendarUtilsTest" time="0.0"/>
  <testcase name="testToLocalDateTime(String)[318]" classname="org.apache.commons.lang3.time.CalendarUtilsTest" time="0.0"/>
  <testcase name="testToLocalDateTime(String)[319]" classname="org.apache.commons.lang3.time.CalendarUtilsTest" time="0.0"/>
  <testcase name="testToLocalDateTime(String)[320]" classname="org.apache.commons.lang3.time.CalendarUtilsTest" time="0.001"/>
  <testcase name="testToLocalDateTime(String)[321]" classname="org.apache.commons.lang3.time.CalendarUtilsTest" time="0.0"/>
  <testcase name="testToLocalDateTime(String)[322]" classname="org.apache.commons.lang3.time.CalendarUtilsTest" time="0.0"/>
  <testcase name="testToLocalDateTime(String)[323]" classname="org.apache.commons.lang3.time.CalendarUtilsTest" time="0.0"/>
  <testcase name="testToLocalDateTime(String)[324]" classname="org.apache.commons.lang3.time.CalendarUtilsTest" time="0.0"/>
  <testcase name="testToLocalDateTime(String)[325]" classname="org.apache.commons.lang3.time.CalendarUtilsTest" time="0.001"/>
  <testcase name="testToLocalDateTime(String)[326]" classname="org.apache.commons.lang3.time.CalendarUtilsTest" time="0.001"/>
  <testcase name="testToLocalDateTime(String)[327]" classname="org.apache.commons.lang3.time.CalendarUtilsTest" time="0.001"/>
  <testcase name="testToLocalDateTime(String)[328]" classname="org.apache.commons.lang3.time.CalendarUtilsTest" time="0.001"/>
  <testcase name="testToLocalDateTime(String)[329]" classname="org.apache.commons.lang3.time.CalendarUtilsTest" time="0.0"/>
  <testcase name="testToLocalDateTime(String)[330]" classname="org.apache.commons.lang3.time.CalendarUtilsTest" time="0.0"/>
  <testcase name="testToLocalDateTime(String)[331]" classname="org.apache.commons.lang3.time.CalendarUtilsTest" time="0.0"/>
  <testcase name="testToLocalDateTime(String)[332]" classname="org.apache.commons.lang3.time.CalendarUtilsTest" time="0.0"/>
  <testcase name="testToLocalDateTime(String)[333]" classname="org.apache.commons.lang3.time.CalendarUtilsTest" time="0.0"/>
  <testcase name="testToLocalDateTime(String)[334]" classname="org.apache.commons.lang3.time.CalendarUtilsTest" time="0.001"/>
  <testcase name="testToLocalDateTime(String)[335]" classname="org.apache.commons.lang3.time.CalendarUtilsTest" time="0.001"/>
  <testcase name="testToLocalDateTime(String)[336]" classname="org.apache.commons.lang3.time.CalendarUtilsTest" time="0.001"/>
  <testcase name="testToLocalDateTime(String)[337]" classname="org.apache.commons.lang3.time.CalendarUtilsTest" time="0.001"/>
  <testcase name="testToLocalDateTime(String)[338]" classname="org.apache.commons.lang3.time.CalendarUtilsTest" time="0.001"/>
  <testcase name="testToLocalDateTime(String)[339]" classname="org.apache.commons.lang3.time.CalendarUtilsTest" time="0.0"/>
  <testcase name="testToLocalDateTime(String)[340]" classname="org.apache.commons.lang3.time.CalendarUtilsTest" time="0.001"/>
  <testcase name="testToLocalDateTime(String)[341]" classname="org.apache.commons.lang3.time.CalendarUtilsTest" time="0.001"/>
  <testcase name="testToLocalDateTime(String)[342]" classname="org.apache.commons.lang3.time.CalendarUtilsTest" time="0.0"/>
  <testcase name="testToLocalDateTime(String)[343]" classname="org.apache.commons.lang3.time.CalendarUtilsTest" time="0.0"/>
  <testcase name="testToLocalDateTime(String)[344]" classname="org.apache.commons.lang3.time.CalendarUtilsTest" time="0.0"/>
  <testcase name="testToLocalDateTime(String)[345]" classname="org.apache.commons.lang3.time.CalendarUtilsTest" time="0.001"/>
  <testcase name="testToLocalDateTime(String)[346]" classname="org.apache.commons.lang3.time.CalendarUtilsTest" time="0.001"/>
  <testcase name="testToLocalDateTime(String)[347]" classname="org.apache.commons.lang3.time.CalendarUtilsTest" time="0.0"/>
  <testcase name="testToLocalDateTime(String)[348]" classname="org.apache.commons.lang3.time.CalendarUtilsTest" time="0.0"/>
  <testcase name="testToLocalDateTime(String)[349]" classname="org.apache.commons.lang3.time.CalendarUtilsTest" time="0.0"/>
  <testcase name="testToLocalDateTime(String)[350]" classname="org.apache.commons.lang3.time.CalendarUtilsTest" time="0.001"/>
  <testcase name="testToLocalDateTime(String)[351]" classname="org.apache.commons.lang3.time.CalendarUtilsTest" time="0.001"/>
  <testcase name="testToLocalDateTime(String)[352]" classname="org.apache.commons.lang3.time.CalendarUtilsTest" time="0.001"/>
  <testcase name="testToLocalDateTime(String)[353]" classname="org.apache.commons.lang3.time.CalendarUtilsTest" time="0.001"/>
  <testcase name="testToLocalDateTime(String)[354]" classname="org.apache.commons.lang3.time.CalendarUtilsTest" time="0.001"/>
  <testcase name="testToLocalDateTime(String)[355]" classname="org.apache.commons.lang3.time.CalendarUtilsTest" time="0.0"/>
  <testcase name="testToLocalDateTime(String)[356]" classname="org.apache.commons.lang3.time.CalendarUtilsTest" time="0.001"/>
  <testcase name="testToLocalDateTime(String)[357]" classname="org.apache.commons.lang3.time.CalendarUtilsTest" time="0.001"/>
  <testcase name="testToLocalDateTime(String)[358]" classname="org.apache.commons.lang3.time.CalendarUtilsTest" time="0.001"/>
  <testcase name="testToLocalDateTime(String)[359]" classname="org.apache.commons.lang3.time.CalendarUtilsTest" time="0.001"/>
  <testcase name="testToLocalDateTime(String)[360]" classname="org.apache.commons.lang3.time.CalendarUtilsTest" time="0.0"/>
  <testcase name="testToLocalDateTime(String)[361]" classname="org.apache.commons.lang3.time.CalendarUtilsTest" time="0.0"/>
  <testcase name="testToLocalDateTime(String)[362]" classname="org.apache.commons.lang3.time.CalendarUtilsTest" time="0.001"/>
  <testcase name="testToLocalDateTime(String)[363]" classname="org.apache.commons.lang3.time.CalendarUtilsTest" time="0.001"/>
  <testcase name="testToLocalDateTime(String)[364]" classname="org.apache.commons.lang3.time.CalendarUtilsTest" time="0.001"/>
  <testcase name="testToLocalDateTime(String)[365]" classname="org.apache.commons.lang3.time.CalendarUtilsTest" time="0.0"/>
  <testcase name="testToLocalDateTime(String)[366]" classname="org.apache.commons.lang3.time.CalendarUtilsTest" time="0.0"/>
  <testcase name="testToLocalDateTime(String)[367]" classname="org.apache.commons.lang3.time.CalendarUtilsTest" time="0.0"/>
  <testcase name="testToLocalDateTime(String)[368]" classname="org.apache.commons.lang3.time.CalendarUtilsTest" time="0.0"/>
  <testcase name="testToLocalDateTime(String)[369]" classname="org.apache.commons.lang3.time.CalendarUtilsTest" time="0.0"/>
  <testcase name="testToLocalDateTime(String)[370]" classname="org.apache.commons.lang3.time.CalendarUtilsTest" time="0.0"/>
  <testcase name="testToLocalDateTime(String)[371]" classname="org.apache.commons.lang3.time.CalendarUtilsTest" time="0.0"/>
  <testcase name="testToLocalDateTime(String)[372]" classname="org.apache.commons.lang3.time.CalendarUtilsTest" time="0.0"/>
  <testcase name="testToLocalDateTime(String)[373]" classname="org.apache.commons.lang3.time.CalendarUtilsTest" time="0.0"/>
  <testcase name="testToLocalDateTime(String)[374]" classname="org.apache.commons.lang3.time.CalendarUtilsTest" time="0.0"/>
  <testcase name="testToLocalDateTime(String)[375]" classname="org.apache.commons.lang3.time.CalendarUtilsTest" time="0.0"/>
  <testcase name="testToLocalDateTime(String)[376]" classname="org.apache.commons.lang3.time.CalendarUtilsTest" time="0.001"/>
  <testcase name="testToLocalDateTime(String)[377]" classname="org.apache.commons.lang3.time.CalendarUtilsTest" time="0.001"/>
  <testcase name="testToLocalDateTime(String)[378]" classname="org.apache.commons.lang3.time.CalendarUtilsTest" time="0.0"/>
  <testcase name="testToLocalDateTime(String)[379]" classname="org.apache.commons.lang3.time.CalendarUtilsTest" time="0.001"/>
  <testcase name="testToLocalDateTime(String)[380]" classname="org.apache.commons.lang3.time.CalendarUtilsTest" time="0.001"/>
  <testcase name="testToLocalDateTime(String)[381]" classname="org.apache.commons.lang3.time.CalendarUtilsTest" time="0.001"/>
  <testcase name="testToLocalDateTime(String)[382]" classname="org.apache.commons.lang3.time.CalendarUtilsTest" time="0.002"/>
  <testcase name="testToLocalDateTime(String)[383]" classname="org.apache.commons.lang3.time.CalendarUtilsTest" time="0.0"/>
  <testcase name="testToLocalDateTime(String)[384]" classname="org.apache.commons.lang3.time.CalendarUtilsTest" time="0.001"/>
  <testcase name="testToLocalDateTime(String)[385]" classname="org.apache.commons.lang3.time.CalendarUtilsTest" time="0.001"/>
  <testcase name="testToLocalDateTime(String)[386]" classname="org.apache.commons.lang3.time.CalendarUtilsTest" time="0.0"/>
  <testcase name="testToLocalDateTime(String)[387]" classname="org.apache.commons.lang3.time.CalendarUtilsTest" time="0.0"/>
  <testcase name="testToLocalDateTime(String)[388]" classname="org.apache.commons.lang3.time.CalendarUtilsTest" time="0.0"/>
  <testcase name="testToLocalDateTime(String)[389]" classname="org.apache.commons.lang3.time.CalendarUtilsTest" time="0.0"/>
  <testcase name="testToLocalDateTime(String)[390]" classname="org.apache.commons.lang3.time.CalendarUtilsTest" time="0.0"/>
  <testcase name="testToLocalDateTime(String)[391]" classname="org.apache.commons.lang3.time.CalendarUtilsTest" time="0.0"/>
  <testcase name="testToLocalDateTime(String)[392]" classname="org.apache.commons.lang3.time.CalendarUtilsTest" time="0.0"/>
  <testcase name="testToLocalDateTime(String)[393]" classname="org.apache.commons.lang3.time.CalendarUtilsTest" time="0.0"/>
  <testcase name="testToLocalDateTime(String)[394]" classname="org.apache.commons.lang3.time.CalendarUtilsTest" time="0.001"/>
  <testcase name="testToLocalDateTime(String)[395]" classname="org.apache.commons.lang3.time.CalendarUtilsTest" time="0.001"/>
  <testcase name="testToLocalDateTime(String)[396]" classname="org.apache.commons.lang3.time.CalendarUtilsTest" time="0.0"/>
  <testcase name="testToLocalDateTime(String)[397]" classname="org.apache.commons.lang3.time.CalendarUtilsTest" time="0.0"/>
  <testcase name="testToLocalDateTime(String)[398]" classname="org.apache.commons.lang3.time.CalendarUtilsTest" time="0.0"/>
  <testcase name="testToLocalDateTime(String)[399]" classname="org.apache.commons.lang3.time.CalendarUtilsTest" time="0.0"/>
  <testcase name="testToLocalDateTime(String)[400]" classname="org.apache.commons.lang3.time.CalendarUtilsTest" time="0.0"/>
  <testcase name="testToLocalDateTime(String)[401]" classname="org.apache.commons.lang3.time.CalendarUtilsTest" time="0.001"/>
  <testcase name="testToLocalDateTime(String)[402]" classname="org.apache.commons.lang3.time.CalendarUtilsTest" time="0.001"/>
  <testcase name="testToLocalDateTime(String)[403]" classname="org.apache.commons.lang3.time.CalendarUtilsTest" time="0.0"/>
  <testcase name="testToLocalDateTime(String)[404]" classname="org.apache.commons.lang3.time.CalendarUtilsTest" time="0.001"/>
  <testcase name="testToLocalDateTime(String)[405]" classname="org.apache.commons.lang3.time.CalendarUtilsTest" time="0.0"/>
  <testcase name="testToLocalDateTime(String)[406]" classname="org.apache.commons.lang3.time.CalendarUtilsTest" time="0.0"/>
  <testcase name="testToLocalDateTime(String)[407]" classname="org.apache.commons.lang3.time.CalendarUtilsTest" time="0.0"/>
  <testcase name="testToLocalDateTime(String)[408]" classname="org.apache.commons.lang3.time.CalendarUtilsTest" time="0.001"/>
  <testcase name="testToLocalDateTime(String)[409]" classname="org.apache.commons.lang3.time.CalendarUtilsTest" time="0.001"/>
  <testcase name="testToLocalDateTime(String)[410]" classname="org.apache.commons.lang3.time.CalendarUtilsTest" time="0.0"/>
  <testcase name="testToLocalDateTime(String)[411]" classname="org.apache.commons.lang3.time.CalendarUtilsTest" time="0.0"/>
  <testcase name="testToLocalDateTime(String)[412]" classname="org.apache.commons.lang3.time.CalendarUtilsTest" time="0.0"/>
  <testcase name="testToLocalDateTime(String)[413]" classname="org.apache.commons.lang3.time.CalendarUtilsTest" time="0.001"/>
  <testcase name="testToLocalDateTime(String)[414]" classname="org.apache.commons.lang3.time.CalendarUtilsTest" time="0.0"/>
  <testcase name="testToLocalDateTime(String)[415]" classname="org.apache.commons.lang3.time.CalendarUtilsTest" time="0.0"/>
  <testcase name="testToLocalDateTime(String)[416]" classname="org.apache.commons.lang3.time.CalendarUtilsTest" time="0.0"/>
  <testcase name="testToLocalDateTime(String)[417]" classname="org.apache.commons.lang3.time.CalendarUtilsTest" time="0.0"/>
  <testcase name="testToLocalDateTime(String)[418]" classname="org.apache.commons.lang3.time.CalendarUtilsTest" time="0.0"/>
  <testcase name="testToLocalDateTime(String)[419]" classname="org.apache.commons.lang3.time.CalendarUtilsTest" time="0.0"/>
  <testcase name="testToLocalDateTime(String)[420]" classname="org.apache.commons.lang3.time.CalendarUtilsTest" time="0.001"/>
  <testcase name="testToLocalDateTime(String)[421]" classname="org.apache.commons.lang3.time.CalendarUtilsTest" time="0.001"/>
  <testcase name="testToLocalDateTime(String)[422]" classname="org.apache.commons.lang3.time.CalendarUtilsTest" time="0.001"/>
  <testcase name="testToLocalDateTime(String)[423]" classname="org.apache.commons.lang3.time.CalendarUtilsTest" time="0.001"/>
  <testcase name="testToLocalDateTime(String)[424]" classname="org.apache.commons.lang3.time.CalendarUtilsTest" time="0.001"/>
  <testcase name="testToLocalDateTime(String)[425]" classname="org.apache.commons.lang3.time.CalendarUtilsTest" time="0.001"/>
  <testcase name="testToLocalDateTime(String)[426]" classname="org.apache.commons.lang3.time.CalendarUtilsTest" time="0.001"/>
  <testcase name="testToLocalDateTime(String)[427]" classname="org.apache.commons.lang3.time.CalendarUtilsTest" time="0.0"/>
  <testcase name="testToLocalDateTime(String)[428]" classname="org.apache.commons.lang3.time.CalendarUtilsTest" time="0.0"/>
  <testcase name="testToLocalDateTime(String)[429]" classname="org.apache.commons.lang3.time.CalendarUtilsTest" time="0.0"/>
  <testcase name="testToLocalDateTime(String)[430]" classname="org.apache.commons.lang3.time.CalendarUtilsTest" time="0.0"/>
  <testcase name="testToLocalDateTime(String)[431]" classname="org.apache.commons.lang3.time.CalendarUtilsTest" time="0.001"/>
  <testcase name="testToLocalDateTime(String)[432]" classname="org.apache.commons.lang3.time.CalendarUtilsTest" time="0.001"/>
  <testcase name="testToLocalDateTime(String)[433]" classname="org.apache.commons.lang3.time.CalendarUtilsTest" time="0.001"/>
  <testcase name="testToLocalDateTime(String)[434]" classname="org.apache.commons.lang3.time.CalendarUtilsTest" time="0.001"/>
  <testcase name="testToLocalDateTime(String)[435]" classname="org.apache.commons.lang3.time.CalendarUtilsTest" time="0.0"/>
  <testcase name="testToLocalDateTime(String)[436]" classname="org.apache.commons.lang3.time.CalendarUtilsTest" time="0.0"/>
  <testcase name="testToLocalDateTime(String)[437]" classname="org.apache.commons.lang3.time.CalendarUtilsTest" time="0.0"/>
  <testcase name="testToLocalDateTime(String)[438]" classname="org.apache.commons.lang3.time.CalendarUtilsTest" time="0.0"/>
  <testcase name="testToLocalDateTime(String)[439]" classname="org.apache.commons.lang3.time.CalendarUtilsTest" time="0.001"/>
  <testcase name="testToLocalDateTime(String)[440]" classname="org.apache.commons.lang3.time.CalendarUtilsTest" time="0.001"/>
  <testcase name="testToLocalDateTime(String)[441]" classname="org.apache.commons.lang3.time.CalendarUtilsTest" time="0.0"/>
  <testcase name="testToLocalDateTime(String)[442]" classname="org.apache.commons.lang3.time.CalendarUtilsTest" time="0.001"/>
  <testcase name="testToLocalDateTime(String)[443]" classname="org.apache.commons.lang3.time.CalendarUtilsTest" time="0.001"/>
  <testcase name="testToLocalDateTime(String)[444]" classname="org.apache.commons.lang3.time.CalendarUtilsTest" time="0.001"/>
  <testcase name="testToLocalDateTime(String)[445]" classname="org.apache.commons.lang3.time.CalendarUtilsTest" time="0.001"/>
  <testcase name="testToLocalDateTime(String)[446]" classname="org.apache.commons.lang3.time.CalendarUtilsTest" time="0.001"/>
  <testcase name="testToLocalDateTime(String)[447]" classname="org.apache.commons.lang3.time.CalendarUtilsTest" time="0.0"/>
  <testcase name="testToLocalDateTime(String)[448]" classname="org.apache.commons.lang3.time.CalendarUtilsTest" time="0.0"/>
  <testcase name="testToLocalDateTime(String)[449]" classname="org.apache.commons.lang3.time.CalendarUtilsTest" time="0.0"/>
  <testcase name="testToLocalDateTime(String)[450]" classname="org.apache.commons.lang3.time.CalendarUtilsTest" time="0.0"/>
  <testcase name="testToLocalDateTime(String)[451]" classname="org.apache.commons.lang3.time.CalendarUtilsTest" time="0.0"/>
  <testcase name="testToLocalDateTime(String)[452]" classname="org.apache.commons.lang3.time.CalendarUtilsTest" time="0.0"/>
  <testcase name="testToLocalDateTime(String)[453]" classname="org.apache.commons.lang3.time.CalendarUtilsTest" time="0.0"/>
  <testcase name="testToLocalDateTime(String)[454]" classname="org.apache.commons.lang3.time.CalendarUtilsTest" time="0.001"/>
  <testcase name="testToLocalDateTime(String)[455]" classname="org.apache.commons.lang3.time.CalendarUtilsTest" time="0.001"/>
  <testcase name="testToLocalDateTime(String)[456]" classname="org.apache.commons.lang3.time.CalendarUtilsTest" time="0.0"/>
  <testcase name="testToLocalDateTime(String)[457]" classname="org.apache.commons.lang3.time.CalendarUtilsTest" time="0.001"/>
  <testcase name="testToLocalDateTime(String)[458]" classname="org.apache.commons.lang3.time.CalendarUtilsTest" time="0.001"/>
  <testcase name="testToLocalDateTime(String)[459]" classname="org.apache.commons.lang3.time.CalendarUtilsTest" time="0.001"/>
  <testcase name="testToLocalDateTime(String)[460]" classname="org.apache.commons.lang3.time.CalendarUtilsTest" time="0.0"/>
  <testcase name="testToLocalDateTime(String)[461]" classname="org.apache.commons.lang3.time.CalendarUtilsTest" time="0.0"/>
  <testcase name="testToLocalDateTime(String)[462]" classname="org.apache.commons.lang3.time.CalendarUtilsTest" time="0.0"/>
  <testcase name="testToLocalDateTime(String)[463]" classname="org.apache.commons.lang3.time.CalendarUtilsTest" time="0.0"/>
  <testcase name="testToLocalDateTime(String)[464]" classname="org.apache.commons.lang3.time.CalendarUtilsTest" time="0.001"/>
  <testcase name="testToLocalDateTime(String)[465]" classname="org.apache.commons.lang3.time.CalendarUtilsTest" time="0.0"/>
  <testcase name="testToLocalDateTime(String)[466]" classname="org.apache.commons.lang3.time.CalendarUtilsTest" time="0.0"/>
  <testcase name="testToLocalDateTime(String)[467]" classname="org.apache.commons.lang3.time.CalendarUtilsTest" time="0.0"/>
  <testcase name="testToLocalDateTime(String)[468]" classname="org.apache.commons.lang3.time.CalendarUtilsTest" time="0.001"/>
  <testcase name="testToLocalDateTime(String)[469]" classname="org.apache.commons.lang3.time.CalendarUtilsTest" time="0.0"/>
  <testcase name="testToLocalDateTime(String)[470]" classname="org.apache.commons.lang3.time.CalendarUtilsTest" time="0.0"/>
  <testcase name="testToLocalDateTime(String)[471]" classname="org.apache.commons.lang3.time.CalendarUtilsTest" time="0.0"/>
  <testcase name="testToLocalDateTime(String)[472]" classname="org.apache.commons.lang3.time.CalendarUtilsTest" time="0.001"/>
  <testcase name="testToLocalDateTime(String)[473]" classname="org.apache.commons.lang3.time.CalendarUtilsTest" time="0.001"/>
  <testcase name="testToLocalDateTime(String)[474]" classname="org.apache.commons.lang3.time.CalendarUtilsTest" time="0.001"/>
  <testcase name="testToLocalDateTime(String)[475]" classname="org.apache.commons.lang3.time.CalendarUtilsTest" time="0.001"/>
  <testcase name="testToLocalDateTime(String)[476]" classname="org.apache.commons.lang3.time.CalendarUtilsTest" time="0.0"/>
  <testcase name="testToLocalDateTime(String)[477]" classname="org.apache.commons.lang3.time.CalendarUtilsTest" time="0.0"/>
  <testcase name="testToLocalDateTime(String)[478]" classname="org.apache.commons.lang3.time.CalendarUtilsTest" time="0.0"/>
  <testcase name="testToLocalDateTime(String)[479]" classname="org.apache.commons.lang3.time.CalendarUtilsTest" time="0.0"/>
  <testcase name="testToLocalDateTime(String)[480]" classname="org.apache.commons.lang3.time.CalendarUtilsTest" time="0.001"/>
  <testcase name="testToLocalDateTime(String)[481]" classname="org.apache.commons.lang3.time.CalendarUtilsTest" time="0.001"/>
  <testcase name="testToLocalDateTime(String)[482]" classname="org.apache.commons.lang3.time.CalendarUtilsTest" time="0.0"/>
  <testcase name="testToLocalDateTime(String)[483]" classname="org.apache.commons.lang3.time.CalendarUtilsTest" time="0.0"/>
  <testcase name="testToLocalDateTime(String)[484]" classname="org.apache.commons.lang3.time.CalendarUtilsTest" time="0.0"/>
  <testcase name="testToLocalDateTime(String)[485]" classname="org.apache.commons.lang3.time.CalendarUtilsTest" time="0.001"/>
  <testcase name="testToLocalDateTime(String)[486]" classname="org.apache.commons.lang3.time.CalendarUtilsTest" time="0.0"/>
  <testcase name="testToLocalDateTime(String)[487]" classname="org.apache.commons.lang3.time.CalendarUtilsTest" time="0.0"/>
  <testcase name="testToLocalDateTime(String)[488]" classname="org.apache.commons.lang3.time.CalendarUtilsTest" time="0.001"/>
  <testcase name="testToLocalDateTime(String)[489]" classname="org.apache.commons.lang3.time.CalendarUtilsTest" time="0.0"/>
  <testcase name="testToLocalDateTime(String)[490]" classname="org.apache.commons.lang3.time.CalendarUtilsTest" time="0.0"/>
  <testcase name="testToLocalDateTime(String)[491]" classname="org.apache.commons.lang3.time.CalendarUtilsTest" time="0.0"/>
  <testcase name="testToLocalDateTime(String)[492]" classname="org.apache.commons.lang3.time.CalendarUtilsTest" time="0.001"/>
  <testcase name="testToLocalDateTime(String)[493]" classname="org.apache.commons.lang3.time.CalendarUtilsTest" time="0.001"/>
  <testcase name="testToLocalDateTime(String)[494]" classname="org.apache.commons.lang3.time.CalendarUtilsTest" time="0.002"/>
  <testcase name="testToLocalDateTime(String)[495]" classname="org.apache.commons.lang3.time.CalendarUtilsTest" time="0.001"/>
  <testcase name="testToLocalDateTime(String)[496]" classname="org.apache.commons.lang3.time.CalendarUtilsTest" time="0.001"/>
  <testcase name="testToLocalDateTime(String)[497]" classname="org.apache.commons.lang3.time.CalendarUtilsTest" time="0.001"/>
  <testcase name="testToLocalDateTime(String)[498]" classname="org.apache.commons.lang3.time.CalendarUtilsTest" time="0.001"/>
  <testcase name="testToLocalDateTime(String)[499]" classname="org.apache.commons.lang3.time.CalendarUtilsTest" time="0.0"/>
  <testcase name="testToLocalDateTime(String)[500]" classname="org.apache.commons.lang3.time.CalendarUtilsTest" time="0.0"/>
  <testcase name="testToLocalDateTime(String)[501]" classname="org.apache.commons.lang3.time.CalendarUtilsTest" time="0.0"/>
  <testcase name="testToLocalDateTime(String)[502]" classname="org.apache.commons.lang3.time.CalendarUtilsTest" time="0.0"/>
  <testcase name="testToLocalDateTime(String)[503]" classname="org.apache.commons.lang3.time.CalendarUtilsTest" time="0.0"/>
  <testcase name="testToLocalDateTime(String)[504]" classname="org.apache.commons.lang3.time.CalendarUtilsTest" time="0.0"/>
  <testcase name="testToLocalDateTime(String)[505]" classname="org.apache.commons.lang3.time.CalendarUtilsTest" time="0.002"/>
  <testcase name="testToLocalDateTime(String)[506]" classname="org.apache.commons.lang3.time.CalendarUtilsTest" time="0.001"/>
  <testcase name="testToLocalDateTime(String)[507]" classname="org.apache.commons.lang3.time.CalendarUtilsTest" time="0.001"/>
  <testcase name="testToLocalDateTime(String)[508]" classname="org.apache.commons.lang3.time.CalendarUtilsTest" time="0.001"/>
  <testcase name="testToLocalDateTime(String)[509]" classname="org.apache.commons.lang3.time.CalendarUtilsTest" time="0.0"/>
  <testcase name="testToLocalDateTime(String)[510]" classname="org.apache.commons.lang3.time.CalendarUtilsTest" time="0.001"/>
  <testcase name="testToLocalDateTime(String)[511]" classname="org.apache.commons.lang3.time.CalendarUtilsTest" time="0.0"/>
  <testcase name="testToLocalDateTime(String)[512]" classname="org.apache.commons.lang3.time.CalendarUtilsTest" time="0.0"/>
  <testcase name="testToLocalDateTime(String)[513]" classname="org.apache.commons.lang3.time.CalendarUtilsTest" time="0.0"/>
  <testcase name="testToLocalDateTime(String)[514]" classname="org.apache.commons.lang3.time.CalendarUtilsTest" time="0.001"/>
  <testcase name="testToLocalDateTime(String)[515]" classname="org.apache.commons.lang3.time.CalendarUtilsTest" time="0.001"/>
  <testcase name="testToLocalDateTime(String)[516]" classname="org.apache.commons.lang3.time.CalendarUtilsTest" time="0.001"/>
  <testcase name="testToLocalDateTime(String)[517]" classname="org.apache.commons.lang3.time.CalendarUtilsTest" time="0.0"/>
  <testcase name="testToLocalDateTime(String)[518]" classname="org.apache.commons.lang3.time.CalendarUtilsTest" time="0.0"/>
  <testcase name="testToLocalDateTime(String)[519]" classname="org.apache.commons.lang3.time.CalendarUtilsTest" time="0.0"/>
  <testcase name="testToLocalDateTime(String)[520]" classname="org.apache.commons.lang3.time.CalendarUtilsTest" time="0.0"/>
  <testcase name="testToLocalDateTime(String)[521]" classname="org.apache.commons.lang3.time.CalendarUtilsTest" time="0.0"/>
  <testcase name="testToLocalDateTime(String)[522]" classname="org.apache.commons.lang3.time.CalendarUtilsTest" time="0.001"/>
  <testcase name="testToLocalDateTime(String)[523]" classname="org.apache.commons.lang3.time.CalendarUtilsTest" time="0.001"/>
  <testcase name="testToLocalDateTime(String)[524]" classname="org.apache.commons.lang3.time.CalendarUtilsTest" time="0.001"/>
  <testcase name="testToLocalDateTime(String)[525]" classname="org.apache.commons.lang3.time.CalendarUtilsTest" time="0.0"/>
  <testcase name="testToLocalDateTime(String)[526]" classname="org.apache.commons.lang3.time.CalendarUtilsTest" time="0.0"/>
  <testcase name="testToLocalDateTime(String)[527]" classname="org.apache.commons.lang3.time.CalendarUtilsTest" time="0.0"/>
  <testcase name="testToLocalDateTime(String)[528]" classname="org.apache.commons.lang3.time.CalendarUtilsTest" time="0.019"/>
  <testcase name="testToLocalDateTime(String)[529]" classname="org.apache.commons.lang3.time.CalendarUtilsTest" time="0.0"/>
  <testcase name="testToLocalDateTime(String)[530]" classname="org.apache.commons.lang3.time.CalendarUtilsTest" time="0.001"/>
  <testcase name="testToLocalDateTime(String)[531]" classname="org.apache.commons.lang3.time.CalendarUtilsTest" time="0.005"/>
  <testcase name="testToLocalDateTime(String)[532]" classname="org.apache.commons.lang3.time.CalendarUtilsTest" time="0.0"/>
  <testcase name="testToLocalDateTime(String)[533]" classname="org.apache.commons.lang3.time.CalendarUtilsTest" time="0.0"/>
  <testcase name="testToLocalDateTime(String)[534]" classname="org.apache.commons.lang3.time.CalendarUtilsTest" time="0.0"/>
  <testcase name="testToLocalDateTime(String)[535]" classname="org.apache.commons.lang3.time.CalendarUtilsTest" time="0.001"/>
  <testcase name="testToLocalDateTime(String)[536]" classname="org.apache.commons.lang3.time.CalendarUtilsTest" time="0.0"/>
  <testcase name="testToLocalDateTime(String)[537]" classname="org.apache.commons.lang3.time.CalendarUtilsTest" time="0.0"/>
  <testcase name="testToLocalDateTime(String)[538]" classname="org.apache.commons.lang3.time.CalendarUtilsTest" time="0.0"/>
  <testcase name="testToLocalDateTime(String)[539]" classname="org.apache.commons.lang3.time.CalendarUtilsTest" time="0.001"/>
  <testcase name="testToLocalDateTime(String)[540]" classname="org.apache.commons.lang3.time.CalendarUtilsTest" time="0.001"/>
  <testcase name="testToLocalDateTime(String)[541]" classname="org.apache.commons.lang3.time.CalendarUtilsTest" time="0.0"/>
  <testcase name="testToLocalDateTime(String)[542]" classname="org.apache.commons.lang3.time.CalendarUtilsTest" time="0.0"/>
  <testcase name="testToLocalDateTime(String)[543]" classname="org.apache.commons.lang3.time.CalendarUtilsTest" time="0.0"/>
  <testcase name="testToLocalDateTime(String)[544]" classname="org.apache.commons.lang3.time.CalendarUtilsTest" time="0.0"/>
  <testcase name="testToLocalDateTime(String)[545]" classname="org.apache.commons.lang3.time.CalendarUtilsTest" time="0.0"/>
  <testcase name="testToLocalDateTime(String)[546]" classname="org.apache.commons.lang3.time.CalendarUtilsTest" time="0.001"/>
  <testcase name="testToLocalDateTime(String)[547]" classname="org.apache.commons.lang3.time.CalendarUtilsTest" time="0.001"/>
  <testcase name="testToLocalDateTime(String)[548]" classname="org.apache.commons.lang3.time.CalendarUtilsTest" time="0.001"/>
  <testcase name="testToLocalDateTime(String)[549]" classname="org.apache.commons.lang3.time.CalendarUtilsTest" time="0.001"/>
  <testcase name="testToLocalDateTime(String)[550]" classname="org.apache.commons.lang3.time.CalendarUtilsTest" time="0.001"/>
  <testcase name="testToLocalDateTime(String)[551]" classname="org.apache.commons.lang3.time.CalendarUtilsTest" time="0.001"/>
  <testcase name="testToLocalDateTime(String)[552]" classname="org.apache.commons.lang3.time.CalendarUtilsTest" time="0.0"/>
  <testcase name="testToLocalDateTime(String)[553]" classname="org.apache.commons.lang3.time.CalendarUtilsTest" time="0.001"/>
  <testcase name="testToLocalDateTime(String)[554]" classname="org.apache.commons.lang3.time.CalendarUtilsTest" time="0.001"/>
  <testcase name="testToLocalDateTime(String)[555]" classname="org.apache.commons.lang3.time.CalendarUtilsTest" time="0.001"/>
  <testcase name="testToLocalDateTime(String)[556]" classname="org.apache.commons.lang3.time.CalendarUtilsTest" time="0.0"/>
  <testcase name="testToLocalDateTime(String)[557]" classname="org.apache.commons.lang3.time.CalendarUtilsTest" time="0.0"/>
  <testcase name="testToLocalDateTime(String)[558]" classname="org.apache.commons.lang3.time.CalendarUtilsTest" time="0.0"/>
  <testcase name="testToLocalDateTime(String)[559]" classname="org.apache.commons.lang3.time.CalendarUtilsTest" time="0.001"/>
  <testcase name="testToLocalDateTime(String)[560]" classname="org.apache.commons.lang3.time.CalendarUtilsTest" time="0.001"/>
  <testcase name="testToLocalDateTime(String)[561]" classname="org.apache.commons.lang3.time.CalendarUtilsTest" time="0.001"/>
  <testcase name="testToLocalDateTime(String)[562]" classname="org.apache.commons.lang3.time.CalendarUtilsTest" time="0.0"/>
  <testcase name="testToLocalDateTime(String)[563]" classname="org.apache.commons.lang3.time.CalendarUtilsTest" time="0.0"/>
  <testcase name="testToLocalDateTime(String)[564]" classname="org.apache.commons.lang3.time.CalendarUtilsTest" time="0.0"/>
  <testcase name="testToLocalDateTime(String)[565]" classname="org.apache.commons.lang3.time.CalendarUtilsTest" time="0.0"/>
  <testcase name="testToLocalDateTime(String)[566]" classname="org.apache.commons.lang3.time.CalendarUtilsTest" time="0.0"/>
  <testcase name="testToLocalDateTime(String)[567]" classname="org.apache.commons.lang3.time.CalendarUtilsTest" time="0.0"/>
  <testcase name="testToLocalDateTime(String)[568]" classname="org.apache.commons.lang3.time.CalendarUtilsTest" time="0.0"/>
  <testcase name="testToLocalDateTime(String)[569]" classname="org.apache.commons.lang3.time.CalendarUtilsTest" time="0.0"/>
  <testcase name="testToLocalDateTime(String)[570]" classname="org.apache.commons.lang3.time.CalendarUtilsTest" time="0.0"/>
  <testcase name="testToLocalDateTime(String)[571]" classname="org.apache.commons.lang3.time.CalendarUtilsTest" time="0.001"/>
  <testcase name="testToLocalDateTime(String)[572]" classname="org.apache.commons.lang3.time.CalendarUtilsTest" time="0.001"/>
  <testcase name="testToLocalDateTime(String)[573]" classname="org.apache.commons.lang3.time.CalendarUtilsTest" time="0.001"/>
  <testcase name="testToLocalDateTime(String)[574]" classname="org.apache.commons.lang3.time.CalendarUtilsTest" time="0.001"/>
  <testcase name="testToLocalDateTime(String)[575]" classname="org.apache.commons.lang3.time.CalendarUtilsTest" time="0.001"/>
  <testcase name="testToLocalDateTime(String)[576]" classname="org.apache.commons.lang3.time.CalendarUtilsTest" time="0.001"/>
  <testcase name="testToLocalDateTime(String)[577]" classname="org.apache.commons.lang3.time.CalendarUtilsTest" time="0.0"/>
  <testcase name="testToLocalDateTime(String)[578]" classname="org.apache.commons.lang3.time.CalendarUtilsTest" time="0.0"/>
  <testcase name="testToLocalDateTime(String)[579]" classname="org.apache.commons.lang3.time.CalendarUtilsTest" time="0.0"/>
  <testcase name="testToLocalDateTime(String)[580]" classname="org.apache.commons.lang3.time.CalendarUtilsTest" time="0.0"/>
  <testcase name="testToLocalDateTime(String)[581]" classname="org.apache.commons.lang3.time.CalendarUtilsTest" time="0.0"/>
  <testcase name="testToLocalDateTime(String)[582]" classname="org.apache.commons.lang3.time.CalendarUtilsTest" time="0.0"/>
  <testcase name="testToLocalDateTime(String)[583]" classname="org.apache.commons.lang3.time.CalendarUtilsTest" time="0.0"/>
  <testcase name="testToLocalDateTime(String)[584]" classname="org.apache.commons.lang3.time.CalendarUtilsTest" time="0.0"/>
  <testcase name="testToLocalDateTime(String)[585]" classname="org.apache.commons.lang3.time.CalendarUtilsTest" time="0.001"/>
  <testcase name="testToLocalDateTime(String)[586]" classname="org.apache.commons.lang3.time.CalendarUtilsTest" time="0.001"/>
  <testcase name="testToLocalDateTime(String)[587]" classname="org.apache.commons.lang3.time.CalendarUtilsTest" time="0.001"/>
  <testcase name="testToLocalDateTime(String)[588]" classname="org.apache.commons.lang3.time.CalendarUtilsTest" time="0.0"/>
  <testcase name="testToLocalDateTime(String)[589]" classname="org.apache.commons.lang3.time.CalendarUtilsTest" time="0.0"/>
  <testcase name="testToLocalDateTime(String)[590]" classname="org.apache.commons.lang3.time.CalendarUtilsTest" time="0.0"/>
  <testcase name="testToLocalDateTime(String)[591]" classname="org.apache.commons.lang3.time.CalendarUtilsTest" time="0.0"/>
  <testcase name="testToLocalDateTime(String)[592]" classname="org.apache.commons.lang3.time.CalendarUtilsTest" time="0.001"/>
  <testcase name="testToLocalDateTime(String)[593]" classname="org.apache.commons.lang3.time.CalendarUtilsTest" time="0.001"/>
  <testcase name="testToLocalDateTime(String)[594]" classname="org.apache.commons.lang3.time.CalendarUtilsTest" time="0.0"/>
  <testcase name="testToLocalDateTime(String)[595]" classname="org.apache.commons.lang3.time.CalendarUtilsTest" time="0.0"/>
  <testcase name="testToLocalDateTime(String)[596]" classname="org.apache.commons.lang3.time.CalendarUtilsTest" time="0.0"/>
  <testcase name="testToLocalDateTime(String)[597]" classname="org.apache.commons.lang3.time.CalendarUtilsTest" time="0.001"/>
  <testcase name="testToLocalDateTime(String)[598]" classname="org.apache.commons.lang3.time.CalendarUtilsTest" time="0.0"/>
  <testcase name="testToLocalDateTime(String)[599]" classname="org.apache.commons.lang3.time.CalendarUtilsTest" time="0.0"/>
  <testcase name="testToLocalDateTime(String)[600]" classname="org.apache.commons.lang3.time.CalendarUtilsTest" time="0.0"/>
  <testcase name="testToLocalDateTime(String)[601]" classname="org.apache.commons.lang3.time.CalendarUtilsTest" time="0.001"/>
  <testcase name="testToLocalDateTime(String)[602]" classname="org.apache.commons.lang3.time.CalendarUtilsTest" time="0.001"/>
  <testcase name="testToLocalDateTime(String)[603]" classname="org.apache.commons.lang3.time.CalendarUtilsTest" time="0.0"/>
  <testcase name="testToLocalDateTime(String)[604]" classname="org.apache.commons.lang3.time.CalendarUtilsTest" time="0.0"/>
  <testcase name="testToLocalDateTime(String)[605]" classname="org.apache.commons.lang3.time.CalendarUtilsTest" time="0.0"/>
  <testcase name="testToLocalDateTime(String)[606]" classname="org.apache.commons.lang3.time.CalendarUtilsTest" time="0.001"/>
  <testcase name="testToLocalDateTime(String)[607]" classname="org.apache.commons.lang3.time.CalendarUtilsTest" time="0.0"/>
  <testcase name="testToLocalDateTime(String)[608]" classname="org.apache.commons.lang3.time.CalendarUtilsTest" time="0.001"/>
  <testcase name="testToLocalDateTime(String)[609]" classname="org.apache.commons.lang3.time.CalendarUtilsTest" time="0.001"/>
  <testcase name="testToLocalDateTime(String)[610]" classname="org.apache.commons.lang3.time.CalendarUtilsTest" time="0.0"/>
  <testcase name="testToLocalDateTime(String)[611]" classname="org.apache.commons.lang3.time.CalendarUtilsTest" time="0.0"/>
  <testcase name="testToLocalDateTime(String)[612]" classname="org.apache.commons.lang3.time.CalendarUtilsTest" time="0.0"/>
  <testcase name="testToLocalDateTime(String)[613]" classname="org.apache.commons.lang3.time.CalendarUtilsTest" time="0.0"/>
  <testcase name="testToLocalDateTime(String)[614]" classname="org.apache.commons.lang3.time.CalendarUtilsTest" time="0.0"/>
  <testcase name="testToLocalDateTime(String)[615]" classname="org.apache.commons.lang3.time.CalendarUtilsTest" time="0.0"/>
  <testcase name="testToLocalDateTime(String)[616]" classname="org.apache.commons.lang3.time.CalendarUtilsTest" time="0.0"/>
  <testcase name="testToLocalDateTime(String)[617]" classname="org.apache.commons.lang3.time.CalendarUtilsTest" time="0.001"/>
  <testcase name="testToLocalDateTime(String)[618]" classname="org.apache.commons.lang3.time.CalendarUtilsTest" time="0.001"/>
  <testcase name="testToLocalDateTime(String)[619]" classname="org.apache.commons.lang3.time.CalendarUtilsTest" time="0.001"/>
  <testcase name="testToLocalDateTime(String)[620]" classname="org.apache.commons.lang3.time.CalendarUtilsTest" time="0.001"/>
  <testcase name="testToLocalDateTime(String)[621]" classname="org.apache.commons.lang3.time.CalendarUtilsTest" time="0.001"/>
  <testcase name="testToLocalDateTime(String)[622]" classname="org.apache.commons.lang3.time.CalendarUtilsTest" time="0.0"/>
  <testcase name="testToLocalDateTime(String)[623]" classname="org.apache.commons.lang3.time.CalendarUtilsTest" time="0.0"/>
  <testcase name="testToLocalDateTime(String)[624]" classname="org.apache.commons.lang3.time.CalendarUtilsTest" time="0.0"/>
  <testcase name="testToLocalDateTime(String)[625]" classname="org.apache.commons.lang3.time.CalendarUtilsTest" time="0.0"/>
  <testcase name="testToLocalDateTime(String)[626]" classname="org.apache.commons.lang3.time.CalendarUtilsTest" time="0.0"/>
  <testcase name="testToLocalDateTime(String)[627]" classname="org.apache.commons.lang3.time.CalendarUtilsTest" time="0.0"/>
  <testcase name="testToLocalDateTime(String)[628]" classname="org.apache.commons.lang3.time.CalendarUtilsTest" time="0.0"/>
  <testcase name="testToLocalDateTime(String)[629]" classname="org.apache.commons.lang3.time.CalendarUtilsTest" time="0.001"/>
  <testcase name="testToLocalDateTime(String)[630]" classname="org.apache.commons.lang3.time.CalendarUtilsTest" time="0.001"/>
  <testcase name="testToLocalDateTime(String)[631]" classname="org.apache.commons.lang3.time.CalendarUtilsTest" time="0.0"/>
  <testcase name="testGetYear" classname="org.apache.commons.lang3.time.CalendarUtilsTest" time="0.0"/>
  <testcase name="testGetDayOfYear" classname="org.apache.commons.lang3.time.CalendarUtilsTest" time="0.0"/>
  <testcase name="testGetDayOfMonth" classname="org.apache.commons.lang3.time.CalendarUtilsTest" time="0.001"/>
  <testcase name="testGetStandaloneLongMonthNames" classname="org.apache.commons.lang3.time.CalendarUtilsTest" time="0.0"/>
</testsuite>