<?xml version="1.0" encoding="UTF-8"?>
<testsuite xmlns:xsi="http://www.w3.org/2001/XMLSchema-instance" xsi:noNamespaceSchemaLocation="https://maven.apache.org/surefire/maven-surefire-plugin/xsd/surefire-test-report.xsd" version="3.0.2" name="org.apache.commons.lang3.time.FastDatePrinterTimeZonesTest" time="1.262" tests="631" errors="0" skipped="0" failures="0">
  <properties>
    <property name="java.specification.version" value="21"/>
    <property name="sun.cpu.isalist" value="amd64"/>
    <property name="sun.jnu.encoding" value="Cp1253"/>
    <property name="java.class.path" value="C:\Users\user\Code_generation_LLMs\AutoTestLab\packages\commons-lang3-3.17.0-src\target\test-classes;C:\Users\user\Code_generation_LLMs\AutoTestLab\packages\commons-lang3-3.17.0-src\target\classes;C:\Users\user\.m2\repository\org\junit\jupiter\junit-jupiter\5.11.0\junit-jupiter-5.11.0.jar;C:\Users\user\.m2\repository\org\junit\jupiter\junit-jupiter-api\5.11.0\junit-jupiter-api-5.11.0.jar;C:\Users\user\.m2\repository\org\opentest4j\opentest4j\1.3.0\opentest4j-1.3.0.jar;C:\Users\user\.m2\repository\org\junit\platform\junit-platform-commons\1.11.0\junit-platform-commons-1.11.0.jar;C:\Users\user\.m2\repository\org\apiguardian\apiguardian-api\1.1.2\apiguardian-api-1.1.2.jar;C:\Users\user\.m2\repository\org\junit\jupiter\junit-jupiter-params\5.11.0\junit-jupiter-params-5.11.0.jar;C:\Users\user\.m2\repository\org\junit\jupiter\junit-jupiter-engine\5.11.0\junit-jupiter-engine-5.11.0.jar;C:\Users\user\.m2\repository\org\junit\platform\junit-platform-engine\1.11.0\junit-platform-engine-1.11.0.jar;C:\Users\user\.m2\repository\org\junit-pioneer\junit-pioneer\1.9.1\junit-pioneer-1.9.1.jar;C:\Users\user\.m2\repository\org\junit\platform\junit-platform-launcher\1.11.0\junit-platform-launcher-1.11.0.jar;C:\Users\user\.m2\repository\org\hamcrest\hamcrest\3.0\hamcrest-3.0.jar;C:\Users\user\.m2\repository\org\easymock\easymock\5.4.0\easymock-5.4.0.jar;C:\Users\user\.m2\repository\net\bytebuddy\byte-buddy\1.14.18\byte-buddy-1.14.18.jar;C:\Users\user\.m2\repository\org\ow2\asm\asm\9.7\asm-9.7.jar;C:\Users\user\.m2\repository\org\objenesis\objenesis\3.4\objenesis-3.4.jar;C:\Users\user\.m2\repository\org\apache\commons\commons-text\1.12.0\commons-text-1.12.0.jar;C:\Users\user\.m2\repository\org\apache\commons\commons-lang3\3.14.0\commons-lang3-3.14.0.jar;C:\Users\user\.m2\repository\org\openjdk\jmh\jmh-core\1.37\jmh-core-1.37.jar;C:\Users\user\.m2\repository\net\sf\jopt-simple\jopt-simple\5.0.4\jopt-simple-5.0.4.jar;C:\Users\user\.m2\repository\org\apache\commons\commons-math3\3.6.1\commons-math3-3.6.1.jar;C:\Users\user\.m2\repository\org\openjdk\jmh\jmh-generator-annprocess\1.37\jmh-generator-annprocess-1.37.jar;C:\Users\user\.m2\repository\com\google\code\findbugs\jsr305\3.0.2\jsr305-3.0.2.jar;"/>
    <property name="java.vm.vendor" value="Oracle Corporation"/>
    <property name="doesnotwork" value="It works!"/>
    <property name="sun.arch.data.model" value="64"/>
    <property name="user.variant" value=""/>
    <property name="java.vendor.url" value="https://java.oracle.com/"/>
    <property name="user.timezone" value="Europe/Athens"/>
    <property name="test_key" value="test_value"/>
    <property name="os.name" value="Windows 10"/>
    <property name="java.vm.specification.version" value="21"/>
    <property name="sun.java.launcher" value="SUN_STANDARD"/>
    <property name="user.country" value="GR"/>
    <property name="sun.boot.library.path" value="C:\Program Files\Java\jdk-21\bin"/>
    <property name="sun.java.command" value="C:\Users\user\AppData\Local\Temp\surefire16562866153069575988\surefirebooter-20241011161714472_3.jar C:\Users\user\AppData\Local\Temp\surefire16562866153069575988 2024-10-11T16-17-14_121-jvmRun1 surefire-20241011161714472_1tmp surefire_0-20241011161714472_2tmp"/>
    <property name="jdk.debug" value="release"/>
    <property name="surefire.test.class.path" value="C:\Users\user\Code_generation_LLMs\AutoTestLab\packages\commons-lang3-3.17.0-src\target\test-classes;C:\Users\user\Code_generation_LLMs\AutoTestLab\packages\commons-lang3-3.17.0-src\target\classes;C:\Users\user\.m2\repository\org\junit\jupiter\junit-jupiter\5.11.0\junit-jupiter-5.11.0.jar;C:\Users\user\.m2\repository\org\junit\jupiter\junit-jupiter-api\5.11.0\junit-jupiter-api-5.11.0.jar;C:\Users\user\.m2\repository\org\opentest4j\opentest4j\1.3.0\opentest4j-1.3.0.jar;C:\Users\user\.m2\repository\org\junit\platform\junit-platform-commons\1.11.0\junit-platform-commons-1.11.0.jar;C:\Users\user\.m2\repository\org\apiguardian\apiguardian-api\1.1.2\apiguardian-api-1.1.2.jar;C:\Users\user\.m2\repository\org\junit\jupiter\junit-jupiter-params\5.11.0\junit-jupiter-params-5.11.0.jar;C:\Users\user\.m2\repository\org\junit\jupiter\junit-jupiter-engine\5.11.0\junit-jupiter-engine-5.11.0.jar;C:\Users\user\.m2\repository\org\junit\platform\junit-platform-engine\1.11.0\junit-platform-engine-1.11.0.jar;C:\Users\user\.m2\repository\org\junit-pioneer\junit-pioneer\1.9.1\junit-pioneer-1.9.1.jar;C:\Users\user\.m2\repository\org\junit\platform\junit-platform-launcher\1.11.0\junit-platform-launcher-1.11.0.jar;C:\Users\user\.m2\repository\org\hamcrest\hamcrest\3.0\hamcrest-3.0.jar;C:\Users\user\.m2\repository\org\easymock\easymock\5.4.0\easymock-5.4.0.jar;C:\Users\user\.m2\repository\net\bytebuddy\byte-buddy\1.14.18\byte-buddy-1.14.18.jar;C:\Users\user\.m2\repository\org\ow2\asm\asm\9.7\asm-9.7.jar;C:\Users\user\.m2\repository\org\objenesis\objenesis\3.4\objenesis-3.4.jar;C:\Users\user\.m2\repository\org\apache\commons\commons-text\1.12.0\commons-text-1.12.0.jar;C:\Users\user\.m2\repository\org\apache\commons\commons-lang3\3.14.0\commons-lang3-3.14.0.jar;C:\Users\user\.m2\repository\org\openjdk\jmh\jmh-core\1.37\jmh-core-1.37.jar;C:\Users\user\.m2\repository\net\sf\jopt-simple\jopt-simple\5.0.4\jopt-simple-5.0.4.jar;C:\Users\user\.m2\repository\org\apache\commons\commons-math3\3.6.1\commons-math3-3.6.1.jar;C:\Users\user\.m2\repository\org\openjdk\jmh\jmh-generator-annprocess\1.37\jmh-generator-annprocess-1.37.jar;C:\Users\user\.m2\repository\com\google\code\findbugs\jsr305\3.0.2\jsr305-3.0.2.jar;"/>
    <property name="sun.cpu.endian" value="little"/>
    <property name="user.home" value="C:\Users\user"/>
    <property name="user.language" value="el"/>
    <property name="java.specification.vendor" value="Oracle Corporation"/>
    <property name="java.version.date" value="2024-01-16"/>
    <property name="java.home" value="C:\Program Files\Java\jdk-21"/>
    <property name="file.separator" value="\"/>
    <property name="basedir" value="C:\Users\user\Code_generation_LLMs\AutoTestLab\packages\commons-lang3-3.17.0-src"/>
    <property name="java.vm.compressedOopsMode" value="32-bit"/>
    <property name="line.separator" value="&#10;"/>
    <property name="java.vm.specification.vendor" value="Oracle Corporation"/>
    <property name="java.specification.name" value="Java Platform API Specification"/>
    <property name="surefire.real.class.path" value="C:\Users\user\AppData\Local\Temp\surefire16562866153069575988\surefirebooter-20241011161714472_3.jar"/>
    <property name="user.script" value=""/>
    <property name="sun.management.compiler" value="HotSpot 64-Bit Tiered Compilers"/>
    <property name="java.runtime.version" value="21.0.2+13-LTS-58"/>
    <property name="user.name" value="user"/>
    <property name="stdout.encoding" value="UTF-8"/>
    <property name="path.separator" value=";"/>
    <property name="os.version" value="10.0"/>
    <property name="java.runtime.name" value="Java(TM) SE Runtime Environment"/>
    <property name="file.encoding" value="UTF-8"/>
    <property name="java.vm.name" value="Java HotSpot(TM) 64-Bit Server VM"/>
    <property name="localRepository" value="C:\Users\user\.m2\repository"/>
    <property name="java.vendor.url.bug" value="https://bugreport.java.com/bugreport/"/>
    <property name="java.io.tmpdir" value="C:\Users\user\AppData\Local\Temp\"/>
    <property name="java.version" value="21.0.2"/>
    <property name="user.dir" value="C:\Users\user\Code_generation_LLMs\AutoTestLab\packages\commons-lang3-3.17.0-src"/>
    <property name="os.arch" value="amd64"/>
    <property name="java.vm.specification.name" value="Java Virtual Machine Specification"/>
    <property name="sun.os.patch.level" value=""/>
    <property name="native.encoding" value="Cp1253"/>
    <property name="java.library.path" value="C:\Program Files\Java\jdk-21\bin;C:\WINDOWS\Sun\Java\bin;C:\WINDOWS\system32;C:\WINDOWS;C:\Users\user\miniconda3\envs\myenv;C:\Users\user\miniconda3\envs\myenv\Library\mingw-w64\bin;C:\Users\user\miniconda3\envs\myenv\Library\usr\bin;C:\Users\user\miniconda3\envs\myenv\Library\bin;C:\Users\user\miniconda3\envs\myenv\Scripts;C:\Users\user\miniconda3\envs\myenv\bin;C:\Users\user\AppData\Roaming\Code\User\globalStorage\pleiades.java-extension-pack-jdk\gradle\latest\bin;C:\Users\user\AppData\Roaming\Code\User\globalStorage\pleiades.java-extension-pack-jdk\maven\latest\bin;C:\Program Files\Java\jdk-21\bin;C:\Program Files\NVIDIA\CUDNN\v9.0\bin;C:\Program Files\NVIDIA GPU Computing Toolkit\CUDA\v12.3\bin;C:\Program Files\NVIDIA GPU Computing Toolkit\CUDA\v12.3\libnvvp;C:\Program Files\Common Files\Oracle\Java\javapath;C:\Program Files (x86)\Common Files\Oracle\Java\java8path;C:\Program Files (x86)\Common Files\Oracle\Java\javapath;C:\WINDOWS\system32;C:\WINDOWS;C:\WINDOWS\System32\Wbem;C:\WINDOWS\System32\WindowsPowerShell\v1.0;C:\WINDOWS\System32\OpenSSH;C:\Program Files\Intel\WiFi\bin;C:\Program Files\Common Files\Intel\WirelessCommon;c:\Program Files (x86)\Intel\Intel(R) Management Engine Components\DAL;c:\Program Files\Intel\Intel(R) Management Engine Components\DAL;C:\Users\user\Desktop\Large Scale Data Management;C:\Program Files\Vagrant\bin;C:\Program Files\Git\cmd;C:\Program Files\apache-maven-3.9.6\bin;C:\Program Files\NVIDIA Corporation\Nsight Compute 2023.3.1;C:\Program Files (x86)\NVIDIA Corporation\PhysX\Common;C:\Program Files\NVIDIA Corporation\Installer2;C:\Program Files\nodejs;C:\Users\user\defects4j\framework\bin;C:\Program Files\Java\jdk1.8.0_202\bin;C:\Strawberry\c\bin;C:\Strawberry\perl\site\bin;C:\Strawberry\perl\bin;C:\Users\user\defects4j\framework\bin;C:\Windows\System32;C:\Program Files\TortoiseSVN\bin;C:\Program Files\Java\jdk1.8.0_202\bin;C:\Users\user\miniconda3\envs\ujb;C:\Users\user\miniconda3\envs\ujb\Library\mingw-w64\bin;C:\Users\user\miniconda3\envs\ujb\Library\usr\bin;C:\Users\user\miniconda3\envs\ujb\Library\bin;C:\Users\user\miniconda3\envs\ujb\Scripts;C:\Users\user\miniconda3\envs\ujb\bin;C:\Users\user\miniconda3\condabin;C:\Program Files\NVIDIA\CUDNN\v9.0\bin;C:\Program Files\NVIDIA GPU Computing Toolkit\CUDA\v12.3\bin;C:\Program Files\NVIDIA GPU Computing Toolkit\CUDA\v12.3\libnvvp;C:\Program Files\Common Files\Oracle\Java\javapath;C:\Program Files (x86)\Common Files\Oracle\Java\java8path;C:\Program Files (x86)\Common Files\Oracle\Java\javapath;C:\WINDOWS\system32;C:\WINDOWS;C:\WINDOWS\System32\Wbem;C:\WINDOWS\System32\WindowsPowerShell\v1.0;C:\WINDOWS\System32\OpenSSH;C:\Program Files\Intel\WiFi\bin;C:\Program Files\Common Files\Intel\WirelessCommon;c:\Program Files (x86)\Intel\Intel(R) Management Engine Components\DAL;c:\Program Files\Intel\Intel(R) Management Engine Components\DAL;C:\Users;C:\Users\user\AppData\Local\Programs\Microsoft VS Code\bin;."/>
    <property name="java.vm.info" value="mixed mode, sharing"/>
    <property name="stderr.encoding" value="UTF-8"/>
    <property name="java.vendor" value="Oracle Corporation"/>
    <property name="java.vm.version" value="21.0.2+13-LTS-58"/>
    <property name="sun.io.unicode.encoding" value="UnicodeLittle"/>
    <property name="java.class.version" value="65.0"/>
  </properties>
  <testcase name="testCalendarTimezoneRespected(TimeZone)[1]" classname="org.apache.commons.lang3.time.FastDatePrinterTimeZonesTest" time="0.0"/>
  <testcase name="testCalendarTimezoneRespected(TimeZone)[2]" classname="org.apache.commons.lang3.time.FastDatePrinterTimeZonesTest" time="0.001"/>
  <testcase name="testCalendarTimezoneRespected(TimeZone)[3]" classname="org.apache.commons.lang3.time.FastDatePrinterTimeZonesTest" time="0.0"/>
  <testcase name="testCalendarTimezoneRespected(TimeZone)[4]" classname="org.apache.commons.lang3.time.FastDatePrinterTimeZonesTest" time="0.003"/>
  <testcase name="testCalendarTimezoneRespected(TimeZone)[5]" classname="org.apache.commons.lang3.time.FastDatePrinterTimeZonesTest" time="0.0"/>
  <testcase name="testCalendarTimezoneRespected(TimeZone)[6]" classname="org.apache.commons.lang3.time.FastDatePrinterTimeZonesTest" time="0.0"/>
  <testcase name="testCalendarTimezoneRespected(TimeZone)[7]" classname="org.apache.commons.lang3.time.FastDatePrinterTimeZonesTest" time="0.002"/>
  <testcase name="testCalendarTimezoneRespected(TimeZone)[8]" classname="org.apache.commons.lang3.time.FastDatePrinterTimeZonesTest" time="0.002"/>
  <testcase name="testCalendarTimezoneRespected(TimeZone)[9]" classname="org.apache.commons.lang3.time.FastDatePrinterTimeZonesTest" time="0.017"/>
  <testcase name="testCalendarTimezoneRespected(TimeZone)[10]" classname="org.apache.commons.lang3.time.FastDatePrinterTimeZonesTest" time="0.001"/>
  <testcase name="testCalendarTimezoneRespected(TimeZone)[11]" classname="org.apache.commons.lang3.time.FastDatePrinterTimeZonesTest" time="0.0"/>
  <testcase name="testCalendarTimezoneRespected(TimeZone)[12]" classname="org.apache.commons.lang3.time.FastDatePrinterTimeZonesTest" time="0.013"/>
  <testcase name="testCalendarTimezoneRespected(TimeZone)[13]" classname="org.apache.commons.lang3.time.FastDatePrinterTimeZonesTest" time="0.001"/>
  <testcase name="testCalendarTimezoneRespected(TimeZone)[14]" classname="org.apache.commons.lang3.time.FastDatePrinterTimeZonesTest" time="0.0"/>
  <testcase name="testCalendarTimezoneRespected(TimeZone)[15]" classname="org.apache.commons.lang3.time.FastDatePrinterTimeZonesTest" time="0.0"/>
  <testcase name="testCalendarTimezoneRespected(TimeZone)[16]" classname="org.apache.commons.lang3.time.FastDatePrinterTimeZonesTest" time="0.0"/>
  <testcase name="testCalendarTimezoneRespected(TimeZone)[17]" classname="org.apache.commons.lang3.time.FastDatePrinterTimeZonesTest" time="0.0"/>
  <testcase name="testCalendarTimezoneRespected(TimeZone)[18]" classname="org.apache.commons.lang3.time.FastDatePrinterTimeZonesTest" time="0.001"/>
  <testcase name="testCalendarTimezoneRespected(TimeZone)[19]" classname="org.apache.commons.lang3.time.FastDatePrinterTimeZonesTest" time="0.001"/>
  <testcase name="testCalendarTimezoneRespected(TimeZone)[20]" classname="org.apache.commons.lang3.time.FastDatePrinterTimeZonesTest" time="0.0"/>
  <testcase name="testCalendarTimezoneRespected(TimeZone)[21]" classname="org.apache.commons.lang3.time.FastDatePrinterTimeZonesTest" time="0.012"/>
  <testcase name="testCalendarTimezoneRespected(TimeZone)[22]" classname="org.apache.commons.lang3.time.FastDatePrinterTimeZonesTest" time="0.0"/>
  <testcase name="testCalendarTimezoneRespected(TimeZone)[23]" classname="org.apache.commons.lang3.time.FastDatePrinterTimeZonesTest" time="0.001"/>
  <testcase name="testCalendarTimezoneRespected(TimeZone)[24]" classname="org.apache.commons.lang3.time.FastDatePrinterTimeZonesTest" time="0.001"/>
  <testcase name="testCalendarTimezoneRespected(TimeZone)[25]" classname="org.apache.commons.lang3.time.FastDatePrinterTimeZonesTest" time="0.0"/>
  <testcase name="testCalendarTimezoneRespected(TimeZone)[26]" classname="org.apache.commons.lang3.time.FastDatePrinterTimeZonesTest" time="0.0"/>
  <testcase name="testCalendarTimezoneRespected(TimeZone)[27]" classname="org.apache.commons.lang3.time.FastDatePrinterTimeZonesTest" time="0.013"/>
  <testcase name="testCalendarTimezoneRespected(TimeZone)[28]" classname="org.apache.commons.lang3.time.FastDatePrinterTimeZonesTest" time="0.001"/>
  <testcase name="testCalendarTimezoneRespected(TimeZone)[29]" classname="org.apache.commons.lang3.time.FastDatePrinterTimeZonesTest" time="0.0"/>
  <testcase name="testCalendarTimezoneRespected(TimeZone)[30]" classname="org.apache.commons.lang3.time.FastDatePrinterTimeZonesTest" time="0.0"/>
  <testcase name="testCalendarTimezoneRespected(TimeZone)[31]" classname="org.apache.commons.lang3.time.FastDatePrinterTimeZonesTest" time="0.001"/>
  <testcase name="testCalendarTimezoneRespected(TimeZone)[32]" classname="org.apache.commons.lang3.time.FastDatePrinterTimeZonesTest" time="0.001"/>
  <testcase name="testCalendarTimezoneRespected(TimeZone)[33]" classname="org.apache.commons.lang3.time.FastDatePrinterTimeZonesTest" time="0.012"/>
  <testcase name="testCalendarTimezoneRespected(TimeZone)[34]" classname="org.apache.commons.lang3.time.FastDatePrinterTimeZonesTest" time="0.001"/>
  <testcase name="testCalendarTimezoneRespected(TimeZone)[35]" classname="org.apache.commons.lang3.time.FastDatePrinterTimeZonesTest" time="0.001"/>
  <testcase name="testCalendarTimezoneRespected(TimeZone)[36]" classname="org.apache.commons.lang3.time.FastDatePrinterTimeZonesTest" time="0.001"/>
  <testcase name="testCalendarTimezoneRespected(TimeZone)[37]" classname="org.apache.commons.lang3.time.FastDatePrinterTimeZonesTest" time="0.0"/>
  <testcase name="testCalendarTimezoneRespected(TimeZone)[38]" classname="org.apache.commons.lang3.time.FastDatePrinterTimeZonesTest" time="0.0"/>
  <testcase name="testCalendarTimezoneRespected(TimeZone)[39]" classname="org.apache.commons.lang3.time.FastDatePrinterTimeZonesTest" time="0.011"/>
  <testcase name="testCalendarTimezoneRespected(TimeZone)[40]" classname="org.apache.commons.lang3.time.FastDatePrinterTimeZonesTest" time="0.001"/>
  <testcase name="testCalendarTimezoneRespected(TimeZone)[41]" classname="org.apache.commons.lang3.time.FastDatePrinterTimeZonesTest" time="0.001"/>
  <testcase name="testCalendarTimezoneRespected(TimeZone)[42]" classname="org.apache.commons.lang3.time.FastDatePrinterTimeZonesTest" time="0.0"/>
  <testcase name="testCalendarTimezoneRespected(TimeZone)[43]" classname="org.apache.commons.lang3.time.FastDatePrinterTimeZonesTest" time="0.001"/>
  <testcase name="testCalendarTimezoneRespected(TimeZone)[44]" classname="org.apache.commons.lang3.time.FastDatePrinterTimeZonesTest" time="0.0"/>
  <testcase name="testCalendarTimezoneRespected(TimeZone)[45]" classname="org.apache.commons.lang3.time.FastDatePrinterTimeZonesTest" time="0.0"/>
  <testcase name="testCalendarTimezoneRespected(TimeZone)[46]" classname="org.apache.commons.lang3.time.FastDatePrinterTimeZonesTest" time="0.001"/>
  <testcase name="testCalendarTimezoneRespected(TimeZone)[47]" classname="org.apache.commons.lang3.time.FastDatePrinterTimeZonesTest" time="0.001"/>
  <testcase name="testCalendarTimezoneRespected(TimeZone)[48]" classname="org.apache.commons.lang3.time.FastDatePrinterTimeZonesTest" time="0.0"/>
  <testcase name="testCalendarTimezoneRespected(TimeZone)[49]" classname="org.apache.commons.lang3.time.FastDatePrinterTimeZonesTest" time="0.0"/>
  <testcase name="testCalendarTimezoneRespected(TimeZone)[50]" classname="org.apache.commons.lang3.time.FastDatePrinterTimeZonesTest" time="0.016"/>
  <testcase name="testCalendarTimezoneRespected(TimeZone)[51]" classname="org.apache.commons.lang3.time.FastDatePrinterTimeZonesTest" time="0.0"/>
  <testcase name="testCalendarTimezoneRespected(TimeZone)[52]" classname="org.apache.commons.lang3.time.FastDatePrinterTimeZonesTest" time="0.0"/>
  <testcase name="testCalendarTimezoneRespected(TimeZone)[53]" classname="org.apache.commons.lang3.time.FastDatePrinterTimeZonesTest" time="0.0"/>
  <testcase name="testCalendarTimezoneRespected(TimeZone)[54]" classname="org.apache.commons.lang3.time.FastDatePrinterTimeZonesTest" time="0.0"/>
  <testcase name="testCalendarTimezoneRespected(TimeZone)[55]" classname="org.apache.commons.lang3.time.FastDatePrinterTimeZonesTest" time="0.0"/>
  <testcase name="testCalendarTimezoneRespected(TimeZone)[56]" classname="org.apache.commons.lang3.time.FastDatePrinterTimeZonesTest" time="0.001"/>
  <testcase name="testCalendarTimezoneRespected(TimeZone)[57]" classname="org.apache.commons.lang3.time.FastDatePrinterTimeZonesTest" time="0.0"/>
  <testcase name="testCalendarTimezoneRespected(TimeZone)[58]" classname="org.apache.commons.lang3.time.FastDatePrinterTimeZonesTest" time="0.012"/>
  <testcase name="testCalendarTimezoneRespected(TimeZone)[59]" classname="org.apache.commons.lang3.time.FastDatePrinterTimeZonesTest" time="0.0"/>
  <testcase name="testCalendarTimezoneRespected(TimeZone)[60]" classname="org.apache.commons.lang3.time.FastDatePrinterTimeZonesTest" time="0.0"/>
  <testcase name="testCalendarTimezoneRespected(TimeZone)[61]" classname="org.apache.commons.lang3.time.FastDatePrinterTimeZonesTest" time="0.0"/>
  <testcase name="testCalendarTimezoneRespected(TimeZone)[62]" classname="org.apache.commons.lang3.time.FastDatePrinterTimeZonesTest" time="0.0"/>
  <testcase name="testCalendarTimezoneRespected(TimeZone)[63]" classname="org.apache.commons.lang3.time.FastDatePrinterTimeZonesTest" time="0.001"/>
  <testcase name="testCalendarTimezoneRespected(TimeZone)[64]" classname="org.apache.commons.lang3.time.FastDatePrinterTimeZonesTest" time="0.0"/>
  <testcase name="testCalendarTimezoneRespected(TimeZone)[65]" classname="org.apache.commons.lang3.time.FastDatePrinterTimeZonesTest" time="0.001"/>
  <testcase name="testCalendarTimezoneRespected(TimeZone)[66]" classname="org.apache.commons.lang3.time.FastDatePrinterTimeZonesTest" time="0.0"/>
  <testcase name="testCalendarTimezoneRespected(TimeZone)[67]" classname="org.apache.commons.lang3.time.FastDatePrinterTimeZonesTest" time="0.0"/>
  <testcase name="testCalendarTimezoneRespected(TimeZone)[68]" classname="org.apache.commons.lang3.time.FastDatePrinterTimeZonesTest" time="0.0"/>
  <testcase name="testCalendarTimezoneRespected(TimeZone)[69]" classname="org.apache.commons.lang3.time.FastDatePrinterTimeZonesTest" time="0.004"/>
  <testcase name="testCalendarTimezoneRespected(TimeZone)[70]" classname="org.apache.commons.lang3.time.FastDatePrinterTimeZonesTest" time="0.0"/>
  <testcase name="testCalendarTimezoneRespected(TimeZone)[71]" classname="org.apache.commons.lang3.time.FastDatePrinterTimeZonesTest" time="0.001"/>
  <testcase name="testCalendarTimezoneRespected(TimeZone)[72]" classname="org.apache.commons.lang3.time.FastDatePrinterTimeZonesTest" time="0.0"/>
  <testcase name="testCalendarTimezoneRespected(TimeZone)[73]" classname="org.apache.commons.lang3.time.FastDatePrinterTimeZonesTest" time="0.0"/>
  <testcase name="testCalendarTimezoneRespected(TimeZone)[74]" classname="org.apache.commons.lang3.time.FastDatePrinterTimeZonesTest" time="0.0"/>
  <testcase name="testCalendarTimezoneRespected(TimeZone)[75]" classname="org.apache.commons.lang3.time.FastDatePrinterTimeZonesTest" time="0.0"/>
  <testcase name="testCalendarTimezoneRespected(TimeZone)[76]" classname="org.apache.commons.lang3.time.FastDatePrinterTimeZonesTest" time="0.0"/>
  <testcase name="testCalendarTimezoneRespected(TimeZone)[77]" classname="org.apache.commons.lang3.time.FastDatePrinterTimeZonesTest" time="0.014"/>
  <testcase name="testCalendarTimezoneRespected(TimeZone)[78]" classname="org.apache.commons.lang3.time.FastDatePrinterTimeZonesTest" time="0.0"/>
  <testcase name="testCalendarTimezoneRespected(TimeZone)[79]" classname="org.apache.commons.lang3.time.FastDatePrinterTimeZonesTest" time="0.0"/>
  <testcase name="testCalendarTimezoneRespected(TimeZone)[80]" classname="org.apache.commons.lang3.time.FastDatePrinterTimeZonesTest" time="0.001"/>
  <testcase name="testCalendarTimezoneRespected(TimeZone)[81]" classname="org.apache.commons.lang3.time.FastDatePrinterTimeZonesTest" time="0.0"/>
  <testcase name="testCalendarTimezoneRespected(TimeZone)[82]" classname="org.apache.commons.lang3.time.FastDatePrinterTimeZonesTest" time="0.001"/>
  <testcase name="testCalendarTimezoneRespected(TimeZone)[83]" classname="org.apache.commons.lang3.time.FastDatePrinterTimeZonesTest" time="0.005"/>
  <testcase name="testCalendarTimezoneRespected(TimeZone)[84]" classname="org.apache.commons.lang3.time.FastDatePrinterTimeZonesTest" time="0.001"/>
  <testcase name="testCalendarTimezoneRespected(TimeZone)[85]" classname="org.apache.commons.lang3.time.FastDatePrinterTimeZonesTest" time="0.0"/>
  <testcase name="testCalendarTimezoneRespected(TimeZone)[86]" classname="org.apache.commons.lang3.time.FastDatePrinterTimeZonesTest" time="0.0"/>
  <testcase name="testCalendarTimezoneRespected(TimeZone)[87]" classname="org.apache.commons.lang3.time.FastDatePrinterTimeZonesTest" time="0.001"/>
  <testcase name="testCalendarTimezoneRespected(TimeZone)[88]" classname="org.apache.commons.lang3.time.FastDatePrinterTimeZonesTest" time="0.001"/>
  <testcase name="testCalendarTimezoneRespected(TimeZone)[89]" classname="org.apache.commons.lang3.time.FastDatePrinterTimeZonesTest" time="0.0"/>
  <testcase name="testCalendarTimezoneRespected(TimeZone)[90]" classname="org.apache.commons.lang3.time.FastDatePrinterTimeZonesTest" time="0.0"/>
  <testcase name="testCalendarTimezoneRespected(TimeZone)[91]" classname="org.apache.commons.lang3.time.FastDatePrinterTimeZonesTest" time="0.001"/>
  <testcase name="testCalendarTimezoneRespected(TimeZone)[92]" classname="org.apache.commons.lang3.time.FastDatePrinterTimeZonesTest" time="0.0"/>
  <testcase name="testCalendarTimezoneRespected(TimeZone)[93]" classname="org.apache.commons.lang3.time.FastDatePrinterTimeZonesTest" time="0.014"/>
  <testcase name="testCalendarTimezoneRespected(TimeZone)[94]" classname="org.apache.commons.lang3.time.FastDatePrinterTimeZonesTest" time="0.0"/>
  <testcase name="testCalendarTimezoneRespected(TimeZone)[95]" classname="org.apache.commons.lang3.time.FastDatePrinterTimeZonesTest" time="0.001"/>
  <testcase name="testCalendarTimezoneRespected(TimeZone)[96]" classname="org.apache.commons.lang3.time.FastDatePrinterTimeZonesTest" time="0.0"/>
  <testcase name="testCalendarTimezoneRespected(TimeZone)[97]" classname="org.apache.commons.lang3.time.FastDatePrinterTimeZonesTest" time="0.001"/>
  <testcase name="testCalendarTimezoneRespected(TimeZone)[98]" classname="org.apache.commons.lang3.time.FastDatePrinterTimeZonesTest" time="0.001"/>
  <testcase name="testCalendarTimezoneRespected(TimeZone)[99]" classname="org.apache.commons.lang3.time.FastDatePrinterTimeZonesTest" time="0.0"/>
  <testcase name="testCalendarTimezoneRespected(TimeZone)[100]" classname="org.apache.commons.lang3.time.FastDatePrinterTimeZonesTest" time="0.0"/>
  <testcase name="testCalendarTimezoneRespected(TimeZone)[101]" classname="org.apache.commons.lang3.time.FastDatePrinterTimeZonesTest" time="0.001"/>
  <testcase name="testCalendarTimezoneRespected(TimeZone)[102]" classname="org.apache.commons.lang3.time.FastDatePrinterTimeZonesTest" time="0.001"/>
  <testcase name="testCalendarTimezoneRespected(TimeZone)[103]" classname="org.apache.commons.lang3.time.FastDatePrinterTimeZonesTest" time="0.0"/>
  <testcase name="testCalendarTimezoneRespected(TimeZone)[104]" classname="org.apache.commons.lang3.time.FastDatePrinterTimeZonesTest" time="0.001"/>
  <testcase name="testCalendarTimezoneRespected(TimeZone)[105]" classname="org.apache.commons.lang3.time.FastDatePrinterTimeZonesTest" time="0.001"/>
  <testcase name="testCalendarTimezoneRespected(TimeZone)[106]" classname="org.apache.commons.lang3.time.FastDatePrinterTimeZonesTest" time="0.014"/>
  <testcase name="testCalendarTimezoneRespected(TimeZone)[107]" classname="org.apache.commons.lang3.time.FastDatePrinterTimeZonesTest" time="0.002"/>
  <testcase name="testCalendarTimezoneRespected(TimeZone)[108]" classname="org.apache.commons.lang3.time.FastDatePrinterTimeZonesTest" time="0.0"/>
  <testcase name="testCalendarTimezoneRespected(TimeZone)[109]" classname="org.apache.commons.lang3.time.FastDatePrinterTimeZonesTest" time="0.0"/>
  <testcase name="testCalendarTimezoneRespected(TimeZone)[110]" classname="org.apache.commons.lang3.time.FastDatePrinterTimeZonesTest" time="0.0"/>
  <testcase name="testCalendarTimezoneRespected(TimeZone)[111]" classname="org.apache.commons.lang3.time.FastDatePrinterTimeZonesTest" time="0.013"/>
  <testcase name="testCalendarTimezoneRespected(TimeZone)[112]" classname="org.apache.commons.lang3.time.FastDatePrinterTimeZonesTest" time="0.001"/>
  <testcase name="testCalendarTimezoneRespected(TimeZone)[113]" classname="org.apache.commons.lang3.time.FastDatePrinterTimeZonesTest" time="0.0"/>
  <testcase name="testCalendarTimezoneRespected(TimeZone)[114]" classname="org.apache.commons.lang3.time.FastDatePrinterTimeZonesTest" time="0.014"/>
  <testcase name="testCalendarTimezoneRespected(TimeZone)[115]" classname="org.apache.commons.lang3.time.FastDatePrinterTimeZonesTest" time="0.0"/>
  <testcase name="testCalendarTimezoneRespected(TimeZone)[116]" classname="org.apache.commons.lang3.time.FastDatePrinterTimeZonesTest" time="0.001"/>
  <testcase name="testCalendarTimezoneRespected(TimeZone)[117]" classname="org.apache.commons.lang3.time.FastDatePrinterTimeZonesTest" time="0.001"/>
  <testcase name="testCalendarTimezoneRespected(TimeZone)[118]" classname="org.apache.commons.lang3.time.FastDatePrinterTimeZonesTest" time="0.002"/>
  <testcase name="testCalendarTimezoneRespected(TimeZone)[119]" classname="org.apache.commons.lang3.time.FastDatePrinterTimeZonesTest" time="0.001"/>
  <testcase name="testCalendarTimezoneRespected(TimeZone)[120]" classname="org.apache.commons.lang3.time.FastDatePrinterTimeZonesTest" time="0.005"/>
  <testcase name="testCalendarTimezoneRespected(TimeZone)[121]" classname="org.apache.commons.lang3.time.FastDatePrinterTimeZonesTest" time="0.001"/>
  <testcase name="testCalendarTimezoneRespected(TimeZone)[122]" classname="org.apache.commons.lang3.time.FastDatePrinterTimeZonesTest" time="0.001"/>
  <testcase name="testCalendarTimezoneRespected(TimeZone)[123]" classname="org.apache.commons.lang3.time.FastDatePrinterTimeZonesTest" time="0.0"/>
  <testcase name="testCalendarTimezoneRespected(TimeZone)[124]" classname="org.apache.commons.lang3.time.FastDatePrinterTimeZonesTest" time="0.002"/>
  <testcase name="testCalendarTimezoneRespected(TimeZone)[125]" classname="org.apache.commons.lang3.time.FastDatePrinterTimeZonesTest" time="0.0"/>
  <testcase name="testCalendarTimezoneRespected(TimeZone)[126]" classname="org.apache.commons.lang3.time.FastDatePrinterTimeZonesTest" time="0.0"/>
  <testcase name="testCalendarTimezoneRespected(TimeZone)[127]" classname="org.apache.commons.lang3.time.FastDatePrinterTimeZonesTest" time="0.001"/>
  <testcase name="testCalendarTimezoneRespected(TimeZone)[128]" classname="org.apache.commons.lang3.time.FastDatePrinterTimeZonesTest" time="0.001"/>
  <testcase name="testCalendarTimezoneRespected(TimeZone)[129]" classname="org.apache.commons.lang3.time.FastDatePrinterTimeZonesTest" time="0.016"/>
  <testcase name="testCalendarTimezoneRespected(TimeZone)[130]" classname="org.apache.commons.lang3.time.FastDatePrinterTimeZonesTest" time="0.0"/>
  <testcase name="testCalendarTimezoneRespected(TimeZone)[131]" classname="org.apache.commons.lang3.time.FastDatePrinterTimeZonesTest" time="0.001"/>
  <testcase name="testCalendarTimezoneRespected(TimeZone)[132]" classname="org.apache.commons.lang3.time.FastDatePrinterTimeZonesTest" time="0.001"/>
  <testcase name="testCalendarTimezoneRespected(TimeZone)[133]" classname="org.apache.commons.lang3.time.FastDatePrinterTimeZonesTest" time="0.0"/>
  <testcase name="testCalendarTimezoneRespected(TimeZone)[134]" classname="org.apache.commons.lang3.time.FastDatePrinterTimeZonesTest" time="0.001"/>
  <testcase name="testCalendarTimezoneRespected(TimeZone)[135]" classname="org.apache.commons.lang3.time.FastDatePrinterTimeZonesTest" time="0.0"/>
  <testcase name="testCalendarTimezoneRespected(TimeZone)[136]" classname="org.apache.commons.lang3.time.FastDatePrinterTimeZonesTest" time="0.0"/>
  <testcase name="testCalendarTimezoneRespected(TimeZone)[137]" classname="org.apache.commons.lang3.time.FastDatePrinterTimeZonesTest" time="0.0"/>
  <testcase name="testCalendarTimezoneRespected(TimeZone)[138]" classname="org.apache.commons.lang3.time.FastDatePrinterTimeZonesTest" time="0.0"/>
  <testcase name="testCalendarTimezoneRespected(TimeZone)[139]" classname="org.apache.commons.lang3.time.FastDatePrinterTimeZonesTest" time="0.001"/>
  <testcase name="testCalendarTimezoneRespected(TimeZone)[140]" classname="org.apache.commons.lang3.time.FastDatePrinterTimeZonesTest" time="0.008"/>
  <testcase name="testCalendarTimezoneRespected(TimeZone)[141]" classname="org.apache.commons.lang3.time.FastDatePrinterTimeZonesTest" time="0.016"/>
  <testcase name="testCalendarTimezoneRespected(TimeZone)[142]" classname="org.apache.commons.lang3.time.FastDatePrinterTimeZonesTest" time="0.002"/>
  <testcase name="testCalendarTimezoneRespected(TimeZone)[143]" classname="org.apache.commons.lang3.time.FastDatePrinterTimeZonesTest" time="0.001"/>
  <testcase name="testCalendarTimezoneRespected(TimeZone)[144]" classname="org.apache.commons.lang3.time.FastDatePrinterTimeZonesTest" time="0.0"/>
  <testcase name="testCalendarTimezoneRespected(TimeZone)[145]" classname="org.apache.commons.lang3.time.FastDatePrinterTimeZonesTest" time="0.001"/>
  <testcase name="testCalendarTimezoneRespected(TimeZone)[146]" classname="org.apache.commons.lang3.time.FastDatePrinterTimeZonesTest" time="0.001"/>
  <testcase name="testCalendarTimezoneRespected(TimeZone)[147]" classname="org.apache.commons.lang3.time.FastDatePrinterTimeZonesTest" time="0.001"/>
  <testcase name="testCalendarTimezoneRespected(TimeZone)[148]" classname="org.apache.commons.lang3.time.FastDatePrinterTimeZonesTest" time="0.001"/>
  <testcase name="testCalendarTimezoneRespected(TimeZone)[149]" classname="org.apache.commons.lang3.time.FastDatePrinterTimeZonesTest" time="0.001"/>
  <testcase name="testCalendarTimezoneRespected(TimeZone)[150]" classname="org.apache.commons.lang3.time.FastDatePrinterTimeZonesTest" time="0.016"/>
  <testcase name="testCalendarTimezoneRespected(TimeZone)[151]" classname="org.apache.commons.lang3.time.FastDatePrinterTimeZonesTest" time="0.0"/>
  <testcase name="testCalendarTimezoneRespected(TimeZone)[152]" classname="org.apache.commons.lang3.time.FastDatePrinterTimeZonesTest" time="0.001"/>
  <testcase name="testCalendarTimezoneRespected(TimeZone)[153]" classname="org.apache.commons.lang3.time.FastDatePrinterTimeZonesTest" time="0.0"/>
  <testcase name="testCalendarTimezoneRespected(TimeZone)[154]" classname="org.apache.commons.lang3.time.FastDatePrinterTimeZonesTest" time="0.014"/>
  <testcase name="testCalendarTimezoneRespected(TimeZone)[155]" classname="org.apache.commons.lang3.time.FastDatePrinterTimeZonesTest" time="0.0"/>
  <testcase name="testCalendarTimezoneRespected(TimeZone)[156]" classname="org.apache.commons.lang3.time.FastDatePrinterTimeZonesTest" time="0.0"/>
  <testcase name="testCalendarTimezoneRespected(TimeZone)[157]" classname="org.apache.commons.lang3.time.FastDatePrinterTimeZonesTest" time="0.001"/>
  <testcase name="testCalendarTimezoneRespected(TimeZone)[158]" classname="org.apache.commons.lang3.time.FastDatePrinterTimeZonesTest" time="0.0"/>
  <testcase name="testCalendarTimezoneRespected(TimeZone)[159]" classname="org.apache.commons.lang3.time.FastDatePrinterTimeZonesTest" time="0.001"/>
  <testcase name="testCalendarTimezoneRespected(TimeZone)[160]" classname="org.apache.commons.lang3.time.FastDatePrinterTimeZonesTest" time="0.013"/>
  <testcase name="testCalendarTimezoneRespected(TimeZone)[161]" classname="org.apache.commons.lang3.time.FastDatePrinterTimeZonesTest" time="0.0"/>
  <testcase name="testCalendarTimezoneRespected(TimeZone)[162]" classname="org.apache.commons.lang3.time.FastDatePrinterTimeZonesTest" time="0.0"/>
  <testcase name="testCalendarTimezoneRespected(TimeZone)[163]" classname="org.apache.commons.lang3.time.FastDatePrinterTimeZonesTest" time="0.0"/>
  <testcase name="testCalendarTimezoneRespected(TimeZone)[164]" classname="org.apache.commons.lang3.time.FastDatePrinterTimeZonesTest" time="0.0"/>
  <testcase name="testCalendarTimezoneRespected(TimeZone)[165]" classname="org.apache.commons.lang3.time.FastDatePrinterTimeZonesTest" time="0.013"/>
  <testcase name="testCalendarTimezoneRespected(TimeZone)[166]" classname="org.apache.commons.lang3.time.FastDatePrinterTimeZonesTest" time="0.0"/>
  <testcase name="testCalendarTimezoneRespected(TimeZone)[167]" classname="org.apache.commons.lang3.time.FastDatePrinterTimeZonesTest" time="0.001"/>
  <testcase name="testCalendarTimezoneRespected(TimeZone)[168]" classname="org.apache.commons.lang3.time.FastDatePrinterTimeZonesTest" time="0.029"/>
  <testcase name="testCalendarTimezoneRespected(TimeZone)[169]" classname="org.apache.commons.lang3.time.FastDatePrinterTimeZonesTest" time="0.001"/>
  <testcase name="testCalendarTimezoneRespected(TimeZone)[170]" classname="org.apache.commons.lang3.time.FastDatePrinterTimeZonesTest" time="0.0"/>
  <testcase name="testCalendarTimezoneRespected(TimeZone)[171]" classname="org.apache.commons.lang3.time.FastDatePrinterTimeZonesTest" time="0.0"/>
  <testcase name="testCalendarTimezoneRespected(TimeZone)[172]" classname="org.apache.commons.lang3.time.FastDatePrinterTimeZonesTest" time="0.0"/>
  <testcase name="testCalendarTimezoneRespected(TimeZone)[173]" classname="org.apache.commons.lang3.time.FastDatePrinterTimeZonesTest" time="0.001"/>
  <testcase name="testCalendarTimezoneRespected(TimeZone)[174]" classname="org.apache.commons.lang3.time.FastDatePrinterTimeZonesTest" time="0.001"/>
  <testcase name="testCalendarTimezoneRespected(TimeZone)[175]" classname="org.apache.commons.lang3.time.FastDatePrinterTimeZonesTest" time="0.0"/>
  <testcase name="testCalendarTimezoneRespected(TimeZone)[176]" classname="org.apache.commons.lang3.time.FastDatePrinterTimeZonesTest" time="0.0"/>
  <testcase name="testCalendarTimezoneRespected(TimeZone)[177]" classname="org.apache.commons.lang3.time.FastDatePrinterTimeZonesTest" time="0.001"/>
  <testcase name="testCalendarTimezoneRespected(TimeZone)[178]" classname="org.apache.commons.lang3.time.FastDatePrinterTimeZonesTest" time="0.0"/>
  <testcase name="testCalendarTimezoneRespected(TimeZone)[179]" classname="org.apache.commons.lang3.time.FastDatePrinterTimeZonesTest" time="0.001"/>
  <testcase name="testCalendarTimezoneRespected(TimeZone)[180]" classname="org.apache.commons.lang3.time.FastDatePrinterTimeZonesTest" time="0.002"/>
  <testcase name="testCalendarTimezoneRespected(TimeZone)[181]" classname="org.apache.commons.lang3.time.FastDatePrinterTimeZonesTest" time="0.001"/>
  <testcase name="testCalendarTimezoneRespected(TimeZone)[182]" classname="org.apache.commons.lang3.time.FastDatePrinterTimeZonesTest" time="0.0"/>
  <testcase name="testCalendarTimezoneRespected(TimeZone)[183]" classname="org.apache.commons.lang3.time.FastDatePrinterTimeZonesTest" time="0.001"/>
  <testcase name="testCalendarTimezoneRespected(TimeZone)[184]" classname="org.apache.commons.lang3.time.FastDatePrinterTimeZonesTest" time="0.001"/>
  <testcase name="testCalendarTimezoneRespected(TimeZone)[185]" classname="org.apache.commons.lang3.time.FastDatePrinterTimeZonesTest" time="0.001"/>
  <testcase name="testCalendarTimezoneRespected(TimeZone)[186]" classname="org.apache.commons.lang3.time.FastDatePrinterTimeZonesTest" time="0.001"/>
  <testcase name="testCalendarTimezoneRespected(TimeZone)[187]" classname="org.apache.commons.lang3.time.FastDatePrinterTimeZonesTest" time="0.001"/>
  <testcase name="testCalendarTimezoneRespected(TimeZone)[188]" classname="org.apache.commons.lang3.time.FastDatePrinterTimeZonesTest" time="0.001"/>
  <testcase name="testCalendarTimezoneRespected(TimeZone)[189]" classname="org.apache.commons.lang3.time.FastDatePrinterTimeZonesTest" time="0.0"/>
  <testcase name="testCalendarTimezoneRespected(TimeZone)[190]" classname="org.apache.commons.lang3.time.FastDatePrinterTimeZonesTest" time="0.0"/>
  <testcase name="testCalendarTimezoneRespected(TimeZone)[191]" classname="org.apache.commons.lang3.time.FastDatePrinterTimeZonesTest" time="0.0"/>
  <testcase name="testCalendarTimezoneRespected(TimeZone)[192]" classname="org.apache.commons.lang3.time.FastDatePrinterTimeZonesTest" time="0.0"/>
  <testcase name="testCalendarTimezoneRespected(TimeZone)[193]" classname="org.apache.commons.lang3.time.FastDatePrinterTimeZonesTest" time="0.001"/>
  <testcase name="testCalendarTimezoneRespected(TimeZone)[194]" classname="org.apache.commons.lang3.time.FastDatePrinterTimeZonesTest" time="0.0"/>
  <testcase name="testCalendarTimezoneRespected(TimeZone)[195]" classname="org.apache.commons.lang3.time.FastDatePrinterTimeZonesTest" time="0.0"/>
  <testcase name="testCalendarTimezoneRespected(TimeZone)[196]" classname="org.apache.commons.lang3.time.FastDatePrinterTimeZonesTest" time="0.002"/>
  <testcase name="testCalendarTimezoneRespected(TimeZone)[197]" classname="org.apache.commons.lang3.time.FastDatePrinterTimeZonesTest" time="0.0"/>
  <testcase name="testCalendarTimezoneRespected(TimeZone)[198]" classname="org.apache.commons.lang3.time.FastDatePrinterTimeZonesTest" time="0.001"/>
  <testcase name="testCalendarTimezoneRespected(TimeZone)[199]" classname="org.apache.commons.lang3.time.FastDatePrinterTimeZonesTest" time="0.0"/>
  <testcase name="testCalendarTimezoneRespected(TimeZone)[200]" classname="org.apache.commons.lang3.time.FastDatePrinterTimeZonesTest" time="0.001"/>
  <testcase name="testCalendarTimezoneRespected(TimeZone)[201]" classname="org.apache.commons.lang3.time.FastDatePrinterTimeZonesTest" time="0.0"/>
  <testcase name="testCalendarTimezoneRespected(TimeZone)[202]" classname="org.apache.commons.lang3.time.FastDatePrinterTimeZonesTest" time="0.001"/>
  <testcase name="testCalendarTimezoneRespected(TimeZone)[203]" classname="org.apache.commons.lang3.time.FastDatePrinterTimeZonesTest" time="0.0"/>
  <testcase name="testCalendarTimezoneRespected(TimeZone)[204]" classname="org.apache.commons.lang3.time.FastDatePrinterTimeZonesTest" time="0.001"/>
  <testcase name="testCalendarTimezoneRespected(TimeZone)[205]" classname="org.apache.commons.lang3.time.FastDatePrinterTimeZonesTest" time="0.0"/>
  <testcase name="testCalendarTimezoneRespected(TimeZone)[206]" classname="org.apache.commons.lang3.time.FastDatePrinterTimeZonesTest" time="0.001"/>
  <testcase name="testCalendarTimezoneRespected(TimeZone)[207]" classname="org.apache.commons.lang3.time.FastDatePrinterTimeZonesTest" time="0.0"/>
  <testcase name="testCalendarTimezoneRespected(TimeZone)[208]" classname="org.apache.commons.lang3.time.FastDatePrinterTimeZonesTest" time="0.002"/>
  <testcase name="testCalendarTimezoneRespected(TimeZone)[209]" classname="org.apache.commons.lang3.time.FastDatePrinterTimeZonesTest" time="0.006"/>
  <testcase name="testCalendarTimezoneRespected(TimeZone)[210]" classname="org.apache.commons.lang3.time.FastDatePrinterTimeZonesTest" time="0.001"/>
  <testcase name="testCalendarTimezoneRespected(TimeZone)[211]" classname="org.apache.commons.lang3.time.FastDatePrinterTimeZonesTest" time="0.001"/>
  <testcase name="testCalendarTimezoneRespected(TimeZone)[212]" classname="org.apache.commons.lang3.time.FastDatePrinterTimeZonesTest" time="0.001"/>
  <testcase name="testCalendarTimezoneRespected(TimeZone)[213]" classname="org.apache.commons.lang3.time.FastDatePrinterTimeZonesTest" time="0.001"/>
  <testcase name="testCalendarTimezoneRespected(TimeZone)[214]" classname="org.apache.commons.lang3.time.FastDatePrinterTimeZonesTest" time="0.0"/>
  <testcase name="testCalendarTimezoneRespected(TimeZone)[215]" classname="org.apache.commons.lang3.time.FastDatePrinterTimeZonesTest" time="0.0"/>
  <testcase name="testCalendarTimezoneRespected(TimeZone)[216]" classname="org.apache.commons.lang3.time.FastDatePrinterTimeZonesTest" time="0.001"/>
  <testcase name="testCalendarTimezoneRespected(TimeZone)[217]" classname="org.apache.commons.lang3.time.FastDatePrinterTimeZonesTest" time="0.009"/>
  <testcase name="testCalendarTimezoneRespected(TimeZone)[218]" classname="org.apache.commons.lang3.time.FastDatePrinterTimeZonesTest" time="0.0"/>
  <testcase name="testCalendarTimezoneRespected(TimeZone)[219]" classname="org.apache.commons.lang3.time.FastDatePrinterTimeZonesTest" time="0.0"/>
  <testcase name="testCalendarTimezoneRespected(TimeZone)[220]" classname="org.apache.commons.lang3.time.FastDatePrinterTimeZonesTest" time="0.001"/>
  <testcase name="testCalendarTimezoneRespected(TimeZone)[221]" classname="org.apache.commons.lang3.time.FastDatePrinterTimeZonesTest" time="0.0"/>
  <testcase name="testCalendarTimezoneRespected(TimeZone)[222]" classname="org.apache.commons.lang3.time.FastDatePrinterTimeZonesTest" time="0.0"/>
  <testcase name="testCalendarTimezoneRespected(TimeZone)[223]" classname="org.apache.commons.lang3.time.FastDatePrinterTimeZonesTest" time="0.0"/>
  <testcase name="testCalendarTimezoneRespected(TimeZone)[224]" classname="org.apache.commons.lang3.time.FastDatePrinterTimeZonesTest" time="0.0"/>
  <testcase name="testCalendarTimezoneRespected(TimeZone)[225]" classname="org.apache.commons.lang3.time.FastDatePrinterTimeZonesTest" time="0.001"/>
  <testcase name="testCalendarTimezoneRespected(TimeZone)[226]" classname="org.apache.commons.lang3.time.FastDatePrinterTimeZonesTest" time="0.0"/>
  <testcase name="testCalendarTimezoneRespected(TimeZone)[227]" classname="org.apache.commons.lang3.time.FastDatePrinterTimeZonesTest" time="0.006"/>
  <testcase name="testCalendarTimezoneRespected(TimeZone)[228]" classname="org.apache.commons.lang3.time.FastDatePrinterTimeZonesTest" time="0.0"/>
  <testcase name="testCalendarTimezoneRespected(TimeZone)[229]" classname="org.apache.commons.lang3.time.FastDatePrinterTimeZonesTest" time="0.001"/>
  <testcase name="testCalendarTimezoneRespected(TimeZone)[230]" classname="org.apache.commons.lang3.time.FastDatePrinterTimeZonesTest" time="0.0"/>
  <testcase name="testCalendarTimezoneRespected(TimeZone)[231]" classname="org.apache.commons.lang3.time.FastDatePrinterTimeZonesTest" time="0.001"/>
  <testcase name="testCalendarTimezoneRespected(TimeZone)[232]" classname="org.apache.commons.lang3.time.FastDatePrinterTimeZonesTest" time="0.0"/>
  <testcase name="testCalendarTimezoneRespected(TimeZone)[233]" classname="org.apache.commons.lang3.time.FastDatePrinterTimeZonesTest" time="0.0"/>
  <testcase name="testCalendarTimezoneRespected(TimeZone)[234]" classname="org.apache.commons.lang3.time.FastDatePrinterTimeZonesTest" time="0.0"/>
  <testcase name="testCalendarTimezoneRespected(TimeZone)[235]" classname="org.apache.commons.lang3.time.FastDatePrinterTimeZonesTest" time="0.0"/>
  <testcase name="testCalendarTimezoneRespected(TimeZone)[236]" classname="org.apache.commons.lang3.time.FastDatePrinterTimeZonesTest" time="0.0"/>
  <testcase name="testCalendarTimezoneRespected(TimeZone)[237]" classname="org.apache.commons.lang3.time.FastDatePrinterTimeZonesTest" time="0.0"/>
  <testcase name="testCalendarTimezoneRespected(TimeZone)[238]" classname="org.apache.commons.lang3.time.FastDatePrinterTimeZonesTest" time="0.001"/>
  <testcase name="testCalendarTimezoneRespected(TimeZone)[239]" classname="org.apache.commons.lang3.time.FastDatePrinterTimeZonesTest" time="0.001"/>
  <testcase name="testCalendarTimezoneRespected(TimeZone)[240]" classname="org.apache.commons.lang3.time.FastDatePrinterTimeZonesTest" time="0.011"/>
  <testcase name="testCalendarTimezoneRespected(TimeZone)[241]" classname="org.apache.commons.lang3.time.FastDatePrinterTimeZonesTest" time="0.0"/>
  <testcase name="testCalendarTimezoneRespected(TimeZone)[242]" classname="org.apache.commons.lang3.time.FastDatePrinterTimeZonesTest" time="0.0"/>
  <testcase name="testCalendarTimezoneRespected(TimeZone)[243]" classname="org.apache.commons.lang3.time.FastDatePrinterTimeZonesTest" time="0.0"/>
  <testcase name="testCalendarTimezoneRespected(TimeZone)[244]" classname="org.apache.commons.lang3.time.FastDatePrinterTimeZonesTest" time="0.0"/>
  <testcase name="testCalendarTimezoneRespected(TimeZone)[245]" classname="org.apache.commons.lang3.time.FastDatePrinterTimeZonesTest" time="0.0"/>
  <testcase name="testCalendarTimezoneRespected(TimeZone)[246]" classname="org.apache.commons.lang3.time.FastDatePrinterTimeZonesTest" time="0.001"/>
  <testcase name="testCalendarTimezoneRespected(TimeZone)[247]" classname="org.apache.commons.lang3.time.FastDatePrinterTimeZonesTest" time="0.0"/>
  <testcase name="testCalendarTimezoneRespected(TimeZone)[248]" classname="org.apache.commons.lang3.time.FastDatePrinterTimeZonesTest" time="0.001"/>
  <testcase name="testCalendarTimezoneRespected(TimeZone)[249]" classname="org.apache.commons.lang3.time.FastDatePrinterTimeZonesTest" time="0.0"/>
  <testcase name="testCalendarTimezoneRespected(TimeZone)[250]" classname="org.apache.commons.lang3.time.FastDatePrinterTimeZonesTest" time="0.001"/>
  <testcase name="testCalendarTimezoneRespected(TimeZone)[251]" classname="org.apache.commons.lang3.time.FastDatePrinterTimeZonesTest" time="0.007"/>
  <testcase name="testCalendarTimezoneRespected(TimeZone)[252]" classname="org.apache.commons.lang3.time.FastDatePrinterTimeZonesTest" time="0.0"/>
  <testcase name="testCalendarTimezoneRespected(TimeZone)[253]" classname="org.apache.commons.lang3.time.FastDatePrinterTimeZonesTest" time="0.001"/>
  <testcase name="testCalendarTimezoneRespected(TimeZone)[254]" classname="org.apache.commons.lang3.time.FastDatePrinterTimeZonesTest" time="0.0"/>
  <testcase name="testCalendarTimezoneRespected(TimeZone)[255]" classname="org.apache.commons.lang3.time.FastDatePrinterTimeZonesTest" time="0.0"/>
  <testcase name="testCalendarTimezoneRespected(TimeZone)[256]" classname="org.apache.commons.lang3.time.FastDatePrinterTimeZonesTest" time="0.001"/>
  <testcase name="testCalendarTimezoneRespected(TimeZone)[257]" classname="org.apache.commons.lang3.time.FastDatePrinterTimeZonesTest" time="0.0"/>
  <testcase name="testCalendarTimezoneRespected(TimeZone)[258]" classname="org.apache.commons.lang3.time.FastDatePrinterTimeZonesTest" time="0.0"/>
  <testcase name="testCalendarTimezoneRespected(TimeZone)[259]" classname="org.apache.commons.lang3.time.FastDatePrinterTimeZonesTest" time="0.0"/>
  <testcase name="testCalendarTimezoneRespected(TimeZone)[260]" classname="org.apache.commons.lang3.time.FastDatePrinterTimeZonesTest" time="0.0"/>
  <testcase name="testCalendarTimezoneRespected(TimeZone)[261]" classname="org.apache.commons.lang3.time.FastDatePrinterTimeZonesTest" time="0.001"/>
  <testcase name="testCalendarTimezoneRespected(TimeZone)[262]" classname="org.apache.commons.lang3.time.FastDatePrinterTimeZonesTest" time="0.0"/>
  <testcase name="testCalendarTimezoneRespected(TimeZone)[263]" classname="org.apache.commons.lang3.time.FastDatePrinterTimeZonesTest" time="0.001"/>
  <testcase name="testCalendarTimezoneRespected(TimeZone)[264]" classname="org.apache.commons.lang3.time.FastDatePrinterTimeZonesTest" time="0.0"/>
  <testcase name="testCalendarTimezoneRespected(TimeZone)[265]" classname="org.apache.commons.lang3.time.FastDatePrinterTimeZonesTest" time="0.001"/>
  <testcase name="testCalendarTimezoneRespected(TimeZone)[266]" classname="org.apache.commons.lang3.time.FastDatePrinterTimeZonesTest" time="0.0"/>
  <testcase name="testCalendarTimezoneRespected(TimeZone)[267]" classname="org.apache.commons.lang3.time.FastDatePrinterTimeZonesTest" time="0.0"/>
  <testcase name="testCalendarTimezoneRespected(TimeZone)[268]" classname="org.apache.commons.lang3.time.FastDatePrinterTimeZonesTest" time="0.001"/>
  <testcase name="testCalendarTimezoneRespected(TimeZone)[269]" classname="org.apache.commons.lang3.time.FastDatePrinterTimeZonesTest" time="0.0"/>
  <testcase name="testCalendarTimezoneRespected(TimeZone)[270]" classname="org.apache.commons.lang3.time.FastDatePrinterTimeZonesTest" time="0.0"/>
  <testcase name="testCalendarTimezoneRespected(TimeZone)[271]" classname="org.apache.commons.lang3.time.FastDatePrinterTimeZonesTest" time="0.001"/>
  <testcase name="testCalendarTimezoneRespected(TimeZone)[272]" classname="org.apache.commons.lang3.time.FastDatePrinterTimeZonesTest" time="0.001"/>
  <testcase name="testCalendarTimezoneRespected(TimeZone)[273]" classname="org.apache.commons.lang3.time.FastDatePrinterTimeZonesTest" time="0.001"/>
  <testcase name="testCalendarTimezoneRespected(TimeZone)[274]" classname="org.apache.commons.lang3.time.FastDatePrinterTimeZonesTest" time="0.001"/>
  <testcase name="testCalendarTimezoneRespected(TimeZone)[275]" classname="org.apache.commons.lang3.time.FastDatePrinterTimeZonesTest" time="0.001"/>
  <testcase name="testCalendarTimezoneRespected(TimeZone)[276]" classname="org.apache.commons.lang3.time.FastDatePrinterTimeZonesTest" time="0.002"/>
  <testcase name="testCalendarTimezoneRespected(TimeZone)[277]" classname="org.apache.commons.lang3.time.FastDatePrinterTimeZonesTest" time="0.001"/>
  <testcase name="testCalendarTimezoneRespected(TimeZone)[278]" classname="org.apache.commons.lang3.time.FastDatePrinterTimeZonesTest" time="0.001"/>
  <testcase name="testCalendarTimezoneRespected(TimeZone)[279]" classname="org.apache.commons.lang3.time.FastDatePrinterTimeZonesTest" time="0.001"/>
  <testcase name="testCalendarTimezoneRespected(TimeZone)[280]" classname="org.apache.commons.lang3.time.FastDatePrinterTimeZonesTest" time="0.001"/>
  <testcase name="testCalendarTimezoneRespected(TimeZone)[281]" classname="org.apache.commons.lang3.time.FastDatePrinterTimeZonesTest" time="0.001"/>
  <testcase name="testCalendarTimezoneRespected(TimeZone)[282]" classname="org.apache.commons.lang3.time.FastDatePrinterTimeZonesTest" time="0.0"/>
  <testcase name="testCalendarTimezoneRespected(TimeZone)[283]" classname="org.apache.commons.lang3.time.FastDatePrinterTimeZonesTest" time="0.01"/>
  <testcase name="testCalendarTimezoneRespected(TimeZone)[284]" classname="org.apache.commons.lang3.time.FastDatePrinterTimeZonesTest" time="0.001"/>
  <testcase name="testCalendarTimezoneRespected(TimeZone)[285]" classname="org.apache.commons.lang3.time.FastDatePrinterTimeZonesTest" time="0.0"/>
  <testcase name="testCalendarTimezoneRespected(TimeZone)[286]" classname="org.apache.commons.lang3.time.FastDatePrinterTimeZonesTest" time="0.0"/>
  <testcase name="testCalendarTimezoneRespected(TimeZone)[287]" classname="org.apache.commons.lang3.time.FastDatePrinterTimeZonesTest" time="0.0"/>
  <testcase name="testCalendarTimezoneRespected(TimeZone)[288]" classname="org.apache.commons.lang3.time.FastDatePrinterTimeZonesTest" time="0.001"/>
  <testcase name="testCalendarTimezoneRespected(TimeZone)[289]" classname="org.apache.commons.lang3.time.FastDatePrinterTimeZonesTest" time="0.0"/>
  <testcase name="testCalendarTimezoneRespected(TimeZone)[290]" classname="org.apache.commons.lang3.time.FastDatePrinterTimeZonesTest" time="0.001"/>
  <testcase name="testCalendarTimezoneRespected(TimeZone)[291]" classname="org.apache.commons.lang3.time.FastDatePrinterTimeZonesTest" time="0.0"/>
  <testcase name="testCalendarTimezoneRespected(TimeZone)[292]" classname="org.apache.commons.lang3.time.FastDatePrinterTimeZonesTest" time="0.0"/>
  <testcase name="testCalendarTimezoneRespected(TimeZone)[293]" classname="org.apache.commons.lang3.time.FastDatePrinterTimeZonesTest" time="0.011"/>
  <testcase name="testCalendarTimezoneRespected(TimeZone)[294]" classname="org.apache.commons.lang3.time.FastDatePrinterTimeZonesTest" time="0.0"/>
  <testcase name="testCalendarTimezoneRespected(TimeZone)[295]" classname="org.apache.commons.lang3.time.FastDatePrinterTimeZonesTest" time="0.001"/>
  <testcase name="testCalendarTimezoneRespected(TimeZone)[296]" classname="org.apache.commons.lang3.time.FastDatePrinterTimeZonesTest" time="0.0"/>
  <testcase name="testCalendarTimezoneRespected(TimeZone)[297]" classname="org.apache.commons.lang3.time.FastDatePrinterTimeZonesTest" time="0.0"/>
  <testcase name="testCalendarTimezoneRespected(TimeZone)[298]" classname="org.apache.commons.lang3.time.FastDatePrinterTimeZonesTest" time="0.0"/>
  <testcase name="testCalendarTimezoneRespected(TimeZone)[299]" classname="org.apache.commons.lang3.time.FastDatePrinterTimeZonesTest" time="0.0"/>
  <testcase name="testCalendarTimezoneRespected(TimeZone)[300]" classname="org.apache.commons.lang3.time.FastDatePrinterTimeZonesTest" time="0.0"/>
  <testcase name="testCalendarTimezoneRespected(TimeZone)[301]" classname="org.apache.commons.lang3.time.FastDatePrinterTimeZonesTest" time="0.0"/>
  <testcase name="testCalendarTimezoneRespected(TimeZone)[302]" classname="org.apache.commons.lang3.time.FastDatePrinterTimeZonesTest" time="0.0"/>
  <testcase name="testCalendarTimezoneRespected(TimeZone)[303]" classname="org.apache.commons.lang3.time.FastDatePrinterTimeZonesTest" time="0.022"/>
  <testcase name="testCalendarTimezoneRespected(TimeZone)[304]" classname="org.apache.commons.lang3.time.FastDatePrinterTimeZonesTest" time="0.0"/>
  <testcase name="testCalendarTimezoneRespected(TimeZone)[305]" classname="org.apache.commons.lang3.time.FastDatePrinterTimeZonesTest" time="0.0"/>
  <testcase name="testCalendarTimezoneRespected(TimeZone)[306]" classname="org.apache.commons.lang3.time.FastDatePrinterTimeZonesTest" time="0.0"/>
  <testcase name="testCalendarTimezoneRespected(TimeZone)[307]" classname="org.apache.commons.lang3.time.FastDatePrinterTimeZonesTest" time="0.001"/>
  <testcase name="testCalendarTimezoneRespected(TimeZone)[308]" classname="org.apache.commons.lang3.time.FastDatePrinterTimeZonesTest" time="0.001"/>
  <testcase name="testCalendarTimezoneRespected(TimeZone)[309]" classname="org.apache.commons.lang3.time.FastDatePrinterTimeZonesTest" time="0.0"/>
  <testcase name="testCalendarTimezoneRespected(TimeZone)[310]" classname="org.apache.commons.lang3.time.FastDatePrinterTimeZonesTest" time="0.001"/>
  <testcase name="testCalendarTimezoneRespected(TimeZone)[311]" classname="org.apache.commons.lang3.time.FastDatePrinterTimeZonesTest" time="0.0"/>
  <testcase name="testCalendarTimezoneRespected(TimeZone)[312]" classname="org.apache.commons.lang3.time.FastDatePrinterTimeZonesTest" time="0.0"/>
  <testcase name="testCalendarTimezoneRespected(TimeZone)[313]" classname="org.apache.commons.lang3.time.FastDatePrinterTimeZonesTest" time="0.0"/>
  <testcase name="testCalendarTimezoneRespected(TimeZone)[314]" classname="org.apache.commons.lang3.time.FastDatePrinterTimeZonesTest" time="0.0"/>
  <testcase name="testCalendarTimezoneRespected(TimeZone)[315]" classname="org.apache.commons.lang3.time.FastDatePrinterTimeZonesTest" time="0.01"/>
  <testcase name="testCalendarTimezoneRespected(TimeZone)[316]" classname="org.apache.commons.lang3.time.FastDatePrinterTimeZonesTest" time="0.0"/>
  <testcase name="testCalendarTimezoneRespected(TimeZone)[317]" classname="org.apache.commons.lang3.time.FastDatePrinterTimeZonesTest" time="0.0"/>
  <testcase name="testCalendarTimezoneRespected(TimeZone)[318]" classname="org.apache.commons.lang3.time.FastDatePrinterTimeZonesTest" time="0.0"/>
  <testcase name="testCalendarTimezoneRespected(TimeZone)[319]" classname="org.apache.commons.lang3.time.FastDatePrinterTimeZonesTest" time="0.0"/>
  <testcase name="testCalendarTimezoneRespected(TimeZone)[320]" classname="org.apache.commons.lang3.time.FastDatePrinterTimeZonesTest" time="0.0"/>
  <testcase name="testCalendarTimezoneRespected(TimeZone)[321]" classname="org.apache.commons.lang3.time.FastDatePrinterTimeZonesTest" time="0.0"/>
  <testcase name="testCalendarTimezoneRespected(TimeZone)[322]" classname="org.apache.commons.lang3.time.FastDatePrinterTimeZonesTest" time="0.001"/>
  <testcase name="testCalendarTimezoneRespected(TimeZone)[323]" classname="org.apache.commons.lang3.time.FastDatePrinterTimeZonesTest" time="0.001"/>
  <testcase name="testCalendarTimezoneRespected(TimeZone)[324]" classname="org.apache.commons.lang3.time.FastDatePrinterTimeZonesTest" time="0.0"/>
  <testcase name="testCalendarTimezoneRespected(TimeZone)[325]" classname="org.apache.commons.lang3.time.FastDatePrinterTimeZonesTest" time="0.0"/>
  <testcase name="testCalendarTimezoneRespected(TimeZone)[326]" classname="org.apache.commons.lang3.time.FastDatePrinterTimeZonesTest" time="0.0"/>
  <testcase name="testCalendarTimezoneRespected(TimeZone)[327]" classname="org.apache.commons.lang3.time.FastDatePrinterTimeZonesTest" time="0.0"/>
  <testcase name="testCalendarTimezoneRespected(TimeZone)[328]" classname="org.apache.commons.lang3.time.FastDatePrinterTimeZonesTest" time="0.0"/>
  <testcase name="testCalendarTimezoneRespected(TimeZone)[329]" classname="org.apache.commons.lang3.time.FastDatePrinterTimeZonesTest" time="0.0"/>
  <testcase name="testCalendarTimezoneRespected(TimeZone)[330]" classname="org.apache.commons.lang3.time.FastDatePrinterTimeZonesTest" time="0.005"/>
  <testcase name="testCalendarTimezoneRespected(TimeZone)[331]" classname="org.apache.commons.lang3.time.FastDatePrinterTimeZonesTest" time="0.003"/>
  <testcase name="testCalendarTimezoneRespected(TimeZone)[332]" classname="org.apache.commons.lang3.time.FastDatePrinterTimeZonesTest" time="0.0"/>
  <testcase name="testCalendarTimezoneRespected(TimeZone)[333]" classname="org.apache.commons.lang3.time.FastDatePrinterTimeZonesTest" time="0.0"/>
  <testcase name="testCalendarTimezoneRespected(TimeZone)[334]" classname="org.apache.commons.lang3.time.FastDatePrinterTimeZonesTest" time="0.0"/>
  <testcase name="testCalendarTimezoneRespected(TimeZone)[335]" classname="org.apache.commons.lang3.time.FastDatePrinterTimeZonesTest" time="0.0"/>
  <testcase name="testCalendarTimezoneRespected(TimeZone)[336]" classname="org.apache.commons.lang3.time.FastDatePrinterTimeZonesTest" time="0.0"/>
  <testcase name="testCalendarTimezoneRespected(TimeZone)[337]" classname="org.apache.commons.lang3.time.FastDatePrinterTimeZonesTest" time="0.001"/>
  <testcase name="testCalendarTimezoneRespected(TimeZone)[338]" classname="org.apache.commons.lang3.time.FastDatePrinterTimeZonesTest" time="0.0"/>
  <testcase name="testCalendarTimezoneRespected(TimeZone)[339]" classname="org.apache.commons.lang3.time.FastDatePrinterTimeZonesTest" time="0.0"/>
  <testcase name="testCalendarTimezoneRespected(TimeZone)[340]" classname="org.apache.commons.lang3.time.FastDatePrinterTimeZonesTest" time="0.0"/>
  <testcase name="testCalendarTimezoneRespected(TimeZone)[341]" classname="org.apache.commons.lang3.time.FastDatePrinterTimeZonesTest" time="0.001"/>
  <testcase name="testCalendarTimezoneRespected(TimeZone)[342]" classname="org.apache.commons.lang3.time.FastDatePrinterTimeZonesTest" time="0.0"/>
  <testcase name="testCalendarTimezoneRespected(TimeZone)[343]" classname="org.apache.commons.lang3.time.FastDatePrinterTimeZonesTest" time="0.001"/>
  <testcase name="testCalendarTimezoneRespected(TimeZone)[344]" classname="org.apache.commons.lang3.time.FastDatePrinterTimeZonesTest" time="0.0"/>
  <testcase name="testCalendarTimezoneRespected(TimeZone)[345]" classname="org.apache.commons.lang3.time.FastDatePrinterTimeZonesTest" time="0.0"/>
  <testcase name="testCalendarTimezoneRespected(TimeZone)[346]" classname="org.apache.commons.lang3.time.FastDatePrinterTimeZonesTest" time="0.0"/>
  <testcase name="testCalendarTimezoneRespected(TimeZone)[347]" classname="org.apache.commons.lang3.time.FastDatePrinterTimeZonesTest" time="0.0"/>
  <testcase name="testCalendarTimezoneRespected(TimeZone)[348]" classname="org.apache.commons.lang3.time.FastDatePrinterTimeZonesTest" time="0.0"/>
  <testcase name="testCalendarTimezoneRespected(TimeZone)[349]" classname="org.apache.commons.lang3.time.FastDatePrinterTimeZonesTest" time="0.001"/>
  <testcase name="testCalendarTimezoneRespected(TimeZone)[350]" classname="org.apache.commons.lang3.time.FastDatePrinterTimeZonesTest" time="0.012"/>
  <testcase name="testCalendarTimezoneRespected(TimeZone)[351]" classname="org.apache.commons.lang3.time.FastDatePrinterTimeZonesTest" time="0.001"/>
  <testcase name="testCalendarTimezoneRespected(TimeZone)[352]" classname="org.apache.commons.lang3.time.FastDatePrinterTimeZonesTest" time="0.0"/>
  <testcase name="testCalendarTimezoneRespected(TimeZone)[353]" classname="org.apache.commons.lang3.time.FastDatePrinterTimeZonesTest" time="0.0"/>
  <testcase name="testCalendarTimezoneRespected(TimeZone)[354]" classname="org.apache.commons.lang3.time.FastDatePrinterTimeZonesTest" time="0.0"/>
  <testcase name="testCalendarTimezoneRespected(TimeZone)[355]" classname="org.apache.commons.lang3.time.FastDatePrinterTimeZonesTest" time="0.0"/>
  <testcase name="testCalendarTimezoneRespected(TimeZone)[356]" classname="org.apache.commons.lang3.time.FastDatePrinterTimeZonesTest" time="0.0"/>
  <testcase name="testCalendarTimezoneRespected(TimeZone)[357]" classname="org.apache.commons.lang3.time.FastDatePrinterTimeZonesTest" time="0.0"/>
  <testcase name="testCalendarTimezoneRespected(TimeZone)[358]" classname="org.apache.commons.lang3.time.FastDatePrinterTimeZonesTest" time="0.001"/>
  <testcase name="testCalendarTimezoneRespected(TimeZone)[359]" classname="org.apache.commons.lang3.time.FastDatePrinterTimeZonesTest" time="0.001"/>
  <testcase name="testCalendarTimezoneRespected(TimeZone)[360]" classname="org.apache.commons.lang3.time.FastDatePrinterTimeZonesTest" time="0.002"/>
  <testcase name="testCalendarTimezoneRespected(TimeZone)[361]" classname="org.apache.commons.lang3.time.FastDatePrinterTimeZonesTest" time="0.001"/>
  <testcase name="testCalendarTimezoneRespected(TimeZone)[362]" classname="org.apache.commons.lang3.time.FastDatePrinterTimeZonesTest" time="0.0"/>
  <testcase name="testCalendarTimezoneRespected(TimeZone)[363]" classname="org.apache.commons.lang3.time.FastDatePrinterTimeZonesTest" time="0.0"/>
  <testcase name="testCalendarTimezoneRespected(TimeZone)[364]" classname="org.apache.commons.lang3.time.FastDatePrinterTimeZonesTest" time="0.001"/>
  <testcase name="testCalendarTimezoneRespected(TimeZone)[365]" classname="org.apache.commons.lang3.time.FastDatePrinterTimeZonesTest" time="0.001"/>
  <testcase name="testCalendarTimezoneRespected(TimeZone)[366]" classname="org.apache.commons.lang3.time.FastDatePrinterTimeZonesTest" time="0.0"/>
  <testcase name="testCalendarTimezoneRespected(TimeZone)[367]" classname="org.apache.commons.lang3.time.FastDatePrinterTimeZonesTest" time="0.0"/>
  <testcase name="testCalendarTimezoneRespected(TimeZone)[368]" classname="org.apache.commons.lang3.time.FastDatePrinterTimeZonesTest" time="0.0"/>
  <testcase name="testCalendarTimezoneRespected(TimeZone)[369]" classname="org.apache.commons.lang3.time.FastDatePrinterTimeZonesTest" time="0.0"/>
  <testcase name="testCalendarTimezoneRespected(TimeZone)[370]" classname="org.apache.commons.lang3.time.FastDatePrinterTimeZonesTest" time="0.0"/>
  <testcase name="testCalendarTimezoneRespected(TimeZone)[371]" classname="org.apache.commons.lang3.time.FastDatePrinterTimeZonesTest" time="0.0"/>
  <testcase name="testCalendarTimezoneRespected(TimeZone)[372]" classname="org.apache.commons.lang3.time.FastDatePrinterTimeZonesTest" time="0.001"/>
  <testcase name="testCalendarTimezoneRespected(TimeZone)[373]" classname="org.apache.commons.lang3.time.FastDatePrinterTimeZonesTest" time="0.0"/>
  <testcase name="testCalendarTimezoneRespected(TimeZone)[374]" classname="org.apache.commons.lang3.time.FastDatePrinterTimeZonesTest" time="0.0"/>
  <testcase name="testCalendarTimezoneRespected(TimeZone)[375]" classname="org.apache.commons.lang3.time.FastDatePrinterTimeZonesTest" time="0.0"/>
  <testcase name="testCalendarTimezoneRespected(TimeZone)[376]" classname="org.apache.commons.lang3.time.FastDatePrinterTimeZonesTest" time="0.0"/>
  <testcase name="testCalendarTimezoneRespected(TimeZone)[377]" classname="org.apache.commons.lang3.time.FastDatePrinterTimeZonesTest" time="0.001"/>
  <testcase name="testCalendarTimezoneRespected(TimeZone)[378]" classname="org.apache.commons.lang3.time.FastDatePrinterTimeZonesTest" time="0.0"/>
  <testcase name="testCalendarTimezoneRespected(TimeZone)[379]" classname="org.apache.commons.lang3.time.FastDatePrinterTimeZonesTest" time="0.001"/>
  <testcase name="testCalendarTimezoneRespected(TimeZone)[380]" classname="org.apache.commons.lang3.time.FastDatePrinterTimeZonesTest" time="0.0"/>
  <testcase name="testCalendarTimezoneRespected(TimeZone)[381]" classname="org.apache.commons.lang3.time.FastDatePrinterTimeZonesTest" time="0.007"/>
  <testcase name="testCalendarTimezoneRespected(TimeZone)[382]" classname="org.apache.commons.lang3.time.FastDatePrinterTimeZonesTest" time="0.001"/>
  <testcase name="testCalendarTimezoneRespected(TimeZone)[383]" classname="org.apache.commons.lang3.time.FastDatePrinterTimeZonesTest" time="0.0"/>
  <testcase name="testCalendarTimezoneRespected(TimeZone)[384]" classname="org.apache.commons.lang3.time.FastDatePrinterTimeZonesTest" time="0.001"/>
  <testcase name="testCalendarTimezoneRespected(TimeZone)[385]" classname="org.apache.commons.lang3.time.FastDatePrinterTimeZonesTest" time="0.001"/>
  <testcase name="testCalendarTimezoneRespected(TimeZone)[386]" classname="org.apache.commons.lang3.time.FastDatePrinterTimeZonesTest" time="0.001"/>
  <testcase name="testCalendarTimezoneRespected(TimeZone)[387]" classname="org.apache.commons.lang3.time.FastDatePrinterTimeZonesTest" time="0.0"/>
  <testcase name="testCalendarTimezoneRespected(TimeZone)[388]" classname="org.apache.commons.lang3.time.FastDatePrinterTimeZonesTest" time="0.0"/>
  <testcase name="testCalendarTimezoneRespected(TimeZone)[389]" classname="org.apache.commons.lang3.time.FastDatePrinterTimeZonesTest" time="0.0"/>
  <testcase name="testCalendarTimezoneRespected(TimeZone)[390]" classname="org.apache.commons.lang3.time.FastDatePrinterTimeZonesTest" time="0.007"/>
  <testcase name="testCalendarTimezoneRespected(TimeZone)[391]" classname="org.apache.commons.lang3.time.FastDatePrinterTimeZonesTest" time="0.001"/>
  <testcase name="testCalendarTimezoneRespected(TimeZone)[392]" classname="org.apache.commons.lang3.time.FastDatePrinterTimeZonesTest" time="0.0"/>
  <testcase name="testCalendarTimezoneRespected(TimeZone)[393]" classname="org.apache.commons.lang3.time.FastDatePrinterTimeZonesTest" time="0.001"/>
  <testcase name="testCalendarTimezoneRespected(TimeZone)[394]" classname="org.apache.commons.lang3.time.FastDatePrinterTimeZonesTest" time="0.0"/>
  <testcase name="testCalendarTimezoneRespected(TimeZone)[395]" classname="org.apache.commons.lang3.time.FastDatePrinterTimeZonesTest" time="0.001"/>
  <testcase name="testCalendarTimezoneRespected(TimeZone)[396]" classname="org.apache.commons.lang3.time.FastDatePrinterTimeZonesTest" time="0.0"/>
  <testcase name="testCalendarTimezoneRespected(TimeZone)[397]" classname="org.apache.commons.lang3.time.FastDatePrinterTimeZonesTest" time="0.0"/>
  <testcase name="testCalendarTimezoneRespected(TimeZone)[398]" classname="org.apache.commons.lang3.time.FastDatePrinterTimeZonesTest" time="0.0"/>
  <testcase name="testCalendarTimezoneRespected(TimeZone)[399]" classname="org.apache.commons.lang3.time.FastDatePrinterTimeZonesTest" time="0.001"/>
  <testcase name="testCalendarTimezoneRespected(TimeZone)[400]" classname="org.apache.commons.lang3.time.FastDatePrinterTimeZonesTest" time="0.0"/>
  <testcase name="testCalendarTimezoneRespected(TimeZone)[401]" classname="org.apache.commons.lang3.time.FastDatePrinterTimeZonesTest" time="0.0"/>
  <testcase name="testCalendarTimezoneRespected(TimeZone)[402]" classname="org.apache.commons.lang3.time.FastDatePrinterTimeZonesTest" time="0.001"/>
  <testcase name="testCalendarTimezoneRespected(TimeZone)[403]" classname="org.apache.commons.lang3.time.FastDatePrinterTimeZonesTest" time="0.0"/>
  <testcase name="testCalendarTimezoneRespected(TimeZone)[404]" classname="org.apache.commons.lang3.time.FastDatePrinterTimeZonesTest" time="0.0"/>
  <testcase name="testCalendarTimezoneRespected(TimeZone)[405]" classname="org.apache.commons.lang3.time.FastDatePrinterTimeZonesTest" time="0.001"/>
  <testcase name="testCalendarTimezoneRespected(TimeZone)[406]" classname="org.apache.commons.lang3.time.FastDatePrinterTimeZonesTest" time="0.0"/>
  <testcase name="testCalendarTimezoneRespected(TimeZone)[407]" classname="org.apache.commons.lang3.time.FastDatePrinterTimeZonesTest" time="0.007"/>
  <testcase name="testCalendarTimezoneRespected(TimeZone)[408]" classname="org.apache.commons.lang3.time.FastDatePrinterTimeZonesTest" time="0.0"/>
  <testcase name="testCalendarTimezoneRespected(TimeZone)[409]" classname="org.apache.commons.lang3.time.FastDatePrinterTimeZonesTest" time="0.0"/>
  <testcase name="testCalendarTimezoneRespected(TimeZone)[410]" classname="org.apache.commons.lang3.time.FastDatePrinterTimeZonesTest" time="0.0"/>
  <testcase name="testCalendarTimezoneRespected(TimeZone)[411]" classname="org.apache.commons.lang3.time.FastDatePrinterTimeZonesTest" time="0.0"/>
  <testcase name="testCalendarTimezoneRespected(TimeZone)[412]" classname="org.apache.commons.lang3.time.FastDatePrinterTimeZonesTest" time="0.0"/>
  <testcase name="testCalendarTimezoneRespected(TimeZone)[413]" classname="org.apache.commons.lang3.time.FastDatePrinterTimeZonesTest" time="0.001"/>
  <testcase name="testCalendarTimezoneRespected(TimeZone)[414]" classname="org.apache.commons.lang3.time.FastDatePrinterTimeZonesTest" time="0.0"/>
  <testcase name="testCalendarTimezoneRespected(TimeZone)[415]" classname="org.apache.commons.lang3.time.FastDatePrinterTimeZonesTest" time="0.001"/>
  <testcase name="testCalendarTimezoneRespected(TimeZone)[416]" classname="org.apache.commons.lang3.time.FastDatePrinterTimeZonesTest" time="0.0"/>
  <testcase name="testCalendarTimezoneRespected(TimeZone)[417]" classname="org.apache.commons.lang3.time.FastDatePrinterTimeZonesTest" time="0.001"/>
  <testcase name="testCalendarTimezoneRespected(TimeZone)[418]" classname="org.apache.commons.lang3.time.FastDatePrinterTimeZonesTest" time="0.0"/>
  <testcase name="testCalendarTimezoneRespected(TimeZone)[419]" classname="org.apache.commons.lang3.time.FastDatePrinterTimeZonesTest" time="0.0"/>
  <testcase name="testCalendarTimezoneRespected(TimeZone)[420]" classname="org.apache.commons.lang3.time.FastDatePrinterTimeZonesTest" time="0.001"/>
  <testcase name="testCalendarTimezoneRespected(TimeZone)[421]" classname="org.apache.commons.lang3.time.FastDatePrinterTimeZonesTest" time="0.0"/>
  <testcase name="testCalendarTimezoneRespected(TimeZone)[422]" classname="org.apache.commons.lang3.time.FastDatePrinterTimeZonesTest" time="0.001"/>
  <testcase name="testCalendarTimezoneRespected(TimeZone)[423]" classname="org.apache.commons.lang3.time.FastDatePrinterTimeZonesTest" time="0.0"/>
  <testcase name="testCalendarTimezoneRespected(TimeZone)[424]" classname="org.apache.commons.lang3.time.FastDatePrinterTimeZonesTest" time="0.003"/>
  <testcase name="testCalendarTimezoneRespected(TimeZone)[425]" classname="org.apache.commons.lang3.time.FastDatePrinterTimeZonesTest" time="0.0"/>
  <testcase name="testCalendarTimezoneRespected(TimeZone)[426]" classname="org.apache.commons.lang3.time.FastDatePrinterTimeZonesTest" time="0.0"/>
  <testcase name="testCalendarTimezoneRespected(TimeZone)[427]" classname="org.apache.commons.lang3.time.FastDatePrinterTimeZonesTest" time="0.0"/>
  <testcase name="testCalendarTimezoneRespected(TimeZone)[428]" classname="org.apache.commons.lang3.time.FastDatePrinterTimeZonesTest" time="0.0"/>
  <testcase name="testCalendarTimezoneRespected(TimeZone)[429]" classname="org.apache.commons.lang3.time.FastDatePrinterTimeZonesTest" time="0.0"/>
  <testcase name="testCalendarTimezoneRespected(TimeZone)[430]" classname="org.apache.commons.lang3.time.FastDatePrinterTimeZonesTest" time="0.0"/>
  <testcase name="testCalendarTimezoneRespected(TimeZone)[431]" classname="org.apache.commons.lang3.time.FastDatePrinterTimeZonesTest" time="0.0"/>
  <testcase name="testCalendarTimezoneRespected(TimeZone)[432]" classname="org.apache.commons.lang3.time.FastDatePrinterTimeZonesTest" time="0.0"/>
  <testcase name="testCalendarTimezoneRespected(TimeZone)[433]" classname="org.apache.commons.lang3.time.FastDatePrinterTimeZonesTest" time="0.001"/>
  <testcase name="testCalendarTimezoneRespected(TimeZone)[434]" classname="org.apache.commons.lang3.time.FastDatePrinterTimeZonesTest" time="0.0"/>
  <testcase name="testCalendarTimezoneRespected(TimeZone)[435]" classname="org.apache.commons.lang3.time.FastDatePrinterTimeZonesTest" time="0.0"/>
  <testcase name="testCalendarTimezoneRespected(TimeZone)[436]" classname="org.apache.commons.lang3.time.FastDatePrinterTimeZonesTest" time="0.0"/>
  <testcase name="testCalendarTimezoneRespected(TimeZone)[437]" classname="org.apache.commons.lang3.time.FastDatePrinterTimeZonesTest" time="0.0"/>
  <testcase name="testCalendarTimezoneRespected(TimeZone)[438]" classname="org.apache.commons.lang3.time.FastDatePrinterTimeZonesTest" time="0.0"/>
  <testcase name="testCalendarTimezoneRespected(TimeZone)[439]" classname="org.apache.commons.lang3.time.FastDatePrinterTimeZonesTest" time="0.0"/>
  <testcase name="testCalendarTimezoneRespected(TimeZone)[440]" classname="org.apache.commons.lang3.time.FastDatePrinterTimeZonesTest" time="0.0"/>
  <testcase name="testCalendarTimezoneRespected(TimeZone)[441]" classname="org.apache.commons.lang3.time.FastDatePrinterTimeZonesTest" time="0.0"/>
  <testcase name="testCalendarTimezoneRespected(TimeZone)[442]" classname="org.apache.commons.lang3.time.FastDatePrinterTimeZonesTest" time="0.0"/>
  <testcase name="testCalendarTimezoneRespected(TimeZone)[443]" classname="org.apache.commons.lang3.time.FastDatePrinterTimeZonesTest" time="0.004"/>
  <testcase name="testCalendarTimezoneRespected(TimeZone)[444]" classname="org.apache.commons.lang3.time.FastDatePrinterTimeZonesTest" time="0.001"/>
  <testcase name="testCalendarTimezoneRespected(TimeZone)[445]" classname="org.apache.commons.lang3.time.FastDatePrinterTimeZonesTest" time="0.001"/>
  <testcase name="testCalendarTimezoneRespected(TimeZone)[446]" classname="org.apache.commons.lang3.time.FastDatePrinterTimeZonesTest" time="0.0"/>
  <testcase name="testCalendarTimezoneRespected(TimeZone)[447]" classname="org.apache.commons.lang3.time.FastDatePrinterTimeZonesTest" time="0.0"/>
  <testcase name="testCalendarTimezoneRespected(TimeZone)[448]" classname="org.apache.commons.lang3.time.FastDatePrinterTimeZonesTest" time="0.001"/>
  <testcase name="testCalendarTimezoneRespected(TimeZone)[449]" classname="org.apache.commons.lang3.time.FastDatePrinterTimeZonesTest" time="0.0"/>
  <testcase name="testCalendarTimezoneRespected(TimeZone)[450]" classname="org.apache.commons.lang3.time.FastDatePrinterTimeZonesTest" time="0.0"/>
  <testcase name="testCalendarTimezoneRespected(TimeZone)[451]" classname="org.apache.commons.lang3.time.FastDatePrinterTimeZonesTest" time="0.0"/>
  <testcase name="testCalendarTimezoneRespected(TimeZone)[452]" classname="org.apache.commons.lang3.time.FastDatePrinterTimeZonesTest" time="0.0"/>
  <testcase name="testCalendarTimezoneRespected(TimeZone)[453]" classname="org.apache.commons.lang3.time.FastDatePrinterTimeZonesTest" time="0.0"/>
  <testcase name="testCalendarTimezoneRespected(TimeZone)[454]" classname="org.apache.commons.lang3.time.FastDatePrinterTimeZonesTest" time="0.001"/>
  <testcase name="testCalendarTimezoneRespected(TimeZone)[455]" classname="org.apache.commons.lang3.time.FastDatePrinterTimeZonesTest" time="0.0"/>
  <testcase name="testCalendarTimezoneRespected(TimeZone)[456]" classname="org.apache.commons.lang3.time.FastDatePrinterTimeZonesTest" time="0.0"/>
  <testcase name="testCalendarTimezoneRespected(TimeZone)[457]" classname="org.apache.commons.lang3.time.FastDatePrinterTimeZonesTest" time="0.0"/>
  <testcase name="testCalendarTimezoneRespected(TimeZone)[458]" classname="org.apache.commons.lang3.time.FastDatePrinterTimeZonesTest" time="0.0"/>
  <testcase name="testCalendarTimezoneRespected(TimeZone)[459]" classname="org.apache.commons.lang3.time.FastDatePrinterTimeZonesTest" time="0.0"/>
  <testcase name="testCalendarTimezoneRespected(TimeZone)[460]" classname="org.apache.commons.lang3.time.FastDatePrinterTimeZonesTest" time="0.0"/>
  <testcase name="testCalendarTimezoneRespected(TimeZone)[461]" classname="org.apache.commons.lang3.time.FastDatePrinterTimeZonesTest" time="0.0"/>
  <testcase name="testCalendarTimezoneRespected(TimeZone)[462]" classname="org.apache.commons.lang3.time.FastDatePrinterTimeZonesTest" time="0.0"/>
  <testcase name="testCalendarTimezoneRespected(TimeZone)[463]" classname="org.apache.commons.lang3.time.FastDatePrinterTimeZonesTest" time="0.0"/>
  <testcase name="testCalendarTimezoneRespected(TimeZone)[464]" classname="org.apache.commons.lang3.time.FastDatePrinterTimeZonesTest" time="0.0"/>
  <testcase name="testCalendarTimezoneRespected(TimeZone)[465]" classname="org.apache.commons.lang3.time.FastDatePrinterTimeZonesTest" time="0.0"/>
  <testcase name="testCalendarTimezoneRespected(TimeZone)[466]" classname="org.apache.commons.lang3.time.FastDatePrinterTimeZonesTest" time="0.001"/>
  <testcase name="testCalendarTimezoneRespected(TimeZone)[467]" classname="org.apache.commons.lang3.time.FastDatePrinterTimeZonesTest" time="0.0"/>
  <testcase name="testCalendarTimezoneRespected(TimeZone)[468]" classname="org.apache.commons.lang3.time.FastDatePrinterTimeZonesTest" time="0.001"/>
  <testcase name="testCalendarTimezoneRespected(TimeZone)[469]" classname="org.apache.commons.lang3.time.FastDatePrinterTimeZonesTest" time="0.0"/>
  <testcase name="testCalendarTimezoneRespected(TimeZone)[470]" classname="org.apache.commons.lang3.time.FastDatePrinterTimeZonesTest" time="0.001"/>
  <testcase name="testCalendarTimezoneRespected(TimeZone)[471]" classname="org.apache.commons.lang3.time.FastDatePrinterTimeZonesTest" time="0.0"/>
  <testcase name="testCalendarTimezoneRespected(TimeZone)[472]" classname="org.apache.commons.lang3.time.FastDatePrinterTimeZonesTest" time="0.0"/>
  <testcase name="testCalendarTimezoneRespected(TimeZone)[473]" classname="org.apache.commons.lang3.time.FastDatePrinterTimeZonesTest" time="0.001"/>
  <testcase name="testCalendarTimezoneRespected(TimeZone)[474]" classname="org.apache.commons.lang3.time.FastDatePrinterTimeZonesTest" time="0.0"/>
  <testcase name="testCalendarTimezoneRespected(TimeZone)[475]" classname="org.apache.commons.lang3.time.FastDatePrinterTimeZonesTest" time="0.0"/>
  <testcase name="testCalendarTimezoneRespected(TimeZone)[476]" classname="org.apache.commons.lang3.time.FastDatePrinterTimeZonesTest" time="0.0"/>
  <testcase name="testCalendarTimezoneRespected(TimeZone)[477]" classname="org.apache.commons.lang3.time.FastDatePrinterTimeZonesTest" time="0.0"/>
  <testcase name="testCalendarTimezoneRespected(TimeZone)[478]" classname="org.apache.commons.lang3.time.FastDatePrinterTimeZonesTest" time="0.0"/>
  <testcase name="testCalendarTimezoneRespected(TimeZone)[479]" classname="org.apache.commons.lang3.time.FastDatePrinterTimeZonesTest" time="0.0"/>
  <testcase name="testCalendarTimezoneRespected(TimeZone)[480]" classname="org.apache.commons.lang3.time.FastDatePrinterTimeZonesTest" time="0.0"/>
  <testcase name="testCalendarTimezoneRespected(TimeZone)[481]" classname="org.apache.commons.lang3.time.FastDatePrinterTimeZonesTest" time="0.0"/>
  <testcase name="testCalendarTimezoneRespected(TimeZone)[482]" classname="org.apache.commons.lang3.time.FastDatePrinterTimeZonesTest" time="0.0"/>
  <testcase name="testCalendarTimezoneRespected(TimeZone)[483]" classname="org.apache.commons.lang3.time.FastDatePrinterTimeZonesTest" time="0.0"/>
  <testcase name="testCalendarTimezoneRespected(TimeZone)[484]" classname="org.apache.commons.lang3.time.FastDatePrinterTimeZonesTest" time="0.0"/>
  <testcase name="testCalendarTimezoneRespected(TimeZone)[485]" classname="org.apache.commons.lang3.time.FastDatePrinterTimeZonesTest" time="0.001"/>
  <testcase name="testCalendarTimezoneRespected(TimeZone)[486]" classname="org.apache.commons.lang3.time.FastDatePrinterTimeZonesTest" time="0.0"/>
  <testcase name="testCalendarTimezoneRespected(TimeZone)[487]" classname="org.apache.commons.lang3.time.FastDatePrinterTimeZonesTest" time="0.0"/>
  <testcase name="testCalendarTimezoneRespected(TimeZone)[488]" classname="org.apache.commons.lang3.time.FastDatePrinterTimeZonesTest" time="0.0"/>
  <testcase name="testCalendarTimezoneRespected(TimeZone)[489]" classname="org.apache.commons.lang3.time.FastDatePrinterTimeZonesTest" time="0.0"/>
  <testcase name="testCalendarTimezoneRespected(TimeZone)[490]" classname="org.apache.commons.lang3.time.FastDatePrinterTimeZonesTest" time="0.001"/>
  <testcase name="testCalendarTimezoneRespected(TimeZone)[491]" classname="org.apache.commons.lang3.time.FastDatePrinterTimeZonesTest" time="0.008"/>
  <testcase name="testCalendarTimezoneRespected(TimeZone)[492]" classname="org.apache.commons.lang3.time.FastDatePrinterTimeZonesTest" time="0.0"/>
  <testcase name="testCalendarTimezoneRespected(TimeZone)[493]" classname="org.apache.commons.lang3.time.FastDatePrinterTimeZonesTest" time="0.0"/>
  <testcase name="testCalendarTimezoneRespected(TimeZone)[494]" classname="org.apache.commons.lang3.time.FastDatePrinterTimeZonesTest" time="0.001"/>
  <testcase name="testCalendarTimezoneRespected(TimeZone)[495]" classname="org.apache.commons.lang3.time.FastDatePrinterTimeZonesTest" time="0.0"/>
  <testcase name="testCalendarTimezoneRespected(TimeZone)[496]" classname="org.apache.commons.lang3.time.FastDatePrinterTimeZonesTest" time="0.0"/>
  <testcase name="testCalendarTimezoneRespected(TimeZone)[497]" classname="org.apache.commons.lang3.time.FastDatePrinterTimeZonesTest" time="0.0"/>
  <testcase name="testCalendarTimezoneRespected(TimeZone)[498]" classname="org.apache.commons.lang3.time.FastDatePrinterTimeZonesTest" time="0.0"/>
  <testcase name="testCalendarTimezoneRespected(TimeZone)[499]" classname="org.apache.commons.lang3.time.FastDatePrinterTimeZonesTest" time="0.001"/>
  <testcase name="testCalendarTimezoneRespected(TimeZone)[500]" classname="org.apache.commons.lang3.time.FastDatePrinterTimeZonesTest" time="0.0"/>
  <testcase name="testCalendarTimezoneRespected(TimeZone)[501]" classname="org.apache.commons.lang3.time.FastDatePrinterTimeZonesTest" time="0.0"/>
  <testcase name="testCalendarTimezoneRespected(TimeZone)[502]" classname="org.apache.commons.lang3.time.FastDatePrinterTimeZonesTest" time="0.0"/>
  <testcase name="testCalendarTimezoneRespected(TimeZone)[503]" classname="org.apache.commons.lang3.time.FastDatePrinterTimeZonesTest" time="0.0"/>
  <testcase name="testCalendarTimezoneRespected(TimeZone)[504]" classname="org.apache.commons.lang3.time.FastDatePrinterTimeZonesTest" time="0.0"/>
  <testcase name="testCalendarTimezoneRespected(TimeZone)[505]" classname="org.apache.commons.lang3.time.FastDatePrinterTimeZonesTest" time="0.0"/>
  <testcase name="testCalendarTimezoneRespected(TimeZone)[506]" classname="org.apache.commons.lang3.time.FastDatePrinterTimeZonesTest" time="0.0"/>
  <testcase name="testCalendarTimezoneRespected(TimeZone)[507]" classname="org.apache.commons.lang3.time.FastDatePrinterTimeZonesTest" time="0.001"/>
  <testcase name="testCalendarTimezoneRespected(TimeZone)[508]" classname="org.apache.commons.lang3.time.FastDatePrinterTimeZonesTest" time="0.0"/>
  <testcase name="testCalendarTimezoneRespected(TimeZone)[509]" classname="org.apache.commons.lang3.time.FastDatePrinterTimeZonesTest" time="0.0"/>
  <testcase name="testCalendarTimezoneRespected(TimeZone)[510]" classname="org.apache.commons.lang3.time.FastDatePrinterTimeZonesTest" time="0.001"/>
  <testcase name="testCalendarTimezoneRespected(TimeZone)[511]" classname="org.apache.commons.lang3.time.FastDatePrinterTimeZonesTest" time="0.0"/>
  <testcase name="testCalendarTimezoneRespected(TimeZone)[512]" classname="org.apache.commons.lang3.time.FastDatePrinterTimeZonesTest" time="0.001"/>
  <testcase name="testCalendarTimezoneRespected(TimeZone)[513]" classname="org.apache.commons.lang3.time.FastDatePrinterTimeZonesTest" time="0.001"/>
  <testcase name="testCalendarTimezoneRespected(TimeZone)[514]" classname="org.apache.commons.lang3.time.FastDatePrinterTimeZonesTest" time="0.001"/>
  <testcase name="testCalendarTimezoneRespected(TimeZone)[515]" classname="org.apache.commons.lang3.time.FastDatePrinterTimeZonesTest" time="0.001"/>
  <testcase name="testCalendarTimezoneRespected(TimeZone)[516]" classname="org.apache.commons.lang3.time.FastDatePrinterTimeZonesTest" time="0.0"/>
  <testcase name="testCalendarTimezoneRespected(TimeZone)[517]" classname="org.apache.commons.lang3.time.FastDatePrinterTimeZonesTest" time="0.0"/>
  <testcase name="testCalendarTimezoneRespected(TimeZone)[518]" classname="org.apache.commons.lang3.time.FastDatePrinterTimeZonesTest" time="0.0"/>
  <testcase name="testCalendarTimezoneRespected(TimeZone)[519]" classname="org.apache.commons.lang3.time.FastDatePrinterTimeZonesTest" time="0.0"/>
  <testcase name="testCalendarTimezoneRespected(TimeZone)[520]" classname="org.apache.commons.lang3.time.FastDatePrinterTimeZonesTest" time="0.0"/>
  <testcase name="testCalendarTimezoneRespected(TimeZone)[521]" classname="org.apache.commons.lang3.time.FastDatePrinterTimeZonesTest" time="0.0"/>
  <testcase name="testCalendarTimezoneRespected(TimeZone)[522]" classname="org.apache.commons.lang3.time.FastDatePrinterTimeZonesTest" time="0.0"/>
  <testcase name="testCalendarTimezoneRespected(TimeZone)[523]" classname="org.apache.commons.lang3.time.FastDatePrinterTimeZonesTest" time="0.001"/>
  <testcase name="testCalendarTimezoneRespected(TimeZone)[524]" classname="org.apache.commons.lang3.time.FastDatePrinterTimeZonesTest" time="0.0"/>
  <testcase name="testCalendarTimezoneRespected(TimeZone)[525]" classname="org.apache.commons.lang3.time.FastDatePrinterTimeZonesTest" time="0.001"/>
  <testcase name="testCalendarTimezoneRespected(TimeZone)[526]" classname="org.apache.commons.lang3.time.FastDatePrinterTimeZonesTest" time="0.001"/>
  <testcase name="testCalendarTimezoneRespected(TimeZone)[527]" classname="org.apache.commons.lang3.time.FastDatePrinterTimeZonesTest" time="0.0"/>
  <testcase name="testCalendarTimezoneRespected(TimeZone)[528]" classname="org.apache.commons.lang3.time.FastDatePrinterTimeZonesTest" time="0.001"/>
  <testcase name="testCalendarTimezoneRespected(TimeZone)[529]" classname="org.apache.commons.lang3.time.FastDatePrinterTimeZonesTest" time="0.001"/>
  <testcase name="testCalendarTimezoneRespected(TimeZone)[530]" classname="org.apache.commons.lang3.time.FastDatePrinterTimeZonesTest" time="0.0"/>
  <testcase name="testCalendarTimezoneRespected(TimeZone)[531]" classname="org.apache.commons.lang3.time.FastDatePrinterTimeZonesTest" time="0.001"/>
  <testcase name="testCalendarTimezoneRespected(TimeZone)[532]" classname="org.apache.commons.lang3.time.FastDatePrinterTimeZonesTest" time="0.0"/>
  <testcase name="testCalendarTimezoneRespected(TimeZone)[533]" classname="org.apache.commons.lang3.time.FastDatePrinterTimeZonesTest" time="0.002"/>
  <testcase name="testCalendarTimezoneRespected(TimeZone)[534]" classname="org.apache.commons.lang3.time.FastDatePrinterTimeZonesTest" time="0.001"/>
  <testcase name="testCalendarTimezoneRespected(TimeZone)[535]" classname="org.apache.commons.lang3.time.FastDatePrinterTimeZonesTest" time="0.0"/>
  <testcase name="testCalendarTimezoneRespected(TimeZone)[536]" classname="org.apache.commons.lang3.time.FastDatePrinterTimeZonesTest" time="0.0"/>
  <testcase name="testCalendarTimezoneRespected(TimeZone)[537]" classname="org.apache.commons.lang3.time.FastDatePrinterTimeZonesTest" time="0.0"/>
  <testcase name="testCalendarTimezoneRespected(TimeZone)[538]" classname="org.apache.commons.lang3.time.FastDatePrinterTimeZonesTest" time="0.001"/>
  <testcase name="testCalendarTimezoneRespected(TimeZone)[539]" classname="org.apache.commons.lang3.time.FastDatePrinterTimeZonesTest" time="0.0"/>
  <testcase name="testCalendarTimezoneRespected(TimeZone)[540]" classname="org.apache.commons.lang3.time.FastDatePrinterTimeZonesTest" time="0.0"/>
  <testcase name="testCalendarTimezoneRespected(TimeZone)[541]" classname="org.apache.commons.lang3.time.FastDatePrinterTimeZonesTest" time="0.0"/>
  <testcase name="testCalendarTimezoneRespected(TimeZone)[542]" classname="org.apache.commons.lang3.time.FastDatePrinterTimeZonesTest" time="0.0"/>
  <testcase name="testCalendarTimezoneRespected(TimeZone)[543]" classname="org.apache.commons.lang3.time.FastDatePrinterTimeZonesTest" time="0.001"/>
  <testcase name="testCalendarTimezoneRespected(TimeZone)[544]" classname="org.apache.commons.lang3.time.FastDatePrinterTimeZonesTest" time="0.0"/>
  <testcase name="testCalendarTimezoneRespected(TimeZone)[545]" classname="org.apache.commons.lang3.time.FastDatePrinterTimeZonesTest" time="0.0"/>
  <testcase name="testCalendarTimezoneRespected(TimeZone)[546]" classname="org.apache.commons.lang3.time.FastDatePrinterTimeZonesTest" time="0.0"/>
  <testcase name="testCalendarTimezoneRespected(TimeZone)[547]" classname="org.apache.commons.lang3.time.FastDatePrinterTimeZonesTest" time="0.0"/>
  <testcase name="testCalendarTimezoneRespected(TimeZone)[548]" classname="org.apache.commons.lang3.time.FastDatePrinterTimeZonesTest" time="0.0"/>
  <testcase name="testCalendarTimezoneRespected(TimeZone)[549]" classname="org.apache.commons.lang3.time.FastDatePrinterTimeZonesTest" time="0.0"/>
  <testcase name="testCalendarTimezoneRespected(TimeZone)[550]" classname="org.apache.commons.lang3.time.FastDatePrinterTimeZonesTest" time="0.001"/>
  <testcase name="testCalendarTimezoneRespected(TimeZone)[551]" classname="org.apache.commons.lang3.time.FastDatePrinterTimeZonesTest" time="0.001"/>
  <testcase name="testCalendarTimezoneRespected(TimeZone)[552]" classname="org.apache.commons.lang3.time.FastDatePrinterTimeZonesTest" time="0.0"/>
  <testcase name="testCalendarTimezoneRespected(TimeZone)[553]" classname="org.apache.commons.lang3.time.FastDatePrinterTimeZonesTest" time="0.001"/>
  <testcase name="testCalendarTimezoneRespected(TimeZone)[554]" classname="org.apache.commons.lang3.time.FastDatePrinterTimeZonesTest" time="0.0"/>
  <testcase name="testCalendarTimezoneRespected(TimeZone)[555]" classname="org.apache.commons.lang3.time.FastDatePrinterTimeZonesTest" time="0.007"/>
  <testcase name="testCalendarTimezoneRespected(TimeZone)[556]" classname="org.apache.commons.lang3.time.FastDatePrinterTimeZonesTest" time="0.0"/>
  <testcase name="testCalendarTimezoneRespected(TimeZone)[557]" classname="org.apache.commons.lang3.time.FastDatePrinterTimeZonesTest" time="0.0"/>
  <testcase name="testCalendarTimezoneRespected(TimeZone)[558]" classname="org.apache.commons.lang3.time.FastDatePrinterTimeZonesTest" time="0.001"/>
  <testcase name="testCalendarTimezoneRespected(TimeZone)[559]" classname="org.apache.commons.lang3.time.FastDatePrinterTimeZonesTest" time="0.001"/>
  <testcase name="testCalendarTimezoneRespected(TimeZone)[560]" classname="org.apache.commons.lang3.time.FastDatePrinterTimeZonesTest" time="0.0"/>
  <testcase name="testCalendarTimezoneRespected(TimeZone)[561]" classname="org.apache.commons.lang3.time.FastDatePrinterTimeZonesTest" time="0.0"/>
  <testcase name="testCalendarTimezoneRespected(TimeZone)[562]" classname="org.apache.commons.lang3.time.FastDatePrinterTimeZonesTest" time="0.002"/>
  <testcase name="testCalendarTimezoneRespected(TimeZone)[563]" classname="org.apache.commons.lang3.time.FastDatePrinterTimeZonesTest" time="0.0"/>
  <testcase name="testCalendarTimezoneRespected(TimeZone)[564]" classname="org.apache.commons.lang3.time.FastDatePrinterTimeZonesTest" time="0.001"/>
  <testcase name="testCalendarTimezoneRespected(TimeZone)[565]" classname="org.apache.commons.lang3.time.FastDatePrinterTimeZonesTest" time="0.003"/>
  <testcase name="testCalendarTimezoneRespected(TimeZone)[566]" classname="org.apache.commons.lang3.time.FastDatePrinterTimeZonesTest" time="0.002"/>
  <testcase name="testCalendarTimezoneRespected(TimeZone)[567]" classname="org.apache.commons.lang3.time.FastDatePrinterTimeZonesTest" time="0.0"/>
  <testcase name="testCalendarTimezoneRespected(TimeZone)[568]" classname="org.apache.commons.lang3.time.FastDatePrinterTimeZonesTest" time="0.0"/>
  <testcase name="testCalendarTimezoneRespected(TimeZone)[569]" classname="org.apache.commons.lang3.time.FastDatePrinterTimeZonesTest" time="0.001"/>
  <testcase name="testCalendarTimezoneRespected(TimeZone)[570]" classname="org.apache.commons.lang3.time.FastDatePrinterTimeZonesTest" time="0.0"/>
  <testcase name="testCalendarTimezoneRespected(TimeZone)[571]" classname="org.apache.commons.lang3.time.FastDatePrinterTimeZonesTest" time="0.0"/>
  <testcase name="testCalendarTimezoneRespected(TimeZone)[572]" classname="org.apache.commons.lang3.time.FastDatePrinterTimeZonesTest" time="0.001"/>
  <testcase name="testCalendarTimezoneRespected(TimeZone)[573]" classname="org.apache.commons.lang3.time.FastDatePrinterTimeZonesTest" time="0.0"/>
  <testcase name="testCalendarTimezoneRespected(TimeZone)[574]" classname="org.apache.commons.lang3.time.FastDatePrinterTimeZonesTest" time="0.001"/>
  <testcase name="testCalendarTimezoneRespected(TimeZone)[575]" classname="org.apache.commons.lang3.time.FastDatePrinterTimeZonesTest" time="0.001"/>
  <testcase name="testCalendarTimezoneRespected(TimeZone)[576]" classname="org.apache.commons.lang3.time.FastDatePrinterTimeZonesTest" time="0.0"/>
  <testcase name="testCalendarTimezoneRespected(TimeZone)[577]" classname="org.apache.commons.lang3.time.FastDatePrinterTimeZonesTest" time="0.001"/>
  <testcase name="testCalendarTimezoneRespected(TimeZone)[578]" classname="org.apache.commons.lang3.time.FastDatePrinterTimeZonesTest" time="0.0"/>
  <testcase name="testCalendarTimezoneRespected(TimeZone)[579]" classname="org.apache.commons.lang3.time.FastDatePrinterTimeZonesTest" time="0.001"/>
  <testcase name="testCalendarTimezoneRespected(TimeZone)[580]" classname="org.apache.commons.lang3.time.FastDatePrinterTimeZonesTest" time="0.0"/>
  <testcase name="testCalendarTimezoneRespected(TimeZone)[581]" classname="org.apache.commons.lang3.time.FastDatePrinterTimeZonesTest" time="0.001"/>
  <testcase name="testCalendarTimezoneRespected(TimeZone)[582]" classname="org.apache.commons.lang3.time.FastDatePrinterTimeZonesTest" time="0.001"/>
  <testcase name="testCalendarTimezoneRespected(TimeZone)[583]" classname="org.apache.commons.lang3.time.FastDatePrinterTimeZonesTest" time="0.001"/>
  <testcase name="testCalendarTimezoneRespected(TimeZone)[584]" classname="org.apache.commons.lang3.time.FastDatePrinterTimeZonesTest" time="0.0"/>
  <testcase name="testCalendarTimezoneRespected(TimeZone)[585]" classname="org.apache.commons.lang3.time.FastDatePrinterTimeZonesTest" time="0.001"/>
  <testcase name="testCalendarTimezoneRespected(TimeZone)[586]" classname="org.apache.commons.lang3.time.FastDatePrinterTimeZonesTest" time="0.0"/>
  <testcase name="testCalendarTimezoneRespected(TimeZone)[587]" classname="org.apache.commons.lang3.time.FastDatePrinterTimeZonesTest" time="0.001"/>
  <testcase name="testCalendarTimezoneRespected(TimeZone)[588]" classname="org.apache.commons.lang3.time.FastDatePrinterTimeZonesTest" time="0.0"/>
  <testcase name="testCalendarTimezoneRespected(TimeZone)[589]" classname="org.apache.commons.lang3.time.FastDatePrinterTimeZonesTest" time="0.0"/>
  <testcase name="testCalendarTimezoneRespected(TimeZone)[590]" classname="org.apache.commons.lang3.time.FastDatePrinterTimeZonesTest" time="0.001"/>
  <testcase name="testCalendarTimezoneRespected(TimeZone)[591]" classname="org.apache.commons.lang3.time.FastDatePrinterTimeZonesTest" time="0.0"/>
  <testcase name="testCalendarTimezoneRespected(TimeZone)[592]" classname="org.apache.commons.lang3.time.FastDatePrinterTimeZonesTest" time="0.001"/>
  <testcase name="testCalendarTimezoneRespected(TimeZone)[593]" classname="org.apache.commons.lang3.time.FastDatePrinterTimeZonesTest" time="0.0"/>
  <testcase name="testCalendarTimezoneRespected(TimeZone)[594]" classname="org.apache.commons.lang3.time.FastDatePrinterTimeZonesTest" time="0.001"/>
  <testcase name="testCalendarTimezoneRespected(TimeZone)[595]" classname="org.apache.commons.lang3.time.FastDatePrinterTimeZonesTest" time="0.0"/>
  <testcase name="testCalendarTimezoneRespected(TimeZone)[596]" classname="org.apache.commons.lang3.time.FastDatePrinterTimeZonesTest" time="0.0"/>
  <testcase name="testCalendarTimezoneRespected(TimeZone)[597]" classname="org.apache.commons.lang3.time.FastDatePrinterTimeZonesTest" time="0.0"/>
  <testcase name="testCalendarTimezoneRespected(TimeZone)[598]" classname="org.apache.commons.lang3.time.FastDatePrinterTimeZonesTest" time="0.001"/>
  <testcase name="testCalendarTimezoneRespected(TimeZone)[599]" classname="org.apache.commons.lang3.time.FastDatePrinterTimeZonesTest" time="0.0"/>
  <testcase name="testCalendarTimezoneRespected(TimeZone)[600]" classname="org.apache.commons.lang3.time.FastDatePrinterTimeZonesTest" time="0.0"/>
  <testcase name="testCalendarTimezoneRespected(TimeZone)[601]" classname="org.apache.commons.lang3.time.FastDatePrinterTimeZonesTest" time="0.008"/>
  <testcase name="testCalendarTimezoneRespected(TimeZone)[602]" classname="org.apache.commons.lang3.time.FastDatePrinterTimeZonesTest" time="0.0"/>
  <testcase name="testCalendarTimezoneRespected(TimeZone)[603]" classname="org.apache.commons.lang3.time.FastDatePrinterTimeZonesTest" time="0.0"/>
  <testcase name="testCalendarTimezoneRespected(TimeZone)[604]" classname="org.apache.commons.lang3.time.FastDatePrinterTimeZonesTest" time="0.001"/>
  <testcase name="testCalendarTimezoneRespected(TimeZone)[605]" classname="org.apache.commons.lang3.time.FastDatePrinterTimeZonesTest" time="0.0"/>
  <testcase name="testCalendarTimezoneRespected(TimeZone)[606]" classname="org.apache.commons.lang3.time.FastDatePrinterTimeZonesTest" time="0.0"/>
  <testcase name="testCalendarTimezoneRespected(TimeZone)[607]" classname="org.apache.commons.lang3.time.FastDatePrinterTimeZonesTest" time="0.0"/>
  <testcase name="testCalendarTimezoneRespected(TimeZone)[608]" classname="org.apache.commons.lang3.time.FastDatePrinterTimeZonesTest" time="0.0"/>
  <testcase name="testCalendarTimezoneRespected(TimeZone)[609]" classname="org.apache.commons.lang3.time.FastDatePrinterTimeZonesTest" time="0.0"/>
  <testcase name="testCalendarTimezoneRespected(TimeZone)[610]" classname="org.apache.commons.lang3.time.FastDatePrinterTimeZonesTest" time="0.0"/>
  <testcase name="testCalendarTimezoneRespected(TimeZone)[611]" classname="org.apache.commons.lang3.time.FastDatePrinterTimeZonesTest" time="0.0"/>
  <testcase name="testCalendarTimezoneRespected(TimeZone)[612]" classname="org.apache.commons.lang3.time.FastDatePrinterTimeZonesTest" time="0.001"/>
  <testcase name="testCalendarTimezoneRespected(TimeZone)[613]" classname="org.apache.commons.lang3.time.FastDatePrinterTimeZonesTest" time="0.0"/>
  <testcase name="testCalendarTimezoneRespected(TimeZone)[614]" classname="org.apache.commons.lang3.time.FastDatePrinterTimeZonesTest" time="0.001"/>
  <testcase name="testCalendarTimezoneRespected(TimeZone)[615]" classname="org.apache.commons.lang3.time.FastDatePrinterTimeZonesTest" time="0.0"/>
  <testcase name="testCalendarTimezoneRespected(TimeZone)[616]" classname="org.apache.commons.lang3.time.FastDatePrinterTimeZonesTest" time="0.0"/>
  <testcase name="testCalendarTimezoneRespected(TimeZone)[617]" classname="org.apache.commons.lang3.time.FastDatePrinterTimeZonesTest" time="0.001"/>
  <testcase name="testCalendarTimezoneRespected(TimeZone)[618]" classname="org.apache.commons.lang3.time.FastDatePrinterTimeZonesTest" time="0.0"/>
  <testcase name="testCalendarTimezoneRespected(TimeZone)[619]" classname="org.apache.commons.lang3.time.FastDatePrinterTimeZonesTest" time="0.0"/>
  <testcase name="testCalendarTimezoneRespected(TimeZone)[620]" classname="org.apache.commons.lang3.time.FastDatePrinterTimeZonesTest" time="0.001"/>
  <testcase name="testCalendarTimezoneRespected(TimeZone)[621]" classname="org.apache.commons.lang3.time.FastDatePrinterTimeZonesTest" time="0.0"/>
  <testcase name="testCalendarTimezoneRespected(TimeZone)[622]" classname="org.apache.commons.lang3.time.FastDatePrinterTimeZonesTest" time="0.001"/>
  <testcase name="testCalendarTimezoneRespected(TimeZone)[623]" classname="org.apache.commons.lang3.time.FastDatePrinterTimeZonesTest" time="0.0"/>
  <testcase name="testCalendarTimezoneRespected(TimeZone)[624]" classname="org.apache.commons.lang3.time.FastDatePrinterTimeZonesTest" time="0.002"/>
  <testcase name="testCalendarTimezoneRespected(TimeZone)[625]" classname="org.apache.commons.lang3.time.FastDatePrinterTimeZonesTest" time="0.002"/>
  <testcase name="testCalendarTimezoneRespected(TimeZone)[626]" classname="org.apache.commons.lang3.time.FastDatePrinterTimeZonesTest" time="0.0"/>
  <testcase name="testCalendarTimezoneRespected(TimeZone)[627]" classname="org.apache.commons.lang3.time.FastDatePrinterTimeZonesTest" time="0.0"/>
  <testcase name="testCalendarTimezoneRespected(TimeZone)[628]" classname="org.apache.commons.lang3.time.FastDatePrinterTimeZonesTest" time="0.0"/>
  <testcase name="testCalendarTimezoneRespected(TimeZone)[629]" classname="org.apache.commons.lang3.time.FastDatePrinterTimeZonesTest" time="0.001"/>
  <testcase name="testCalendarTimezoneRespected(TimeZone)[630]" classname="org.apache.commons.lang3.time.FastDatePrinterTimeZonesTest" time="0.002"/>
  <testcase name="testCalendarTimezoneRespected(TimeZone)[631]" classname="org.apache.commons.lang3.time.FastDatePrinterTimeZonesTest" time="0.001"/>
</testsuite>