<?xml version="1.0" encoding="UTF-8"?>
<testsuite xmlns:xsi="http://www.w3.org/2001/XMLSchema-instance" xsi:noNamespaceSchemaLocation="https://maven.apache.org/surefire/maven-surefire-plugin/xsd/surefire-test-report.xsd" version="3.0.2" name="org.apache.commons.lang3.LocaleUtilsTest" time="1.736" tests="2155" errors="0" skipped="0" failures="0">
  <properties>
    <property name="java.specification.version" value="21"/>
    <property name="sun.cpu.isalist" value="amd64"/>
    <property name="sun.jnu.encoding" value="Cp1253"/>
    <property name="java.class.path" value="C:\Users\user\Code_generation_LLMs\AutoTestLab\packages\commons-lang3-3.17.0-src\target\test-classes;C:\Users\user\Code_generation_LLMs\AutoTestLab\packages\commons-lang3-3.17.0-src\target\classes;C:\Users\user\.m2\repository\org\junit\jupiter\junit-jupiter\5.11.0\junit-jupiter-5.11.0.jar;C:\Users\user\.m2\repository\org\junit\jupiter\junit-jupiter-api\5.11.0\junit-jupiter-api-5.11.0.jar;C:\Users\user\.m2\repository\org\opentest4j\opentest4j\1.3.0\opentest4j-1.3.0.jar;C:\Users\user\.m2\repository\org\junit\platform\junit-platform-commons\1.11.0\junit-platform-commons-1.11.0.jar;C:\Users\user\.m2\repository\org\apiguardian\apiguardian-api\1.1.2\apiguardian-api-1.1.2.jar;C:\Users\user\.m2\repository\org\junit\jupiter\junit-jupiter-params\5.11.0\junit-jupiter-params-5.11.0.jar;C:\Users\user\.m2\repository\org\junit\jupiter\junit-jupiter-engine\5.11.0\junit-jupiter-engine-5.11.0.jar;C:\Users\user\.m2\repository\org\junit\platform\junit-platform-engine\1.11.0\junit-platform-engine-1.11.0.jar;C:\Users\user\.m2\repository\org\junit-pioneer\junit-pioneer\1.9.1\junit-pioneer-1.9.1.jar;C:\Users\user\.m2\repository\org\junit\platform\junit-platform-launcher\1.11.0\junit-platform-launcher-1.11.0.jar;C:\Users\user\.m2\repository\org\hamcrest\hamcrest\3.0\hamcrest-3.0.jar;C:\Users\user\.m2\repository\org\easymock\easymock\5.4.0\easymock-5.4.0.jar;C:\Users\user\.m2\repository\net\bytebuddy\byte-buddy\1.14.18\byte-buddy-1.14.18.jar;C:\Users\user\.m2\repository\org\ow2\asm\asm\9.7\asm-9.7.jar;C:\Users\user\.m2\repository\org\objenesis\objenesis\3.4\objenesis-3.4.jar;C:\Users\user\.m2\repository\org\apache\commons\commons-text\1.12.0\commons-text-1.12.0.jar;C:\Users\user\.m2\repository\org\apache\commons\commons-lang3\3.14.0\commons-lang3-3.14.0.jar;C:\Users\user\.m2\repository\org\openjdk\jmh\jmh-core\1.37\jmh-core-1.37.jar;C:\Users\user\.m2\repository\net\sf\jopt-simple\jopt-simple\5.0.4\jopt-simple-5.0.4.jar;C:\Users\user\.m2\repository\org\apache\commons\commons-math3\3.6.1\commons-math3-3.6.1.jar;C:\Users\user\.m2\repository\org\openjdk\jmh\jmh-generator-annprocess\1.37\jmh-generator-annprocess-1.37.jar;C:\Users\user\.m2\repository\com\google\code\findbugs\jsr305\3.0.2\jsr305-3.0.2.jar;"/>
    <property name="java.vm.vendor" value="Oracle Corporation"/>
    <property name="sun.arch.data.model" value="64"/>
    <property name="user.variant" value=""/>
    <property name="java.vendor.url" value="https://java.oracle.com/"/>
    <property name="user.timezone" value="Europe/Athens"/>
    <property name="os.name" value="Windows 10"/>
    <property name="java.vm.specification.version" value="21"/>
    <property name="sun.java.launcher" value="SUN_STANDARD"/>
    <property name="user.country" value="GR"/>
    <property name="sun.boot.library.path" value="C:\Program Files\Java\jdk-21\bin"/>
    <property name="sun.java.command" value="C:\Users\user\AppData\Local\Temp\surefire16562866153069575988\surefirebooter-20241011161714472_3.jar C:\Users\user\AppData\Local\Temp\surefire16562866153069575988 2024-10-11T16-17-14_121-jvmRun1 surefire-20241011161714472_1tmp surefire_0-20241011161714472_2tmp"/>
    <property name="jdk.debug" value="release"/>
    <property name="surefire.test.class.path" value="C:\Users\user\Code_generation_LLMs\AutoTestLab\packages\commons-lang3-3.17.0-src\target\test-classes;C:\Users\user\Code_generation_LLMs\AutoTestLab\packages\commons-lang3-3.17.0-src\target\classes;C:\Users\user\.m2\repository\org\junit\jupiter\junit-jupiter\5.11.0\junit-jupiter-5.11.0.jar;C:\Users\user\.m2\repository\org\junit\jupiter\junit-jupiter-api\5.11.0\junit-jupiter-api-5.11.0.jar;C:\Users\user\.m2\repository\org\opentest4j\opentest4j\1.3.0\opentest4j-1.3.0.jar;C:\Users\user\.m2\repository\org\junit\platform\junit-platform-commons\1.11.0\junit-platform-commons-1.11.0.jar;C:\Users\user\.m2\repository\org\apiguardian\apiguardian-api\1.1.2\apiguardian-api-1.1.2.jar;C:\Users\user\.m2\repository\org\junit\jupiter\junit-jupiter-params\5.11.0\junit-jupiter-params-5.11.0.jar;C:\Users\user\.m2\repository\org\junit\jupiter\junit-jupiter-engine\5.11.0\junit-jupiter-engine-5.11.0.jar;C:\Users\user\.m2\repository\org\junit\platform\junit-platform-engine\1.11.0\junit-platform-engine-1.11.0.jar;C:\Users\user\.m2\repository\org\junit-pioneer\junit-pioneer\1.9.1\junit-pioneer-1.9.1.jar;C:\Users\user\.m2\repository\org\junit\platform\junit-platform-launcher\1.11.0\junit-platform-launcher-1.11.0.jar;C:\Users\user\.m2\repository\org\hamcrest\hamcrest\3.0\hamcrest-3.0.jar;C:\Users\user\.m2\repository\org\easymock\easymock\5.4.0\easymock-5.4.0.jar;C:\Users\user\.m2\repository\net\bytebuddy\byte-buddy\1.14.18\byte-buddy-1.14.18.jar;C:\Users\user\.m2\repository\org\ow2\asm\asm\9.7\asm-9.7.jar;C:\Users\user\.m2\repository\org\objenesis\objenesis\3.4\objenesis-3.4.jar;C:\Users\user\.m2\repository\org\apache\commons\commons-text\1.12.0\commons-text-1.12.0.jar;C:\Users\user\.m2\repository\org\apache\commons\commons-lang3\3.14.0\commons-lang3-3.14.0.jar;C:\Users\user\.m2\repository\org\openjdk\jmh\jmh-core\1.37\jmh-core-1.37.jar;C:\Users\user\.m2\repository\net\sf\jopt-simple\jopt-simple\5.0.4\jopt-simple-5.0.4.jar;C:\Users\user\.m2\repository\org\apache\commons\commons-math3\3.6.1\commons-math3-3.6.1.jar;C:\Users\user\.m2\repository\org\openjdk\jmh\jmh-generator-annprocess\1.37\jmh-generator-annprocess-1.37.jar;C:\Users\user\.m2\repository\com\google\code\findbugs\jsr305\3.0.2\jsr305-3.0.2.jar;"/>
    <property name="sun.cpu.endian" value="little"/>
    <property name="user.home" value="C:\Users\user"/>
    <property name="user.language" value="el"/>
    <property name="java.specification.vendor" value="Oracle Corporation"/>
    <property name="java.version.date" value="2024-01-16"/>
    <property name="java.home" value="C:\Program Files\Java\jdk-21"/>
    <property name="file.separator" value="\"/>
    <property name="basedir" value="C:\Users\user\Code_generation_LLMs\AutoTestLab\packages\commons-lang3-3.17.0-src"/>
    <property name="java.vm.compressedOopsMode" value="32-bit"/>
    <property name="line.separator" value="&#10;"/>
    <property name="java.vm.specification.vendor" value="Oracle Corporation"/>
    <property name="java.specification.name" value="Java Platform API Specification"/>
    <property name="surefire.real.class.path" value="C:\Users\user\AppData\Local\Temp\surefire16562866153069575988\surefirebooter-20241011161714472_3.jar"/>
    <property name="user.script" value=""/>
    <property name="sun.management.compiler" value="HotSpot 64-Bit Tiered Compilers"/>
    <property name="java.runtime.version" value="21.0.2+13-LTS-58"/>
    <property name="user.name" value="user"/>
    <property name="stdout.encoding" value="UTF-8"/>
    <property name="path.separator" value=";"/>
    <property name="os.version" value="10.0"/>
    <property name="java.runtime.name" value="Java(TM) SE Runtime Environment"/>
    <property name="file.encoding" value="UTF-8"/>
    <property name="java.vm.name" value="Java HotSpot(TM) 64-Bit Server VM"/>
    <property name="localRepository" value="C:\Users\user\.m2\repository"/>
    <property name="java.vendor.url.bug" value="https://bugreport.java.com/bugreport/"/>
    <property name="java.io.tmpdir" value="C:\Users\user\AppData\Local\Temp\"/>
    <property name="java.version" value="21.0.2"/>
    <property name="user.dir" value="C:\Users\user\Code_generation_LLMs\AutoTestLab\packages\commons-lang3-3.17.0-src"/>
    <property name="os.arch" value="amd64"/>
    <property name="java.vm.specification.name" value="Java Virtual Machine Specification"/>
    <property name="sun.os.patch.level" value=""/>
    <property name="native.encoding" value="Cp1253"/>
    <property name="java.library.path" value="C:\Program Files\Java\jdk-21\bin;C:\WINDOWS\Sun\Java\bin;C:\WINDOWS\system32;C:\WINDOWS;C:\Users\user\miniconda3\envs\myenv;C:\Users\user\miniconda3\envs\myenv\Library\mingw-w64\bin;C:\Users\user\miniconda3\envs\myenv\Library\usr\bin;C:\Users\user\miniconda3\envs\myenv\Library\bin;C:\Users\user\miniconda3\envs\myenv\Scripts;C:\Users\user\miniconda3\envs\myenv\bin;C:\Users\user\AppData\Roaming\Code\User\globalStorage\pleiades.java-extension-pack-jdk\gradle\latest\bin;C:\Users\user\AppData\Roaming\Code\User\globalStorage\pleiades.java-extension-pack-jdk\maven\latest\bin;C:\Program Files\Java\jdk-21\bin;C:\Program Files\NVIDIA\CUDNN\v9.0\bin;C:\Program Files\NVIDIA GPU Computing Toolkit\CUDA\v12.3\bin;C:\Program Files\NVIDIA GPU Computing Toolkit\CUDA\v12.3\libnvvp;C:\Program Files\Common Files\Oracle\Java\javapath;C:\Program Files (x86)\Common Files\Oracle\Java\java8path;C:\Program Files (x86)\Common Files\Oracle\Java\javapath;C:\WINDOWS\system32;C:\WINDOWS;C:\WINDOWS\System32\Wbem;C:\WINDOWS\System32\WindowsPowerShell\v1.0;C:\WINDOWS\System32\OpenSSH;C:\Program Files\Intel\WiFi\bin;C:\Program Files\Common Files\Intel\WirelessCommon;c:\Program Files (x86)\Intel\Intel(R) Management Engine Components\DAL;c:\Program Files\Intel\Intel(R) Management Engine Components\DAL;C:\Users\user\Desktop\Large Scale Data Management;C:\Program Files\Vagrant\bin;C:\Program Files\Git\cmd;C:\Program Files\apache-maven-3.9.6\bin;C:\Program Files\NVIDIA Corporation\Nsight Compute 2023.3.1;C:\Program Files (x86)\NVIDIA Corporation\PhysX\Common;C:\Program Files\NVIDIA Corporation\Installer2;C:\Program Files\nodejs;C:\Users\user\defects4j\framework\bin;C:\Program Files\Java\jdk1.8.0_202\bin;C:\Strawberry\c\bin;C:\Strawberry\perl\site\bin;C:\Strawberry\perl\bin;C:\Users\user\defects4j\framework\bin;C:\Windows\System32;C:\Program Files\TortoiseSVN\bin;C:\Program Files\Java\jdk1.8.0_202\bin;C:\Users\user\miniconda3\envs\ujb;C:\Users\user\miniconda3\envs\ujb\Library\mingw-w64\bin;C:\Users\user\miniconda3\envs\ujb\Library\usr\bin;C:\Users\user\miniconda3\envs\ujb\Library\bin;C:\Users\user\miniconda3\envs\ujb\Scripts;C:\Users\user\miniconda3\envs\ujb\bin;C:\Users\user\miniconda3\condabin;C:\Program Files\NVIDIA\CUDNN\v9.0\bin;C:\Program Files\NVIDIA GPU Computing Toolkit\CUDA\v12.3\bin;C:\Program Files\NVIDIA GPU Computing Toolkit\CUDA\v12.3\libnvvp;C:\Program Files\Common Files\Oracle\Java\javapath;C:\Program Files (x86)\Common Files\Oracle\Java\java8path;C:\Program Files (x86)\Common Files\Oracle\Java\javapath;C:\WINDOWS\system32;C:\WINDOWS;C:\WINDOWS\System32\Wbem;C:\WINDOWS\System32\WindowsPowerShell\v1.0;C:\WINDOWS\System32\OpenSSH;C:\Program Files\Intel\WiFi\bin;C:\Program Files\Common Files\Intel\WirelessCommon;c:\Program Files (x86)\Intel\Intel(R) Management Engine Components\DAL;c:\Program Files\Intel\Intel(R) Management Engine Components\DAL;C:\Users;C:\Users\user\AppData\Local\Programs\Microsoft VS Code\bin;."/>
    <property name="java.vm.info" value="mixed mode, sharing"/>
    <property name="stderr.encoding" value="UTF-8"/>
    <property name="java.vendor" value="Oracle Corporation"/>
    <property name="java.vm.version" value="21.0.2+13-LTS-58"/>
    <property name="sun.io.unicode.encoding" value="UnicodeLittle"/>
    <property name="java.class.version" value="65.0"/>
  </properties>
  <testcase name="testAvailableLocaleSet" classname="org.apache.commons.lang3.LocaleUtilsTest" time="0.091"/>
  <testcase name="testIsAvailableLocale" classname="org.apache.commons.lang3.LocaleUtilsTest" time="0.0"/>
  <testcase name="testIsLanguageUndetermined" classname="org.apache.commons.lang3.LocaleUtilsTest" time="0.001"/>
  <testcase name="testAvailableLocaleList" classname="org.apache.commons.lang3.LocaleUtilsTest" time="0.001"/>
  <testcase name="testToLocale_Locale_defaults" classname="org.apache.commons.lang3.LocaleUtilsTest" time="0.0"/>
  <testcase name="testToLocales(Locale)[1]" classname="org.apache.commons.lang3.LocaleUtilsTest" time="0.001"/>
  <testcase name="testToLocales(Locale)[2]" classname="org.apache.commons.lang3.LocaleUtilsTest" time="0.001"/>
  <testcase name="testToLocales(Locale)[3]" classname="org.apache.commons.lang3.LocaleUtilsTest" time="0.001"/>
  <testcase name="testToLocales(Locale)[4]" classname="org.apache.commons.lang3.LocaleUtilsTest" time="0.001"/>
  <testcase name="testToLocales(Locale)[5]" classname="org.apache.commons.lang3.LocaleUtilsTest" time="0.0"/>
  <testcase name="testToLocales(Locale)[6]" classname="org.apache.commons.lang3.LocaleUtilsTest" time="0.0"/>
  <testcase name="testToLocales(Locale)[7]" classname="org.apache.commons.lang3.LocaleUtilsTest" time="0.001"/>
  <testcase name="testToLocales(Locale)[8]" classname="org.apache.commons.lang3.LocaleUtilsTest" time="0.0"/>
  <testcase name="testToLocales(Locale)[9]" classname="org.apache.commons.lang3.LocaleUtilsTest" time="0.001"/>
  <testcase name="testToLocales(Locale)[10]" classname="org.apache.commons.lang3.LocaleUtilsTest" time="0.001"/>
  <testcase name="testToLocales(Locale)[11]" classname="org.apache.commons.lang3.LocaleUtilsTest" time="0.001"/>
  <testcase name="testToLocales(Locale)[12]" classname="org.apache.commons.lang3.LocaleUtilsTest" time="0.001"/>
  <testcase name="testToLocales(Locale)[13]" classname="org.apache.commons.lang3.LocaleUtilsTest" time="0.0"/>
  <testcase name="testToLocales(Locale)[14]" classname="org.apache.commons.lang3.LocaleUtilsTest" time="0.0"/>
  <testcase name="testToLocales(Locale)[15]" classname="org.apache.commons.lang3.LocaleUtilsTest" time="0.0"/>
  <testcase name="testToLocales(Locale)[16]" classname="org.apache.commons.lang3.LocaleUtilsTest" time="0.0"/>
  <testcase name="testToLocales(Locale)[17]" classname="org.apache.commons.lang3.LocaleUtilsTest" time="0.0"/>
  <testcase name="testToLocales(Locale)[18]" classname="org.apache.commons.lang3.LocaleUtilsTest" time="0.0"/>
  <testcase name="testToLocales(Locale)[19]" classname="org.apache.commons.lang3.LocaleUtilsTest" time="0.001"/>
  <testcase name="testToLocales(Locale)[20]" classname="org.apache.commons.lang3.LocaleUtilsTest" time="0.0"/>
  <testcase name="testToLocales(Locale)[21]" classname="org.apache.commons.lang3.LocaleUtilsTest" time="0.0"/>
  <testcase name="testToLocales(Locale)[22]" classname="org.apache.commons.lang3.LocaleUtilsTest" time="0.001"/>
  <testcase name="testToLocales(Locale)[23]" classname="org.apache.commons.lang3.LocaleUtilsTest" time="0.0"/>
  <testcase name="testToLocales(Locale)[24]" classname="org.apache.commons.lang3.LocaleUtilsTest" time="0.001"/>
  <testcase name="testToLocales(Locale)[25]" classname="org.apache.commons.lang3.LocaleUtilsTest" time="0.001"/>
  <testcase name="testToLocales(Locale)[26]" classname="org.apache.commons.lang3.LocaleUtilsTest" time="0.001"/>
  <testcase name="testToLocales(Locale)[27]" classname="org.apache.commons.lang3.LocaleUtilsTest" time="0.001"/>
  <testcase name="testToLocales(Locale)[28]" classname="org.apache.commons.lang3.LocaleUtilsTest" time="0.001"/>
  <testcase name="testToLocales(Locale)[29]" classname="org.apache.commons.lang3.LocaleUtilsTest" time="0.001"/>
  <testcase name="testToLocales(Locale)[30]" classname="org.apache.commons.lang3.LocaleUtilsTest" time="0.001"/>
  <testcase name="testToLocales(Locale)[31]" classname="org.apache.commons.lang3.LocaleUtilsTest" time="0.0"/>
  <testcase name="testToLocales(Locale)[32]" classname="org.apache.commons.lang3.LocaleUtilsTest" time="0.001"/>
  <testcase name="testToLocales(Locale)[33]" classname="org.apache.commons.lang3.LocaleUtilsTest" time="0.001"/>
  <testcase name="testToLocales(Locale)[34]" classname="org.apache.commons.lang3.LocaleUtilsTest" time="0.0"/>
  <testcase name="testToLocales(Locale)[35]" classname="org.apache.commons.lang3.LocaleUtilsTest" time="0.0"/>
  <testcase name="testToLocales(Locale)[36]" classname="org.apache.commons.lang3.LocaleUtilsTest" time="0.0"/>
  <testcase name="testToLocales(Locale)[37]" classname="org.apache.commons.lang3.LocaleUtilsTest" time="0.0"/>
  <testcase name="testToLocales(Locale)[38]" classname="org.apache.commons.lang3.LocaleUtilsTest" time="0.001"/>
  <testcase name="testToLocales(Locale)[39]" classname="org.apache.commons.lang3.LocaleUtilsTest" time="0.001"/>
  <testcase name="testToLocales(Locale)[40]" classname="org.apache.commons.lang3.LocaleUtilsTest" time="0.001"/>
  <testcase name="testToLocales(Locale)[41]" classname="org.apache.commons.lang3.LocaleUtilsTest" time="0.001"/>
  <testcase name="testToLocales(Locale)[42]" classname="org.apache.commons.lang3.LocaleUtilsTest" time="0.001"/>
  <testcase name="testToLocales(Locale)[43]" classname="org.apache.commons.lang3.LocaleUtilsTest" time="0.001"/>
  <testcase name="testToLocales(Locale)[44]" classname="org.apache.commons.lang3.LocaleUtilsTest" time="0.001"/>
  <testcase name="testToLocales(Locale)[45]" classname="org.apache.commons.lang3.LocaleUtilsTest" time="0.001"/>
  <testcase name="testToLocales(Locale)[46]" classname="org.apache.commons.lang3.LocaleUtilsTest" time="0.001"/>
  <testcase name="testToLocales(Locale)[47]" classname="org.apache.commons.lang3.LocaleUtilsTest" time="0.001"/>
  <testcase name="testToLocales(Locale)[48]" classname="org.apache.commons.lang3.LocaleUtilsTest" time="0.001"/>
  <testcase name="testToLocales(Locale)[49]" classname="org.apache.commons.lang3.LocaleUtilsTest" time="0.001"/>
  <testcase name="testToLocales(Locale)[50]" classname="org.apache.commons.lang3.LocaleUtilsTest" time="0.0"/>
  <testcase name="testToLocales(Locale)[51]" classname="org.apache.commons.lang3.LocaleUtilsTest" time="0.0"/>
  <testcase name="testToLocales(Locale)[52]" classname="org.apache.commons.lang3.LocaleUtilsTest" time="0.001"/>
  <testcase name="testToLocales(Locale)[53]" classname="org.apache.commons.lang3.LocaleUtilsTest" time="0.0"/>
  <testcase name="testToLocales(Locale)[54]" classname="org.apache.commons.lang3.LocaleUtilsTest" time="0.0"/>
  <testcase name="testToLocales(Locale)[55]" classname="org.apache.commons.lang3.LocaleUtilsTest" time="0.0"/>
  <testcase name="testToLocales(Locale)[56]" classname="org.apache.commons.lang3.LocaleUtilsTest" time="0.001"/>
  <testcase name="testToLocales(Locale)[57]" classname="org.apache.commons.lang3.LocaleUtilsTest" time="0.0"/>
  <testcase name="testToLocales(Locale)[58]" classname="org.apache.commons.lang3.LocaleUtilsTest" time="0.0"/>
  <testcase name="testToLocales(Locale)[59]" classname="org.apache.commons.lang3.LocaleUtilsTest" time="0.0"/>
  <testcase name="testToLocales(Locale)[60]" classname="org.apache.commons.lang3.LocaleUtilsTest" time="0.0"/>
  <testcase name="testToLocales(Locale)[61]" classname="org.apache.commons.lang3.LocaleUtilsTest" time="0.001"/>
  <testcase name="testToLocales(Locale)[62]" classname="org.apache.commons.lang3.LocaleUtilsTest" time="0.0"/>
  <testcase name="testToLocales(Locale)[63]" classname="org.apache.commons.lang3.LocaleUtilsTest" time="0.0"/>
  <testcase name="testToLocales(Locale)[64]" classname="org.apache.commons.lang3.LocaleUtilsTest" time="0.0"/>
  <testcase name="testToLocales(Locale)[65]" classname="org.apache.commons.lang3.LocaleUtilsTest" time="0.0"/>
  <testcase name="testToLocales(Locale)[66]" classname="org.apache.commons.lang3.LocaleUtilsTest" time="0.001"/>
  <testcase name="testToLocales(Locale)[67]" classname="org.apache.commons.lang3.LocaleUtilsTest" time="0.002"/>
  <testcase name="testToLocales(Locale)[68]" classname="org.apache.commons.lang3.LocaleUtilsTest" time="0.001"/>
  <testcase name="testToLocales(Locale)[69]" classname="org.apache.commons.lang3.LocaleUtilsTest" time="0.0"/>
  <testcase name="testToLocales(Locale)[70]" classname="org.apache.commons.lang3.LocaleUtilsTest" time="0.0"/>
  <testcase name="testToLocales(Locale)[71]" classname="org.apache.commons.lang3.LocaleUtilsTest" time="0.001"/>
  <testcase name="testToLocales(Locale)[72]" classname="org.apache.commons.lang3.LocaleUtilsTest" time="0.0"/>
  <testcase name="testToLocales(Locale)[73]" classname="org.apache.commons.lang3.LocaleUtilsTest" time="0.001"/>
  <testcase name="testToLocales(Locale)[74]" classname="org.apache.commons.lang3.LocaleUtilsTest" time="0.0"/>
  <testcase name="testToLocales(Locale)[75]" classname="org.apache.commons.lang3.LocaleUtilsTest" time="0.0"/>
  <testcase name="testToLocales(Locale)[76]" classname="org.apache.commons.lang3.LocaleUtilsTest" time="0.0"/>
  <testcase name="testToLocales(Locale)[77]" classname="org.apache.commons.lang3.LocaleUtilsTest" time="0.001"/>
  <testcase name="testToLocales(Locale)[78]" classname="org.apache.commons.lang3.LocaleUtilsTest" time="0.001"/>
  <testcase name="testToLocales(Locale)[79]" classname="org.apache.commons.lang3.LocaleUtilsTest" time="0.002"/>
  <testcase name="testToLocales(Locale)[80]" classname="org.apache.commons.lang3.LocaleUtilsTest" time="0.001"/>
  <testcase name="testToLocales(Locale)[81]" classname="org.apache.commons.lang3.LocaleUtilsTest" time="0.0"/>
  <testcase name="testToLocales(Locale)[82]" classname="org.apache.commons.lang3.LocaleUtilsTest" time="0.0"/>
  <testcase name="testToLocales(Locale)[83]" classname="org.apache.commons.lang3.LocaleUtilsTest" time="0.0"/>
  <testcase name="testToLocales(Locale)[84]" classname="org.apache.commons.lang3.LocaleUtilsTest" time="0.0"/>
  <testcase name="testToLocales(Locale)[85]" classname="org.apache.commons.lang3.LocaleUtilsTest" time="0.001"/>
  <testcase name="testToLocales(Locale)[86]" classname="org.apache.commons.lang3.LocaleUtilsTest" time="0.0"/>
  <testcase name="testToLocales(Locale)[87]" classname="org.apache.commons.lang3.LocaleUtilsTest" time="0.0"/>
  <testcase name="testToLocales(Locale)[88]" classname="org.apache.commons.lang3.LocaleUtilsTest" time="0.0"/>
  <testcase name="testToLocales(Locale)[89]" classname="org.apache.commons.lang3.LocaleUtilsTest" time="0.001"/>
  <testcase name="testToLocales(Locale)[90]" classname="org.apache.commons.lang3.LocaleUtilsTest" time="0.0"/>
  <testcase name="testToLocales(Locale)[91]" classname="org.apache.commons.lang3.LocaleUtilsTest" time="0.001"/>
  <testcase name="testToLocales(Locale)[92]" classname="org.apache.commons.lang3.LocaleUtilsTest" time="0.0"/>
  <testcase name="testToLocales(Locale)[93]" classname="org.apache.commons.lang3.LocaleUtilsTest" time="0.0"/>
  <testcase name="testToLocales(Locale)[94]" classname="org.apache.commons.lang3.LocaleUtilsTest" time="0.0"/>
  <testcase name="testToLocales(Locale)[95]" classname="org.apache.commons.lang3.LocaleUtilsTest" time="0.0"/>
  <testcase name="testToLocales(Locale)[96]" classname="org.apache.commons.lang3.LocaleUtilsTest" time="0.0"/>
  <testcase name="testToLocales(Locale)[97]" classname="org.apache.commons.lang3.LocaleUtilsTest" time="0.0"/>
  <testcase name="testToLocales(Locale)[98]" classname="org.apache.commons.lang3.LocaleUtilsTest" time="0.001"/>
  <testcase name="testToLocales(Locale)[99]" classname="org.apache.commons.lang3.LocaleUtilsTest" time="0.001"/>
  <testcase name="testToLocales(Locale)[100]" classname="org.apache.commons.lang3.LocaleUtilsTest" time="0.001"/>
  <testcase name="testToLocales(Locale)[101]" classname="org.apache.commons.lang3.LocaleUtilsTest" time="0.001"/>
  <testcase name="testToLocales(Locale)[102]" classname="org.apache.commons.lang3.LocaleUtilsTest" time="0.001"/>
  <testcase name="testToLocales(Locale)[103]" classname="org.apache.commons.lang3.LocaleUtilsTest" time="0.001"/>
  <testcase name="testToLocales(Locale)[104]" classname="org.apache.commons.lang3.LocaleUtilsTest" time="0.0"/>
  <testcase name="testToLocales(Locale)[105]" classname="org.apache.commons.lang3.LocaleUtilsTest" time="0.001"/>
  <testcase name="testToLocales(Locale)[106]" classname="org.apache.commons.lang3.LocaleUtilsTest" time="0.001"/>
  <testcase name="testToLocales(Locale)[107]" classname="org.apache.commons.lang3.LocaleUtilsTest" time="0.001"/>
  <testcase name="testToLocales(Locale)[108]" classname="org.apache.commons.lang3.LocaleUtilsTest" time="0.0"/>
  <testcase name="testToLocales(Locale)[109]" classname="org.apache.commons.lang3.LocaleUtilsTest" time="0.0"/>
  <testcase name="testToLocales(Locale)[110]" classname="org.apache.commons.lang3.LocaleUtilsTest" time="0.0"/>
  <testcase name="testToLocales(Locale)[111]" classname="org.apache.commons.lang3.LocaleUtilsTest" time="0.001"/>
  <testcase name="testToLocales(Locale)[112]" classname="org.apache.commons.lang3.LocaleUtilsTest" time="0.0"/>
  <testcase name="testToLocales(Locale)[113]" classname="org.apache.commons.lang3.LocaleUtilsTest" time="0.0"/>
  <testcase name="testToLocales(Locale)[114]" classname="org.apache.commons.lang3.LocaleUtilsTest" time="0.0"/>
  <testcase name="testToLocales(Locale)[115]" classname="org.apache.commons.lang3.LocaleUtilsTest" time="0.0"/>
  <testcase name="testToLocales(Locale)[116]" classname="org.apache.commons.lang3.LocaleUtilsTest" time="0.0"/>
  <testcase name="testToLocales(Locale)[117]" classname="org.apache.commons.lang3.LocaleUtilsTest" time="0.0"/>
  <testcase name="testToLocales(Locale)[118]" classname="org.apache.commons.lang3.LocaleUtilsTest" time="0.0"/>
  <testcase name="testToLocales(Locale)[119]" classname="org.apache.commons.lang3.LocaleUtilsTest" time="0.0"/>
  <testcase name="testToLocales(Locale)[120]" classname="org.apache.commons.lang3.LocaleUtilsTest" time="0.0"/>
  <testcase name="testToLocales(Locale)[121]" classname="org.apache.commons.lang3.LocaleUtilsTest" time="0.0"/>
  <testcase name="testToLocales(Locale)[122]" classname="org.apache.commons.lang3.LocaleUtilsTest" time="0.0"/>
  <testcase name="testToLocales(Locale)[123]" classname="org.apache.commons.lang3.LocaleUtilsTest" time="0.001"/>
  <testcase name="testToLocales(Locale)[124]" classname="org.apache.commons.lang3.LocaleUtilsTest" time="0.0"/>
  <testcase name="testToLocales(Locale)[125]" classname="org.apache.commons.lang3.LocaleUtilsTest" time="0.0"/>
  <testcase name="testToLocales(Locale)[126]" classname="org.apache.commons.lang3.LocaleUtilsTest" time="0.001"/>
  <testcase name="testToLocales(Locale)[127]" classname="org.apache.commons.lang3.LocaleUtilsTest" time="0.001"/>
  <testcase name="testToLocales(Locale)[128]" classname="org.apache.commons.lang3.LocaleUtilsTest" time="0.0"/>
  <testcase name="testToLocales(Locale)[129]" classname="org.apache.commons.lang3.LocaleUtilsTest" time="0.001"/>
  <testcase name="testToLocales(Locale)[130]" classname="org.apache.commons.lang3.LocaleUtilsTest" time="0.0"/>
  <testcase name="testToLocales(Locale)[131]" classname="org.apache.commons.lang3.LocaleUtilsTest" time="0.001"/>
  <testcase name="testToLocales(Locale)[132]" classname="org.apache.commons.lang3.LocaleUtilsTest" time="0.0"/>
  <testcase name="testToLocales(Locale)[133]" classname="org.apache.commons.lang3.LocaleUtilsTest" time="0.001"/>
  <testcase name="testToLocales(Locale)[134]" classname="org.apache.commons.lang3.LocaleUtilsTest" time="0.001"/>
  <testcase name="testToLocales(Locale)[135]" classname="org.apache.commons.lang3.LocaleUtilsTest" time="0.0"/>
  <testcase name="testToLocales(Locale)[136]" classname="org.apache.commons.lang3.LocaleUtilsTest" time="0.001"/>
  <testcase name="testToLocales(Locale)[137]" classname="org.apache.commons.lang3.LocaleUtilsTest" time="0.0"/>
  <testcase name="testToLocales(Locale)[138]" classname="org.apache.commons.lang3.LocaleUtilsTest" time="0.001"/>
  <testcase name="testToLocales(Locale)[139]" classname="org.apache.commons.lang3.LocaleUtilsTest" time="0.0"/>
  <testcase name="testToLocales(Locale)[140]" classname="org.apache.commons.lang3.LocaleUtilsTest" time="0.0"/>
  <testcase name="testToLocales(Locale)[141]" classname="org.apache.commons.lang3.LocaleUtilsTest" time="0.001"/>
  <testcase name="testToLocales(Locale)[142]" classname="org.apache.commons.lang3.LocaleUtilsTest" time="0.0"/>
  <testcase name="testToLocales(Locale)[143]" classname="org.apache.commons.lang3.LocaleUtilsTest" time="0.001"/>
  <testcase name="testToLocales(Locale)[144]" classname="org.apache.commons.lang3.LocaleUtilsTest" time="0.001"/>
  <testcase name="testToLocales(Locale)[145]" classname="org.apache.commons.lang3.LocaleUtilsTest" time="0.0"/>
  <testcase name="testToLocales(Locale)[146]" classname="org.apache.commons.lang3.LocaleUtilsTest" time="0.0"/>
  <testcase name="testToLocales(Locale)[147]" classname="org.apache.commons.lang3.LocaleUtilsTest" time="0.0"/>
  <testcase name="testToLocales(Locale)[148]" classname="org.apache.commons.lang3.LocaleUtilsTest" time="0.0"/>
  <testcase name="testToLocales(Locale)[149]" classname="org.apache.commons.lang3.LocaleUtilsTest" time="0.0"/>
  <testcase name="testToLocales(Locale)[150]" classname="org.apache.commons.lang3.LocaleUtilsTest" time="0.0"/>
  <testcase name="testToLocales(Locale)[151]" classname="org.apache.commons.lang3.LocaleUtilsTest" time="0.001"/>
  <testcase name="testToLocales(Locale)[152]" classname="org.apache.commons.lang3.LocaleUtilsTest" time="0.001"/>
  <testcase name="testToLocales(Locale)[153]" classname="org.apache.commons.lang3.LocaleUtilsTest" time="0.0"/>
  <testcase name="testToLocales(Locale)[154]" classname="org.apache.commons.lang3.LocaleUtilsTest" time="0.0"/>
  <testcase name="testToLocales(Locale)[155]" classname="org.apache.commons.lang3.LocaleUtilsTest" time="0.0"/>
  <testcase name="testToLocales(Locale)[156]" classname="org.apache.commons.lang3.LocaleUtilsTest" time="0.001"/>
  <testcase name="testToLocales(Locale)[157]" classname="org.apache.commons.lang3.LocaleUtilsTest" time="0.0"/>
  <testcase name="testToLocales(Locale)[158]" classname="org.apache.commons.lang3.LocaleUtilsTest" time="0.0"/>
  <testcase name="testToLocales(Locale)[159]" classname="org.apache.commons.lang3.LocaleUtilsTest" time="0.0"/>
  <testcase name="testToLocales(Locale)[160]" classname="org.apache.commons.lang3.LocaleUtilsTest" time="0.0"/>
  <testcase name="testToLocales(Locale)[161]" classname="org.apache.commons.lang3.LocaleUtilsTest" time="0.0"/>
  <testcase name="testToLocales(Locale)[162]" classname="org.apache.commons.lang3.LocaleUtilsTest" time="0.0"/>
  <testcase name="testToLocales(Locale)[163]" classname="org.apache.commons.lang3.LocaleUtilsTest" time="0.001"/>
  <testcase name="testToLocales(Locale)[164]" classname="org.apache.commons.lang3.LocaleUtilsTest" time="0.001"/>
  <testcase name="testToLocales(Locale)[165]" classname="org.apache.commons.lang3.LocaleUtilsTest" time="0.0"/>
  <testcase name="testToLocales(Locale)[166]" classname="org.apache.commons.lang3.LocaleUtilsTest" time="0.001"/>
  <testcase name="testToLocales(Locale)[167]" classname="org.apache.commons.lang3.LocaleUtilsTest" time="0.0"/>
  <testcase name="testToLocales(Locale)[168]" classname="org.apache.commons.lang3.LocaleUtilsTest" time="0.0"/>
  <testcase name="testToLocales(Locale)[169]" classname="org.apache.commons.lang3.LocaleUtilsTest" time="0.0"/>
  <testcase name="testToLocales(Locale)[170]" classname="org.apache.commons.lang3.LocaleUtilsTest" time="0.0"/>
  <testcase name="testToLocales(Locale)[171]" classname="org.apache.commons.lang3.LocaleUtilsTest" time="0.001"/>
  <testcase name="testToLocales(Locale)[172]" classname="org.apache.commons.lang3.LocaleUtilsTest" time="0.0"/>
  <testcase name="testToLocales(Locale)[173]" classname="org.apache.commons.lang3.LocaleUtilsTest" time="0.001"/>
  <testcase name="testToLocales(Locale)[174]" classname="org.apache.commons.lang3.LocaleUtilsTest" time="0.0"/>
  <testcase name="testToLocales(Locale)[175]" classname="org.apache.commons.lang3.LocaleUtilsTest" time="0.001"/>
  <testcase name="testToLocales(Locale)[176]" classname="org.apache.commons.lang3.LocaleUtilsTest" time="0.0"/>
  <testcase name="testToLocales(Locale)[177]" classname="org.apache.commons.lang3.LocaleUtilsTest" time="0.001"/>
  <testcase name="testToLocales(Locale)[178]" classname="org.apache.commons.lang3.LocaleUtilsTest" time="0.0"/>
  <testcase name="testToLocales(Locale)[179]" classname="org.apache.commons.lang3.LocaleUtilsTest" time="0.001"/>
  <testcase name="testToLocales(Locale)[180]" classname="org.apache.commons.lang3.LocaleUtilsTest" time="0.0"/>
  <testcase name="testToLocales(Locale)[181]" classname="org.apache.commons.lang3.LocaleUtilsTest" time="0.001"/>
  <testcase name="testToLocales(Locale)[182]" classname="org.apache.commons.lang3.LocaleUtilsTest" time="0.001"/>
  <testcase name="testToLocales(Locale)[183]" classname="org.apache.commons.lang3.LocaleUtilsTest" time="0.0"/>
  <testcase name="testToLocales(Locale)[184]" classname="org.apache.commons.lang3.LocaleUtilsTest" time="0.001"/>
  <testcase name="testToLocales(Locale)[185]" classname="org.apache.commons.lang3.LocaleUtilsTest" time="0.0"/>
  <testcase name="testToLocales(Locale)[186]" classname="org.apache.commons.lang3.LocaleUtilsTest" time="0.0"/>
  <testcase name="testToLocales(Locale)[187]" classname="org.apache.commons.lang3.LocaleUtilsTest" time="0.0"/>
  <testcase name="testToLocales(Locale)[188]" classname="org.apache.commons.lang3.LocaleUtilsTest" time="0.0"/>
  <testcase name="testToLocales(Locale)[189]" classname="org.apache.commons.lang3.LocaleUtilsTest" time="0.0"/>
  <testcase name="testToLocales(Locale)[190]" classname="org.apache.commons.lang3.LocaleUtilsTest" time="0.0"/>
  <testcase name="testToLocales(Locale)[191]" classname="org.apache.commons.lang3.LocaleUtilsTest" time="0.001"/>
  <testcase name="testToLocales(Locale)[192]" classname="org.apache.commons.lang3.LocaleUtilsTest" time="0.001"/>
  <testcase name="testToLocales(Locale)[193]" classname="org.apache.commons.lang3.LocaleUtilsTest" time="0.001"/>
  <testcase name="testToLocales(Locale)[194]" classname="org.apache.commons.lang3.LocaleUtilsTest" time="0.0"/>
  <testcase name="testToLocales(Locale)[195]" classname="org.apache.commons.lang3.LocaleUtilsTest" time="0.0"/>
  <testcase name="testToLocales(Locale)[196]" classname="org.apache.commons.lang3.LocaleUtilsTest" time="0.001"/>
  <testcase name="testToLocales(Locale)[197]" classname="org.apache.commons.lang3.LocaleUtilsTest" time="0.001"/>
  <testcase name="testToLocales(Locale)[198]" classname="org.apache.commons.lang3.LocaleUtilsTest" time="0.001"/>
  <testcase name="testToLocales(Locale)[199]" classname="org.apache.commons.lang3.LocaleUtilsTest" time="0.001"/>
  <testcase name="testToLocales(Locale)[200]" classname="org.apache.commons.lang3.LocaleUtilsTest" time="0.001"/>
  <testcase name="testToLocales(Locale)[201]" classname="org.apache.commons.lang3.LocaleUtilsTest" time="0.001"/>
  <testcase name="testToLocales(Locale)[202]" classname="org.apache.commons.lang3.LocaleUtilsTest" time="0.001"/>
  <testcase name="testToLocales(Locale)[203]" classname="org.apache.commons.lang3.LocaleUtilsTest" time="0.001"/>
  <testcase name="testToLocales(Locale)[204]" classname="org.apache.commons.lang3.LocaleUtilsTest" time="0.001"/>
  <testcase name="testToLocales(Locale)[205]" classname="org.apache.commons.lang3.LocaleUtilsTest" time="0.0"/>
  <testcase name="testToLocales(Locale)[206]" classname="org.apache.commons.lang3.LocaleUtilsTest" time="0.0"/>
  <testcase name="testToLocales(Locale)[207]" classname="org.apache.commons.lang3.LocaleUtilsTest" time="0.0"/>
  <testcase name="testToLocales(Locale)[208]" classname="org.apache.commons.lang3.LocaleUtilsTest" time="0.001"/>
  <testcase name="testToLocales(Locale)[209]" classname="org.apache.commons.lang3.LocaleUtilsTest" time="0.0"/>
  <testcase name="testToLocales(Locale)[210]" classname="org.apache.commons.lang3.LocaleUtilsTest" time="0.001"/>
  <testcase name="testToLocales(Locale)[211]" classname="org.apache.commons.lang3.LocaleUtilsTest" time="0.0"/>
  <testcase name="testToLocales(Locale)[212]" classname="org.apache.commons.lang3.LocaleUtilsTest" time="0.0"/>
  <testcase name="testToLocales(Locale)[213]" classname="org.apache.commons.lang3.LocaleUtilsTest" time="0.001"/>
  <testcase name="testToLocales(Locale)[214]" classname="org.apache.commons.lang3.LocaleUtilsTest" time="0.001"/>
  <testcase name="testToLocales(Locale)[215]" classname="org.apache.commons.lang3.LocaleUtilsTest" time="0.001"/>
  <testcase name="testToLocales(Locale)[216]" classname="org.apache.commons.lang3.LocaleUtilsTest" time="0.0"/>
  <testcase name="testToLocales(Locale)[217]" classname="org.apache.commons.lang3.LocaleUtilsTest" time="0.0"/>
  <testcase name="testToLocales(Locale)[218]" classname="org.apache.commons.lang3.LocaleUtilsTest" time="0.001"/>
  <testcase name="testToLocales(Locale)[219]" classname="org.apache.commons.lang3.LocaleUtilsTest" time="0.0"/>
  <testcase name="testToLocales(Locale)[220]" classname="org.apache.commons.lang3.LocaleUtilsTest" time="0.0"/>
  <testcase name="testToLocales(Locale)[221]" classname="org.apache.commons.lang3.LocaleUtilsTest" time="0.0"/>
  <testcase name="testToLocales(Locale)[222]" classname="org.apache.commons.lang3.LocaleUtilsTest" time="0.0"/>
  <testcase name="testToLocales(Locale)[223]" classname="org.apache.commons.lang3.LocaleUtilsTest" time="0.0"/>
  <testcase name="testToLocales(Locale)[224]" classname="org.apache.commons.lang3.LocaleUtilsTest" time="0.001"/>
  <testcase name="testToLocales(Locale)[225]" classname="org.apache.commons.lang3.LocaleUtilsTest" time="0.001"/>
  <testcase name="testToLocales(Locale)[226]" classname="org.apache.commons.lang3.LocaleUtilsTest" time="0.001"/>
  <testcase name="testToLocales(Locale)[227]" classname="org.apache.commons.lang3.LocaleUtilsTest" time="0.0"/>
  <testcase name="testToLocales(Locale)[228]" classname="org.apache.commons.lang3.LocaleUtilsTest" time="0.001"/>
  <testcase name="testToLocales(Locale)[229]" classname="org.apache.commons.lang3.LocaleUtilsTest" time="0.001"/>
  <testcase name="testToLocales(Locale)[230]" classname="org.apache.commons.lang3.LocaleUtilsTest" time="0.0"/>
  <testcase name="testToLocales(Locale)[231]" classname="org.apache.commons.lang3.LocaleUtilsTest" time="0.0"/>
  <testcase name="testToLocales(Locale)[232]" classname="org.apache.commons.lang3.LocaleUtilsTest" time="0.0"/>
  <testcase name="testToLocales(Locale)[233]" classname="org.apache.commons.lang3.LocaleUtilsTest" time="0.0"/>
  <testcase name="testToLocales(Locale)[234]" classname="org.apache.commons.lang3.LocaleUtilsTest" time="0.0"/>
  <testcase name="testToLocales(Locale)[235]" classname="org.apache.commons.lang3.LocaleUtilsTest" time="0.001"/>
  <testcase name="testToLocales(Locale)[236]" classname="org.apache.commons.lang3.LocaleUtilsTest" time="0.001"/>
  <testcase name="testToLocales(Locale)[237]" classname="org.apache.commons.lang3.LocaleUtilsTest" time="0.001"/>
  <testcase name="testToLocales(Locale)[238]" classname="org.apache.commons.lang3.LocaleUtilsTest" time="0.001"/>
  <testcase name="testToLocales(Locale)[239]" classname="org.apache.commons.lang3.LocaleUtilsTest" time="0.0"/>
  <testcase name="testToLocales(Locale)[240]" classname="org.apache.commons.lang3.LocaleUtilsTest" time="0.001"/>
  <testcase name="testToLocales(Locale)[241]" classname="org.apache.commons.lang3.LocaleUtilsTest" time="0.0"/>
  <testcase name="testToLocales(Locale)[242]" classname="org.apache.commons.lang3.LocaleUtilsTest" time="0.0"/>
  <testcase name="testToLocales(Locale)[243]" classname="org.apache.commons.lang3.LocaleUtilsTest" time="0.0"/>
  <testcase name="testToLocales(Locale)[244]" classname="org.apache.commons.lang3.LocaleUtilsTest" time="0.0"/>
  <testcase name="testToLocales(Locale)[245]" classname="org.apache.commons.lang3.LocaleUtilsTest" time="0.001"/>
  <testcase name="testToLocales(Locale)[246]" classname="org.apache.commons.lang3.LocaleUtilsTest" time="0.001"/>
  <testcase name="testToLocales(Locale)[247]" classname="org.apache.commons.lang3.LocaleUtilsTest" time="0.0"/>
  <testcase name="testToLocales(Locale)[248]" classname="org.apache.commons.lang3.LocaleUtilsTest" time="0.001"/>
  <testcase name="testToLocales(Locale)[249]" classname="org.apache.commons.lang3.LocaleUtilsTest" time="0.001"/>
  <testcase name="testToLocales(Locale)[250]" classname="org.apache.commons.lang3.LocaleUtilsTest" time="0.0"/>
  <testcase name="testToLocales(Locale)[251]" classname="org.apache.commons.lang3.LocaleUtilsTest" time="0.001"/>
  <testcase name="testToLocales(Locale)[252]" classname="org.apache.commons.lang3.LocaleUtilsTest" time="0.0"/>
  <testcase name="testToLocales(Locale)[253]" classname="org.apache.commons.lang3.LocaleUtilsTest" time="0.0"/>
  <testcase name="testToLocales(Locale)[254]" classname="org.apache.commons.lang3.LocaleUtilsTest" time="0.002"/>
  <testcase name="testToLocales(Locale)[255]" classname="org.apache.commons.lang3.LocaleUtilsTest" time="0.0"/>
  <testcase name="testToLocales(Locale)[256]" classname="org.apache.commons.lang3.LocaleUtilsTest" time="0.001"/>
  <testcase name="testToLocales(Locale)[257]" classname="org.apache.commons.lang3.LocaleUtilsTest" time="0.001"/>
  <testcase name="testToLocales(Locale)[258]" classname="org.apache.commons.lang3.LocaleUtilsTest" time="0.001"/>
  <testcase name="testToLocales(Locale)[259]" classname="org.apache.commons.lang3.LocaleUtilsTest" time="0.001"/>
  <testcase name="testToLocales(Locale)[260]" classname="org.apache.commons.lang3.LocaleUtilsTest" time="0.001"/>
  <testcase name="testToLocales(Locale)[261]" classname="org.apache.commons.lang3.LocaleUtilsTest" time="0.0"/>
  <testcase name="testToLocales(Locale)[262]" classname="org.apache.commons.lang3.LocaleUtilsTest" time="0.001"/>
  <testcase name="testToLocales(Locale)[263]" classname="org.apache.commons.lang3.LocaleUtilsTest" time="0.0"/>
  <testcase name="testToLocales(Locale)[264]" classname="org.apache.commons.lang3.LocaleUtilsTest" time="0.0"/>
  <testcase name="testToLocales(Locale)[265]" classname="org.apache.commons.lang3.LocaleUtilsTest" time="0.0"/>
  <testcase name="testToLocales(Locale)[266]" classname="org.apache.commons.lang3.LocaleUtilsTest" time="0.001"/>
  <testcase name="testToLocales(Locale)[267]" classname="org.apache.commons.lang3.LocaleUtilsTest" time="0.0"/>
  <testcase name="testToLocales(Locale)[268]" classname="org.apache.commons.lang3.LocaleUtilsTest" time="0.001"/>
  <testcase name="testToLocales(Locale)[269]" classname="org.apache.commons.lang3.LocaleUtilsTest" time="0.001"/>
  <testcase name="testToLocales(Locale)[270]" classname="org.apache.commons.lang3.LocaleUtilsTest" time="0.0"/>
  <testcase name="testToLocales(Locale)[271]" classname="org.apache.commons.lang3.LocaleUtilsTest" time="0.0"/>
  <testcase name="testToLocales(Locale)[272]" classname="org.apache.commons.lang3.LocaleUtilsTest" time="0.0"/>
  <testcase name="testToLocales(Locale)[273]" classname="org.apache.commons.lang3.LocaleUtilsTest" time="0.0"/>
  <testcase name="testToLocales(Locale)[274]" classname="org.apache.commons.lang3.LocaleUtilsTest" time="0.0"/>
  <testcase name="testToLocales(Locale)[275]" classname="org.apache.commons.lang3.LocaleUtilsTest" time="0.001"/>
  <testcase name="testToLocales(Locale)[276]" classname="org.apache.commons.lang3.LocaleUtilsTest" time="0.0"/>
  <testcase name="testToLocales(Locale)[277]" classname="org.apache.commons.lang3.LocaleUtilsTest" time="0.001"/>
  <testcase name="testToLocales(Locale)[278]" classname="org.apache.commons.lang3.LocaleUtilsTest" time="0.001"/>
  <testcase name="testToLocales(Locale)[279]" classname="org.apache.commons.lang3.LocaleUtilsTest" time="0.001"/>
  <testcase name="testToLocales(Locale)[280]" classname="org.apache.commons.lang3.LocaleUtilsTest" time="0.001"/>
  <testcase name="testToLocales(Locale)[281]" classname="org.apache.commons.lang3.LocaleUtilsTest" time="0.0"/>
  <testcase name="testToLocales(Locale)[282]" classname="org.apache.commons.lang3.LocaleUtilsTest" time="0.002"/>
  <testcase name="testToLocales(Locale)[283]" classname="org.apache.commons.lang3.LocaleUtilsTest" time="0.0"/>
  <testcase name="testToLocales(Locale)[284]" classname="org.apache.commons.lang3.LocaleUtilsTest" time="0.001"/>
  <testcase name="testToLocales(Locale)[285]" classname="org.apache.commons.lang3.LocaleUtilsTest" time="0.001"/>
  <testcase name="testToLocales(Locale)[286]" classname="org.apache.commons.lang3.LocaleUtilsTest" time="0.0"/>
  <testcase name="testToLocales(Locale)[287]" classname="org.apache.commons.lang3.LocaleUtilsTest" time="0.001"/>
  <testcase name="testToLocales(Locale)[288]" classname="org.apache.commons.lang3.LocaleUtilsTest" time="0.0"/>
  <testcase name="testToLocales(Locale)[289]" classname="org.apache.commons.lang3.LocaleUtilsTest" time="0.001"/>
  <testcase name="testToLocales(Locale)[290]" classname="org.apache.commons.lang3.LocaleUtilsTest" time="0.001"/>
  <testcase name="testToLocales(Locale)[291]" classname="org.apache.commons.lang3.LocaleUtilsTest" time="0.001"/>
  <testcase name="testToLocales(Locale)[292]" classname="org.apache.commons.lang3.LocaleUtilsTest" time="0.0"/>
  <testcase name="testToLocales(Locale)[293]" classname="org.apache.commons.lang3.LocaleUtilsTest" time="0.0"/>
  <testcase name="testToLocales(Locale)[294]" classname="org.apache.commons.lang3.LocaleUtilsTest" time="0.001"/>
  <testcase name="testToLocales(Locale)[295]" classname="org.apache.commons.lang3.LocaleUtilsTest" time="0.0"/>
  <testcase name="testToLocales(Locale)[296]" classname="org.apache.commons.lang3.LocaleUtilsTest" time="0.001"/>
  <testcase name="testToLocales(Locale)[297]" classname="org.apache.commons.lang3.LocaleUtilsTest" time="0.001"/>
  <testcase name="testToLocales(Locale)[298]" classname="org.apache.commons.lang3.LocaleUtilsTest" time="0.001"/>
  <testcase name="testToLocales(Locale)[299]" classname="org.apache.commons.lang3.LocaleUtilsTest" time="0.0"/>
  <testcase name="testToLocales(Locale)[300]" classname="org.apache.commons.lang3.LocaleUtilsTest" time="0.001"/>
  <testcase name="testToLocales(Locale)[301]" classname="org.apache.commons.lang3.LocaleUtilsTest" time="0.0"/>
  <testcase name="testToLocales(Locale)[302]" classname="org.apache.commons.lang3.LocaleUtilsTest" time="0.002"/>
  <testcase name="testToLocales(Locale)[303]" classname="org.apache.commons.lang3.LocaleUtilsTest" time="0.0"/>
  <testcase name="testToLocales(Locale)[304]" classname="org.apache.commons.lang3.LocaleUtilsTest" time="0.001"/>
  <testcase name="testToLocales(Locale)[305]" classname="org.apache.commons.lang3.LocaleUtilsTest" time="0.0"/>
  <testcase name="testToLocales(Locale)[306]" classname="org.apache.commons.lang3.LocaleUtilsTest" time="0.001"/>
  <testcase name="testToLocales(Locale)[307]" classname="org.apache.commons.lang3.LocaleUtilsTest" time="0.0"/>
  <testcase name="testToLocales(Locale)[308]" classname="org.apache.commons.lang3.LocaleUtilsTest" time="0.001"/>
  <testcase name="testToLocales(Locale)[309]" classname="org.apache.commons.lang3.LocaleUtilsTest" time="0.0"/>
  <testcase name="testToLocales(Locale)[310]" classname="org.apache.commons.lang3.LocaleUtilsTest" time="0.001"/>
  <testcase name="testToLocales(Locale)[311]" classname="org.apache.commons.lang3.LocaleUtilsTest" time="0.001"/>
  <testcase name="testToLocales(Locale)[312]" classname="org.apache.commons.lang3.LocaleUtilsTest" time="0.0"/>
  <testcase name="testToLocales(Locale)[313]" classname="org.apache.commons.lang3.LocaleUtilsTest" time="0.001"/>
  <testcase name="testToLocales(Locale)[314]" classname="org.apache.commons.lang3.LocaleUtilsTest" time="0.0"/>
  <testcase name="testToLocales(Locale)[315]" classname="org.apache.commons.lang3.LocaleUtilsTest" time="0.001"/>
  <testcase name="testToLocales(Locale)[316]" classname="org.apache.commons.lang3.LocaleUtilsTest" time="0.0"/>
  <testcase name="testToLocales(Locale)[317]" classname="org.apache.commons.lang3.LocaleUtilsTest" time="0.0"/>
  <testcase name="testToLocales(Locale)[318]" classname="org.apache.commons.lang3.LocaleUtilsTest" time="0.001"/>
  <testcase name="testToLocales(Locale)[319]" classname="org.apache.commons.lang3.LocaleUtilsTest" time="0.001"/>
  <testcase name="testToLocales(Locale)[320]" classname="org.apache.commons.lang3.LocaleUtilsTest" time="0.001"/>
  <testcase name="testToLocales(Locale)[321]" classname="org.apache.commons.lang3.LocaleUtilsTest" time="0.001"/>
  <testcase name="testToLocales(Locale)[322]" classname="org.apache.commons.lang3.LocaleUtilsTest" time="0.001"/>
  <testcase name="testToLocales(Locale)[323]" classname="org.apache.commons.lang3.LocaleUtilsTest" time="0.0"/>
  <testcase name="testToLocales(Locale)[324]" classname="org.apache.commons.lang3.LocaleUtilsTest" time="0.002"/>
  <testcase name="testToLocales(Locale)[325]" classname="org.apache.commons.lang3.LocaleUtilsTest" time="0.0"/>
  <testcase name="testToLocales(Locale)[326]" classname="org.apache.commons.lang3.LocaleUtilsTest" time="0.001"/>
  <testcase name="testToLocales(Locale)[327]" classname="org.apache.commons.lang3.LocaleUtilsTest" time="0.001"/>
  <testcase name="testToLocales(Locale)[328]" classname="org.apache.commons.lang3.LocaleUtilsTest" time="0.0"/>
  <testcase name="testToLocales(Locale)[329]" classname="org.apache.commons.lang3.LocaleUtilsTest" time="0.001"/>
  <testcase name="testToLocales(Locale)[330]" classname="org.apache.commons.lang3.LocaleUtilsTest" time="0.0"/>
  <testcase name="testToLocales(Locale)[331]" classname="org.apache.commons.lang3.LocaleUtilsTest" time="0.001"/>
  <testcase name="testToLocales(Locale)[332]" classname="org.apache.commons.lang3.LocaleUtilsTest" time="0.0"/>
  <testcase name="testToLocales(Locale)[333]" classname="org.apache.commons.lang3.LocaleUtilsTest" time="0.001"/>
  <testcase name="testToLocales(Locale)[334]" classname="org.apache.commons.lang3.LocaleUtilsTest" time="0.0"/>
  <testcase name="testToLocales(Locale)[335]" classname="org.apache.commons.lang3.LocaleUtilsTest" time="0.001"/>
  <testcase name="testToLocales(Locale)[336]" classname="org.apache.commons.lang3.LocaleUtilsTest" time="0.0"/>
  <testcase name="testToLocales(Locale)[337]" classname="org.apache.commons.lang3.LocaleUtilsTest" time="0.0"/>
  <testcase name="testToLocales(Locale)[338]" classname="org.apache.commons.lang3.LocaleUtilsTest" time="0.001"/>
  <testcase name="testToLocales(Locale)[339]" classname="org.apache.commons.lang3.LocaleUtilsTest" time="0.001"/>
  <testcase name="testToLocales(Locale)[340]" classname="org.apache.commons.lang3.LocaleUtilsTest" time="0.0"/>
  <testcase name="testToLocales(Locale)[341]" classname="org.apache.commons.lang3.LocaleUtilsTest" time="0.001"/>
  <testcase name="testToLocales(Locale)[342]" classname="org.apache.commons.lang3.LocaleUtilsTest" time="0.0"/>
  <testcase name="testToLocales(Locale)[343]" classname="org.apache.commons.lang3.LocaleUtilsTest" time="0.0"/>
  <testcase name="testToLocales(Locale)[344]" classname="org.apache.commons.lang3.LocaleUtilsTest" time="0.001"/>
  <testcase name="testToLocales(Locale)[345]" classname="org.apache.commons.lang3.LocaleUtilsTest" time="0.0"/>
  <testcase name="testToLocales(Locale)[346]" classname="org.apache.commons.lang3.LocaleUtilsTest" time="0.0"/>
  <testcase name="testToLocales(Locale)[347]" classname="org.apache.commons.lang3.LocaleUtilsTest" time="0.0"/>
  <testcase name="testToLocales(Locale)[348]" classname="org.apache.commons.lang3.LocaleUtilsTest" time="0.001"/>
  <testcase name="testToLocales(Locale)[349]" classname="org.apache.commons.lang3.LocaleUtilsTest" time="0.0"/>
  <testcase name="testToLocales(Locale)[350]" classname="org.apache.commons.lang3.LocaleUtilsTest" time="0.0"/>
  <testcase name="testToLocales(Locale)[351]" classname="org.apache.commons.lang3.LocaleUtilsTest" time="0.0"/>
  <testcase name="testToLocales(Locale)[352]" classname="org.apache.commons.lang3.LocaleUtilsTest" time="0.0"/>
  <testcase name="testToLocales(Locale)[353]" classname="org.apache.commons.lang3.LocaleUtilsTest" time="0.001"/>
  <testcase name="testToLocales(Locale)[354]" classname="org.apache.commons.lang3.LocaleUtilsTest" time="0.0"/>
  <testcase name="testToLocales(Locale)[355]" classname="org.apache.commons.lang3.LocaleUtilsTest" time="0.001"/>
  <testcase name="testToLocales(Locale)[356]" classname="org.apache.commons.lang3.LocaleUtilsTest" time="0.001"/>
  <testcase name="testToLocales(Locale)[357]" classname="org.apache.commons.lang3.LocaleUtilsTest" time="0.001"/>
  <testcase name="testToLocales(Locale)[358]" classname="org.apache.commons.lang3.LocaleUtilsTest" time="0.001"/>
  <testcase name="testToLocales(Locale)[359]" classname="org.apache.commons.lang3.LocaleUtilsTest" time="0.001"/>
  <testcase name="testToLocales(Locale)[360]" classname="org.apache.commons.lang3.LocaleUtilsTest" time="0.0"/>
  <testcase name="testToLocales(Locale)[361]" classname="org.apache.commons.lang3.LocaleUtilsTest" time="0.001"/>
  <testcase name="testToLocales(Locale)[362]" classname="org.apache.commons.lang3.LocaleUtilsTest" time="0.001"/>
  <testcase name="testToLocales(Locale)[363]" classname="org.apache.commons.lang3.LocaleUtilsTest" time="0.0"/>
  <testcase name="testToLocales(Locale)[364]" classname="org.apache.commons.lang3.LocaleUtilsTest" time="0.0"/>
  <testcase name="testToLocales(Locale)[365]" classname="org.apache.commons.lang3.LocaleUtilsTest" time="0.001"/>
  <testcase name="testToLocales(Locale)[366]" classname="org.apache.commons.lang3.LocaleUtilsTest" time="0.001"/>
  <testcase name="testToLocales(Locale)[367]" classname="org.apache.commons.lang3.LocaleUtilsTest" time="0.001"/>
  <testcase name="testToLocales(Locale)[368]" classname="org.apache.commons.lang3.LocaleUtilsTest" time="0.001"/>
  <testcase name="testToLocales(Locale)[369]" classname="org.apache.commons.lang3.LocaleUtilsTest" time="0.0"/>
  <testcase name="testToLocales(Locale)[370]" classname="org.apache.commons.lang3.LocaleUtilsTest" time="0.001"/>
  <testcase name="testToLocales(Locale)[371]" classname="org.apache.commons.lang3.LocaleUtilsTest" time="0.001"/>
  <testcase name="testToLocales(Locale)[372]" classname="org.apache.commons.lang3.LocaleUtilsTest" time="0.001"/>
  <testcase name="testToLocales(Locale)[373]" classname="org.apache.commons.lang3.LocaleUtilsTest" time="0.0"/>
  <testcase name="testToLocales(Locale)[374]" classname="org.apache.commons.lang3.LocaleUtilsTest" time="0.0"/>
  <testcase name="testToLocales(Locale)[375]" classname="org.apache.commons.lang3.LocaleUtilsTest" time="0.001"/>
  <testcase name="testToLocales(Locale)[376]" classname="org.apache.commons.lang3.LocaleUtilsTest" time="0.0"/>
  <testcase name="testToLocales(Locale)[377]" classname="org.apache.commons.lang3.LocaleUtilsTest" time="0.0"/>
  <testcase name="testToLocales(Locale)[378]" classname="org.apache.commons.lang3.LocaleUtilsTest" time="0.0"/>
  <testcase name="testToLocales(Locale)[379]" classname="org.apache.commons.lang3.LocaleUtilsTest" time="0.0"/>
  <testcase name="testToLocales(Locale)[380]" classname="org.apache.commons.lang3.LocaleUtilsTest" time="0.0"/>
  <testcase name="testToLocales(Locale)[381]" classname="org.apache.commons.lang3.LocaleUtilsTest" time="0.0"/>
  <testcase name="testToLocales(Locale)[382]" classname="org.apache.commons.lang3.LocaleUtilsTest" time="0.001"/>
  <testcase name="testToLocales(Locale)[383]" classname="org.apache.commons.lang3.LocaleUtilsTest" time="0.002"/>
  <testcase name="testToLocales(Locale)[384]" classname="org.apache.commons.lang3.LocaleUtilsTest" time="0.001"/>
  <testcase name="testToLocales(Locale)[385]" classname="org.apache.commons.lang3.LocaleUtilsTest" time="0.001"/>
  <testcase name="testToLocales(Locale)[386]" classname="org.apache.commons.lang3.LocaleUtilsTest" time="0.0"/>
  <testcase name="testToLocales(Locale)[387]" classname="org.apache.commons.lang3.LocaleUtilsTest" time="0.0"/>
  <testcase name="testToLocales(Locale)[388]" classname="org.apache.commons.lang3.LocaleUtilsTest" time="0.001"/>
  <testcase name="testToLocales(Locale)[389]" classname="org.apache.commons.lang3.LocaleUtilsTest" time="0.001"/>
  <testcase name="testToLocales(Locale)[390]" classname="org.apache.commons.lang3.LocaleUtilsTest" time="0.0"/>
  <testcase name="testToLocales(Locale)[391]" classname="org.apache.commons.lang3.LocaleUtilsTest" time="0.001"/>
  <testcase name="testToLocales(Locale)[392]" classname="org.apache.commons.lang3.LocaleUtilsTest" time="0.0"/>
  <testcase name="testToLocales(Locale)[393]" classname="org.apache.commons.lang3.LocaleUtilsTest" time="0.001"/>
  <testcase name="testToLocales(Locale)[394]" classname="org.apache.commons.lang3.LocaleUtilsTest" time="0.0"/>
  <testcase name="testToLocales(Locale)[395]" classname="org.apache.commons.lang3.LocaleUtilsTest" time="0.0"/>
  <testcase name="testToLocales(Locale)[396]" classname="org.apache.commons.lang3.LocaleUtilsTest" time="0.0"/>
  <testcase name="testToLocales(Locale)[397]" classname="org.apache.commons.lang3.LocaleUtilsTest" time="0.0"/>
  <testcase name="testToLocales(Locale)[398]" classname="org.apache.commons.lang3.LocaleUtilsTest" time="0.001"/>
  <testcase name="testToLocales(Locale)[399]" classname="org.apache.commons.lang3.LocaleUtilsTest" time="0.001"/>
  <testcase name="testToLocales(Locale)[400]" classname="org.apache.commons.lang3.LocaleUtilsTest" time="0.001"/>
  <testcase name="testToLocales(Locale)[401]" classname="org.apache.commons.lang3.LocaleUtilsTest" time="0.0"/>
  <testcase name="testToLocales(Locale)[402]" classname="org.apache.commons.lang3.LocaleUtilsTest" time="0.0"/>
  <testcase name="testToLocales(Locale)[403]" classname="org.apache.commons.lang3.LocaleUtilsTest" time="0.0"/>
  <testcase name="testToLocales(Locale)[404]" classname="org.apache.commons.lang3.LocaleUtilsTest" time="0.001"/>
  <testcase name="testToLocales(Locale)[405]" classname="org.apache.commons.lang3.LocaleUtilsTest" time="0.0"/>
  <testcase name="testToLocales(Locale)[406]" classname="org.apache.commons.lang3.LocaleUtilsTest" time="0.001"/>
  <testcase name="testToLocales(Locale)[407]" classname="org.apache.commons.lang3.LocaleUtilsTest" time="0.0"/>
  <testcase name="testToLocales(Locale)[408]" classname="org.apache.commons.lang3.LocaleUtilsTest" time="0.0"/>
  <testcase name="testToLocales(Locale)[409]" classname="org.apache.commons.lang3.LocaleUtilsTest" time="0.0"/>
  <testcase name="testToLocales(Locale)[410]" classname="org.apache.commons.lang3.LocaleUtilsTest" time="0.001"/>
  <testcase name="testToLocales(Locale)[411]" classname="org.apache.commons.lang3.LocaleUtilsTest" time="0.0"/>
  <testcase name="testToLocales(Locale)[412]" classname="org.apache.commons.lang3.LocaleUtilsTest" time="0.0"/>
  <testcase name="testToLocales(Locale)[413]" classname="org.apache.commons.lang3.LocaleUtilsTest" time="0.001"/>
  <testcase name="testToLocales(Locale)[414]" classname="org.apache.commons.lang3.LocaleUtilsTest" time="0.001"/>
  <testcase name="testToLocales(Locale)[415]" classname="org.apache.commons.lang3.LocaleUtilsTest" time="0.0"/>
  <testcase name="testToLocales(Locale)[416]" classname="org.apache.commons.lang3.LocaleUtilsTest" time="0.0"/>
  <testcase name="testToLocales(Locale)[417]" classname="org.apache.commons.lang3.LocaleUtilsTest" time="0.0"/>
  <testcase name="testToLocales(Locale)[418]" classname="org.apache.commons.lang3.LocaleUtilsTest" time="0.0"/>
  <testcase name="testToLocales(Locale)[419]" classname="org.apache.commons.lang3.LocaleUtilsTest" time="0.0"/>
  <testcase name="testToLocales(Locale)[420]" classname="org.apache.commons.lang3.LocaleUtilsTest" time="0.0"/>
  <testcase name="testToLocales(Locale)[421]" classname="org.apache.commons.lang3.LocaleUtilsTest" time="0.0"/>
  <testcase name="testToLocales(Locale)[422]" classname="org.apache.commons.lang3.LocaleUtilsTest" time="0.0"/>
  <testcase name="testToLocales(Locale)[423]" classname="org.apache.commons.lang3.LocaleUtilsTest" time="0.0"/>
  <testcase name="testToLocales(Locale)[424]" classname="org.apache.commons.lang3.LocaleUtilsTest" time="0.0"/>
  <testcase name="testToLocales(Locale)[425]" classname="org.apache.commons.lang3.LocaleUtilsTest" time="0.0"/>
  <testcase name="testToLocales(Locale)[426]" classname="org.apache.commons.lang3.LocaleUtilsTest" time="0.0"/>
  <testcase name="testToLocales(Locale)[427]" classname="org.apache.commons.lang3.LocaleUtilsTest" time="0.001"/>
  <testcase name="testToLocales(Locale)[428]" classname="org.apache.commons.lang3.LocaleUtilsTest" time="0.001"/>
  <testcase name="testToLocales(Locale)[429]" classname="org.apache.commons.lang3.LocaleUtilsTest" time="0.001"/>
  <testcase name="testToLocales(Locale)[430]" classname="org.apache.commons.lang3.LocaleUtilsTest" time="0.0"/>
  <testcase name="testToLocales(Locale)[431]" classname="org.apache.commons.lang3.LocaleUtilsTest" time="0.0"/>
  <testcase name="testToLocales(Locale)[432]" classname="org.apache.commons.lang3.LocaleUtilsTest" time="0.0"/>
  <testcase name="testToLocales(Locale)[433]" classname="org.apache.commons.lang3.LocaleUtilsTest" time="0.0"/>
  <testcase name="testToLocales(Locale)[434]" classname="org.apache.commons.lang3.LocaleUtilsTest" time="0.001"/>
  <testcase name="testToLocales(Locale)[435]" classname="org.apache.commons.lang3.LocaleUtilsTest" time="0.0"/>
  <testcase name="testToLocales(Locale)[436]" classname="org.apache.commons.lang3.LocaleUtilsTest" time="0.001"/>
  <testcase name="testToLocales(Locale)[437]" classname="org.apache.commons.lang3.LocaleUtilsTest" time="0.0"/>
  <testcase name="testToLocales(Locale)[438]" classname="org.apache.commons.lang3.LocaleUtilsTest" time="0.001"/>
  <testcase name="testToLocales(Locale)[439]" classname="org.apache.commons.lang3.LocaleUtilsTest" time="0.0"/>
  <testcase name="testToLocales(Locale)[440]" classname="org.apache.commons.lang3.LocaleUtilsTest" time="0.001"/>
  <testcase name="testToLocales(Locale)[441]" classname="org.apache.commons.lang3.LocaleUtilsTest" time="0.0"/>
  <testcase name="testToLocales(Locale)[442]" classname="org.apache.commons.lang3.LocaleUtilsTest" time="0.0"/>
  <testcase name="testToLocales(Locale)[443]" classname="org.apache.commons.lang3.LocaleUtilsTest" time="0.0"/>
  <testcase name="testToLocales(Locale)[444]" classname="org.apache.commons.lang3.LocaleUtilsTest" time="0.0"/>
  <testcase name="testToLocales(Locale)[445]" classname="org.apache.commons.lang3.LocaleUtilsTest" time="0.0"/>
  <testcase name="testToLocales(Locale)[446]" classname="org.apache.commons.lang3.LocaleUtilsTest" time="0.0"/>
  <testcase name="testToLocales(Locale)[447]" classname="org.apache.commons.lang3.LocaleUtilsTest" time="0.001"/>
  <testcase name="testToLocales(Locale)[448]" classname="org.apache.commons.lang3.LocaleUtilsTest" time="0.0"/>
  <testcase name="testToLocales(Locale)[449]" classname="org.apache.commons.lang3.LocaleUtilsTest" time="0.0"/>
  <testcase name="testToLocales(Locale)[450]" classname="org.apache.commons.lang3.LocaleUtilsTest" time="0.0"/>
  <testcase name="testToLocales(Locale)[451]" classname="org.apache.commons.lang3.LocaleUtilsTest" time="0.001"/>
  <testcase name="testToLocales(Locale)[452]" classname="org.apache.commons.lang3.LocaleUtilsTest" time="0.0"/>
  <testcase name="testToLocales(Locale)[453]" classname="org.apache.commons.lang3.LocaleUtilsTest" time="0.001"/>
  <testcase name="testToLocales(Locale)[454]" classname="org.apache.commons.lang3.LocaleUtilsTest" time="0.0"/>
  <testcase name="testToLocales(Locale)[455]" classname="org.apache.commons.lang3.LocaleUtilsTest" time="0.0"/>
  <testcase name="testToLocales(Locale)[456]" classname="org.apache.commons.lang3.LocaleUtilsTest" time="0.0"/>
  <testcase name="testToLocales(Locale)[457]" classname="org.apache.commons.lang3.LocaleUtilsTest" time="0.0"/>
  <testcase name="testToLocales(Locale)[458]" classname="org.apache.commons.lang3.LocaleUtilsTest" time="0.0"/>
  <testcase name="testToLocales(Locale)[459]" classname="org.apache.commons.lang3.LocaleUtilsTest" time="0.001"/>
  <testcase name="testToLocales(Locale)[460]" classname="org.apache.commons.lang3.LocaleUtilsTest" time="0.0"/>
  <testcase name="testToLocales(Locale)[461]" classname="org.apache.commons.lang3.LocaleUtilsTest" time="0.0"/>
  <testcase name="testToLocales(Locale)[462]" classname="org.apache.commons.lang3.LocaleUtilsTest" time="0.0"/>
  <testcase name="testToLocales(Locale)[463]" classname="org.apache.commons.lang3.LocaleUtilsTest" time="0.0"/>
  <testcase name="testToLocales(Locale)[464]" classname="org.apache.commons.lang3.LocaleUtilsTest" time="0.0"/>
  <testcase name="testToLocales(Locale)[465]" classname="org.apache.commons.lang3.LocaleUtilsTest" time="0.001"/>
  <testcase name="testToLocales(Locale)[466]" classname="org.apache.commons.lang3.LocaleUtilsTest" time="0.0"/>
  <testcase name="testToLocales(Locale)[467]" classname="org.apache.commons.lang3.LocaleUtilsTest" time="0.001"/>
  <testcase name="testToLocales(Locale)[468]" classname="org.apache.commons.lang3.LocaleUtilsTest" time="0.001"/>
  <testcase name="testToLocales(Locale)[469]" classname="org.apache.commons.lang3.LocaleUtilsTest" time="0.0"/>
  <testcase name="testToLocales(Locale)[470]" classname="org.apache.commons.lang3.LocaleUtilsTest" time="0.0"/>
  <testcase name="testToLocales(Locale)[471]" classname="org.apache.commons.lang3.LocaleUtilsTest" time="0.001"/>
  <testcase name="testToLocales(Locale)[472]" classname="org.apache.commons.lang3.LocaleUtilsTest" time="0.0"/>
  <testcase name="testToLocales(Locale)[473]" classname="org.apache.commons.lang3.LocaleUtilsTest" time="0.0"/>
  <testcase name="testToLocales(Locale)[474]" classname="org.apache.commons.lang3.LocaleUtilsTest" time="0.001"/>
  <testcase name="testToLocales(Locale)[475]" classname="org.apache.commons.lang3.LocaleUtilsTest" time="0.0"/>
  <testcase name="testToLocales(Locale)[476]" classname="org.apache.commons.lang3.LocaleUtilsTest" time="0.0"/>
  <testcase name="testToLocales(Locale)[477]" classname="org.apache.commons.lang3.LocaleUtilsTest" time="0.0"/>
  <testcase name="testToLocales(Locale)[478]" classname="org.apache.commons.lang3.LocaleUtilsTest" time="0.0"/>
  <testcase name="testToLocales(Locale)[479]" classname="org.apache.commons.lang3.LocaleUtilsTest" time="0.001"/>
  <testcase name="testToLocales(Locale)[480]" classname="org.apache.commons.lang3.LocaleUtilsTest" time="0.0"/>
  <testcase name="testToLocales(Locale)[481]" classname="org.apache.commons.lang3.LocaleUtilsTest" time="0.0"/>
  <testcase name="testToLocales(Locale)[482]" classname="org.apache.commons.lang3.LocaleUtilsTest" time="0.0"/>
  <testcase name="testToLocales(Locale)[483]" classname="org.apache.commons.lang3.LocaleUtilsTest" time="0.001"/>
  <testcase name="testToLocales(Locale)[484]" classname="org.apache.commons.lang3.LocaleUtilsTest" time="0.001"/>
  <testcase name="testToLocales(Locale)[485]" classname="org.apache.commons.lang3.LocaleUtilsTest" time="0.001"/>
  <testcase name="testToLocales(Locale)[486]" classname="org.apache.commons.lang3.LocaleUtilsTest" time="0.0"/>
  <testcase name="testToLocales(Locale)[487]" classname="org.apache.commons.lang3.LocaleUtilsTest" time="0.001"/>
  <testcase name="testToLocales(Locale)[488]" classname="org.apache.commons.lang3.LocaleUtilsTest" time="0.0"/>
  <testcase name="testToLocales(Locale)[489]" classname="org.apache.commons.lang3.LocaleUtilsTest" time="0.0"/>
  <testcase name="testToLocales(Locale)[490]" classname="org.apache.commons.lang3.LocaleUtilsTest" time="0.0"/>
  <testcase name="testToLocales(Locale)[491]" classname="org.apache.commons.lang3.LocaleUtilsTest" time="0.0"/>
  <testcase name="testToLocales(Locale)[492]" classname="org.apache.commons.lang3.LocaleUtilsTest" time="0.0"/>
  <testcase name="testToLocales(Locale)[493]" classname="org.apache.commons.lang3.LocaleUtilsTest" time="0.001"/>
  <testcase name="testToLocales(Locale)[494]" classname="org.apache.commons.lang3.LocaleUtilsTest" time="0.001"/>
  <testcase name="testToLocales(Locale)[495]" classname="org.apache.commons.lang3.LocaleUtilsTest" time="0.0"/>
  <testcase name="testToLocales(Locale)[496]" classname="org.apache.commons.lang3.LocaleUtilsTest" time="0.0"/>
  <testcase name="testToLocales(Locale)[497]" classname="org.apache.commons.lang3.LocaleUtilsTest" time="0.0"/>
  <testcase name="testToLocales(Locale)[498]" classname="org.apache.commons.lang3.LocaleUtilsTest" time="0.0"/>
  <testcase name="testToLocales(Locale)[499]" classname="org.apache.commons.lang3.LocaleUtilsTest" time="0.001"/>
  <testcase name="testToLocales(Locale)[500]" classname="org.apache.commons.lang3.LocaleUtilsTest" time="0.001"/>
  <testcase name="testToLocales(Locale)[501]" classname="org.apache.commons.lang3.LocaleUtilsTest" time="0.001"/>
  <testcase name="testToLocales(Locale)[502]" classname="org.apache.commons.lang3.LocaleUtilsTest" time="0.0"/>
  <testcase name="testToLocales(Locale)[503]" classname="org.apache.commons.lang3.LocaleUtilsTest" time="0.0"/>
  <testcase name="testToLocales(Locale)[504]" classname="org.apache.commons.lang3.LocaleUtilsTest" time="0.001"/>
  <testcase name="testToLocales(Locale)[505]" classname="org.apache.commons.lang3.LocaleUtilsTest" time="0.001"/>
  <testcase name="testToLocales(Locale)[506]" classname="org.apache.commons.lang3.LocaleUtilsTest" time="0.001"/>
  <testcase name="testToLocales(Locale)[507]" classname="org.apache.commons.lang3.LocaleUtilsTest" time="0.001"/>
  <testcase name="testToLocales(Locale)[508]" classname="org.apache.commons.lang3.LocaleUtilsTest" time="0.001"/>
  <testcase name="testToLocales(Locale)[509]" classname="org.apache.commons.lang3.LocaleUtilsTest" time="0.0"/>
  <testcase name="testToLocales(Locale)[510]" classname="org.apache.commons.lang3.LocaleUtilsTest" time="0.001"/>
  <testcase name="testToLocales(Locale)[511]" classname="org.apache.commons.lang3.LocaleUtilsTest" time="0.0"/>
  <testcase name="testToLocales(Locale)[512]" classname="org.apache.commons.lang3.LocaleUtilsTest" time="0.001"/>
  <testcase name="testToLocales(Locale)[513]" classname="org.apache.commons.lang3.LocaleUtilsTest" time="0.001"/>
  <testcase name="testToLocales(Locale)[514]" classname="org.apache.commons.lang3.LocaleUtilsTest" time="0.001"/>
  <testcase name="testToLocales(Locale)[515]" classname="org.apache.commons.lang3.LocaleUtilsTest" time="0.0"/>
  <testcase name="testToLocales(Locale)[516]" classname="org.apache.commons.lang3.LocaleUtilsTest" time="0.0"/>
  <testcase name="testToLocales(Locale)[517]" classname="org.apache.commons.lang3.LocaleUtilsTest" time="0.0"/>
  <testcase name="testToLocales(Locale)[518]" classname="org.apache.commons.lang3.LocaleUtilsTest" time="0.001"/>
  <testcase name="testToLocales(Locale)[519]" classname="org.apache.commons.lang3.LocaleUtilsTest" time="0.0"/>
  <testcase name="testToLocales(Locale)[520]" classname="org.apache.commons.lang3.LocaleUtilsTest" time="0.0"/>
  <testcase name="testToLocales(Locale)[521]" classname="org.apache.commons.lang3.LocaleUtilsTest" time="0.0"/>
  <testcase name="testToLocales(Locale)[522]" classname="org.apache.commons.lang3.LocaleUtilsTest" time="0.0"/>
  <testcase name="testToLocales(Locale)[523]" classname="org.apache.commons.lang3.LocaleUtilsTest" time="0.001"/>
  <testcase name="testToLocales(Locale)[524]" classname="org.apache.commons.lang3.LocaleUtilsTest" time="0.001"/>
  <testcase name="testToLocales(Locale)[525]" classname="org.apache.commons.lang3.LocaleUtilsTest" time="0.001"/>
  <testcase name="testToLocales(Locale)[526]" classname="org.apache.commons.lang3.LocaleUtilsTest" time="0.0"/>
  <testcase name="testToLocales(Locale)[527]" classname="org.apache.commons.lang3.LocaleUtilsTest" time="0.001"/>
  <testcase name="testToLocales(Locale)[528]" classname="org.apache.commons.lang3.LocaleUtilsTest" time="0.0"/>
  <testcase name="testToLocales(Locale)[529]" classname="org.apache.commons.lang3.LocaleUtilsTest" time="0.0"/>
  <testcase name="testToLocales(Locale)[530]" classname="org.apache.commons.lang3.LocaleUtilsTest" time="0.001"/>
  <testcase name="testToLocales(Locale)[531]" classname="org.apache.commons.lang3.LocaleUtilsTest" time="0.0"/>
  <testcase name="testToLocales(Locale)[532]" classname="org.apache.commons.lang3.LocaleUtilsTest" time="0.0"/>
  <testcase name="testToLocales(Locale)[533]" classname="org.apache.commons.lang3.LocaleUtilsTest" time="0.0"/>
  <testcase name="testToLocales(Locale)[534]" classname="org.apache.commons.lang3.LocaleUtilsTest" time="0.0"/>
  <testcase name="testToLocales(Locale)[535]" classname="org.apache.commons.lang3.LocaleUtilsTest" time="0.0"/>
  <testcase name="testToLocales(Locale)[536]" classname="org.apache.commons.lang3.LocaleUtilsTest" time="0.001"/>
  <testcase name="testToLocales(Locale)[537]" classname="org.apache.commons.lang3.LocaleUtilsTest" time="0.0"/>
  <testcase name="testToLocales(Locale)[538]" classname="org.apache.commons.lang3.LocaleUtilsTest" time="0.0"/>
  <testcase name="testToLocales(Locale)[539]" classname="org.apache.commons.lang3.LocaleUtilsTest" time="0.0"/>
  <testcase name="testToLocales(Locale)[540]" classname="org.apache.commons.lang3.LocaleUtilsTest" time="0.001"/>
  <testcase name="testToLocales(Locale)[541]" classname="org.apache.commons.lang3.LocaleUtilsTest" time="0.0"/>
  <testcase name="testToLocales(Locale)[542]" classname="org.apache.commons.lang3.LocaleUtilsTest" time="0.0"/>
  <testcase name="testToLocales(Locale)[543]" classname="org.apache.commons.lang3.LocaleUtilsTest" time="0.001"/>
  <testcase name="testToLocales(Locale)[544]" classname="org.apache.commons.lang3.LocaleUtilsTest" time="0.001"/>
  <testcase name="testToLocales(Locale)[545]" classname="org.apache.commons.lang3.LocaleUtilsTest" time="0.001"/>
  <testcase name="testToLocales(Locale)[546]" classname="org.apache.commons.lang3.LocaleUtilsTest" time="0.0"/>
  <testcase name="testToLocales(Locale)[547]" classname="org.apache.commons.lang3.LocaleUtilsTest" time="0.0"/>
  <testcase name="testToLocales(Locale)[548]" classname="org.apache.commons.lang3.LocaleUtilsTest" time="0.001"/>
  <testcase name="testToLocales(Locale)[549]" classname="org.apache.commons.lang3.LocaleUtilsTest" time="0.0"/>
  <testcase name="testToLocales(Locale)[550]" classname="org.apache.commons.lang3.LocaleUtilsTest" time="0.0"/>
  <testcase name="testToLocales(Locale)[551]" classname="org.apache.commons.lang3.LocaleUtilsTest" time="0.001"/>
  <testcase name="testToLocales(Locale)[552]" classname="org.apache.commons.lang3.LocaleUtilsTest" time="0.0"/>
  <testcase name="testToLocales(Locale)[553]" classname="org.apache.commons.lang3.LocaleUtilsTest" time="0.001"/>
  <testcase name="testToLocales(Locale)[554]" classname="org.apache.commons.lang3.LocaleUtilsTest" time="0.0"/>
  <testcase name="testToLocales(Locale)[555]" classname="org.apache.commons.lang3.LocaleUtilsTest" time="0.001"/>
  <testcase name="testToLocales(Locale)[556]" classname="org.apache.commons.lang3.LocaleUtilsTest" time="0.0"/>
  <testcase name="testToLocales(Locale)[557]" classname="org.apache.commons.lang3.LocaleUtilsTest" time="0.0"/>
  <testcase name="testToLocales(Locale)[558]" classname="org.apache.commons.lang3.LocaleUtilsTest" time="0.0"/>
  <testcase name="testToLocales(Locale)[559]" classname="org.apache.commons.lang3.LocaleUtilsTest" time="0.0"/>
  <testcase name="testToLocales(Locale)[560]" classname="org.apache.commons.lang3.LocaleUtilsTest" time="0.0"/>
  <testcase name="testToLocales(Locale)[561]" classname="org.apache.commons.lang3.LocaleUtilsTest" time="0.001"/>
  <testcase name="testToLocales(Locale)[562]" classname="org.apache.commons.lang3.LocaleUtilsTest" time="0.001"/>
  <testcase name="testToLocales(Locale)[563]" classname="org.apache.commons.lang3.LocaleUtilsTest" time="0.0"/>
  <testcase name="testToLocales(Locale)[564]" classname="org.apache.commons.lang3.LocaleUtilsTest" time="0.0"/>
  <testcase name="testToLocales(Locale)[565]" classname="org.apache.commons.lang3.LocaleUtilsTest" time="0.0"/>
  <testcase name="testToLocales(Locale)[566]" classname="org.apache.commons.lang3.LocaleUtilsTest" time="0.0"/>
  <testcase name="testToLocales(Locale)[567]" classname="org.apache.commons.lang3.LocaleUtilsTest" time="0.0"/>
  <testcase name="testToLocales(Locale)[568]" classname="org.apache.commons.lang3.LocaleUtilsTest" time="0.0"/>
  <testcase name="testToLocales(Locale)[569]" classname="org.apache.commons.lang3.LocaleUtilsTest" time="0.001"/>
  <testcase name="testToLocales(Locale)[570]" classname="org.apache.commons.lang3.LocaleUtilsTest" time="0.0"/>
  <testcase name="testToLocales(Locale)[571]" classname="org.apache.commons.lang3.LocaleUtilsTest" time="0.0"/>
  <testcase name="testToLocales(Locale)[572]" classname="org.apache.commons.lang3.LocaleUtilsTest" time="0.0"/>
  <testcase name="testToLocales(Locale)[573]" classname="org.apache.commons.lang3.LocaleUtilsTest" time="0.0"/>
  <testcase name="testToLocales(Locale)[574]" classname="org.apache.commons.lang3.LocaleUtilsTest" time="0.0"/>
  <testcase name="testToLocales(Locale)[575]" classname="org.apache.commons.lang3.LocaleUtilsTest" time="0.0"/>
  <testcase name="testToLocales(Locale)[576]" classname="org.apache.commons.lang3.LocaleUtilsTest" time="0.0"/>
  <testcase name="testToLocales(Locale)[577]" classname="org.apache.commons.lang3.LocaleUtilsTest" time="0.0"/>
  <testcase name="testToLocales(Locale)[578]" classname="org.apache.commons.lang3.LocaleUtilsTest" time="0.0"/>
  <testcase name="testToLocales(Locale)[579]" classname="org.apache.commons.lang3.LocaleUtilsTest" time="0.001"/>
  <testcase name="testToLocales(Locale)[580]" classname="org.apache.commons.lang3.LocaleUtilsTest" time="0.0"/>
  <testcase name="testToLocales(Locale)[581]" classname="org.apache.commons.lang3.LocaleUtilsTest" time="0.0"/>
  <testcase name="testToLocales(Locale)[582]" classname="org.apache.commons.lang3.LocaleUtilsTest" time="0.0"/>
  <testcase name="testToLocales(Locale)[583]" classname="org.apache.commons.lang3.LocaleUtilsTest" time="0.0"/>
  <testcase name="testToLocales(Locale)[584]" classname="org.apache.commons.lang3.LocaleUtilsTest" time="0.001"/>
  <testcase name="testToLocales(Locale)[585]" classname="org.apache.commons.lang3.LocaleUtilsTest" time="0.0"/>
  <testcase name="testToLocales(Locale)[586]" classname="org.apache.commons.lang3.LocaleUtilsTest" time="0.0"/>
  <testcase name="testToLocales(Locale)[587]" classname="org.apache.commons.lang3.LocaleUtilsTest" time="0.001"/>
  <testcase name="testToLocales(Locale)[588]" classname="org.apache.commons.lang3.LocaleUtilsTest" time="0.0"/>
  <testcase name="testToLocales(Locale)[589]" classname="org.apache.commons.lang3.LocaleUtilsTest" time="0.001"/>
  <testcase name="testToLocales(Locale)[590]" classname="org.apache.commons.lang3.LocaleUtilsTest" time="0.0"/>
  <testcase name="testToLocales(Locale)[591]" classname="org.apache.commons.lang3.LocaleUtilsTest" time="0.0"/>
  <testcase name="testToLocales(Locale)[592]" classname="org.apache.commons.lang3.LocaleUtilsTest" time="0.0"/>
  <testcase name="testToLocales(Locale)[593]" classname="org.apache.commons.lang3.LocaleUtilsTest" time="0.001"/>
  <testcase name="testToLocales(Locale)[594]" classname="org.apache.commons.lang3.LocaleUtilsTest" time="0.0"/>
  <testcase name="testToLocales(Locale)[595]" classname="org.apache.commons.lang3.LocaleUtilsTest" time="0.001"/>
  <testcase name="testToLocales(Locale)[596]" classname="org.apache.commons.lang3.LocaleUtilsTest" time="0.0"/>
  <testcase name="testToLocales(Locale)[597]" classname="org.apache.commons.lang3.LocaleUtilsTest" time="0.001"/>
  <testcase name="testToLocales(Locale)[598]" classname="org.apache.commons.lang3.LocaleUtilsTest" time="0.001"/>
  <testcase name="testToLocales(Locale)[599]" classname="org.apache.commons.lang3.LocaleUtilsTest" time="0.0"/>
  <testcase name="testToLocales(Locale)[600]" classname="org.apache.commons.lang3.LocaleUtilsTest" time="0.0"/>
  <testcase name="testToLocales(Locale)[601]" classname="org.apache.commons.lang3.LocaleUtilsTest" time="0.001"/>
  <testcase name="testToLocales(Locale)[602]" classname="org.apache.commons.lang3.LocaleUtilsTest" time="0.0"/>
  <testcase name="testToLocales(Locale)[603]" classname="org.apache.commons.lang3.LocaleUtilsTest" time="0.0"/>
  <testcase name="testToLocales(Locale)[604]" classname="org.apache.commons.lang3.LocaleUtilsTest" time="0.001"/>
  <testcase name="testToLocales(Locale)[605]" classname="org.apache.commons.lang3.LocaleUtilsTest" time="0.0"/>
  <testcase name="testToLocales(Locale)[606]" classname="org.apache.commons.lang3.LocaleUtilsTest" time="0.0"/>
  <testcase name="testToLocales(Locale)[607]" classname="org.apache.commons.lang3.LocaleUtilsTest" time="0.0"/>
  <testcase name="testToLocales(Locale)[608]" classname="org.apache.commons.lang3.LocaleUtilsTest" time="0.0"/>
  <testcase name="testToLocales(Locale)[609]" classname="org.apache.commons.lang3.LocaleUtilsTest" time="0.0"/>
  <testcase name="testToLocales(Locale)[610]" classname="org.apache.commons.lang3.LocaleUtilsTest" time="0.0"/>
  <testcase name="testToLocales(Locale)[611]" classname="org.apache.commons.lang3.LocaleUtilsTest" time="0.0"/>
  <testcase name="testToLocales(Locale)[612]" classname="org.apache.commons.lang3.LocaleUtilsTest" time="0.001"/>
  <testcase name="testToLocales(Locale)[613]" classname="org.apache.commons.lang3.LocaleUtilsTest" time="0.0"/>
  <testcase name="testToLocales(Locale)[614]" classname="org.apache.commons.lang3.LocaleUtilsTest" time="0.001"/>
  <testcase name="testToLocales(Locale)[615]" classname="org.apache.commons.lang3.LocaleUtilsTest" time="0.001"/>
  <testcase name="testToLocales(Locale)[616]" classname="org.apache.commons.lang3.LocaleUtilsTest" time="0.001"/>
  <testcase name="testToLocales(Locale)[617]" classname="org.apache.commons.lang3.LocaleUtilsTest" time="0.0"/>
  <testcase name="testToLocales(Locale)[618]" classname="org.apache.commons.lang3.LocaleUtilsTest" time="0.001"/>
  <testcase name="testToLocales(Locale)[619]" classname="org.apache.commons.lang3.LocaleUtilsTest" time="0.0"/>
  <testcase name="testToLocales(Locale)[620]" classname="org.apache.commons.lang3.LocaleUtilsTest" time="0.0"/>
  <testcase name="testToLocales(Locale)[621]" classname="org.apache.commons.lang3.LocaleUtilsTest" time="0.0"/>
  <testcase name="testToLocales(Locale)[622]" classname="org.apache.commons.lang3.LocaleUtilsTest" time="0.0"/>
  <testcase name="testToLocales(Locale)[623]" classname="org.apache.commons.lang3.LocaleUtilsTest" time="0.001"/>
  <testcase name="testToLocales(Locale)[624]" classname="org.apache.commons.lang3.LocaleUtilsTest" time="0.0"/>
  <testcase name="testToLocales(Locale)[625]" classname="org.apache.commons.lang3.LocaleUtilsTest" time="0.0"/>
  <testcase name="testToLocales(Locale)[626]" classname="org.apache.commons.lang3.LocaleUtilsTest" time="0.0"/>
  <testcase name="testToLocales(Locale)[627]" classname="org.apache.commons.lang3.LocaleUtilsTest" time="0.0"/>
  <testcase name="testToLocales(Locale)[628]" classname="org.apache.commons.lang3.LocaleUtilsTest" time="0.001"/>
  <testcase name="testToLocales(Locale)[629]" classname="org.apache.commons.lang3.LocaleUtilsTest" time="0.0"/>
  <testcase name="testToLocales(Locale)[630]" classname="org.apache.commons.lang3.LocaleUtilsTest" time="0.001"/>
  <testcase name="testToLocales(Locale)[631]" classname="org.apache.commons.lang3.LocaleUtilsTest" time="0.0"/>
  <testcase name="testToLocales(Locale)[632]" classname="org.apache.commons.lang3.LocaleUtilsTest" time="0.001"/>
  <testcase name="testToLocales(Locale)[633]" classname="org.apache.commons.lang3.LocaleUtilsTest" time="0.0"/>
  <testcase name="testToLocales(Locale)[634]" classname="org.apache.commons.lang3.LocaleUtilsTest" time="0.001"/>
  <testcase name="testToLocales(Locale)[635]" classname="org.apache.commons.lang3.LocaleUtilsTest" time="0.0"/>
  <testcase name="testToLocales(Locale)[636]" classname="org.apache.commons.lang3.LocaleUtilsTest" time="0.0"/>
  <testcase name="testToLocales(Locale)[637]" classname="org.apache.commons.lang3.LocaleUtilsTest" time="0.0"/>
  <testcase name="testToLocales(Locale)[638]" classname="org.apache.commons.lang3.LocaleUtilsTest" time="0.0"/>
  <testcase name="testToLocales(Locale)[639]" classname="org.apache.commons.lang3.LocaleUtilsTest" time="0.001"/>
  <testcase name="testToLocales(Locale)[640]" classname="org.apache.commons.lang3.LocaleUtilsTest" time="0.0"/>
  <testcase name="testToLocales(Locale)[641]" classname="org.apache.commons.lang3.LocaleUtilsTest" time="0.0"/>
  <testcase name="testToLocales(Locale)[642]" classname="org.apache.commons.lang3.LocaleUtilsTest" time="0.0"/>
  <testcase name="testToLocales(Locale)[643]" classname="org.apache.commons.lang3.LocaleUtilsTest" time="0.0"/>
  <testcase name="testToLocales(Locale)[644]" classname="org.apache.commons.lang3.LocaleUtilsTest" time="0.0"/>
  <testcase name="testToLocales(Locale)[645]" classname="org.apache.commons.lang3.LocaleUtilsTest" time="0.001"/>
  <testcase name="testToLocales(Locale)[646]" classname="org.apache.commons.lang3.LocaleUtilsTest" time="0.0"/>
  <testcase name="testToLocales(Locale)[647]" classname="org.apache.commons.lang3.LocaleUtilsTest" time="0.001"/>
  <testcase name="testToLocales(Locale)[648]" classname="org.apache.commons.lang3.LocaleUtilsTest" time="0.0"/>
  <testcase name="testToLocales(Locale)[649]" classname="org.apache.commons.lang3.LocaleUtilsTest" time="0.0"/>
  <testcase name="testToLocales(Locale)[650]" classname="org.apache.commons.lang3.LocaleUtilsTest" time="0.0"/>
  <testcase name="testToLocales(Locale)[651]" classname="org.apache.commons.lang3.LocaleUtilsTest" time="0.0"/>
  <testcase name="testToLocales(Locale)[652]" classname="org.apache.commons.lang3.LocaleUtilsTest" time="0.0"/>
  <testcase name="testToLocales(Locale)[653]" classname="org.apache.commons.lang3.LocaleUtilsTest" time="0.0"/>
  <testcase name="testToLocales(Locale)[654]" classname="org.apache.commons.lang3.LocaleUtilsTest" time="0.001"/>
  <testcase name="testToLocales(Locale)[655]" classname="org.apache.commons.lang3.LocaleUtilsTest" time="0.0"/>
  <testcase name="testToLocales(Locale)[656]" classname="org.apache.commons.lang3.LocaleUtilsTest" time="0.0"/>
  <testcase name="testToLocales(Locale)[657]" classname="org.apache.commons.lang3.LocaleUtilsTest" time="0.001"/>
  <testcase name="testToLocales(Locale)[658]" classname="org.apache.commons.lang3.LocaleUtilsTest" time="0.0"/>
  <testcase name="testToLocales(Locale)[659]" classname="org.apache.commons.lang3.LocaleUtilsTest" time="0.001"/>
  <testcase name="testToLocales(Locale)[660]" classname="org.apache.commons.lang3.LocaleUtilsTest" time="0.0"/>
  <testcase name="testToLocales(Locale)[661]" classname="org.apache.commons.lang3.LocaleUtilsTest" time="0.001"/>
  <testcase name="testToLocales(Locale)[662]" classname="org.apache.commons.lang3.LocaleUtilsTest" time="0.0"/>
  <testcase name="testToLocales(Locale)[663]" classname="org.apache.commons.lang3.LocaleUtilsTest" time="0.001"/>
  <testcase name="testToLocales(Locale)[664]" classname="org.apache.commons.lang3.LocaleUtilsTest" time="0.0"/>
  <testcase name="testToLocales(Locale)[665]" classname="org.apache.commons.lang3.LocaleUtilsTest" time="0.0"/>
  <testcase name="testToLocales(Locale)[666]" classname="org.apache.commons.lang3.LocaleUtilsTest" time="0.0"/>
  <testcase name="testToLocales(Locale)[667]" classname="org.apache.commons.lang3.LocaleUtilsTest" time="0.0"/>
  <testcase name="testToLocales(Locale)[668]" classname="org.apache.commons.lang3.LocaleUtilsTest" time="0.0"/>
  <testcase name="testToLocales(Locale)[669]" classname="org.apache.commons.lang3.LocaleUtilsTest" time="0.0"/>
  <testcase name="testToLocales(Locale)[670]" classname="org.apache.commons.lang3.LocaleUtilsTest" time="0.0"/>
  <testcase name="testToLocales(Locale)[671]" classname="org.apache.commons.lang3.LocaleUtilsTest" time="0.001"/>
  <testcase name="testToLocales(Locale)[672]" classname="org.apache.commons.lang3.LocaleUtilsTest" time="0.001"/>
  <testcase name="testToLocales(Locale)[673]" classname="org.apache.commons.lang3.LocaleUtilsTest" time="0.006"/>
  <testcase name="testToLocales(Locale)[674]" classname="org.apache.commons.lang3.LocaleUtilsTest" time="0.0"/>
  <testcase name="testToLocales(Locale)[675]" classname="org.apache.commons.lang3.LocaleUtilsTest" time="0.001"/>
  <testcase name="testToLocales(Locale)[676]" classname="org.apache.commons.lang3.LocaleUtilsTest" time="0.001"/>
  <testcase name="testToLocales(Locale)[677]" classname="org.apache.commons.lang3.LocaleUtilsTest" time="0.001"/>
  <testcase name="testToLocales(Locale)[678]" classname="org.apache.commons.lang3.LocaleUtilsTest" time="0.0"/>
  <testcase name="testToLocales(Locale)[679]" classname="org.apache.commons.lang3.LocaleUtilsTest" time="0.001"/>
  <testcase name="testToLocales(Locale)[680]" classname="org.apache.commons.lang3.LocaleUtilsTest" time="0.0"/>
  <testcase name="testToLocales(Locale)[681]" classname="org.apache.commons.lang3.LocaleUtilsTest" time="0.0"/>
  <testcase name="testToLocales(Locale)[682]" classname="org.apache.commons.lang3.LocaleUtilsTest" time="0.001"/>
  <testcase name="testToLocales(Locale)[683]" classname="org.apache.commons.lang3.LocaleUtilsTest" time="0.0"/>
  <testcase name="testToLocales(Locale)[684]" classname="org.apache.commons.lang3.LocaleUtilsTest" time="0.0"/>
  <testcase name="testToLocales(Locale)[685]" classname="org.apache.commons.lang3.LocaleUtilsTest" time="0.001"/>
  <testcase name="testToLocales(Locale)[686]" classname="org.apache.commons.lang3.LocaleUtilsTest" time="0.0"/>
  <testcase name="testToLocales(Locale)[687]" classname="org.apache.commons.lang3.LocaleUtilsTest" time="0.001"/>
  <testcase name="testToLocales(Locale)[688]" classname="org.apache.commons.lang3.LocaleUtilsTest" time="0.0"/>
  <testcase name="testToLocales(Locale)[689]" classname="org.apache.commons.lang3.LocaleUtilsTest" time="0.0"/>
  <testcase name="testToLocales(Locale)[690]" classname="org.apache.commons.lang3.LocaleUtilsTest" time="0.001"/>
  <testcase name="testToLocales(Locale)[691]" classname="org.apache.commons.lang3.LocaleUtilsTest" time="0.001"/>
  <testcase name="testToLocales(Locale)[692]" classname="org.apache.commons.lang3.LocaleUtilsTest" time="0.0"/>
  <testcase name="testToLocales(Locale)[693]" classname="org.apache.commons.lang3.LocaleUtilsTest" time="0.0"/>
  <testcase name="testToLocales(Locale)[694]" classname="org.apache.commons.lang3.LocaleUtilsTest" time="0.001"/>
  <testcase name="testToLocales(Locale)[695]" classname="org.apache.commons.lang3.LocaleUtilsTest" time="0.0"/>
  <testcase name="testToLocales(Locale)[696]" classname="org.apache.commons.lang3.LocaleUtilsTest" time="0.0"/>
  <testcase name="testToLocales(Locale)[697]" classname="org.apache.commons.lang3.LocaleUtilsTest" time="0.0"/>
  <testcase name="testToLocales(Locale)[698]" classname="org.apache.commons.lang3.LocaleUtilsTest" time="0.0"/>
  <testcase name="testToLocales(Locale)[699]" classname="org.apache.commons.lang3.LocaleUtilsTest" time="0.0"/>
  <testcase name="testToLocales(Locale)[700]" classname="org.apache.commons.lang3.LocaleUtilsTest" time="0.0"/>
  <testcase name="testToLocales(Locale)[701]" classname="org.apache.commons.lang3.LocaleUtilsTest" time="0.001"/>
  <testcase name="testToLocales(Locale)[702]" classname="org.apache.commons.lang3.LocaleUtilsTest" time="0.0"/>
  <testcase name="testToLocales(Locale)[703]" classname="org.apache.commons.lang3.LocaleUtilsTest" time="0.0"/>
  <testcase name="testToLocales(Locale)[704]" classname="org.apache.commons.lang3.LocaleUtilsTest" time="0.001"/>
  <testcase name="testToLocales(Locale)[705]" classname="org.apache.commons.lang3.LocaleUtilsTest" time="0.0"/>
  <testcase name="testToLocales(Locale)[706]" classname="org.apache.commons.lang3.LocaleUtilsTest" time="0.001"/>
  <testcase name="testToLocales(Locale)[707]" classname="org.apache.commons.lang3.LocaleUtilsTest" time="0.0"/>
  <testcase name="testToLocales(Locale)[708]" classname="org.apache.commons.lang3.LocaleUtilsTest" time="0.001"/>
  <testcase name="testToLocales(Locale)[709]" classname="org.apache.commons.lang3.LocaleUtilsTest" time="0.001"/>
  <testcase name="testToLocales(Locale)[710]" classname="org.apache.commons.lang3.LocaleUtilsTest" time="0.0"/>
  <testcase name="testToLocales(Locale)[711]" classname="org.apache.commons.lang3.LocaleUtilsTest" time="0.0"/>
  <testcase name="testToLocales(Locale)[712]" classname="org.apache.commons.lang3.LocaleUtilsTest" time="0.0"/>
  <testcase name="testToLocales(Locale)[713]" classname="org.apache.commons.lang3.LocaleUtilsTest" time="0.0"/>
  <testcase name="testToLocales(Locale)[714]" classname="org.apache.commons.lang3.LocaleUtilsTest" time="0.0"/>
  <testcase name="testToLocales(Locale)[715]" classname="org.apache.commons.lang3.LocaleUtilsTest" time="0.0"/>
  <testcase name="testToLocales(Locale)[716]" classname="org.apache.commons.lang3.LocaleUtilsTest" time="0.0"/>
  <testcase name="testToLocales(Locale)[717]" classname="org.apache.commons.lang3.LocaleUtilsTest" time="0.0"/>
  <testcase name="testToLocales(Locale)[718]" classname="org.apache.commons.lang3.LocaleUtilsTest" time="0.0"/>
  <testcase name="testToLocales(Locale)[719]" classname="org.apache.commons.lang3.LocaleUtilsTest" time="0.001"/>
  <testcase name="testToLocales(Locale)[720]" classname="org.apache.commons.lang3.LocaleUtilsTest" time="0.0"/>
  <testcase name="testToLocales(Locale)[721]" classname="org.apache.commons.lang3.LocaleUtilsTest" time="0.0"/>
  <testcase name="testToLocales(Locale)[722]" classname="org.apache.commons.lang3.LocaleUtilsTest" time="0.0"/>
  <testcase name="testToLocales(Locale)[723]" classname="org.apache.commons.lang3.LocaleUtilsTest" time="0.0"/>
  <testcase name="testToLocales(Locale)[724]" classname="org.apache.commons.lang3.LocaleUtilsTest" time="0.0"/>
  <testcase name="testToLocales(Locale)[725]" classname="org.apache.commons.lang3.LocaleUtilsTest" time="0.0"/>
  <testcase name="testToLocales(Locale)[726]" classname="org.apache.commons.lang3.LocaleUtilsTest" time="0.001"/>
  <testcase name="testToLocales(Locale)[727]" classname="org.apache.commons.lang3.LocaleUtilsTest" time="0.0"/>
  <testcase name="testToLocales(Locale)[728]" classname="org.apache.commons.lang3.LocaleUtilsTest" time="0.0"/>
  <testcase name="testToLocales(Locale)[729]" classname="org.apache.commons.lang3.LocaleUtilsTest" time="0.0"/>
  <testcase name="testToLocales(Locale)[730]" classname="org.apache.commons.lang3.LocaleUtilsTest" time="0.0"/>
  <testcase name="testToLocales(Locale)[731]" classname="org.apache.commons.lang3.LocaleUtilsTest" time="0.0"/>
  <testcase name="testToLocales(Locale)[732]" classname="org.apache.commons.lang3.LocaleUtilsTest" time="0.001"/>
  <testcase name="testToLocales(Locale)[733]" classname="org.apache.commons.lang3.LocaleUtilsTest" time="0.0"/>
  <testcase name="testToLocales(Locale)[734]" classname="org.apache.commons.lang3.LocaleUtilsTest" time="0.001"/>
  <testcase name="testToLocales(Locale)[735]" classname="org.apache.commons.lang3.LocaleUtilsTest" time="0.0"/>
  <testcase name="testToLocales(Locale)[736]" classname="org.apache.commons.lang3.LocaleUtilsTest" time="0.0"/>
  <testcase name="testToLocales(Locale)[737]" classname="org.apache.commons.lang3.LocaleUtilsTest" time="0.0"/>
  <testcase name="testToLocales(Locale)[738]" classname="org.apache.commons.lang3.LocaleUtilsTest" time="0.0"/>
  <testcase name="testToLocales(Locale)[739]" classname="org.apache.commons.lang3.LocaleUtilsTest" time="0.0"/>
  <testcase name="testToLocales(Locale)[740]" classname="org.apache.commons.lang3.LocaleUtilsTest" time="0.0"/>
  <testcase name="testToLocales(Locale)[741]" classname="org.apache.commons.lang3.LocaleUtilsTest" time="0.0"/>
  <testcase name="testToLocales(Locale)[742]" classname="org.apache.commons.lang3.LocaleUtilsTest" time="0.0"/>
  <testcase name="testToLocales(Locale)[743]" classname="org.apache.commons.lang3.LocaleUtilsTest" time="0.001"/>
  <testcase name="testToLocales(Locale)[744]" classname="org.apache.commons.lang3.LocaleUtilsTest" time="0.0"/>
  <testcase name="testToLocales(Locale)[745]" classname="org.apache.commons.lang3.LocaleUtilsTest" time="0.001"/>
  <testcase name="testToLocales(Locale)[746]" classname="org.apache.commons.lang3.LocaleUtilsTest" time="0.0"/>
  <testcase name="testToLocales(Locale)[747]" classname="org.apache.commons.lang3.LocaleUtilsTest" time="0.0"/>
  <testcase name="testToLocales(Locale)[748]" classname="org.apache.commons.lang3.LocaleUtilsTest" time="0.0"/>
  <testcase name="testToLocales(Locale)[749]" classname="org.apache.commons.lang3.LocaleUtilsTest" time="0.0"/>
  <testcase name="testToLocales(Locale)[750]" classname="org.apache.commons.lang3.LocaleUtilsTest" time="0.001"/>
  <testcase name="testToLocales(Locale)[751]" classname="org.apache.commons.lang3.LocaleUtilsTest" time="0.0"/>
  <testcase name="testToLocales(Locale)[752]" classname="org.apache.commons.lang3.LocaleUtilsTest" time="0.0"/>
  <testcase name="testToLocales(Locale)[753]" classname="org.apache.commons.lang3.LocaleUtilsTest" time="0.001"/>
  <testcase name="testToLocales(Locale)[754]" classname="org.apache.commons.lang3.LocaleUtilsTest" time="0.0"/>
  <testcase name="testToLocales(Locale)[755]" classname="org.apache.commons.lang3.LocaleUtilsTest" time="0.0"/>
  <testcase name="testToLocales(Locale)[756]" classname="org.apache.commons.lang3.LocaleUtilsTest" time="0.0"/>
  <testcase name="testToLocales(Locale)[757]" classname="org.apache.commons.lang3.LocaleUtilsTest" time="0.0"/>
  <testcase name="testToLocales(Locale)[758]" classname="org.apache.commons.lang3.LocaleUtilsTest" time="0.001"/>
  <testcase name="testToLocales(Locale)[759]" classname="org.apache.commons.lang3.LocaleUtilsTest" time="0.0"/>
  <testcase name="testToLocales(Locale)[760]" classname="org.apache.commons.lang3.LocaleUtilsTest" time="0.0"/>
  <testcase name="testToLocales(Locale)[761]" classname="org.apache.commons.lang3.LocaleUtilsTest" time="0.0"/>
  <testcase name="testToLocales(Locale)[762]" classname="org.apache.commons.lang3.LocaleUtilsTest" time="0.0"/>
  <testcase name="testToLocales(Locale)[763]" classname="org.apache.commons.lang3.LocaleUtilsTest" time="0.001"/>
  <testcase name="testToLocales(Locale)[764]" classname="org.apache.commons.lang3.LocaleUtilsTest" time="0.0"/>
  <testcase name="testToLocales(Locale)[765]" classname="org.apache.commons.lang3.LocaleUtilsTest" time="0.0"/>
  <testcase name="testToLocales(Locale)[766]" classname="org.apache.commons.lang3.LocaleUtilsTest" time="0.001"/>
  <testcase name="testToLocales(Locale)[767]" classname="org.apache.commons.lang3.LocaleUtilsTest" time="0.0"/>
  <testcase name="testToLocales(Locale)[768]" classname="org.apache.commons.lang3.LocaleUtilsTest" time="0.0"/>
  <testcase name="testToLocales(Locale)[769]" classname="org.apache.commons.lang3.LocaleUtilsTest" time="0.0"/>
  <testcase name="testToLocales(Locale)[770]" classname="org.apache.commons.lang3.LocaleUtilsTest" time="0.0"/>
  <testcase name="testToLocales(Locale)[771]" classname="org.apache.commons.lang3.LocaleUtilsTest" time="0.0"/>
  <testcase name="testToLocales(Locale)[772]" classname="org.apache.commons.lang3.LocaleUtilsTest" time="0.0"/>
  <testcase name="testToLocales(Locale)[773]" classname="org.apache.commons.lang3.LocaleUtilsTest" time="0.0"/>
  <testcase name="testToLocales(Locale)[774]" classname="org.apache.commons.lang3.LocaleUtilsTest" time="0.001"/>
  <testcase name="testToLocales(Locale)[775]" classname="org.apache.commons.lang3.LocaleUtilsTest" time="0.0"/>
  <testcase name="testToLocales(Locale)[776]" classname="org.apache.commons.lang3.LocaleUtilsTest" time="0.0"/>
  <testcase name="testToLocales(Locale)[777]" classname="org.apache.commons.lang3.LocaleUtilsTest" time="0.001"/>
  <testcase name="testToLocales(Locale)[778]" classname="org.apache.commons.lang3.LocaleUtilsTest" time="0.0"/>
  <testcase name="testToLocales(Locale)[779]" classname="org.apache.commons.lang3.LocaleUtilsTest" time="0.0"/>
  <testcase name="testToLocales(Locale)[780]" classname="org.apache.commons.lang3.LocaleUtilsTest" time="0.0"/>
  <testcase name="testToLocales(Locale)[781]" classname="org.apache.commons.lang3.LocaleUtilsTest" time="0.0"/>
  <testcase name="testToLocales(Locale)[782]" classname="org.apache.commons.lang3.LocaleUtilsTest" time="0.0"/>
  <testcase name="testToLocales(Locale)[783]" classname="org.apache.commons.lang3.LocaleUtilsTest" time="0.001"/>
  <testcase name="testToLocales(Locale)[784]" classname="org.apache.commons.lang3.LocaleUtilsTest" time="0.001"/>
  <testcase name="testToLocales(Locale)[785]" classname="org.apache.commons.lang3.LocaleUtilsTest" time="0.0"/>
  <testcase name="testToLocales(Locale)[786]" classname="org.apache.commons.lang3.LocaleUtilsTest" time="0.0"/>
  <testcase name="testToLocales(Locale)[787]" classname="org.apache.commons.lang3.LocaleUtilsTest" time="0.0"/>
  <testcase name="testToLocales(Locale)[788]" classname="org.apache.commons.lang3.LocaleUtilsTest" time="0.001"/>
  <testcase name="testToLocales(Locale)[789]" classname="org.apache.commons.lang3.LocaleUtilsTest" time="0.0"/>
  <testcase name="testToLocales(Locale)[790]" classname="org.apache.commons.lang3.LocaleUtilsTest" time="0.001"/>
  <testcase name="testToLocales(Locale)[791]" classname="org.apache.commons.lang3.LocaleUtilsTest" time="0.0"/>
  <testcase name="testToLocales(Locale)[792]" classname="org.apache.commons.lang3.LocaleUtilsTest" time="0.0"/>
  <testcase name="testToLocales(Locale)[793]" classname="org.apache.commons.lang3.LocaleUtilsTest" time="0.0"/>
  <testcase name="testToLocales(Locale)[794]" classname="org.apache.commons.lang3.LocaleUtilsTest" time="0.0"/>
  <testcase name="testToLocales(Locale)[795]" classname="org.apache.commons.lang3.LocaleUtilsTest" time="0.0"/>
  <testcase name="testToLocales(Locale)[796]" classname="org.apache.commons.lang3.LocaleUtilsTest" time="0.0"/>
  <testcase name="testToLocales(Locale)[797]" classname="org.apache.commons.lang3.LocaleUtilsTest" time="0.001"/>
  <testcase name="testToLocales(Locale)[798]" classname="org.apache.commons.lang3.LocaleUtilsTest" time="0.0"/>
  <testcase name="testToLocales(Locale)[799]" classname="org.apache.commons.lang3.LocaleUtilsTest" time="0.001"/>
  <testcase name="testToLocales(Locale)[800]" classname="org.apache.commons.lang3.LocaleUtilsTest" time="0.0"/>
  <testcase name="testToLocales(Locale)[801]" classname="org.apache.commons.lang3.LocaleUtilsTest" time="0.001"/>
  <testcase name="testToLocales(Locale)[802]" classname="org.apache.commons.lang3.LocaleUtilsTest" time="0.0"/>
  <testcase name="testToLocales(Locale)[803]" classname="org.apache.commons.lang3.LocaleUtilsTest" time="0.0"/>
  <testcase name="testToLocales(Locale)[804]" classname="org.apache.commons.lang3.LocaleUtilsTest" time="0.002"/>
  <testcase name="testToLocales(Locale)[805]" classname="org.apache.commons.lang3.LocaleUtilsTest" time="0.0"/>
  <testcase name="testToLocales(Locale)[806]" classname="org.apache.commons.lang3.LocaleUtilsTest" time="0.0"/>
  <testcase name="testToLocales(Locale)[807]" classname="org.apache.commons.lang3.LocaleUtilsTest" time="0.0"/>
  <testcase name="testToLocales(Locale)[808]" classname="org.apache.commons.lang3.LocaleUtilsTest" time="0.0"/>
  <testcase name="testToLocales(Locale)[809]" classname="org.apache.commons.lang3.LocaleUtilsTest" time="0.001"/>
  <testcase name="testToLocales(Locale)[810]" classname="org.apache.commons.lang3.LocaleUtilsTest" time="0.0"/>
  <testcase name="testToLocales(Locale)[811]" classname="org.apache.commons.lang3.LocaleUtilsTest" time="0.0"/>
  <testcase name="testToLocales(Locale)[812]" classname="org.apache.commons.lang3.LocaleUtilsTest" time="0.0"/>
  <testcase name="testToLocales(Locale)[813]" classname="org.apache.commons.lang3.LocaleUtilsTest" time="0.0"/>
  <testcase name="testToLocales(Locale)[814]" classname="org.apache.commons.lang3.LocaleUtilsTest" time="0.001"/>
  <testcase name="testToLocales(Locale)[815]" classname="org.apache.commons.lang3.LocaleUtilsTest" time="0.0"/>
  <testcase name="testToLocales(Locale)[816]" classname="org.apache.commons.lang3.LocaleUtilsTest" time="0.001"/>
  <testcase name="testToLocales(Locale)[817]" classname="org.apache.commons.lang3.LocaleUtilsTest" time="0.0"/>
  <testcase name="testToLocales(Locale)[818]" classname="org.apache.commons.lang3.LocaleUtilsTest" time="0.001"/>
  <testcase name="testToLocales(Locale)[819]" classname="org.apache.commons.lang3.LocaleUtilsTest" time="0.0"/>
  <testcase name="testToLocales(Locale)[820]" classname="org.apache.commons.lang3.LocaleUtilsTest" time="0.0"/>
  <testcase name="testToLocales(Locale)[821]" classname="org.apache.commons.lang3.LocaleUtilsTest" time="0.0"/>
  <testcase name="testToLocales(Locale)[822]" classname="org.apache.commons.lang3.LocaleUtilsTest" time="0.001"/>
  <testcase name="testToLocales(Locale)[823]" classname="org.apache.commons.lang3.LocaleUtilsTest" time="0.0"/>
  <testcase name="testToLocales(Locale)[824]" classname="org.apache.commons.lang3.LocaleUtilsTest" time="0.001"/>
  <testcase name="testToLocales(Locale)[825]" classname="org.apache.commons.lang3.LocaleUtilsTest" time="0.0"/>
  <testcase name="testToLocales(Locale)[826]" classname="org.apache.commons.lang3.LocaleUtilsTest" time="0.0"/>
  <testcase name="testToLocales(Locale)[827]" classname="org.apache.commons.lang3.LocaleUtilsTest" time="0.0"/>
  <testcase name="testToLocales(Locale)[828]" classname="org.apache.commons.lang3.LocaleUtilsTest" time="0.0"/>
  <testcase name="testToLocales(Locale)[829]" classname="org.apache.commons.lang3.LocaleUtilsTest" time="0.001"/>
  <testcase name="testToLocales(Locale)[830]" classname="org.apache.commons.lang3.LocaleUtilsTest" time="0.0"/>
  <testcase name="testToLocales(Locale)[831]" classname="org.apache.commons.lang3.LocaleUtilsTest" time="0.0"/>
  <testcase name="testToLocales(Locale)[832]" classname="org.apache.commons.lang3.LocaleUtilsTest" time="0.001"/>
  <testcase name="testToLocales(Locale)[833]" classname="org.apache.commons.lang3.LocaleUtilsTest" time="0.0"/>
  <testcase name="testToLocales(Locale)[834]" classname="org.apache.commons.lang3.LocaleUtilsTest" time="0.001"/>
  <testcase name="testToLocales(Locale)[835]" classname="org.apache.commons.lang3.LocaleUtilsTest" time="0.0"/>
  <testcase name="testToLocales(Locale)[836]" classname="org.apache.commons.lang3.LocaleUtilsTest" time="0.0"/>
  <testcase name="testToLocales(Locale)[837]" classname="org.apache.commons.lang3.LocaleUtilsTest" time="0.0"/>
  <testcase name="testToLocales(Locale)[838]" classname="org.apache.commons.lang3.LocaleUtilsTest" time="0.0"/>
  <testcase name="testToLocales(Locale)[839]" classname="org.apache.commons.lang3.LocaleUtilsTest" time="0.0"/>
  <testcase name="testToLocales(Locale)[840]" classname="org.apache.commons.lang3.LocaleUtilsTest" time="0.0"/>
  <testcase name="testToLocales(Locale)[841]" classname="org.apache.commons.lang3.LocaleUtilsTest" time="0.0"/>
  <testcase name="testToLocales(Locale)[842]" classname="org.apache.commons.lang3.LocaleUtilsTest" time="0.001"/>
  <testcase name="testToLocales(Locale)[843]" classname="org.apache.commons.lang3.LocaleUtilsTest" time="0.0"/>
  <testcase name="testToLocales(Locale)[844]" classname="org.apache.commons.lang3.LocaleUtilsTest" time="0.0"/>
  <testcase name="testToLocales(Locale)[845]" classname="org.apache.commons.lang3.LocaleUtilsTest" time="0.001"/>
  <testcase name="testToLocales(Locale)[846]" classname="org.apache.commons.lang3.LocaleUtilsTest" time="0.0"/>
  <testcase name="testToLocales(Locale)[847]" classname="org.apache.commons.lang3.LocaleUtilsTest" time="0.001"/>
  <testcase name="testToLocales(Locale)[848]" classname="org.apache.commons.lang3.LocaleUtilsTest" time="0.0"/>
  <testcase name="testToLocales(Locale)[849]" classname="org.apache.commons.lang3.LocaleUtilsTest" time="0.0"/>
  <testcase name="testToLocales(Locale)[850]" classname="org.apache.commons.lang3.LocaleUtilsTest" time="0.0"/>
  <testcase name="testToLocales(Locale)[851]" classname="org.apache.commons.lang3.LocaleUtilsTest" time="0.0"/>
  <testcase name="testToLocales(Locale)[852]" classname="org.apache.commons.lang3.LocaleUtilsTest" time="0.001"/>
  <testcase name="testToLocales(Locale)[853]" classname="org.apache.commons.lang3.LocaleUtilsTest" time="0.0"/>
  <testcase name="testToLocales(Locale)[854]" classname="org.apache.commons.lang3.LocaleUtilsTest" time="0.0"/>
  <testcase name="testToLocales(Locale)[855]" classname="org.apache.commons.lang3.LocaleUtilsTest" time="0.0"/>
  <testcase name="testToLocales(Locale)[856]" classname="org.apache.commons.lang3.LocaleUtilsTest" time="0.0"/>
  <testcase name="testToLocales(Locale)[857]" classname="org.apache.commons.lang3.LocaleUtilsTest" time="0.0"/>
  <testcase name="testToLocales(Locale)[858]" classname="org.apache.commons.lang3.LocaleUtilsTest" time="0.0"/>
  <testcase name="testToLocales(Locale)[859]" classname="org.apache.commons.lang3.LocaleUtilsTest" time="0.0"/>
  <testcase name="testToLocales(Locale)[860]" classname="org.apache.commons.lang3.LocaleUtilsTest" time="0.0"/>
  <testcase name="testToLocales(Locale)[861]" classname="org.apache.commons.lang3.LocaleUtilsTest" time="0.0"/>
  <testcase name="testToLocales(Locale)[862]" classname="org.apache.commons.lang3.LocaleUtilsTest" time="0.0"/>
  <testcase name="testToLocales(Locale)[863]" classname="org.apache.commons.lang3.LocaleUtilsTest" time="0.0"/>
  <testcase name="testToLocales(Locale)[864]" classname="org.apache.commons.lang3.LocaleUtilsTest" time="0.001"/>
  <testcase name="testToLocales(Locale)[865]" classname="org.apache.commons.lang3.LocaleUtilsTest" time="0.0"/>
  <testcase name="testToLocales(Locale)[866]" classname="org.apache.commons.lang3.LocaleUtilsTest" time="0.001"/>
  <testcase name="testToLocales(Locale)[867]" classname="org.apache.commons.lang3.LocaleUtilsTest" time="0.0"/>
  <testcase name="testToLocales(Locale)[868]" classname="org.apache.commons.lang3.LocaleUtilsTest" time="0.001"/>
  <testcase name="testToLocales(Locale)[869]" classname="org.apache.commons.lang3.LocaleUtilsTest" time="0.0"/>
  <testcase name="testToLocales(Locale)[870]" classname="org.apache.commons.lang3.LocaleUtilsTest" time="0.001"/>
  <testcase name="testToLocales(Locale)[871]" classname="org.apache.commons.lang3.LocaleUtilsTest" time="0.0"/>
  <testcase name="testToLocales(Locale)[872]" classname="org.apache.commons.lang3.LocaleUtilsTest" time="0.0"/>
  <testcase name="testToLocales(Locale)[873]" classname="org.apache.commons.lang3.LocaleUtilsTest" time="0.0"/>
  <testcase name="testToLocales(Locale)[874]" classname="org.apache.commons.lang3.LocaleUtilsTest" time="0.001"/>
  <testcase name="testToLocales(Locale)[875]" classname="org.apache.commons.lang3.LocaleUtilsTest" time="0.0"/>
  <testcase name="testToLocales(Locale)[876]" classname="org.apache.commons.lang3.LocaleUtilsTest" time="0.0"/>
  <testcase name="testToLocales(Locale)[877]" classname="org.apache.commons.lang3.LocaleUtilsTest" time="0.0"/>
  <testcase name="testToLocales(Locale)[878]" classname="org.apache.commons.lang3.LocaleUtilsTest" time="0.001"/>
  <testcase name="testToLocales(Locale)[879]" classname="org.apache.commons.lang3.LocaleUtilsTest" time="0.0"/>
  <testcase name="testToLocales(Locale)[880]" classname="org.apache.commons.lang3.LocaleUtilsTest" time="0.001"/>
  <testcase name="testToLocales(Locale)[881]" classname="org.apache.commons.lang3.LocaleUtilsTest" time="0.0"/>
  <testcase name="testToLocales(Locale)[882]" classname="org.apache.commons.lang3.LocaleUtilsTest" time="0.0"/>
  <testcase name="testToLocales(Locale)[883]" classname="org.apache.commons.lang3.LocaleUtilsTest" time="0.001"/>
  <testcase name="testToLocales(Locale)[884]" classname="org.apache.commons.lang3.LocaleUtilsTest" time="0.0"/>
  <testcase name="testToLocales(Locale)[885]" classname="org.apache.commons.lang3.LocaleUtilsTest" time="0.0"/>
  <testcase name="testToLocales(Locale)[886]" classname="org.apache.commons.lang3.LocaleUtilsTest" time="0.0"/>
  <testcase name="testToLocales(Locale)[887]" classname="org.apache.commons.lang3.LocaleUtilsTest" time="0.0"/>
  <testcase name="testToLocales(Locale)[888]" classname="org.apache.commons.lang3.LocaleUtilsTest" time="0.0"/>
  <testcase name="testToLocales(Locale)[889]" classname="org.apache.commons.lang3.LocaleUtilsTest" time="0.0"/>
  <testcase name="testToLocales(Locale)[890]" classname="org.apache.commons.lang3.LocaleUtilsTest" time="0.001"/>
  <testcase name="testToLocales(Locale)[891]" classname="org.apache.commons.lang3.LocaleUtilsTest" time="0.0"/>
  <testcase name="testToLocales(Locale)[892]" classname="org.apache.commons.lang3.LocaleUtilsTest" time="0.0"/>
  <testcase name="testToLocales(Locale)[893]" classname="org.apache.commons.lang3.LocaleUtilsTest" time="0.001"/>
  <testcase name="testToLocales(Locale)[894]" classname="org.apache.commons.lang3.LocaleUtilsTest" time="0.001"/>
  <testcase name="testToLocales(Locale)[895]" classname="org.apache.commons.lang3.LocaleUtilsTest" time="0.0"/>
  <testcase name="testToLocales(Locale)[896]" classname="org.apache.commons.lang3.LocaleUtilsTest" time="0.001"/>
  <testcase name="testToLocales(Locale)[897]" classname="org.apache.commons.lang3.LocaleUtilsTest" time="0.0"/>
  <testcase name="testToLocales(Locale)[898]" classname="org.apache.commons.lang3.LocaleUtilsTest" time="0.001"/>
  <testcase name="testToLocales(Locale)[899]" classname="org.apache.commons.lang3.LocaleUtilsTest" time="0.001"/>
  <testcase name="testToLocales(Locale)[900]" classname="org.apache.commons.lang3.LocaleUtilsTest" time="0.0"/>
  <testcase name="testToLocales(Locale)[901]" classname="org.apache.commons.lang3.LocaleUtilsTest" time="0.0"/>
  <testcase name="testToLocales(Locale)[902]" classname="org.apache.commons.lang3.LocaleUtilsTest" time="0.0"/>
  <testcase name="testToLocales(Locale)[903]" classname="org.apache.commons.lang3.LocaleUtilsTest" time="0.0"/>
  <testcase name="testToLocales(Locale)[904]" classname="org.apache.commons.lang3.LocaleUtilsTest" time="0.0"/>
  <testcase name="testToLocales(Locale)[905]" classname="org.apache.commons.lang3.LocaleUtilsTest" time="0.0"/>
  <testcase name="testToLocales(Locale)[906]" classname="org.apache.commons.lang3.LocaleUtilsTest" time="0.001"/>
  <testcase name="testToLocales(Locale)[907]" classname="org.apache.commons.lang3.LocaleUtilsTest" time="0.0"/>
  <testcase name="testToLocales(Locale)[908]" classname="org.apache.commons.lang3.LocaleUtilsTest" time="0.0"/>
  <testcase name="testToLocales(Locale)[909]" classname="org.apache.commons.lang3.LocaleUtilsTest" time="0.0"/>
  <testcase name="testToLocales(Locale)[910]" classname="org.apache.commons.lang3.LocaleUtilsTest" time="0.001"/>
  <testcase name="testToLocales(Locale)[911]" classname="org.apache.commons.lang3.LocaleUtilsTest" time="0.0"/>
  <testcase name="testToLocales(Locale)[912]" classname="org.apache.commons.lang3.LocaleUtilsTest" time="0.001"/>
  <testcase name="testToLocales(Locale)[913]" classname="org.apache.commons.lang3.LocaleUtilsTest" time="0.0"/>
  <testcase name="testToLocales(Locale)[914]" classname="org.apache.commons.lang3.LocaleUtilsTest" time="0.001"/>
  <testcase name="testToLocales(Locale)[915]" classname="org.apache.commons.lang3.LocaleUtilsTest" time="0.001"/>
  <testcase name="testToLocales(Locale)[916]" classname="org.apache.commons.lang3.LocaleUtilsTest" time="0.0"/>
  <testcase name="testToLocales(Locale)[917]" classname="org.apache.commons.lang3.LocaleUtilsTest" time="0.001"/>
  <testcase name="testToLocales(Locale)[918]" classname="org.apache.commons.lang3.LocaleUtilsTest" time="0.0"/>
  <testcase name="testToLocales(Locale)[919]" classname="org.apache.commons.lang3.LocaleUtilsTest" time="0.001"/>
  <testcase name="testToLocales(Locale)[920]" classname="org.apache.commons.lang3.LocaleUtilsTest" time="0.0"/>
  <testcase name="testToLocales(Locale)[921]" classname="org.apache.commons.lang3.LocaleUtilsTest" time="0.001"/>
  <testcase name="testToLocales(Locale)[922]" classname="org.apache.commons.lang3.LocaleUtilsTest" time="0.0"/>
  <testcase name="testToLocales(Locale)[923]" classname="org.apache.commons.lang3.LocaleUtilsTest" time="0.001"/>
  <testcase name="testToLocales(Locale)[924]" classname="org.apache.commons.lang3.LocaleUtilsTest" time="0.0"/>
  <testcase name="testToLocales(Locale)[925]" classname="org.apache.commons.lang3.LocaleUtilsTest" time="0.0"/>
  <testcase name="testToLocales(Locale)[926]" classname="org.apache.commons.lang3.LocaleUtilsTest" time="0.001"/>
  <testcase name="testToLocales(Locale)[927]" classname="org.apache.commons.lang3.LocaleUtilsTest" time="0.0"/>
  <testcase name="testToLocales(Locale)[928]" classname="org.apache.commons.lang3.LocaleUtilsTest" time="0.001"/>
  <testcase name="testToLocales(Locale)[929]" classname="org.apache.commons.lang3.LocaleUtilsTest" time="0.0"/>
  <testcase name="testToLocales(Locale)[930]" classname="org.apache.commons.lang3.LocaleUtilsTest" time="0.0"/>
  <testcase name="testToLocales(Locale)[931]" classname="org.apache.commons.lang3.LocaleUtilsTest" time="0.001"/>
  <testcase name="testToLocales(Locale)[932]" classname="org.apache.commons.lang3.LocaleUtilsTest" time="0.0"/>
  <testcase name="testToLocales(Locale)[933]" classname="org.apache.commons.lang3.LocaleUtilsTest" time="0.001"/>
  <testcase name="testToLocales(Locale)[934]" classname="org.apache.commons.lang3.LocaleUtilsTest" time="0.0"/>
  <testcase name="testToLocales(Locale)[935]" classname="org.apache.commons.lang3.LocaleUtilsTest" time="0.0"/>
  <testcase name="testToLocales(Locale)[936]" classname="org.apache.commons.lang3.LocaleUtilsTest" time="0.001"/>
  <testcase name="testToLocales(Locale)[937]" classname="org.apache.commons.lang3.LocaleUtilsTest" time="0.0"/>
  <testcase name="testToLocales(Locale)[938]" classname="org.apache.commons.lang3.LocaleUtilsTest" time="0.0"/>
  <testcase name="testToLocales(Locale)[939]" classname="org.apache.commons.lang3.LocaleUtilsTest" time="0.0"/>
  <testcase name="testToLocales(Locale)[940]" classname="org.apache.commons.lang3.LocaleUtilsTest" time="0.0"/>
  <testcase name="testToLocales(Locale)[941]" classname="org.apache.commons.lang3.LocaleUtilsTest" time="0.0"/>
  <testcase name="testToLocales(Locale)[942]" classname="org.apache.commons.lang3.LocaleUtilsTest" time="0.001"/>
  <testcase name="testToLocales(Locale)[943]" classname="org.apache.commons.lang3.LocaleUtilsTest" time="0.0"/>
  <testcase name="testToLocales(Locale)[944]" classname="org.apache.commons.lang3.LocaleUtilsTest" time="0.0"/>
  <testcase name="testToLocales(Locale)[945]" classname="org.apache.commons.lang3.LocaleUtilsTest" time="0.0"/>
  <testcase name="testToLocales(Locale)[946]" classname="org.apache.commons.lang3.LocaleUtilsTest" time="0.0"/>
  <testcase name="testToLocales(Locale)[947]" classname="org.apache.commons.lang3.LocaleUtilsTest" time="0.001"/>
  <testcase name="testToLocales(Locale)[948]" classname="org.apache.commons.lang3.LocaleUtilsTest" time="0.0"/>
  <testcase name="testToLocales(Locale)[949]" classname="org.apache.commons.lang3.LocaleUtilsTest" time="0.001"/>
  <testcase name="testToLocales(Locale)[950]" classname="org.apache.commons.lang3.LocaleUtilsTest" time="0.001"/>
  <testcase name="testToLocales(Locale)[951]" classname="org.apache.commons.lang3.LocaleUtilsTest" time="0.0"/>
  <testcase name="testToLocales(Locale)[952]" classname="org.apache.commons.lang3.LocaleUtilsTest" time="0.0"/>
  <testcase name="testToLocales(Locale)[953]" classname="org.apache.commons.lang3.LocaleUtilsTest" time="0.001"/>
  <testcase name="testToLocales(Locale)[954]" classname="org.apache.commons.lang3.LocaleUtilsTest" time="0.0"/>
  <testcase name="testToLocales(Locale)[955]" classname="org.apache.commons.lang3.LocaleUtilsTest" time="0.001"/>
  <testcase name="testToLocales(Locale)[956]" classname="org.apache.commons.lang3.LocaleUtilsTest" time="0.0"/>
  <testcase name="testToLocales(Locale)[957]" classname="org.apache.commons.lang3.LocaleUtilsTest" time="0.0"/>
  <testcase name="testToLocales(Locale)[958]" classname="org.apache.commons.lang3.LocaleUtilsTest" time="0.0"/>
  <testcase name="testToLocales(Locale)[959]" classname="org.apache.commons.lang3.LocaleUtilsTest" time="0.0"/>
  <testcase name="testToLocales(Locale)[960]" classname="org.apache.commons.lang3.LocaleUtilsTest" time="0.0"/>
  <testcase name="testToLocales(Locale)[961]" classname="org.apache.commons.lang3.LocaleUtilsTest" time="0.0"/>
  <testcase name="testToLocales(Locale)[962]" classname="org.apache.commons.lang3.LocaleUtilsTest" time="0.001"/>
  <testcase name="testToLocales(Locale)[963]" classname="org.apache.commons.lang3.LocaleUtilsTest" time="0.0"/>
  <testcase name="testToLocales(Locale)[964]" classname="org.apache.commons.lang3.LocaleUtilsTest" time="0.0"/>
  <testcase name="testToLocales(Locale)[965]" classname="org.apache.commons.lang3.LocaleUtilsTest" time="0.0"/>
  <testcase name="testToLocales(Locale)[966]" classname="org.apache.commons.lang3.LocaleUtilsTest" time="0.001"/>
  <testcase name="testToLocales(Locale)[967]" classname="org.apache.commons.lang3.LocaleUtilsTest" time="0.001"/>
  <testcase name="testToLocales(Locale)[968]" classname="org.apache.commons.lang3.LocaleUtilsTest" time="0.0"/>
  <testcase name="testToLocales(Locale)[969]" classname="org.apache.commons.lang3.LocaleUtilsTest" time="0.001"/>
  <testcase name="testToLocales(Locale)[970]" classname="org.apache.commons.lang3.LocaleUtilsTest" time="0.0"/>
  <testcase name="testToLocales(Locale)[971]" classname="org.apache.commons.lang3.LocaleUtilsTest" time="0.0"/>
  <testcase name="testToLocales(Locale)[972]" classname="org.apache.commons.lang3.LocaleUtilsTest" time="0.0"/>
  <testcase name="testToLocales(Locale)[973]" classname="org.apache.commons.lang3.LocaleUtilsTest" time="0.001"/>
  <testcase name="testToLocales(Locale)[974]" classname="org.apache.commons.lang3.LocaleUtilsTest" time="0.001"/>
  <testcase name="testToLocales(Locale)[975]" classname="org.apache.commons.lang3.LocaleUtilsTest" time="0.0"/>
  <testcase name="testToLocales(Locale)[976]" classname="org.apache.commons.lang3.LocaleUtilsTest" time="0.0"/>
  <testcase name="testToLocales(Locale)[977]" classname="org.apache.commons.lang3.LocaleUtilsTest" time="0.001"/>
  <testcase name="testToLocales(Locale)[978]" classname="org.apache.commons.lang3.LocaleUtilsTest" time="0.0"/>
  <testcase name="testToLocales(Locale)[979]" classname="org.apache.commons.lang3.LocaleUtilsTest" time="0.0"/>
  <testcase name="testToLocales(Locale)[980]" classname="org.apache.commons.lang3.LocaleUtilsTest" time="0.0"/>
  <testcase name="testToLocales(Locale)[981]" classname="org.apache.commons.lang3.LocaleUtilsTest" time="0.0"/>
  <testcase name="testToLocales(Locale)[982]" classname="org.apache.commons.lang3.LocaleUtilsTest" time="0.001"/>
  <testcase name="testToLocales(Locale)[983]" classname="org.apache.commons.lang3.LocaleUtilsTest" time="0.001"/>
  <testcase name="testToLocales(Locale)[984]" classname="org.apache.commons.lang3.LocaleUtilsTest" time="0.0"/>
  <testcase name="testToLocales(Locale)[985]" classname="org.apache.commons.lang3.LocaleUtilsTest" time="0.0"/>
  <testcase name="testToLocales(Locale)[986]" classname="org.apache.commons.lang3.LocaleUtilsTest" time="0.0"/>
  <testcase name="testToLocales(Locale)[987]" classname="org.apache.commons.lang3.LocaleUtilsTest" time="0.001"/>
  <testcase name="testToLocales(Locale)[988]" classname="org.apache.commons.lang3.LocaleUtilsTest" time="0.0"/>
  <testcase name="testToLocales(Locale)[989]" classname="org.apache.commons.lang3.LocaleUtilsTest" time="0.001"/>
  <testcase name="testToLocales(Locale)[990]" classname="org.apache.commons.lang3.LocaleUtilsTest" time="0.0"/>
  <testcase name="testToLocales(Locale)[991]" classname="org.apache.commons.lang3.LocaleUtilsTest" time="0.0"/>
  <testcase name="testToLocales(Locale)[992]" classname="org.apache.commons.lang3.LocaleUtilsTest" time="0.0"/>
  <testcase name="testToLocales(Locale)[993]" classname="org.apache.commons.lang3.LocaleUtilsTest" time="0.0"/>
  <testcase name="testToLocales(Locale)[994]" classname="org.apache.commons.lang3.LocaleUtilsTest" time="0.0"/>
  <testcase name="testToLocales(Locale)[995]" classname="org.apache.commons.lang3.LocaleUtilsTest" time="0.0"/>
  <testcase name="testToLocales(Locale)[996]" classname="org.apache.commons.lang3.LocaleUtilsTest" time="0.0"/>
  <testcase name="testToLocales(Locale)[997]" classname="org.apache.commons.lang3.LocaleUtilsTest" time="0.0"/>
  <testcase name="testToLocales(Locale)[998]" classname="org.apache.commons.lang3.LocaleUtilsTest" time="0.001"/>
  <testcase name="testToLocales(Locale)[999]" classname="org.apache.commons.lang3.LocaleUtilsTest" time="0.001"/>
  <testcase name="testToLocales(Locale)[1000]" classname="org.apache.commons.lang3.LocaleUtilsTest" time="0.0"/>
  <testcase name="testToLocales(Locale)[1001]" classname="org.apache.commons.lang3.LocaleUtilsTest" time="0.0"/>
  <testcase name="testToLocales(Locale)[1002]" classname="org.apache.commons.lang3.LocaleUtilsTest" time="0.0"/>
  <testcase name="testToLocales(Locale)[1003]" classname="org.apache.commons.lang3.LocaleUtilsTest" time="0.001"/>
  <testcase name="testToLocales(Locale)[1004]" classname="org.apache.commons.lang3.LocaleUtilsTest" time="0.0"/>
  <testcase name="testToLocales(Locale)[1005]" classname="org.apache.commons.lang3.LocaleUtilsTest" time="0.001"/>
  <testcase name="testToLocales(Locale)[1006]" classname="org.apache.commons.lang3.LocaleUtilsTest" time="0.001"/>
  <testcase name="testToLocales(Locale)[1007]" classname="org.apache.commons.lang3.LocaleUtilsTest" time="0.0"/>
  <testcase name="testToLocales(Locale)[1008]" classname="org.apache.commons.lang3.LocaleUtilsTest" time="0.0"/>
  <testcase name="testToLocales(Locale)[1009]" classname="org.apache.commons.lang3.LocaleUtilsTest" time="0.0"/>
  <testcase name="testToLocales(Locale)[1010]" classname="org.apache.commons.lang3.LocaleUtilsTest" time="0.0"/>
  <testcase name="testToLocales(Locale)[1011]" classname="org.apache.commons.lang3.LocaleUtilsTest" time="0.0"/>
  <testcase name="testToLocales(Locale)[1012]" classname="org.apache.commons.lang3.LocaleUtilsTest" time="0.0"/>
  <testcase name="testToLocales(Locale)[1013]" classname="org.apache.commons.lang3.LocaleUtilsTest" time="0.0"/>
  <testcase name="testToLocales(Locale)[1014]" classname="org.apache.commons.lang3.LocaleUtilsTest" time="0.001"/>
  <testcase name="testToLocales(Locale)[1015]" classname="org.apache.commons.lang3.LocaleUtilsTest" time="0.0"/>
  <testcase name="testToLocales(Locale)[1016]" classname="org.apache.commons.lang3.LocaleUtilsTest" time="0.0"/>
  <testcase name="testToLocales(Locale)[1017]" classname="org.apache.commons.lang3.LocaleUtilsTest" time="0.0"/>
  <testcase name="testToLocales(Locale)[1018]" classname="org.apache.commons.lang3.LocaleUtilsTest" time="0.001"/>
  <testcase name="testToLocales(Locale)[1019]" classname="org.apache.commons.lang3.LocaleUtilsTest" time="0.0"/>
  <testcase name="testToLocales(Locale)[1020]" classname="org.apache.commons.lang3.LocaleUtilsTest" time="0.0"/>
  <testcase name="testToLocales(Locale)[1021]" classname="org.apache.commons.lang3.LocaleUtilsTest" time="0.0"/>
  <testcase name="testToLocales(Locale)[1022]" classname="org.apache.commons.lang3.LocaleUtilsTest" time="0.0"/>
  <testcase name="testToLocales(Locale)[1023]" classname="org.apache.commons.lang3.LocaleUtilsTest" time="0.0"/>
  <testcase name="testToLocales(Locale)[1024]" classname="org.apache.commons.lang3.LocaleUtilsTest" time="0.0"/>
  <testcase name="testToLocales(Locale)[1025]" classname="org.apache.commons.lang3.LocaleUtilsTest" time="0.0"/>
  <testcase name="testToLocales(Locale)[1026]" classname="org.apache.commons.lang3.LocaleUtilsTest" time="0.0"/>
  <testcase name="testToLocales(Locale)[1027]" classname="org.apache.commons.lang3.LocaleUtilsTest" time="0.001"/>
  <testcase name="testToLocales(Locale)[1028]" classname="org.apache.commons.lang3.LocaleUtilsTest" time="0.0"/>
  <testcase name="testToLocales(Locale)[1029]" classname="org.apache.commons.lang3.LocaleUtilsTest" time="0.001"/>
  <testcase name="testToLocales(Locale)[1030]" classname="org.apache.commons.lang3.LocaleUtilsTest" time="0.0"/>
  <testcase name="testToLocales(Locale)[1031]" classname="org.apache.commons.lang3.LocaleUtilsTest" time="0.001"/>
  <testcase name="testToLocales(Locale)[1032]" classname="org.apache.commons.lang3.LocaleUtilsTest" time="0.0"/>
  <testcase name="testToLocales(Locale)[1033]" classname="org.apache.commons.lang3.LocaleUtilsTest" time="0.0"/>
  <testcase name="testToLocales(Locale)[1034]" classname="org.apache.commons.lang3.LocaleUtilsTest" time="0.0"/>
  <testcase name="testToLocales(Locale)[1035]" classname="org.apache.commons.lang3.LocaleUtilsTest" time="0.0"/>
  <testcase name="testToLocales(Locale)[1036]" classname="org.apache.commons.lang3.LocaleUtilsTest" time="0.0"/>
  <testcase name="testToLocales(Locale)[1037]" classname="org.apache.commons.lang3.LocaleUtilsTest" time="0.0"/>
  <testcase name="testToLocales(Locale)[1038]" classname="org.apache.commons.lang3.LocaleUtilsTest" time="0.001"/>
  <testcase name="testToLocales(Locale)[1039]" classname="org.apache.commons.lang3.LocaleUtilsTest" time="0.0"/>
  <testcase name="testToLocales(Locale)[1040]" classname="org.apache.commons.lang3.LocaleUtilsTest" time="0.0"/>
  <testcase name="testToLocales(Locale)[1041]" classname="org.apache.commons.lang3.LocaleUtilsTest" time="0.001"/>
  <testcase name="testToLocales(Locale)[1042]" classname="org.apache.commons.lang3.LocaleUtilsTest" time="0.0"/>
  <testcase name="testToLocales(Locale)[1043]" classname="org.apache.commons.lang3.LocaleUtilsTest" time="0.001"/>
  <testcase name="testToLocales(Locale)[1044]" classname="org.apache.commons.lang3.LocaleUtilsTest" time="0.0"/>
  <testcase name="testToLocales(Locale)[1045]" classname="org.apache.commons.lang3.LocaleUtilsTest" time="0.001"/>
  <testcase name="testToLocales(Locale)[1046]" classname="org.apache.commons.lang3.LocaleUtilsTest" time="0.0"/>
  <testcase name="testToLocales(Locale)[1047]" classname="org.apache.commons.lang3.LocaleUtilsTest" time="0.0"/>
  <testcase name="testToLocales(Locale)[1048]" classname="org.apache.commons.lang3.LocaleUtilsTest" time="0.0"/>
  <testcase name="testToLocales(Locale)[1049]" classname="org.apache.commons.lang3.LocaleUtilsTest" time="0.0"/>
  <testcase name="testToLocales(Locale)[1050]" classname="org.apache.commons.lang3.LocaleUtilsTest" time="0.0"/>
  <testcase name="testToLocales(Locale)[1051]" classname="org.apache.commons.lang3.LocaleUtilsTest" time="0.0"/>
  <testcase name="testToLocales(Locale)[1052]" classname="org.apache.commons.lang3.LocaleUtilsTest" time="0.0"/>
  <testcase name="testToLocales(Locale)[1053]" classname="org.apache.commons.lang3.LocaleUtilsTest" time="0.0"/>
  <testcase name="testToLocales(Locale)[1054]" classname="org.apache.commons.lang3.LocaleUtilsTest" time="0.0"/>
  <testcase name="testToLocales(Locale)[1055]" classname="org.apache.commons.lang3.LocaleUtilsTest" time="0.0"/>
  <testcase name="testToLocales(Locale)[1056]" classname="org.apache.commons.lang3.LocaleUtilsTest" time="0.0"/>
  <testcase name="testToLocales(Locale)[1057]" classname="org.apache.commons.lang3.LocaleUtilsTest" time="0.001"/>
  <testcase name="testToLocales(Locale)[1058]" classname="org.apache.commons.lang3.LocaleUtilsTest" time="0.0"/>
  <testcase name="testToLocales(Locale)[1059]" classname="org.apache.commons.lang3.LocaleUtilsTest" time="0.001"/>
  <testcase name="testToLocales(Locale)[1060]" classname="org.apache.commons.lang3.LocaleUtilsTest" time="0.0"/>
  <testcase name="testToLocales(Locale)[1061]" classname="org.apache.commons.lang3.LocaleUtilsTest" time="0.0"/>
  <testcase name="testToLocales(Locale)[1062]" classname="org.apache.commons.lang3.LocaleUtilsTest" time="0.0"/>
  <testcase name="testToLocales(Locale)[1063]" classname="org.apache.commons.lang3.LocaleUtilsTest" time="0.001"/>
  <testcase name="testToLocales(Locale)[1064]" classname="org.apache.commons.lang3.LocaleUtilsTest" time="0.0"/>
  <testcase name="testToLocales(Locale)[1065]" classname="org.apache.commons.lang3.LocaleUtilsTest" time="0.0"/>
  <testcase name="testToLocales(Locale)[1066]" classname="org.apache.commons.lang3.LocaleUtilsTest" time="0.0"/>
  <testcase name="testToLocales(Locale)[1067]" classname="org.apache.commons.lang3.LocaleUtilsTest" time="0.001"/>
  <testcase name="testToLocales(Locale)[1068]" classname="org.apache.commons.lang3.LocaleUtilsTest" time="0.0"/>
  <testcase name="testToLocales(Locale)[1069]" classname="org.apache.commons.lang3.LocaleUtilsTest" time="0.001"/>
  <testcase name="testLang328" classname="org.apache.commons.lang3.LocaleUtilsTest" time="0.0"/>
  <testcase name="testLang865" classname="org.apache.commons.lang3.LocaleUtilsTest" time="0.003"/>
  <testcase name="testCountriesByLanguage" classname="org.apache.commons.lang3.LocaleUtilsTest" time="0.002"/>
  <testcase name="testThreeCharsLocale" classname="org.apache.commons.lang3.LocaleUtilsTest" time="0.001"/>
  <testcase name="testParseAllLocales(Locale)[1]" classname="org.apache.commons.lang3.LocaleUtilsTest" time="0.0"/>
  <testcase name="testParseAllLocales(Locale)[2]" classname="org.apache.commons.lang3.LocaleUtilsTest" time="0.0"/>
  <testcase name="testParseAllLocales(Locale)[3]" classname="org.apache.commons.lang3.LocaleUtilsTest" time="0.0"/>
  <testcase name="testParseAllLocales(Locale)[4]" classname="org.apache.commons.lang3.LocaleUtilsTest" time="0.0"/>
  <testcase name="testParseAllLocales(Locale)[5]" classname="org.apache.commons.lang3.LocaleUtilsTest" time="0.001"/>
  <testcase name="testParseAllLocales(Locale)[6]" classname="org.apache.commons.lang3.LocaleUtilsTest" time="0.001"/>
  <testcase name="testParseAllLocales(Locale)[7]" classname="org.apache.commons.lang3.LocaleUtilsTest" time="0.0"/>
  <testcase name="testParseAllLocales(Locale)[8]" classname="org.apache.commons.lang3.LocaleUtilsTest" time="0.0"/>
  <testcase name="testParseAllLocales(Locale)[9]" classname="org.apache.commons.lang3.LocaleUtilsTest" time="0.002"/>
  <testcase name="testParseAllLocales(Locale)[10]" classname="org.apache.commons.lang3.LocaleUtilsTest" time="0.001"/>
  <testcase name="testParseAllLocales(Locale)[11]" classname="org.apache.commons.lang3.LocaleUtilsTest" time="0.001"/>
  <testcase name="testParseAllLocales(Locale)[12]" classname="org.apache.commons.lang3.LocaleUtilsTest" time="0.001"/>
  <testcase name="testParseAllLocales(Locale)[13]" classname="org.apache.commons.lang3.LocaleUtilsTest" time="0.0"/>
  <testcase name="testParseAllLocales(Locale)[14]" classname="org.apache.commons.lang3.LocaleUtilsTest" time="0.001"/>
  <testcase name="testParseAllLocales(Locale)[15]" classname="org.apache.commons.lang3.LocaleUtilsTest" time="0.0"/>
  <testcase name="testParseAllLocales(Locale)[16]" classname="org.apache.commons.lang3.LocaleUtilsTest" time="0.0"/>
  <testcase name="testParseAllLocales(Locale)[17]" classname="org.apache.commons.lang3.LocaleUtilsTest" time="0.0"/>
  <testcase name="testParseAllLocales(Locale)[18]" classname="org.apache.commons.lang3.LocaleUtilsTest" time="0.0"/>
  <testcase name="testParseAllLocales(Locale)[19]" classname="org.apache.commons.lang3.LocaleUtilsTest" time="0.0"/>
  <testcase name="testParseAllLocales(Locale)[20]" classname="org.apache.commons.lang3.LocaleUtilsTest" time="0.001"/>
  <testcase name="testParseAllLocales(Locale)[21]" classname="org.apache.commons.lang3.LocaleUtilsTest" time="0.001"/>
  <testcase name="testParseAllLocales(Locale)[22]" classname="org.apache.commons.lang3.LocaleUtilsTest" time="0.001"/>
  <testcase name="testParseAllLocales(Locale)[23]" classname="org.apache.commons.lang3.LocaleUtilsTest" time="0.0"/>
  <testcase name="testParseAllLocales(Locale)[24]" classname="org.apache.commons.lang3.LocaleUtilsTest" time="0.0"/>
  <testcase name="testParseAllLocales(Locale)[25]" classname="org.apache.commons.lang3.LocaleUtilsTest" time="0.0"/>
  <testcase name="testParseAllLocales(Locale)[26]" classname="org.apache.commons.lang3.LocaleUtilsTest" time="0.0"/>
  <testcase name="testParseAllLocales(Locale)[27]" classname="org.apache.commons.lang3.LocaleUtilsTest" time="0.001"/>
  <testcase name="testParseAllLocales(Locale)[28]" classname="org.apache.commons.lang3.LocaleUtilsTest" time="0.0"/>
  <testcase name="testParseAllLocales(Locale)[29]" classname="org.apache.commons.lang3.LocaleUtilsTest" time="0.0"/>
  <testcase name="testParseAllLocales(Locale)[30]" classname="org.apache.commons.lang3.LocaleUtilsTest" time="0.0"/>
  <testcase name="testParseAllLocales(Locale)[31]" classname="org.apache.commons.lang3.LocaleUtilsTest" time="0.0"/>
  <testcase name="testParseAllLocales(Locale)[32]" classname="org.apache.commons.lang3.LocaleUtilsTest" time="0.0"/>
  <testcase name="testParseAllLocales(Locale)[33]" classname="org.apache.commons.lang3.LocaleUtilsTest" time="0.0"/>
  <testcase name="testParseAllLocales(Locale)[34]" classname="org.apache.commons.lang3.LocaleUtilsTest" time="0.0"/>
  <testcase name="testParseAllLocales(Locale)[35]" classname="org.apache.commons.lang3.LocaleUtilsTest" time="0.0"/>
  <testcase name="testParseAllLocales(Locale)[36]" classname="org.apache.commons.lang3.LocaleUtilsTest" time="0.0"/>
  <testcase name="testParseAllLocales(Locale)[37]" classname="org.apache.commons.lang3.LocaleUtilsTest" time="0.001"/>
  <testcase name="testParseAllLocales(Locale)[38]" classname="org.apache.commons.lang3.LocaleUtilsTest" time="0.001"/>
  <testcase name="testParseAllLocales(Locale)[39]" classname="org.apache.commons.lang3.LocaleUtilsTest" time="0.001"/>
  <testcase name="testParseAllLocales(Locale)[40]" classname="org.apache.commons.lang3.LocaleUtilsTest" time="0.001"/>
  <testcase name="testParseAllLocales(Locale)[41]" classname="org.apache.commons.lang3.LocaleUtilsTest" time="0.0"/>
  <testcase name="testParseAllLocales(Locale)[42]" classname="org.apache.commons.lang3.LocaleUtilsTest" time="0.0"/>
  <testcase name="testParseAllLocales(Locale)[43]" classname="org.apache.commons.lang3.LocaleUtilsTest" time="0.0"/>
  <testcase name="testParseAllLocales(Locale)[44]" classname="org.apache.commons.lang3.LocaleUtilsTest" time="0.0"/>
  <testcase name="testParseAllLocales(Locale)[45]" classname="org.apache.commons.lang3.LocaleUtilsTest" time="0.001"/>
  <testcase name="testParseAllLocales(Locale)[46]" classname="org.apache.commons.lang3.LocaleUtilsTest" time="0.001"/>
  <testcase name="testParseAllLocales(Locale)[47]" classname="org.apache.commons.lang3.LocaleUtilsTest" time="0.001"/>
  <testcase name="testParseAllLocales(Locale)[48]" classname="org.apache.commons.lang3.LocaleUtilsTest" time="0.0"/>
  <testcase name="testParseAllLocales(Locale)[49]" classname="org.apache.commons.lang3.LocaleUtilsTest" time="0.001"/>
  <testcase name="testParseAllLocales(Locale)[50]" classname="org.apache.commons.lang3.LocaleUtilsTest" time="0.001"/>
  <testcase name="testParseAllLocales(Locale)[51]" classname="org.apache.commons.lang3.LocaleUtilsTest" time="0.001"/>
  <testcase name="testParseAllLocales(Locale)[52]" classname="org.apache.commons.lang3.LocaleUtilsTest" time="0.0"/>
  <testcase name="testParseAllLocales(Locale)[53]" classname="org.apache.commons.lang3.LocaleUtilsTest" time="0.001"/>
  <testcase name="testParseAllLocales(Locale)[54]" classname="org.apache.commons.lang3.LocaleUtilsTest" time="0.0"/>
  <testcase name="testParseAllLocales(Locale)[55]" classname="org.apache.commons.lang3.LocaleUtilsTest" time="0.0"/>
  <testcase name="testParseAllLocales(Locale)[56]" classname="org.apache.commons.lang3.LocaleUtilsTest" time="0.0"/>
  <testcase name="testParseAllLocales(Locale)[57]" classname="org.apache.commons.lang3.LocaleUtilsTest" time="0.0"/>
  <testcase name="testParseAllLocales(Locale)[58]" classname="org.apache.commons.lang3.LocaleUtilsTest" time="0.001"/>
  <testcase name="testParseAllLocales(Locale)[59]" classname="org.apache.commons.lang3.LocaleUtilsTest" time="0.001"/>
  <testcase name="testParseAllLocales(Locale)[60]" classname="org.apache.commons.lang3.LocaleUtilsTest" time="0.001"/>
  <testcase name="testParseAllLocales(Locale)[61]" classname="org.apache.commons.lang3.LocaleUtilsTest" time="0.001"/>
  <testcase name="testParseAllLocales(Locale)[62]" classname="org.apache.commons.lang3.LocaleUtilsTest" time="0.001"/>
  <testcase name="testParseAllLocales(Locale)[63]" classname="org.apache.commons.lang3.LocaleUtilsTest" time="0.0"/>
  <testcase name="testParseAllLocales(Locale)[64]" classname="org.apache.commons.lang3.LocaleUtilsTest" time="0.001"/>
  <testcase name="testParseAllLocales(Locale)[65]" classname="org.apache.commons.lang3.LocaleUtilsTest" time="0.001"/>
  <testcase name="testParseAllLocales(Locale)[66]" classname="org.apache.commons.lang3.LocaleUtilsTest" time="0.0"/>
  <testcase name="testParseAllLocales(Locale)[67]" classname="org.apache.commons.lang3.LocaleUtilsTest" time="0.001"/>
  <testcase name="testParseAllLocales(Locale)[68]" classname="org.apache.commons.lang3.LocaleUtilsTest" time="0.0"/>
  <testcase name="testParseAllLocales(Locale)[69]" classname="org.apache.commons.lang3.LocaleUtilsTest" time="0.001"/>
  <testcase name="testParseAllLocales(Locale)[70]" classname="org.apache.commons.lang3.LocaleUtilsTest" time="0.0"/>
  <testcase name="testParseAllLocales(Locale)[71]" classname="org.apache.commons.lang3.LocaleUtilsTest" time="0.001"/>
  <testcase name="testParseAllLocales(Locale)[72]" classname="org.apache.commons.lang3.LocaleUtilsTest" time="0.0"/>
  <testcase name="testParseAllLocales(Locale)[73]" classname="org.apache.commons.lang3.LocaleUtilsTest" time="0.001"/>
  <testcase name="testParseAllLocales(Locale)[74]" classname="org.apache.commons.lang3.LocaleUtilsTest" time="0.0"/>
  <testcase name="testParseAllLocales(Locale)[75]" classname="org.apache.commons.lang3.LocaleUtilsTest" time="0.001"/>
  <testcase name="testParseAllLocales(Locale)[76]" classname="org.apache.commons.lang3.LocaleUtilsTest" time="0.0"/>
  <testcase name="testParseAllLocales(Locale)[77]" classname="org.apache.commons.lang3.LocaleUtilsTest" time="0.0"/>
  <testcase name="testParseAllLocales(Locale)[78]" classname="org.apache.commons.lang3.LocaleUtilsTest" time="0.0"/>
  <testcase name="testParseAllLocales(Locale)[79]" classname="org.apache.commons.lang3.LocaleUtilsTest" time="0.0"/>
  <testcase name="testParseAllLocales(Locale)[80]" classname="org.apache.commons.lang3.LocaleUtilsTest" time="0.001"/>
  <testcase name="testParseAllLocales(Locale)[81]" classname="org.apache.commons.lang3.LocaleUtilsTest" time="0.0"/>
  <testcase name="testParseAllLocales(Locale)[82]" classname="org.apache.commons.lang3.LocaleUtilsTest" time="0.001"/>
  <testcase name="testParseAllLocales(Locale)[83]" classname="org.apache.commons.lang3.LocaleUtilsTest" time="0.0"/>
  <testcase name="testParseAllLocales(Locale)[84]" classname="org.apache.commons.lang3.LocaleUtilsTest" time="0.001"/>
  <testcase name="testParseAllLocales(Locale)[85]" classname="org.apache.commons.lang3.LocaleUtilsTest" time="0.0"/>
  <testcase name="testParseAllLocales(Locale)[86]" classname="org.apache.commons.lang3.LocaleUtilsTest" time="0.0"/>
  <testcase name="testParseAllLocales(Locale)[87]" classname="org.apache.commons.lang3.LocaleUtilsTest" time="0.0"/>
  <testcase name="testParseAllLocales(Locale)[88]" classname="org.apache.commons.lang3.LocaleUtilsTest" time="0.0"/>
  <testcase name="testParseAllLocales(Locale)[89]" classname="org.apache.commons.lang3.LocaleUtilsTest" time="0.0"/>
  <testcase name="testParseAllLocales(Locale)[90]" classname="org.apache.commons.lang3.LocaleUtilsTest" time="0.0"/>
  <testcase name="testParseAllLocales(Locale)[91]" classname="org.apache.commons.lang3.LocaleUtilsTest" time="0.001"/>
  <testcase name="testParseAllLocales(Locale)[92]" classname="org.apache.commons.lang3.LocaleUtilsTest" time="0.0"/>
  <testcase name="testParseAllLocales(Locale)[93]" classname="org.apache.commons.lang3.LocaleUtilsTest" time="0.001"/>
  <testcase name="testParseAllLocales(Locale)[94]" classname="org.apache.commons.lang3.LocaleUtilsTest" time="0.0"/>
  <testcase name="testParseAllLocales(Locale)[95]" classname="org.apache.commons.lang3.LocaleUtilsTest" time="0.001"/>
  <testcase name="testParseAllLocales(Locale)[96]" classname="org.apache.commons.lang3.LocaleUtilsTest" time="0.0"/>
  <testcase name="testParseAllLocales(Locale)[97]" classname="org.apache.commons.lang3.LocaleUtilsTest" time="0.001"/>
  <testcase name="testParseAllLocales(Locale)[98]" classname="org.apache.commons.lang3.LocaleUtilsTest" time="0.0"/>
  <testcase name="testParseAllLocales(Locale)[99]" classname="org.apache.commons.lang3.LocaleUtilsTest" time="0.0"/>
  <testcase name="testParseAllLocales(Locale)[100]" classname="org.apache.commons.lang3.LocaleUtilsTest" time="0.0"/>
  <testcase name="testParseAllLocales(Locale)[101]" classname="org.apache.commons.lang3.LocaleUtilsTest" time="0.001"/>
  <testcase name="testParseAllLocales(Locale)[102]" classname="org.apache.commons.lang3.LocaleUtilsTest" time="0.001"/>
  <testcase name="testParseAllLocales(Locale)[103]" classname="org.apache.commons.lang3.LocaleUtilsTest" time="0.0"/>
  <testcase name="testParseAllLocales(Locale)[104]" classname="org.apache.commons.lang3.LocaleUtilsTest" time="0.0"/>
  <testcase name="testParseAllLocales(Locale)[105]" classname="org.apache.commons.lang3.LocaleUtilsTest" time="0.0"/>
  <testcase name="testParseAllLocales(Locale)[106]" classname="org.apache.commons.lang3.LocaleUtilsTest" time="0.0"/>
  <testcase name="testParseAllLocales(Locale)[107]" classname="org.apache.commons.lang3.LocaleUtilsTest" time="0.0"/>
  <testcase name="testParseAllLocales(Locale)[108]" classname="org.apache.commons.lang3.LocaleUtilsTest" time="0.0"/>
  <testcase name="testParseAllLocales(Locale)[109]" classname="org.apache.commons.lang3.LocaleUtilsTest" time="0.0"/>
  <testcase name="testParseAllLocales(Locale)[110]" classname="org.apache.commons.lang3.LocaleUtilsTest" time="0.0"/>
  <testcase name="testParseAllLocales(Locale)[111]" classname="org.apache.commons.lang3.LocaleUtilsTest" time="0.001"/>
  <testcase name="testParseAllLocales(Locale)[112]" classname="org.apache.commons.lang3.LocaleUtilsTest" time="0.0"/>
  <testcase name="testParseAllLocales(Locale)[113]" classname="org.apache.commons.lang3.LocaleUtilsTest" time="0.0"/>
  <testcase name="testParseAllLocales(Locale)[114]" classname="org.apache.commons.lang3.LocaleUtilsTest" time="0.001"/>
  <testcase name="testParseAllLocales(Locale)[115]" classname="org.apache.commons.lang3.LocaleUtilsTest" time="0.0"/>
  <testcase name="testParseAllLocales(Locale)[116]" classname="org.apache.commons.lang3.LocaleUtilsTest" time="0.0"/>
  <testcase name="testParseAllLocales(Locale)[117]" classname="org.apache.commons.lang3.LocaleUtilsTest" time="0.001"/>
  <testcase name="testParseAllLocales(Locale)[118]" classname="org.apache.commons.lang3.LocaleUtilsTest" time="0.0"/>
  <testcase name="testParseAllLocales(Locale)[119]" classname="org.apache.commons.lang3.LocaleUtilsTest" time="0.001"/>
  <testcase name="testParseAllLocales(Locale)[120]" classname="org.apache.commons.lang3.LocaleUtilsTest" time="0.0"/>
  <testcase name="testParseAllLocales(Locale)[121]" classname="org.apache.commons.lang3.LocaleUtilsTest" time="0.0"/>
  <testcase name="testParseAllLocales(Locale)[122]" classname="org.apache.commons.lang3.LocaleUtilsTest" time="0.0"/>
  <testcase name="testParseAllLocales(Locale)[123]" classname="org.apache.commons.lang3.LocaleUtilsTest" time="0.0"/>
  <testcase name="testParseAllLocales(Locale)[124]" classname="org.apache.commons.lang3.LocaleUtilsTest" time="0.0"/>
  <testcase name="testParseAllLocales(Locale)[125]" classname="org.apache.commons.lang3.LocaleUtilsTest" time="0.0"/>
  <testcase name="testParseAllLocales(Locale)[126]" classname="org.apache.commons.lang3.LocaleUtilsTest" time="0.0"/>
  <testcase name="testParseAllLocales(Locale)[127]" classname="org.apache.commons.lang3.LocaleUtilsTest" time="0.0"/>
  <testcase name="testParseAllLocales(Locale)[128]" classname="org.apache.commons.lang3.LocaleUtilsTest" time="0.001"/>
  <testcase name="testParseAllLocales(Locale)[129]" classname="org.apache.commons.lang3.LocaleUtilsTest" time="0.0"/>
  <testcase name="testParseAllLocales(Locale)[130]" classname="org.apache.commons.lang3.LocaleUtilsTest" time="0.001"/>
  <testcase name="testParseAllLocales(Locale)[131]" classname="org.apache.commons.lang3.LocaleUtilsTest" time="0.0"/>
  <testcase name="testParseAllLocales(Locale)[132]" classname="org.apache.commons.lang3.LocaleUtilsTest" time="0.001"/>
  <testcase name="testParseAllLocales(Locale)[133]" classname="org.apache.commons.lang3.LocaleUtilsTest" time="0.0"/>
  <testcase name="testParseAllLocales(Locale)[134]" classname="org.apache.commons.lang3.LocaleUtilsTest" time="0.0"/>
  <testcase name="testParseAllLocales(Locale)[135]" classname="org.apache.commons.lang3.LocaleUtilsTest" time="0.0"/>
  <testcase name="testParseAllLocales(Locale)[136]" classname="org.apache.commons.lang3.LocaleUtilsTest" time="0.0"/>
  <testcase name="testParseAllLocales(Locale)[137]" classname="org.apache.commons.lang3.LocaleUtilsTest" time="0.001"/>
  <testcase name="testParseAllLocales(Locale)[138]" classname="org.apache.commons.lang3.LocaleUtilsTest" time="0.0"/>
  <testcase name="testParseAllLocales(Locale)[139]" classname="org.apache.commons.lang3.LocaleUtilsTest" time="0.0"/>
  <testcase name="testParseAllLocales(Locale)[140]" classname="org.apache.commons.lang3.LocaleUtilsTest" time="0.001"/>
  <testcase name="testParseAllLocales(Locale)[141]" classname="org.apache.commons.lang3.LocaleUtilsTest" time="0.001"/>
  <testcase name="testParseAllLocales(Locale)[142]" classname="org.apache.commons.lang3.LocaleUtilsTest" time="0.0"/>
  <testcase name="testParseAllLocales(Locale)[143]" classname="org.apache.commons.lang3.LocaleUtilsTest" time="0.001"/>
  <testcase name="testParseAllLocales(Locale)[144]" classname="org.apache.commons.lang3.LocaleUtilsTest" time="0.0"/>
  <testcase name="testParseAllLocales(Locale)[145]" classname="org.apache.commons.lang3.LocaleUtilsTest" time="0.001"/>
  <testcase name="testParseAllLocales(Locale)[146]" classname="org.apache.commons.lang3.LocaleUtilsTest" time="0.0"/>
  <testcase name="testParseAllLocales(Locale)[147]" classname="org.apache.commons.lang3.LocaleUtilsTest" time="0.0"/>
  <testcase name="testParseAllLocales(Locale)[148]" classname="org.apache.commons.lang3.LocaleUtilsTest" time="0.0"/>
  <testcase name="testParseAllLocales(Locale)[149]" classname="org.apache.commons.lang3.LocaleUtilsTest" time="0.001"/>
  <testcase name="testParseAllLocales(Locale)[150]" classname="org.apache.commons.lang3.LocaleUtilsTest" time="0.0"/>
  <testcase name="testParseAllLocales(Locale)[151]" classname="org.apache.commons.lang3.LocaleUtilsTest" time="0.001"/>
  <testcase name="testParseAllLocales(Locale)[152]" classname="org.apache.commons.lang3.LocaleUtilsTest" time="0.0"/>
  <testcase name="testParseAllLocales(Locale)[153]" classname="org.apache.commons.lang3.LocaleUtilsTest" time="0.0"/>
  <testcase name="testParseAllLocales(Locale)[154]" classname="org.apache.commons.lang3.LocaleUtilsTest" time="0.001"/>
  <testcase name="testParseAllLocales(Locale)[155]" classname="org.apache.commons.lang3.LocaleUtilsTest" time="0.0"/>
  <testcase name="testParseAllLocales(Locale)[156]" classname="org.apache.commons.lang3.LocaleUtilsTest" time="0.0"/>
  <testcase name="testParseAllLocales(Locale)[157]" classname="org.apache.commons.lang3.LocaleUtilsTest" time="0.0"/>
  <testcase name="testParseAllLocales(Locale)[158]" classname="org.apache.commons.lang3.LocaleUtilsTest" time="0.0"/>
  <testcase name="testParseAllLocales(Locale)[159]" classname="org.apache.commons.lang3.LocaleUtilsTest" time="0.0"/>
  <testcase name="testParseAllLocales(Locale)[160]" classname="org.apache.commons.lang3.LocaleUtilsTest" time="0.0"/>
  <testcase name="testParseAllLocales(Locale)[161]" classname="org.apache.commons.lang3.LocaleUtilsTest" time="0.0"/>
  <testcase name="testParseAllLocales(Locale)[162]" classname="org.apache.commons.lang3.LocaleUtilsTest" time="0.001"/>
  <testcase name="testParseAllLocales(Locale)[163]" classname="org.apache.commons.lang3.LocaleUtilsTest" time="0.0"/>
  <testcase name="testParseAllLocales(Locale)[164]" classname="org.apache.commons.lang3.LocaleUtilsTest" time="0.0"/>
  <testcase name="testParseAllLocales(Locale)[165]" classname="org.apache.commons.lang3.LocaleUtilsTest" time="0.0"/>
  <testcase name="testParseAllLocales(Locale)[166]" classname="org.apache.commons.lang3.LocaleUtilsTest" time="0.0"/>
  <testcase name="testParseAllLocales(Locale)[167]" classname="org.apache.commons.lang3.LocaleUtilsTest" time="0.001"/>
  <testcase name="testParseAllLocales(Locale)[168]" classname="org.apache.commons.lang3.LocaleUtilsTest" time="0.0"/>
  <testcase name="testParseAllLocales(Locale)[169]" classname="org.apache.commons.lang3.LocaleUtilsTest" time="0.0"/>
  <testcase name="testParseAllLocales(Locale)[170]" classname="org.apache.commons.lang3.LocaleUtilsTest" time="0.0"/>
  <testcase name="testParseAllLocales(Locale)[171]" classname="org.apache.commons.lang3.LocaleUtilsTest" time="0.0"/>
  <testcase name="testParseAllLocales(Locale)[172]" classname="org.apache.commons.lang3.LocaleUtilsTest" time="0.001"/>
  <testcase name="testParseAllLocales(Locale)[173]" classname="org.apache.commons.lang3.LocaleUtilsTest" time="0.0"/>
  <testcase name="testParseAllLocales(Locale)[174]" classname="org.apache.commons.lang3.LocaleUtilsTest" time="0.0"/>
  <testcase name="testParseAllLocales(Locale)[175]" classname="org.apache.commons.lang3.LocaleUtilsTest" time="0.001"/>
  <testcase name="testParseAllLocales(Locale)[176]" classname="org.apache.commons.lang3.LocaleUtilsTest" time="0.0"/>
  <testcase name="testParseAllLocales(Locale)[177]" classname="org.apache.commons.lang3.LocaleUtilsTest" time="0.0"/>
  <testcase name="testParseAllLocales(Locale)[178]" classname="org.apache.commons.lang3.LocaleUtilsTest" time="0.0"/>
  <testcase name="testParseAllLocales(Locale)[179]" classname="org.apache.commons.lang3.LocaleUtilsTest" time="0.0"/>
  <testcase name="testParseAllLocales(Locale)[180]" classname="org.apache.commons.lang3.LocaleUtilsTest" time="0.001"/>
  <testcase name="testParseAllLocales(Locale)[181]" classname="org.apache.commons.lang3.LocaleUtilsTest" time="0.0"/>
  <testcase name="testParseAllLocales(Locale)[182]" classname="org.apache.commons.lang3.LocaleUtilsTest" time="0.0"/>
  <testcase name="testParseAllLocales(Locale)[183]" classname="org.apache.commons.lang3.LocaleUtilsTest" time="0.001"/>
  <testcase name="testParseAllLocales(Locale)[184]" classname="org.apache.commons.lang3.LocaleUtilsTest" time="0.0"/>
  <testcase name="testParseAllLocales(Locale)[185]" classname="org.apache.commons.lang3.LocaleUtilsTest" time="0.0"/>
  <testcase name="testParseAllLocales(Locale)[186]" classname="org.apache.commons.lang3.LocaleUtilsTest" time="0.0"/>
  <testcase name="testParseAllLocales(Locale)[187]" classname="org.apache.commons.lang3.LocaleUtilsTest" time="0.0"/>
  <testcase name="testParseAllLocales(Locale)[188]" classname="org.apache.commons.lang3.LocaleUtilsTest" time="0.001"/>
  <testcase name="testParseAllLocales(Locale)[189]" classname="org.apache.commons.lang3.LocaleUtilsTest" time="0.0"/>
  <testcase name="testParseAllLocales(Locale)[190]" classname="org.apache.commons.lang3.LocaleUtilsTest" time="0.0"/>
  <testcase name="testParseAllLocales(Locale)[191]" classname="org.apache.commons.lang3.LocaleUtilsTest" time="0.001"/>
  <testcase name="testParseAllLocales(Locale)[192]" classname="org.apache.commons.lang3.LocaleUtilsTest" time="0.0"/>
  <testcase name="testParseAllLocales(Locale)[193]" classname="org.apache.commons.lang3.LocaleUtilsTest" time="0.0"/>
  <testcase name="testParseAllLocales(Locale)[194]" classname="org.apache.commons.lang3.LocaleUtilsTest" time="0.0"/>
  <testcase name="testParseAllLocales(Locale)[195]" classname="org.apache.commons.lang3.LocaleUtilsTest" time="0.001"/>
  <testcase name="testParseAllLocales(Locale)[196]" classname="org.apache.commons.lang3.LocaleUtilsTest" time="0.0"/>
  <testcase name="testParseAllLocales(Locale)[197]" classname="org.apache.commons.lang3.LocaleUtilsTest" time="0.0"/>
  <testcase name="testParseAllLocales(Locale)[198]" classname="org.apache.commons.lang3.LocaleUtilsTest" time="0.001"/>
  <testcase name="testParseAllLocales(Locale)[199]" classname="org.apache.commons.lang3.LocaleUtilsTest" time="0.0"/>
  <testcase name="testParseAllLocales(Locale)[200]" classname="org.apache.commons.lang3.LocaleUtilsTest" time="0.0"/>
  <testcase name="testParseAllLocales(Locale)[201]" classname="org.apache.commons.lang3.LocaleUtilsTest" time="0.001"/>
  <testcase name="testParseAllLocales(Locale)[202]" classname="org.apache.commons.lang3.LocaleUtilsTest" time="0.0"/>
  <testcase name="testParseAllLocales(Locale)[203]" classname="org.apache.commons.lang3.LocaleUtilsTest" time="0.0"/>
  <testcase name="testParseAllLocales(Locale)[204]" classname="org.apache.commons.lang3.LocaleUtilsTest" time="0.001"/>
  <testcase name="testParseAllLocales(Locale)[205]" classname="org.apache.commons.lang3.LocaleUtilsTest" time="0.0"/>
  <testcase name="testParseAllLocales(Locale)[206]" classname="org.apache.commons.lang3.LocaleUtilsTest" time="0.0"/>
  <testcase name="testParseAllLocales(Locale)[207]" classname="org.apache.commons.lang3.LocaleUtilsTest" time="0.0"/>
  <testcase name="testParseAllLocales(Locale)[208]" classname="org.apache.commons.lang3.LocaleUtilsTest" time="0.001"/>
  <testcase name="testParseAllLocales(Locale)[209]" classname="org.apache.commons.lang3.LocaleUtilsTest" time="0.0"/>
  <testcase name="testParseAllLocales(Locale)[210]" classname="org.apache.commons.lang3.LocaleUtilsTest" time="0.0"/>
  <testcase name="testParseAllLocales(Locale)[211]" classname="org.apache.commons.lang3.LocaleUtilsTest" time="0.0"/>
  <testcase name="testParseAllLocales(Locale)[212]" classname="org.apache.commons.lang3.LocaleUtilsTest" time="0.001"/>
  <testcase name="testParseAllLocales(Locale)[213]" classname="org.apache.commons.lang3.LocaleUtilsTest" time="0.001"/>
  <testcase name="testParseAllLocales(Locale)[214]" classname="org.apache.commons.lang3.LocaleUtilsTest" time="0.0"/>
  <testcase name="testParseAllLocales(Locale)[215]" classname="org.apache.commons.lang3.LocaleUtilsTest" time="0.001"/>
  <testcase name="testParseAllLocales(Locale)[216]" classname="org.apache.commons.lang3.LocaleUtilsTest" time="0.0"/>
  <testcase name="testParseAllLocales(Locale)[217]" classname="org.apache.commons.lang3.LocaleUtilsTest" time="0.0"/>
  <testcase name="testParseAllLocales(Locale)[218]" classname="org.apache.commons.lang3.LocaleUtilsTest" time="0.0"/>
  <testcase name="testParseAllLocales(Locale)[219]" classname="org.apache.commons.lang3.LocaleUtilsTest" time="0.0"/>
  <testcase name="testParseAllLocales(Locale)[220]" classname="org.apache.commons.lang3.LocaleUtilsTest" time="0.001"/>
  <testcase name="testParseAllLocales(Locale)[221]" classname="org.apache.commons.lang3.LocaleUtilsTest" time="0.0"/>
  <testcase name="testParseAllLocales(Locale)[222]" classname="org.apache.commons.lang3.LocaleUtilsTest" time="0.0"/>
  <testcase name="testParseAllLocales(Locale)[223]" classname="org.apache.commons.lang3.LocaleUtilsTest" time="0.0"/>
  <testcase name="testParseAllLocales(Locale)[224]" classname="org.apache.commons.lang3.LocaleUtilsTest" time="0.001"/>
  <testcase name="testParseAllLocales(Locale)[225]" classname="org.apache.commons.lang3.LocaleUtilsTest" time="0.0"/>
  <testcase name="testParseAllLocales(Locale)[226]" classname="org.apache.commons.lang3.LocaleUtilsTest" time="0.001"/>
  <testcase name="testParseAllLocales(Locale)[227]" classname="org.apache.commons.lang3.LocaleUtilsTest" time="0.0"/>
  <testcase name="testParseAllLocales(Locale)[228]" classname="org.apache.commons.lang3.LocaleUtilsTest" time="0.0"/>
  <testcase name="testParseAllLocales(Locale)[229]" classname="org.apache.commons.lang3.LocaleUtilsTest" time="0.0"/>
  <testcase name="testParseAllLocales(Locale)[230]" classname="org.apache.commons.lang3.LocaleUtilsTest" time="0.0"/>
  <testcase name="testParseAllLocales(Locale)[231]" classname="org.apache.commons.lang3.LocaleUtilsTest" time="0.001"/>
  <testcase name="testParseAllLocales(Locale)[232]" classname="org.apache.commons.lang3.LocaleUtilsTest" time="0.0"/>
  <testcase name="testParseAllLocales(Locale)[233]" classname="org.apache.commons.lang3.LocaleUtilsTest" time="0.001"/>
  <testcase name="testParseAllLocales(Locale)[234]" classname="org.apache.commons.lang3.LocaleUtilsTest" time="0.0"/>
  <testcase name="testParseAllLocales(Locale)[235]" classname="org.apache.commons.lang3.LocaleUtilsTest" time="0.001"/>
  <testcase name="testParseAllLocales(Locale)[236]" classname="org.apache.commons.lang3.LocaleUtilsTest" time="0.0"/>
  <testcase name="testParseAllLocales(Locale)[237]" classname="org.apache.commons.lang3.LocaleUtilsTest" time="0.0"/>
  <testcase name="testParseAllLocales(Locale)[238]" classname="org.apache.commons.lang3.LocaleUtilsTest" time="0.001"/>
  <testcase name="testParseAllLocales(Locale)[239]" classname="org.apache.commons.lang3.LocaleUtilsTest" time="0.0"/>
  <testcase name="testParseAllLocales(Locale)[240]" classname="org.apache.commons.lang3.LocaleUtilsTest" time="0.001"/>
  <testcase name="testParseAllLocales(Locale)[241]" classname="org.apache.commons.lang3.LocaleUtilsTest" time="0.0"/>
  <testcase name="testParseAllLocales(Locale)[242]" classname="org.apache.commons.lang3.LocaleUtilsTest" time="0.001"/>
  <testcase name="testParseAllLocales(Locale)[243]" classname="org.apache.commons.lang3.LocaleUtilsTest" time="0.0"/>
  <testcase name="testParseAllLocales(Locale)[244]" classname="org.apache.commons.lang3.LocaleUtilsTest" time="0.0"/>
  <testcase name="testParseAllLocales(Locale)[245]" classname="org.apache.commons.lang3.LocaleUtilsTest" time="0.0"/>
  <testcase name="testParseAllLocales(Locale)[246]" classname="org.apache.commons.lang3.LocaleUtilsTest" time="0.0"/>
  <testcase name="testParseAllLocales(Locale)[247]" classname="org.apache.commons.lang3.LocaleUtilsTest" time="0.0"/>
  <testcase name="testParseAllLocales(Locale)[248]" classname="org.apache.commons.lang3.LocaleUtilsTest" time="0.0"/>
  <testcase name="testParseAllLocales(Locale)[249]" classname="org.apache.commons.lang3.LocaleUtilsTest" time="0.001"/>
  <testcase name="testParseAllLocales(Locale)[250]" classname="org.apache.commons.lang3.LocaleUtilsTest" time="0.0"/>
  <testcase name="testParseAllLocales(Locale)[251]" classname="org.apache.commons.lang3.LocaleUtilsTest" time="0.0"/>
  <testcase name="testParseAllLocales(Locale)[252]" classname="org.apache.commons.lang3.LocaleUtilsTest" time="0.001"/>
  <testcase name="testParseAllLocales(Locale)[253]" classname="org.apache.commons.lang3.LocaleUtilsTest" time="0.0"/>
  <testcase name="testParseAllLocales(Locale)[254]" classname="org.apache.commons.lang3.LocaleUtilsTest" time="0.0"/>
  <testcase name="testParseAllLocales(Locale)[255]" classname="org.apache.commons.lang3.LocaleUtilsTest" time="0.001"/>
  <testcase name="testParseAllLocales(Locale)[256]" classname="org.apache.commons.lang3.LocaleUtilsTest" time="0.0"/>
  <testcase name="testParseAllLocales(Locale)[257]" classname="org.apache.commons.lang3.LocaleUtilsTest" time="0.001"/>
  <testcase name="testParseAllLocales(Locale)[258]" classname="org.apache.commons.lang3.LocaleUtilsTest" time="0.001"/>
  <testcase name="testParseAllLocales(Locale)[259]" classname="org.apache.commons.lang3.LocaleUtilsTest" time="0.0"/>
  <testcase name="testParseAllLocales(Locale)[260]" classname="org.apache.commons.lang3.LocaleUtilsTest" time="0.001"/>
  <testcase name="testParseAllLocales(Locale)[261]" classname="org.apache.commons.lang3.LocaleUtilsTest" time="0.0"/>
  <testcase name="testParseAllLocales(Locale)[262]" classname="org.apache.commons.lang3.LocaleUtilsTest" time="0.0"/>
  <testcase name="testParseAllLocales(Locale)[263]" classname="org.apache.commons.lang3.LocaleUtilsTest" time="0.0"/>
  <testcase name="testParseAllLocales(Locale)[264]" classname="org.apache.commons.lang3.LocaleUtilsTest" time="0.001"/>
  <testcase name="testParseAllLocales(Locale)[265]" classname="org.apache.commons.lang3.LocaleUtilsTest" time="0.0"/>
  <testcase name="testParseAllLocales(Locale)[266]" classname="org.apache.commons.lang3.LocaleUtilsTest" time="0.0"/>
  <testcase name="testParseAllLocales(Locale)[267]" classname="org.apache.commons.lang3.LocaleUtilsTest" time="0.0"/>
  <testcase name="testParseAllLocales(Locale)[268]" classname="org.apache.commons.lang3.LocaleUtilsTest" time="0.001"/>
  <testcase name="testParseAllLocales(Locale)[269]" classname="org.apache.commons.lang3.LocaleUtilsTest" time="0.0"/>
  <testcase name="testParseAllLocales(Locale)[270]" classname="org.apache.commons.lang3.LocaleUtilsTest" time="0.001"/>
  <testcase name="testParseAllLocales(Locale)[271]" classname="org.apache.commons.lang3.LocaleUtilsTest" time="0.0"/>
  <testcase name="testParseAllLocales(Locale)[272]" classname="org.apache.commons.lang3.LocaleUtilsTest" time="0.0"/>
  <testcase name="testParseAllLocales(Locale)[273]" classname="org.apache.commons.lang3.LocaleUtilsTest" time="0.0"/>
  <testcase name="testParseAllLocales(Locale)[274]" classname="org.apache.commons.lang3.LocaleUtilsTest" time="0.001"/>
  <testcase name="testParseAllLocales(Locale)[275]" classname="org.apache.commons.lang3.LocaleUtilsTest" time="0.0"/>
  <testcase name="testParseAllLocales(Locale)[276]" classname="org.apache.commons.lang3.LocaleUtilsTest" time="0.001"/>
  <testcase name="testParseAllLocales(Locale)[277]" classname="org.apache.commons.lang3.LocaleUtilsTest" time="0.0"/>
  <testcase name="testParseAllLocales(Locale)[278]" classname="org.apache.commons.lang3.LocaleUtilsTest" time="0.001"/>
  <testcase name="testParseAllLocales(Locale)[279]" classname="org.apache.commons.lang3.LocaleUtilsTest" time="0.0"/>
  <testcase name="testParseAllLocales(Locale)[280]" classname="org.apache.commons.lang3.LocaleUtilsTest" time="0.001"/>
  <testcase name="testParseAllLocales(Locale)[281]" classname="org.apache.commons.lang3.LocaleUtilsTest" time="0.0"/>
  <testcase name="testParseAllLocales(Locale)[282]" classname="org.apache.commons.lang3.LocaleUtilsTest" time="0.0"/>
  <testcase name="testParseAllLocales(Locale)[283]" classname="org.apache.commons.lang3.LocaleUtilsTest" time="0.0"/>
  <testcase name="testParseAllLocales(Locale)[284]" classname="org.apache.commons.lang3.LocaleUtilsTest" time="0.0"/>
  <testcase name="testParseAllLocales(Locale)[285]" classname="org.apache.commons.lang3.LocaleUtilsTest" time="0.0"/>
  <testcase name="testParseAllLocales(Locale)[286]" classname="org.apache.commons.lang3.LocaleUtilsTest" time="0.0"/>
  <testcase name="testParseAllLocales(Locale)[287]" classname="org.apache.commons.lang3.LocaleUtilsTest" time="0.001"/>
  <testcase name="testParseAllLocales(Locale)[288]" classname="org.apache.commons.lang3.LocaleUtilsTest" time="0.0"/>
  <testcase name="testParseAllLocales(Locale)[289]" classname="org.apache.commons.lang3.LocaleUtilsTest" time="0.0"/>
  <testcase name="testParseAllLocales(Locale)[290]" classname="org.apache.commons.lang3.LocaleUtilsTest" time="0.0"/>
  <testcase name="testParseAllLocales(Locale)[291]" classname="org.apache.commons.lang3.LocaleUtilsTest" time="0.001"/>
  <testcase name="testParseAllLocales(Locale)[292]" classname="org.apache.commons.lang3.LocaleUtilsTest" time="0.0"/>
  <testcase name="testParseAllLocales(Locale)[293]" classname="org.apache.commons.lang3.LocaleUtilsTest" time="0.001"/>
  <testcase name="testParseAllLocales(Locale)[294]" classname="org.apache.commons.lang3.LocaleUtilsTest" time="0.0"/>
  <testcase name="testParseAllLocales(Locale)[295]" classname="org.apache.commons.lang3.LocaleUtilsTest" time="0.001"/>
  <testcase name="testParseAllLocales(Locale)[296]" classname="org.apache.commons.lang3.LocaleUtilsTest" time="0.001"/>
  <testcase name="testParseAllLocales(Locale)[297]" classname="org.apache.commons.lang3.LocaleUtilsTest" time="0.001"/>
  <testcase name="testParseAllLocales(Locale)[298]" classname="org.apache.commons.lang3.LocaleUtilsTest" time="0.0"/>
  <testcase name="testParseAllLocales(Locale)[299]" classname="org.apache.commons.lang3.LocaleUtilsTest" time="0.001"/>
  <testcase name="testParseAllLocales(Locale)[300]" classname="org.apache.commons.lang3.LocaleUtilsTest" time="0.0"/>
  <testcase name="testParseAllLocales(Locale)[301]" classname="org.apache.commons.lang3.LocaleUtilsTest" time="0.0"/>
  <testcase name="testParseAllLocales(Locale)[302]" classname="org.apache.commons.lang3.LocaleUtilsTest" time="0.001"/>
  <testcase name="testParseAllLocales(Locale)[303]" classname="org.apache.commons.lang3.LocaleUtilsTest" time="0.001"/>
  <testcase name="testParseAllLocales(Locale)[304]" classname="org.apache.commons.lang3.LocaleUtilsTest" time="0.0"/>
  <testcase name="testParseAllLocales(Locale)[305]" classname="org.apache.commons.lang3.LocaleUtilsTest" time="0.0"/>
  <testcase name="testParseAllLocales(Locale)[306]" classname="org.apache.commons.lang3.LocaleUtilsTest" time="0.0"/>
  <testcase name="testParseAllLocales(Locale)[307]" classname="org.apache.commons.lang3.LocaleUtilsTest" time="0.001"/>
  <testcase name="testParseAllLocales(Locale)[308]" classname="org.apache.commons.lang3.LocaleUtilsTest" time="0.001"/>
  <testcase name="testParseAllLocales(Locale)[309]" classname="org.apache.commons.lang3.LocaleUtilsTest" time="0.0"/>
  <testcase name="testParseAllLocales(Locale)[310]" classname="org.apache.commons.lang3.LocaleUtilsTest" time="0.001"/>
  <testcase name="testParseAllLocales(Locale)[311]" classname="org.apache.commons.lang3.LocaleUtilsTest" time="0.0"/>
  <testcase name="testParseAllLocales(Locale)[312]" classname="org.apache.commons.lang3.LocaleUtilsTest" time="0.001"/>
  <testcase name="testParseAllLocales(Locale)[313]" classname="org.apache.commons.lang3.LocaleUtilsTest" time="0.0"/>
  <testcase name="testParseAllLocales(Locale)[314]" classname="org.apache.commons.lang3.LocaleUtilsTest" time="0.0"/>
  <testcase name="testParseAllLocales(Locale)[315]" classname="org.apache.commons.lang3.LocaleUtilsTest" time="0.001"/>
  <testcase name="testParseAllLocales(Locale)[316]" classname="org.apache.commons.lang3.LocaleUtilsTest" time="0.0"/>
  <testcase name="testParseAllLocales(Locale)[317]" classname="org.apache.commons.lang3.LocaleUtilsTest" time="0.0"/>
  <testcase name="testParseAllLocales(Locale)[318]" classname="org.apache.commons.lang3.LocaleUtilsTest" time="0.001"/>
  <testcase name="testParseAllLocales(Locale)[319]" classname="org.apache.commons.lang3.LocaleUtilsTest" time="0.001"/>
  <testcase name="testParseAllLocales(Locale)[320]" classname="org.apache.commons.lang3.LocaleUtilsTest" time="0.0"/>
  <testcase name="testParseAllLocales(Locale)[321]" classname="org.apache.commons.lang3.LocaleUtilsTest" time="0.001"/>
  <testcase name="testParseAllLocales(Locale)[322]" classname="org.apache.commons.lang3.LocaleUtilsTest" time="0.0"/>
  <testcase name="testParseAllLocales(Locale)[323]" classname="org.apache.commons.lang3.LocaleUtilsTest" time="0.0"/>
  <testcase name="testParseAllLocales(Locale)[324]" classname="org.apache.commons.lang3.LocaleUtilsTest" time="0.001"/>
  <testcase name="testParseAllLocales(Locale)[325]" classname="org.apache.commons.lang3.LocaleUtilsTest" time="0.001"/>
  <testcase name="testParseAllLocales(Locale)[326]" classname="org.apache.commons.lang3.LocaleUtilsTest" time="0.0"/>
  <testcase name="testParseAllLocales(Locale)[327]" classname="org.apache.commons.lang3.LocaleUtilsTest" time="0.001"/>
  <testcase name="testParseAllLocales(Locale)[328]" classname="org.apache.commons.lang3.LocaleUtilsTest" time="0.0"/>
  <testcase name="testParseAllLocales(Locale)[329]" classname="org.apache.commons.lang3.LocaleUtilsTest" time="0.001"/>
  <testcase name="testParseAllLocales(Locale)[330]" classname="org.apache.commons.lang3.LocaleUtilsTest" time="0.0"/>
  <testcase name="testParseAllLocales(Locale)[331]" classname="org.apache.commons.lang3.LocaleUtilsTest" time="0.0"/>
  <testcase name="testParseAllLocales(Locale)[332]" classname="org.apache.commons.lang3.LocaleUtilsTest" time="0.0"/>
  <testcase name="testParseAllLocales(Locale)[333]" classname="org.apache.commons.lang3.LocaleUtilsTest" time="0.001"/>
  <testcase name="testParseAllLocales(Locale)[334]" classname="org.apache.commons.lang3.LocaleUtilsTest" time="0.001"/>
  <testcase name="testParseAllLocales(Locale)[335]" classname="org.apache.commons.lang3.LocaleUtilsTest" time="0.0"/>
  <testcase name="testParseAllLocales(Locale)[336]" classname="org.apache.commons.lang3.LocaleUtilsTest" time="0.0"/>
  <testcase name="testParseAllLocales(Locale)[337]" classname="org.apache.commons.lang3.LocaleUtilsTest" time="0.001"/>
  <testcase name="testParseAllLocales(Locale)[338]" classname="org.apache.commons.lang3.LocaleUtilsTest" time="0.0"/>
  <testcase name="testParseAllLocales(Locale)[339]" classname="org.apache.commons.lang3.LocaleUtilsTest" time="0.0"/>
  <testcase name="testParseAllLocales(Locale)[340]" classname="org.apache.commons.lang3.LocaleUtilsTest" time="0.001"/>
  <testcase name="testParseAllLocales(Locale)[341]" classname="org.apache.commons.lang3.LocaleUtilsTest" time="0.0"/>
  <testcase name="testParseAllLocales(Locale)[342]" classname="org.apache.commons.lang3.LocaleUtilsTest" time="0.0"/>
  <testcase name="testParseAllLocales(Locale)[343]" classname="org.apache.commons.lang3.LocaleUtilsTest" time="0.001"/>
  <testcase name="testParseAllLocales(Locale)[344]" classname="org.apache.commons.lang3.LocaleUtilsTest" time="0.0"/>
  <testcase name="testParseAllLocales(Locale)[345]" classname="org.apache.commons.lang3.LocaleUtilsTest" time="0.0"/>
  <testcase name="testParseAllLocales(Locale)[346]" classname="org.apache.commons.lang3.LocaleUtilsTest" time="0.001"/>
  <testcase name="testParseAllLocales(Locale)[347]" classname="org.apache.commons.lang3.LocaleUtilsTest" time="0.0"/>
  <testcase name="testParseAllLocales(Locale)[348]" classname="org.apache.commons.lang3.LocaleUtilsTest" time="0.0"/>
  <testcase name="testParseAllLocales(Locale)[349]" classname="org.apache.commons.lang3.LocaleUtilsTest" time="0.001"/>
  <testcase name="testParseAllLocales(Locale)[350]" classname="org.apache.commons.lang3.LocaleUtilsTest" time="0.0"/>
  <testcase name="testParseAllLocales(Locale)[351]" classname="org.apache.commons.lang3.LocaleUtilsTest" time="0.0"/>
  <testcase name="testParseAllLocales(Locale)[352]" classname="org.apache.commons.lang3.LocaleUtilsTest" time="0.0"/>
  <testcase name="testParseAllLocales(Locale)[353]" classname="org.apache.commons.lang3.LocaleUtilsTest" time="0.001"/>
  <testcase name="testParseAllLocales(Locale)[354]" classname="org.apache.commons.lang3.LocaleUtilsTest" time="0.001"/>
  <testcase name="testParseAllLocales(Locale)[355]" classname="org.apache.commons.lang3.LocaleUtilsTest" time="0.0"/>
  <testcase name="testParseAllLocales(Locale)[356]" classname="org.apache.commons.lang3.LocaleUtilsTest" time="0.0"/>
  <testcase name="testParseAllLocales(Locale)[357]" classname="org.apache.commons.lang3.LocaleUtilsTest" time="0.0"/>
  <testcase name="testParseAllLocales(Locale)[358]" classname="org.apache.commons.lang3.LocaleUtilsTest" time="0.001"/>
  <testcase name="testParseAllLocales(Locale)[359]" classname="org.apache.commons.lang3.LocaleUtilsTest" time="0.0"/>
  <testcase name="testParseAllLocales(Locale)[360]" classname="org.apache.commons.lang3.LocaleUtilsTest" time="0.001"/>
  <testcase name="testParseAllLocales(Locale)[361]" classname="org.apache.commons.lang3.LocaleUtilsTest" time="0.001"/>
  <testcase name="testParseAllLocales(Locale)[362]" classname="org.apache.commons.lang3.LocaleUtilsTest" time="0.0"/>
  <testcase name="testParseAllLocales(Locale)[363]" classname="org.apache.commons.lang3.LocaleUtilsTest" time="0.0"/>
  <testcase name="testParseAllLocales(Locale)[364]" classname="org.apache.commons.lang3.LocaleUtilsTest" time="0.001"/>
  <testcase name="testParseAllLocales(Locale)[365]" classname="org.apache.commons.lang3.LocaleUtilsTest" time="0.0"/>
  <testcase name="testParseAllLocales(Locale)[366]" classname="org.apache.commons.lang3.LocaleUtilsTest" time="0.001"/>
  <testcase name="testParseAllLocales(Locale)[367]" classname="org.apache.commons.lang3.LocaleUtilsTest" time="0.0"/>
  <testcase name="testParseAllLocales(Locale)[368]" classname="org.apache.commons.lang3.LocaleUtilsTest" time="0.0"/>
  <testcase name="testParseAllLocales(Locale)[369]" classname="org.apache.commons.lang3.LocaleUtilsTest" time="0.001"/>
  <testcase name="testParseAllLocales(Locale)[370]" classname="org.apache.commons.lang3.LocaleUtilsTest" time="0.0"/>
  <testcase name="testParseAllLocales(Locale)[371]" classname="org.apache.commons.lang3.LocaleUtilsTest" time="0.001"/>
  <testcase name="testParseAllLocales(Locale)[372]" classname="org.apache.commons.lang3.LocaleUtilsTest" time="0.001"/>
  <testcase name="testParseAllLocales(Locale)[373]" classname="org.apache.commons.lang3.LocaleUtilsTest" time="0.0"/>
  <testcase name="testParseAllLocales(Locale)[374]" classname="org.apache.commons.lang3.LocaleUtilsTest" time="0.0"/>
  <testcase name="testParseAllLocales(Locale)[375]" classname="org.apache.commons.lang3.LocaleUtilsTest" time="0.001"/>
  <testcase name="testParseAllLocales(Locale)[376]" classname="org.apache.commons.lang3.LocaleUtilsTest" time="0.0"/>
  <testcase name="testParseAllLocales(Locale)[377]" classname="org.apache.commons.lang3.LocaleUtilsTest" time="0.0"/>
  <testcase name="testParseAllLocales(Locale)[378]" classname="org.apache.commons.lang3.LocaleUtilsTest" time="0.001"/>
  <testcase name="testParseAllLocales(Locale)[379]" classname="org.apache.commons.lang3.LocaleUtilsTest" time="0.0"/>
  <testcase name="testParseAllLocales(Locale)[380]" classname="org.apache.commons.lang3.LocaleUtilsTest" time="0.001"/>
  <testcase name="testParseAllLocales(Locale)[381]" classname="org.apache.commons.lang3.LocaleUtilsTest" time="0.0"/>
  <testcase name="testParseAllLocales(Locale)[382]" classname="org.apache.commons.lang3.LocaleUtilsTest" time="0.0"/>
  <testcase name="testParseAllLocales(Locale)[383]" classname="org.apache.commons.lang3.LocaleUtilsTest" time="0.0"/>
  <testcase name="testParseAllLocales(Locale)[384]" classname="org.apache.commons.lang3.LocaleUtilsTest" time="0.001"/>
  <testcase name="testParseAllLocales(Locale)[385]" classname="org.apache.commons.lang3.LocaleUtilsTest" time="0.0"/>
  <testcase name="testParseAllLocales(Locale)[386]" classname="org.apache.commons.lang3.LocaleUtilsTest" time="0.0"/>
  <testcase name="testParseAllLocales(Locale)[387]" classname="org.apache.commons.lang3.LocaleUtilsTest" time="0.0"/>
  <testcase name="testParseAllLocales(Locale)[388]" classname="org.apache.commons.lang3.LocaleUtilsTest" time="0.0"/>
  <testcase name="testParseAllLocales(Locale)[389]" classname="org.apache.commons.lang3.LocaleUtilsTest" time="0.0"/>
  <testcase name="testParseAllLocales(Locale)[390]" classname="org.apache.commons.lang3.LocaleUtilsTest" time="0.0"/>
  <testcase name="testParseAllLocales(Locale)[391]" classname="org.apache.commons.lang3.LocaleUtilsTest" time="0.001"/>
  <testcase name="testParseAllLocales(Locale)[392]" classname="org.apache.commons.lang3.LocaleUtilsTest" time="0.0"/>
  <testcase name="testParseAllLocales(Locale)[393]" classname="org.apache.commons.lang3.LocaleUtilsTest" time="0.0"/>
  <testcase name="testParseAllLocales(Locale)[394]" classname="org.apache.commons.lang3.LocaleUtilsTest" time="0.0"/>
  <testcase name="testParseAllLocales(Locale)[395]" classname="org.apache.commons.lang3.LocaleUtilsTest" time="0.0"/>
  <testcase name="testParseAllLocales(Locale)[396]" classname="org.apache.commons.lang3.LocaleUtilsTest" time="0.001"/>
  <testcase name="testParseAllLocales(Locale)[397]" classname="org.apache.commons.lang3.LocaleUtilsTest" time="0.0"/>
  <testcase name="testParseAllLocales(Locale)[398]" classname="org.apache.commons.lang3.LocaleUtilsTest" time="0.0"/>
  <testcase name="testParseAllLocales(Locale)[399]" classname="org.apache.commons.lang3.LocaleUtilsTest" time="0.001"/>
  <testcase name="testParseAllLocales(Locale)[400]" classname="org.apache.commons.lang3.LocaleUtilsTest" time="0.0"/>
  <testcase name="testParseAllLocales(Locale)[401]" classname="org.apache.commons.lang3.LocaleUtilsTest" time="0.001"/>
  <testcase name="testParseAllLocales(Locale)[402]" classname="org.apache.commons.lang3.LocaleUtilsTest" time="0.0"/>
  <testcase name="testParseAllLocales(Locale)[403]" classname="org.apache.commons.lang3.LocaleUtilsTest" time="0.0"/>
  <testcase name="testParseAllLocales(Locale)[404]" classname="org.apache.commons.lang3.LocaleUtilsTest" time="0.001"/>
  <testcase name="testParseAllLocales(Locale)[405]" classname="org.apache.commons.lang3.LocaleUtilsTest" time="0.001"/>
  <testcase name="testParseAllLocales(Locale)[406]" classname="org.apache.commons.lang3.LocaleUtilsTest" time="0.001"/>
  <testcase name="testParseAllLocales(Locale)[407]" classname="org.apache.commons.lang3.LocaleUtilsTest" time="0.0"/>
  <testcase name="testParseAllLocales(Locale)[408]" classname="org.apache.commons.lang3.LocaleUtilsTest" time="0.001"/>
  <testcase name="testParseAllLocales(Locale)[409]" classname="org.apache.commons.lang3.LocaleUtilsTest" time="0.001"/>
  <testcase name="testParseAllLocales(Locale)[410]" classname="org.apache.commons.lang3.LocaleUtilsTest" time="0.001"/>
  <testcase name="testParseAllLocales(Locale)[411]" classname="org.apache.commons.lang3.LocaleUtilsTest" time="0.0"/>
  <testcase name="testParseAllLocales(Locale)[412]" classname="org.apache.commons.lang3.LocaleUtilsTest" time="0.001"/>
  <testcase name="testParseAllLocales(Locale)[413]" classname="org.apache.commons.lang3.LocaleUtilsTest" time="0.0"/>
  <testcase name="testParseAllLocales(Locale)[414]" classname="org.apache.commons.lang3.LocaleUtilsTest" time="0.0"/>
  <testcase name="testParseAllLocales(Locale)[415]" classname="org.apache.commons.lang3.LocaleUtilsTest" time="0.001"/>
  <testcase name="testParseAllLocales(Locale)[416]" classname="org.apache.commons.lang3.LocaleUtilsTest" time="0.0"/>
  <testcase name="testParseAllLocales(Locale)[417]" classname="org.apache.commons.lang3.LocaleUtilsTest" time="0.001"/>
  <testcase name="testParseAllLocales(Locale)[418]" classname="org.apache.commons.lang3.LocaleUtilsTest" time="0.001"/>
  <testcase name="testParseAllLocales(Locale)[419]" classname="org.apache.commons.lang3.LocaleUtilsTest" time="0.0"/>
  <testcase name="testParseAllLocales(Locale)[420]" classname="org.apache.commons.lang3.LocaleUtilsTest" time="0.0"/>
  <testcase name="testParseAllLocales(Locale)[421]" classname="org.apache.commons.lang3.LocaleUtilsTest" time="0.0"/>
  <testcase name="testParseAllLocales(Locale)[422]" classname="org.apache.commons.lang3.LocaleUtilsTest" time="0.001"/>
  <testcase name="testParseAllLocales(Locale)[423]" classname="org.apache.commons.lang3.LocaleUtilsTest" time="0.0"/>
  <testcase name="testParseAllLocales(Locale)[424]" classname="org.apache.commons.lang3.LocaleUtilsTest" time="0.001"/>
  <testcase name="testParseAllLocales(Locale)[425]" classname="org.apache.commons.lang3.LocaleUtilsTest" time="0.0"/>
  <testcase name="testParseAllLocales(Locale)[426]" classname="org.apache.commons.lang3.LocaleUtilsTest" time="0.0"/>
  <testcase name="testParseAllLocales(Locale)[427]" classname="org.apache.commons.lang3.LocaleUtilsTest" time="0.0"/>
  <testcase name="testParseAllLocales(Locale)[428]" classname="org.apache.commons.lang3.LocaleUtilsTest" time="0.001"/>
  <testcase name="testParseAllLocales(Locale)[429]" classname="org.apache.commons.lang3.LocaleUtilsTest" time="0.0"/>
  <testcase name="testParseAllLocales(Locale)[430]" classname="org.apache.commons.lang3.LocaleUtilsTest" time="0.0"/>
  <testcase name="testParseAllLocales(Locale)[431]" classname="org.apache.commons.lang3.LocaleUtilsTest" time="0.0"/>
  <testcase name="testParseAllLocales(Locale)[432]" classname="org.apache.commons.lang3.LocaleUtilsTest" time="0.001"/>
  <testcase name="testParseAllLocales(Locale)[433]" classname="org.apache.commons.lang3.LocaleUtilsTest" time="0.001"/>
  <testcase name="testParseAllLocales(Locale)[434]" classname="org.apache.commons.lang3.LocaleUtilsTest" time="0.0"/>
  <testcase name="testParseAllLocales(Locale)[435]" classname="org.apache.commons.lang3.LocaleUtilsTest" time="0.0"/>
  <testcase name="testParseAllLocales(Locale)[436]" classname="org.apache.commons.lang3.LocaleUtilsTest" time="0.001"/>
  <testcase name="testParseAllLocales(Locale)[437]" classname="org.apache.commons.lang3.LocaleUtilsTest" time="0.001"/>
  <testcase name="testParseAllLocales(Locale)[438]" classname="org.apache.commons.lang3.LocaleUtilsTest" time="0.001"/>
  <testcase name="testParseAllLocales(Locale)[439]" classname="org.apache.commons.lang3.LocaleUtilsTest" time="0.0"/>
  <testcase name="testParseAllLocales(Locale)[440]" classname="org.apache.commons.lang3.LocaleUtilsTest" time="0.0"/>
  <testcase name="testParseAllLocales(Locale)[441]" classname="org.apache.commons.lang3.LocaleUtilsTest" time="0.001"/>
  <testcase name="testParseAllLocales(Locale)[442]" classname="org.apache.commons.lang3.LocaleUtilsTest" time="0.0"/>
  <testcase name="testParseAllLocales(Locale)[443]" classname="org.apache.commons.lang3.LocaleUtilsTest" time="0.001"/>
  <testcase name="testParseAllLocales(Locale)[444]" classname="org.apache.commons.lang3.LocaleUtilsTest" time="0.0"/>
  <testcase name="testParseAllLocales(Locale)[445]" classname="org.apache.commons.lang3.LocaleUtilsTest" time="0.001"/>
  <testcase name="testParseAllLocales(Locale)[446]" classname="org.apache.commons.lang3.LocaleUtilsTest" time="0.0"/>
  <testcase name="testParseAllLocales(Locale)[447]" classname="org.apache.commons.lang3.LocaleUtilsTest" time="0.001"/>
  <testcase name="testParseAllLocales(Locale)[448]" classname="org.apache.commons.lang3.LocaleUtilsTest" time="0.001"/>
  <testcase name="testParseAllLocales(Locale)[449]" classname="org.apache.commons.lang3.LocaleUtilsTest" time="0.0"/>
  <testcase name="testParseAllLocales(Locale)[450]" classname="org.apache.commons.lang3.LocaleUtilsTest" time="0.0"/>
  <testcase name="testParseAllLocales(Locale)[451]" classname="org.apache.commons.lang3.LocaleUtilsTest" time="0.0"/>
  <testcase name="testParseAllLocales(Locale)[452]" classname="org.apache.commons.lang3.LocaleUtilsTest" time="0.0"/>
  <testcase name="testParseAllLocales(Locale)[453]" classname="org.apache.commons.lang3.LocaleUtilsTest" time="0.0"/>
  <testcase name="testParseAllLocales(Locale)[454]" classname="org.apache.commons.lang3.LocaleUtilsTest" time="0.0"/>
  <testcase name="testParseAllLocales(Locale)[455]" classname="org.apache.commons.lang3.LocaleUtilsTest" time="0.0"/>
  <testcase name="testParseAllLocales(Locale)[456]" classname="org.apache.commons.lang3.LocaleUtilsTest" time="0.0"/>
  <testcase name="testParseAllLocales(Locale)[457]" classname="org.apache.commons.lang3.LocaleUtilsTest" time="0.001"/>
  <testcase name="testParseAllLocales(Locale)[458]" classname="org.apache.commons.lang3.LocaleUtilsTest" time="0.0"/>
  <testcase name="testParseAllLocales(Locale)[459]" classname="org.apache.commons.lang3.LocaleUtilsTest" time="0.001"/>
  <testcase name="testParseAllLocales(Locale)[460]" classname="org.apache.commons.lang3.LocaleUtilsTest" time="0.001"/>
  <testcase name="testParseAllLocales(Locale)[461]" classname="org.apache.commons.lang3.LocaleUtilsTest" time="0.001"/>
  <testcase name="testParseAllLocales(Locale)[462]" classname="org.apache.commons.lang3.LocaleUtilsTest" time="0.0"/>
  <testcase name="testParseAllLocales(Locale)[463]" classname="org.apache.commons.lang3.LocaleUtilsTest" time="0.001"/>
  <testcase name="testParseAllLocales(Locale)[464]" classname="org.apache.commons.lang3.LocaleUtilsTest" time="0.0"/>
  <testcase name="testParseAllLocales(Locale)[465]" classname="org.apache.commons.lang3.LocaleUtilsTest" time="0.0"/>
  <testcase name="testParseAllLocales(Locale)[466]" classname="org.apache.commons.lang3.LocaleUtilsTest" time="0.001"/>
  <testcase name="testParseAllLocales(Locale)[467]" classname="org.apache.commons.lang3.LocaleUtilsTest" time="0.0"/>
  <testcase name="testParseAllLocales(Locale)[468]" classname="org.apache.commons.lang3.LocaleUtilsTest" time="0.0"/>
  <testcase name="testParseAllLocales(Locale)[469]" classname="org.apache.commons.lang3.LocaleUtilsTest" time="0.0"/>
  <testcase name="testParseAllLocales(Locale)[470]" classname="org.apache.commons.lang3.LocaleUtilsTest" time="0.0"/>
  <testcase name="testParseAllLocales(Locale)[471]" classname="org.apache.commons.lang3.LocaleUtilsTest" time="0.001"/>
  <testcase name="testParseAllLocales(Locale)[472]" classname="org.apache.commons.lang3.LocaleUtilsTest" time="0.001"/>
  <testcase name="testParseAllLocales(Locale)[473]" classname="org.apache.commons.lang3.LocaleUtilsTest" time="0.0"/>
  <testcase name="testParseAllLocales(Locale)[474]" classname="org.apache.commons.lang3.LocaleUtilsTest" time="0.0"/>
  <testcase name="testParseAllLocales(Locale)[475]" classname="org.apache.commons.lang3.LocaleUtilsTest" time="0.001"/>
  <testcase name="testParseAllLocales(Locale)[476]" classname="org.apache.commons.lang3.LocaleUtilsTest" time="0.001"/>
  <testcase name="testParseAllLocales(Locale)[477]" classname="org.apache.commons.lang3.LocaleUtilsTest" time="0.001"/>
  <testcase name="testParseAllLocales(Locale)[478]" classname="org.apache.commons.lang3.LocaleUtilsTest" time="0.001"/>
  <testcase name="testParseAllLocales(Locale)[479]" classname="org.apache.commons.lang3.LocaleUtilsTest" time="0.0"/>
  <testcase name="testParseAllLocales(Locale)[480]" classname="org.apache.commons.lang3.LocaleUtilsTest" time="0.0"/>
  <testcase name="testParseAllLocales(Locale)[481]" classname="org.apache.commons.lang3.LocaleUtilsTest" time="0.0"/>
  <testcase name="testParseAllLocales(Locale)[482]" classname="org.apache.commons.lang3.LocaleUtilsTest" time="0.0"/>
  <testcase name="testParseAllLocales(Locale)[483]" classname="org.apache.commons.lang3.LocaleUtilsTest" time="0.001"/>
  <testcase name="testParseAllLocales(Locale)[484]" classname="org.apache.commons.lang3.LocaleUtilsTest" time="0.001"/>
  <testcase name="testParseAllLocales(Locale)[485]" classname="org.apache.commons.lang3.LocaleUtilsTest" time="0.0"/>
  <testcase name="testParseAllLocales(Locale)[486]" classname="org.apache.commons.lang3.LocaleUtilsTest" time="0.001"/>
  <testcase name="testParseAllLocales(Locale)[487]" classname="org.apache.commons.lang3.LocaleUtilsTest" time="0.001"/>
  <testcase name="testParseAllLocales(Locale)[488]" classname="org.apache.commons.lang3.LocaleUtilsTest" time="0.0"/>
  <testcase name="testParseAllLocales(Locale)[489]" classname="org.apache.commons.lang3.LocaleUtilsTest" time="0.0"/>
  <testcase name="testParseAllLocales(Locale)[490]" classname="org.apache.commons.lang3.LocaleUtilsTest" time="0.0"/>
  <testcase name="testParseAllLocales(Locale)[491]" classname="org.apache.commons.lang3.LocaleUtilsTest" time="0.001"/>
  <testcase name="testParseAllLocales(Locale)[492]" classname="org.apache.commons.lang3.LocaleUtilsTest" time="0.0"/>
  <testcase name="testParseAllLocales(Locale)[493]" classname="org.apache.commons.lang3.LocaleUtilsTest" time="0.0"/>
  <testcase name="testParseAllLocales(Locale)[494]" classname="org.apache.commons.lang3.LocaleUtilsTest" time="0.0"/>
  <testcase name="testParseAllLocales(Locale)[495]" classname="org.apache.commons.lang3.LocaleUtilsTest" time="0.001"/>
  <testcase name="testParseAllLocales(Locale)[496]" classname="org.apache.commons.lang3.LocaleUtilsTest" time="0.0"/>
  <testcase name="testParseAllLocales(Locale)[497]" classname="org.apache.commons.lang3.LocaleUtilsTest" time="0.0"/>
  <testcase name="testParseAllLocales(Locale)[498]" classname="org.apache.commons.lang3.LocaleUtilsTest" time="0.0"/>
  <testcase name="testParseAllLocales(Locale)[499]" classname="org.apache.commons.lang3.LocaleUtilsTest" time="0.0"/>
  <testcase name="testParseAllLocales(Locale)[500]" classname="org.apache.commons.lang3.LocaleUtilsTest" time="0.0"/>
  <testcase name="testParseAllLocales(Locale)[501]" classname="org.apache.commons.lang3.LocaleUtilsTest" time="0.001"/>
  <testcase name="testParseAllLocales(Locale)[502]" classname="org.apache.commons.lang3.LocaleUtilsTest" time="0.0"/>
  <testcase name="testParseAllLocales(Locale)[503]" classname="org.apache.commons.lang3.LocaleUtilsTest" time="0.0"/>
  <testcase name="testParseAllLocales(Locale)[504]" classname="org.apache.commons.lang3.LocaleUtilsTest" time="0.0"/>
  <testcase name="testParseAllLocales(Locale)[505]" classname="org.apache.commons.lang3.LocaleUtilsTest" time="0.001"/>
  <testcase name="testParseAllLocales(Locale)[506]" classname="org.apache.commons.lang3.LocaleUtilsTest" time="0.001"/>
  <testcase name="testParseAllLocales(Locale)[507]" classname="org.apache.commons.lang3.LocaleUtilsTest" time="0.001"/>
  <testcase name="testParseAllLocales(Locale)[508]" classname="org.apache.commons.lang3.LocaleUtilsTest" time="0.001"/>
  <testcase name="testParseAllLocales(Locale)[509]" classname="org.apache.commons.lang3.LocaleUtilsTest" time="0.001"/>
  <testcase name="testParseAllLocales(Locale)[510]" classname="org.apache.commons.lang3.LocaleUtilsTest" time="0.001"/>
  <testcase name="testParseAllLocales(Locale)[511]" classname="org.apache.commons.lang3.LocaleUtilsTest" time="0.0"/>
  <testcase name="testParseAllLocales(Locale)[512]" classname="org.apache.commons.lang3.LocaleUtilsTest" time="0.0"/>
  <testcase name="testParseAllLocales(Locale)[513]" classname="org.apache.commons.lang3.LocaleUtilsTest" time="0.0"/>
  <testcase name="testParseAllLocales(Locale)[514]" classname="org.apache.commons.lang3.LocaleUtilsTest" time="0.0"/>
  <testcase name="testParseAllLocales(Locale)[515]" classname="org.apache.commons.lang3.LocaleUtilsTest" time="0.0"/>
  <testcase name="testParseAllLocales(Locale)[516]" classname="org.apache.commons.lang3.LocaleUtilsTest" time="0.001"/>
  <testcase name="testParseAllLocales(Locale)[517]" classname="org.apache.commons.lang3.LocaleUtilsTest" time="0.001"/>
  <testcase name="testParseAllLocales(Locale)[518]" classname="org.apache.commons.lang3.LocaleUtilsTest" time="0.001"/>
  <testcase name="testParseAllLocales(Locale)[519]" classname="org.apache.commons.lang3.LocaleUtilsTest" time="0.001"/>
  <testcase name="testParseAllLocales(Locale)[520]" classname="org.apache.commons.lang3.LocaleUtilsTest" time="0.001"/>
  <testcase name="testParseAllLocales(Locale)[521]" classname="org.apache.commons.lang3.LocaleUtilsTest" time="0.0"/>
  <testcase name="testParseAllLocales(Locale)[522]" classname="org.apache.commons.lang3.LocaleUtilsTest" time="0.0"/>
  <testcase name="testParseAllLocales(Locale)[523]" classname="org.apache.commons.lang3.LocaleUtilsTest" time="0.001"/>
  <testcase name="testParseAllLocales(Locale)[524]" classname="org.apache.commons.lang3.LocaleUtilsTest" time="0.001"/>
  <testcase name="testParseAllLocales(Locale)[525]" classname="org.apache.commons.lang3.LocaleUtilsTest" time="0.001"/>
  <testcase name="testParseAllLocales(Locale)[526]" classname="org.apache.commons.lang3.LocaleUtilsTest" time="0.001"/>
  <testcase name="testParseAllLocales(Locale)[527]" classname="org.apache.commons.lang3.LocaleUtilsTest" time="0.001"/>
  <testcase name="testParseAllLocales(Locale)[528]" classname="org.apache.commons.lang3.LocaleUtilsTest" time="0.001"/>
  <testcase name="testParseAllLocales(Locale)[529]" classname="org.apache.commons.lang3.LocaleUtilsTest" time="0.001"/>
  <testcase name="testParseAllLocales(Locale)[530]" classname="org.apache.commons.lang3.LocaleUtilsTest" time="0.001"/>
  <testcase name="testParseAllLocales(Locale)[531]" classname="org.apache.commons.lang3.LocaleUtilsTest" time="0.001"/>
  <testcase name="testParseAllLocales(Locale)[532]" classname="org.apache.commons.lang3.LocaleUtilsTest" time="0.001"/>
  <testcase name="testParseAllLocales(Locale)[533]" classname="org.apache.commons.lang3.LocaleUtilsTest" time="0.0"/>
  <testcase name="testParseAllLocales(Locale)[534]" classname="org.apache.commons.lang3.LocaleUtilsTest" time="0.001"/>
  <testcase name="testParseAllLocales(Locale)[535]" classname="org.apache.commons.lang3.LocaleUtilsTest" time="0.001"/>
  <testcase name="testParseAllLocales(Locale)[536]" classname="org.apache.commons.lang3.LocaleUtilsTest" time="0.001"/>
  <testcase name="testParseAllLocales(Locale)[537]" classname="org.apache.commons.lang3.LocaleUtilsTest" time="0.001"/>
  <testcase name="testParseAllLocales(Locale)[538]" classname="org.apache.commons.lang3.LocaleUtilsTest" time="0.001"/>
  <testcase name="testParseAllLocales(Locale)[539]" classname="org.apache.commons.lang3.LocaleUtilsTest" time="0.001"/>
  <testcase name="testParseAllLocales(Locale)[540]" classname="org.apache.commons.lang3.LocaleUtilsTest" time="0.0"/>
  <testcase name="testParseAllLocales(Locale)[541]" classname="org.apache.commons.lang3.LocaleUtilsTest" time="0.0"/>
  <testcase name="testParseAllLocales(Locale)[542]" classname="org.apache.commons.lang3.LocaleUtilsTest" time="0.0"/>
  <testcase name="testParseAllLocales(Locale)[543]" classname="org.apache.commons.lang3.LocaleUtilsTest" time="0.0"/>
  <testcase name="testParseAllLocales(Locale)[544]" classname="org.apache.commons.lang3.LocaleUtilsTest" time="0.001"/>
  <testcase name="testParseAllLocales(Locale)[545]" classname="org.apache.commons.lang3.LocaleUtilsTest" time="0.001"/>
  <testcase name="testParseAllLocales(Locale)[546]" classname="org.apache.commons.lang3.LocaleUtilsTest" time="0.001"/>
  <testcase name="testParseAllLocales(Locale)[547]" classname="org.apache.commons.lang3.LocaleUtilsTest" time="0.0"/>
  <testcase name="testParseAllLocales(Locale)[548]" classname="org.apache.commons.lang3.LocaleUtilsTest" time="0.0"/>
  <testcase name="testParseAllLocales(Locale)[549]" classname="org.apache.commons.lang3.LocaleUtilsTest" time="0.001"/>
  <testcase name="testParseAllLocales(Locale)[550]" classname="org.apache.commons.lang3.LocaleUtilsTest" time="0.001"/>
  <testcase name="testParseAllLocales(Locale)[551]" classname="org.apache.commons.lang3.LocaleUtilsTest" time="0.001"/>
  <testcase name="testParseAllLocales(Locale)[552]" classname="org.apache.commons.lang3.LocaleUtilsTest" time="0.001"/>
  <testcase name="testParseAllLocales(Locale)[553]" classname="org.apache.commons.lang3.LocaleUtilsTest" time="0.001"/>
  <testcase name="testParseAllLocales(Locale)[554]" classname="org.apache.commons.lang3.LocaleUtilsTest" time="0.001"/>
  <testcase name="testParseAllLocales(Locale)[555]" classname="org.apache.commons.lang3.LocaleUtilsTest" time="0.0"/>
  <testcase name="testParseAllLocales(Locale)[556]" classname="org.apache.commons.lang3.LocaleUtilsTest" time="0.0"/>
  <testcase name="testParseAllLocales(Locale)[557]" classname="org.apache.commons.lang3.LocaleUtilsTest" time="0.0"/>
  <testcase name="testParseAllLocales(Locale)[558]" classname="org.apache.commons.lang3.LocaleUtilsTest" time="0.001"/>
  <testcase name="testParseAllLocales(Locale)[559]" classname="org.apache.commons.lang3.LocaleUtilsTest" time="0.0"/>
  <testcase name="testParseAllLocales(Locale)[560]" classname="org.apache.commons.lang3.LocaleUtilsTest" time="0.0"/>
  <testcase name="testParseAllLocales(Locale)[561]" classname="org.apache.commons.lang3.LocaleUtilsTest" time="0.001"/>
  <testcase name="testParseAllLocales(Locale)[562]" classname="org.apache.commons.lang3.LocaleUtilsTest" time="0.0"/>
  <testcase name="testParseAllLocales(Locale)[563]" classname="org.apache.commons.lang3.LocaleUtilsTest" time="0.001"/>
  <testcase name="testParseAllLocales(Locale)[564]" classname="org.apache.commons.lang3.LocaleUtilsTest" time="0.0"/>
  <testcase name="testParseAllLocales(Locale)[565]" classname="org.apache.commons.lang3.LocaleUtilsTest" time="0.0"/>
  <testcase name="testParseAllLocales(Locale)[566]" classname="org.apache.commons.lang3.LocaleUtilsTest" time="0.001"/>
  <testcase name="testParseAllLocales(Locale)[567]" classname="org.apache.commons.lang3.LocaleUtilsTest" time="0.0"/>
  <testcase name="testParseAllLocales(Locale)[568]" classname="org.apache.commons.lang3.LocaleUtilsTest" time="0.0"/>
  <testcase name="testParseAllLocales(Locale)[569]" classname="org.apache.commons.lang3.LocaleUtilsTest" time="0.001"/>
  <testcase name="testParseAllLocales(Locale)[570]" classname="org.apache.commons.lang3.LocaleUtilsTest" time="0.0"/>
  <testcase name="testParseAllLocales(Locale)[571]" classname="org.apache.commons.lang3.LocaleUtilsTest" time="0.0"/>
  <testcase name="testParseAllLocales(Locale)[572]" classname="org.apache.commons.lang3.LocaleUtilsTest" time="0.001"/>
  <testcase name="testParseAllLocales(Locale)[573]" classname="org.apache.commons.lang3.LocaleUtilsTest" time="0.0"/>
  <testcase name="testParseAllLocales(Locale)[574]" classname="org.apache.commons.lang3.LocaleUtilsTest" time="0.0"/>
  <testcase name="testParseAllLocales(Locale)[575]" classname="org.apache.commons.lang3.LocaleUtilsTest" time="0.001"/>
  <testcase name="testParseAllLocales(Locale)[576]" classname="org.apache.commons.lang3.LocaleUtilsTest" time="0.0"/>
  <testcase name="testParseAllLocales(Locale)[577]" classname="org.apache.commons.lang3.LocaleUtilsTest" time="0.0"/>
  <testcase name="testParseAllLocales(Locale)[578]" classname="org.apache.commons.lang3.LocaleUtilsTest" time="0.001"/>
  <testcase name="testParseAllLocales(Locale)[579]" classname="org.apache.commons.lang3.LocaleUtilsTest" time="0.0"/>
  <testcase name="testParseAllLocales(Locale)[580]" classname="org.apache.commons.lang3.LocaleUtilsTest" time="0.0"/>
  <testcase name="testParseAllLocales(Locale)[581]" classname="org.apache.commons.lang3.LocaleUtilsTest" time="0.0"/>
  <testcase name="testParseAllLocales(Locale)[582]" classname="org.apache.commons.lang3.LocaleUtilsTest" time="0.0"/>
  <testcase name="testParseAllLocales(Locale)[583]" classname="org.apache.commons.lang3.LocaleUtilsTest" time="0.0"/>
  <testcase name="testParseAllLocales(Locale)[584]" classname="org.apache.commons.lang3.LocaleUtilsTest" time="0.0"/>
  <testcase name="testParseAllLocales(Locale)[585]" classname="org.apache.commons.lang3.LocaleUtilsTest" time="0.001"/>
  <testcase name="testParseAllLocales(Locale)[586]" classname="org.apache.commons.lang3.LocaleUtilsTest" time="0.0"/>
  <testcase name="testParseAllLocales(Locale)[587]" classname="org.apache.commons.lang3.LocaleUtilsTest" time="0.001"/>
  <testcase name="testParseAllLocales(Locale)[588]" classname="org.apache.commons.lang3.LocaleUtilsTest" time="0.0"/>
  <testcase name="testParseAllLocales(Locale)[589]" classname="org.apache.commons.lang3.LocaleUtilsTest" time="0.001"/>
  <testcase name="testParseAllLocales(Locale)[590]" classname="org.apache.commons.lang3.LocaleUtilsTest" time="0.0"/>
  <testcase name="testParseAllLocales(Locale)[591]" classname="org.apache.commons.lang3.LocaleUtilsTest" time="0.0"/>
  <testcase name="testParseAllLocales(Locale)[592]" classname="org.apache.commons.lang3.LocaleUtilsTest" time="0.0"/>
  <testcase name="testParseAllLocales(Locale)[593]" classname="org.apache.commons.lang3.LocaleUtilsTest" time="0.0"/>
  <testcase name="testParseAllLocales(Locale)[594]" classname="org.apache.commons.lang3.LocaleUtilsTest" time="0.0"/>
  <testcase name="testParseAllLocales(Locale)[595]" classname="org.apache.commons.lang3.LocaleUtilsTest" time="0.001"/>
  <testcase name="testParseAllLocales(Locale)[596]" classname="org.apache.commons.lang3.LocaleUtilsTest" time="0.0"/>
  <testcase name="testParseAllLocales(Locale)[597]" classname="org.apache.commons.lang3.LocaleUtilsTest" time="0.0"/>
  <testcase name="testParseAllLocales(Locale)[598]" classname="org.apache.commons.lang3.LocaleUtilsTest" time="0.001"/>
  <testcase name="testParseAllLocales(Locale)[599]" classname="org.apache.commons.lang3.LocaleUtilsTest" time="0.0"/>
  <testcase name="testParseAllLocales(Locale)[600]" classname="org.apache.commons.lang3.LocaleUtilsTest" time="0.0"/>
  <testcase name="testParseAllLocales(Locale)[601]" classname="org.apache.commons.lang3.LocaleUtilsTest" time="0.0"/>
  <testcase name="testParseAllLocales(Locale)[602]" classname="org.apache.commons.lang3.LocaleUtilsTest" time="0.0"/>
  <testcase name="testParseAllLocales(Locale)[603]" classname="org.apache.commons.lang3.LocaleUtilsTest" time="0.001"/>
  <testcase name="testParseAllLocales(Locale)[604]" classname="org.apache.commons.lang3.LocaleUtilsTest" time="0.0"/>
  <testcase name="testParseAllLocales(Locale)[605]" classname="org.apache.commons.lang3.LocaleUtilsTest" time="0.001"/>
  <testcase name="testParseAllLocales(Locale)[606]" classname="org.apache.commons.lang3.LocaleUtilsTest" time="0.0"/>
  <testcase name="testParseAllLocales(Locale)[607]" classname="org.apache.commons.lang3.LocaleUtilsTest" time="0.0"/>
  <testcase name="testParseAllLocales(Locale)[608]" classname="org.apache.commons.lang3.LocaleUtilsTest" time="0.001"/>
  <testcase name="testParseAllLocales(Locale)[609]" classname="org.apache.commons.lang3.LocaleUtilsTest" time="0.0"/>
  <testcase name="testParseAllLocales(Locale)[610]" classname="org.apache.commons.lang3.LocaleUtilsTest" time="0.0"/>
  <testcase name="testParseAllLocales(Locale)[611]" classname="org.apache.commons.lang3.LocaleUtilsTest" time="0.001"/>
  <testcase name="testParseAllLocales(Locale)[612]" classname="org.apache.commons.lang3.LocaleUtilsTest" time="0.0"/>
  <testcase name="testParseAllLocales(Locale)[613]" classname="org.apache.commons.lang3.LocaleUtilsTest" time="0.001"/>
  <testcase name="testParseAllLocales(Locale)[614]" classname="org.apache.commons.lang3.LocaleUtilsTest" time="0.0"/>
  <testcase name="testParseAllLocales(Locale)[615]" classname="org.apache.commons.lang3.LocaleUtilsTest" time="0.0"/>
  <testcase name="testParseAllLocales(Locale)[616]" classname="org.apache.commons.lang3.LocaleUtilsTest" time="0.0"/>
  <testcase name="testParseAllLocales(Locale)[617]" classname="org.apache.commons.lang3.LocaleUtilsTest" time="0.0"/>
  <testcase name="testParseAllLocales(Locale)[618]" classname="org.apache.commons.lang3.LocaleUtilsTest" time="0.001"/>
  <testcase name="testParseAllLocales(Locale)[619]" classname="org.apache.commons.lang3.LocaleUtilsTest" time="0.0"/>
  <testcase name="testParseAllLocales(Locale)[620]" classname="org.apache.commons.lang3.LocaleUtilsTest" time="0.001"/>
  <testcase name="testParseAllLocales(Locale)[621]" classname="org.apache.commons.lang3.LocaleUtilsTest" time="0.0"/>
  <testcase name="testParseAllLocales(Locale)[622]" classname="org.apache.commons.lang3.LocaleUtilsTest" time="0.0"/>
  <testcase name="testParseAllLocales(Locale)[623]" classname="org.apache.commons.lang3.LocaleUtilsTest" time="0.001"/>
  <testcase name="testParseAllLocales(Locale)[624]" classname="org.apache.commons.lang3.LocaleUtilsTest" time="0.0"/>
  <testcase name="testParseAllLocales(Locale)[625]" classname="org.apache.commons.lang3.LocaleUtilsTest" time="0.001"/>
  <testcase name="testParseAllLocales(Locale)[626]" classname="org.apache.commons.lang3.LocaleUtilsTest" time="0.0"/>
  <testcase name="testParseAllLocales(Locale)[627]" classname="org.apache.commons.lang3.LocaleUtilsTest" time="0.0"/>
  <testcase name="testParseAllLocales(Locale)[628]" classname="org.apache.commons.lang3.LocaleUtilsTest" time="0.0"/>
  <testcase name="testParseAllLocales(Locale)[629]" classname="org.apache.commons.lang3.LocaleUtilsTest" time="0.0"/>
  <testcase name="testParseAllLocales(Locale)[630]" classname="org.apache.commons.lang3.LocaleUtilsTest" time="0.001"/>
  <testcase name="testParseAllLocales(Locale)[631]" classname="org.apache.commons.lang3.LocaleUtilsTest" time="0.0"/>
  <testcase name="testParseAllLocales(Locale)[632]" classname="org.apache.commons.lang3.LocaleUtilsTest" time="0.001"/>
  <testcase name="testParseAllLocales(Locale)[633]" classname="org.apache.commons.lang3.LocaleUtilsTest" time="0.0"/>
  <testcase name="testParseAllLocales(Locale)[634]" classname="org.apache.commons.lang3.LocaleUtilsTest" time="0.0"/>
  <testcase name="testParseAllLocales(Locale)[635]" classname="org.apache.commons.lang3.LocaleUtilsTest" time="0.001"/>
  <testcase name="testParseAllLocales(Locale)[636]" classname="org.apache.commons.lang3.LocaleUtilsTest" time="0.0"/>
  <testcase name="testParseAllLocales(Locale)[637]" classname="org.apache.commons.lang3.LocaleUtilsTest" time="0.001"/>
  <testcase name="testParseAllLocales(Locale)[638]" classname="org.apache.commons.lang3.LocaleUtilsTest" time="0.0"/>
  <testcase name="testParseAllLocales(Locale)[639]" classname="org.apache.commons.lang3.LocaleUtilsTest" time="0.001"/>
  <testcase name="testParseAllLocales(Locale)[640]" classname="org.apache.commons.lang3.LocaleUtilsTest" time="0.0"/>
  <testcase name="testParseAllLocales(Locale)[641]" classname="org.apache.commons.lang3.LocaleUtilsTest" time="0.001"/>
  <testcase name="testParseAllLocales(Locale)[642]" classname="org.apache.commons.lang3.LocaleUtilsTest" time="0.0"/>
  <testcase name="testParseAllLocales(Locale)[643]" classname="org.apache.commons.lang3.LocaleUtilsTest" time="0.001"/>
  <testcase name="testParseAllLocales(Locale)[644]" classname="org.apache.commons.lang3.LocaleUtilsTest" time="0.0"/>
  <testcase name="testParseAllLocales(Locale)[645]" classname="org.apache.commons.lang3.LocaleUtilsTest" time="0.001"/>
  <testcase name="testParseAllLocales(Locale)[646]" classname="org.apache.commons.lang3.LocaleUtilsTest" time="0.0"/>
  <testcase name="testParseAllLocales(Locale)[647]" classname="org.apache.commons.lang3.LocaleUtilsTest" time="0.001"/>
  <testcase name="testParseAllLocales(Locale)[648]" classname="org.apache.commons.lang3.LocaleUtilsTest" time="0.001"/>
  <testcase name="testParseAllLocales(Locale)[649]" classname="org.apache.commons.lang3.LocaleUtilsTest" time="0.0"/>
  <testcase name="testParseAllLocales(Locale)[650]" classname="org.apache.commons.lang3.LocaleUtilsTest" time="0.0"/>
  <testcase name="testParseAllLocales(Locale)[651]" classname="org.apache.commons.lang3.LocaleUtilsTest" time="0.001"/>
  <testcase name="testParseAllLocales(Locale)[652]" classname="org.apache.commons.lang3.LocaleUtilsTest" time="0.0"/>
  <testcase name="testParseAllLocales(Locale)[653]" classname="org.apache.commons.lang3.LocaleUtilsTest" time="0.0"/>
  <testcase name="testParseAllLocales(Locale)[654]" classname="org.apache.commons.lang3.LocaleUtilsTest" time="0.001"/>
  <testcase name="testParseAllLocales(Locale)[655]" classname="org.apache.commons.lang3.LocaleUtilsTest" time="0.0"/>
  <testcase name="testParseAllLocales(Locale)[656]" classname="org.apache.commons.lang3.LocaleUtilsTest" time="0.0"/>
  <testcase name="testParseAllLocales(Locale)[657]" classname="org.apache.commons.lang3.LocaleUtilsTest" time="0.0"/>
  <testcase name="testParseAllLocales(Locale)[658]" classname="org.apache.commons.lang3.LocaleUtilsTest" time="0.0"/>
  <testcase name="testParseAllLocales(Locale)[659]" classname="org.apache.commons.lang3.LocaleUtilsTest" time="0.001"/>
  <testcase name="testParseAllLocales(Locale)[660]" classname="org.apache.commons.lang3.LocaleUtilsTest" time="0.0"/>
  <testcase name="testParseAllLocales(Locale)[661]" classname="org.apache.commons.lang3.LocaleUtilsTest" time="0.0"/>
  <testcase name="testParseAllLocales(Locale)[662]" classname="org.apache.commons.lang3.LocaleUtilsTest" time="0.001"/>
  <testcase name="testParseAllLocales(Locale)[663]" classname="org.apache.commons.lang3.LocaleUtilsTest" time="0.0"/>
  <testcase name="testParseAllLocales(Locale)[664]" classname="org.apache.commons.lang3.LocaleUtilsTest" time="0.0"/>
  <testcase name="testParseAllLocales(Locale)[665]" classname="org.apache.commons.lang3.LocaleUtilsTest" time="0.0"/>
  <testcase name="testParseAllLocales(Locale)[666]" classname="org.apache.commons.lang3.LocaleUtilsTest" time="0.001"/>
  <testcase name="testParseAllLocales(Locale)[667]" classname="org.apache.commons.lang3.LocaleUtilsTest" time="0.0"/>
  <testcase name="testParseAllLocales(Locale)[668]" classname="org.apache.commons.lang3.LocaleUtilsTest" time="0.0"/>
  <testcase name="testParseAllLocales(Locale)[669]" classname="org.apache.commons.lang3.LocaleUtilsTest" time="0.001"/>
  <testcase name="testParseAllLocales(Locale)[670]" classname="org.apache.commons.lang3.LocaleUtilsTest" time="0.0"/>
  <testcase name="testParseAllLocales(Locale)[671]" classname="org.apache.commons.lang3.LocaleUtilsTest" time="0.0"/>
  <testcase name="testParseAllLocales(Locale)[672]" classname="org.apache.commons.lang3.LocaleUtilsTest" time="0.0"/>
  <testcase name="testParseAllLocales(Locale)[673]" classname="org.apache.commons.lang3.LocaleUtilsTest" time="0.001"/>
  <testcase name="testParseAllLocales(Locale)[674]" classname="org.apache.commons.lang3.LocaleUtilsTest" time="0.001"/>
  <testcase name="testParseAllLocales(Locale)[675]" classname="org.apache.commons.lang3.LocaleUtilsTest" time="0.0"/>
  <testcase name="testParseAllLocales(Locale)[676]" classname="org.apache.commons.lang3.LocaleUtilsTest" time="0.0"/>
  <testcase name="testParseAllLocales(Locale)[677]" classname="org.apache.commons.lang3.LocaleUtilsTest" time="0.001"/>
  <testcase name="testParseAllLocales(Locale)[678]" classname="org.apache.commons.lang3.LocaleUtilsTest" time="0.0"/>
  <testcase name="testParseAllLocales(Locale)[679]" classname="org.apache.commons.lang3.LocaleUtilsTest" time="0.0"/>
  <testcase name="testParseAllLocales(Locale)[680]" classname="org.apache.commons.lang3.LocaleUtilsTest" time="0.0"/>
  <testcase name="testParseAllLocales(Locale)[681]" classname="org.apache.commons.lang3.LocaleUtilsTest" time="0.001"/>
  <testcase name="testParseAllLocales(Locale)[682]" classname="org.apache.commons.lang3.LocaleUtilsTest" time="0.001"/>
  <testcase name="testParseAllLocales(Locale)[683]" classname="org.apache.commons.lang3.LocaleUtilsTest" time="0.0"/>
  <testcase name="testParseAllLocales(Locale)[684]" classname="org.apache.commons.lang3.LocaleUtilsTest" time="0.0"/>
  <testcase name="testParseAllLocales(Locale)[685]" classname="org.apache.commons.lang3.LocaleUtilsTest" time="0.001"/>
  <testcase name="testParseAllLocales(Locale)[686]" classname="org.apache.commons.lang3.LocaleUtilsTest" time="0.0"/>
  <testcase name="testParseAllLocales(Locale)[687]" classname="org.apache.commons.lang3.LocaleUtilsTest" time="0.0"/>
  <testcase name="testParseAllLocales(Locale)[688]" classname="org.apache.commons.lang3.LocaleUtilsTest" time="0.001"/>
  <testcase name="testParseAllLocales(Locale)[689]" classname="org.apache.commons.lang3.LocaleUtilsTest" time="0.001"/>
  <testcase name="testParseAllLocales(Locale)[690]" classname="org.apache.commons.lang3.LocaleUtilsTest" time="0.0"/>
  <testcase name="testParseAllLocales(Locale)[691]" classname="org.apache.commons.lang3.LocaleUtilsTest" time="0.0"/>
  <testcase name="testParseAllLocales(Locale)[692]" classname="org.apache.commons.lang3.LocaleUtilsTest" time="0.001"/>
  <testcase name="testParseAllLocales(Locale)[693]" classname="org.apache.commons.lang3.LocaleUtilsTest" time="0.001"/>
  <testcase name="testParseAllLocales(Locale)[694]" classname="org.apache.commons.lang3.LocaleUtilsTest" time="0.0"/>
  <testcase name="testParseAllLocales(Locale)[695]" classname="org.apache.commons.lang3.LocaleUtilsTest" time="0.0"/>
  <testcase name="testParseAllLocales(Locale)[696]" classname="org.apache.commons.lang3.LocaleUtilsTest" time="0.0"/>
  <testcase name="testParseAllLocales(Locale)[697]" classname="org.apache.commons.lang3.LocaleUtilsTest" time="0.0"/>
  <testcase name="testParseAllLocales(Locale)[698]" classname="org.apache.commons.lang3.LocaleUtilsTest" time="0.001"/>
  <testcase name="testParseAllLocales(Locale)[699]" classname="org.apache.commons.lang3.LocaleUtilsTest" time="0.0"/>
  <testcase name="testParseAllLocales(Locale)[700]" classname="org.apache.commons.lang3.LocaleUtilsTest" time="0.0"/>
  <testcase name="testParseAllLocales(Locale)[701]" classname="org.apache.commons.lang3.LocaleUtilsTest" time="0.001"/>
  <testcase name="testParseAllLocales(Locale)[702]" classname="org.apache.commons.lang3.LocaleUtilsTest" time="0.0"/>
  <testcase name="testParseAllLocales(Locale)[703]" classname="org.apache.commons.lang3.LocaleUtilsTest" time="0.001"/>
  <testcase name="testParseAllLocales(Locale)[704]" classname="org.apache.commons.lang3.LocaleUtilsTest" time="0.0"/>
  <testcase name="testParseAllLocales(Locale)[705]" classname="org.apache.commons.lang3.LocaleUtilsTest" time="0.001"/>
  <testcase name="testParseAllLocales(Locale)[706]" classname="org.apache.commons.lang3.LocaleUtilsTest" time="0.0"/>
  <testcase name="testParseAllLocales(Locale)[707]" classname="org.apache.commons.lang3.LocaleUtilsTest" time="0.001"/>
  <testcase name="testParseAllLocales(Locale)[708]" classname="org.apache.commons.lang3.LocaleUtilsTest" time="0.0"/>
  <testcase name="testParseAllLocales(Locale)[709]" classname="org.apache.commons.lang3.LocaleUtilsTest" time="0.001"/>
  <testcase name="testParseAllLocales(Locale)[710]" classname="org.apache.commons.lang3.LocaleUtilsTest" time="0.0"/>
  <testcase name="testParseAllLocales(Locale)[711]" classname="org.apache.commons.lang3.LocaleUtilsTest" time="0.0"/>
  <testcase name="testParseAllLocales(Locale)[712]" classname="org.apache.commons.lang3.LocaleUtilsTest" time="0.0"/>
  <testcase name="testParseAllLocales(Locale)[713]" classname="org.apache.commons.lang3.LocaleUtilsTest" time="0.0"/>
  <testcase name="testParseAllLocales(Locale)[714]" classname="org.apache.commons.lang3.LocaleUtilsTest" time="0.0"/>
  <testcase name="testParseAllLocales(Locale)[715]" classname="org.apache.commons.lang3.LocaleUtilsTest" time="0.0"/>
  <testcase name="testParseAllLocales(Locale)[716]" classname="org.apache.commons.lang3.LocaleUtilsTest" time="0.001"/>
  <testcase name="testParseAllLocales(Locale)[717]" classname="org.apache.commons.lang3.LocaleUtilsTest" time="0.001"/>
  <testcase name="testParseAllLocales(Locale)[718]" classname="org.apache.commons.lang3.LocaleUtilsTest" time="0.0"/>
  <testcase name="testParseAllLocales(Locale)[719]" classname="org.apache.commons.lang3.LocaleUtilsTest" time="0.0"/>
  <testcase name="testParseAllLocales(Locale)[720]" classname="org.apache.commons.lang3.LocaleUtilsTest" time="0.0"/>
  <testcase name="testParseAllLocales(Locale)[721]" classname="org.apache.commons.lang3.LocaleUtilsTest" time="0.001"/>
  <testcase name="testParseAllLocales(Locale)[722]" classname="org.apache.commons.lang3.LocaleUtilsTest" time="0.0"/>
  <testcase name="testParseAllLocales(Locale)[723]" classname="org.apache.commons.lang3.LocaleUtilsTest" time="0.0"/>
  <testcase name="testParseAllLocales(Locale)[724]" classname="org.apache.commons.lang3.LocaleUtilsTest" time="0.0"/>
  <testcase name="testParseAllLocales(Locale)[725]" classname="org.apache.commons.lang3.LocaleUtilsTest" time="0.0"/>
  <testcase name="testParseAllLocales(Locale)[726]" classname="org.apache.commons.lang3.LocaleUtilsTest" time="0.0"/>
  <testcase name="testParseAllLocales(Locale)[727]" classname="org.apache.commons.lang3.LocaleUtilsTest" time="0.001"/>
  <testcase name="testParseAllLocales(Locale)[728]" classname="org.apache.commons.lang3.LocaleUtilsTest" time="0.0"/>
  <testcase name="testParseAllLocales(Locale)[729]" classname="org.apache.commons.lang3.LocaleUtilsTest" time="0.0"/>
  <testcase name="testParseAllLocales(Locale)[730]" classname="org.apache.commons.lang3.LocaleUtilsTest" time="0.0"/>
  <testcase name="testParseAllLocales(Locale)[731]" classname="org.apache.commons.lang3.LocaleUtilsTest" time="0.0"/>
  <testcase name="testParseAllLocales(Locale)[732]" classname="org.apache.commons.lang3.LocaleUtilsTest" time="0.0"/>
  <testcase name="testParseAllLocales(Locale)[733]" classname="org.apache.commons.lang3.LocaleUtilsTest" time="0.0"/>
  <testcase name="testParseAllLocales(Locale)[734]" classname="org.apache.commons.lang3.LocaleUtilsTest" time="0.001"/>
  <testcase name="testParseAllLocales(Locale)[735]" classname="org.apache.commons.lang3.LocaleUtilsTest" time="0.0"/>
  <testcase name="testParseAllLocales(Locale)[736]" classname="org.apache.commons.lang3.LocaleUtilsTest" time="0.001"/>
  <testcase name="testParseAllLocales(Locale)[737]" classname="org.apache.commons.lang3.LocaleUtilsTest" time="0.0"/>
  <testcase name="testParseAllLocales(Locale)[738]" classname="org.apache.commons.lang3.LocaleUtilsTest" time="0.0"/>
  <testcase name="testParseAllLocales(Locale)[739]" classname="org.apache.commons.lang3.LocaleUtilsTest" time="0.001"/>
  <testcase name="testParseAllLocales(Locale)[740]" classname="org.apache.commons.lang3.LocaleUtilsTest" time="0.0"/>
  <testcase name="testParseAllLocales(Locale)[741]" classname="org.apache.commons.lang3.LocaleUtilsTest" time="0.0"/>
  <testcase name="testParseAllLocales(Locale)[742]" classname="org.apache.commons.lang3.LocaleUtilsTest" time="0.0"/>
  <testcase name="testParseAllLocales(Locale)[743]" classname="org.apache.commons.lang3.LocaleUtilsTest" time="0.0"/>
  <testcase name="testParseAllLocales(Locale)[744]" classname="org.apache.commons.lang3.LocaleUtilsTest" time="0.0"/>
  <testcase name="testParseAllLocales(Locale)[745]" classname="org.apache.commons.lang3.LocaleUtilsTest" time="0.001"/>
  <testcase name="testParseAllLocales(Locale)[746]" classname="org.apache.commons.lang3.LocaleUtilsTest" time="0.0"/>
  <testcase name="testParseAllLocales(Locale)[747]" classname="org.apache.commons.lang3.LocaleUtilsTest" time="0.0"/>
  <testcase name="testParseAllLocales(Locale)[748]" classname="org.apache.commons.lang3.LocaleUtilsTest" time="0.0"/>
  <testcase name="testParseAllLocales(Locale)[749]" classname="org.apache.commons.lang3.LocaleUtilsTest" time="0.0"/>
  <testcase name="testParseAllLocales(Locale)[750]" classname="org.apache.commons.lang3.LocaleUtilsTest" time="0.001"/>
  <testcase name="testParseAllLocales(Locale)[751]" classname="org.apache.commons.lang3.LocaleUtilsTest" time="0.0"/>
  <testcase name="testParseAllLocales(Locale)[752]" classname="org.apache.commons.lang3.LocaleUtilsTest" time="0.001"/>
  <testcase name="testParseAllLocales(Locale)[753]" classname="org.apache.commons.lang3.LocaleUtilsTest" time="0.0"/>
  <testcase name="testParseAllLocales(Locale)[754]" classname="org.apache.commons.lang3.LocaleUtilsTest" time="0.0"/>
  <testcase name="testParseAllLocales(Locale)[755]" classname="org.apache.commons.lang3.LocaleUtilsTest" time="0.0"/>
  <testcase name="testParseAllLocales(Locale)[756]" classname="org.apache.commons.lang3.LocaleUtilsTest" time="0.0"/>
  <testcase name="testParseAllLocales(Locale)[757]" classname="org.apache.commons.lang3.LocaleUtilsTest" time="0.001"/>
  <testcase name="testParseAllLocales(Locale)[758]" classname="org.apache.commons.lang3.LocaleUtilsTest" time="0.0"/>
  <testcase name="testParseAllLocales(Locale)[759]" classname="org.apache.commons.lang3.LocaleUtilsTest" time="0.001"/>
  <testcase name="testParseAllLocales(Locale)[760]" classname="org.apache.commons.lang3.LocaleUtilsTest" time="0.0"/>
  <testcase name="testParseAllLocales(Locale)[761]" classname="org.apache.commons.lang3.LocaleUtilsTest" time="0.0"/>
  <testcase name="testParseAllLocales(Locale)[762]" classname="org.apache.commons.lang3.LocaleUtilsTest" time="0.0"/>
  <testcase name="testParseAllLocales(Locale)[763]" classname="org.apache.commons.lang3.LocaleUtilsTest" time="0.0"/>
  <testcase name="testParseAllLocales(Locale)[764]" classname="org.apache.commons.lang3.LocaleUtilsTest" time="0.0"/>
  <testcase name="testParseAllLocales(Locale)[765]" classname="org.apache.commons.lang3.LocaleUtilsTest" time="0.0"/>
  <testcase name="testParseAllLocales(Locale)[766]" classname="org.apache.commons.lang3.LocaleUtilsTest" time="0.0"/>
  <testcase name="testParseAllLocales(Locale)[767]" classname="org.apache.commons.lang3.LocaleUtilsTest" time="0.0"/>
  <testcase name="testParseAllLocales(Locale)[768]" classname="org.apache.commons.lang3.LocaleUtilsTest" time="0.001"/>
  <testcase name="testParseAllLocales(Locale)[769]" classname="org.apache.commons.lang3.LocaleUtilsTest" time="0.001"/>
  <testcase name="testParseAllLocales(Locale)[770]" classname="org.apache.commons.lang3.LocaleUtilsTest" time="0.0"/>
  <testcase name="testParseAllLocales(Locale)[771]" classname="org.apache.commons.lang3.LocaleUtilsTest" time="0.0"/>
  <testcase name="testParseAllLocales(Locale)[772]" classname="org.apache.commons.lang3.LocaleUtilsTest" time="0.001"/>
  <testcase name="testParseAllLocales(Locale)[773]" classname="org.apache.commons.lang3.LocaleUtilsTest" time="0.0"/>
  <testcase name="testParseAllLocales(Locale)[774]" classname="org.apache.commons.lang3.LocaleUtilsTest" time="0.001"/>
  <testcase name="testParseAllLocales(Locale)[775]" classname="org.apache.commons.lang3.LocaleUtilsTest" time="0.0"/>
  <testcase name="testParseAllLocales(Locale)[776]" classname="org.apache.commons.lang3.LocaleUtilsTest" time="0.001"/>
  <testcase name="testParseAllLocales(Locale)[777]" classname="org.apache.commons.lang3.LocaleUtilsTest" time="0.0"/>
  <testcase name="testParseAllLocales(Locale)[778]" classname="org.apache.commons.lang3.LocaleUtilsTest" time="0.0"/>
  <testcase name="testParseAllLocales(Locale)[779]" classname="org.apache.commons.lang3.LocaleUtilsTest" time="0.001"/>
  <testcase name="testParseAllLocales(Locale)[780]" classname="org.apache.commons.lang3.LocaleUtilsTest" time="0.0"/>
  <testcase name="testParseAllLocales(Locale)[781]" classname="org.apache.commons.lang3.LocaleUtilsTest" time="0.001"/>
  <testcase name="testParseAllLocales(Locale)[782]" classname="org.apache.commons.lang3.LocaleUtilsTest" time="0.001"/>
  <testcase name="testParseAllLocales(Locale)[783]" classname="org.apache.commons.lang3.LocaleUtilsTest" time="0.0"/>
  <testcase name="testParseAllLocales(Locale)[784]" classname="org.apache.commons.lang3.LocaleUtilsTest" time="0.001"/>
  <testcase name="testParseAllLocales(Locale)[785]" classname="org.apache.commons.lang3.LocaleUtilsTest" time="0.0"/>
  <testcase name="testParseAllLocales(Locale)[786]" classname="org.apache.commons.lang3.LocaleUtilsTest" time="0.0"/>
  <testcase name="testParseAllLocales(Locale)[787]" classname="org.apache.commons.lang3.LocaleUtilsTest" time="0.0"/>
  <testcase name="testParseAllLocales(Locale)[788]" classname="org.apache.commons.lang3.LocaleUtilsTest" time="0.0"/>
  <testcase name="testParseAllLocales(Locale)[789]" classname="org.apache.commons.lang3.LocaleUtilsTest" time="0.0"/>
  <testcase name="testParseAllLocales(Locale)[790]" classname="org.apache.commons.lang3.LocaleUtilsTest" time="0.0"/>
  <testcase name="testParseAllLocales(Locale)[791]" classname="org.apache.commons.lang3.LocaleUtilsTest" time="0.0"/>
  <testcase name="testParseAllLocales(Locale)[792]" classname="org.apache.commons.lang3.LocaleUtilsTest" time="0.0"/>
  <testcase name="testParseAllLocales(Locale)[793]" classname="org.apache.commons.lang3.LocaleUtilsTest" time="0.001"/>
  <testcase name="testParseAllLocales(Locale)[794]" classname="org.apache.commons.lang3.LocaleUtilsTest" time="0.001"/>
  <testcase name="testParseAllLocales(Locale)[795]" classname="org.apache.commons.lang3.LocaleUtilsTest" time="0.0"/>
  <testcase name="testParseAllLocales(Locale)[796]" classname="org.apache.commons.lang3.LocaleUtilsTest" time="0.001"/>
  <testcase name="testParseAllLocales(Locale)[797]" classname="org.apache.commons.lang3.LocaleUtilsTest" time="0.0"/>
  <testcase name="testParseAllLocales(Locale)[798]" classname="org.apache.commons.lang3.LocaleUtilsTest" time="0.0"/>
  <testcase name="testParseAllLocales(Locale)[799]" classname="org.apache.commons.lang3.LocaleUtilsTest" time="0.001"/>
  <testcase name="testParseAllLocales(Locale)[800]" classname="org.apache.commons.lang3.LocaleUtilsTest" time="0.0"/>
  <testcase name="testParseAllLocales(Locale)[801]" classname="org.apache.commons.lang3.LocaleUtilsTest" time="0.001"/>
  <testcase name="testParseAllLocales(Locale)[802]" classname="org.apache.commons.lang3.LocaleUtilsTest" time="0.0"/>
  <testcase name="testParseAllLocales(Locale)[803]" classname="org.apache.commons.lang3.LocaleUtilsTest" time="0.001"/>
  <testcase name="testParseAllLocales(Locale)[804]" classname="org.apache.commons.lang3.LocaleUtilsTest" time="0.0"/>
  <testcase name="testParseAllLocales(Locale)[805]" classname="org.apache.commons.lang3.LocaleUtilsTest" time="0.001"/>
  <testcase name="testParseAllLocales(Locale)[806]" classname="org.apache.commons.lang3.LocaleUtilsTest" time="0.0"/>
  <testcase name="testParseAllLocales(Locale)[807]" classname="org.apache.commons.lang3.LocaleUtilsTest" time="0.001"/>
  <testcase name="testParseAllLocales(Locale)[808]" classname="org.apache.commons.lang3.LocaleUtilsTest" time="0.0"/>
  <testcase name="testParseAllLocales(Locale)[809]" classname="org.apache.commons.lang3.LocaleUtilsTest" time="0.001"/>
  <testcase name="testParseAllLocales(Locale)[810]" classname="org.apache.commons.lang3.LocaleUtilsTest" time="0.0"/>
  <testcase name="testParseAllLocales(Locale)[811]" classname="org.apache.commons.lang3.LocaleUtilsTest" time="0.0"/>
  <testcase name="testParseAllLocales(Locale)[812]" classname="org.apache.commons.lang3.LocaleUtilsTest" time="0.0"/>
  <testcase name="testParseAllLocales(Locale)[813]" classname="org.apache.commons.lang3.LocaleUtilsTest" time="0.0"/>
  <testcase name="testParseAllLocales(Locale)[814]" classname="org.apache.commons.lang3.LocaleUtilsTest" time="0.001"/>
  <testcase name="testParseAllLocales(Locale)[815]" classname="org.apache.commons.lang3.LocaleUtilsTest" time="0.0"/>
  <testcase name="testParseAllLocales(Locale)[816]" classname="org.apache.commons.lang3.LocaleUtilsTest" time="0.0"/>
  <testcase name="testParseAllLocales(Locale)[817]" classname="org.apache.commons.lang3.LocaleUtilsTest" time="0.0"/>
  <testcase name="testParseAllLocales(Locale)[818]" classname="org.apache.commons.lang3.LocaleUtilsTest" time="0.0"/>
  <testcase name="testParseAllLocales(Locale)[819]" classname="org.apache.commons.lang3.LocaleUtilsTest" time="0.001"/>
  <testcase name="testParseAllLocales(Locale)[820]" classname="org.apache.commons.lang3.LocaleUtilsTest" time="0.001"/>
  <testcase name="testParseAllLocales(Locale)[821]" classname="org.apache.commons.lang3.LocaleUtilsTest" time="0.001"/>
  <testcase name="testParseAllLocales(Locale)[822]" classname="org.apache.commons.lang3.LocaleUtilsTest" time="0.0"/>
  <testcase name="testParseAllLocales(Locale)[823]" classname="org.apache.commons.lang3.LocaleUtilsTest" time="0.0"/>
  <testcase name="testParseAllLocales(Locale)[824]" classname="org.apache.commons.lang3.LocaleUtilsTest" time="0.0"/>
  <testcase name="testParseAllLocales(Locale)[825]" classname="org.apache.commons.lang3.LocaleUtilsTest" time="0.0"/>
  <testcase name="testParseAllLocales(Locale)[826]" classname="org.apache.commons.lang3.LocaleUtilsTest" time="0.0"/>
  <testcase name="testParseAllLocales(Locale)[827]" classname="org.apache.commons.lang3.LocaleUtilsTest" time="0.0"/>
  <testcase name="testParseAllLocales(Locale)[828]" classname="org.apache.commons.lang3.LocaleUtilsTest" time="0.0"/>
  <testcase name="testParseAllLocales(Locale)[829]" classname="org.apache.commons.lang3.LocaleUtilsTest" time="0.001"/>
  <testcase name="testParseAllLocales(Locale)[830]" classname="org.apache.commons.lang3.LocaleUtilsTest" time="0.0"/>
  <testcase name="testParseAllLocales(Locale)[831]" classname="org.apache.commons.lang3.LocaleUtilsTest" time="0.0"/>
  <testcase name="testParseAllLocales(Locale)[832]" classname="org.apache.commons.lang3.LocaleUtilsTest" time="0.0"/>
  <testcase name="testParseAllLocales(Locale)[833]" classname="org.apache.commons.lang3.LocaleUtilsTest" time="0.0"/>
  <testcase name="testParseAllLocales(Locale)[834]" classname="org.apache.commons.lang3.LocaleUtilsTest" time="0.0"/>
  <testcase name="testParseAllLocales(Locale)[835]" classname="org.apache.commons.lang3.LocaleUtilsTest" time="0.0"/>
  <testcase name="testParseAllLocales(Locale)[836]" classname="org.apache.commons.lang3.LocaleUtilsTest" time="0.0"/>
  <testcase name="testParseAllLocales(Locale)[837]" classname="org.apache.commons.lang3.LocaleUtilsTest" time="0.0"/>
  <testcase name="testParseAllLocales(Locale)[838]" classname="org.apache.commons.lang3.LocaleUtilsTest" time="0.001"/>
  <testcase name="testParseAllLocales(Locale)[839]" classname="org.apache.commons.lang3.LocaleUtilsTest" time="0.0"/>
  <testcase name="testParseAllLocales(Locale)[840]" classname="org.apache.commons.lang3.LocaleUtilsTest" time="0.0"/>
  <testcase name="testParseAllLocales(Locale)[841]" classname="org.apache.commons.lang3.LocaleUtilsTest" time="0.0"/>
  <testcase name="testParseAllLocales(Locale)[842]" classname="org.apache.commons.lang3.LocaleUtilsTest" time="0.001"/>
  <testcase name="testParseAllLocales(Locale)[843]" classname="org.apache.commons.lang3.LocaleUtilsTest" time="0.0"/>
  <testcase name="testParseAllLocales(Locale)[844]" classname="org.apache.commons.lang3.LocaleUtilsTest" time="0.0"/>
  <testcase name="testParseAllLocales(Locale)[845]" classname="org.apache.commons.lang3.LocaleUtilsTest" time="0.0"/>
  <testcase name="testParseAllLocales(Locale)[846]" classname="org.apache.commons.lang3.LocaleUtilsTest" time="0.0"/>
  <testcase name="testParseAllLocales(Locale)[847]" classname="org.apache.commons.lang3.LocaleUtilsTest" time="0.0"/>
  <testcase name="testParseAllLocales(Locale)[848]" classname="org.apache.commons.lang3.LocaleUtilsTest" time="0.0"/>
  <testcase name="testParseAllLocales(Locale)[849]" classname="org.apache.commons.lang3.LocaleUtilsTest" time="0.0"/>
  <testcase name="testParseAllLocales(Locale)[850]" classname="org.apache.commons.lang3.LocaleUtilsTest" time="0.0"/>
  <testcase name="testParseAllLocales(Locale)[851]" classname="org.apache.commons.lang3.LocaleUtilsTest" time="0.001"/>
  <testcase name="testParseAllLocales(Locale)[852]" classname="org.apache.commons.lang3.LocaleUtilsTest" time="0.0"/>
  <testcase name="testParseAllLocales(Locale)[853]" classname="org.apache.commons.lang3.LocaleUtilsTest" time="0.0"/>
  <testcase name="testParseAllLocales(Locale)[854]" classname="org.apache.commons.lang3.LocaleUtilsTest" time="0.001"/>
  <testcase name="testParseAllLocales(Locale)[855]" classname="org.apache.commons.lang3.LocaleUtilsTest" time="0.0"/>
  <testcase name="testParseAllLocales(Locale)[856]" classname="org.apache.commons.lang3.LocaleUtilsTest" time="0.0"/>
  <testcase name="testParseAllLocales(Locale)[857]" classname="org.apache.commons.lang3.LocaleUtilsTest" time="0.0"/>
  <testcase name="testParseAllLocales(Locale)[858]" classname="org.apache.commons.lang3.LocaleUtilsTest" time="0.001"/>
  <testcase name="testParseAllLocales(Locale)[859]" classname="org.apache.commons.lang3.LocaleUtilsTest" time="0.0"/>
  <testcase name="testParseAllLocales(Locale)[860]" classname="org.apache.commons.lang3.LocaleUtilsTest" time="0.0"/>
  <testcase name="testParseAllLocales(Locale)[861]" classname="org.apache.commons.lang3.LocaleUtilsTest" time="0.0"/>
  <testcase name="testParseAllLocales(Locale)[862]" classname="org.apache.commons.lang3.LocaleUtilsTest" time="0.0"/>
  <testcase name="testParseAllLocales(Locale)[863]" classname="org.apache.commons.lang3.LocaleUtilsTest" time="0.0"/>
  <testcase name="testParseAllLocales(Locale)[864]" classname="org.apache.commons.lang3.LocaleUtilsTest" time="0.001"/>
  <testcase name="testParseAllLocales(Locale)[865]" classname="org.apache.commons.lang3.LocaleUtilsTest" time="0.0"/>
  <testcase name="testParseAllLocales(Locale)[866]" classname="org.apache.commons.lang3.LocaleUtilsTest" time="0.0"/>
  <testcase name="testParseAllLocales(Locale)[867]" classname="org.apache.commons.lang3.LocaleUtilsTest" time="0.001"/>
  <testcase name="testParseAllLocales(Locale)[868]" classname="org.apache.commons.lang3.LocaleUtilsTest" time="0.0"/>
  <testcase name="testParseAllLocales(Locale)[869]" classname="org.apache.commons.lang3.LocaleUtilsTest" time="0.0"/>
  <testcase name="testParseAllLocales(Locale)[870]" classname="org.apache.commons.lang3.LocaleUtilsTest" time="0.001"/>
  <testcase name="testParseAllLocales(Locale)[871]" classname="org.apache.commons.lang3.LocaleUtilsTest" time="0.0"/>
  <testcase name="testParseAllLocales(Locale)[872]" classname="org.apache.commons.lang3.LocaleUtilsTest" time="0.0"/>
  <testcase name="testParseAllLocales(Locale)[873]" classname="org.apache.commons.lang3.LocaleUtilsTest" time="0.002"/>
  <testcase name="testParseAllLocales(Locale)[874]" classname="org.apache.commons.lang3.LocaleUtilsTest" time="0.001"/>
  <testcase name="testParseAllLocales(Locale)[875]" classname="org.apache.commons.lang3.LocaleUtilsTest" time="0.0"/>
  <testcase name="testParseAllLocales(Locale)[876]" classname="org.apache.commons.lang3.LocaleUtilsTest" time="0.0"/>
  <testcase name="testParseAllLocales(Locale)[877]" classname="org.apache.commons.lang3.LocaleUtilsTest" time="0.0"/>
  <testcase name="testParseAllLocales(Locale)[878]" classname="org.apache.commons.lang3.LocaleUtilsTest" time="0.001"/>
  <testcase name="testParseAllLocales(Locale)[879]" classname="org.apache.commons.lang3.LocaleUtilsTest" time="0.0"/>
  <testcase name="testParseAllLocales(Locale)[880]" classname="org.apache.commons.lang3.LocaleUtilsTest" time="0.0"/>
  <testcase name="testParseAllLocales(Locale)[881]" classname="org.apache.commons.lang3.LocaleUtilsTest" time="0.001"/>
  <testcase name="testParseAllLocales(Locale)[882]" classname="org.apache.commons.lang3.LocaleUtilsTest" time="0.001"/>
  <testcase name="testParseAllLocales(Locale)[883]" classname="org.apache.commons.lang3.LocaleUtilsTest" time="0.0"/>
  <testcase name="testParseAllLocales(Locale)[884]" classname="org.apache.commons.lang3.LocaleUtilsTest" time="0.001"/>
  <testcase name="testParseAllLocales(Locale)[885]" classname="org.apache.commons.lang3.LocaleUtilsTest" time="0.0"/>
  <testcase name="testParseAllLocales(Locale)[886]" classname="org.apache.commons.lang3.LocaleUtilsTest" time="0.001"/>
  <testcase name="testParseAllLocales(Locale)[887]" classname="org.apache.commons.lang3.LocaleUtilsTest" time="0.0"/>
  <testcase name="testParseAllLocales(Locale)[888]" classname="org.apache.commons.lang3.LocaleUtilsTest" time="0.0"/>
  <testcase name="testParseAllLocales(Locale)[889]" classname="org.apache.commons.lang3.LocaleUtilsTest" time="0.001"/>
  <testcase name="testParseAllLocales(Locale)[890]" classname="org.apache.commons.lang3.LocaleUtilsTest" time="0.0"/>
  <testcase name="testParseAllLocales(Locale)[891]" classname="org.apache.commons.lang3.LocaleUtilsTest" time="0.0"/>
  <testcase name="testParseAllLocales(Locale)[892]" classname="org.apache.commons.lang3.LocaleUtilsTest" time="0.0"/>
  <testcase name="testParseAllLocales(Locale)[893]" classname="org.apache.commons.lang3.LocaleUtilsTest" time="0.0"/>
  <testcase name="testParseAllLocales(Locale)[894]" classname="org.apache.commons.lang3.LocaleUtilsTest" time="0.001"/>
  <testcase name="testParseAllLocales(Locale)[895]" classname="org.apache.commons.lang3.LocaleUtilsTest" time="0.0"/>
  <testcase name="testParseAllLocales(Locale)[896]" classname="org.apache.commons.lang3.LocaleUtilsTest" time="0.001"/>
  <testcase name="testParseAllLocales(Locale)[897]" classname="org.apache.commons.lang3.LocaleUtilsTest" time="0.0"/>
  <testcase name="testParseAllLocales(Locale)[898]" classname="org.apache.commons.lang3.LocaleUtilsTest" time="0.0"/>
  <testcase name="testParseAllLocales(Locale)[899]" classname="org.apache.commons.lang3.LocaleUtilsTest" time="0.0"/>
  <testcase name="testParseAllLocales(Locale)[900]" classname="org.apache.commons.lang3.LocaleUtilsTest" time="0.0"/>
  <testcase name="testParseAllLocales(Locale)[901]" classname="org.apache.commons.lang3.LocaleUtilsTest" time="0.0"/>
  <testcase name="testParseAllLocales(Locale)[902]" classname="org.apache.commons.lang3.LocaleUtilsTest" time="0.0"/>
  <testcase name="testParseAllLocales(Locale)[903]" classname="org.apache.commons.lang3.LocaleUtilsTest" time="0.0"/>
  <testcase name="testParseAllLocales(Locale)[904]" classname="org.apache.commons.lang3.LocaleUtilsTest" time="0.001"/>
  <testcase name="testParseAllLocales(Locale)[905]" classname="org.apache.commons.lang3.LocaleUtilsTest" time="0.0"/>
  <testcase name="testParseAllLocales(Locale)[906]" classname="org.apache.commons.lang3.LocaleUtilsTest" time="0.0"/>
  <testcase name="testParseAllLocales(Locale)[907]" classname="org.apache.commons.lang3.LocaleUtilsTest" time="0.0"/>
  <testcase name="testParseAllLocales(Locale)[908]" classname="org.apache.commons.lang3.LocaleUtilsTest" time="0.0"/>
  <testcase name="testParseAllLocales(Locale)[909]" classname="org.apache.commons.lang3.LocaleUtilsTest" time="0.0"/>
  <testcase name="testParseAllLocales(Locale)[910]" classname="org.apache.commons.lang3.LocaleUtilsTest" time="0.0"/>
  <testcase name="testParseAllLocales(Locale)[911]" classname="org.apache.commons.lang3.LocaleUtilsTest" time="0.001"/>
  <testcase name="testParseAllLocales(Locale)[912]" classname="org.apache.commons.lang3.LocaleUtilsTest" time="0.0"/>
  <testcase name="testParseAllLocales(Locale)[913]" classname="org.apache.commons.lang3.LocaleUtilsTest" time="0.0"/>
  <testcase name="testParseAllLocales(Locale)[914]" classname="org.apache.commons.lang3.LocaleUtilsTest" time="0.0"/>
  <testcase name="testParseAllLocales(Locale)[915]" classname="org.apache.commons.lang3.LocaleUtilsTest" time="0.001"/>
  <testcase name="testParseAllLocales(Locale)[916]" classname="org.apache.commons.lang3.LocaleUtilsTest" time="0.0"/>
  <testcase name="testParseAllLocales(Locale)[917]" classname="org.apache.commons.lang3.LocaleUtilsTest" time="0.0"/>
  <testcase name="testParseAllLocales(Locale)[918]" classname="org.apache.commons.lang3.LocaleUtilsTest" time="0.0"/>
  <testcase name="testParseAllLocales(Locale)[919]" classname="org.apache.commons.lang3.LocaleUtilsTest" time="0.001"/>
  <testcase name="testParseAllLocales(Locale)[920]" classname="org.apache.commons.lang3.LocaleUtilsTest" time="0.0"/>
  <testcase name="testParseAllLocales(Locale)[921]" classname="org.apache.commons.lang3.LocaleUtilsTest" time="0.0"/>
  <testcase name="testParseAllLocales(Locale)[922]" classname="org.apache.commons.lang3.LocaleUtilsTest" time="0.0"/>
  <testcase name="testParseAllLocales(Locale)[923]" classname="org.apache.commons.lang3.LocaleUtilsTest" time="0.0"/>
  <testcase name="testParseAllLocales(Locale)[924]" classname="org.apache.commons.lang3.LocaleUtilsTest" time="0.0"/>
  <testcase name="testParseAllLocales(Locale)[925]" classname="org.apache.commons.lang3.LocaleUtilsTest" time="0.001"/>
  <testcase name="testParseAllLocales(Locale)[926]" classname="org.apache.commons.lang3.LocaleUtilsTest" time="0.0"/>
  <testcase name="testParseAllLocales(Locale)[927]" classname="org.apache.commons.lang3.LocaleUtilsTest" time="0.0"/>
  <testcase name="testParseAllLocales(Locale)[928]" classname="org.apache.commons.lang3.LocaleUtilsTest" time="0.001"/>
  <testcase name="testParseAllLocales(Locale)[929]" classname="org.apache.commons.lang3.LocaleUtilsTest" time="0.0"/>
  <testcase name="testParseAllLocales(Locale)[930]" classname="org.apache.commons.lang3.LocaleUtilsTest" time="0.001"/>
  <testcase name="testParseAllLocales(Locale)[931]" classname="org.apache.commons.lang3.LocaleUtilsTest" time="0.0"/>
  <testcase name="testParseAllLocales(Locale)[932]" classname="org.apache.commons.lang3.LocaleUtilsTest" time="0.001"/>
  <testcase name="testParseAllLocales(Locale)[933]" classname="org.apache.commons.lang3.LocaleUtilsTest" time="0.0"/>
  <testcase name="testParseAllLocales(Locale)[934]" classname="org.apache.commons.lang3.LocaleUtilsTest" time="0.001"/>
  <testcase name="testParseAllLocales(Locale)[935]" classname="org.apache.commons.lang3.LocaleUtilsTest" time="0.0"/>
  <testcase name="testParseAllLocales(Locale)[936]" classname="org.apache.commons.lang3.LocaleUtilsTest" time="0.001"/>
  <testcase name="testParseAllLocales(Locale)[937]" classname="org.apache.commons.lang3.LocaleUtilsTest" time="0.0"/>
  <testcase name="testParseAllLocales(Locale)[938]" classname="org.apache.commons.lang3.LocaleUtilsTest" time="0.0"/>
  <testcase name="testParseAllLocales(Locale)[939]" classname="org.apache.commons.lang3.LocaleUtilsTest" time="0.001"/>
  <testcase name="testParseAllLocales(Locale)[940]" classname="org.apache.commons.lang3.LocaleUtilsTest" time="0.0"/>
  <testcase name="testParseAllLocales(Locale)[941]" classname="org.apache.commons.lang3.LocaleUtilsTest" time="0.001"/>
  <testcase name="testParseAllLocales(Locale)[942]" classname="org.apache.commons.lang3.LocaleUtilsTest" time="0.0"/>
  <testcase name="testParseAllLocales(Locale)[943]" classname="org.apache.commons.lang3.LocaleUtilsTest" time="0.001"/>
  <testcase name="testParseAllLocales(Locale)[944]" classname="org.apache.commons.lang3.LocaleUtilsTest" time="0.0"/>
  <testcase name="testParseAllLocales(Locale)[945]" classname="org.apache.commons.lang3.LocaleUtilsTest" time="0.001"/>
  <testcase name="testParseAllLocales(Locale)[946]" classname="org.apache.commons.lang3.LocaleUtilsTest" time="0.0"/>
  <testcase name="testParseAllLocales(Locale)[947]" classname="org.apache.commons.lang3.LocaleUtilsTest" time="0.0"/>
  <testcase name="testParseAllLocales(Locale)[948]" classname="org.apache.commons.lang3.LocaleUtilsTest" time="0.0"/>
  <testcase name="testParseAllLocales(Locale)[949]" classname="org.apache.commons.lang3.LocaleUtilsTest" time="0.0"/>
  <testcase name="testParseAllLocales(Locale)[950]" classname="org.apache.commons.lang3.LocaleUtilsTest" time="0.001"/>
  <testcase name="testParseAllLocales(Locale)[951]" classname="org.apache.commons.lang3.LocaleUtilsTest" time="0.0"/>
  <testcase name="testParseAllLocales(Locale)[952]" classname="org.apache.commons.lang3.LocaleUtilsTest" time="0.001"/>
  <testcase name="testParseAllLocales(Locale)[953]" classname="org.apache.commons.lang3.LocaleUtilsTest" time="0.0"/>
  <testcase name="testParseAllLocales(Locale)[954]" classname="org.apache.commons.lang3.LocaleUtilsTest" time="0.0"/>
  <testcase name="testParseAllLocales(Locale)[955]" classname="org.apache.commons.lang3.LocaleUtilsTest" time="0.0"/>
  <testcase name="testParseAllLocales(Locale)[956]" classname="org.apache.commons.lang3.LocaleUtilsTest" time="0.0"/>
  <testcase name="testParseAllLocales(Locale)[957]" classname="org.apache.commons.lang3.LocaleUtilsTest" time="0.001"/>
  <testcase name="testParseAllLocales(Locale)[958]" classname="org.apache.commons.lang3.LocaleUtilsTest" time="0.0"/>
  <testcase name="testParseAllLocales(Locale)[959]" classname="org.apache.commons.lang3.LocaleUtilsTest" time="0.0"/>
  <testcase name="testParseAllLocales(Locale)[960]" classname="org.apache.commons.lang3.LocaleUtilsTest" time="0.001"/>
  <testcase name="testParseAllLocales(Locale)[961]" classname="org.apache.commons.lang3.LocaleUtilsTest" time="0.0"/>
  <testcase name="testParseAllLocales(Locale)[962]" classname="org.apache.commons.lang3.LocaleUtilsTest" time="0.0"/>
  <testcase name="testParseAllLocales(Locale)[963]" classname="org.apache.commons.lang3.LocaleUtilsTest" time="0.001"/>
  <testcase name="testParseAllLocales(Locale)[964]" classname="org.apache.commons.lang3.LocaleUtilsTest" time="0.0"/>
  <testcase name="testParseAllLocales(Locale)[965]" classname="org.apache.commons.lang3.LocaleUtilsTest" time="0.001"/>
  <testcase name="testParseAllLocales(Locale)[966]" classname="org.apache.commons.lang3.LocaleUtilsTest" time="0.0"/>
  <testcase name="testParseAllLocales(Locale)[967]" classname="org.apache.commons.lang3.LocaleUtilsTest" time="0.001"/>
  <testcase name="testParseAllLocales(Locale)[968]" classname="org.apache.commons.lang3.LocaleUtilsTest" time="0.0"/>
  <testcase name="testParseAllLocales(Locale)[969]" classname="org.apache.commons.lang3.LocaleUtilsTest" time="0.001"/>
  <testcase name="testParseAllLocales(Locale)[970]" classname="org.apache.commons.lang3.LocaleUtilsTest" time="0.0"/>
  <testcase name="testParseAllLocales(Locale)[971]" classname="org.apache.commons.lang3.LocaleUtilsTest" time="0.001"/>
  <testcase name="testParseAllLocales(Locale)[972]" classname="org.apache.commons.lang3.LocaleUtilsTest" time="0.0"/>
  <testcase name="testParseAllLocales(Locale)[973]" classname="org.apache.commons.lang3.LocaleUtilsTest" time="0.0"/>
  <testcase name="testParseAllLocales(Locale)[974]" classname="org.apache.commons.lang3.LocaleUtilsTest" time="0.0"/>
  <testcase name="testParseAllLocales(Locale)[975]" classname="org.apache.commons.lang3.LocaleUtilsTest" time="0.001"/>
  <testcase name="testParseAllLocales(Locale)[976]" classname="org.apache.commons.lang3.LocaleUtilsTest" time="0.0"/>
  <testcase name="testParseAllLocales(Locale)[977]" classname="org.apache.commons.lang3.LocaleUtilsTest" time="0.0"/>
  <testcase name="testParseAllLocales(Locale)[978]" classname="org.apache.commons.lang3.LocaleUtilsTest" time="0.0"/>
  <testcase name="testParseAllLocales(Locale)[979]" classname="org.apache.commons.lang3.LocaleUtilsTest" time="0.0"/>
  <testcase name="testParseAllLocales(Locale)[980]" classname="org.apache.commons.lang3.LocaleUtilsTest" time="0.0"/>
  <testcase name="testParseAllLocales(Locale)[981]" classname="org.apache.commons.lang3.LocaleUtilsTest" time="0.001"/>
  <testcase name="testParseAllLocales(Locale)[982]" classname="org.apache.commons.lang3.LocaleUtilsTest" time="0.0"/>
  <testcase name="testParseAllLocales(Locale)[983]" classname="org.apache.commons.lang3.LocaleUtilsTest" time="0.0"/>
  <testcase name="testParseAllLocales(Locale)[984]" classname="org.apache.commons.lang3.LocaleUtilsTest" time="0.001"/>
  <testcase name="testParseAllLocales(Locale)[985]" classname="org.apache.commons.lang3.LocaleUtilsTest" time="0.0"/>
  <testcase name="testParseAllLocales(Locale)[986]" classname="org.apache.commons.lang3.LocaleUtilsTest" time="0.0"/>
  <testcase name="testParseAllLocales(Locale)[987]" classname="org.apache.commons.lang3.LocaleUtilsTest" time="0.0"/>
  <testcase name="testParseAllLocales(Locale)[988]" classname="org.apache.commons.lang3.LocaleUtilsTest" time="0.0"/>
  <testcase name="testParseAllLocales(Locale)[989]" classname="org.apache.commons.lang3.LocaleUtilsTest" time="0.0"/>
  <testcase name="testParseAllLocales(Locale)[990]" classname="org.apache.commons.lang3.LocaleUtilsTest" time="0.001"/>
  <testcase name="testParseAllLocales(Locale)[991]" classname="org.apache.commons.lang3.LocaleUtilsTest" time="0.0"/>
  <testcase name="testParseAllLocales(Locale)[992]" classname="org.apache.commons.lang3.LocaleUtilsTest" time="0.0"/>
  <testcase name="testParseAllLocales(Locale)[993]" classname="org.apache.commons.lang3.LocaleUtilsTest" time="0.0"/>
  <testcase name="testParseAllLocales(Locale)[994]" classname="org.apache.commons.lang3.LocaleUtilsTest" time="0.0"/>
  <testcase name="testParseAllLocales(Locale)[995]" classname="org.apache.commons.lang3.LocaleUtilsTest" time="0.0"/>
  <testcase name="testParseAllLocales(Locale)[996]" classname="org.apache.commons.lang3.LocaleUtilsTest" time="0.0"/>
  <testcase name="testParseAllLocales(Locale)[997]" classname="org.apache.commons.lang3.LocaleUtilsTest" time="0.0"/>
  <testcase name="testParseAllLocales(Locale)[998]" classname="org.apache.commons.lang3.LocaleUtilsTest" time="0.0"/>
  <testcase name="testParseAllLocales(Locale)[999]" classname="org.apache.commons.lang3.LocaleUtilsTest" time="0.0"/>
  <testcase name="testParseAllLocales(Locale)[1000]" classname="org.apache.commons.lang3.LocaleUtilsTest" time="0.001"/>
  <testcase name="testParseAllLocales(Locale)[1001]" classname="org.apache.commons.lang3.LocaleUtilsTest" time="0.0"/>
  <testcase name="testParseAllLocales(Locale)[1002]" classname="org.apache.commons.lang3.LocaleUtilsTest" time="0.0"/>
  <testcase name="testParseAllLocales(Locale)[1003]" classname="org.apache.commons.lang3.LocaleUtilsTest" time="0.001"/>
  <testcase name="testParseAllLocales(Locale)[1004]" classname="org.apache.commons.lang3.LocaleUtilsTest" time="0.0"/>
  <testcase name="testParseAllLocales(Locale)[1005]" classname="org.apache.commons.lang3.LocaleUtilsTest" time="0.0"/>
  <testcase name="testParseAllLocales(Locale)[1006]" classname="org.apache.commons.lang3.LocaleUtilsTest" time="0.0"/>
  <testcase name="testParseAllLocales(Locale)[1007]" classname="org.apache.commons.lang3.LocaleUtilsTest" time="0.0"/>
  <testcase name="testParseAllLocales(Locale)[1008]" classname="org.apache.commons.lang3.LocaleUtilsTest" time="0.0"/>
  <testcase name="testParseAllLocales(Locale)[1009]" classname="org.apache.commons.lang3.LocaleUtilsTest" time="0.0"/>
  <testcase name="testParseAllLocales(Locale)[1010]" classname="org.apache.commons.lang3.LocaleUtilsTest" time="0.0"/>
  <testcase name="testParseAllLocales(Locale)[1011]" classname="org.apache.commons.lang3.LocaleUtilsTest" time="0.0"/>
  <testcase name="testParseAllLocales(Locale)[1012]" classname="org.apache.commons.lang3.LocaleUtilsTest" time="0.0"/>
  <testcase name="testParseAllLocales(Locale)[1013]" classname="org.apache.commons.lang3.LocaleUtilsTest" time="0.0"/>
  <testcase name="testParseAllLocales(Locale)[1014]" classname="org.apache.commons.lang3.LocaleUtilsTest" time="0.0"/>
  <testcase name="testParseAllLocales(Locale)[1015]" classname="org.apache.commons.lang3.LocaleUtilsTest" time="0.001"/>
  <testcase name="testParseAllLocales(Locale)[1016]" classname="org.apache.commons.lang3.LocaleUtilsTest" time="0.0"/>
  <testcase name="testParseAllLocales(Locale)[1017]" classname="org.apache.commons.lang3.LocaleUtilsTest" time="0.0"/>
  <testcase name="testParseAllLocales(Locale)[1018]" classname="org.apache.commons.lang3.LocaleUtilsTest" time="0.001"/>
  <testcase name="testParseAllLocales(Locale)[1019]" classname="org.apache.commons.lang3.LocaleUtilsTest" time="0.0"/>
  <testcase name="testParseAllLocales(Locale)[1020]" classname="org.apache.commons.lang3.LocaleUtilsTest" time="0.0"/>
  <testcase name="testParseAllLocales(Locale)[1021]" classname="org.apache.commons.lang3.LocaleUtilsTest" time="0.0"/>
  <testcase name="testParseAllLocales(Locale)[1022]" classname="org.apache.commons.lang3.LocaleUtilsTest" time="0.0"/>
  <testcase name="testParseAllLocales(Locale)[1023]" classname="org.apache.commons.lang3.LocaleUtilsTest" time="0.0"/>
  <testcase name="testParseAllLocales(Locale)[1024]" classname="org.apache.commons.lang3.LocaleUtilsTest" time="0.0"/>
  <testcase name="testParseAllLocales(Locale)[1025]" classname="org.apache.commons.lang3.LocaleUtilsTest" time="0.0"/>
  <testcase name="testParseAllLocales(Locale)[1026]" classname="org.apache.commons.lang3.LocaleUtilsTest" time="0.001"/>
  <testcase name="testParseAllLocales(Locale)[1027]" classname="org.apache.commons.lang3.LocaleUtilsTest" time="0.0"/>
  <testcase name="testParseAllLocales(Locale)[1028]" classname="org.apache.commons.lang3.LocaleUtilsTest" time="0.001"/>
  <testcase name="testParseAllLocales(Locale)[1029]" classname="org.apache.commons.lang3.LocaleUtilsTest" time="0.0"/>
  <testcase name="testParseAllLocales(Locale)[1030]" classname="org.apache.commons.lang3.LocaleUtilsTest" time="0.0"/>
  <testcase name="testParseAllLocales(Locale)[1031]" classname="org.apache.commons.lang3.LocaleUtilsTest" time="0.0"/>
  <testcase name="testParseAllLocales(Locale)[1032]" classname="org.apache.commons.lang3.LocaleUtilsTest" time="0.001"/>
  <testcase name="testParseAllLocales(Locale)[1033]" classname="org.apache.commons.lang3.LocaleUtilsTest" time="0.006"/>
  <testcase name="testParseAllLocales(Locale)[1034]" classname="org.apache.commons.lang3.LocaleUtilsTest" time="0.0"/>
  <testcase name="testParseAllLocales(Locale)[1035]" classname="org.apache.commons.lang3.LocaleUtilsTest" time="0.001"/>
  <testcase name="testParseAllLocales(Locale)[1036]" classname="org.apache.commons.lang3.LocaleUtilsTest" time="0.0"/>
  <testcase name="testParseAllLocales(Locale)[1037]" classname="org.apache.commons.lang3.LocaleUtilsTest" time="0.0"/>
  <testcase name="testParseAllLocales(Locale)[1038]" classname="org.apache.commons.lang3.LocaleUtilsTest" time="0.0"/>
  <testcase name="testParseAllLocales(Locale)[1039]" classname="org.apache.commons.lang3.LocaleUtilsTest" time="0.001"/>
  <testcase name="testParseAllLocales(Locale)[1040]" classname="org.apache.commons.lang3.LocaleUtilsTest" time="0.0"/>
  <testcase name="testParseAllLocales(Locale)[1041]" classname="org.apache.commons.lang3.LocaleUtilsTest" time="0.0"/>
  <testcase name="testParseAllLocales(Locale)[1042]" classname="org.apache.commons.lang3.LocaleUtilsTest" time="0.001"/>
  <testcase name="testParseAllLocales(Locale)[1043]" classname="org.apache.commons.lang3.LocaleUtilsTest" time="0.0"/>
  <testcase name="testParseAllLocales(Locale)[1044]" classname="org.apache.commons.lang3.LocaleUtilsTest" time="0.0"/>
  <testcase name="testParseAllLocales(Locale)[1045]" classname="org.apache.commons.lang3.LocaleUtilsTest" time="0.001"/>
  <testcase name="testParseAllLocales(Locale)[1046]" classname="org.apache.commons.lang3.LocaleUtilsTest" time="0.0"/>
  <testcase name="testParseAllLocales(Locale)[1047]" classname="org.apache.commons.lang3.LocaleUtilsTest" time="0.001"/>
  <testcase name="testParseAllLocales(Locale)[1048]" classname="org.apache.commons.lang3.LocaleUtilsTest" time="0.0"/>
  <testcase name="testParseAllLocales(Locale)[1049]" classname="org.apache.commons.lang3.LocaleUtilsTest" time="0.0"/>
  <testcase name="testParseAllLocales(Locale)[1050]" classname="org.apache.commons.lang3.LocaleUtilsTest" time="0.0"/>
  <testcase name="testParseAllLocales(Locale)[1051]" classname="org.apache.commons.lang3.LocaleUtilsTest" time="0.001"/>
  <testcase name="testParseAllLocales(Locale)[1052]" classname="org.apache.commons.lang3.LocaleUtilsTest" time="0.0"/>
  <testcase name="testParseAllLocales(Locale)[1053]" classname="org.apache.commons.lang3.LocaleUtilsTest" time="0.0"/>
  <testcase name="testParseAllLocales(Locale)[1054]" classname="org.apache.commons.lang3.LocaleUtilsTest" time="0.0"/>
  <testcase name="testParseAllLocales(Locale)[1055]" classname="org.apache.commons.lang3.LocaleUtilsTest" time="0.001"/>
  <testcase name="testParseAllLocales(Locale)[1056]" classname="org.apache.commons.lang3.LocaleUtilsTest" time="0.001"/>
  <testcase name="testParseAllLocales(Locale)[1057]" classname="org.apache.commons.lang3.LocaleUtilsTest" time="0.0"/>
  <testcase name="testParseAllLocales(Locale)[1058]" classname="org.apache.commons.lang3.LocaleUtilsTest" time="0.0"/>
  <testcase name="testParseAllLocales(Locale)[1059]" classname="org.apache.commons.lang3.LocaleUtilsTest" time="0.0"/>
  <testcase name="testParseAllLocales(Locale)[1060]" classname="org.apache.commons.lang3.LocaleUtilsTest" time="0.0"/>
  <testcase name="testParseAllLocales(Locale)[1061]" classname="org.apache.commons.lang3.LocaleUtilsTest" time="0.0"/>
  <testcase name="testParseAllLocales(Locale)[1062]" classname="org.apache.commons.lang3.LocaleUtilsTest" time="0.001"/>
  <testcase name="testParseAllLocales(Locale)[1063]" classname="org.apache.commons.lang3.LocaleUtilsTest" time="0.001"/>
  <testcase name="testParseAllLocales(Locale)[1064]" classname="org.apache.commons.lang3.LocaleUtilsTest" time="0.0"/>
  <testcase name="testParseAllLocales(Locale)[1065]" classname="org.apache.commons.lang3.LocaleUtilsTest" time="0.001"/>
  <testcase name="testParseAllLocales(Locale)[1066]" classname="org.apache.commons.lang3.LocaleUtilsTest" time="0.0"/>
  <testcase name="testParseAllLocales(Locale)[1067]" classname="org.apache.commons.lang3.LocaleUtilsTest" time="0.001"/>
  <testcase name="testParseAllLocales(Locale)[1068]" classname="org.apache.commons.lang3.LocaleUtilsTest" time="0.0"/>
  <testcase name="testParseAllLocales(Locale)[1069]" classname="org.apache.commons.lang3.LocaleUtilsTest" time="0.0"/>
  <testcase name="testLocaleLookupList_LocaleLocale" classname="org.apache.commons.lang3.LocaleUtilsTest" time="0.0"/>
  <testcase name="testLanguagesByCountry" classname="org.apache.commons.lang3.LocaleUtilsTest" time="0.001"/>
  <testcase name="testToLocale_1Part" classname="org.apache.commons.lang3.LocaleUtilsTest" time="0.001"/>
  <testcase name="testToLocale_2Part" classname="org.apache.commons.lang3.LocaleUtilsTest" time="0.001"/>
  <testcase name="testToLocale_3Part" classname="org.apache.commons.lang3.LocaleUtilsTest" time="0.008"/>
  <testcase name="testLanguageAndUNM49Numeric3AreaCodeLang1312" classname="org.apache.commons.lang3.LocaleUtilsTest" time="0.0"/>
  <testcase name="testLocaleLookupList_Locale" classname="org.apache.commons.lang3.LocaleUtilsTest" time="0.0"/>
  <testcase name="testConstructor" classname="org.apache.commons.lang3.LocaleUtilsTest" time="0.001"/>
</testsuite>