<?xml version="1.0" encoding="UTF-8"?>
<testsuite xmlns:xsi="http://www.w3.org/2001/XMLSchema-instance" xsi:noNamespaceSchemaLocation="https://maven.apache.org/surefire/maven-surefire-plugin/xsd/surefire-test-report.xsd" version="3.0.2" name="org.apache.commons.lang3.StringUtilsTest" time="0.238" tests="168" errors="0" skipped="1" failures="0">
  <properties>
    <property name="java.specification.version" value="21"/>
    <property name="sun.cpu.isalist" value="amd64"/>
    <property name="sun.jnu.encoding" value="Cp1253"/>
    <property name="java.class.path" value="C:\Users\user\Code_generation_LLMs\AutoTestLab\packages\commons-lang3-3.17.0-src\target\test-classes;C:\Users\user\Code_generation_LLMs\AutoTestLab\packages\commons-lang3-3.17.0-src\target\classes;C:\Users\user\.m2\repository\org\junit\jupiter\junit-jupiter\5.11.0\junit-jupiter-5.11.0.jar;C:\Users\user\.m2\repository\org\junit\jupiter\junit-jupiter-api\5.11.0\junit-jupiter-api-5.11.0.jar;C:\Users\user\.m2\repository\org\opentest4j\opentest4j\1.3.0\opentest4j-1.3.0.jar;C:\Users\user\.m2\repository\org\junit\platform\junit-platform-commons\1.11.0\junit-platform-commons-1.11.0.jar;C:\Users\user\.m2\repository\org\apiguardian\apiguardian-api\1.1.2\apiguardian-api-1.1.2.jar;C:\Users\user\.m2\repository\org\junit\jupiter\junit-jupiter-params\5.11.0\junit-jupiter-params-5.11.0.jar;C:\Users\user\.m2\repository\org\junit\jupiter\junit-jupiter-engine\5.11.0\junit-jupiter-engine-5.11.0.jar;C:\Users\user\.m2\repository\org\junit\platform\junit-platform-engine\1.11.0\junit-platform-engine-1.11.0.jar;C:\Users\user\.m2\repository\org\junit-pioneer\junit-pioneer\1.9.1\junit-pioneer-1.9.1.jar;C:\Users\user\.m2\repository\org\junit\platform\junit-platform-launcher\1.11.0\junit-platform-launcher-1.11.0.jar;C:\Users\user\.m2\repository\org\hamcrest\hamcrest\3.0\hamcrest-3.0.jar;C:\Users\user\.m2\repository\org\easymock\easymock\5.4.0\easymock-5.4.0.jar;C:\Users\user\.m2\repository\net\bytebuddy\byte-buddy\1.14.18\byte-buddy-1.14.18.jar;C:\Users\user\.m2\repository\org\ow2\asm\asm\9.7\asm-9.7.jar;C:\Users\user\.m2\repository\org\objenesis\objenesis\3.4\objenesis-3.4.jar;C:\Users\user\.m2\repository\org\apache\commons\commons-text\1.12.0\commons-text-1.12.0.jar;C:\Users\user\.m2\repository\org\apache\commons\commons-lang3\3.14.0\commons-lang3-3.14.0.jar;C:\Users\user\.m2\repository\org\openjdk\jmh\jmh-core\1.37\jmh-core-1.37.jar;C:\Users\user\.m2\repository\net\sf\jopt-simple\jopt-simple\5.0.4\jopt-simple-5.0.4.jar;C:\Users\user\.m2\repository\org\apache\commons\commons-math3\3.6.1\commons-math3-3.6.1.jar;C:\Users\user\.m2\repository\org\openjdk\jmh\jmh-generator-annprocess\1.37\jmh-generator-annprocess-1.37.jar;C:\Users\user\.m2\repository\com\google\code\findbugs\jsr305\3.0.2\jsr305-3.0.2.jar;"/>
    <property name="java.vm.vendor" value="Oracle Corporation"/>
    <property name="sun.arch.data.model" value="64"/>
    <property name="user.variant" value=""/>
    <property name="java.vendor.url" value="https://java.oracle.com/"/>
    <property name="user.timezone" value="Europe/Athens"/>
    <property name="os.name" value="Windows 10"/>
    <property name="java.vm.specification.version" value="21"/>
    <property name="sun.java.launcher" value="SUN_STANDARD"/>
    <property name="user.country" value="GR"/>
    <property name="sun.boot.library.path" value="C:\Program Files\Java\jdk-21\bin"/>
    <property name="sun.java.command" value="C:\Users\user\AppData\Local\Temp\surefire16562866153069575988\surefirebooter-20241011161714472_3.jar C:\Users\user\AppData\Local\Temp\surefire16562866153069575988 2024-10-11T16-17-14_121-jvmRun1 surefire-20241011161714472_1tmp surefire_0-20241011161714472_2tmp"/>
    <property name="jdk.debug" value="release"/>
    <property name="surefire.test.class.path" value="C:\Users\user\Code_generation_LLMs\AutoTestLab\packages\commons-lang3-3.17.0-src\target\test-classes;C:\Users\user\Code_generation_LLMs\AutoTestLab\packages\commons-lang3-3.17.0-src\target\classes;C:\Users\user\.m2\repository\org\junit\jupiter\junit-jupiter\5.11.0\junit-jupiter-5.11.0.jar;C:\Users\user\.m2\repository\org\junit\jupiter\junit-jupiter-api\5.11.0\junit-jupiter-api-5.11.0.jar;C:\Users\user\.m2\repository\org\opentest4j\opentest4j\1.3.0\opentest4j-1.3.0.jar;C:\Users\user\.m2\repository\org\junit\platform\junit-platform-commons\1.11.0\junit-platform-commons-1.11.0.jar;C:\Users\user\.m2\repository\org\apiguardian\apiguardian-api\1.1.2\apiguardian-api-1.1.2.jar;C:\Users\user\.m2\repository\org\junit\jupiter\junit-jupiter-params\5.11.0\junit-jupiter-params-5.11.0.jar;C:\Users\user\.m2\repository\org\junit\jupiter\junit-jupiter-engine\5.11.0\junit-jupiter-engine-5.11.0.jar;C:\Users\user\.m2\repository\org\junit\platform\junit-platform-engine\1.11.0\junit-platform-engine-1.11.0.jar;C:\Users\user\.m2\repository\org\junit-pioneer\junit-pioneer\1.9.1\junit-pioneer-1.9.1.jar;C:\Users\user\.m2\repository\org\junit\platform\junit-platform-launcher\1.11.0\junit-platform-launcher-1.11.0.jar;C:\Users\user\.m2\repository\org\hamcrest\hamcrest\3.0\hamcrest-3.0.jar;C:\Users\user\.m2\repository\org\easymock\easymock\5.4.0\easymock-5.4.0.jar;C:\Users\user\.m2\repository\net\bytebuddy\byte-buddy\1.14.18\byte-buddy-1.14.18.jar;C:\Users\user\.m2\repository\org\ow2\asm\asm\9.7\asm-9.7.jar;C:\Users\user\.m2\repository\org\objenesis\objenesis\3.4\objenesis-3.4.jar;C:\Users\user\.m2\repository\org\apache\commons\commons-text\1.12.0\commons-text-1.12.0.jar;C:\Users\user\.m2\repository\org\apache\commons\commons-lang3\3.14.0\commons-lang3-3.14.0.jar;C:\Users\user\.m2\repository\org\openjdk\jmh\jmh-core\1.37\jmh-core-1.37.jar;C:\Users\user\.m2\repository\net\sf\jopt-simple\jopt-simple\5.0.4\jopt-simple-5.0.4.jar;C:\Users\user\.m2\repository\org\apache\commons\commons-math3\3.6.1\commons-math3-3.6.1.jar;C:\Users\user\.m2\repository\org\openjdk\jmh\jmh-generator-annprocess\1.37\jmh-generator-annprocess-1.37.jar;C:\Users\user\.m2\repository\com\google\code\findbugs\jsr305\3.0.2\jsr305-3.0.2.jar;"/>
    <property name="sun.cpu.endian" value="little"/>
    <property name="user.home" value="C:\Users\user"/>
    <property name="user.language" value="el"/>
    <property name="java.specification.vendor" value="Oracle Corporation"/>
    <property name="java.version.date" value="2024-01-16"/>
    <property name="java.home" value="C:\Program Files\Java\jdk-21"/>
    <property name="file.separator" value="\"/>
    <property name="basedir" value="C:\Users\user\Code_generation_LLMs\AutoTestLab\packages\commons-lang3-3.17.0-src"/>
    <property name="java.vm.compressedOopsMode" value="32-bit"/>
    <property name="line.separator" value="&#10;"/>
    <property name="java.vm.specification.vendor" value="Oracle Corporation"/>
    <property name="java.specification.name" value="Java Platform API Specification"/>
    <property name="surefire.real.class.path" value="C:\Users\user\AppData\Local\Temp\surefire16562866153069575988\surefirebooter-20241011161714472_3.jar"/>
    <property name="user.script" value=""/>
    <property name="sun.management.compiler" value="HotSpot 64-Bit Tiered Compilers"/>
    <property name="java.runtime.version" value="21.0.2+13-LTS-58"/>
    <property name="user.name" value="user"/>
    <property name="stdout.encoding" value="UTF-8"/>
    <property name="path.separator" value=";"/>
    <property name="os.version" value="10.0"/>
    <property name="java.runtime.name" value="Java(TM) SE Runtime Environment"/>
    <property name="file.encoding" value="UTF-8"/>
    <property name="java.vm.name" value="Java HotSpot(TM) 64-Bit Server VM"/>
    <property name="localRepository" value="C:\Users\user\.m2\repository"/>
    <property name="java.vendor.url.bug" value="https://bugreport.java.com/bugreport/"/>
    <property name="java.io.tmpdir" value="C:\Users\user\AppData\Local\Temp\"/>
    <property name="java.version" value="21.0.2"/>
    <property name="user.dir" value="C:\Users\user\Code_generation_LLMs\AutoTestLab\packages\commons-lang3-3.17.0-src"/>
    <property name="os.arch" value="amd64"/>
    <property name="java.vm.specification.name" value="Java Virtual Machine Specification"/>
    <property name="sun.os.patch.level" value=""/>
    <property name="native.encoding" value="Cp1253"/>
    <property name="java.library.path" value="C:\Program Files\Java\jdk-21\bin;C:\WINDOWS\Sun\Java\bin;C:\WINDOWS\system32;C:\WINDOWS;C:\Users\user\miniconda3\envs\myenv;C:\Users\user\miniconda3\envs\myenv\Library\mingw-w64\bin;C:\Users\user\miniconda3\envs\myenv\Library\usr\bin;C:\Users\user\miniconda3\envs\myenv\Library\bin;C:\Users\user\miniconda3\envs\myenv\Scripts;C:\Users\user\miniconda3\envs\myenv\bin;C:\Users\user\AppData\Roaming\Code\User\globalStorage\pleiades.java-extension-pack-jdk\gradle\latest\bin;C:\Users\user\AppData\Roaming\Code\User\globalStorage\pleiades.java-extension-pack-jdk\maven\latest\bin;C:\Program Files\Java\jdk-21\bin;C:\Program Files\NVIDIA\CUDNN\v9.0\bin;C:\Program Files\NVIDIA GPU Computing Toolkit\CUDA\v12.3\bin;C:\Program Files\NVIDIA GPU Computing Toolkit\CUDA\v12.3\libnvvp;C:\Program Files\Common Files\Oracle\Java\javapath;C:\Program Files (x86)\Common Files\Oracle\Java\java8path;C:\Program Files (x86)\Common Files\Oracle\Java\javapath;C:\WINDOWS\system32;C:\WINDOWS;C:\WINDOWS\System32\Wbem;C:\WINDOWS\System32\WindowsPowerShell\v1.0;C:\WINDOWS\System32\OpenSSH;C:\Program Files\Intel\WiFi\bin;C:\Program Files\Common Files\Intel\WirelessCommon;c:\Program Files (x86)\Intel\Intel(R) Management Engine Components\DAL;c:\Program Files\Intel\Intel(R) Management Engine Components\DAL;C:\Users\user\Desktop\Large Scale Data Management;C:\Program Files\Vagrant\bin;C:\Program Files\Git\cmd;C:\Program Files\apache-maven-3.9.6\bin;C:\Program Files\NVIDIA Corporation\Nsight Compute 2023.3.1;C:\Program Files (x86)\NVIDIA Corporation\PhysX\Common;C:\Program Files\NVIDIA Corporation\Installer2;C:\Program Files\nodejs;C:\Users\user\defects4j\framework\bin;C:\Program Files\Java\jdk1.8.0_202\bin;C:\Strawberry\c\bin;C:\Strawberry\perl\site\bin;C:\Strawberry\perl\bin;C:\Users\user\defects4j\framework\bin;C:\Windows\System32;C:\Program Files\TortoiseSVN\bin;C:\Program Files\Java\jdk1.8.0_202\bin;C:\Users\user\miniconda3\envs\ujb;C:\Users\user\miniconda3\envs\ujb\Library\mingw-w64\bin;C:\Users\user\miniconda3\envs\ujb\Library\usr\bin;C:\Users\user\miniconda3\envs\ujb\Library\bin;C:\Users\user\miniconda3\envs\ujb\Scripts;C:\Users\user\miniconda3\envs\ujb\bin;C:\Users\user\miniconda3\condabin;C:\Program Files\NVIDIA\CUDNN\v9.0\bin;C:\Program Files\NVIDIA GPU Computing Toolkit\CUDA\v12.3\bin;C:\Program Files\NVIDIA GPU Computing Toolkit\CUDA\v12.3\libnvvp;C:\Program Files\Common Files\Oracle\Java\javapath;C:\Program Files (x86)\Common Files\Oracle\Java\java8path;C:\Program Files (x86)\Common Files\Oracle\Java\javapath;C:\WINDOWS\system32;C:\WINDOWS;C:\WINDOWS\System32\Wbem;C:\WINDOWS\System32\WindowsPowerShell\v1.0;C:\WINDOWS\System32\OpenSSH;C:\Program Files\Intel\WiFi\bin;C:\Program Files\Common Files\Intel\WirelessCommon;c:\Program Files (x86)\Intel\Intel(R) Management Engine Components\DAL;c:\Program Files\Intel\Intel(R) Management Engine Components\DAL;C:\Users;C:\Users\user\AppData\Local\Programs\Microsoft VS Code\bin;."/>
    <property name="java.vm.info" value="mixed mode, sharing"/>
    <property name="stderr.encoding" value="UTF-8"/>
    <property name="java.vendor" value="Oracle Corporation"/>
    <property name="java.vm.version" value="21.0.2+13-LTS-58"/>
    <property name="sun.io.unicode.encoding" value="UnicodeLittle"/>
    <property name="java.class.version" value="65.0"/>
  </properties>
  <testcase name="testRemoveStartString" classname="org.apache.commons.lang3.StringUtilsTest" time="0.001"/>
  <testcase name="testRemovePattern_StringString" classname="org.apache.commons.lang3.StringUtilsTest" time="0.001"/>
  <testcase name="testJoin_IterableChar" classname="org.apache.commons.lang3.StringUtilsTest" time="0.001"/>
  <testcase name="testRightPad_StringInt" classname="org.apache.commons.lang3.StringUtilsTest" time="0.0"/>
  <testcase name="testToCodePoints" classname="org.apache.commons.lang3.StringUtilsTest" time="0.001"/>
  <testcase name="testJoin_List_CharDelimiter" classname="org.apache.commons.lang3.StringUtilsTest" time="0.0"/>
  <testcase name="testReplaceAll_StringStringString" classname="org.apache.commons.lang3.StringUtilsTest" time="0.001"/>
  <testcase name="testDeleteWhitespace_String" classname="org.apache.commons.lang3.StringUtilsTest" time="0.001"/>
  <testcase name="testRemove_String" classname="org.apache.commons.lang3.StringUtilsTest" time="0.0"/>
  <testcase name="testJoin_ArrayOfShorts" classname="org.apache.commons.lang3.StringUtilsTest" time="0.003"/>
  <testcase name="testJoin_ArrayOfBooleans" classname="org.apache.commons.lang3.StringUtilsTest" time="0.002"/>
  <testcase name="testGetFuzzyDistance" classname="org.apache.commons.lang3.StringUtilsTest" time="0.0"/>
  <testcase name="testGetFuzzyDistance_NullStringLocale" classname="org.apache.commons.lang3.StringUtilsTest" time="0.002"/>
  <testcase name="testDifferenceAt_StringString" classname="org.apache.commons.lang3.StringUtilsTest" time="0.001"/>
  <testcase name="testSplitByCharacterType" classname="org.apache.commons.lang3.StringUtilsTest" time="0.001"/>
  <testcase name="testReplaceIgnoreCase_StringStringStringInt" classname="org.apache.commons.lang3.StringUtilsTest" time="0.001"/>
  <testcase name="testAbbreviate_StringStringIntInt" classname="org.apache.commons.lang3.StringUtilsTest" time="0.002"/>
  <testcase name="testLengthStringBuffer" classname="org.apache.commons.lang3.StringUtilsTest" time="0.001"/>
  <testcase name="testNormalizeSpace" classname="org.apache.commons.lang3.StringUtilsTest" time="0.001"/>
  <testcase name="testJoin_ArrayOfInts" classname="org.apache.commons.lang3.StringUtilsTest" time="0.001"/>
  <testcase name="testDifferenceAt_StringArray" classname="org.apache.commons.lang3.StringUtilsTest" time="0.0"/>
  <testcase name="testRepeat_StringStringInt" classname="org.apache.commons.lang3.StringUtilsTest" time="0.0"/>
  <testcase name="testGetLevenshteinDistance_NullStringInt" classname="org.apache.commons.lang3.StringUtilsTest" time="0.003"/>
  <testcase name="testJoin_List_EmptyDelimiter" classname="org.apache.commons.lang3.StringUtilsTest" time="0.001"/>
  <testcase name="testGetJaroWinklerDistance_NullNull" classname="org.apache.commons.lang3.StringUtilsTest" time="0.001"/>
  <testcase name="testOverlay_StringStringIntInt" classname="org.apache.commons.lang3.StringUtilsTest" time="0.0"/>
  <testcase name="testDefaultIfBlank_StringString" classname="org.apache.commons.lang3.StringUtilsTest" time="0.0"/>
  <testcase name="testPrependIfMissing" classname="org.apache.commons.lang3.StringUtilsTest" time="0.001"/>
  <testcase name="testRemoveFirst_StringString" classname="org.apache.commons.lang3.StringUtilsTest" time="0.001"/>
  <testcase name="testIsAllLowerCase" classname="org.apache.commons.lang3.StringUtilsTest" time="0.002"/>
  <testcase name="testLANG666" classname="org.apache.commons.lang3.StringUtilsTest" time="0.0"/>
  <testcase name="testReverseDelimited_StringChar" classname="org.apache.commons.lang3.StringUtilsTest" time="0.003"/>
  <testcase name="testUnwrap_StringChar" classname="org.apache.commons.lang3.StringUtilsTest" time="0.0"/>
  <testcase name="testEscapeSurrogatePairs" classname="org.apache.commons.lang3.StringUtilsTest" time="0.0"/>
  <testcase name="testWrapIfMissing_StringString" classname="org.apache.commons.lang3.StringUtilsTest" time="0.0"/>
  <testcase name="testChomp" classname="org.apache.commons.lang3.StringUtilsTest" time="0.001"/>
  <testcase name="testEMPTY" classname="org.apache.commons.lang3.StringUtilsTest" time="0.0"/>
  <testcase name="testGetBytes_String" classname="org.apache.commons.lang3.StringUtilsTest" time="0.0"/>
  <testcase name="testChop" classname="org.apache.commons.lang3.StringUtilsTest" time="0.001"/>
  <testcase name="testToString" classname="org.apache.commons.lang3.StringUtilsTest" time="0.002"/>
  <testcase name="testGetJaroWinklerDistance_StringString" classname="org.apache.commons.lang3.StringUtilsTest" time="0.002"/>
  <testcase name="testJoin_IterableString" classname="org.apache.commons.lang3.StringUtilsTest" time="0.001"/>
  <testcase name="testDefaultIfEmpty_CharBuffers" classname="org.apache.commons.lang3.StringUtilsTest" time="0.001"/>
  <testcase name="testSplitPreserveAllTokens_StringString_StringStringInt" classname="org.apache.commons.lang3.StringUtilsTest" time="0.021"/>
  <testcase name="testJoin_ArrayCharSeparator" classname="org.apache.commons.lang3.StringUtilsTest" time="0.001"/>
  <testcase name="testDefaultIfBlank_StringBuffers" classname="org.apache.commons.lang3.StringUtilsTest" time="0.0"/>
  <testcase name="testRemove_char" classname="org.apache.commons.lang3.StringUtilsTest" time="0.0"/>
  <testcase name="testReplaceChars_StringCharChar" classname="org.apache.commons.lang3.StringUtilsTest" time="0.0"/>
  <testcase name="testUnCapitalize" classname="org.apache.commons.lang3.StringUtilsTest" time="0.001"/>
  <testcase name="testLang1593" classname="org.apache.commons.lang3.StringUtilsTest" time="0.0">
    <skipped message="public void org.apache.commons.lang3.StringUtilsTest.testLang1593() is @Disabled"/>
  </testcase>
  <testcase name="testGetIfBlank_StringStringSupplier" classname="org.apache.commons.lang3.StringUtilsTest" time="0.0"/>
  <testcase name="testReplaceIgnoreCase_StringStringString" classname="org.apache.commons.lang3.StringUtilsTest" time="0.001"/>
  <testcase name="testAbbreviateMiddle" classname="org.apache.commons.lang3.StringUtilsTest" time="0.0"/>
  <testcase name="testIsAllUpperCase" classname="org.apache.commons.lang3.StringUtilsTest" time="0.0"/>
  <testcase name="testJoinWith(String)[1]" classname="org.apache.commons.lang3.StringUtilsTest" time="0.001"/>
  <testcase name="testJoinWith(String)[2]" classname="org.apache.commons.lang3.StringUtilsTest" time="0.001"/>
  <testcase name="testJoinWith(String)[3]" classname="org.apache.commons.lang3.StringUtilsTest" time="0.002"/>
  <testcase name="testJoinWith(String)[4]" classname="org.apache.commons.lang3.StringUtilsTest" time="0.001"/>
  <testcase name="testRemoveEndIgnoreCase" classname="org.apache.commons.lang3.StringUtilsTest" time="0.001"/>
  <testcase name="testAppendIfMissingIgnoreCase" classname="org.apache.commons.lang3.StringUtilsTest" time="0.0"/>
  <testcase name="testWrap_StringString" classname="org.apache.commons.lang3.StringUtilsTest" time="0.0"/>
  <testcase name="testToEncodedString" classname="org.apache.commons.lang3.StringUtilsTest" time="0.0"/>
  <testcase name="testCenter_StringIntChar" classname="org.apache.commons.lang3.StringUtilsTest" time="0.0"/>
  <testcase name="testDefaultIfEmpty_StringBuffers" classname="org.apache.commons.lang3.StringUtilsTest" time="0.001"/>
  <testcase name="testReplaceChars_StringStringString" classname="org.apache.commons.lang3.StringUtilsTest" time="0.0"/>
  <testcase name="testGetLevenshteinDistance_StringNullInt" classname="org.apache.commons.lang3.StringUtilsTest" time="0.001"/>
  <testcase name="testLeftPad_StringIntString" classname="org.apache.commons.lang3.StringUtilsTest" time="0.0"/>
  <testcase name="testLang623" classname="org.apache.commons.lang3.StringUtilsTest" time="0.0"/>
  <testcase name="testAppendIfMissing" classname="org.apache.commons.lang3.StringUtilsTest" time="0.001"/>
  <testcase name="testSplitPreserveAllTokens_StringChar" classname="org.apache.commons.lang3.StringUtilsTest" time="0.0"/>
  <testcase name="testToRootLowerCase" classname="org.apache.commons.lang3.StringUtilsTest" time="0.01"/>
  <testcase name="testGetLevenshteinDistance_StringStringInt" classname="org.apache.commons.lang3.StringUtilsTest" time="0.001"/>
  <testcase name="testDefaultIfEmpty_StringString" classname="org.apache.commons.lang3.StringUtilsTest" time="0.001"/>
  <testcase name="testUnescapeSurrogatePairs" classname="org.apache.commons.lang3.StringUtilsTest" time="0.001"/>
  <testcase name="testRemoveStartChar" classname="org.apache.commons.lang3.StringUtilsTest" time="0.0"/>
  <testcase name="testGetJaroWinklerDistance_NullString" classname="org.apache.commons.lang3.StringUtilsTest" time="0.001"/>
  <testcase name="testCenter_StringInt" classname="org.apache.commons.lang3.StringUtilsTest" time="0.0"/>
  <testcase name="testLength_CharBuffer" classname="org.apache.commons.lang3.StringUtilsTest" time="0.0"/>
  <testcase name="testGetCommonPrefix_StringArray" classname="org.apache.commons.lang3.StringUtilsTest" time="0.0"/>
  <testcase name="testSplit_String" classname="org.apache.commons.lang3.StringUtilsTest" time="0.0"/>
  <testcase name="testLengthString" classname="org.apache.commons.lang3.StringUtilsTest" time="0.0"/>
  <testcase name="testSplitByWholeSeparatorPreserveAllTokens_StringString" classname="org.apache.commons.lang3.StringUtilsTest" time="0.001"/>
  <testcase name="testDefault_String" classname="org.apache.commons.lang3.StringUtilsTest" time="0.0"/>
  <testcase name="testGetBytes_Charset" classname="org.apache.commons.lang3.StringUtilsTest" time="0.0"/>
  <testcase name="testJoinWithThrowsException" classname="org.apache.commons.lang3.StringUtilsTest" time="0.001"/>
  <testcase name="testLeftPad_StringIntChar" classname="org.apache.commons.lang3.StringUtilsTest" time="0.003"/>
  <testcase name="testReplaceFirst_StringStringString" classname="org.apache.commons.lang3.StringUtilsTest" time="0.001"/>
  <testcase name="testRepeat_StringInt" classname="org.apache.commons.lang3.StringUtilsTest" time="0.002"/>
  <testcase name="testLowerCase" classname="org.apache.commons.lang3.StringUtilsTest" time="0.001"/>
  <testcase name="testAbbreviate_StringInt" classname="org.apache.commons.lang3.StringUtilsTest" time="0.001"/>
  <testcase name="testDefaultIfBlank_StringBuilders" classname="org.apache.commons.lang3.StringUtilsTest" time="0.001"/>
  <testcase name="testAbbreviateMarkerWithEmptyString" classname="org.apache.commons.lang3.StringUtilsTest" time="0.0"/>
  <testcase name="testDefault_StringString" classname="org.apache.commons.lang3.StringUtilsTest" time="0.0"/>
  <testcase name="testGetLevenshteinDistance_NullString" classname="org.apache.commons.lang3.StringUtilsTest" time="0.001"/>
  <testcase name="testLengthStringBuilder" classname="org.apache.commons.lang3.StringUtilsTest" time="0.0"/>
  <testcase name="testGeorgianSample" classname="org.apache.commons.lang3.StringUtilsTest" time="0.001"/>
  <testcase name="testJoin_IteratorString" classname="org.apache.commons.lang3.StringUtilsTest" time="0.0"/>
  <testcase name="testGetFuzzyDistance_NullNullNull" classname="org.apache.commons.lang3.StringUtilsTest" time="0.001"/>
  <testcase name="testGetLevenshteinDistance_StringStringNegativeInt" classname="org.apache.commons.lang3.StringUtilsTest" time="0.001"/>
  <testcase name="testWrapIfMissing_StringChar" classname="org.apache.commons.lang3.StringUtilsTest" time="0.0"/>
  <testcase name="testToRootUpperCase" classname="org.apache.commons.lang3.StringUtilsTest" time="0.001"/>
  <testcase name="testRemoveIgnoreCase_String" classname="org.apache.commons.lang3.StringUtilsTest" time="0.001"/>
  <testcase name="testRemoveAll_StringString" classname="org.apache.commons.lang3.StringUtilsTest" time="0.001"/>
  <testcase name="testRightPad_StringIntChar" classname="org.apache.commons.lang3.StringUtilsTest" time="0.002"/>
  <testcase name="testGetJaroWinklerDistance_StringNull" classname="org.apache.commons.lang3.StringUtilsTest" time="0.001"/>
  <testcase name="testJoin_ArrayOfDoubles" classname="org.apache.commons.lang3.StringUtilsTest" time="0.001"/>
  <testcase name="testJoin_ArrayString_NonEmptyDelimiter(String)[1]" classname="org.apache.commons.lang3.StringUtilsTest" time="0.001"/>
  <testcase name="testJoin_ArrayString_NonEmptyDelimiter(String)[2]" classname="org.apache.commons.lang3.StringUtilsTest" time="0.001"/>
  <testcase name="testJoin_ArrayString_NonEmptyDelimiter(String)[3]" classname="org.apache.commons.lang3.StringUtilsTest" time="0.002"/>
  <testcase name="testJoin_ArrayString_NonEmptyDelimiter(String)[4]" classname="org.apache.commons.lang3.StringUtilsTest" time="0.0"/>
  <testcase name="testGetLevenshteinDistance_StringString" classname="org.apache.commons.lang3.StringUtilsTest" time="0.001"/>
  <testcase name="testJoin_Objectarray" classname="org.apache.commons.lang3.StringUtilsTest" time="0.001"/>
  <testcase name="testRotate_StringInt" classname="org.apache.commons.lang3.StringUtilsTest" time="0.001"/>
  <testcase name="testReplacePattern_StringStringString" classname="org.apache.commons.lang3.StringUtilsTest" time="0.0"/>
  <testcase name="testGetIfEmpty_StringStringSupplier" classname="org.apache.commons.lang3.StringUtilsTest" time="0.002"/>
  <testcase name="testUpperCase" classname="org.apache.commons.lang3.StringUtilsTest" time="0.001"/>
  <testcase name="testAbbreviate_StringIntInt" classname="org.apache.commons.lang3.StringUtilsTest" time="0.001"/>
  <testcase name="testReplace_StringStringArrayStringArray" classname="org.apache.commons.lang3.StringUtilsTest" time="0.001"/>
  <testcase name="testGetFuzzyDistance_StringNullLoclae" classname="org.apache.commons.lang3.StringUtilsTest" time="0.001"/>
  <testcase name="testEscapeSurrogatePairsLang858" classname="org.apache.commons.lang3.StringUtilsTest" time="0.001"/>
  <testcase name="testSplitPreserveAllTokens_String" classname="org.apache.commons.lang3.StringUtilsTest" time="0.0"/>
  <testcase name="testReplaceOnce_StringStringString" classname="org.apache.commons.lang3.StringUtilsTest" time="0.0"/>
  <testcase name="testStringUtilsCharSequenceContract" classname="org.apache.commons.lang3.StringUtilsTest" time="0.002"/>
  <testcase name="testGetDigits" classname="org.apache.commons.lang3.StringUtilsTest" time="0.001"/>
  <testcase name="testJoin_List_NonEmptyDelimiter(String)[1]" classname="org.apache.commons.lang3.StringUtilsTest" time="0.001"/>
  <testcase name="testJoin_List_NonEmptyDelimiter(String)[2]" classname="org.apache.commons.lang3.StringUtilsTest" time="0.0"/>
  <testcase name="testJoin_List_NonEmptyDelimiter(String)[3]" classname="org.apache.commons.lang3.StringUtilsTest" time="0.0"/>
  <testcase name="testJoin_List_NonEmptyDelimiter(String)[4]" classname="org.apache.commons.lang3.StringUtilsTest" time="0.001"/>
  <testcase name="testGetLevenshteinDistance_StringNull" classname="org.apache.commons.lang3.StringUtilsTest" time="0.001"/>
  <testcase name="testJoin_IteratorChar" classname="org.apache.commons.lang3.StringUtilsTest" time="0.0"/>
  <testcase name="testReverse_String" classname="org.apache.commons.lang3.StringUtilsTest" time="0.0"/>
  <testcase name="testReplace_StringStringString" classname="org.apache.commons.lang3.StringUtilsTest" time="0.001"/>
  <testcase name="testSplitByWholeSeparatorPreserveAllTokens_StringStringInt" classname="org.apache.commons.lang3.StringUtilsTest" time="0.001"/>
  <testcase name="testAbbreviate_StringStringInt" classname="org.apache.commons.lang3.StringUtilsTest" time="0.001"/>
  <testcase name="testSplitByWholeString_StringStringBooleanInt" classname="org.apache.commons.lang3.StringUtilsTest" time="0.0"/>
  <testcase name="testSplitByWholeString_StringStringBoolean" classname="org.apache.commons.lang3.StringUtilsTest" time="0.0"/>
  <testcase name="testDefaultIfEmpty_StringBuilders" classname="org.apache.commons.lang3.StringUtilsTest" time="0.0"/>
  <testcase name="testDifference_StringString" classname="org.apache.commons.lang3.StringUtilsTest" time="0.0"/>
  <testcase name="testTruncate_StringInt" classname="org.apache.commons.lang3.StringUtilsTest" time="0.001"/>
  <testcase name="testLeftPad_StringInt" classname="org.apache.commons.lang3.StringUtilsTest" time="0.0"/>
  <testcase name="testDefaultIfBlank_CharBuffers" classname="org.apache.commons.lang3.StringUtilsTest" time="0.001"/>
  <testcase name="testPrependIfMissingIgnoreCase" classname="org.apache.commons.lang3.StringUtilsTest" time="0.001"/>
  <testcase name="testTruncate_StringIntInt" classname="org.apache.commons.lang3.StringUtilsTest" time="0.004"/>
  <testcase name="testReplaceOnceIgnoreCase_StringStringString" classname="org.apache.commons.lang3.StringUtilsTest" time="0.0"/>
  <testcase name="testReplace_StringStringArrayStringArrayBoolean" classname="org.apache.commons.lang3.StringUtilsTest" time="0.001"/>
  <testcase name="testIsMixedCase" classname="org.apache.commons.lang3.StringUtilsTest" time="0.0"/>
  <testcase name="testSplit_StringChar" classname="org.apache.commons.lang3.StringUtilsTest" time="0.001"/>
  <testcase name="testRepeat_CharInt" classname="org.apache.commons.lang3.StringUtilsTest" time="0.0"/>
  <testcase name="testRightPad_StringIntString" classname="org.apache.commons.lang3.StringUtilsTest" time="0.001"/>
  <testcase name="testSwapCase_String" classname="org.apache.commons.lang3.StringUtilsTest" time="0.003"/>
  <testcase name="testJoin_ArrayString_EmptyDelimiter" classname="org.apache.commons.lang3.StringUtilsTest" time="0.001"/>
  <testcase name="testWrap_StringChar" classname="org.apache.commons.lang3.StringUtilsTest" time="0.0"/>
  <testcase name="testRemoveStartIgnoreCase" classname="org.apache.commons.lang3.StringUtilsTest" time="0.001"/>
  <testcase name="testCapitalize" classname="org.apache.commons.lang3.StringUtilsTest" time="0.0"/>
  <testcase name="testSplit_StringString_StringStringInt" classname="org.apache.commons.lang3.StringUtilsTest" time="0.011"/>
  <testcase name="testJoin_ArrayOfBytes" classname="org.apache.commons.lang3.StringUtilsTest" time="0.001"/>
  <testcase name="testJoin_ArrayOfChars" classname="org.apache.commons.lang3.StringUtilsTest" time="0.0"/>
  <testcase name="testJoin_ArrayOfLongs" classname="org.apache.commons.lang3.StringUtilsTest" time="0.0"/>
  <testcase name="testUnwrap_StringString" classname="org.apache.commons.lang3.StringUtilsTest" time="0.0"/>
  <testcase name="testJoin_Objects" classname="org.apache.commons.lang3.StringUtilsTest" time="0.0"/>
  <testcase name="testGetFuzzyDistance_StringStringNull" classname="org.apache.commons.lang3.StringUtilsTest" time="0.001"/>
  <testcase name="testRemoveEnd" classname="org.apache.commons.lang3.StringUtilsTest" time="0.001"/>
  <testcase name="testReCapitalize" classname="org.apache.commons.lang3.StringUtilsTest" time="0.0"/>
  <testcase name="testJoin_ArrayOfFloats" classname="org.apache.commons.lang3.StringUtilsTest" time="0.001"/>
  <testcase name="testCenter_StringIntString" classname="org.apache.commons.lang3.StringUtilsTest" time="0.001"/>
  <testcase name="testConstructor" classname="org.apache.commons.lang3.StringUtilsTest" time="0.0"/>
  <testcase name="testSplitByCharacterTypeCamelCase" classname="org.apache.commons.lang3.StringUtilsTest" time="0.0"/>
  <testcase name="testReplace_StringStringStringInt" classname="org.apache.commons.lang3.StringUtilsTest" time="0.001"/>
</testsuite>