<?xml version="1.0" encoding="UTF-8"?>
<testsuite xmlns:xsi="http://www.w3.org/2001/XMLSchema-instance" xsi:noNamespaceSchemaLocation="https://maven.apache.org/surefire/maven-surefire-plugin/xsd/surefire-test-report.xsd" version="3.0.2" name="org.apache.commons.lang3.function.FailableFunctionsTest" time="0.413" tests="163" errors="0" skipped="0" failures="0">
  <properties>
    <property name="java.specification.version" value="21"/>
    <property name="sun.cpu.isalist" value="amd64"/>
    <property name="sun.jnu.encoding" value="Cp1253"/>
    <property name="java.class.path" value="C:\Users\user\Code_generation_LLMs\AutoTestLab\packages\commons-lang3-3.17.0-src\target\test-classes;C:\Users\user\Code_generation_LLMs\AutoTestLab\packages\commons-lang3-3.17.0-src\target\classes;C:\Users\user\.m2\repository\org\junit\jupiter\junit-jupiter\5.11.0\junit-jupiter-5.11.0.jar;C:\Users\user\.m2\repository\org\junit\jupiter\junit-jupiter-api\5.11.0\junit-jupiter-api-5.11.0.jar;C:\Users\user\.m2\repository\org\opentest4j\opentest4j\1.3.0\opentest4j-1.3.0.jar;C:\Users\user\.m2\repository\org\junit\platform\junit-platform-commons\1.11.0\junit-platform-commons-1.11.0.jar;C:\Users\user\.m2\repository\org\apiguardian\apiguardian-api\1.1.2\apiguardian-api-1.1.2.jar;C:\Users\user\.m2\repository\org\junit\jupiter\junit-jupiter-params\5.11.0\junit-jupiter-params-5.11.0.jar;C:\Users\user\.m2\repository\org\junit\jupiter\junit-jupiter-engine\5.11.0\junit-jupiter-engine-5.11.0.jar;C:\Users\user\.m2\repository\org\junit\platform\junit-platform-engine\1.11.0\junit-platform-engine-1.11.0.jar;C:\Users\user\.m2\repository\org\junit-pioneer\junit-pioneer\1.9.1\junit-pioneer-1.9.1.jar;C:\Users\user\.m2\repository\org\junit\platform\junit-platform-launcher\1.11.0\junit-platform-launcher-1.11.0.jar;C:\Users\user\.m2\repository\org\hamcrest\hamcrest\3.0\hamcrest-3.0.jar;C:\Users\user\.m2\repository\org\easymock\easymock\5.4.0\easymock-5.4.0.jar;C:\Users\user\.m2\repository\net\bytebuddy\byte-buddy\1.14.18\byte-buddy-1.14.18.jar;C:\Users\user\.m2\repository\org\ow2\asm\asm\9.7\asm-9.7.jar;C:\Users\user\.m2\repository\org\objenesis\objenesis\3.4\objenesis-3.4.jar;C:\Users\user\.m2\repository\org\apache\commons\commons-text\1.12.0\commons-text-1.12.0.jar;C:\Users\user\.m2\repository\org\apache\commons\commons-lang3\3.14.0\commons-lang3-3.14.0.jar;C:\Users\user\.m2\repository\org\openjdk\jmh\jmh-core\1.37\jmh-core-1.37.jar;C:\Users\user\.m2\repository\net\sf\jopt-simple\jopt-simple\5.0.4\jopt-simple-5.0.4.jar;C:\Users\user\.m2\repository\org\apache\commons\commons-math3\3.6.1\commons-math3-3.6.1.jar;C:\Users\user\.m2\repository\org\openjdk\jmh\jmh-generator-annprocess\1.37\jmh-generator-annprocess-1.37.jar;C:\Users\user\.m2\repository\com\google\code\findbugs\jsr305\3.0.2\jsr305-3.0.2.jar;"/>
    <property name="java.vm.vendor" value="Oracle Corporation"/>
    <property name="sun.arch.data.model" value="64"/>
    <property name="user.variant" value=""/>
    <property name="java.vendor.url" value="https://java.oracle.com/"/>
    <property name="user.timezone" value="Europe/Athens"/>
    <property name="os.name" value="Windows 10"/>
    <property name="java.vm.specification.version" value="21"/>
    <property name="sun.java.launcher" value="SUN_STANDARD"/>
    <property name="user.country" value="GR"/>
    <property name="sun.boot.library.path" value="C:\Program Files\Java\jdk-21\bin"/>
    <property name="sun.java.command" value="C:\Users\user\AppData\Local\Temp\surefire16562866153069575988\surefirebooter-20241011161714472_3.jar C:\Users\user\AppData\Local\Temp\surefire16562866153069575988 2024-10-11T16-17-14_121-jvmRun1 surefire-20241011161714472_1tmp surefire_0-20241011161714472_2tmp"/>
    <property name="jdk.debug" value="release"/>
    <property name="surefire.test.class.path" value="C:\Users\user\Code_generation_LLMs\AutoTestLab\packages\commons-lang3-3.17.0-src\target\test-classes;C:\Users\user\Code_generation_LLMs\AutoTestLab\packages\commons-lang3-3.17.0-src\target\classes;C:\Users\user\.m2\repository\org\junit\jupiter\junit-jupiter\5.11.0\junit-jupiter-5.11.0.jar;C:\Users\user\.m2\repository\org\junit\jupiter\junit-jupiter-api\5.11.0\junit-jupiter-api-5.11.0.jar;C:\Users\user\.m2\repository\org\opentest4j\opentest4j\1.3.0\opentest4j-1.3.0.jar;C:\Users\user\.m2\repository\org\junit\platform\junit-platform-commons\1.11.0\junit-platform-commons-1.11.0.jar;C:\Users\user\.m2\repository\org\apiguardian\apiguardian-api\1.1.2\apiguardian-api-1.1.2.jar;C:\Users\user\.m2\repository\org\junit\jupiter\junit-jupiter-params\5.11.0\junit-jupiter-params-5.11.0.jar;C:\Users\user\.m2\repository\org\junit\jupiter\junit-jupiter-engine\5.11.0\junit-jupiter-engine-5.11.0.jar;C:\Users\user\.m2\repository\org\junit\platform\junit-platform-engine\1.11.0\junit-platform-engine-1.11.0.jar;C:\Users\user\.m2\repository\org\junit-pioneer\junit-pioneer\1.9.1\junit-pioneer-1.9.1.jar;C:\Users\user\.m2\repository\org\junit\platform\junit-platform-launcher\1.11.0\junit-platform-launcher-1.11.0.jar;C:\Users\user\.m2\repository\org\hamcrest\hamcrest\3.0\hamcrest-3.0.jar;C:\Users\user\.m2\repository\org\easymock\easymock\5.4.0\easymock-5.4.0.jar;C:\Users\user\.m2\repository\net\bytebuddy\byte-buddy\1.14.18\byte-buddy-1.14.18.jar;C:\Users\user\.m2\repository\org\ow2\asm\asm\9.7\asm-9.7.jar;C:\Users\user\.m2\repository\org\objenesis\objenesis\3.4\objenesis-3.4.jar;C:\Users\user\.m2\repository\org\apache\commons\commons-text\1.12.0\commons-text-1.12.0.jar;C:\Users\user\.m2\repository\org\apache\commons\commons-lang3\3.14.0\commons-lang3-3.14.0.jar;C:\Users\user\.m2\repository\org\openjdk\jmh\jmh-core\1.37\jmh-core-1.37.jar;C:\Users\user\.m2\repository\net\sf\jopt-simple\jopt-simple\5.0.4\jopt-simple-5.0.4.jar;C:\Users\user\.m2\repository\org\apache\commons\commons-math3\3.6.1\commons-math3-3.6.1.jar;C:\Users\user\.m2\repository\org\openjdk\jmh\jmh-generator-annprocess\1.37\jmh-generator-annprocess-1.37.jar;C:\Users\user\.m2\repository\com\google\code\findbugs\jsr305\3.0.2\jsr305-3.0.2.jar;"/>
    <property name="sun.cpu.endian" value="little"/>
    <property name="user.home" value="C:\Users\user"/>
    <property name="user.language" value="el"/>
    <property name="java.specification.vendor" value="Oracle Corporation"/>
    <property name="java.version.date" value="2024-01-16"/>
    <property name="java.home" value="C:\Program Files\Java\jdk-21"/>
    <property name="file.separator" value="\"/>
    <property name="basedir" value="C:\Users\user\Code_generation_LLMs\AutoTestLab\packages\commons-lang3-3.17.0-src"/>
    <property name="java.vm.compressedOopsMode" value="32-bit"/>
    <property name="line.separator" value="&#10;"/>
    <property name="java.vm.specification.vendor" value="Oracle Corporation"/>
    <property name="java.specification.name" value="Java Platform API Specification"/>
    <property name="surefire.real.class.path" value="C:\Users\user\AppData\Local\Temp\surefire16562866153069575988\surefirebooter-20241011161714472_3.jar"/>
    <property name="user.script" value=""/>
    <property name="sun.management.compiler" value="HotSpot 64-Bit Tiered Compilers"/>
    <property name="java.runtime.version" value="21.0.2+13-LTS-58"/>
    <property name="user.name" value="user"/>
    <property name="stdout.encoding" value="UTF-8"/>
    <property name="path.separator" value=";"/>
    <property name="os.version" value="10.0"/>
    <property name="java.runtime.name" value="Java(TM) SE Runtime Environment"/>
    <property name="file.encoding" value="UTF-8"/>
    <property name="java.vm.name" value="Java HotSpot(TM) 64-Bit Server VM"/>
    <property name="localRepository" value="C:\Users\user\.m2\repository"/>
    <property name="java.vendor.url.bug" value="https://bugreport.java.com/bugreport/"/>
    <property name="java.io.tmpdir" value="C:\Users\user\AppData\Local\Temp\"/>
    <property name="java.version" value="21.0.2"/>
    <property name="user.dir" value="C:\Users\user\Code_generation_LLMs\AutoTestLab\packages\commons-lang3-3.17.0-src"/>
    <property name="os.arch" value="amd64"/>
    <property name="java.vm.specification.name" value="Java Virtual Machine Specification"/>
    <property name="sun.os.patch.level" value=""/>
    <property name="native.encoding" value="Cp1253"/>
    <property name="java.library.path" value="C:\Program Files\Java\jdk-21\bin;C:\WINDOWS\Sun\Java\bin;C:\WINDOWS\system32;C:\WINDOWS;C:\Users\user\miniconda3\envs\myenv;C:\Users\user\miniconda3\envs\myenv\Library\mingw-w64\bin;C:\Users\user\miniconda3\envs\myenv\Library\usr\bin;C:\Users\user\miniconda3\envs\myenv\Library\bin;C:\Users\user\miniconda3\envs\myenv\Scripts;C:\Users\user\miniconda3\envs\myenv\bin;C:\Users\user\AppData\Roaming\Code\User\globalStorage\pleiades.java-extension-pack-jdk\gradle\latest\bin;C:\Users\user\AppData\Roaming\Code\User\globalStorage\pleiades.java-extension-pack-jdk\maven\latest\bin;C:\Program Files\Java\jdk-21\bin;C:\Program Files\NVIDIA\CUDNN\v9.0\bin;C:\Program Files\NVIDIA GPU Computing Toolkit\CUDA\v12.3\bin;C:\Program Files\NVIDIA GPU Computing Toolkit\CUDA\v12.3\libnvvp;C:\Program Files\Common Files\Oracle\Java\javapath;C:\Program Files (x86)\Common Files\Oracle\Java\java8path;C:\Program Files (x86)\Common Files\Oracle\Java\javapath;C:\WINDOWS\system32;C:\WINDOWS;C:\WINDOWS\System32\Wbem;C:\WINDOWS\System32\WindowsPowerShell\v1.0;C:\WINDOWS\System32\OpenSSH;C:\Program Files\Intel\WiFi\bin;C:\Program Files\Common Files\Intel\WirelessCommon;c:\Program Files (x86)\Intel\Intel(R) Management Engine Components\DAL;c:\Program Files\Intel\Intel(R) Management Engine Components\DAL;C:\Users\user\Desktop\Large Scale Data Management;C:\Program Files\Vagrant\bin;C:\Program Files\Git\cmd;C:\Program Files\apache-maven-3.9.6\bin;C:\Program Files\NVIDIA Corporation\Nsight Compute 2023.3.1;C:\Program Files (x86)\NVIDIA Corporation\PhysX\Common;C:\Program Files\NVIDIA Corporation\Installer2;C:\Program Files\nodejs;C:\Users\user\defects4j\framework\bin;C:\Program Files\Java\jdk1.8.0_202\bin;C:\Strawberry\c\bin;C:\Strawberry\perl\site\bin;C:\Strawberry\perl\bin;C:\Users\user\defects4j\framework\bin;C:\Windows\System32;C:\Program Files\TortoiseSVN\bin;C:\Program Files\Java\jdk1.8.0_202\bin;C:\Users\user\miniconda3\envs\ujb;C:\Users\user\miniconda3\envs\ujb\Library\mingw-w64\bin;C:\Users\user\miniconda3\envs\ujb\Library\usr\bin;C:\Users\user\miniconda3\envs\ujb\Library\bin;C:\Users\user\miniconda3\envs\ujb\Scripts;C:\Users\user\miniconda3\envs\ujb\bin;C:\Users\user\miniconda3\condabin;C:\Program Files\NVIDIA\CUDNN\v9.0\bin;C:\Program Files\NVIDIA GPU Computing Toolkit\CUDA\v12.3\bin;C:\Program Files\NVIDIA GPU Computing Toolkit\CUDA\v12.3\libnvvp;C:\Program Files\Common Files\Oracle\Java\javapath;C:\Program Files (x86)\Common Files\Oracle\Java\java8path;C:\Program Files (x86)\Common Files\Oracle\Java\javapath;C:\WINDOWS\system32;C:\WINDOWS;C:\WINDOWS\System32\Wbem;C:\WINDOWS\System32\WindowsPowerShell\v1.0;C:\WINDOWS\System32\OpenSSH;C:\Program Files\Intel\WiFi\bin;C:\Program Files\Common Files\Intel\WirelessCommon;c:\Program Files (x86)\Intel\Intel(R) Management Engine Components\DAL;c:\Program Files\Intel\Intel(R) Management Engine Components\DAL;C:\Users;C:\Users\user\AppData\Local\Programs\Microsoft VS Code\bin;."/>
    <property name="java.vm.info" value="mixed mode, sharing"/>
    <property name="stderr.encoding" value="UTF-8"/>
    <property name="java.vendor" value="Oracle Corporation"/>
    <property name="java.vm.version" value="21.0.2+13-LTS-58"/>
    <property name="sun.io.unicode.encoding" value="UnicodeLittle"/>
    <property name="java.class.version" value="65.0"/>
  </properties>
  <testcase name="testThrows_FailableIntToDoubleFunction_Throwable" classname="org.apache.commons.lang3.function.FailableFunctionsTest" time="0.006"/>
  <testcase name="testFunctionFunction" classname="org.apache.commons.lang3.function.FailableFunctionsTest" time="0.001"/>
  <testcase name="testFailableDoubleToIntFunctionNop" classname="org.apache.commons.lang3.function.FailableFunctionsTest" time="0.003"/>
  <testcase name="testFailableToIntFunctionNop" classname="org.apache.commons.lang3.function.FailableFunctionsTest" time="0.006"/>
  <testcase name="testThrows_FailableToIntBiFunction_String_IOException" classname="org.apache.commons.lang3.function.FailableFunctionsTest" time="0.007"/>
  <testcase name="testThrows_FailableDoubleFunction_IOException" classname="org.apache.commons.lang3.function.FailableFunctionsTest" time="0.008"/>
  <testcase name="testThrows_FailableRunnable_Throwable" classname="org.apache.commons.lang3.function.FailableFunctionsTest" time="0.01"/>
  <testcase name="testLongUnaryOperatorAndThen" classname="org.apache.commons.lang3.function.FailableFunctionsTest" time="0.02"/>
  <testcase name="testThrows_FailableConsumer_Object_Throwable" classname="org.apache.commons.lang3.function.FailableFunctionsTest" time="0.002"/>
  <testcase name="testThrows_FailableDoubleToIntFunction_Throwable" classname="org.apache.commons.lang3.function.FailableFunctionsTest" time="0.002"/>
  <testcase name="testAcceptDoubleConsumer" classname="org.apache.commons.lang3.function.FailableFunctionsTest" time="0.014"/>
  <testcase name="testGetAsIntSupplier" classname="org.apache.commons.lang3.function.FailableFunctionsTest" time="0.004"/>
  <testcase name="testDoubleUnaryOperatorIdentity" classname="org.apache.commons.lang3.function.FailableFunctionsTest" time="0.005"/>
  <testcase name="testThrows_FailableToIntFunction_Object_Throwable" classname="org.apache.commons.lang3.function.FailableFunctionsTest" time="0.002"/>
  <testcase name="testIntUnaryOperatorCompose" classname="org.apache.commons.lang3.function.FailableFunctionsTest" time="0.002"/>
  <testcase name="testFailableIntToLongFunctionNop" classname="org.apache.commons.lang3.function.FailableFunctionsTest" time="0.002"/>
  <testcase name="testThrows_FailableDoubleToIntFunction_IOException" classname="org.apache.commons.lang3.function.FailableFunctionsTest" time="0.001"/>
  <testcase name="testThrows_FailableLongConsumer_IOException" classname="org.apache.commons.lang3.function.FailableFunctionsTest" time="0.002"/>
  <testcase name="testConsumerAndThen" classname="org.apache.commons.lang3.function.FailableFunctionsTest" time="0.004"/>
  <testcase name="testGetAsShortSupplier" classname="org.apache.commons.lang3.function.FailableFunctionsTest" time="0.003"/>
  <testcase name="testThrows_FailableDoubleBinaryOperator_IOException" classname="org.apache.commons.lang3.function.FailableFunctionsTest" time="0.002"/>
  <testcase name="testFailableBiFunctionNop" classname="org.apache.commons.lang3.function.FailableFunctionsTest" time="0.001"/>
  <testcase name="testDoublePredicateNegate" classname="org.apache.commons.lang3.function.FailableFunctionsTest" time="0.002"/>
  <testcase name="testAsSupplier" classname="org.apache.commons.lang3.function.FailableFunctionsTest" time="0.001"/>
  <testcase name="testThrows_FailableIntBinaryOperator_Throwable" classname="org.apache.commons.lang3.function.FailableFunctionsTest" time="0.006"/>
  <testcase name="testFailableConsumerNop" classname="org.apache.commons.lang3.function.FailableFunctionsTest" time="0.001"/>
  <testcase name="testLongPredicateAnd" classname="org.apache.commons.lang3.function.FailableFunctionsTest" time="0.002"/>
  <testcase name="testThrows_FailableSupplier_Object_Throwable" classname="org.apache.commons.lang3.function.FailableFunctionsTest" time="0.001"/>
  <testcase name="testFunctionCompose" classname="org.apache.commons.lang3.function.FailableFunctionsTest" time="0.001"/>
  <testcase name="testThrows_FailableDoubleToLongFunction_IOException" classname="org.apache.commons.lang3.function.FailableFunctionsTest" time="0.005"/>
  <testcase name="testTryWithResources" classname="org.apache.commons.lang3.function.FailableFunctionsTest" time="0.005"/>
  <testcase name="testThrows_FailablePredicate_Object_Throwable" classname="org.apache.commons.lang3.function.FailableFunctionsTest" time="0.002"/>
  <testcase name="testBiPredicateOr" classname="org.apache.commons.lang3.function.FailableFunctionsTest" time="0.004"/>
  <testcase name="testThrows_FailableObjDoubleConsumer_Object_Throwable" classname="org.apache.commons.lang3.function.FailableFunctionsTest" time="0.002"/>
  <testcase name="testIntPredicateAnd" classname="org.apache.commons.lang3.function.FailableFunctionsTest" time="0.002"/>
  <testcase name="testThrows_FailableLongToDoubleFunction_IOException" classname="org.apache.commons.lang3.function.FailableFunctionsTest" time="0.003"/>
  <testcase name="testLongUnaryOperatorIdentity" classname="org.apache.commons.lang3.function.FailableFunctionsTest" time="0.002"/>
  <testcase name="testThrows_FailableCallable_String_IOException" classname="org.apache.commons.lang3.function.FailableFunctionsTest" time="0.003"/>
  <testcase name="testThrows_FailableBiPredicate_String_IOException" classname="org.apache.commons.lang3.function.FailableFunctionsTest" time="0.001"/>
  <testcase name="testFailableToDoubleFunctionNop" classname="org.apache.commons.lang3.function.FailableFunctionsTest" time="0.003"/>
  <testcase name="testThrows_FailableSupplier_String_IOException" classname="org.apache.commons.lang3.function.FailableFunctionsTest" time="0.002"/>
  <testcase name="testThrows_FailableShortSupplier_IOException" classname="org.apache.commons.lang3.function.FailableFunctionsTest" time="0.002"/>
  <testcase name="testThrows_FailableConsumer_String_IOException" classname="org.apache.commons.lang3.function.FailableFunctionsTest" time="0.002"/>
  <testcase name="testThrows_FailableBooleanSupplier_Throwable" classname="org.apache.commons.lang3.function.FailableFunctionsTest" time="0.002"/>
  <testcase name="testBiPredicateAnd" classname="org.apache.commons.lang3.function.FailableFunctionsTest" time="0.001"/>
  <testcase name="testDoublePredicateOr" classname="org.apache.commons.lang3.function.FailableFunctionsTest" time="0.002"/>
  <testcase name="testFailableLongFunctionNop" classname="org.apache.commons.lang3.function.FailableFunctionsTest" time="0.002"/>
  <testcase name="testThrows_FailableObjLongConsumer_Object_Throwable" classname="org.apache.commons.lang3.function.FailableFunctionsTest" time="0.002"/>
  <testcase name="testThrows_FailableDoubleSupplier_IOException" classname="org.apache.commons.lang3.function.FailableFunctionsTest" time="0.002"/>
  <testcase name="testThrows_FailableLongToIntFunction_Throwable" classname="org.apache.commons.lang3.function.FailableFunctionsTest" time="0.002"/>
  <testcase name="testThrows_FailableBiConsumer_Object_Throwable" classname="org.apache.commons.lang3.function.FailableFunctionsTest" time="0.001"/>
  <testcase name="testThrows_FailableRunnable_IOException" classname="org.apache.commons.lang3.function.FailableFunctionsTest" time="0.001"/>
  <testcase name="testApplyFunction" classname="org.apache.commons.lang3.function.FailableFunctionsTest" time="0.002"/>
  <testcase name="testThrows_FailableIntConsumer_Throwable" classname="org.apache.commons.lang3.function.FailableFunctionsTest" time="0.002"/>
  <testcase name="testLongPredicate" classname="org.apache.commons.lang3.function.FailableFunctionsTest" time="0.001"/>
  <testcase name="testThrows_FailableLongToIntFunction_IOException" classname="org.apache.commons.lang3.function.FailableFunctionsTest" time="0.002"/>
  <testcase name="testFailableLongToIntFunctionNop" classname="org.apache.commons.lang3.function.FailableFunctionsTest" time="0.001"/>
  <testcase name="testBiPredicateNegate" classname="org.apache.commons.lang3.function.FailableFunctionsTest" time="0.001"/>
  <testcase name="testThrows_FailableIntSupplier_IOException" classname="org.apache.commons.lang3.function.FailableFunctionsTest" time="0.002"/>
  <testcase name="testPredicate" classname="org.apache.commons.lang3.function.FailableFunctionsTest" time="0.002"/>
  <testcase name="testThrows_FailableLongFunction_Throwable" classname="org.apache.commons.lang3.function.FailableFunctionsTest" time="0.001"/>
  <testcase name="testThrows_FailableObjDoubleConsumer_String_IOException" classname="org.apache.commons.lang3.function.FailableFunctionsTest" time="0.001"/>
  <testcase name="testApplyDoubleBinaryOperator" classname="org.apache.commons.lang3.function.FailableFunctionsTest" time="0.002"/>
  <testcase name="testThrows_FailableFunction_Object_Throwable" classname="org.apache.commons.lang3.function.FailableFunctionsTest" time="0.001"/>
  <testcase name="testAcceptObjIntConsumer" classname="org.apache.commons.lang3.function.FailableFunctionsTest" time="0.003"/>
  <testcase name="testThrows_FailableToDoubleBiFunction_String_IOException" classname="org.apache.commons.lang3.function.FailableFunctionsTest" time="0.003"/>
  <testcase name="testAsConsumer" classname="org.apache.commons.lang3.function.FailableFunctionsTest" time="0.002"/>
  <testcase name="testThrows_FailableLongFunction_IOException" classname="org.apache.commons.lang3.function.FailableFunctionsTest" time="0.002"/>
  <testcase name="testThrows_FailableBiFunction_String_IOException" classname="org.apache.commons.lang3.function.FailableFunctionsTest" time="0.002"/>
  <testcase name="testFailableObjDoubleConsumerNop" classname="org.apache.commons.lang3.function.FailableFunctionsTest" time="0.001"/>
  <testcase name="testBiFunctionAndThen" classname="org.apache.commons.lang3.function.FailableFunctionsTest" time="0.003"/>
  <testcase name="testFailableObjIntConsumerNop" classname="org.apache.commons.lang3.function.FailableFunctionsTest" time="0.004"/>
  <testcase name="testThrows_FailableLongConsumer_Throwable" classname="org.apache.commons.lang3.function.FailableFunctionsTest" time="0.002"/>
  <testcase name="testThrows_FailableIntFunction_Object_Throwable" classname="org.apache.commons.lang3.function.FailableFunctionsTest" time="0.003"/>
  <testcase name="testApplyBiFunction" classname="org.apache.commons.lang3.function.FailableFunctionsTest" time="0.002"/>
  <testcase name="testThrows_FailableDoubleFunction_Throwable" classname="org.apache.commons.lang3.function.FailableFunctionsTest" time="0.001"/>
  <testcase name="testAcceptBiConsumer" classname="org.apache.commons.lang3.function.FailableFunctionsTest" time="0.002"/>
  <testcase name="testThrows_FailableIntFunction_String_IOException" classname="org.apache.commons.lang3.function.FailableFunctionsTest" time="0.001"/>
  <testcase name="testPredicateAnd" classname="org.apache.commons.lang3.function.FailableFunctionsTest" time="0.001"/>
  <testcase name="testGetSupplier" classname="org.apache.commons.lang3.function.FailableFunctionsTest" time="0.001"/>
  <testcase name="testLongUnaryOperatorCompose" classname="org.apache.commons.lang3.function.FailableFunctionsTest" time="0.002"/>
  <testcase name="testThrows_FailableToDoubleBiFunction_Object_Throwable" classname="org.apache.commons.lang3.function.FailableFunctionsTest" time="0.001"/>
  <testcase name="testAsCallable" classname="org.apache.commons.lang3.function.FailableFunctionsTest" time="0.002"/>
  <testcase name="testDoublePredicateAnd" classname="org.apache.commons.lang3.function.FailableFunctionsTest" time="0.001"/>
  <testcase name="testThrows_FailableDoubleConsumer_Throwable" classname="org.apache.commons.lang3.function.FailableFunctionsTest" time="0.001"/>
  <testcase name="testLongPredicateNegate" classname="org.apache.commons.lang3.function.FailableFunctionsTest" time="0.001"/>
  <testcase name="testFailableObjLongConsumerNop" classname="org.apache.commons.lang3.function.FailableFunctionsTest" time="0.001"/>
  <testcase name="testFailableToIntBiFunctionNop" classname="org.apache.commons.lang3.function.FailableFunctionsTest" time="0.001"/>
  <testcase name="testThrows_FailableToDoubleFunction_String_IOException" classname="org.apache.commons.lang3.function.FailableFunctionsTest" time="0.001"/>
  <testcase name="testThrows_FailableIntSupplier_Throwable" classname="org.apache.commons.lang3.function.FailableFunctionsTest" time="0.001"/>
  <testcase name="testIntUnaryOperatorIdentity" classname="org.apache.commons.lang3.function.FailableFunctionsTest" time="0.001"/>
  <testcase name="testBiConsumer" classname="org.apache.commons.lang3.function.FailableFunctionsTest" time="0.002"/>
  <testcase name="testThrows_FailableDoubleToLongFunction_Throwable" classname="org.apache.commons.lang3.function.FailableFunctionsTest" time="0.002"/>
  <testcase name="testDoubleConsumerAndThen" classname="org.apache.commons.lang3.function.FailableFunctionsTest" time="0.002"/>
  <testcase name="testIntPredicateNegate" classname="org.apache.commons.lang3.function.FailableFunctionsTest" time="0.001"/>
  <testcase name="testThrows_FailablePredicate_String_IOException" classname="org.apache.commons.lang3.function.FailableFunctionsTest" time="0.002"/>
  <testcase name="testDoubleUnaryOperatorAndThen" classname="org.apache.commons.lang3.function.FailableFunctionsTest" time="0.002"/>
  <testcase name="testThrows_FailableToLongFunction_Object_Throwable" classname="org.apache.commons.lang3.function.FailableFunctionsTest" time="0.002"/>
  <testcase name="testThrows_FailableToIntBiFunction_Object_Throwable" classname="org.apache.commons.lang3.function.FailableFunctionsTest" time="0.001"/>
  <testcase name="testIntPredicateOr" classname="org.apache.commons.lang3.function.FailableFunctionsTest" time="0.001"/>
  <testcase name="testThrows_FailableObjIntConsumer_String_IOException" classname="org.apache.commons.lang3.function.FailableFunctionsTest" time="0.001"/>
  <testcase name="testThrows_FailableLongBinaryOperator_Throwable" classname="org.apache.commons.lang3.function.FailableFunctionsTest" time="0.003"/>
  <testcase name="testThrows_FailableBiFunction_Object_Throwable" classname="org.apache.commons.lang3.function.FailableFunctionsTest" time="0.002"/>
  <testcase name="testFailableLongToDoubleFunctionNop" classname="org.apache.commons.lang3.function.FailableFunctionsTest" time="0.002"/>
  <testcase name="testCallable" classname="org.apache.commons.lang3.function.FailableFunctionsTest" time="0.001"/>
  <testcase name="testThrows_FailableToIntFunction_String_IOException" classname="org.apache.commons.lang3.function.FailableFunctionsTest" time="0.001"/>
  <testcase name="testThrows_FailableLongSupplier_Throwable" classname="org.apache.commons.lang3.function.FailableFunctionsTest" time="0.002"/>
  <testcase name="testThrows_FailableLongSupplier_IOException" classname="org.apache.commons.lang3.function.FailableFunctionsTest" time="0.001"/>
  <testcase name="testLongPredicateOr" classname="org.apache.commons.lang3.function.FailableFunctionsTest" time="0.001"/>
  <testcase name="testIntUnaryOperatorAndThen" classname="org.apache.commons.lang3.function.FailableFunctionsTest" time="0.001"/>
  <testcase name="testFunctionIdentity" classname="org.apache.commons.lang3.function.FailableFunctionsTest" time="0.001"/>
  <testcase name="testPredicateNegate" classname="org.apache.commons.lang3.function.FailableFunctionsTest" time="0.001"/>
  <testcase name="testThrows_FailableFunction_String_IOException" classname="org.apache.commons.lang3.function.FailableFunctionsTest" time="0.002"/>
  <testcase name="testFailableToLongBiFunctionNop" classname="org.apache.commons.lang3.function.FailableFunctionsTest" time="0.003"/>
  <testcase name="testAcceptConsumer" classname="org.apache.commons.lang3.function.FailableFunctionsTest" time="0.003"/>
  <testcase name="testBiPredicate" classname="org.apache.commons.lang3.function.FailableFunctionsTest" time="0.002"/>
  <testcase name="testThrows_FailableCallable_Object_Throwable" classname="org.apache.commons.lang3.function.FailableFunctionsTest" time="0.002"/>
  <testcase name="testAcceptLongConsumer" classname="org.apache.commons.lang3.function.FailableFunctionsTest" time="0.003"/>
  <testcase name="testThrows_FailableDoubleSupplier_Throwable" classname="org.apache.commons.lang3.function.FailableFunctionsTest" time="0.001"/>
  <testcase name="testGetAsDoubleSupplier" classname="org.apache.commons.lang3.function.FailableFunctionsTest" time="0.002"/>
  <testcase name="testThrows_FailableBiPredicate_Object_Throwable" classname="org.apache.commons.lang3.function.FailableFunctionsTest" time="0.002"/>
  <testcase name="testAsRunnable" classname="org.apache.commons.lang3.function.FailableFunctionsTest" time="0.001"/>
  <testcase name="testThrows_FailableDoubleConsumer_IOException" classname="org.apache.commons.lang3.function.FailableFunctionsTest" time="0.002"/>
  <testcase name="testIntPredicate" classname="org.apache.commons.lang3.function.FailableFunctionsTest" time="0.001"/>
  <testcase name="testGetAsLongSupplier" classname="org.apache.commons.lang3.function.FailableFunctionsTest" time="0.002"/>
  <testcase name="testPredicateOr" classname="org.apache.commons.lang3.function.FailableFunctionsTest" time="0.002"/>
  <testcase name="testFunctionAndThen" classname="org.apache.commons.lang3.function.FailableFunctionsTest" time="0.002"/>
  <testcase name="testFailableDoubleFunctionNop" classname="org.apache.commons.lang3.function.FailableFunctionsTest" time="0.001"/>
  <testcase name="testAcceptObjDoubleConsumer" classname="org.apache.commons.lang3.function.FailableFunctionsTest" time="0.003"/>
  <testcase name="testThrows_FailableLongBinaryOperator_IOException" classname="org.apache.commons.lang3.function.FailableFunctionsTest" time="0.001"/>
  <testcase name="testBiConsumerAndThen" classname="org.apache.commons.lang3.function.FailableFunctionsTest" time="0.002"/>
  <testcase name="testGetAsBooleanSupplier" classname="org.apache.commons.lang3.function.FailableFunctionsTest" time="0.002"/>
  <testcase name="testFailableDoubleToLongFunctionNop" classname="org.apache.commons.lang3.function.FailableFunctionsTest" time="0.001"/>
  <testcase name="testAcceptObjLongConsumer" classname="org.apache.commons.lang3.function.FailableFunctionsTest" time="0.003"/>
  <testcase name="testThrows_FailableBooleanSupplier_IOException" classname="org.apache.commons.lang3.function.FailableFunctionsTest" time="0.002"/>
  <testcase name="testThrows_FailableToLongBiFunction_Object_Throwable" classname="org.apache.commons.lang3.function.FailableFunctionsTest" time="0.002"/>
  <testcase name="testThrows_FailableIntConsumer_IOException" classname="org.apache.commons.lang3.function.FailableFunctionsTest" time="0.002"/>
  <testcase name="testFailableToLongFunctionNop" classname="org.apache.commons.lang3.function.FailableFunctionsTest" time="0.002"/>
  <testcase name="testDoublePredicate" classname="org.apache.commons.lang3.function.FailableFunctionsTest" time="0.001"/>
  <testcase name="testThrows_FailableShortSupplier_Throwable" classname="org.apache.commons.lang3.function.FailableFunctionsTest" time="0.002"/>
  <testcase name="testThrows_FailableToLongFunction_String_IOException" classname="org.apache.commons.lang3.function.FailableFunctionsTest" time="0.002"/>
  <testcase name="testThrows_FailableDoubleBinaryOperator_Throwable" classname="org.apache.commons.lang3.function.FailableFunctionsTest" time="0.002"/>
  <testcase name="testThrows_FailableLongToDoubleFunction_Throwable" classname="org.apache.commons.lang3.function.FailableFunctionsTest" time="0.0"/>
  <testcase name="testThrows_FailableIntToLongFunction_Throwable" classname="org.apache.commons.lang3.function.FailableFunctionsTest" time="0.001"/>
  <testcase name="testRunnable" classname="org.apache.commons.lang3.function.FailableFunctionsTest" time="0.001"/>
  <testcase name="testThrows_FailableToLongBiFunction_String_IOException" classname="org.apache.commons.lang3.function.FailableFunctionsTest" time="0.002"/>
  <testcase name="testGetFromSupplier" classname="org.apache.commons.lang3.function.FailableFunctionsTest" time="0.001"/>
  <testcase name="testThrows_FailableIntToDoubleFunction_IOException" classname="org.apache.commons.lang3.function.FailableFunctionsTest" time="0.001"/>
  <testcase name="testLongConsumerAndThen" classname="org.apache.commons.lang3.function.FailableFunctionsTest" time="0.001"/>
  <testcase name="testThrows_FailableToDoubleFunction_Object_Throwable" classname="org.apache.commons.lang3.function.FailableFunctionsTest" time="0.002"/>
  <testcase name="testFailableIntFunctionNop" classname="org.apache.commons.lang3.function.FailableFunctionsTest" time="0.0"/>
  <testcase name="testThrows_FailableIntBinaryOperator_IOException" classname="org.apache.commons.lang3.function.FailableFunctionsTest" time="0.001"/>
  <testcase name="testThrows_FailableBiConsumer_String_IOException" classname="org.apache.commons.lang3.function.FailableFunctionsTest" time="0.002"/>
  <testcase name="testAcceptIntConsumer" classname="org.apache.commons.lang3.function.FailableFunctionsTest" time="0.001"/>
  <testcase name="testFailableToDoubleBiFunctionNop" classname="org.apache.commons.lang3.function.FailableFunctionsTest" time="0.002"/>
  <testcase name="testThrows_FailableObjLongConsumer_String_IOException" classname="org.apache.commons.lang3.function.FailableFunctionsTest" time="0.001"/>
  <testcase name="testThrows_FailableIntToLongFunction_IOException" classname="org.apache.commons.lang3.function.FailableFunctionsTest" time="0.002"/>
  <testcase name="testThrows_FailableObjIntConsumer_Object_Throwable" classname="org.apache.commons.lang3.function.FailableFunctionsTest" time="0.002"/>
  <testcase name="testFailableIntToDoubleFunctionNop" classname="org.apache.commons.lang3.function.FailableFunctionsTest" time="0.001"/>
  <testcase name="testFunction" classname="org.apache.commons.lang3.function.FailableFunctionsTest" time="0.001"/>
  <testcase name="testIntConsumerAndThen" classname="org.apache.commons.lang3.function.FailableFunctionsTest" time="0.001"/>
  <testcase name="testDoubleUnaryOperatorCompose" classname="org.apache.commons.lang3.function.FailableFunctionsTest" time="0.001"/>
  <testcase name="testBiFunction" classname="org.apache.commons.lang3.function.FailableFunctionsTest" time="0.001"/>
</testsuite>