<?xml version="1.0" encoding="UTF-8"?>
<testsuite xmlns:xsi="http://www.w3.org/2001/XMLSchema-instance" xsi:noNamespaceSchemaLocation="https://maven.apache.org/surefire/maven-surefire-plugin/xsd/surefire-test-report.xsd" version="3.0.2" name="org.apache.commons.cli.TypeHandlerTest" time="0.231" tests="63" errors="3" skipped="0" failures="0">
  <properties>
    <property name="java.specification.version" value="21"/>
    <property name="sun.cpu.isalist" value="amd64"/>
    <property name="sun.jnu.encoding" value="Cp1253"/>
    <property name="java.class.path" value="C:\Users\user\Code_generation_LLMs\AutoTestLab\packages\commons-cli-1.9.0-src\target\test-classes;C:\Users\user\Code_generation_LLMs\AutoTestLab\packages\commons-cli-1.9.0-src\target\classes;C:\Users\user\.m2\repository\org\junit\jupiter\junit-jupiter-api\5.11.0-M2\junit-jupiter-api-5.11.0-M2.jar;C:\Users\user\.m2\repository\org\opentest4j\opentest4j\1.3.0\opentest4j-1.3.0.jar;C:\Users\user\.m2\repository\org\junit\platform\junit-platform-commons\1.11.0-M2\junit-platform-commons-1.11.0-M2.jar;C:\Users\user\.m2\repository\org\apiguardian\apiguardian-api\1.1.2\apiguardian-api-1.1.2.jar;C:\Users\user\.m2\repository\org\junit\jupiter\junit-jupiter-engine\5.11.0-M2\junit-jupiter-engine-5.11.0-M2.jar;C:\Users\user\.m2\repository\org\junit\platform\junit-platform-engine\1.11.0-M2\junit-platform-engine-1.11.0-M2.jar;C:\Users\user\.m2\repository\org\junit\jupiter\junit-jupiter-params\5.11.0-M2\junit-jupiter-params-5.11.0-M2.jar;C:\Users\user\.m2\repository\commons-io\commons-io\2.16.1\commons-io-2.16.1.jar;C:\Users\user\.m2\repository\org\mockito\mockito-core\4.11.0\mockito-core-4.11.0.jar;C:\Users\user\.m2\repository\net\bytebuddy\byte-buddy\1.12.19\byte-buddy-1.12.19.jar;C:\Users\user\.m2\repository\net\bytebuddy\byte-buddy-agent\1.12.19\byte-buddy-agent-1.12.19.jar;C:\Users\user\.m2\repository\org\objenesis\objenesis\3.3\objenesis-3.3.jar;"/>
    <property name="java.vm.vendor" value="Oracle Corporation"/>
    <property name="sun.arch.data.model" value="64"/>
    <property name="user.variant" value=""/>
    <property name="java.vendor.url" value="https://java.oracle.com/"/>
    <property name="user.timezone" value="Europe/Athens"/>
    <property name="os.name" value="Windows 10"/>
    <property name="java.vm.specification.version" value="21"/>
    <property name="sun.java.launcher" value="SUN_STANDARD"/>
    <property name="user.country" value="GR"/>
    <property name="sun.boot.library.path" value="C:\Program Files\Java\jdk-21\bin"/>
    <property name="sun.java.command" value="C:\Users\user\AppData\Local\Temp\surefire8225395681020882044\surefirebooter-20241011172124915_3.jar C:\Users\user\AppData\Local\Temp\surefire8225395681020882044 2024-10-11T17-21-24_285-jvmRun1 surefire-20241011172124915_1tmp surefire_0-20241011172124915_2tmp"/>
    <property name="jdk.debug" value="release"/>
    <property name="surefire.test.class.path" value="C:\Users\user\Code_generation_LLMs\AutoTestLab\packages\commons-cli-1.9.0-src\target\test-classes;C:\Users\user\Code_generation_LLMs\AutoTestLab\packages\commons-cli-1.9.0-src\target\classes;C:\Users\user\.m2\repository\org\junit\jupiter\junit-jupiter-api\5.11.0-M2\junit-jupiter-api-5.11.0-M2.jar;C:\Users\user\.m2\repository\org\opentest4j\opentest4j\1.3.0\opentest4j-1.3.0.jar;C:\Users\user\.m2\repository\org\junit\platform\junit-platform-commons\1.11.0-M2\junit-platform-commons-1.11.0-M2.jar;C:\Users\user\.m2\repository\org\apiguardian\apiguardian-api\1.1.2\apiguardian-api-1.1.2.jar;C:\Users\user\.m2\repository\org\junit\jupiter\junit-jupiter-engine\5.11.0-M2\junit-jupiter-engine-5.11.0-M2.jar;C:\Users\user\.m2\repository\org\junit\platform\junit-platform-engine\1.11.0-M2\junit-platform-engine-1.11.0-M2.jar;C:\Users\user\.m2\repository\org\junit\jupiter\junit-jupiter-params\5.11.0-M2\junit-jupiter-params-5.11.0-M2.jar;C:\Users\user\.m2\repository\commons-io\commons-io\2.16.1\commons-io-2.16.1.jar;C:\Users\user\.m2\repository\org\mockito\mockito-core\4.11.0\mockito-core-4.11.0.jar;C:\Users\user\.m2\repository\net\bytebuddy\byte-buddy\1.12.19\byte-buddy-1.12.19.jar;C:\Users\user\.m2\repository\net\bytebuddy\byte-buddy-agent\1.12.19\byte-buddy-agent-1.12.19.jar;C:\Users\user\.m2\repository\org\objenesis\objenesis\3.3\objenesis-3.3.jar;"/>
    <property name="sun.cpu.endian" value="little"/>
    <property name="user.home" value="C:\Users\user"/>
    <property name="user.language" value="el"/>
    <property name="java.specification.vendor" value="Oracle Corporation"/>
    <property name="java.version.date" value="2024-01-16"/>
    <property name="java.home" value="C:\Program Files\Java\jdk-21"/>
    <property name="file.separator" value="\"/>
    <property name="basedir" value="C:\Users\user\Code_generation_LLMs\AutoTestLab\packages\commons-cli-1.9.0-src"/>
    <property name="java.vm.compressedOopsMode" value="32-bit"/>
    <property name="line.separator" value="&#10;"/>
    <property name="java.vm.specification.vendor" value="Oracle Corporation"/>
    <property name="java.specification.name" value="Java Platform API Specification"/>
    <property name="surefire.real.class.path" value="C:\Users\user\AppData\Local\Temp\surefire8225395681020882044\surefirebooter-20241011172124915_3.jar"/>
    <property name="user.script" value=""/>
    <property name="sun.management.compiler" value="HotSpot 64-Bit Tiered Compilers"/>
    <property name="java.runtime.version" value="21.0.2+13-LTS-58"/>
    <property name="user.name" value="user"/>
    <property name="stdout.encoding" value="UTF-8"/>
    <property name="path.separator" value=";"/>
    <property name="os.version" value="10.0"/>
    <property name="java.runtime.name" value="Java(TM) SE Runtime Environment"/>
    <property name="file.encoding" value="UTF-8"/>
    <property name="java.vm.name" value="Java HotSpot(TM) 64-Bit Server VM"/>
    <property name="localRepository" value="C:\Users\user\.m2\repository"/>
    <property name="java.vendor.url.bug" value="https://bugreport.java.com/bugreport/"/>
    <property name="java.io.tmpdir" value="C:\Users\user\AppData\Local\Temp\"/>
    <property name="java.version" value="21.0.2"/>
    <property name="user.dir" value="C:\Users\user\Code_generation_LLMs\AutoTestLab\packages\commons-cli-1.9.0-src"/>
    <property name="os.arch" value="amd64"/>
    <property name="java.vm.specification.name" value="Java Virtual Machine Specification"/>
    <property name="sun.os.patch.level" value=""/>
    <property name="native.encoding" value="Cp1253"/>
    <property name="java.library.path" value="C:\Program Files\Java\jdk-21\bin;C:\WINDOWS\Sun\Java\bin;C:\WINDOWS\system32;C:\WINDOWS;C:\Users\user\miniconda3\envs\myenv;C:\Users\user\miniconda3\envs\myenv\Library\mingw-w64\bin;C:\Users\user\miniconda3\envs\myenv\Library\usr\bin;C:\Users\user\miniconda3\envs\myenv\Library\bin;C:\Users\user\miniconda3\envs\myenv\Scripts;C:\Users\user\miniconda3\envs\myenv\bin;C:\Users\user\AppData\Roaming\Code\User\globalStorage\pleiades.java-extension-pack-jdk\gradle\latest\bin;C:\Users\user\AppData\Roaming\Code\User\globalStorage\pleiades.java-extension-pack-jdk\maven\latest\bin;C:\Program Files\Java\jdk-21\bin;C:\Program Files\NVIDIA\CUDNN\v9.0\bin;C:\Program Files\NVIDIA GPU Computing Toolkit\CUDA\v12.3\bin;C:\Program Files\NVIDIA GPU Computing Toolkit\CUDA\v12.3\libnvvp;C:\Program Files\Common Files\Oracle\Java\javapath;C:\Program Files (x86)\Common Files\Oracle\Java\java8path;C:\Program Files (x86)\Common Files\Oracle\Java\javapath;C:\WINDOWS\system32;C:\WINDOWS;C:\WINDOWS\System32\Wbem;C:\WINDOWS\System32\WindowsPowerShell\v1.0;C:\WINDOWS\System32\OpenSSH;C:\Program Files\Intel\WiFi\bin;C:\Program Files\Common Files\Intel\WirelessCommon;c:\Program Files (x86)\Intel\Intel(R) Management Engine Components\DAL;c:\Program Files\Intel\Intel(R) Management Engine Components\DAL;C:\Users\user\Desktop\Large Scale Data Management;C:\Program Files\Vagrant\bin;C:\Program Files\Git\cmd;C:\Program Files\apache-maven-3.9.6\bin;C:\Program Files\NVIDIA Corporation\Nsight Compute 2023.3.1;C:\Program Files (x86)\NVIDIA Corporation\PhysX\Common;C:\Program Files\NVIDIA Corporation\Installer2;C:\Program Files\nodejs;C:\Users\user\defects4j\framework\bin;C:\Program Files\Java\jdk1.8.0_202\bin;C:\Strawberry\c\bin;C:\Strawberry\perl\site\bin;C:\Strawberry\perl\bin;C:\Users\user\defects4j\framework\bin;C:\Windows\System32;C:\Program Files\TortoiseSVN\bin;C:\Program Files\Java\jdk1.8.0_202\bin;C:\Users\user\miniconda3\envs\ujb;C:\Users\user\miniconda3\envs\ujb\Library\mingw-w64\bin;C:\Users\user\miniconda3\envs\ujb\Library\usr\bin;C:\Users\user\miniconda3\envs\ujb\Library\bin;C:\Users\user\miniconda3\envs\ujb\Scripts;C:\Users\user\miniconda3\envs\ujb\bin;C:\Users\user\miniconda3\condabin;C:\Program Files\NVIDIA\CUDNN\v9.0\bin;C:\Program Files\NVIDIA GPU Computing Toolkit\CUDA\v12.3\bin;C:\Program Files\NVIDIA GPU Computing Toolkit\CUDA\v12.3\libnvvp;C:\Program Files\Common Files\Oracle\Java\javapath;C:\Program Files (x86)\Common Files\Oracle\Java\java8path;C:\Program Files (x86)\Common Files\Oracle\Java\javapath;C:\WINDOWS\system32;C:\WINDOWS;C:\WINDOWS\System32\Wbem;C:\WINDOWS\System32\WindowsPowerShell\v1.0;C:\WINDOWS\System32\OpenSSH;C:\Program Files\Intel\WiFi\bin;C:\Program Files\Common Files\Intel\WirelessCommon;c:\Program Files (x86)\Intel\Intel(R) Management Engine Components\DAL;c:\Program Files\Intel\Intel(R) Management Engine Components\DAL;C:\Users;C:\Users\user\AppData\Local\Programs\Microsoft VS Code\bin;."/>
    <property name="java.vm.info" value="mixed mode, sharing"/>
    <property name="stderr.encoding" value="UTF-8"/>
    <property name="java.vendor" value="Oracle Corporation"/>
    <property name="java.vm.version" value="21.0.2+13-LTS-58"/>
    <property name="sun.io.unicode.encoding" value="UnicodeLittle"/>
    <property name="java.class.version" value="65.0"/>
  </properties>
  <testcase name="testCreateNumber" classname="org.apache.commons.cli.TypeHandlerTest" time="0.01"/>
  <testcase name="testCreateObject" classname="org.apache.commons.cli.TypeHandlerTest" time="0.001"/>
  <testcase name="testCreateClass" classname="org.apache.commons.cli.TypeHandlerTest" time="0.001"/>
  <testcase name="testCreateFiles" classname="org.apache.commons.cli.TypeHandlerTest" time="0.001"/>
  <testcase name="testCreateValue(String, Class, Object)[1]" classname="org.apache.commons.cli.TypeHandlerTest" time="0.012"/>
  <testcase name="testCreateValue(String, Class, Object)[2]" classname="org.apache.commons.cli.TypeHandlerTest" time="0.002"/>
  <testcase name="testCreateValue(String, Class, Object)[3]" classname="org.apache.commons.cli.TypeHandlerTest" time="0.002"/>
  <testcase name="testCreateValue(String, Class, Object)[4]" classname="org.apache.commons.cli.TypeHandlerTest" time="0.004"/>
  <testcase name="testCreateValue(String, Class, Object)[5]" classname="org.apache.commons.cli.TypeHandlerTest" time="0.015"/>
  <testcase name="testCreateValue(String, Class, Object)[6]" classname="org.apache.commons.cli.TypeHandlerTest" time="0.001"/>
  <testcase name="testCreateValue(String, Class, Object)[7]" classname="org.apache.commons.cli.TypeHandlerTest" time="0.001"/>
  <testcase name="testCreateValue(String, Class, Object)[8]" classname="org.apache.commons.cli.TypeHandlerTest" time="0.002"/>
  <testcase name="testCreateValue(String, Class, Object)[9]" classname="org.apache.commons.cli.TypeHandlerTest" time="0.001"/>
  <testcase name="testCreateValue(String, Class, Object)[10]" classname="org.apache.commons.cli.TypeHandlerTest" time="0.0"/>
  <testcase name="testCreateValue(String, Class, Object)[11]" classname="org.apache.commons.cli.TypeHandlerTest" time="0.0"/>
  <testcase name="testCreateValue(String, Class, Object)[12]" classname="org.apache.commons.cli.TypeHandlerTest" time="0.002"/>
  <testcase name="testCreateValue(String, Class, Object)[13]" classname="org.apache.commons.cli.TypeHandlerTest" time="0.001"/>
  <testcase name="testCreateValue(String, Class, Object)[14]" classname="org.apache.commons.cli.TypeHandlerTest" time="0.001"/>
  <testcase name="testCreateValue(String, Class, Object)[15]" classname="org.apache.commons.cli.TypeHandlerTest" time="0.001"/>
  <testcase name="testCreateValue(String, Class, Object)[16]" classname="org.apache.commons.cli.TypeHandlerTest" time="0.003"/>
  <testcase name="testCreateValue(String, Class, Object)[17]" classname="org.apache.commons.cli.TypeHandlerTest" time="0.001"/>
  <testcase name="testCreateValue(String, Class, Object)[18]" classname="org.apache.commons.cli.TypeHandlerTest" time="0.0"/>
  <testcase name="testCreateValue(String, Class, Object)[19]" classname="org.apache.commons.cli.TypeHandlerTest" time="0.001"/>
  <testcase name="testCreateValue(String, Class, Object)[20]" classname="org.apache.commons.cli.TypeHandlerTest" time="0.001"/>
  <testcase name="testCreateValue(String, Class, Object)[21]" classname="org.apache.commons.cli.TypeHandlerTest" time="0.0"/>
  <testcase name="testCreateValue(String, Class, Object)[22]" classname="org.apache.commons.cli.TypeHandlerTest" time="0.0"/>
  <testcase name="testCreateValue(String, Class, Object)[23]" classname="org.apache.commons.cli.TypeHandlerTest" time="0.001"/>
  <testcase name="testCreateValue(String, Class, Object)[24]" classname="org.apache.commons.cli.TypeHandlerTest" time="0.002"/>
  <testcase name="testCreateValue(String, Class, Object)[25]" classname="org.apache.commons.cli.TypeHandlerTest" time="0.001"/>
  <testcase name="testCreateValue(String, Class, Object)[26]" classname="org.apache.commons.cli.TypeHandlerTest" time="0.001"/>
  <testcase name="testCreateValue(String, Class, Object)[27]" classname="org.apache.commons.cli.TypeHandlerTest" time="0.001"/>
  <testcase name="testCreateValue(String, Class, Object)[28]" classname="org.apache.commons.cli.TypeHandlerTest" time="0.0"/>
  <testcase name="testCreateValue(String, Class, Object)[29]" classname="org.apache.commons.cli.TypeHandlerTest" time="0.001"/>
  <testcase name="testCreateValue(String, Class, Object)[30]" classname="org.apache.commons.cli.TypeHandlerTest" time="0.001"/>
  <testcase name="testCreateValue(String, Class, Object)[31]" classname="org.apache.commons.cli.TypeHandlerTest" time="0.001"/>
  <testcase name="testCreateValue(String, Class, Object)[32]" classname="org.apache.commons.cli.TypeHandlerTest" time="0.001"/>
  <testcase name="testCreateValue(String, Class, Object)[33]" classname="org.apache.commons.cli.TypeHandlerTest" time="0.001"/>
  <testcase name="testCreateValue(String, Class, Object)[34]" classname="org.apache.commons.cli.TypeHandlerTest" time="0.001"/>
  <testcase name="testCreateValue(String, Class, Object)[35]" classname="org.apache.commons.cli.TypeHandlerTest" time="0.001"/>
  <testcase name="testCreateValue(String, Class, Object)[36]" classname="org.apache.commons.cli.TypeHandlerTest" time="0.001"/>
  <testcase name="testCreateValue(String, Class, Object)[37]" classname="org.apache.commons.cli.TypeHandlerTest" time="0.001"/>
  <testcase name="testCreateValue(String, Class, Object)[38]" classname="org.apache.commons.cli.TypeHandlerTest" time="0.001"/>
  <testcase name="testCreateValue(String, Class, Object)[39]" classname="org.apache.commons.cli.TypeHandlerTest" time="0.0"/>
  <testcase name="testCreateValue(String, Class, Object)[40]" classname="org.apache.commons.cli.TypeHandlerTest" time="0.001"/>
  <testcase name="testCreateValue(String, Class, Object)[41]" classname="org.apache.commons.cli.TypeHandlerTest" time="0.001"/>
  <testcase name="testCreateValue(String, Class, Object)[42]" classname="org.apache.commons.cli.TypeHandlerTest" time="0.0"/>
  <testcase name="testCreateValue(String, Class, Object)[43]" classname="org.apache.commons.cli.TypeHandlerTest" time="0.001"/>
  <testcase name="testCreateValue(String, Class, Object)[44]" classname="org.apache.commons.cli.TypeHandlerTest" time="0.003"/>
  <testcase name="testCreateValue(String, Class, Object)[45]" classname="org.apache.commons.cli.TypeHandlerTest" time="0.001"/>
  <testcase name="testCreateValue(String, Class, Object)[46]" classname="org.apache.commons.cli.TypeHandlerTest" time="0.001"/>
  <testcase name="testCreateValue(String, Class, Object)[47]" classname="org.apache.commons.cli.TypeHandlerTest" time="0.001"/>
  <testcase name="testCreateValue(String, Class, Object)[48]" classname="org.apache.commons.cli.TypeHandlerTest" time="0.0"/>
  <testcase name="testCreateValue(String, Class, Object)[49]" classname="org.apache.commons.cli.TypeHandlerTest" time="0.001"/>
  <testcase name="testCreateValue(String, Class, Object)[50]" classname="org.apache.commons.cli.TypeHandlerTest" time="0.001"/>
  <testcase name="testRegister" classname="org.apache.commons.cli.TypeHandlerTest" time="0.0"/>
  <testcase name="testOpenFile" classname="org.apache.commons.cli.TypeHandlerTest" time="0.023"/>
  <testcase name="testCreateValueExistingFile" classname="org.apache.commons.cli.TypeHandlerTest" time="0.001"/>
  <testcase name="testCreateDate(Date)[1]" classname="org.apache.commons.cli.TypeHandlerTest" time="0.013">
    <error message="org.apache.commons.cli.ParseException: java.text.ParseException: Unparseable date: &quot;Thu Jan 01 02:00:00 EET 1970&quot;" type="java.lang.IllegalArgumentException"><![CDATA[java.lang.IllegalArgumentException: org.apache.commons.cli.ParseException: java.text.ParseException: Unparseable date: "Thu Jan 01 02:00:00 EET 1970"
	at org.apache.commons.cli.TypeHandler.createValueUnchecked(TypeHandler.java:193)
	at org.apache.commons.cli.TypeHandler.createDate(TypeHandler.java:71)
	at org.apache.commons.cli.TypeHandlerTest.testCreateDate(TypeHandlerTest.java:180)
	at java.base/java.lang.reflect.Method.invoke(Method.java:580)
	at java.base/java.util.stream.ForEachOps$ForEachOp$OfRef.accept(ForEachOps.java:184)
	at java.base/java.util.stream.ReferencePipeline$3$1.accept(ReferencePipeline.java:197)
	at java.base/java.util.stream.ReferencePipeline$2$1.accept(ReferencePipeline.java:179)
	at java.base/java.util.stream.ReferencePipeline$3$1.accept(ReferencePipeline.java:197)
	at java.base/java.util.stream.ForEachOps$ForEachOp$OfRef.accept(ForEachOps.java:184)
	at java.base/java.util.stream.ReferencePipeline$3$1.accept(ReferencePipeline.java:197)
	at java.base/java.util.stream.ReferencePipeline$3$1.accept(ReferencePipeline.java:197)
	at java.base/java.util.stream.ReferencePipeline$3$1.accept(ReferencePipeline.java:197)
	at java.base/java.util.stream.ForEachOps$ForEachOp$OfRef.accept(ForEachOps.java:184)
	at java.base/java.util.stream.ForEachOps$ForEachOp$OfRef.accept(ForEachOps.java:184)
	at java.base/java.util.stream.ReferencePipeline$3$1.accept(ReferencePipeline.java:197)
	at java.base/java.util.Spliterators$ArraySpliterator.forEachRemaining(Spliterators.java:1024)
	at java.base/java.util.stream.ReferencePipeline$Head.forEach(ReferencePipeline.java:762)
	at java.base/java.util.stream.ReferencePipeline$7$1.accept(ReferencePipeline.java:276)
	at java.base/java.util.stream.ReferencePipeline$3$1.accept(ReferencePipeline.java:197)
	at java.base/java.util.stream.ReferencePipeline$3$1.accept(ReferencePipeline.java:197)
	at java.base/java.util.stream.ReferencePipeline$3$1.accept(ReferencePipeline.java:197)
	at java.base/java.util.Spliterators$ArraySpliterator.forEachRemaining(Spliterators.java:1024)
	at java.base/java.util.stream.AbstractPipeline.copyInto(AbstractPipeline.java:509)
	at java.base/java.util.stream.AbstractPipeline.wrapAndCopyInto(AbstractPipeline.java:499)
	at java.base/java.util.stream.ForEachOps$ForEachOp.evaluateSequential(ForEachOps.java:151)
	at java.base/java.util.stream.ForEachOps$ForEachOp$OfRef.evaluateSequential(ForEachOps.java:174)
	at java.base/java.util.stream.AbstractPipeline.evaluate(AbstractPipeline.java:234)
	at java.base/java.util.stream.ReferencePipeline.forEach(ReferencePipeline.java:596)
	at java.base/java.util.stream.ReferencePipeline$7$1.accept(ReferencePipeline.java:276)
	at java.base/java.util.ArrayList$ArrayListSpliterator.forEachRemaining(ArrayList.java:1708)
	at java.base/java.util.stream.AbstractPipeline.copyInto(AbstractPipeline.java:509)
	at java.base/java.util.stream.AbstractPipeline.wrapAndCopyInto(AbstractPipeline.java:499)
	at java.base/java.util.stream.ForEachOps$ForEachOp.evaluateSequential(ForEachOps.java:151)
	at java.base/java.util.stream.ForEachOps$ForEachOp$OfRef.evaluateSequential(ForEachOps.java:174)
	at java.base/java.util.stream.AbstractPipeline.evaluate(AbstractPipeline.java:234)
	at java.base/java.util.stream.ReferencePipeline.forEach(ReferencePipeline.java:596)
	at java.base/java.util.stream.ReferencePipeline$7$1.accept(ReferencePipeline.java:276)
	at java.base/java.util.stream.ReferencePipeline$3$1.accept(ReferencePipeline.java:197)
	at java.base/java.util.stream.ReferencePipeline$3$1.accept(ReferencePipeline.java:197)
	at java.base/java.util.stream.ReferencePipeline$3$1.accept(ReferencePipeline.java:197)
	at java.base/java.util.ArrayList$ArrayListSpliterator.forEachRemaining(ArrayList.java:1708)
	at java.base/java.util.stream.AbstractPipeline.copyInto(AbstractPipeline.java:509)
	at java.base/java.util.stream.AbstractPipeline.wrapAndCopyInto(AbstractPipeline.java:499)
	at java.base/java.util.stream.ForEachOps$ForEachOp.evaluateSequential(ForEachOps.java:151)
	at java.base/java.util.stream.ForEachOps$ForEachOp$OfRef.evaluateSequential(ForEachOps.java:174)
	at java.base/java.util.stream.AbstractPipeline.evaluate(AbstractPipeline.java:234)
	at java.base/java.util.stream.ReferencePipeline.forEach(ReferencePipeline.java:596)
	at java.base/java.util.stream.ReferencePipeline$7$1.accept(ReferencePipeline.java:276)
	at java.base/java.util.ArrayList$ArrayListSpliterator.forEachRemaining(ArrayList.java:1708)
	at java.base/java.util.stream.AbstractPipeline.copyInto(AbstractPipeline.java:509)
	at java.base/java.util.stream.AbstractPipeline.wrapAndCopyInto(AbstractPipeline.java:499)
	at java.base/java.util.stream.ForEachOps$ForEachOp.evaluateSequential(ForEachOps.java:151)
	at java.base/java.util.stream.ForEachOps$ForEachOp$OfRef.evaluateSequential(ForEachOps.java:174)
	at java.base/java.util.stream.AbstractPipeline.evaluate(AbstractPipeline.java:234)
	at java.base/java.util.stream.ReferencePipeline.forEach(ReferencePipeline.java:596)
	at java.base/java.util.ArrayList.forEach(ArrayList.java:1596)
	at java.base/java.util.ArrayList.forEach(ArrayList.java:1596)
Caused by: org.apache.commons.cli.ParseException: java.text.ParseException: Unparseable date: "Thu Jan 01 02:00:00 EET 1970"
	at org.apache.commons.cli.ParseException.wrap(ParseException.java:50)
	at org.apache.commons.cli.TypeHandler.createValue(TypeHandler.java:162)
	at org.apache.commons.cli.TypeHandler.createValueUnchecked(TypeHandler.java:191)
	... 56 more
Caused by: java.text.ParseException: Unparseable date: "Thu Jan 01 02:00:00 EET 1970"
	at java.base/java.text.DateFormat.parse(DateFormat.java:399)
	at org.apache.commons.cli.Converter.lambda$static$4(Converter.java:79)
	at org.apache.commons.cli.TypeHandler.createValue(TypeHandler.java:160)
	... 57 more
]]></error>
  </testcase>
  <testcase name="testCreateDate(Date)[2]" classname="org.apache.commons.cli.TypeHandlerTest" time="0.007">
    <error message="org.apache.commons.cli.ParseException: java.text.ParseException: Unparseable date: &quot;Thu Jan 01 02:00:00 EET 1970&quot;" type="java.lang.IllegalArgumentException"><![CDATA[java.lang.IllegalArgumentException: org.apache.commons.cli.ParseException: java.text.ParseException: Unparseable date: "Thu Jan 01 02:00:00 EET 1970"
	at org.apache.commons.cli.TypeHandler.createValueUnchecked(TypeHandler.java:193)
	at org.apache.commons.cli.TypeHandler.createDate(TypeHandler.java:71)
	at org.apache.commons.cli.TypeHandlerTest.testCreateDate(TypeHandlerTest.java:180)
	at java.base/java.lang.reflect.Method.invoke(Method.java:580)
	at java.base/java.util.stream.ForEachOps$ForEachOp$OfRef.accept(ForEachOps.java:184)
	at java.base/java.util.stream.ReferencePipeline$3$1.accept(ReferencePipeline.java:197)
	at java.base/java.util.stream.ReferencePipeline$2$1.accept(ReferencePipeline.java:179)
	at java.base/java.util.stream.ReferencePipeline$3$1.accept(ReferencePipeline.java:197)
	at java.base/java.util.stream.ForEachOps$ForEachOp$OfRef.accept(ForEachOps.java:184)
	at java.base/java.util.stream.ReferencePipeline$3$1.accept(ReferencePipeline.java:197)
	at java.base/java.util.stream.ReferencePipeline$3$1.accept(ReferencePipeline.java:197)
	at java.base/java.util.stream.ReferencePipeline$3$1.accept(ReferencePipeline.java:197)
	at java.base/java.util.stream.ForEachOps$ForEachOp$OfRef.accept(ForEachOps.java:184)
	at java.base/java.util.stream.ForEachOps$ForEachOp$OfRef.accept(ForEachOps.java:184)
	at java.base/java.util.stream.ReferencePipeline$3$1.accept(ReferencePipeline.java:197)
	at java.base/java.util.Spliterators$ArraySpliterator.forEachRemaining(Spliterators.java:1024)
	at java.base/java.util.stream.ReferencePipeline$Head.forEach(ReferencePipeline.java:762)
	at java.base/java.util.stream.ReferencePipeline$7$1.accept(ReferencePipeline.java:276)
	at java.base/java.util.stream.ReferencePipeline$3$1.accept(ReferencePipeline.java:197)
	at java.base/java.util.stream.ReferencePipeline$3$1.accept(ReferencePipeline.java:197)
	at java.base/java.util.stream.ReferencePipeline$3$1.accept(ReferencePipeline.java:197)
	at java.base/java.util.Spliterators$ArraySpliterator.forEachRemaining(Spliterators.java:1024)
	at java.base/java.util.stream.AbstractPipeline.copyInto(AbstractPipeline.java:509)
	at java.base/java.util.stream.AbstractPipeline.wrapAndCopyInto(AbstractPipeline.java:499)
	at java.base/java.util.stream.ForEachOps$ForEachOp.evaluateSequential(ForEachOps.java:151)
	at java.base/java.util.stream.ForEachOps$ForEachOp$OfRef.evaluateSequential(ForEachOps.java:174)
	at java.base/java.util.stream.AbstractPipeline.evaluate(AbstractPipeline.java:234)
	at java.base/java.util.stream.ReferencePipeline.forEach(ReferencePipeline.java:596)
	at java.base/java.util.stream.ReferencePipeline$7$1.accept(ReferencePipeline.java:276)
	at java.base/java.util.ArrayList$ArrayListSpliterator.forEachRemaining(ArrayList.java:1708)
	at java.base/java.util.stream.AbstractPipeline.copyInto(AbstractPipeline.java:509)
	at java.base/java.util.stream.AbstractPipeline.wrapAndCopyInto(AbstractPipeline.java:499)
	at java.base/java.util.stream.ForEachOps$ForEachOp.evaluateSequential(ForEachOps.java:151)
	at java.base/java.util.stream.ForEachOps$ForEachOp$OfRef.evaluateSequential(ForEachOps.java:174)
	at java.base/java.util.stream.AbstractPipeline.evaluate(AbstractPipeline.java:234)
	at java.base/java.util.stream.ReferencePipeline.forEach(ReferencePipeline.java:596)
	at java.base/java.util.stream.ReferencePipeline$7$1.accept(ReferencePipeline.java:276)
	at java.base/java.util.stream.ReferencePipeline$3$1.accept(ReferencePipeline.java:197)
	at java.base/java.util.stream.ReferencePipeline$3$1.accept(ReferencePipeline.java:197)
	at java.base/java.util.stream.ReferencePipeline$3$1.accept(ReferencePipeline.java:197)
	at java.base/java.util.ArrayList$ArrayListSpliterator.forEachRemaining(ArrayList.java:1708)
	at java.base/java.util.stream.AbstractPipeline.copyInto(AbstractPipeline.java:509)
	at java.base/java.util.stream.AbstractPipeline.wrapAndCopyInto(AbstractPipeline.java:499)
	at java.base/java.util.stream.ForEachOps$ForEachOp.evaluateSequential(ForEachOps.java:151)
	at java.base/java.util.stream.ForEachOps$ForEachOp$OfRef.evaluateSequential(ForEachOps.java:174)
	at java.base/java.util.stream.AbstractPipeline.evaluate(AbstractPipeline.java:234)
	at java.base/java.util.stream.ReferencePipeline.forEach(ReferencePipeline.java:596)
	at java.base/java.util.stream.ReferencePipeline$7$1.accept(ReferencePipeline.java:276)
	at java.base/java.util.ArrayList$ArrayListSpliterator.forEachRemaining(ArrayList.java:1708)
	at java.base/java.util.stream.AbstractPipeline.copyInto(AbstractPipeline.java:509)
	at java.base/java.util.stream.AbstractPipeline.wrapAndCopyInto(AbstractPipeline.java:499)
	at java.base/java.util.stream.ForEachOps$ForEachOp.evaluateSequential(ForEachOps.java:151)
	at java.base/java.util.stream.ForEachOps$ForEachOp$OfRef.evaluateSequential(ForEachOps.java:174)
	at java.base/java.util.stream.AbstractPipeline.evaluate(AbstractPipeline.java:234)
	at java.base/java.util.stream.ReferencePipeline.forEach(ReferencePipeline.java:596)
	at java.base/java.util.ArrayList.forEach(ArrayList.java:1596)
	at java.base/java.util.ArrayList.forEach(ArrayList.java:1596)
Caused by: org.apache.commons.cli.ParseException: java.text.ParseException: Unparseable date: "Thu Jan 01 02:00:00 EET 1970"
	at org.apache.commons.cli.ParseException.wrap(ParseException.java:50)
	at org.apache.commons.cli.TypeHandler.createValue(TypeHandler.java:162)
	at org.apache.commons.cli.TypeHandler.createValueUnchecked(TypeHandler.java:191)
	... 56 more
Caused by: java.text.ParseException: Unparseable date: "Thu Jan 01 02:00:00 EET 1970"
	at java.base/java.text.DateFormat.parse(DateFormat.java:399)
	at org.apache.commons.cli.Converter.lambda$static$4(Converter.java:79)
	at org.apache.commons.cli.TypeHandler.createValue(TypeHandler.java:160)
	... 57 more
]]></error>
  </testcase>
  <testcase name="testCreateDate(Date)[3]" classname="org.apache.commons.cli.TypeHandlerTest" time="0.006">
    <error message="org.apache.commons.cli.ParseException: java.text.ParseException: Unparseable date: &quot;Thu Jan 01 13:06:40 EET 1970&quot;" type="java.lang.IllegalArgumentException"><![CDATA[java.lang.IllegalArgumentException: org.apache.commons.cli.ParseException: java.text.ParseException: Unparseable date: "Thu Jan 01 13:06:40 EET 1970"
	at org.apache.commons.cli.TypeHandler.createValueUnchecked(TypeHandler.java:193)
	at org.apache.commons.cli.TypeHandler.createDate(TypeHandler.java:71)
	at org.apache.commons.cli.TypeHandlerTest.testCreateDate(TypeHandlerTest.java:180)
	at java.base/java.lang.reflect.Method.invoke(Method.java:580)
	at java.base/java.util.stream.ForEachOps$ForEachOp$OfRef.accept(ForEachOps.java:184)
	at java.base/java.util.stream.ReferencePipeline$3$1.accept(ReferencePipeline.java:197)
	at java.base/java.util.stream.ReferencePipeline$2$1.accept(ReferencePipeline.java:179)
	at java.base/java.util.stream.ReferencePipeline$3$1.accept(ReferencePipeline.java:197)
	at java.base/java.util.stream.ForEachOps$ForEachOp$OfRef.accept(ForEachOps.java:184)
	at java.base/java.util.stream.ReferencePipeline$3$1.accept(ReferencePipeline.java:197)
	at java.base/java.util.stream.ReferencePipeline$3$1.accept(ReferencePipeline.java:197)
	at java.base/java.util.stream.ReferencePipeline$3$1.accept(ReferencePipeline.java:197)
	at java.base/java.util.stream.ForEachOps$ForEachOp$OfRef.accept(ForEachOps.java:184)
	at java.base/java.util.stream.ForEachOps$ForEachOp$OfRef.accept(ForEachOps.java:184)
	at java.base/java.util.stream.ReferencePipeline$3$1.accept(ReferencePipeline.java:197)
	at java.base/java.util.Spliterators$ArraySpliterator.forEachRemaining(Spliterators.java:1024)
	at java.base/java.util.stream.ReferencePipeline$Head.forEach(ReferencePipeline.java:762)
	at java.base/java.util.stream.ReferencePipeline$7$1.accept(ReferencePipeline.java:276)
	at java.base/java.util.stream.ReferencePipeline$3$1.accept(ReferencePipeline.java:197)
	at java.base/java.util.stream.ReferencePipeline$3$1.accept(ReferencePipeline.java:197)
	at java.base/java.util.stream.ReferencePipeline$3$1.accept(ReferencePipeline.java:197)
	at java.base/java.util.Spliterators$ArraySpliterator.forEachRemaining(Spliterators.java:1024)
	at java.base/java.util.stream.AbstractPipeline.copyInto(AbstractPipeline.java:509)
	at java.base/java.util.stream.AbstractPipeline.wrapAndCopyInto(AbstractPipeline.java:499)
	at java.base/java.util.stream.ForEachOps$ForEachOp.evaluateSequential(ForEachOps.java:151)
	at java.base/java.util.stream.ForEachOps$ForEachOp$OfRef.evaluateSequential(ForEachOps.java:174)
	at java.base/java.util.stream.AbstractPipeline.evaluate(AbstractPipeline.java:234)
	at java.base/java.util.stream.ReferencePipeline.forEach(ReferencePipeline.java:596)
	at java.base/java.util.stream.ReferencePipeline$7$1.accept(ReferencePipeline.java:276)
	at java.base/java.util.ArrayList$ArrayListSpliterator.forEachRemaining(ArrayList.java:1708)
	at java.base/java.util.stream.AbstractPipeline.copyInto(AbstractPipeline.java:509)
	at java.base/java.util.stream.AbstractPipeline.wrapAndCopyInto(AbstractPipeline.java:499)
	at java.base/java.util.stream.ForEachOps$ForEachOp.evaluateSequential(ForEachOps.java:151)
	at java.base/java.util.stream.ForEachOps$ForEachOp$OfRef.evaluateSequential(ForEachOps.java:174)
	at java.base/java.util.stream.AbstractPipeline.evaluate(AbstractPipeline.java:234)
	at java.base/java.util.stream.ReferencePipeline.forEach(ReferencePipeline.java:596)
	at java.base/java.util.stream.ReferencePipeline$7$1.accept(ReferencePipeline.java:276)
	at java.base/java.util.stream.ReferencePipeline$3$1.accept(ReferencePipeline.java:197)
	at java.base/java.util.stream.ReferencePipeline$3$1.accept(ReferencePipeline.java:197)
	at java.base/java.util.stream.ReferencePipeline$3$1.accept(ReferencePipeline.java:197)
	at java.base/java.util.ArrayList$ArrayListSpliterator.forEachRemaining(ArrayList.java:1708)
	at java.base/java.util.stream.AbstractPipeline.copyInto(AbstractPipeline.java:509)
	at java.base/java.util.stream.AbstractPipeline.wrapAndCopyInto(AbstractPipeline.java:499)
	at java.base/java.util.stream.ForEachOps$ForEachOp.evaluateSequential(ForEachOps.java:151)
	at java.base/java.util.stream.ForEachOps$ForEachOp$OfRef.evaluateSequential(ForEachOps.java:174)
	at java.base/java.util.stream.AbstractPipeline.evaluate(AbstractPipeline.java:234)
	at java.base/java.util.stream.ReferencePipeline.forEach(ReferencePipeline.java:596)
	at java.base/java.util.stream.ReferencePipeline$7$1.accept(ReferencePipeline.java:276)
	at java.base/java.util.ArrayList$ArrayListSpliterator.forEachRemaining(ArrayList.java:1708)
	at java.base/java.util.stream.AbstractPipeline.copyInto(AbstractPipeline.java:509)
	at java.base/java.util.stream.AbstractPipeline.wrapAndCopyInto(AbstractPipeline.java:499)
	at java.base/java.util.stream.ForEachOps$ForEachOp.evaluateSequential(ForEachOps.java:151)
	at java.base/java.util.stream.ForEachOps$ForEachOp$OfRef.evaluateSequential(ForEachOps.java:174)
	at java.base/java.util.stream.AbstractPipeline.evaluate(AbstractPipeline.java:234)
	at java.base/java.util.stream.ReferencePipeline.forEach(ReferencePipeline.java:596)
	at java.base/java.util.ArrayList.forEach(ArrayList.java:1596)
	at java.base/java.util.ArrayList.forEach(ArrayList.java:1596)
Caused by: org.apache.commons.cli.ParseException: java.text.ParseException: Unparseable date: "Thu Jan 01 13:06:40 EET 1970"
	at org.apache.commons.cli.ParseException.wrap(ParseException.java:50)
	at org.apache.commons.cli.TypeHandler.createValue(TypeHandler.java:162)
	at org.apache.commons.cli.TypeHandler.createValueUnchecked(TypeHandler.java:191)
	... 56 more
Caused by: java.text.ParseException: Unparseable date: "Thu Jan 01 13:06:40 EET 1970"
	at java.base/java.text.DateFormat.parse(DateFormat.java:399)
	at org.apache.commons.cli.Converter.lambda$static$4(Converter.java:79)
	at org.apache.commons.cli.TypeHandler.createValue(TypeHandler.java:160)
	... 57 more
]]></error>
  </testcase>
  <testcase name="testCreateFile" classname="org.apache.commons.cli.TypeHandlerTest" time="0.001"/>
  <testcase name="testCreateURL" classname="org.apache.commons.cli.TypeHandlerTest" time="0.001"/>
  <testcase name="testnstantiableEquals" classname="org.apache.commons.cli.TypeHandlerTest" time="0.0"/>
</testsuite>