<?xml version="1.0" encoding="UTF-8"?>
<testsuite xmlns:xsi="http://www.w3.org/2001/XMLSchema-instance" xsi:noNamespaceSchemaLocation="https://maven.apache.org/surefire/maven-surefire-plugin/xsd/surefire-test-report-3.0.xsd" version="3.0" name="org.apache.commons.codec.language.MatchRatingApproachEncoderTest" time="0.114" tests="99" errors="0" skipped="0" failures="0">
  <properties>
    <property name="sun.desktop" value="windows"/>
    <property name="awt.toolkit" value="sun.awt.windows.WToolkit"/>
    <property name="file.encoding.pkg" value="sun.io"/>
    <property name="java.specification.version" value="1.8"/>
    <property name="sun.cpu.isalist" value="amd64"/>
    <property name="sun.jnu.encoding" value="Cp1253"/>
    <property name="java.class.path" value="C:\Users\user\Code_generation_LLMs\AutoTestLab\packages\commons-codec-1.17.1-src\target\test-classes;C:\Users\user\Code_generation_LLMs\AutoTestLab\packages\commons-codec-1.17.1-src\target\classes;C:\Users\user\.m2\repository\org\apache\commons\commons-lang3\3.14.0\commons-lang3-3.14.0.jar;C:\Users\user\.m2\repository\commons-io\commons-io\2.16.1\commons-io-2.16.1.jar;C:\Users\user\.m2\repository\org\hamcrest\hamcrest\2.2\hamcrest-2.2.jar;C:\Users\user\.m2\repository\org\junit\jupiter\junit-jupiter-engine\5.11.0-M2\junit-jupiter-engine-5.11.0-M2.jar;C:\Users\user\.m2\repository\org\junit\platform\junit-platform-engine\1.11.0-M2\junit-platform-engine-1.11.0-M2.jar;C:\Users\user\.m2\repository\org\opentest4j\opentest4j\1.3.0\opentest4j-1.3.0.jar;C:\Users\user\.m2\repository\org\junit\platform\junit-platform-commons\1.11.0-M2\junit-platform-commons-1.11.0-M2.jar;C:\Users\user\.m2\repository\org\junit\jupiter\junit-jupiter-api\5.11.0-M2\junit-jupiter-api-5.11.0-M2.jar;C:\Users\user\.m2\repository\org\apiguardian\apiguardian-api\1.1.2\apiguardian-api-1.1.2.jar;C:\Users\user\.m2\repository\org\junit\jupiter\junit-jupiter-params\5.11.0-M2\junit-jupiter-params-5.11.0-M2.jar;"/>
    <property name="java.vm.vendor" value="Oracle Corporation"/>
    <property name="sun.arch.data.model" value="64"/>
    <property name="user.variant" value=""/>
    <property name="java.vendor.url" value="http://java.oracle.com/"/>
    <property name="user.timezone" value="Europe/Athens"/>
    <property name="java.vm.specification.version" value="1.8"/>
    <property name="os.name" value="Windows 10"/>
    <property name="user.country" value="GR"/>
    <property name="sun.java.launcher" value="SUN_STANDARD"/>
    <property name="sun.boot.library.path" value="C:\Program Files\Java\jdk1.8.0_202\jre\bin"/>
    <property name="sun.java.command" value="C:\Users\user\AppData\Local\Temp\surefire6667909798107745085\surefirebooter-20241012111021793_3.jar C:\Users\user\AppData\Local\Temp\surefire6667909798107745085 2024-10-12T11-10-21_608-jvmRun1 surefire-20241012111021793_1tmp surefire_0-20241012111021793_2tmp"/>
    <property name="surefire.test.class.path" value="C:\Users\user\Code_generation_LLMs\AutoTestLab\packages\commons-codec-1.17.1-src\target\test-classes;C:\Users\user\Code_generation_LLMs\AutoTestLab\packages\commons-codec-1.17.1-src\target\classes;C:\Users\user\.m2\repository\org\apache\commons\commons-lang3\3.14.0\commons-lang3-3.14.0.jar;C:\Users\user\.m2\repository\commons-io\commons-io\2.16.1\commons-io-2.16.1.jar;C:\Users\user\.m2\repository\org\hamcrest\hamcrest\2.2\hamcrest-2.2.jar;C:\Users\user\.m2\repository\org\junit\jupiter\junit-jupiter-engine\5.11.0-M2\junit-jupiter-engine-5.11.0-M2.jar;C:\Users\user\.m2\repository\org\junit\platform\junit-platform-engine\1.11.0-M2\junit-platform-engine-1.11.0-M2.jar;C:\Users\user\.m2\repository\org\opentest4j\opentest4j\1.3.0\opentest4j-1.3.0.jar;C:\Users\user\.m2\repository\org\junit\platform\junit-platform-commons\1.11.0-M2\junit-platform-commons-1.11.0-M2.jar;C:\Users\user\.m2\repository\org\junit\jupiter\junit-jupiter-api\5.11.0-M2\junit-jupiter-api-5.11.0-M2.jar;C:\Users\user\.m2\repository\org\apiguardian\apiguardian-api\1.1.2\apiguardian-api-1.1.2.jar;C:\Users\user\.m2\repository\org\junit\jupiter\junit-jupiter-params\5.11.0-M2\junit-jupiter-params-5.11.0-M2.jar;"/>
    <property name="sun.cpu.endian" value="little"/>
    <property name="user.home" value="C:\Users\user"/>
    <property name="user.language" value="el"/>
    <property name="java.specification.vendor" value="Oracle Corporation"/>
    <property name="java.home" value="C:\Program Files\Java\jdk1.8.0_202\jre"/>
    <property name="basedir" value="C:\Users\user\Code_generation_LLMs\AutoTestLab\packages\commons-codec-1.17.1-src"/>
    <property name="file.separator" value="\"/>
    <property name="line.separator" value="&#10;"/>
    <property name="java.vm.specification.vendor" value="Oracle Corporation"/>
    <property name="java.specification.name" value="Java Platform API Specification"/>
    <property name="java.awt.graphicsenv" value="sun.awt.Win32GraphicsEnvironment"/>
    <property name="surefire.real.class.path" value="C:\Users\user\AppData\Local\Temp\surefire6667909798107745085\surefirebooter-20241012111021793_3.jar;C:\\Users\\user\\.m2\\repository\\org\\jacoco\\org.jacoco.agent\\0.8.12\\org.jacoco.agent-0.8.12-runtime.jar"/>
    <property name="sun.boot.class.path" value="C:\Program Files\Java\jdk1.8.0_202\jre\lib\resources.jar;C:\Program Files\Java\jdk1.8.0_202\jre\lib\rt.jar;C:\Program Files\Java\jdk1.8.0_202\jre\lib\sunrsasign.jar;C:\Program Files\Java\jdk1.8.0_202\jre\lib\jsse.jar;C:\Program Files\Java\jdk1.8.0_202\jre\lib\jce.jar;C:\Program Files\Java\jdk1.8.0_202\jre\lib\charsets.jar;C:\Program Files\Java\jdk1.8.0_202\jre\lib\jfr.jar;C:\Program Files\Java\jdk1.8.0_202\jre\classes"/>
    <property name="user.script" value=""/>
    <property name="sun.management.compiler" value="HotSpot 64-Bit Tiered Compilers"/>
    <property name="java.runtime.version" value="1.8.0_202-b08"/>
    <property name="user.name" value="user"/>
    <property name="path.separator" value=";"/>
    <property name="os.version" value="10.0"/>
    <property name="java.endorsed.dirs" value="C:\Program Files\Java\jdk1.8.0_202\jre\lib\endorsed"/>
    <property name="java.runtime.name" value="Java(TM) SE Runtime Environment"/>
    <property name="file.encoding" value="Cp1253"/>
    <property name="java.vm.name" value="Java HotSpot(TM) 64-Bit Server VM"/>
    <property name="localRepository" value="C:\Users\user\.m2\repository"/>
    <property name="java.vendor.url.bug" value="http://bugreport.sun.com/bugreport/"/>
    <property name="java.io.tmpdir" value="C:\Users\user\AppData\Local\Temp\"/>
    <property name="java.version" value="1.8.0_202"/>
    <property name="user.dir" value="C:\Users\user\Code_generation_LLMs\AutoTestLab\packages\commons-codec-1.17.1-src"/>
    <property name="os.arch" value="amd64"/>
    <property name="java.vm.specification.name" value="Java Virtual Machine Specification"/>
    <property name="java.awt.printerjob" value="sun.awt.windows.WPrinterJob"/>
    <property name="sun.os.patch.level" value=""/>
    <property name="java.library.path" value="C:\Program Files\Java\jdk1.8.0_202\jre\bin;C:\WINDOWS\Sun\Java\bin;C:\WINDOWS\system32;C:\WINDOWS;C:\Users\user\miniconda3\envs\myenv;C:\Users\user\miniconda3\envs\myenv\Library\mingw-w64\bin;C:\Users\user\miniconda3\envs\myenv\Library\usr\bin;C:\Users\user\miniconda3\envs\myenv\Library\bin;C:\Users\user\miniconda3\envs\myenv\Scripts;C:\Users\user\miniconda3\envs\myenv\bin;C:\Program Files\NVIDIA\CUDNN\v9.0\bin;C:\Program Files\NVIDIA GPU Computing Toolkit\CUDA\v12.3\bin;C:\Program Files\NVIDIA GPU Computing Toolkit\CUDA\v12.3\libnvvp;C:\Program Files\Common Files\Oracle\Java\javapath;C:\Program Files (x86)\Common Files\Oracle\Java\java8path;C:\Program Files (x86)\Common Files\Oracle\Java\javapath;C:\WINDOWS\system32;C:\WINDOWS;C:\WINDOWS\System32\Wbem;C:\WINDOWS\System32\WindowsPowerShell\v1.0;C:\WINDOWS\System32\OpenSSH;C:\Program Files\Intel\WiFi\bin;C:\Program Files\Common Files\Intel\WirelessCommon;c:\Program Files (x86)\Intel\Intel(R) Management Engine Components\DAL;c:\Program Files\Intel\Intel(R) Management Engine Components\DAL;C:\Users\user\Desktop\Large Scale Data Management;C:\Program Files\Vagrant\bin;C:\Program Files\Git\cmd;C:\Program Files\apache-maven-3.9.6\bin;C:\Program Files\NVIDIA Corporation\Nsight Compute 2023.3.1;C:\Program Files (x86)\NVIDIA Corporation\PhysX\Common;C:\Program Files\NVIDIA Corporation\Installer2;C:\Program Files\nodejs;C:\Users\user\defects4j\framework\bin;C:\Program Files\Java\jdk1.8.0_202\bin;C:\Strawberry\c\bin;C:\Strawberry\perl\site\bin;C:\Strawberry\perl\bin;C:\Users\user\defects4j\framework\bin;C:\Windows\System32;C:\Program Files\TortoiseSVN\bin;C:\Program Files\Java\jdk1.8.0_202\bin;C:\Users\user\miniconda3\envs\ujb;C:\Users\user\miniconda3\envs\ujb\Library\mingw-w64\bin;C:\Users\user\miniconda3\envs\ujb\Library\usr\bin;C:\Users\user\miniconda3\envs\ujb\Library\bin;C:\Users\user\miniconda3\envs\ujb\Scripts;C:\Users\user\miniconda3\envs\ujb\bin;C:\Users\user\miniconda3\condabin;C:\Program Files\NVIDIA\CUDNN\v9.0\bin;C:\Program Files\NVIDIA GPU Computing Toolkit\CUDA\v12.3\bin;C:\Program Files\NVIDIA GPU Computing Toolkit\CUDA\v12.3\libnvvp;C:\Program Files\Common Files\Oracle\Java\javapath;C:\Program Files (x86)\Common Files\Oracle\Java\java8path;C:\Program Files (x86)\Common Files\Oracle\Java\javapath;C:\WINDOWS\system32;C:\WINDOWS;C:\WINDOWS\System32\Wbem;C:\WINDOWS\System32\WindowsPowerShell\v1.0;C:\WINDOWS\System32\OpenSSH;C:\Program Files\Intel\WiFi\bin;C:\Program Files\Common Files\Intel\WirelessCommon;c:\Program Files (x86)\Intel\Intel(R) Management Engine Components\DAL;c:\Program Files\Intel\Intel(R) Management Engine Components\DAL;C:\Users;C:\Users\user\AppData\Local\Programs\Microsoft VS Code\bin;."/>
    <property name="java.vm.info" value="mixed mode"/>
    <property name="java.vendor" value="Oracle Corporation"/>
    <property name="java.vm.version" value="25.202-b08"/>
    <property name="java.ext.dirs" value="C:\Program Files\Java\jdk1.8.0_202\jre\lib\ext;C:\WINDOWS\Sun\Java\lib\ext"/>
    <property name="sun.io.unicode.encoding" value="UnicodeLittle"/>
    <property name="java.class.version" value="52.0"/>
  </properties>
  <testcase name="testEncodeWithInvalidObject" classname="org.apache.commons.codec.language.MatchRatingApproachEncoderTest" time="0.001"/>
  <testcase name="testEncodeNull" classname="org.apache.commons.codec.language.MatchRatingApproachEncoderTest" time="0.002"/>
  <testcase name="testEncodeEmpty" classname="org.apache.commons.codec.language.MatchRatingApproachEncoderTest" time="0.002"/>
  <testcase name="testLocaleIndependence" classname="org.apache.commons.codec.language.MatchRatingApproachEncoderTest" time="0.001"/>
  <testcase name="testCompare_SOPHIE_SOFIA_SuccessfullyMatched" classname="org.apache.commons.codec.language.MatchRatingApproachEncoderTest" time="0.002"/>
  <testcase name="testGetMinRating_1_Returns5_Successfully" classname="org.apache.commons.codec.language.MatchRatingApproachEncoderTest" time="0.001"/>
  <testcase name="testCompare_SurnameCornerCase_Nulls_NoMatch" classname="org.apache.commons.codec.language.MatchRatingApproachEncoderTest" time="0.0"/>
  <testcase name="testGetMinRating_7_Return4_Successfully" classname="org.apache.commons.codec.language.MatchRatingApproachEncoderTest" time="0.001"/>
  <testcase name="testCompare_SAM_SAMUEL_SuccessfullyMatched" classname="org.apache.commons.codec.language.MatchRatingApproachEncoderTest" time="0.001"/>
  <testcase name="testIsVowel_SingleVowel_ReturnsTrue" classname="org.apache.commons.codec.language.MatchRatingApproachEncoderTest" time="0.0"/>
  <testcase name="testgetMinRating_6_Returns4_Successfully" classname="org.apache.commons.codec.language.MatchRatingApproachEncoderTest" time="0.0"/>
  <testcase name="testAccentRemoval_NullValue_ReturnNullSuccessfully" classname="org.apache.commons.codec.language.MatchRatingApproachEncoderTest" time="0.001"/>
  <testcase name="testCompare_STEPHEN_STEVEN_SuccessfullyMatched" classname="org.apache.commons.codec.language.MatchRatingApproachEncoderTest" time="0.007"/>
  <testcase name="testCompare_Surname_MOSKOWITZ_MOSKOVITZ_SuccessfullyMatched" classname="org.apache.commons.codec.language.MatchRatingApproachEncoderTest" time="0.0"/>
  <testcase name="testCompare_SurnamesCornerCase_MURPHY_Space_NoMatch" classname="org.apache.commons.codec.language.MatchRatingApproachEncoderTest" time="0.001"/>
  <testcase name="testCompare_OONA_OONAGH_SuccessfullyMatched" classname="org.apache.commons.codec.language.MatchRatingApproachEncoderTest" time="0.002"/>
  <testcase name="testCompare_Forenames_SEAN_JOHN_MatchExpected" classname="org.apache.commons.codec.language.MatchRatingApproachEncoderTest" time="0.0"/>
  <testcase name="testCompare_Surname_HAILEY_HALLEY_SuccessfullyMatched" classname="org.apache.commons.codec.language.MatchRatingApproachEncoderTest" time="0.0"/>
  <testcase name="testCompare_TOMASZ_TOM_SuccessfullyMatched" classname="org.apache.commons.codec.language.MatchRatingApproachEncoderTest" time="0.001"/>
  <testcase name="testCompare_KARL_ALESSANDRO_DoesNotMatch" classname="org.apache.commons.codec.language.MatchRatingApproachEncoderTest" time="0.002"/>
  <testcase name="testPunctuationOnly" classname="org.apache.commons.codec.language.MatchRatingApproachEncoderTest" time="0.001"/>
  <testcase name="testCompare_Surname_LIPSHITZ_LIPPSZYC_SuccessfullyMatched" classname="org.apache.commons.codec.language.MatchRatingApproachEncoderTest" time="0.0"/>
  <testcase name="testCompare_CATHERINE_KATHRYN_SuccessfullyMatched" classname="org.apache.commons.codec.language.MatchRatingApproachEncoderTest" time="0.0"/>
  <testcase name="testVowelAndPunctuationOnly" classname="org.apache.commons.codec.language.MatchRatingApproachEncoderTest" time="0.0"/>
  <testcase name="testRemoveVowel__AIDAN_Returns_ADN" classname="org.apache.commons.codec.language.MatchRatingApproachEncoderTest" time="0.001"/>
  <testcase name="testIsVowel_CapitalA_ReturnsTrue" classname="org.apache.commons.codec.language.MatchRatingApproachEncoderTest" time="0.003"/>
  <testcase name="testRemoveSingleDoubleConsonants_BUBLE_RemovedSuccessfully" classname="org.apache.commons.codec.language.MatchRatingApproachEncoderTest" time="0.0"/>
  <testcase name="testRemoveDoubleConsonants_MISSISSIPPI_RemovedSuccessfully" classname="org.apache.commons.codec.language.MatchRatingApproachEncoderTest" time="0.001"/>
  <testcase name="testVowelOnly" classname="org.apache.commons.codec.language.MatchRatingApproachEncoderTest" time="0.001"/>
  <testcase name="testAccentRemoval_UpperAndLower_SuccessfullyRemovedAndCaseInvariant" classname="org.apache.commons.codec.language.MatchRatingApproachEncoderTest" time="0.0"/>
  <testcase name="testGetEncoding_Null_to_Nothing" classname="org.apache.commons.codec.language.MatchRatingApproachEncoderTest" time="0.001"/>
  <testcase name="testCompareNameSameNames_ReturnsFalseSuccessfully" classname="org.apache.commons.codec.language.MatchRatingApproachEncoderTest" time="0.001"/>
  <testcase name="testGetMinRating_2_Returns5_Successfully" classname="org.apache.commons.codec.language.MatchRatingApproachEncoderTest" time="0.003"/>
  <testcase name="testCompare_ZACH_ZAKARIA_SuccessfullyMatched" classname="org.apache.commons.codec.language.MatchRatingApproachEncoderTest" time="0.0"/>
  <testcase name="testCompare_MCGOWAN_MCGEOGHEGAN_SuccessfullyMatched" classname="org.apache.commons.codec.language.MatchRatingApproachEncoderTest" time="0.0"/>
  <testcase name="testCompare_Surname_SZLAMAWICZ_SHLAMOVITZ_SuccessfullyMatched" classname="org.apache.commons.codec.language.MatchRatingApproachEncoderTest" time="0.001"/>
  <testcase name="testIsEncodeEquals_CornerCase_SecondNameJustSpace_ReturnsFalse" classname="org.apache.commons.codec.language.MatchRatingApproachEncoderTest" time="0.0"/>
  <testcase name="testRemoveVowel_ALESSANDRA_Returns_ALSSNDR" classname="org.apache.commons.codec.language.MatchRatingApproachEncoderTest" time="0.0"/>
  <testcase name="testCompare_ShortNames_AL_ED_WorksButNoMatch" classname="org.apache.commons.codec.language.MatchRatingApproachEncoderTest" time="0.0"/>
  <testcase name="testLeftToRightThenRightToLeft_ALEXANDER_ALEXANDRA_Returns4" classname="org.apache.commons.codec.language.MatchRatingApproachEncoderTest" time="0.0"/>
  <testcase name="testAccentRemoval_ComprehensiveAccentMix_AllSuccessfullyRemoved" classname="org.apache.commons.codec.language.MatchRatingApproachEncoderTest" time="0.001"/>
  <testcase name="testgetMinRating_7_Returns4_Successfully" classname="org.apache.commons.codec.language.MatchRatingApproachEncoderTest" time="0.001"/>
  <testcase name="testCompare_SMITH_SMYTH_SuccessfullyMatched" classname="org.apache.commons.codec.language.MatchRatingApproachEncoderTest" time="0.001"/>
  <testcase name="testGetEncoding_HARPER_HRPR" classname="org.apache.commons.codec.language.MatchRatingApproachEncoderTest" time="0.0"/>
  <testcase name="testCompare_STEPHEN_STEFAN_SuccessfullyMatched" classname="org.apache.commons.codec.language.MatchRatingApproachEncoderTest" time="0.001"/>
  <testcase name="testCleanName_SuccessfullyClean" classname="org.apache.commons.codec.language.MatchRatingApproachEncoderTest" time="0.001"/>
  <testcase name="testCompare_MICKY_MICHAEL_SuccessfullyMatched" classname="org.apache.commons.codec.language.MatchRatingApproachEncoderTest" time="0.001"/>
  <testcase name="testIsVowel_SmallD_ReturnsFalse" classname="org.apache.commons.codec.language.MatchRatingApproachEncoderTest" time="0.001"/>
  <testcase name="testAccentRemoval_GerSpanFrenMix_SuccessfullyRemoved" classname="org.apache.commons.codec.language.MatchRatingApproachEncoderTest" time="0.001"/>
  <testcase name="testIsEncodeEquals_CornerCase_FirstNameJust1Letter_ReturnsFalse" classname="org.apache.commons.codec.language.MatchRatingApproachEncoderTest" time="0.001"/>
  <testcase name="testgetMinRating_11_Returns_3_Successfully" classname="org.apache.commons.codec.language.MatchRatingApproachEncoderTest" time="0.0"/>
  <testcase name="testGetFirstLast3__ALEXANDER_Returns_Aleder" classname="org.apache.commons.codec.language.MatchRatingApproachEncoderTest" time="0.002"/>
  <testcase name="testgetMinRating_5_Returns4_Successfully2" classname="org.apache.commons.codec.language.MatchRatingApproachEncoderTest" time="0.001"/>
  <testcase name="testCompare_Surname_COOPERFLYNN_SUPERLYN_SuccessfullyMatched" classname="org.apache.commons.codec.language.MatchRatingApproachEncoderTest" time="0.0"/>
  <testcase name="testCompare_Surname_PRZEMYSL_PSHEMESHIL_SuccessfullyMatched" classname="org.apache.commons.codec.language.MatchRatingApproachEncoderTest" time="0.0"/>
  <testcase name="testCompareNameNullSpace_ReturnsFalseSuccessfully" classname="org.apache.commons.codec.language.MatchRatingApproachEncoderTest" time="0.0"/>
  <testcase name="testGetMinRating_13_Returns_1_Successfully" classname="org.apache.commons.codec.language.MatchRatingApproachEncoderTest" time="0.0"/>
  <testcase name="testAccentRemoval_MixedWithUnusualChars_SuccessfullyRemovedAndUnusualCharactersInvariant" classname="org.apache.commons.codec.language.MatchRatingApproachEncoderTest" time="0.0"/>
  <testcase name="testCompare_BURNS_BOURNE_SuccessfullyMatched" classname="org.apache.commons.codec.language.MatchRatingApproachEncoderTest" time="0.0"/>
  <testcase name="testAccentRemovalNormalString_NoChange" classname="org.apache.commons.codec.language.MatchRatingApproachEncoderTest" time="0.0"/>
  <testcase name="testCompare_SmallInput_CARK_Kl_SuccessfullyMatched" classname="org.apache.commons.codec.language.MatchRatingApproachEncoderTest" time="0.0"/>
  <testcase name="testCompare_PETERSON_PETERS_SuccessfullyMatched" classname="org.apache.commons.codec.language.MatchRatingApproachEncoderTest" time="0.0"/>
  <testcase name="testCompare_Surname_ROSOCHOWACIEC_ROSOKHOVATSETS_SuccessfullyMatched" classname="org.apache.commons.codec.language.MatchRatingApproachEncoderTest" time="0.001"/>
  <testcase name="testCompare_Surname_AUERBACH_UHRBACH_SuccessfullyMatched" classname="org.apache.commons.codec.language.MatchRatingApproachEncoderTest" time="0.001"/>
  <testcase name="testGetEncoding_NoSpace_to_Nothing" classname="org.apache.commons.codec.language.MatchRatingApproachEncoderTest" time="0.0"/>
  <testcase name="testCompare_LongSurnames_OMUIRCHEARTAIGH_OMIREADHAIGH_SuccessfulMatch" classname="org.apache.commons.codec.language.MatchRatingApproachEncoderTest" time="0.001"/>
  <testcase name="testRemoveDoubleDoubleVowel_BEETLE_NotRemoved" classname="org.apache.commons.codec.language.MatchRatingApproachEncoderTest" time="0.003"/>
  <testcase name="testCompare_Forenames_UNA_OONAGH_ShouldSuccessfullyMatchButDoesNot" classname="org.apache.commons.codec.language.MatchRatingApproachEncoderTest" time="0.0"/>
  <testcase name="testCompare_STEVEN_STEFAN_SuccessfullyMatched" classname="org.apache.commons.codec.language.MatchRatingApproachEncoderTest" time="0.001"/>
  <testcase name="testCompare_Forenames_SEAN_PETE_NoMatchExpected" classname="org.apache.commons.codec.language.MatchRatingApproachEncoderTest" time="0.0"/>
  <testcase name="testIsEncodeEqualsSecondNameJust1Letter_ReturnsFalse" classname="org.apache.commons.codec.language.MatchRatingApproachEncoderTest" time="0.0"/>
  <testcase name="testCompare_COLM_COLIN_WithAccentsAndSymbolsAndSpaces_SuccessfullyMatched" classname="org.apache.commons.codec.language.MatchRatingApproachEncoderTest" time="0.0"/>
  <testcase name="testCompare_LongSurnames_MORIARTY_OMUIRCHEARTAIGH_DoesNotSuccessfulMatch" classname="org.apache.commons.codec.language.MatchRatingApproachEncoderTest" time="0.0"/>
  <testcase name="testCompare_Surname_OSULLIVAN_OSUILLEABHAIN_SuccessfulMatch" classname="org.apache.commons.codec.language.MatchRatingApproachEncoderTest" time="0.001"/>
  <testcase name="testCompare_Surnames_MURPHY_LYNCH_NoMatchExpected" classname="org.apache.commons.codec.language.MatchRatingApproachEncoderTest" time="0.0"/>
  <testcase name="testCompare_SEAN_SHAUN_SuccessfullyMatched" classname="org.apache.commons.codec.language.MatchRatingApproachEncoderTest" time="0.001"/>
  <testcase name="testCompareNameToSingleLetter_KARL_C_DoesNotMatch" classname="org.apache.commons.codec.language.MatchRatingApproachEncoderTest" time="0.0"/>
  <testcase name="testCompare_FRANCISZEK_FRANCES_SuccessfullyMatched" classname="org.apache.commons.codec.language.MatchRatingApproachEncoderTest" time="0.001"/>
  <testcase name="testGetEncoding_SMYTH_to_SMYTH" classname="org.apache.commons.codec.language.MatchRatingApproachEncoderTest" time="0.002"/>
  <testcase name="testgetMinRating_8_Returns3_Successfully" classname="org.apache.commons.codec.language.MatchRatingApproachEncoderTest" time="0.001"/>
  <testcase name="testGetFirstLast3_PETE_Returns_PETE" classname="org.apache.commons.codec.language.MatchRatingApproachEncoderTest" time="0.001"/>
  <testcase name="testLeftToRightThenRightToLeft_EINSTEIN_MICHAELA_Returns0" classname="org.apache.commons.codec.language.MatchRatingApproachEncoderTest" time="0.0"/>
  <testcase name="testgetMinRating_5_Returns4_Successfully" classname="org.apache.commons.codec.language.MatchRatingApproachEncoderTest" time="0.0"/>
  <testcase name="testAccentRemoval_NINO_NoChange" classname="org.apache.commons.codec.language.MatchRatingApproachEncoderTest" time="0.001"/>
  <testcase name="testgetMinRating_10_Returns3_Successfully" classname="org.apache.commons.codec.language.MatchRatingApproachEncoderTest" time="0.0"/>
  <testcase name="testGetEncoding_One_Letter_to_Nothing" classname="org.apache.commons.codec.language.MatchRatingApproachEncoderTest" time="0.003"/>
  <testcase name="testAccentRemoval_AllLower_SuccessfullyRemoved" classname="org.apache.commons.codec.language.MatchRatingApproachEncoderTest" time="0.0"/>
  <testcase name="testIsEncodeEquals_CornerCase_SecondNameNothing_ReturnsFalse" classname="org.apache.commons.codec.language.MatchRatingApproachEncoderTest" time="0.001"/>
  <testcase name="testIsEncodeEquals_CornerCase_SecondNameNull_ReturnsFalse" classname="org.apache.commons.codec.language.MatchRatingApproachEncoderTest" time="0.0"/>
  <testcase name="testRemoveVowel__DECLAN_Returns_DCLN" classname="org.apache.commons.codec.language.MatchRatingApproachEncoderTest" time="0.001"/>
  <testcase name="testGetEncoding_Space_to_Nothing" classname="org.apache.commons.codec.language.MatchRatingApproachEncoderTest" time="0.0"/>
  <testcase name="testGetEncoding_SMITH_to_SMTH" classname="org.apache.commons.codec.language.MatchRatingApproachEncoderTest" time="0.0"/>
  <testcase name="testAccentRemoval_WithSpaces_SuccessfullyRemovedAndSpacesInvariant" classname="org.apache.commons.codec.language.MatchRatingApproachEncoderTest" time="0.0"/>
  <testcase name="testCompare_Surname_LEWINSKY_LEVINSKI_SuccessfullyMatched" classname="org.apache.commons.codec.language.MatchRatingApproachEncoderTest" time="0.0"/>
  <testcase name="testIsEncodeEquals_CornerCase_FirstNameNothing_ReturnsFalse" classname="org.apache.commons.codec.language.MatchRatingApproachEncoderTest" time="0.0"/>
  <testcase name="testCompare_SurnamesCornerCase_MURPHY_NoSpace_NoMatch" classname="org.apache.commons.codec.language.MatchRatingApproachEncoderTest" time="0.0"/>
  <testcase name="testIsEncodeEquals_CornerCase_FirstNameNull_ReturnsFalse" classname="org.apache.commons.codec.language.MatchRatingApproachEncoderTest" time="0.0"/>
  <testcase name="testCompare_BRIAN_BRYAN_SuccessfullyMatched" classname="org.apache.commons.codec.language.MatchRatingApproachEncoderTest" time="0.0"/>
  <testcase name="testIsEncodeEquals_CornerCase_FirstNameJustSpace_ReturnsFalse" classname="org.apache.commons.codec.language.MatchRatingApproachEncoderTest" time="0.0"/>
</testsuite>