<?xml version="1.0" encoding="UTF-8"?>
<testsuite xmlns:xsi="http://www.w3.org/2001/XMLSchema-instance" xsi:noNamespaceSchemaLocation="https://maven.apache.org/surefire/maven-surefire-plugin/xsd/surefire-test-report-3.0.xsd" version="3.0" name="org.apache.commons.codec.binary.HexTest" time="0.517" tests="233" errors="0" skipped="0" failures="0">
  <properties>
    <property name="sun.desktop" value="windows"/>
    <property name="awt.toolkit" value="sun.awt.windows.WToolkit"/>
    <property name="file.encoding.pkg" value="sun.io"/>
    <property name="java.specification.version" value="1.8"/>
    <property name="sun.cpu.isalist" value="amd64"/>
    <property name="sun.jnu.encoding" value="Cp1253"/>
    <property name="java.class.path" value="C:\Users\user\Code_generation_LLMs\AutoTestLab\packages\commons-codec-1.17.1-src\target\test-classes;C:\Users\user\Code_generation_LLMs\AutoTestLab\packages\commons-codec-1.17.1-src\target\classes;C:\Users\user\.m2\repository\org\apache\commons\commons-lang3\3.14.0\commons-lang3-3.14.0.jar;C:\Users\user\.m2\repository\commons-io\commons-io\2.16.1\commons-io-2.16.1.jar;C:\Users\user\.m2\repository\org\hamcrest\hamcrest\2.2\hamcrest-2.2.jar;C:\Users\user\.m2\repository\org\junit\jupiter\junit-jupiter-engine\5.11.0-M2\junit-jupiter-engine-5.11.0-M2.jar;C:\Users\user\.m2\repository\org\junit\platform\junit-platform-engine\1.11.0-M2\junit-platform-engine-1.11.0-M2.jar;C:\Users\user\.m2\repository\org\opentest4j\opentest4j\1.3.0\opentest4j-1.3.0.jar;C:\Users\user\.m2\repository\org\junit\platform\junit-platform-commons\1.11.0-M2\junit-platform-commons-1.11.0-M2.jar;C:\Users\user\.m2\repository\org\junit\jupiter\junit-jupiter-api\5.11.0-M2\junit-jupiter-api-5.11.0-M2.jar;C:\Users\user\.m2\repository\org\apiguardian\apiguardian-api\1.1.2\apiguardian-api-1.1.2.jar;C:\Users\user\.m2\repository\org\junit\jupiter\junit-jupiter-params\5.11.0-M2\junit-jupiter-params-5.11.0-M2.jar;"/>
    <property name="java.vm.vendor" value="Oracle Corporation"/>
    <property name="sun.arch.data.model" value="64"/>
    <property name="user.variant" value=""/>
    <property name="java.vendor.url" value="http://java.oracle.com/"/>
    <property name="user.timezone" value="Europe/Athens"/>
    <property name="java.vm.specification.version" value="1.8"/>
    <property name="os.name" value="Windows 10"/>
    <property name="user.country" value="GR"/>
    <property name="sun.java.launcher" value="SUN_STANDARD"/>
    <property name="sun.boot.library.path" value="C:\Program Files\Java\jdk1.8.0_202\jre\bin"/>
    <property name="sun.java.command" value="C:\Users\user\AppData\Local\Temp\surefire6667909798107745085\surefirebooter-20241012111021793_3.jar C:\Users\user\AppData\Local\Temp\surefire6667909798107745085 2024-10-12T11-10-21_608-jvmRun1 surefire-20241012111021793_1tmp surefire_0-20241012111021793_2tmp"/>
    <property name="surefire.test.class.path" value="C:\Users\user\Code_generation_LLMs\AutoTestLab\packages\commons-codec-1.17.1-src\target\test-classes;C:\Users\user\Code_generation_LLMs\AutoTestLab\packages\commons-codec-1.17.1-src\target\classes;C:\Users\user\.m2\repository\org\apache\commons\commons-lang3\3.14.0\commons-lang3-3.14.0.jar;C:\Users\user\.m2\repository\commons-io\commons-io\2.16.1\commons-io-2.16.1.jar;C:\Users\user\.m2\repository\org\hamcrest\hamcrest\2.2\hamcrest-2.2.jar;C:\Users\user\.m2\repository\org\junit\jupiter\junit-jupiter-engine\5.11.0-M2\junit-jupiter-engine-5.11.0-M2.jar;C:\Users\user\.m2\repository\org\junit\platform\junit-platform-engine\1.11.0-M2\junit-platform-engine-1.11.0-M2.jar;C:\Users\user\.m2\repository\org\opentest4j\opentest4j\1.3.0\opentest4j-1.3.0.jar;C:\Users\user\.m2\repository\org\junit\platform\junit-platform-commons\1.11.0-M2\junit-platform-commons-1.11.0-M2.jar;C:\Users\user\.m2\repository\org\junit\jupiter\junit-jupiter-api\5.11.0-M2\junit-jupiter-api-5.11.0-M2.jar;C:\Users\user\.m2\repository\org\apiguardian\apiguardian-api\1.1.2\apiguardian-api-1.1.2.jar;C:\Users\user\.m2\repository\org\junit\jupiter\junit-jupiter-params\5.11.0-M2\junit-jupiter-params-5.11.0-M2.jar;"/>
    <property name="sun.cpu.endian" value="little"/>
    <property name="user.home" value="C:\Users\user"/>
    <property name="user.language" value="el"/>
    <property name="java.specification.vendor" value="Oracle Corporation"/>
    <property name="java.home" value="C:\Program Files\Java\jdk1.8.0_202\jre"/>
    <property name="basedir" value="C:\Users\user\Code_generation_LLMs\AutoTestLab\packages\commons-codec-1.17.1-src"/>
    <property name="file.separator" value="\"/>
    <property name="line.separator" value="&#10;"/>
    <property name="java.vm.specification.vendor" value="Oracle Corporation"/>
    <property name="java.specification.name" value="Java Platform API Specification"/>
    <property name="java.awt.graphicsenv" value="sun.awt.Win32GraphicsEnvironment"/>
    <property name="surefire.real.class.path" value="C:\Users\user\AppData\Local\Temp\surefire6667909798107745085\surefirebooter-20241012111021793_3.jar;C:\\Users\\user\\.m2\\repository\\org\\jacoco\\org.jacoco.agent\\0.8.12\\org.jacoco.agent-0.8.12-runtime.jar"/>
    <property name="sun.boot.class.path" value="C:\Program Files\Java\jdk1.8.0_202\jre\lib\resources.jar;C:\Program Files\Java\jdk1.8.0_202\jre\lib\rt.jar;C:\Program Files\Java\jdk1.8.0_202\jre\lib\sunrsasign.jar;C:\Program Files\Java\jdk1.8.0_202\jre\lib\jsse.jar;C:\Program Files\Java\jdk1.8.0_202\jre\lib\jce.jar;C:\Program Files\Java\jdk1.8.0_202\jre\lib\charsets.jar;C:\Program Files\Java\jdk1.8.0_202\jre\lib\jfr.jar;C:\Program Files\Java\jdk1.8.0_202\jre\classes"/>
    <property name="user.script" value=""/>
    <property name="sun.management.compiler" value="HotSpot 64-Bit Tiered Compilers"/>
    <property name="java.runtime.version" value="1.8.0_202-b08"/>
    <property name="user.name" value="user"/>
    <property name="path.separator" value=";"/>
    <property name="os.version" value="10.0"/>
    <property name="java.endorsed.dirs" value="C:\Program Files\Java\jdk1.8.0_202\jre\lib\endorsed"/>
    <property name="java.runtime.name" value="Java(TM) SE Runtime Environment"/>
    <property name="file.encoding" value="Cp1253"/>
    <property name="java.vm.name" value="Java HotSpot(TM) 64-Bit Server VM"/>
    <property name="localRepository" value="C:\Users\user\.m2\repository"/>
    <property name="java.vendor.url.bug" value="http://bugreport.sun.com/bugreport/"/>
    <property name="java.io.tmpdir" value="C:\Users\user\AppData\Local\Temp\"/>
    <property name="java.version" value="1.8.0_202"/>
    <property name="user.dir" value="C:\Users\user\Code_generation_LLMs\AutoTestLab\packages\commons-codec-1.17.1-src"/>
    <property name="os.arch" value="amd64"/>
    <property name="java.vm.specification.name" value="Java Virtual Machine Specification"/>
    <property name="java.awt.printerjob" value="sun.awt.windows.WPrinterJob"/>
    <property name="sun.os.patch.level" value=""/>
    <property name="java.library.path" value="C:\Program Files\Java\jdk1.8.0_202\jre\bin;C:\WINDOWS\Sun\Java\bin;C:\WINDOWS\system32;C:\WINDOWS;C:\Users\user\miniconda3\envs\myenv;C:\Users\user\miniconda3\envs\myenv\Library\mingw-w64\bin;C:\Users\user\miniconda3\envs\myenv\Library\usr\bin;C:\Users\user\miniconda3\envs\myenv\Library\bin;C:\Users\user\miniconda3\envs\myenv\Scripts;C:\Users\user\miniconda3\envs\myenv\bin;C:\Program Files\NVIDIA\CUDNN\v9.0\bin;C:\Program Files\NVIDIA GPU Computing Toolkit\CUDA\v12.3\bin;C:\Program Files\NVIDIA GPU Computing Toolkit\CUDA\v12.3\libnvvp;C:\Program Files\Common Files\Oracle\Java\javapath;C:\Program Files (x86)\Common Files\Oracle\Java\java8path;C:\Program Files (x86)\Common Files\Oracle\Java\javapath;C:\WINDOWS\system32;C:\WINDOWS;C:\WINDOWS\System32\Wbem;C:\WINDOWS\System32\WindowsPowerShell\v1.0;C:\WINDOWS\System32\OpenSSH;C:\Program Files\Intel\WiFi\bin;C:\Program Files\Common Files\Intel\WirelessCommon;c:\Program Files (x86)\Intel\Intel(R) Management Engine Components\DAL;c:\Program Files\Intel\Intel(R) Management Engine Components\DAL;C:\Users\user\Desktop\Large Scale Data Management;C:\Program Files\Vagrant\bin;C:\Program Files\Git\cmd;C:\Program Files\apache-maven-3.9.6\bin;C:\Program Files\NVIDIA Corporation\Nsight Compute 2023.3.1;C:\Program Files (x86)\NVIDIA Corporation\PhysX\Common;C:\Program Files\NVIDIA Corporation\Installer2;C:\Program Files\nodejs;C:\Users\user\defects4j\framework\bin;C:\Program Files\Java\jdk1.8.0_202\bin;C:\Strawberry\c\bin;C:\Strawberry\perl\site\bin;C:\Strawberry\perl\bin;C:\Users\user\defects4j\framework\bin;C:\Windows\System32;C:\Program Files\TortoiseSVN\bin;C:\Program Files\Java\jdk1.8.0_202\bin;C:\Users\user\miniconda3\envs\ujb;C:\Users\user\miniconda3\envs\ujb\Library\mingw-w64\bin;C:\Users\user\miniconda3\envs\ujb\Library\usr\bin;C:\Users\user\miniconda3\envs\ujb\Library\bin;C:\Users\user\miniconda3\envs\ujb\Scripts;C:\Users\user\miniconda3\envs\ujb\bin;C:\Users\user\miniconda3\condabin;C:\Program Files\NVIDIA\CUDNN\v9.0\bin;C:\Program Files\NVIDIA GPU Computing Toolkit\CUDA\v12.3\bin;C:\Program Files\NVIDIA GPU Computing Toolkit\CUDA\v12.3\libnvvp;C:\Program Files\Common Files\Oracle\Java\javapath;C:\Program Files (x86)\Common Files\Oracle\Java\java8path;C:\Program Files (x86)\Common Files\Oracle\Java\javapath;C:\WINDOWS\system32;C:\WINDOWS;C:\WINDOWS\System32\Wbem;C:\WINDOWS\System32\WindowsPowerShell\v1.0;C:\WINDOWS\System32\OpenSSH;C:\Program Files\Intel\WiFi\bin;C:\Program Files\Common Files\Intel\WirelessCommon;c:\Program Files (x86)\Intel\Intel(R) Management Engine Components\DAL;c:\Program Files\Intel\Intel(R) Management Engine Components\DAL;C:\Users;C:\Users\user\AppData\Local\Programs\Microsoft VS Code\bin;."/>
    <property name="java.vm.info" value="mixed mode"/>
    <property name="java.vendor" value="Oracle Corporation"/>
    <property name="java.vm.version" value="25.202-b08"/>
    <property name="java.ext.dirs" value="C:\Program Files\Java\jdk1.8.0_202\jre\lib\ext;C:\WINDOWS\Sun\Java\lib\ext"/>
    <property name="sun.io.unicode.encoding" value="UnicodeLittle"/>
    <property name="java.class.version" value="52.0"/>
  </properties>
  <testcase name="testEncodeHexByteString_ByteBufferBoolean_ToUpperCase" classname="org.apache.commons.codec.binary.HexTest" time="0.002"/>
  <testcase name="testDecodeHexStringOddCharacters1" classname="org.apache.commons.codec.binary.HexTest" time="0.001"/>
  <testcase name="testEncodeDecodeHexCharArrayRandom" classname="org.apache.commons.codec.binary.HexTest" time="0.014"/>
  <testcase name="testDecodeByteBufferObjectEmpty" classname="org.apache.commons.codec.binary.HexTest" time="0.001"/>
  <testcase name="testEncodeHexByteArrayHelloWorldLowerCaseHex" classname="org.apache.commons.codec.binary.HexTest" time="0.001"/>
  <testcase name="testDecodeByteArrayOddCharacters" classname="org.apache.commons.codec.binary.HexTest" time="0.0"/>
  <testcase name="testDecodeHexCharArrayOddCharacters1" classname="org.apache.commons.codec.binary.HexTest" time="0.001"/>
  <testcase name="testDecodeHexCharArrayOddCharacters3" classname="org.apache.commons.codec.binary.HexTest" time="0.001"/>
  <testcase name="testDecodeHexCharArrayOddCharacters5" classname="org.apache.commons.codec.binary.HexTest" time="0.001"/>
  <testcase name="testDecodeByteBufferOddCharacters" classname="org.apache.commons.codec.binary.HexTest" time="0.001"/>
  <testcase name="testEncodeHexByteBufferHelloWorldLowerCaseHex" classname="org.apache.commons.codec.binary.HexTest" time="0.001"/>
  <testcase name="testEncodeHexByteArrayHelloWorldUpperCaseHex" classname="org.apache.commons.codec.binary.HexTest" time="0.001"/>
  <testcase name="testDecodeByteBufferEmpty" classname="org.apache.commons.codec.binary.HexTest" time="0.001"/>
  <testcase name="testDecodeHexCharArrayOutBufferUnderSized" classname="org.apache.commons.codec.binary.HexTest" time="0.0"/>
  <testcase name="testDecodeHexCharArrayOutBufferUnderSizedByOffset" classname="org.apache.commons.codec.binary.HexTest" time="0.001"/>
  <testcase name="testCustomCharset(String)[1]" classname="org.apache.commons.codec.binary.HexTest" time="0.0"/>
  <testcase name="testCustomCharset(String)[2]" classname="org.apache.commons.codec.binary.HexTest" time="0.0"/>
  <testcase name="testCustomCharset(String)[3]" classname="org.apache.commons.codec.binary.HexTest" time="0.001"/>
  <testcase name="testCustomCharset(String)[4]" classname="org.apache.commons.codec.binary.HexTest" time="0.0"/>
  <testcase name="testCustomCharset(String)[5]" classname="org.apache.commons.codec.binary.HexTest" time="0.001"/>
  <testcase name="testCustomCharset(String)[6]" classname="org.apache.commons.codec.binary.HexTest" time="0.001"/>
  <testcase name="testCustomCharset(String)[7]" classname="org.apache.commons.codec.binary.HexTest" time="0.001"/>
  <testcase name="testCustomCharset(String)[8]" classname="org.apache.commons.codec.binary.HexTest" time="0.001"/>
  <testcase name="testCustomCharset(String)[9]" classname="org.apache.commons.codec.binary.HexTest" time="0.001"/>
  <testcase name="testCustomCharset(String)[10]" classname="org.apache.commons.codec.binary.HexTest" time="0.001"/>
  <testcase name="testCustomCharset(String)[11]" classname="org.apache.commons.codec.binary.HexTest" time="0.0"/>
  <testcase name="testCustomCharset(String)[12]" classname="org.apache.commons.codec.binary.HexTest" time="0.001"/>
  <testcase name="testCustomCharset(String)[13]" classname="org.apache.commons.codec.binary.HexTest" time="0.001"/>
  <testcase name="testCustomCharset(String)[14]" classname="org.apache.commons.codec.binary.HexTest" time="0.0"/>
  <testcase name="testCustomCharset(String)[15]" classname="org.apache.commons.codec.binary.HexTest" time="0.001"/>
  <testcase name="testCustomCharset(String)[16]" classname="org.apache.commons.codec.binary.HexTest" time="0.001"/>
  <testcase name="testCustomCharset(String)[17]" classname="org.apache.commons.codec.binary.HexTest" time="0.001"/>
  <testcase name="testCustomCharset(String)[18]" classname="org.apache.commons.codec.binary.HexTest" time="0.001"/>
  <testcase name="testCustomCharset(String)[19]" classname="org.apache.commons.codec.binary.HexTest" time="0.001"/>
  <testcase name="testCustomCharset(String)[20]" classname="org.apache.commons.codec.binary.HexTest" time="0.001"/>
  <testcase name="testCustomCharset(String)[21]" classname="org.apache.commons.codec.binary.HexTest" time="0.0"/>
  <testcase name="testCustomCharset(String)[22]" classname="org.apache.commons.codec.binary.HexTest" time="0.001"/>
  <testcase name="testCustomCharset(String)[23]" classname="org.apache.commons.codec.binary.HexTest" time="0.0"/>
  <testcase name="testCustomCharset(String)[24]" classname="org.apache.commons.codec.binary.HexTest" time="0.001"/>
  <testcase name="testCustomCharset(String)[25]" classname="org.apache.commons.codec.binary.HexTest" time="0.001"/>
  <testcase name="testCustomCharset(String)[26]" classname="org.apache.commons.codec.binary.HexTest" time="0.0"/>
  <testcase name="testCustomCharset(String)[27]" classname="org.apache.commons.codec.binary.HexTest" time="0.001"/>
  <testcase name="testCustomCharset(String)[28]" classname="org.apache.commons.codec.binary.HexTest" time="0.001"/>
  <testcase name="testCustomCharset(String)[29]" classname="org.apache.commons.codec.binary.HexTest" time="0.0"/>
  <testcase name="testCustomCharset(String)[30]" classname="org.apache.commons.codec.binary.HexTest" time="0.0"/>
  <testcase name="testCustomCharset(String)[31]" classname="org.apache.commons.codec.binary.HexTest" time="0.001"/>
  <testcase name="testCustomCharset(String)[32]" classname="org.apache.commons.codec.binary.HexTest" time="0.003"/>
  <testcase name="testCustomCharset(String)[33]" classname="org.apache.commons.codec.binary.HexTest" time="0.001"/>
  <testcase name="testCustomCharset(String)[34]" classname="org.apache.commons.codec.binary.HexTest" time="0.001"/>
  <testcase name="testCustomCharset(String)[35]" classname="org.apache.commons.codec.binary.HexTest" time="0.0"/>
  <testcase name="testCustomCharset(String)[36]" classname="org.apache.commons.codec.binary.HexTest" time="0.0"/>
  <testcase name="testCustomCharset(String)[37]" classname="org.apache.commons.codec.binary.HexTest" time="0.001"/>
  <testcase name="testCustomCharset(String)[38]" classname="org.apache.commons.codec.binary.HexTest" time="0.0"/>
  <testcase name="testCustomCharset(String)[39]" classname="org.apache.commons.codec.binary.HexTest" time="0.001"/>
  <testcase name="testCustomCharset(String)[40]" classname="org.apache.commons.codec.binary.HexTest" time="0.001"/>
  <testcase name="testCustomCharset(String)[41]" classname="org.apache.commons.codec.binary.HexTest" time="0.001"/>
  <testcase name="testCustomCharset(String)[42]" classname="org.apache.commons.codec.binary.HexTest" time="0.0"/>
  <testcase name="testCustomCharset(String)[43]" classname="org.apache.commons.codec.binary.HexTest" time="0.001"/>
  <testcase name="testCustomCharset(String)[44]" classname="org.apache.commons.codec.binary.HexTest" time="0.003"/>
  <testcase name="testCustomCharset(String)[45]" classname="org.apache.commons.codec.binary.HexTest" time="0.001"/>
  <testcase name="testCustomCharset(String)[46]" classname="org.apache.commons.codec.binary.HexTest" time="0.001"/>
  <testcase name="testCustomCharset(String)[47]" classname="org.apache.commons.codec.binary.HexTest" time="0.001"/>
  <testcase name="testCustomCharset(String)[48]" classname="org.apache.commons.codec.binary.HexTest" time="0.001"/>
  <testcase name="testCustomCharset(String)[49]" classname="org.apache.commons.codec.binary.HexTest" time="0.001"/>
  <testcase name="testCustomCharset(String)[50]" classname="org.apache.commons.codec.binary.HexTest" time="0.001"/>
  <testcase name="testCustomCharset(String)[51]" classname="org.apache.commons.codec.binary.HexTest" time="0.001"/>
  <testcase name="testCustomCharset(String)[52]" classname="org.apache.commons.codec.binary.HexTest" time="0.001"/>
  <testcase name="testCustomCharset(String)[53]" classname="org.apache.commons.codec.binary.HexTest" time="0.001"/>
  <testcase name="testCustomCharset(String)[54]" classname="org.apache.commons.codec.binary.HexTest" time="0.001"/>
  <testcase name="testCustomCharset(String)[55]" classname="org.apache.commons.codec.binary.HexTest" time="0.005"/>
  <testcase name="testCustomCharset(String)[56]" classname="org.apache.commons.codec.binary.HexTest" time="0.001"/>
  <testcase name="testCustomCharset(String)[57]" classname="org.apache.commons.codec.binary.HexTest" time="0.001"/>
  <testcase name="testCustomCharset(String)[58]" classname="org.apache.commons.codec.binary.HexTest" time="0.004"/>
  <testcase name="testCustomCharset(String)[59]" classname="org.apache.commons.codec.binary.HexTest" time="0.001"/>
  <testcase name="testCustomCharset(String)[60]" classname="org.apache.commons.codec.binary.HexTest" time="0.001"/>
  <testcase name="testCustomCharset(String)[61]" classname="org.apache.commons.codec.binary.HexTest" time="0.002"/>
  <testcase name="testCustomCharset(String)[62]" classname="org.apache.commons.codec.binary.HexTest" time="0.0"/>
  <testcase name="testCustomCharset(String)[63]" classname="org.apache.commons.codec.binary.HexTest" time="0.001"/>
  <testcase name="testCustomCharset(String)[64]" classname="org.apache.commons.codec.binary.HexTest" time="0.009"/>
  <testcase name="testCustomCharset(String)[65]" classname="org.apache.commons.codec.binary.HexTest" time="0.0"/>
  <testcase name="testCustomCharset(String)[66]" classname="org.apache.commons.codec.binary.HexTest" time="0.001"/>
  <testcase name="testCustomCharset(String)[67]" classname="org.apache.commons.codec.binary.HexTest" time="0.001"/>
  <testcase name="testCustomCharset(String)[68]" classname="org.apache.commons.codec.binary.HexTest" time="0.001"/>
  <testcase name="testCustomCharset(String)[69]" classname="org.apache.commons.codec.binary.HexTest" time="0.001"/>
  <testcase name="testCustomCharset(String)[70]" classname="org.apache.commons.codec.binary.HexTest" time="0.001"/>
  <testcase name="testCustomCharset(String)[71]" classname="org.apache.commons.codec.binary.HexTest" time="0.001"/>
  <testcase name="testCustomCharset(String)[72]" classname="org.apache.commons.codec.binary.HexTest" time="0.001"/>
  <testcase name="testCustomCharset(String)[73]" classname="org.apache.commons.codec.binary.HexTest" time="0.002"/>
  <testcase name="testCustomCharset(String)[74]" classname="org.apache.commons.codec.binary.HexTest" time="0.002"/>
  <testcase name="testCustomCharset(String)[75]" classname="org.apache.commons.codec.binary.HexTest" time="0.001"/>
  <testcase name="testCustomCharset(String)[76]" classname="org.apache.commons.codec.binary.HexTest" time="0.001"/>
  <testcase name="testCustomCharset(String)[77]" classname="org.apache.commons.codec.binary.HexTest" time="0.007"/>
  <testcase name="testCustomCharset(String)[78]" classname="org.apache.commons.codec.binary.HexTest" time="0.003"/>
  <testcase name="testCustomCharset(String)[79]" classname="org.apache.commons.codec.binary.HexTest" time="0.001"/>
  <testcase name="testCustomCharset(String)[80]" classname="org.apache.commons.codec.binary.HexTest" time="0.001"/>
  <testcase name="testCustomCharset(String)[81]" classname="org.apache.commons.codec.binary.HexTest" time="0.001"/>
  <testcase name="testCustomCharset(String)[82]" classname="org.apache.commons.codec.binary.HexTest" time="0.001"/>
  <testcase name="testCustomCharset(String)[83]" classname="org.apache.commons.codec.binary.HexTest" time="0.001"/>
  <testcase name="testCustomCharset(String)[84]" classname="org.apache.commons.codec.binary.HexTest" time="0.0"/>
  <testcase name="testCustomCharset(String)[85]" classname="org.apache.commons.codec.binary.HexTest" time="0.001"/>
  <testcase name="testCustomCharset(String)[86]" classname="org.apache.commons.codec.binary.HexTest" time="0.001"/>
  <testcase name="testCustomCharset(String)[87]" classname="org.apache.commons.codec.binary.HexTest" time="0.0"/>
  <testcase name="testCustomCharset(String)[88]" classname="org.apache.commons.codec.binary.HexTest" time="0.001"/>
  <testcase name="testCustomCharset(String)[89]" classname="org.apache.commons.codec.binary.HexTest" time="0.002"/>
  <testcase name="testCustomCharset(String)[90]" classname="org.apache.commons.codec.binary.HexTest" time="0.001"/>
  <testcase name="testCustomCharset(String)[91]" classname="org.apache.commons.codec.binary.HexTest" time="0.001"/>
  <testcase name="testCustomCharset(String)[92]" classname="org.apache.commons.codec.binary.HexTest" time="0.001"/>
  <testcase name="testCustomCharset(String)[93]" classname="org.apache.commons.codec.binary.HexTest" time="0.001"/>
  <testcase name="testCustomCharset(String)[94]" classname="org.apache.commons.codec.binary.HexTest" time="0.001"/>
  <testcase name="testCustomCharset(String)[95]" classname="org.apache.commons.codec.binary.HexTest" time="0.001"/>
  <testcase name="testCustomCharset(String)[96]" classname="org.apache.commons.codec.binary.HexTest" time="0.001"/>
  <testcase name="testCustomCharset(String)[97]" classname="org.apache.commons.codec.binary.HexTest" time="0.001"/>
  <testcase name="testCustomCharset(String)[98]" classname="org.apache.commons.codec.binary.HexTest" time="0.002"/>
  <testcase name="testCustomCharset(String)[99]" classname="org.apache.commons.codec.binary.HexTest" time="0.001"/>
  <testcase name="testCustomCharset(String)[100]" classname="org.apache.commons.codec.binary.HexTest" time="0.003"/>
  <testcase name="testCustomCharset(String)[101]" classname="org.apache.commons.codec.binary.HexTest" time="0.0"/>
  <testcase name="testCustomCharset(String)[102]" classname="org.apache.commons.codec.binary.HexTest" time="0.002"/>
  <testcase name="testCustomCharset(String)[103]" classname="org.apache.commons.codec.binary.HexTest" time="0.001"/>
  <testcase name="testCustomCharset(String)[104]" classname="org.apache.commons.codec.binary.HexTest" time="0.001"/>
  <testcase name="testCustomCharset(String)[105]" classname="org.apache.commons.codec.binary.HexTest" time="0.001"/>
  <testcase name="testCustomCharset(String)[106]" classname="org.apache.commons.codec.binary.HexTest" time="0.0"/>
  <testcase name="testCustomCharset(String)[107]" classname="org.apache.commons.codec.binary.HexTest" time="0.002"/>
  <testcase name="testCustomCharset(String)[108]" classname="org.apache.commons.codec.binary.HexTest" time="0.002"/>
  <testcase name="testCustomCharset(String)[109]" classname="org.apache.commons.codec.binary.HexTest" time="0.001"/>
  <testcase name="testCustomCharset(String)[110]" classname="org.apache.commons.codec.binary.HexTest" time="0.001"/>
  <testcase name="testCustomCharset(String)[111]" classname="org.apache.commons.codec.binary.HexTest" time="0.001"/>
  <testcase name="testCustomCharset(String)[112]" classname="org.apache.commons.codec.binary.HexTest" time="0.001"/>
  <testcase name="testCustomCharset(String)[113]" classname="org.apache.commons.codec.binary.HexTest" time="0.001"/>
  <testcase name="testCustomCharset(String)[114]" classname="org.apache.commons.codec.binary.HexTest" time="0.001"/>
  <testcase name="testCustomCharset(String)[115]" classname="org.apache.commons.codec.binary.HexTest" time="0.003"/>
  <testcase name="testCustomCharset(String)[116]" classname="org.apache.commons.codec.binary.HexTest" time="0.001"/>
  <testcase name="testCustomCharset(String)[117]" classname="org.apache.commons.codec.binary.HexTest" time="0.001"/>
  <testcase name="testCustomCharset(String)[118]" classname="org.apache.commons.codec.binary.HexTest" time="0.0"/>
  <testcase name="testCustomCharset(String)[119]" classname="org.apache.commons.codec.binary.HexTest" time="0.001"/>
  <testcase name="testCustomCharset(String)[120]" classname="org.apache.commons.codec.binary.HexTest" time="0.001"/>
  <testcase name="testCustomCharset(String)[121]" classname="org.apache.commons.codec.binary.HexTest" time="0.0"/>
  <testcase name="testCustomCharset(String)[122]" classname="org.apache.commons.codec.binary.HexTest" time="0.0"/>
  <testcase name="testCustomCharset(String)[123]" classname="org.apache.commons.codec.binary.HexTest" time="0.001"/>
  <testcase name="testCustomCharset(String)[124]" classname="org.apache.commons.codec.binary.HexTest" time="0.001"/>
  <testcase name="testCustomCharset(String)[125]" classname="org.apache.commons.codec.binary.HexTest" time="0.001"/>
  <testcase name="testCustomCharset(String)[126]" classname="org.apache.commons.codec.binary.HexTest" time="0.002"/>
  <testcase name="testCustomCharset(String)[127]" classname="org.apache.commons.codec.binary.HexTest" time="0.0"/>
  <testcase name="testCustomCharset(String)[128]" classname="org.apache.commons.codec.binary.HexTest" time="0.002"/>
  <testcase name="testCustomCharset(String)[129]" classname="org.apache.commons.codec.binary.HexTest" time="0.001"/>
  <testcase name="testCustomCharset(String)[130]" classname="org.apache.commons.codec.binary.HexTest" time="0.002"/>
  <testcase name="testCustomCharset(String)[131]" classname="org.apache.commons.codec.binary.HexTest" time="0.001"/>
  <testcase name="testCustomCharset(String)[132]" classname="org.apache.commons.codec.binary.HexTest" time="0.001"/>
  <testcase name="testCustomCharset(String)[133]" classname="org.apache.commons.codec.binary.HexTest" time="0.001"/>
  <testcase name="testCustomCharset(String)[134]" classname="org.apache.commons.codec.binary.HexTest" time="0.001"/>
  <testcase name="testCustomCharset(String)[135]" classname="org.apache.commons.codec.binary.HexTest" time="0.001"/>
  <testcase name="testCustomCharset(String)[136]" classname="org.apache.commons.codec.binary.HexTest" time="0.004"/>
  <testcase name="testCustomCharset(String)[137]" classname="org.apache.commons.codec.binary.HexTest" time="0.009"/>
  <testcase name="testCustomCharset(String)[138]" classname="org.apache.commons.codec.binary.HexTest" time="0.001"/>
  <testcase name="testCustomCharset(String)[139]" classname="org.apache.commons.codec.binary.HexTest" time="0.0"/>
  <testcase name="testCustomCharset(String)[140]" classname="org.apache.commons.codec.binary.HexTest" time="0.001"/>
  <testcase name="testCustomCharset(String)[141]" classname="org.apache.commons.codec.binary.HexTest" time="0.001"/>
  <testcase name="testCustomCharset(String)[142]" classname="org.apache.commons.codec.binary.HexTest" time="0.001"/>
  <testcase name="testCustomCharset(String)[143]" classname="org.apache.commons.codec.binary.HexTest" time="0.001"/>
  <testcase name="testCustomCharset(String)[144]" classname="org.apache.commons.codec.binary.HexTest" time="0.0"/>
  <testcase name="testCustomCharset(String)[145]" classname="org.apache.commons.codec.binary.HexTest" time="0.0"/>
  <testcase name="testCustomCharset(String)[146]" classname="org.apache.commons.codec.binary.HexTest" time="0.001"/>
  <testcase name="testCustomCharset(String)[147]" classname="org.apache.commons.codec.binary.HexTest" time="0.001"/>
  <testcase name="testCustomCharset(String)[148]" classname="org.apache.commons.codec.binary.HexTest" time="0.002"/>
  <testcase name="testCustomCharset(String)[149]" classname="org.apache.commons.codec.binary.HexTest" time="0.001"/>
  <testcase name="testCustomCharset(String)[150]" classname="org.apache.commons.codec.binary.HexTest" time="0.001"/>
  <testcase name="testCustomCharset(String)[151]" classname="org.apache.commons.codec.binary.HexTest" time="0.001"/>
  <testcase name="testCustomCharset(String)[152]" classname="org.apache.commons.codec.binary.HexTest" time="0.001"/>
  <testcase name="testCustomCharset(String)[153]" classname="org.apache.commons.codec.binary.HexTest" time="0.0"/>
  <testcase name="testCustomCharset(String)[154]" classname="org.apache.commons.codec.binary.HexTest" time="0.0"/>
  <testcase name="testCustomCharset(String)[155]" classname="org.apache.commons.codec.binary.HexTest" time="0.0"/>
  <testcase name="testCustomCharset(String)[156]" classname="org.apache.commons.codec.binary.HexTest" time="0.0"/>
  <testcase name="testCustomCharset(String)[157]" classname="org.apache.commons.codec.binary.HexTest" time="0.0"/>
  <testcase name="testCustomCharset(String)[158]" classname="org.apache.commons.codec.binary.HexTest" time="0.0"/>
  <testcase name="testCustomCharset(String)[159]" classname="org.apache.commons.codec.binary.HexTest" time="0.0"/>
  <testcase name="testCustomCharset(String)[160]" classname="org.apache.commons.codec.binary.HexTest" time="0.001"/>
  <testcase name="testCustomCharset(String)[161]" classname="org.apache.commons.codec.binary.HexTest" time="0.001"/>
  <testcase name="testCustomCharset(String)[162]" classname="org.apache.commons.codec.binary.HexTest" time="0.001"/>
  <testcase name="testCustomCharset(String)[163]" classname="org.apache.commons.codec.binary.HexTest" time="0.001"/>
  <testcase name="testCustomCharset(String)[164]" classname="org.apache.commons.codec.binary.HexTest" time="0.001"/>
  <testcase name="testCustomCharset(String)[165]" classname="org.apache.commons.codec.binary.HexTest" time="0.001"/>
  <testcase name="testCustomCharset(String)[166]" classname="org.apache.commons.codec.binary.HexTest" time="0.0"/>
  <testcase name="testCustomCharset(String)[167]" classname="org.apache.commons.codec.binary.HexTest" time="0.0"/>
  <testcase name="testCustomCharset(String)[168]" classname="org.apache.commons.codec.binary.HexTest" time="0.001"/>
  <testcase name="testCustomCharset(String)[169]" classname="org.apache.commons.codec.binary.HexTest" time="0.001"/>
  <testcase name="testCustomCharset(String)[170]" classname="org.apache.commons.codec.binary.HexTest" time="0.001"/>
  <testcase name="testEncodeHexByteArrayZeroes" classname="org.apache.commons.codec.binary.HexTest" time="0.0"/>
  <testcase name="testEncodeClassCastException" classname="org.apache.commons.codec.binary.HexTest" time="0.001"/>
  <testcase name="testEncodeByteBufferObjectEmpty" classname="org.apache.commons.codec.binary.HexTest" time="0.001"/>
  <testcase name="testDecodeHexStringOddCharacters" classname="org.apache.commons.codec.binary.HexTest" time="0.0"/>
  <testcase name="testDecodeStringEmpty" classname="org.apache.commons.codec.binary.HexTest" time="0.001"/>
  <testcase name="testEncodeHexByteString_ByteBufferOfZeroesWithLimit" classname="org.apache.commons.codec.binary.HexTest" time="0.0"/>
  <testcase name="testEncodeHexByteString_ByteArrayBoolean_ToLowerCase" classname="org.apache.commons.codec.binary.HexTest" time="0.001"/>
  <testcase name="testEncodeHexByteBufferHelloWorldUpperCaseHex" classname="org.apache.commons.codec.binary.HexTest" time="0.0"/>
  <testcase name="testCustomCharsetBadName" classname="org.apache.commons.codec.binary.HexTest" time="0.0"/>
  <testcase name="testEncodeByteBufferEmpty" classname="org.apache.commons.codec.binary.HexTest" time="0.001"/>
  <testcase name="testEncodeByteArrayObjectEmpty" classname="org.apache.commons.codec.binary.HexTest" time="0.0"/>
  <testcase name="testEncodeHex_ByteBufferWithLimit" classname="org.apache.commons.codec.binary.HexTest" time="0.001"/>
  <testcase name="testDecodeByteBufferAllocatedButEmpty" classname="org.apache.commons.codec.binary.HexTest" time="0.0"/>
  <testcase name="testEncodeHexReadOnlyByteBuffer" classname="org.apache.commons.codec.binary.HexTest" time="0.0"/>
  <testcase name="testDecodeByteBufferWithLimitOddCharacters" classname="org.apache.commons.codec.binary.HexTest" time="0.0"/>
  <testcase name="testDecodeBadCharacterPos0" classname="org.apache.commons.codec.binary.HexTest" time="0.0"/>
  <testcase name="testDecodeBadCharacterPos1" classname="org.apache.commons.codec.binary.HexTest" time="0.001"/>
  <testcase name="testDecodeHexStringEmpty" classname="org.apache.commons.codec.binary.HexTest" time="0.0"/>
  <testcase name="testEncodeHexByteString_ByteBufferWithLimitBoolean_ToLowerCase" classname="org.apache.commons.codec.binary.HexTest" time="0.0"/>
  <testcase name="testEncodeHexByteString_ByteArrayBoolean_ToUpperCase" classname="org.apache.commons.codec.binary.HexTest" time="0.001"/>
  <testcase name="testEncodeHexByteString_ByteArrayOfZeroes" classname="org.apache.commons.codec.binary.HexTest" time="0.0"/>
  <testcase name="testEncodeStringEmpty" classname="org.apache.commons.codec.binary.HexTest" time="0.0"/>
  <testcase name="testEncodeHexPartialInput" classname="org.apache.commons.codec.binary.HexTest" time="0.001"/>
  <testcase name="testDecodeByteArrayEmpty" classname="org.apache.commons.codec.binary.HexTest" time="0.0"/>
  <testcase name="testEncodeHex_ByteBufferOfZeroes" classname="org.apache.commons.codec.binary.HexTest" time="0.0"/>
  <testcase name="testEncodeHexPartialInputOverbounds" classname="org.apache.commons.codec.binary.HexTest" time="0.0"/>
  <testcase name="testGetCharset" classname="org.apache.commons.codec.binary.HexTest" time="0.0"/>
  <testcase name="testEncodeHexByteString_ByteBufferWithLimitBoolean_ToUpperCase" classname="org.apache.commons.codec.binary.HexTest" time="0.0"/>
  <testcase name="testGetCharsetName" classname="org.apache.commons.codec.binary.HexTest" time="0.0"/>
  <testcase name="testDecodeClassCastException" classname="org.apache.commons.codec.binary.HexTest" time="0.0"/>
  <testcase name="testEncodeHexByteString_ByteBufferOfZeroes" classname="org.apache.commons.codec.binary.HexTest" time="0.0"/>
  <testcase name="testEncodeDecodeHexCharArrayRandomToOutput" classname="org.apache.commons.codec.binary.HexTest" time="0.003"/>
  <testcase name="testEncodeHexByteString_ByteBufferBoolean_ToLowerCase" classname="org.apache.commons.codec.binary.HexTest" time="0.0"/>
  <testcase name="testDecodeByteArrayObjectEmpty" classname="org.apache.commons.codec.binary.HexTest" time="0.0"/>
  <testcase name="testEncodeByteArrayEmpty" classname="org.apache.commons.codec.binary.HexTest" time="0.001"/>
  <testcase name="testEncodeByteBufferAllocatedButEmpty" classname="org.apache.commons.codec.binary.HexTest" time="0.0"/>
  <testcase name="testDecodeByteBufferWithLimit" classname="org.apache.commons.codec.binary.HexTest" time="0.0"/>
  <testcase name="testRequiredCharset(Charset)[1]" classname="org.apache.commons.codec.binary.HexTest" time="0.0"/>
  <testcase name="testRequiredCharset(Charset)[2]" classname="org.apache.commons.codec.binary.HexTest" time="0.0"/>
  <testcase name="testRequiredCharset(Charset)[3]" classname="org.apache.commons.codec.binary.HexTest" time="0.0"/>
  <testcase name="testRequiredCharset(Charset)[4]" classname="org.apache.commons.codec.binary.HexTest" time="0.0"/>
  <testcase name="testRequiredCharset(Charset)[5]" classname="org.apache.commons.codec.binary.HexTest" time="0.001"/>
  <testcase name="testRequiredCharset(Charset)[6]" classname="org.apache.commons.codec.binary.HexTest" time="0.001"/>
  <testcase name="testCustomCharsetToString" classname="org.apache.commons.codec.binary.HexTest" time="0.0"/>
  <testcase name="testEncodeHexByteBufferEmpty" classname="org.apache.commons.codec.binary.HexTest" time="0.0"/>
  <testcase name="testEncodeHexByteArrayEmpty" classname="org.apache.commons.codec.binary.HexTest" time="0.0"/>
  <testcase name="testEncodeHexPartialInputUnderbounds" classname="org.apache.commons.codec.binary.HexTest" time="0.001"/>
  <testcase name="testDecodeHexCharArrayEmpty" classname="org.apache.commons.codec.binary.HexTest" time="0.0"/>
</testsuite>