<?xml version="1.0" encoding="UTF-8"?>
<testsuite xmlns:xsi="http://www.w3.org/2001/XMLSchema-instance" xsi:noNamespaceSchemaLocation="https://maven.apache.org/surefire/maven-surefire-plugin/xsd/surefire-test-report-3.0.xsd" version="3.0" name="org.apache.commons.codec.language.bm.RuleTest" time="0.002" tests="3" errors="0" skipped="0" failures="0">
  <properties>
    <property name="sun.desktop" value="windows"/>
    <property name="awt.toolkit" value="sun.awt.windows.WToolkit"/>
    <property name="file.encoding.pkg" value="sun.io"/>
    <property name="java.specification.version" value="1.8"/>
    <property name="sun.cpu.isalist" value="amd64"/>
    <property name="sun.jnu.encoding" value="Cp1253"/>
    <property name="java.class.path" value="C:\Users\user\Code_generation_LLMs\AutoTestLab\packages\commons-codec-1.17.1-src\target\test-classes;C:\Users\user\Code_generation_LLMs\AutoTestLab\packages\commons-codec-1.17.1-src\target\classes;C:\Users\user\.m2\repository\org\apache\commons\commons-lang3\3.14.0\commons-lang3-3.14.0.jar;C:\Users\user\.m2\repository\commons-io\commons-io\2.16.1\commons-io-2.16.1.jar;C:\Users\user\.m2\repository\org\hamcrest\hamcrest\2.2\hamcrest-2.2.jar;C:\Users\user\.m2\repository\org\junit\jupiter\junit-jupiter-engine\5.11.0-M2\junit-jupiter-engine-5.11.0-M2.jar;C:\Users\user\.m2\repository\org\junit\platform\junit-platform-engine\1.11.0-M2\junit-platform-engine-1.11.0-M2.jar;C:\Users\user\.m2\repository\org\opentest4j\opentest4j\1.3.0\opentest4j-1.3.0.jar;C:\Users\user\.m2\repository\org\junit\platform\junit-platform-commons\1.11.0-M2\junit-platform-commons-1.11.0-M2.jar;C:\Users\user\.m2\repository\org\junit\jupiter\junit-jupiter-api\5.11.0-M2\junit-jupiter-api-5.11.0-M2.jar;C:\Users\user\.m2\repository\org\apiguardian\apiguardian-api\1.1.2\apiguardian-api-1.1.2.jar;C:\Users\user\.m2\repository\org\junit\jupiter\junit-jupiter-params\5.11.0-M2\junit-jupiter-params-5.11.0-M2.jar;"/>
    <property name="java.vm.vendor" value="Oracle Corporation"/>
    <property name="sun.arch.data.model" value="64"/>
    <property name="user.variant" value=""/>
    <property name="java.vendor.url" value="http://java.oracle.com/"/>
    <property name="user.timezone" value="Europe/Athens"/>
    <property name="java.vm.specification.version" value="1.8"/>
    <property name="os.name" value="Windows 10"/>
    <property name="user.country" value="GR"/>
    <property name="sun.java.launcher" value="SUN_STANDARD"/>
    <property name="sun.boot.library.path" value="C:\Program Files\Java\jdk1.8.0_202\jre\bin"/>
    <property name="sun.java.command" value="C:\Users\user\AppData\Local\Temp\surefire6667909798107745085\surefirebooter-20241012111021793_3.jar C:\Users\user\AppData\Local\Temp\surefire6667909798107745085 2024-10-12T11-10-21_608-jvmRun1 surefire-20241012111021793_1tmp surefire_0-20241012111021793_2tmp"/>
    <property name="surefire.test.class.path" value="C:\Users\user\Code_generation_LLMs\AutoTestLab\packages\commons-codec-1.17.1-src\target\test-classes;C:\Users\user\Code_generation_LLMs\AutoTestLab\packages\commons-codec-1.17.1-src\target\classes;C:\Users\user\.m2\repository\org\apache\commons\commons-lang3\3.14.0\commons-lang3-3.14.0.jar;C:\Users\user\.m2\repository\commons-io\commons-io\2.16.1\commons-io-2.16.1.jar;C:\Users\user\.m2\repository\org\hamcrest\hamcrest\2.2\hamcrest-2.2.jar;C:\Users\user\.m2\repository\org\junit\jupiter\junit-jupiter-engine\5.11.0-M2\junit-jupiter-engine-5.11.0-M2.jar;C:\Users\user\.m2\repository\org\junit\platform\junit-platform-engine\1.11.0-M2\junit-platform-engine-1.11.0-M2.jar;C:\Users\user\.m2\repository\org\opentest4j\opentest4j\1.3.0\opentest4j-1.3.0.jar;C:\Users\user\.m2\repository\org\junit\platform\junit-platform-commons\1.11.0-M2\junit-platform-commons-1.11.0-M2.jar;C:\Users\user\.m2\repository\org\junit\jupiter\junit-jupiter-api\5.11.0-M2\junit-jupiter-api-5.11.0-M2.jar;C:\Users\user\.m2\repository\org\apiguardian\apiguardian-api\1.1.2\apiguardian-api-1.1.2.jar;C:\Users\user\.m2\repository\org\junit\jupiter\junit-jupiter-params\5.11.0-M2\junit-jupiter-params-5.11.0-M2.jar;"/>
    <property name="sun.cpu.endian" value="little"/>
    <property name="user.home" value="C:\Users\user"/>
    <property name="user.language" value="el"/>
    <property name="java.specification.vendor" value="Oracle Corporation"/>
    <property name="java.home" value="C:\Program Files\Java\jdk1.8.0_202\jre"/>
    <property name="basedir" value="C:\Users\user\Code_generation_LLMs\AutoTestLab\packages\commons-codec-1.17.1-src"/>
    <property name="file.separator" value="\"/>
    <property name="line.separator" value="&#10;"/>
    <property name="java.vm.specification.vendor" value="Oracle Corporation"/>
    <property name="java.specification.name" value="Java Platform API Specification"/>
    <property name="java.awt.graphicsenv" value="sun.awt.Win32GraphicsEnvironment"/>
    <property name="surefire.real.class.path" value="C:\Users\user\AppData\Local\Temp\surefire6667909798107745085\surefirebooter-20241012111021793_3.jar;C:\\Users\\user\\.m2\\repository\\org\\jacoco\\org.jacoco.agent\\0.8.12\\org.jacoco.agent-0.8.12-runtime.jar"/>
    <property name="sun.boot.class.path" value="C:\Program Files\Java\jdk1.8.0_202\jre\lib\resources.jar;C:\Program Files\Java\jdk1.8.0_202\jre\lib\rt.jar;C:\Program Files\Java\jdk1.8.0_202\jre\lib\sunrsasign.jar;C:\Program Files\Java\jdk1.8.0_202\jre\lib\jsse.jar;C:\Program Files\Java\jdk1.8.0_202\jre\lib\jce.jar;C:\Program Files\Java\jdk1.8.0_202\jre\lib\charsets.jar;C:\Program Files\Java\jdk1.8.0_202\jre\lib\jfr.jar;C:\Program Files\Java\jdk1.8.0_202\jre\classes"/>
    <property name="user.script" value=""/>
    <property name="sun.management.compiler" value="HotSpot 64-Bit Tiered Compilers"/>
    <property name="java.runtime.version" value="1.8.0_202-b08"/>
    <property name="user.name" value="user"/>
    <property name="path.separator" value=";"/>
    <property name="os.version" value="10.0"/>
    <property name="java.endorsed.dirs" value="C:\Program Files\Java\jdk1.8.0_202\jre\lib\endorsed"/>
    <property name="java.runtime.name" value="Java(TM) SE Runtime Environment"/>
    <property name="file.encoding" value="Cp1253"/>
    <property name="java.vm.name" value="Java HotSpot(TM) 64-Bit Server VM"/>
    <property name="localRepository" value="C:\Users\user\.m2\repository"/>
    <property name="java.vendor.url.bug" value="http://bugreport.sun.com/bugreport/"/>
    <property name="java.io.tmpdir" value="C:\Users\user\AppData\Local\Temp\"/>
    <property name="java.version" value="1.8.0_202"/>
    <property name="user.dir" value="C:\Users\user\Code_generation_LLMs\AutoTestLab\packages\commons-codec-1.17.1-src"/>
    <property name="os.arch" value="amd64"/>
    <property name="java.vm.specification.name" value="Java Virtual Machine Specification"/>
    <property name="java.awt.printerjob" value="sun.awt.windows.WPrinterJob"/>
    <property name="sun.os.patch.level" value=""/>
    <property name="java.library.path" value="C:\Program Files\Java\jdk1.8.0_202\jre\bin;C:\WINDOWS\Sun\Java\bin;C:\WINDOWS\system32;C:\WINDOWS;C:\Users\user\miniconda3\envs\myenv;C:\Users\user\miniconda3\envs\myenv\Library\mingw-w64\bin;C:\Users\user\miniconda3\envs\myenv\Library\usr\bin;C:\Users\user\miniconda3\envs\myenv\Library\bin;C:\Users\user\miniconda3\envs\myenv\Scripts;C:\Users\user\miniconda3\envs\myenv\bin;C:\Program Files\NVIDIA\CUDNN\v9.0\bin;C:\Program Files\NVIDIA GPU Computing Toolkit\CUDA\v12.3\bin;C:\Program Files\NVIDIA GPU Computing Toolkit\CUDA\v12.3\libnvvp;C:\Program Files\Common Files\Oracle\Java\javapath;C:\Program Files (x86)\Common Files\Oracle\Java\java8path;C:\Program Files (x86)\Common Files\Oracle\Java\javapath;C:\WINDOWS\system32;C:\WINDOWS;C:\WINDOWS\System32\Wbem;C:\WINDOWS\System32\WindowsPowerShell\v1.0;C:\WINDOWS\System32\OpenSSH;C:\Program Files\Intel\WiFi\bin;C:\Program Files\Common Files\Intel\WirelessCommon;c:\Program Files (x86)\Intel\Intel(R) Management Engine Components\DAL;c:\Program Files\Intel\Intel(R) Management Engine Components\DAL;C:\Users\user\Desktop\Large Scale Data Management;C:\Program Files\Vagrant\bin;C:\Program Files\Git\cmd;C:\Program Files\apache-maven-3.9.6\bin;C:\Program Files\NVIDIA Corporation\Nsight Compute 2023.3.1;C:\Program Files (x86)\NVIDIA Corporation\PhysX\Common;C:\Program Files\NVIDIA Corporation\Installer2;C:\Program Files\nodejs;C:\Users\user\defects4j\framework\bin;C:\Program Files\Java\jdk1.8.0_202\bin;C:\Strawberry\c\bin;C:\Strawberry\perl\site\bin;C:\Strawberry\perl\bin;C:\Users\user\defects4j\framework\bin;C:\Windows\System32;C:\Program Files\TortoiseSVN\bin;C:\Program Files\Java\jdk1.8.0_202\bin;C:\Users\user\miniconda3\envs\ujb;C:\Users\user\miniconda3\envs\ujb\Library\mingw-w64\bin;C:\Users\user\miniconda3\envs\ujb\Library\usr\bin;C:\Users\user\miniconda3\envs\ujb\Library\bin;C:\Users\user\miniconda3\envs\ujb\Scripts;C:\Users\user\miniconda3\envs\ujb\bin;C:\Users\user\miniconda3\condabin;C:\Program Files\NVIDIA\CUDNN\v9.0\bin;C:\Program Files\NVIDIA GPU Computing Toolkit\CUDA\v12.3\bin;C:\Program Files\NVIDIA GPU Computing Toolkit\CUDA\v12.3\libnvvp;C:\Program Files\Common Files\Oracle\Java\javapath;C:\Program Files (x86)\Common Files\Oracle\Java\java8path;C:\Program Files (x86)\Common Files\Oracle\Java\javapath;C:\WINDOWS\system32;C:\WINDOWS;C:\WINDOWS\System32\Wbem;C:\WINDOWS\System32\WindowsPowerShell\v1.0;C:\WINDOWS\System32\OpenSSH;C:\Program Files\Intel\WiFi\bin;C:\Program Files\Common Files\Intel\WirelessCommon;c:\Program Files (x86)\Intel\Intel(R) Management Engine Components\DAL;c:\Program Files\Intel\Intel(R) Management Engine Components\DAL;C:\Users;C:\Users\user\AppData\Local\Programs\Microsoft VS Code\bin;."/>
    <property name="java.vm.info" value="mixed mode"/>
    <property name="java.vendor" value="Oracle Corporation"/>
    <property name="java.vm.version" value="25.202-b08"/>
    <property name="java.ext.dirs" value="C:\Program Files\Java\jdk1.8.0_202\jre\lib\ext;C:\WINDOWS\Sun\Java\lib\ext"/>
    <property name="sun.io.unicode.encoding" value="UnicodeLittle"/>
    <property name="java.class.version" value="52.0"/>
  </properties>
  <testcase name="testPhonemeComparedToLaterIsNegative" classname="org.apache.commons.codec.language.bm.RuleTest" time="0.001"/>
  <testcase name="testSubSequenceWorks" classname="org.apache.commons.codec.language.bm.RuleTest" time="0.001"/>
  <testcase name="testPhonemeComparedToSelfIsZero" classname="org.apache.commons.codec.language.bm.RuleTest" time="0.0"/>
</testsuite>