<?xml version="1.0" encoding="UTF-8"?>
<testsuite xmlns:xsi="http://www.w3.org/2001/XMLSchema-instance" xsi:noNamespaceSchemaLocation="https://maven.apache.org/surefire/maven-surefire-plugin/xsd/surefire-test-report-3.0.xsd" version="3.0" name="org.apache.commons.configuration2.io.TestFileHandler" time="0.465" tests="85" errors="0" skipped="0" failures="0">
  <properties>
    <property name="sun.desktop" value="windows"/>
    <property name="key1" value="value1"/>
    <property name="awt.toolkit" value="sun.awt.windows.WToolkit"/>
    <property name="key2" value="value2"/>
    <property name="file.encoding.pkg" value="sun.io"/>
    <property name="java.specification.version" value="1.8"/>
    <property name="sun.cpu.isalist" value="amd64"/>
    <property name="key3" value="value3"/>
    <property name="sun.jnu.encoding" value="Cp1253"/>
    <property name="java.class.path" value="C:\Users\user\Code_generation_LLMs\AutoTestLab\packages\commons-configuration2-2.11.0-src\target\test-classes;C:\Users\user\Code_generation_LLMs\AutoTestLab\packages\commons-configuration2-2.11.0-src\target\classes;C:\Users\user\.m2\repository\org\apache\commons\commons-lang3\3.14.0\commons-lang3-3.14.0.jar;C:\Users\user\.m2\repository\org\apache\commons\commons-text\1.12.0\commons-text-1.12.0.jar;C:\Users\user\.m2\repository\commons-logging\commons-logging\1.3.2\commons-logging-1.3.2.jar;C:\Users\user\.m2\repository\commons-beanutils\commons-beanutils\1.9.4\commons-beanutils-1.9.4.jar;C:\Users\user\.m2\repository\commons-collections\commons-collections\3.2.2\commons-collections-3.2.2.jar;C:\Users\user\.m2\repository\commons-codec\commons-codec\1.17.0\commons-codec-1.17.0.jar;C:\Users\user\.m2\repository\org\apache\commons\commons-jexl\2.1.1\commons-jexl-2.1.1.jar;C:\Users\user\.m2\repository\org\apache\commons\commons-vfs2\2.9.0\commons-vfs2-2.9.0.jar;C:\Users\user\.m2\repository\org\apache\hadoop\hadoop-hdfs-client\3.3.1\hadoop-hdfs-client-3.3.1.jar;C:\Users\user\.m2\repository\com\squareup\okhttp\okhttp\2.7.5\okhttp-2.7.5.jar;C:\Users\user\.m2\repository\com\squareup\okio\okio\1.6.0\okio-1.6.0.jar;C:\Users\user\.m2\repository\commons-jxpath\commons-jxpath\1.3\commons-jxpath-1.3.jar;C:\Users\user\.m2\repository\xml-resolver\xml-resolver\1.2\xml-resolver-1.2.jar;C:\Users\user\.m2\repository\org\springframework\spring-core\5.3.35\spring-core-5.3.35.jar;C:\Users\user\.m2\repository\org\springframework\spring-beans\5.3.35\spring-beans-5.3.35.jar;C:\Users\user\.m2\repository\org\springframework\spring-context\5.3.35\spring-context-5.3.35.jar;C:\Users\user\.m2\repository\org\springframework\spring-aop\5.3.35\spring-aop-5.3.35.jar;C:\Users\user\.m2\repository\org\springframework\spring-expression\5.3.35\spring-expression-5.3.35.jar;C:\Users\user\.m2\repository\org\springframework\spring-test\5.3.35\spring-test-5.3.35.jar;C:\Users\user\.m2\repository\javax\servlet\servlet-api\2.5\servlet-api-2.5.jar;C:\Users\user\.m2\repository\org\yaml\snakeyaml\2.2\snakeyaml-2.2.jar;C:\Users\user\.m2\repository\com\fasterxml\jackson\core\jackson-databind\2.17.1\jackson-databind-2.17.1.jar;C:\Users\user\.m2\repository\com\fasterxml\jackson\core\jackson-annotations\2.17.1\jackson-annotations-2.17.1.jar;C:\Users\user\.m2\repository\com\fasterxml\jackson\core\jackson-core\2.17.1\jackson-core-2.17.1.jar;C:\Users\user\.m2\repository\org\apache\commons\commons-dbcp2\2.12.0\commons-dbcp2-2.12.0.jar;C:\Users\user\.m2\repository\jakarta\transaction\jakarta.transaction-api\1.3.3\jakarta.transaction-api-1.3.3.jar;C:\Users\user\.m2\repository\commons-io\commons-io\2.16.1\commons-io-2.16.1.jar;C:\Users\user\.m2\repository\org\apache\commons\commons-pool2\2.12.0\commons-pool2-2.12.0.jar;C:\Users\user\.m2\repository\org\hsqldb\hsqldb\2.5.2\hsqldb-2.5.2.jar;C:\Users\user\.m2\repository\org\dbunit\dbunit\2.7.3\dbunit-2.7.3.jar;C:\Users\user\.m2\repository\org\postgresql\postgresql\42.3.1\postgresql-42.3.1.jar;C:\Users\user\.m2\repository\org\checkerframework\checker-qual\3.5.0\checker-qual-3.5.0.jar;C:\Users\user\.m2\repository\com\oracle\database\jdbc\ojdbc8\19.3.0.0\ojdbc8-19.3.0.0.jar;C:\Users\user\.m2\repository\com\oracle\database\jdbc\ucp\19.3.0.0\ucp-19.3.0.0.jar;C:\Users\user\.m2\repository\com\oracle\database\security\oraclepki\19.3.0.0\oraclepki-19.3.0.0.jar;C:\Users\user\.m2\repository\com\oracle\database\security\osdt_cert\19.3.0.0\osdt_cert-19.3.0.0.jar;C:\Users\user\.m2\repository\com\oracle\database\security\osdt_core\19.3.0.0\osdt_core-19.3.0.0.jar;C:\Users\user\.m2\repository\com\oracle\database\ha\simplefan\19.3.0.0\simplefan-19.3.0.0.jar;C:\Users\user\.m2\repository\com\oracle\database\ha\ons\19.3.0.0\ons-19.3.0.0.jar;C:\Users\user\.m2\repository\org\junit\jupiter\junit-jupiter\5.11.0-M1\junit-jupiter-5.11.0-M1.jar;C:\Users\user\.m2\repository\org\junit\jupiter\junit-jupiter-api\5.11.0-M1\junit-jupiter-api-5.11.0-M1.jar;C:\Users\user\.m2\repository\org\opentest4j\opentest4j\1.3.0\opentest4j-1.3.0.jar;C:\Users\user\.m2\repository\org\junit\platform\junit-platform-commons\1.11.0-M1\junit-platform-commons-1.11.0-M1.jar;C:\Users\user\.m2\repository\org\apiguardian\apiguardian-api\1.1.2\apiguardian-api-1.1.2.jar;C:\Users\user\.m2\repository\org\junit\jupiter\junit-jupiter-params\5.11.0-M1\junit-jupiter-params-5.11.0-M1.jar;C:\Users\user\.m2\repository\org\junit\jupiter\junit-jupiter-engine\5.11.0-M1\junit-jupiter-engine-5.11.0-M1.jar;C:\Users\user\.m2\repository\org\junit\platform\junit-platform-engine\1.11.0-M1\junit-platform-engine-1.11.0-M1.jar;C:\Users\user\.m2\repository\org\hamcrest\hamcrest\2.2\hamcrest-2.2.jar;C:\Users\user\.m2\repository\org\mockito\mockito-core\4.11.0\mockito-core-4.11.0.jar;C:\Users\user\.m2\repository\net\bytebuddy\byte-buddy\1.12.19\byte-buddy-1.12.19.jar;C:\Users\user\.m2\repository\net\bytebuddy\byte-buddy-agent\1.12.19\byte-buddy-agent-1.12.19.jar;C:\Users\user\.m2\repository\org\objenesis\objenesis\3.3\objenesis-3.3.jar;C:\Users\user\.m2\repository\com\sun\mail\mailapi\2.0.1\mailapi-2.0.1.jar;C:\Users\user\.m2\repository\com\sun\activation\jakarta.activation\2.0.1\jakarta.activation-2.0.1.jar;C:\Users\user\.m2\repository\org\apache\logging\log4j\log4j-1.2-api\2.23.1\log4j-1.2-api-2.23.1.jar;C:\Users\user\.m2\repository\org\apache\logging\log4j\log4j-api\2.23.1\log4j-api-2.23.1.jar;C:\Users\user\.m2\repository\org\apache\logging\log4j\log4j-core\2.23.1\log4j-core-2.23.1.jar;C:\Users\user\.m2\repository\org\slf4j\slf4j-api\2.0.13\slf4j-api-2.0.13.jar;C:\Users\user\.m2\repository\org\slf4j\slf4j-ext\2.0.13\slf4j-ext-2.0.13.jar;C:\Users\user\.m2\repository\org\slf4j\slf4j-reload4j\2.0.13\slf4j-reload4j-2.0.13.jar;C:\Users\user\.m2\repository\ch\qos\reload4j\reload4j\1.2.22\reload4j-1.2.22.jar;C:\Users\user\.m2\repository\org\slf4j\slf4j-nop\2.0.13\slf4j-nop-2.0.13.jar;"/>
    <property name="java.vm.vendor" value="Oracle Corporation"/>
    <property name="sun.arch.data.model" value="64"/>
    <property name="user.variant" value=""/>
    <property name="java.vendor.url" value="http://java.oracle.com/"/>
    <property name="user.timezone" value="Europe/Athens"/>
    <property name="java.vm.specification.version" value="1.8"/>
    <property name="os.name" value="Windows 10"/>
    <property name="user.country" value="GR"/>
    <property name="sun.java.launcher" value="SUN_STANDARD"/>
    <property name="sun.boot.library.path" value="C:\Program Files\Java\jdk1.8.0_202\jre\bin"/>
    <property name="sun.java.command" value="C:\Users\user\AppData\Local\Temp\surefire918084158573933428\surefirebooter-20241012113549075_3.jar C:\Users\user\AppData\Local\Temp\surefire918084158573933428 2024-10-12T11-35-48_454-jvmRun1 surefire-20241012113549075_1tmp surefire_0-20241012113549075_2tmp"/>
    <property name="surefire.test.class.path" value="C:\Users\user\Code_generation_LLMs\AutoTestLab\packages\commons-configuration2-2.11.0-src\target\test-classes;C:\Users\user\Code_generation_LLMs\AutoTestLab\packages\commons-configuration2-2.11.0-src\target\classes;C:\Users\user\.m2\repository\org\apache\commons\commons-lang3\3.14.0\commons-lang3-3.14.0.jar;C:\Users\user\.m2\repository\org\apache\commons\commons-text\1.12.0\commons-text-1.12.0.jar;C:\Users\user\.m2\repository\commons-logging\commons-logging\1.3.2\commons-logging-1.3.2.jar;C:\Users\user\.m2\repository\commons-beanutils\commons-beanutils\1.9.4\commons-beanutils-1.9.4.jar;C:\Users\user\.m2\repository\commons-collections\commons-collections\3.2.2\commons-collections-3.2.2.jar;C:\Users\user\.m2\repository\commons-codec\commons-codec\1.17.0\commons-codec-1.17.0.jar;C:\Users\user\.m2\repository\org\apache\commons\commons-jexl\2.1.1\commons-jexl-2.1.1.jar;C:\Users\user\.m2\repository\org\apache\commons\commons-vfs2\2.9.0\commons-vfs2-2.9.0.jar;C:\Users\user\.m2\repository\org\apache\hadoop\hadoop-hdfs-client\3.3.1\hadoop-hdfs-client-3.3.1.jar;C:\Users\user\.m2\repository\com\squareup\okhttp\okhttp\2.7.5\okhttp-2.7.5.jar;C:\Users\user\.m2\repository\com\squareup\okio\okio\1.6.0\okio-1.6.0.jar;C:\Users\user\.m2\repository\commons-jxpath\commons-jxpath\1.3\commons-jxpath-1.3.jar;C:\Users\user\.m2\repository\xml-resolver\xml-resolver\1.2\xml-resolver-1.2.jar;C:\Users\user\.m2\repository\org\springframework\spring-core\5.3.35\spring-core-5.3.35.jar;C:\Users\user\.m2\repository\org\springframework\spring-beans\5.3.35\spring-beans-5.3.35.jar;C:\Users\user\.m2\repository\org\springframework\spring-context\5.3.35\spring-context-5.3.35.jar;C:\Users\user\.m2\repository\org\springframework\spring-aop\5.3.35\spring-aop-5.3.35.jar;C:\Users\user\.m2\repository\org\springframework\spring-expression\5.3.35\spring-expression-5.3.35.jar;C:\Users\user\.m2\repository\org\springframework\spring-test\5.3.35\spring-test-5.3.35.jar;C:\Users\user\.m2\repository\javax\servlet\servlet-api\2.5\servlet-api-2.5.jar;C:\Users\user\.m2\repository\org\yaml\snakeyaml\2.2\snakeyaml-2.2.jar;C:\Users\user\.m2\repository\com\fasterxml\jackson\core\jackson-databind\2.17.1\jackson-databind-2.17.1.jar;C:\Users\user\.m2\repository\com\fasterxml\jackson\core\jackson-annotations\2.17.1\jackson-annotations-2.17.1.jar;C:\Users\user\.m2\repository\com\fasterxml\jackson\core\jackson-core\2.17.1\jackson-core-2.17.1.jar;C:\Users\user\.m2\repository\org\apache\commons\commons-dbcp2\2.12.0\commons-dbcp2-2.12.0.jar;C:\Users\user\.m2\repository\jakarta\transaction\jakarta.transaction-api\1.3.3\jakarta.transaction-api-1.3.3.jar;C:\Users\user\.m2\repository\commons-io\commons-io\2.16.1\commons-io-2.16.1.jar;C:\Users\user\.m2\repository\org\apache\commons\commons-pool2\2.12.0\commons-pool2-2.12.0.jar;C:\Users\user\.m2\repository\org\hsqldb\hsqldb\2.5.2\hsqldb-2.5.2.jar;C:\Users\user\.m2\repository\org\dbunit\dbunit\2.7.3\dbunit-2.7.3.jar;C:\Users\user\.m2\repository\org\postgresql\postgresql\42.3.1\postgresql-42.3.1.jar;C:\Users\user\.m2\repository\org\checkerframework\checker-qual\3.5.0\checker-qual-3.5.0.jar;C:\Users\user\.m2\repository\com\oracle\database\jdbc\ojdbc8\19.3.0.0\ojdbc8-19.3.0.0.jar;C:\Users\user\.m2\repository\com\oracle\database\jdbc\ucp\19.3.0.0\ucp-19.3.0.0.jar;C:\Users\user\.m2\repository\com\oracle\database\security\oraclepki\19.3.0.0\oraclepki-19.3.0.0.jar;C:\Users\user\.m2\repository\com\oracle\database\security\osdt_cert\19.3.0.0\osdt_cert-19.3.0.0.jar;C:\Users\user\.m2\repository\com\oracle\database\security\osdt_core\19.3.0.0\osdt_core-19.3.0.0.jar;C:\Users\user\.m2\repository\com\oracle\database\ha\simplefan\19.3.0.0\simplefan-19.3.0.0.jar;C:\Users\user\.m2\repository\com\oracle\database\ha\ons\19.3.0.0\ons-19.3.0.0.jar;C:\Users\user\.m2\repository\org\junit\jupiter\junit-jupiter\5.11.0-M1\junit-jupiter-5.11.0-M1.jar;C:\Users\user\.m2\repository\org\junit\jupiter\junit-jupiter-api\5.11.0-M1\junit-jupiter-api-5.11.0-M1.jar;C:\Users\user\.m2\repository\org\opentest4j\opentest4j\1.3.0\opentest4j-1.3.0.jar;C:\Users\user\.m2\repository\org\junit\platform\junit-platform-commons\1.11.0-M1\junit-platform-commons-1.11.0-M1.jar;C:\Users\user\.m2\repository\org\apiguardian\apiguardian-api\1.1.2\apiguardian-api-1.1.2.jar;C:\Users\user\.m2\repository\org\junit\jupiter\junit-jupiter-params\5.11.0-M1\junit-jupiter-params-5.11.0-M1.jar;C:\Users\user\.m2\repository\org\junit\jupiter\junit-jupiter-engine\5.11.0-M1\junit-jupiter-engine-5.11.0-M1.jar;C:\Users\user\.m2\repository\org\junit\platform\junit-platform-engine\1.11.0-M1\junit-platform-engine-1.11.0-M1.jar;C:\Users\user\.m2\repository\org\hamcrest\hamcrest\2.2\hamcrest-2.2.jar;C:\Users\user\.m2\repository\org\mockito\mockito-core\4.11.0\mockito-core-4.11.0.jar;C:\Users\user\.m2\repository\net\bytebuddy\byte-buddy\1.12.19\byte-buddy-1.12.19.jar;C:\Users\user\.m2\repository\net\bytebuddy\byte-buddy-agent\1.12.19\byte-buddy-agent-1.12.19.jar;C:\Users\user\.m2\repository\org\objenesis\objenesis\3.3\objenesis-3.3.jar;C:\Users\user\.m2\repository\com\sun\mail\mailapi\2.0.1\mailapi-2.0.1.jar;C:\Users\user\.m2\repository\com\sun\activation\jakarta.activation\2.0.1\jakarta.activation-2.0.1.jar;C:\Users\user\.m2\repository\org\apache\logging\log4j\log4j-1.2-api\2.23.1\log4j-1.2-api-2.23.1.jar;C:\Users\user\.m2\repository\org\apache\logging\log4j\log4j-api\2.23.1\log4j-api-2.23.1.jar;C:\Users\user\.m2\repository\org\apache\logging\log4j\log4j-core\2.23.1\log4j-core-2.23.1.jar;C:\Users\user\.m2\repository\org\slf4j\slf4j-api\2.0.13\slf4j-api-2.0.13.jar;C:\Users\user\.m2\repository\org\slf4j\slf4j-ext\2.0.13\slf4j-ext-2.0.13.jar;C:\Users\user\.m2\repository\org\slf4j\slf4j-reload4j\2.0.13\slf4j-reload4j-2.0.13.jar;C:\Users\user\.m2\repository\ch\qos\reload4j\reload4j\1.2.22\reload4j-1.2.22.jar;C:\Users\user\.m2\repository\org\slf4j\slf4j-nop\2.0.13\slf4j-nop-2.0.13.jar;"/>
    <property name="sun.cpu.endian" value="little"/>
    <property name="user.home" value="C:\Users\user"/>
    <property name="user.language" value="el"/>
    <property name="java.specification.vendor" value="Oracle Corporation"/>
    <property name="java.home" value="C:\Program Files\Java\jdk1.8.0_202\jre"/>
    <property name="basedir" value="C:\Users\user\Code_generation_LLMs\AutoTestLab\packages\commons-configuration2-2.11.0-src"/>
    <property name="file.separator" value="\"/>
    <property name="line.separator" value="&#10;"/>
    <property name="java.vm.specification.vendor" value="Oracle Corporation"/>
    <property name="java.specification.name" value="Java Platform API Specification"/>
    <property name="java.awt.graphicsenv" value="sun.awt.Win32GraphicsEnvironment"/>
    <property name="java.awt.headless" value="true"/>
    <property name="surefire.real.class.path" value="C:\Users\user\AppData\Local\Temp\surefire918084158573933428\surefirebooter-20241012113549075_3.jar;C:\\Users\\user\\.m2\\repository\\org\\jacoco\\org.jacoco.agent\\0.8.12\\org.jacoco.agent-0.8.12-runtime.jar"/>
    <property name="sun.boot.class.path" value="C:\Program Files\Java\jdk1.8.0_202\jre\lib\resources.jar;C:\Program Files\Java\jdk1.8.0_202\jre\lib\rt.jar;C:\Program Files\Java\jdk1.8.0_202\jre\lib\sunrsasign.jar;C:\Program Files\Java\jdk1.8.0_202\jre\lib\jsse.jar;C:\Program Files\Java\jdk1.8.0_202\jre\lib\jce.jar;C:\Program Files\Java\jdk1.8.0_202\jre\lib\charsets.jar;C:\Program Files\Java\jdk1.8.0_202\jre\lib\jfr.jar;C:\Program Files\Java\jdk1.8.0_202\jre\classes"/>
    <property name="user.script" value=""/>
    <property name="sun.management.compiler" value="HotSpot 64-Bit Tiered Compilers"/>
    <property name="java.runtime.version" value="1.8.0_202-b08"/>
    <property name="java.naming.factory.initial" value="org.apache.commons.configuration2.MockInitialContextFactory"/>
    <property name="user.name" value="user"/>
    <property name="path.separator" value=";"/>
    <property name="os.version" value="10.0"/>
    <property name="java.endorsed.dirs" value="C:\Program Files\Java\jdk1.8.0_202\jre\lib\endorsed"/>
    <property name="java.runtime.name" value="Java(TM) SE Runtime Environment"/>
    <property name="file.encoding" value="Cp1253"/>
    <property name="java.vm.name" value="Java HotSpot(TM) 64-Bit Server VM"/>
    <property name="localRepository" value="C:\Users\user\.m2\repository"/>
    <property name="java.vendor.url.bug" value="http://bugreport.sun.com/bugreport/"/>
    <property name="java.io.tmpdir" value="C:\Users\user\AppData\Local\Temp\"/>
    <property name="java.version" value="1.8.0_202"/>
    <property name="user.dir" value="C:\Users\user\Code_generation_LLMs\AutoTestLab\packages\commons-configuration2-2.11.0-src"/>
    <property name="os.arch" value="amd64"/>
    <property name="java.vm.specification.name" value="Java Virtual Machine Specification"/>
    <property name="test_file_xml" value="test.xml"/>
    <property name="java.awt.printerjob" value="sun.awt.windows.WPrinterJob"/>
    <property name="sun.os.patch.level" value=""/>
    <property name="java.library.path" value="C:\Program Files\Java\jdk1.8.0_202\jre\bin;C:\WINDOWS\Sun\Java\bin;C:\WINDOWS\system32;C:\WINDOWS;C:\Users\user\miniconda3\envs\myenv;C:\Users\user\miniconda3\envs\myenv\Library\mingw-w64\bin;C:\Users\user\miniconda3\envs\myenv\Library\usr\bin;C:\Users\user\miniconda3\envs\myenv\Library\bin;C:\Users\user\miniconda3\envs\myenv\Scripts;C:\Users\user\miniconda3\envs\myenv\bin;C:\Program Files\NVIDIA\CUDNN\v9.0\bin;C:\Program Files\NVIDIA GPU Computing Toolkit\CUDA\v12.3\bin;C:\Program Files\NVIDIA GPU Computing Toolkit\CUDA\v12.3\libnvvp;C:\Program Files\Common Files\Oracle\Java\javapath;C:\Program Files (x86)\Common Files\Oracle\Java\java8path;C:\Program Files (x86)\Common Files\Oracle\Java\javapath;C:\WINDOWS\system32;C:\WINDOWS;C:\WINDOWS\System32\Wbem;C:\WINDOWS\System32\WindowsPowerShell\v1.0;C:\WINDOWS\System32\OpenSSH;C:\Program Files\Intel\WiFi\bin;C:\Program Files\Common Files\Intel\WirelessCommon;c:\Program Files (x86)\Intel\Intel(R) Management Engine Components\DAL;c:\Program Files\Intel\Intel(R) Management Engine Components\DAL;C:\Users\user\Desktop\Large Scale Data Management;C:\Program Files\Vagrant\bin;C:\Program Files\Git\cmd;C:\Program Files\apache-maven-3.9.6\bin;C:\Program Files\NVIDIA Corporation\Nsight Compute 2023.3.1;C:\Program Files (x86)\NVIDIA Corporation\PhysX\Common;C:\Program Files\NVIDIA Corporation\Installer2;C:\Program Files\nodejs;C:\Users\user\defects4j\framework\bin;C:\Program Files\Java\jdk1.8.0_202\bin;C:\Strawberry\c\bin;C:\Strawberry\perl\site\bin;C:\Strawberry\perl\bin;C:\Users\user\defects4j\framework\bin;C:\Windows\System32;C:\Program Files\TortoiseSVN\bin;C:\Program Files\Java\jdk1.8.0_202\bin;C:\Users\user\miniconda3\envs\ujb;C:\Users\user\miniconda3\envs\ujb\Library\mingw-w64\bin;C:\Users\user\miniconda3\envs\ujb\Library\usr\bin;C:\Users\user\miniconda3\envs\ujb\Library\bin;C:\Users\user\miniconda3\envs\ujb\Scripts;C:\Users\user\miniconda3\envs\ujb\bin;C:\Users\user\miniconda3\condabin;C:\Program Files\NVIDIA\CUDNN\v9.0\bin;C:\Program Files\NVIDIA GPU Computing Toolkit\CUDA\v12.3\bin;C:\Program Files\NVIDIA GPU Computing Toolkit\CUDA\v12.3\libnvvp;C:\Program Files\Common Files\Oracle\Java\javapath;C:\Program Files (x86)\Common Files\Oracle\Java\java8path;C:\Program Files (x86)\Common Files\Oracle\Java\javapath;C:\WINDOWS\system32;C:\WINDOWS;C:\WINDOWS\System32\Wbem;C:\WINDOWS\System32\WindowsPowerShell\v1.0;C:\WINDOWS\System32\OpenSSH;C:\Program Files\Intel\WiFi\bin;C:\Program Files\Common Files\Intel\WirelessCommon;c:\Program Files (x86)\Intel\Intel(R) Management Engine Components\DAL;c:\Program Files\Intel\Intel(R) Management Engine Components\DAL;C:\Users;C:\Users\user\AppData\Local\Programs\Microsoft VS Code\bin;."/>
    <property name="java.vm.info" value="mixed mode"/>
    <property name="java.vendor" value="Oracle Corporation"/>
    <property name="java.vm.version" value="25.202-b08"/>
    <property name="java.ext.dirs" value="C:\Program Files\Java\jdk1.8.0_202\jre\lib\ext;C:\WINDOWS\Sun\Java\lib\ext"/>
    <property name="sun.io.unicode.encoding" value="UnicodeLittle"/>
    <property name="org.apache.commons.logging.Log" value="org.apache.commons.configuration2.Logging"/>
    <property name="java.class.version" value="52.0"/>
    <property name="test_file_combine" value="testcombine1.xml"/>
  </properties>
  <testcase name="testLocateUnknownFile" classname="org.apache.commons.configuration2.io.TestFileHandler" time="0.005"/>
  <testcase name="testLoadFromFileNoContent" classname="org.apache.commons.configuration2.io.TestFileHandler" time="0.006"/>
  <testcase name="testSettingFileNames" classname="org.apache.commons.configuration2.io.TestFileHandler" time="0.001"/>
  <testcase name="testSaveToFileNameURLException" classname="org.apache.commons.configuration2.io.TestFileHandler" time="0.001"/>
  <testcase name="testLocationChangedEncoding" classname="org.apache.commons.configuration2.io.TestFileHandler" time="0.005"/>
  <testcase name="testSaveFileLocatorAwareToStream" classname="org.apache.commons.configuration2.io.TestFileHandler" time="0.002"/>
  <testcase name="testAssignNullHandler" classname="org.apache.commons.configuration2.io.TestFileHandler" time="0.005"/>
  <testcase name="testSaveFileLocatorAwareToWriter" classname="org.apache.commons.configuration2.io.TestFileHandler" time="0.002"/>
  <testcase name="testLoadFromURL" classname="org.apache.commons.configuration2.io.TestFileHandler" time="0.004"/>
  <testcase name="testSetFileSystemNull" classname="org.apache.commons.configuration2.io.TestFileHandler" time="0.003"/>
  <testcase name="testResetFileSystem" classname="org.apache.commons.configuration2.io.TestFileHandler" time="0.002"/>
  <testcase name="testSetURLFileScheme" classname="org.apache.commons.configuration2.io.TestFileHandler" time="0.004"/>
  <testcase name="testLocateSuccess" classname="org.apache.commons.configuration2.io.TestFileHandler" time="0.005"/>
  <testcase name="testLoadNoLocation" classname="org.apache.commons.configuration2.io.TestFileHandler" time="0.007"/>
  <testcase name="testGetFileSystemDefault" classname="org.apache.commons.configuration2.io.TestFileHandler" time="0.002"/>
  <testcase name="testSetFileLocator" classname="org.apache.commons.configuration2.io.TestFileHandler" time="0.003"/>
  <testcase name="testLoadEvents" classname="org.apache.commons.configuration2.io.TestFileHandler" time="0.003"/>
  <testcase name="testSetURLWithParams" classname="org.apache.commons.configuration2.io.TestFileHandler" time="0.058"/>
  <testcase name="testClearLocation" classname="org.apache.commons.configuration2.io.TestFileHandler" time="0.005"/>
  <testcase name="testLoadFileLocatorAware" classname="org.apache.commons.configuration2.io.TestFileHandler" time="0.005"/>
  <testcase name="testLocationChangedFileSystem" classname="org.apache.commons.configuration2.io.TestFileHandler" time="0.002"/>
  <testcase name="testPathWithPlus" classname="org.apache.commons.configuration2.io.TestFileHandler" time="0.006"/>
  <testcase name="testLocationChangedBasePath" classname="org.apache.commons.configuration2.io.TestFileHandler" time="0.001"/>
  <testcase name="testLoadInputStreamSupportIOException" classname="org.apache.commons.configuration2.io.TestFileHandler" time="0.027"/>
  <testcase name="testSetFileNameFileScheme" classname="org.apache.commons.configuration2.io.TestFileHandler" time="0.003"/>
  <testcase name="testSaveToStream" classname="org.apache.commons.configuration2.io.TestFileHandler" time="0.003"/>
  <testcase name="testSaveToWriter" classname="org.apache.commons.configuration2.io.TestFileHandler" time="0.003"/>
  <testcase name="testPathWithSpaces" classname="org.apache.commons.configuration2.io.TestFileHandler" time="0.007"/>
  <testcase name="testAssignWithFileBased" classname="org.apache.commons.configuration2.io.TestFileHandler" time="0.003"/>
  <testcase name="testSaveToWriterNoContent" classname="org.apache.commons.configuration2.io.TestFileHandler" time="0.002"/>
  <testcase name="testLoadDirectoryFile" classname="org.apache.commons.configuration2.io.TestFileHandler" time="0.002"/>
  <testcase name="testSetBasePath" classname="org.apache.commons.configuration2.io.TestFileHandler" time="0.004"/>
  <testcase name="testLoadFromFilePath" classname="org.apache.commons.configuration2.io.TestFileHandler" time="0.004"/>
  <testcase name="testLoadFileLocatorAwareReader" classname="org.apache.commons.configuration2.io.TestFileHandler" time="0.002"/>
  <testcase name="testLoadFileLocatorAwareStream" classname="org.apache.commons.configuration2.io.TestFileHandler" time="0.003"/>
  <testcase name="testIsLocationDefinedFalse" classname="org.apache.commons.configuration2.io.TestFileHandler" time="0.002"/>
  <testcase name="testLocationChangedFileName" classname="org.apache.commons.configuration2.io.TestFileHandler" time="0.002"/>
  <testcase name="testSaveEvents" classname="org.apache.commons.configuration2.io.TestFileHandler" time="0.004"/>
  <testcase name="testLoadInputStreamSupport" classname="org.apache.commons.configuration2.io.TestFileHandler" time="0.004"/>
  <testcase name="testSaveNoLocation" classname="org.apache.commons.configuration2.io.TestFileHandler" time="0.002"/>
  <testcase name="testInitFromMap" classname="org.apache.commons.configuration2.io.TestFileHandler" time="0.0"/>
  <testcase name="testLocationChangedLocator" classname="org.apache.commons.configuration2.io.TestFileHandler" time="0.004"/>
  <testcase name="testSaveSynchronized" classname="org.apache.commons.configuration2.io.TestFileHandler" time="0.008"/>
  <testcase name="testLoadNoContent" classname="org.apache.commons.configuration2.io.TestFileHandler" time="0.001"/>
  <testcase name="testSaveToFile" classname="org.apache.commons.configuration2.io.TestFileHandler" time="0.005"/>
  <testcase name="testLocateUndefinedLocator" classname="org.apache.commons.configuration2.io.TestFileHandler" time="0.002"/>
  <testcase name="testSetBasePathFileScheme" classname="org.apache.commons.configuration2.io.TestFileHandler" time="0.003"/>
  <testcase name="testLocatorAwareEncoding" classname="org.apache.commons.configuration2.io.TestFileHandler" time="0.001"/>
  <testcase name="testSaveToFileName" classname="org.apache.commons.configuration2.io.TestFileHandler" time="0.004"/>
  <testcase name="testSetFileName" classname="org.apache.commons.configuration2.io.TestFileHandler" time="0.002"/>
  <testcase name="testGetBasePathUndefined" classname="org.apache.commons.configuration2.io.TestFileHandler" time="0.003"/>
  <testcase name="testSaveToURL" classname="org.apache.commons.configuration2.io.TestFileHandler" time="0.006"/>
  <testcase name="testIsLocationDefinedFileName" classname="org.apache.commons.configuration2.io.TestFileHandler" time="0.003"/>
  <testcase name="testGetFileNameUndefined" classname="org.apache.commons.configuration2.io.TestFileHandler" time="0.003"/>
  <testcase name="testLocationChangedURL" classname="org.apache.commons.configuration2.io.TestFileHandler" time="0.016"/>
  <testcase name="testSaveToFileNameLocation" classname="org.apache.commons.configuration2.io.TestFileHandler" time="0.004"/>
  <testcase name="testLoadFromReaderIOException" classname="org.apache.commons.configuration2.io.TestFileHandler" time="0.004"/>
  <testcase name="testLoadFromFilePathWithURLDefined" classname="org.apache.commons.configuration2.io.TestFileHandler" time="0.005"/>
  <testcase name="testLoadFromFile" classname="org.apache.commons.configuration2.io.TestFileHandler" time="0.005"/>
  <testcase name="testSaveFileLocatorAware" classname="org.apache.commons.configuration2.io.TestFileHandler" time="0.004"/>
  <testcase name="testLoadFromClassPath" classname="org.apache.commons.configuration2.io.TestFileHandler" time="0.003"/>
  <testcase name="testSetURLNull" classname="org.apache.commons.configuration2.io.TestFileHandler" time="0.003"/>
  <testcase name="testGetLocationStrategyDefault" classname="org.apache.commons.configuration2.io.TestFileHandler" time="0.001"/>
  <testcase name="testLoadFromURLLocation" classname="org.apache.commons.configuration2.io.TestFileHandler" time="0.002"/>
  <testcase name="testIsLocationDefinedBasePathOnly" classname="org.apache.commons.configuration2.io.TestFileHandler" time="0.003"/>
  <testcase name="testIsLocationDefinedFile" classname="org.apache.commons.configuration2.io.TestFileHandler" time="0.003"/>
  <testcase name="testIsLocationDefinedPath" classname="org.apache.commons.configuration2.io.TestFileHandler" time="0.004"/>
  <testcase name="testLoadSynchronized" classname="org.apache.commons.configuration2.io.TestFileHandler" time="0.017"/>
  <testcase name="testLocationChangedFile" classname="org.apache.commons.configuration2.io.TestFileHandler" time="0.002"/>
  <testcase name="testLocationChangedPath" classname="org.apache.commons.configuration2.io.TestFileHandler" time="0.001"/>
  <testcase name="testSetLocationStrategy" classname="org.apache.commons.configuration2.io.TestFileHandler" time="0.004"/>
  <testcase name="testSetFileLocatorNull" classname="org.apache.commons.configuration2.io.TestFileHandler" time="0.003"/>
  <testcase name="testIsLocationDefinedURL" classname="org.apache.commons.configuration2.io.TestFileHandler" time="0.005"/>
  <testcase name="testSetFile" classname="org.apache.commons.configuration2.io.TestFileHandler" time="0.003"/>
  <testcase name="testSetPath" classname="org.apache.commons.configuration2.io.TestFileHandler" time="0.005"/>
  <testcase name="testSetURL" classname="org.apache.commons.configuration2.io.TestFileHandler" time="0.001"/>
  <testcase name="testLoadDirectoryString" classname="org.apache.commons.configuration2.io.TestFileHandler" time="0.009"/>
  <testcase name="testLoadFromReader" classname="org.apache.commons.configuration2.io.TestFileHandler" time="0.004"/>
  <testcase name="testInitPropertiesMultiThreaded" classname="org.apache.commons.configuration2.io.TestFileHandler" time="0.015"/>
  <testcase name="testSaveToWriterIOException" classname="org.apache.commons.configuration2.io.TestFileHandler" time="0.002"/>
  <testcase name="testLoadFromStream" classname="org.apache.commons.configuration2.io.TestFileHandler" time="0.007"/>
  <testcase name="testSaveToURLLocation" classname="org.apache.commons.configuration2.io.TestFileHandler" time="0.004"/>
  <testcase name="testAddFileHandlerListenerNull" classname="org.apache.commons.configuration2.io.TestFileHandler" time="0.003"/>
  <testcase name="testLoadFromFileNameLocation" classname="org.apache.commons.configuration2.io.TestFileHandler" time="0.006"/>
  <testcase name="testSaveToFileNameURLNotResolved" classname="org.apache.commons.configuration2.io.TestFileHandler" time="0.004"/>
</testsuite>